5156
1 0 27
2 86 1
1 1 10
2 1 2
1 1 75
2 2 2
1 1 69
2 3 2
1 2 64
2 4 1
1 2 15
2 5 1
1 1 31
2 6 2
1 2 14
2 7 1
1 1 61
2 8 2
1 1 92
2 9 2
2 46 1
1 1 59
2 10 2
2 58 1
1 1 48
2 11 2
1 1 59
2 12 2
2 52 1
1 1 56
2 13 2
1 2 78
2 14 1
1 1 65
2 15 2
1 2 69
2 16 1
1 1 74
2 17 2
1 1 68
2 18 2
1 1 13
2 19 2
1 2 41
2 20 1
1 2 1
2 21 1
2 89 1
1 1 28
2 22 2
2 72 1
1 1 46
2 23 2
1 2 26
2 24 1
1 2 29
2 25 1
1 1 22
2 26 2
1 1 60
2 27 2
1 1 45
2 28 2
2 71 1
1 1 53
2 29 2
1 1 28
2 30 2
1 1 72
2 31 2
1 1 72
2 32 2
1 2 61
2 33 1
1 1 82
2 34 2
1 2 21
2 35 1
2 78 1
1 1 53
2 36 2
1 1 37
2 37 2
1 1 48
2 38 2
2 56 1
1 1 78
2 39 2
2 51 1
1 1 84
2 40 2
1 2 49
2 41 1
1 2 40
2 42 1
1 1 48
2 43 2
1 2 59
2 44 1
1 2 55
2 45 1
1 1 8
2 46 2
1 2 73
2 47 1
1 2 78
2 48 1
1 2 92
2 49 1
1 1 32
2 50 2
1 2 10
2 51 1
1 2 67
2 52 1
1 2 70
2 53 1
2 61 1
1 1 88
2 54 2
1 2 32
2 55 1
1 1 15
2 56 2
1 1 14
2 57 2
1 2 76
2 58 1
1 2 29
2 59 1
1 2 74
2 60 1
1 1 26
2 61 2
1 2 3
2 62 1
2 87 1
1 1 71
2 63 2
1 1 63
2 64 2
2 73 1
1 1 87
2 65 2
1 2 59
2 66 1
2 68 1
1 1 94
2 67 2
1 1 65
2 68 2
1 2 94
2 69 1
1 1 6
2 70 2
1 1 91
2 71 2
1 1 9
2 72 2
1 2 68
2 73 1
2 78 1
1 1 91
2 74 2
1 1 67
2 75 2
1 1 21
2 76 2
1 1 82
2 77 2
1 1 7
2 78 2
1 2 69
2 79 1
1 1 17
2 80 2
1 2 22
2 81 1
1 2 7
2 82 1
1 2 30
2 83 1
1 2 12
2 84 1
1 2 80
2 85 1
1 2 64
2 86 1
1 1 37
2 87 2
1 2 83
2 88 1
2 92 1
1 1 92
2 89 2
1 1 2
2 90 2
1 2 77
2 91 1
1 1 32
2 92 2
1 1 70
2 93 2
1 2 26
2 94 1
2 0 1
1 2 93
2 0 2
1 1 66
2 1 2
1 1 29
2 1 1
2 2 1
1 2 49
2 2 2
1 1 87
2 3 2
1 1 8
2 3 1
1 1 42
2 4 2
1 1 53
2 4 1
2 5 1
1 2 51
2 5 2
1 1 88
2 6 2
1 1 7
2 6 1
2 7 1
1 2 39
2 7 2
1 1 36
2 8 2
1 1 59
2 8 1
2 9 1
1 2 3
2 9 2
1 1 20
2 10 2
1 1 75
2 10 1
1 1 40
2 11 2
1 1 55
2 11 1
1 1 71
2 12 2
1 1 24
2 12 1
2 13 1
1 2 76
2 13 2
2 14 1
1 2 27
2 14 2
1 2 94
2 15 1
1 2 1
2 15 2
2 16 1
1 2 79
2 16 2
2 17 1
1 2 32
2 17 2
2 18 1
1 2 8
2 18 2
1 1 63
2 19 2
1 1 32
2 19 1
1 1 57
2 20 2
1 1 38
2 20 1
2 21 1
1 2 82
2 21 2
1 1 30
2 22 2
1 1 65
2 22 1
2 23 1
1 2 32
2 23 2
1 1 46
2 24 2
1 1 49
2 24 1
2 25 1
1 2 56
2 25 2
2 26 1
1 2 71
2 26 2
2 27 1
1 2 56
2 27 2
2 28 1
1 2 30
2 28 2
2 29 1
1 2 45
2 29 2
1 1 76
2 30 2
1 1 19
2 30 1
2 31 1
1 2 59
2 31 2
1 1 57
2 32 2
1 1 38
2 32 1
2 33 1
1 2 90
2 33 2
1 1 85
2 34 2
1 1 10
2 34 1
2 35 1
1 2 32
2 35 2
2 36 1
1 2 32
2 36 2
2 37 1
1 2 68
2 37 2
2 38 1
1 2 32
2 38 2
1 1 92
2 39 2
1 1 3
2 39 1
2 40 1
1 2 48
2 40 2
2 41 1
1 2 90
2 41 2
2 42 1
1 2 69
2 42 2
1 2 94
2 43 1
1 2 1
2 43 2
2 44 1
1 2 50
2 44 2
2 45 1
1 2 62
2 45 2
1 1 60
2 46 2
1 1 35
2 46 1
1 1 59
2 47 2
1 1 36
2 47 1
2 48 1
1 2 78
2 48 2
2 49 1
1 2 63
2 49 2
2 50 1
1 2 65
2 50 2
2 51 1
1 2 26
2 51 2
2 52 1
1 2 43
2 52 2
2 53 1
1 2 42
2 53 2
1 1 87
2 54 2
1 1 8
2 54 1
1 1 72
2 55 2
1 1 23
2 55 1
2 56 1
1 2 50
2 56 2
2 57 1
1 2 2
2 57 2
2 58 1
1 2 79
2 58 2
2 59 1
1 2 75
2 59 2
2 60 1
1 2 9
2 60 2
2 61 1
1 2 49
2 61 2
2 62 1
1 2 66
2 62 2
2 63 1
1 2 73
2 63 2
2 64 1
1 2 69
2 64 2
2 65 1
1 2 40
2 65 2
2 66 1
1 2 76
2 66 2
1 1 89
2 67 2
1 1 6
2 67 1
2 68 1
1 2 30
2 68 2
1 1 72
2 69 2
1 1 23
2 69 1
2 70 1
1 2 84
2 70 2
2 71 1
1 2 62
2 71 2
2 72 1
1 2 65
2 72 2
2 73 1
1 2 58
2 73 2
2 74 1
1 2 13
2 74 2
2 75 1
1 2 29
2 75 2
2 76 1
1 2 90
2 76 2
2 77 1
1 2 11
2 77 2
2 78 1
1 2 64
2 78 2
2 79 1
1 2 75
2 79 2
1 1 85
2 80 2
1 1 10
2 80 1
1 1 87
2 81 2
1 1 8
2 81 1
2 82 1
1 2 23
2 82 2
2 83 1
1 2 29
2 83 2
2 84 1
1 2 2
2 84 2
2 85 1
1 2 67
2 85 2
1 1 92
2 86 2
1 1 3
2 86 1
2 87 1
1 2 53
2 87 2
2 88 1
1 2 51
2 88 2
2 89 1
1 2 18
2 89 2
2 90 1
1 2 20
2 90 2
2 91 1
1 2 23
2 91 2
2 92 1
1 2 36
2 92 2
2 93 1
1 2 88
2 93 2
2 94 1
1 2 29
2 94 2
1 2 64
2 1 2
1 2 94
2 1 1
1 2 94
2 1 2
1 2 94
2 1 1
1 2 94
2 1 2
1 2 94
2 1 1
1 2 94
2 1 2
1 2 94
2 1 1
1 2 94
2 1 2
1 2 94
2 1 1
1 2 94
2 1 2
1 2 94
2 1 1
1 2 94
2 1 2
1 2 94
2 1 1
1 2 94
2 1 2
1 2 94
2 1 1
1 2 94
2 1 2
1 2 94
2 1 1
1 2 94
2 1 2
1 2 94
2 1 1
1 2 94
2 1 2
1 2 94
2 1 1
1 2 94
2 1 2
1 2 94
2 1 1
1 2 94
2 1 2
1 2 94
2 1 1
1 2 94
2 1 2
1 2 94
2 1 1
1 2 94
2 1 2
1 2 94
2 1 1
1 2 94
2 1 2
1 2 94
2 1 1
1 2 94
2 1 2
1 2 94
2 1 1
1 2 94
2 1 2
1 2 94
2 1 1
1 2 94
2 1 2
1 2 94
2 1 1
1 2 94
2 1 2
1 2 94
2 1 1
1 2 94
2 1 2
1 2 94
2 1 1
1 2 94
2 1 2
1 2 94
2 1 1
1 2 94
2 1 2
1 2 94
2 1 1
1 2 94
2 1 2
1 2 94
2 1 1
1 2 94
2 1 2
1 2 94
2 1 1
1 2 94
2 1 2
1 2 94
2 1 1
1 2 94
2 1 2
1 2 94
2 1 1
1 2 94
2 1 2
1 2 94
2 1 1
1 2 94
2 1 2
1 2 94
2 1 1
1 2 94
2 1 2
1 2 94
2 1 1
1 2 94
2 1 2
1 2 94
2 1 1
1 2 94
2 1 2
1 2 94
2 1 1
1 2 94
2 1 2
1 2 94
2 1 1
1 2 94
2 1 2
1 2 94
2 1 1
1 2 94
2 1 2
1 2 68
2 1 1
2 2 2
1 2 94
2 2 1
1 2 94
2 2 2
1 2 94
2 2 1
1 2 94
2 2 2
1 2 94
2 2 1
1 2 94
2 2 2
1 2 94
2 2 1
1 2 94
2 2 2
1 2 94
2 2 1
1 2 94
2 2 2
1 2 94
2 2 1
1 2 94
2 2 2
1 2 94
2 2 1
1 2 94
2 2 2
1 2 94
2 2 1
1 2 94
2 2 2
1 2 94
2 2 1
1 2 94
2 2 2
1 2 94
2 2 1
1 2 94
2 2 2
1 2 94
2 2 1
1 2 94
2 2 2
1 2 94
2 2 1
1 2 94
2 2 2
1 2 94
2 2 1
1 2 94
2 2 2
1 2 94
2 2 1
1 2 94
2 2 2
1 2 94
2 2 1
1 2 94
2 2 2
1 2 94
2 2 1
1 2 94
2 2 2
1 2 94
2 2 1
1 2 94
2 2 2
1 2 94
2 2 1
1 2 94
2 2 2
1 2 94
2 2 1
1 2 94
2 2 2
1 2 94
2 2 1
1 2 94
2 2 2
1 2 94
2 2 1
1 2 94
2 2 2
1 2 94
2 2 1
1 2 94
2 2 2
1 2 94
2 2 1
1 2 94
2 2 2
1 2 94
2 2 1
1 2 94
2 2 2
1 2 94
2 2 1
1 2 94
2 2 2
1 2 94
2 2 1
1 2 94
2 2 2
1 2 94
2 2 1
1 2 94
2 2 2
1 2 94
2 2 1
1 2 94
2 2 2
1 2 56
2 2 1
2 4 2
1 2 94
2 4 1
1 2 94
2 4 2
1 2 94
2 4 1
1 2 94
2 4 2
1 2 94
2 4 1
1 2 94
2 4 2
1 2 94
2 4 1
1 2 94
2 4 2
1 2 94
2 4 1
1 2 94
2 4 2
1 2 94
2 4 1
1 2 94
2 4 2
1 2 94
2 4 1
1 2 94
2 4 2
1 2 94
2 4 1
1 2 94
2 4 2
1 2 94
2 4 1
1 2 94
2 4 2
1 2 94
2 4 1
1 2 94
2 4 2
1 2 94
2 4 1
1 2 94
2 4 2
1 2 94
2 4 1
1 2 94
2 4 2
1 2 94
2 4 1
1 2 94
2 4 2
1 2 94
2 4 1
1 2 94
2 4 2
1 2 94
2 4 1
1 2 94
2 4 2
1 2 94
2 4 1
1 2 94
2 4 2
1 2 94
2 4 1
1 2 94
2 4 2
1 2 94
2 4 1
1 2 94
2 4 2
1 2 94
2 4 1
1 2 94
2 4 2
1 2 94
2 4 1
1 2 94
2 4 2
1 2 94
2 4 1
1 2 94
2 4 2
1 2 94
2 4 1
1 2 94
2 4 2
1 2 94
2 4 1
1 2 94
2 4 2
1 2 94
2 4 1
1 2 94
2 4 2
1 2 94
2 4 1
1 2 94
2 4 2
1 2 94
2 4 1
1 2 94
2 4 2
1 2 94
2 4 1
1 2 94
2 4 2
1 2 94
2 4 1
1 2 94
2 4 2
1 2 94
2 4 1
1 2 94
2 4 2
1 2 94
2 4 1
1 2 94
2 4 2
1 2 60
2 4 1
2 3 2
1 2 93
2 3 1
1 2 1
2 3 2
1 2 1
2 3 1
2 4 2
1 2 94
2 4 1
1 2 94
2 4 2
1 2 2
2 4 1
2 6 2
1 2 94
2 6 1
1 2 94
2 6 2
1 2 94
2 6 1
1 2 94
2 6 2
1 2 94
2 6 1
1 2 94
2 6 2
1 2 94
2 6 1
1 2 94
2 6 2
1 2 94
2 6 1
1 2 94
2 6 2
1 2 94
2 6 1
1 2 94
2 6 2
1 2 12
2 6 1
2 5 2
1 2 93
2 5 1
1 2 1
2 5 2
1 2 1
2 5 1
2 7 2
1 2 94
2 7 1
1 2 94
2 7 2
1 2 94
2 7 1
1 2 94
2 7 2
1 2 94
2 7 1
1 2 94
2 7 2
1 2 94
2 7 1
1 2 94
2 7 2
1 2 94
2 7 1
1 2 94
2 7 2
1 2 94
2 7 1
1 2 94
2 7 2
1 2 94
2 7 1
1 2 94
2 7 2
1 2 94
2 7 1
1 2 94
2 7 2
1 2 94
2 7 1
1 2 94
2 7 2
1 2 94
2 7 1
1 2 94
2 7 2
1 2 94
2 7 1
1 2 94
2 7 2
1 2 94
2 7 1
1 2 94
2 7 2
1 2 94
2 7 1
1 2 94
2 7 2
1 2 94
2 7 1
1 2 94
2 7 2
1 2 94
2 7 1
1 2 94
2 7 2
1 2 94
2 7 1
1 2 94
2 7 2
1 2 94
2 7 1
1 2 94
2 7 2
1 2 94
2 7 1
1 2 94
2 7 2
1 2 94
2 7 1
1 2 94
2 7 2
1 2 94
2 7 1
1 2 94
2 7 2
1 2 94
2 7 1
1 2 94
2 7 2
1 2 94
2 7 1
1 2 94
2 7 2
1 2 94
2 7 1
1 2 94
2 7 2
1 2 94
2 7 1
1 2 94
2 7 2
1 2 94
2 7 1
1 2 94
2 7 2
1 2 94
2 7 1
1 2 94
2 7 2
1 2 94
2 7 1
1 2 94
2 7 2
1 2 94
2 7 1
1 2 94
2 7 2
1 2 94
2 7 1
1 2 94
2 7 2
1 2 94
2 7 1
1 2 94
2 7 2
1 2 94
2 7 1
1 2 94
2 7 2
1 2 62
2 7 1
2 6 2
1 2 93
2 6 1
1 2 1
2 6 2
1 2 1
2 6 1
2 7 2
1 2 94
2 7 1
1 2 94
2 7 2
1 2 94
2 7 1
1 2 94
2 7 2
1 2 94
2 7 1
1 2 94
2 7 2
1 2 94
2 7 1
1 2 94
2 7 2
1 2 94
2 7 1
1 2 94
2 7 2
1 2 94
2 7 1
1 2 94
2 7 2
1 2 94
2 7 1
1 2 94
2 7 2
1 2 94
2 7 1
1 2 94
2 7 2
1 2 94
2 7 1
1 2 94
2 7 2
1 2 94
2 7 1
1 2 94
2 7 2
1 2 94
2 7 1
1 2 94
2 7 2
1 2 94
2 7 1
1 2 94
2 7 2
1 2 94
2 7 1
1 2 94
2 7 2
1 2 94
2 7 1
1 2 94
2 7 2
1 2 94
2 7 1
1 2 94
2 7 2
1 2 94
2 7 1
1 2 94
2 7 2
1 2 94
2 7 1
1 2 94
2 7 2
1 2 94
2 7 1
1 2 94
2 7 2
1 2 94
2 7 1
1 2 94
2 7 2
1 2 94
2 7 1
1 2 94
2 7 2
1 2 94
2 7 1
1 2 94
2 7 2
1 2 94
2 7 1
1 2 94
2 7 2
1 2 94
2 7 1
1 2 94
2 7 2
1 2 94
2 7 1
1 2 94
2 7 2
1 2 94
2 7 1
1 2 94
2 7 2
1 2 94
2 7 1
1 2 94
2 7 2
1 2 94
2 7 1
1 2 94
2 7 2
1 2 94
2 7 1
1 2 94
2 7 2
1 2 94
2 7 1
1 2 94
2 7 2
1 2 94
2 7 1
1 2 94
2 7 2
1 2 94
2 7 1
1 2 94
2 7 2
1 2 94
2 7 1
1 2 94
2 7 2
1 2 94
2 7 1
1 2 94
2 7 2
1 2 94
2 7 1
1 2 94
2 7 2
1 2 94
2 7 1
1 2 94
2 7 2
1 2 70
2 7 1
2 8 2
1 2 94
2 8 1
1 2 94
2 8 2
1 2 94
2 8 1
1 2 94
2 8 2
1 2 94
2 8 1
1 2 94
2 8 2
1 2 94
2 8 1
1 2 94
2 8 2
1 2 94
2 8 1
1 2 94
2 8 2
1 2 94
2 8 1
1 2 94
2 8 2
1 2 94
2 8 1
1 2 94
2 8 2
1 2 94
2 8 1
1 2 94
2 8 2
1 2 94
2 8 1
1 2 94
2 8 2
1 2 94
2 8 1
1 2 94
2 8 2
1 2 94
2 8 1
1 2 94
2 8 2
1 2 94
2 8 1
1 2 94
2 8 2
1 2 94
2 8 1
1 2 94
2 8 2
1 2 94
2 8 1
1 2 94
2 8 2
1 2 94
2 8 1
1 2 94
2 8 2
1 2 94
2 8 1
1 2 94
2 8 2
1 2 94
2 8 1
1 2 94
2 8 2
1 2 94
2 8 1
1 2 94
2 8 2
1 2 94
2 8 1
1 2 94
2 8 2
1 2 94
2 8 1
1 2 94
2 8 2
1 2 94
2 8 1
1 2 94
2 8 2
1 2 94
2 8 1
1 2 94
2 8 2
1 2 94
2 8 1
1 2 94
2 8 2
1 2 94
2 8 1
1 2 94
2 8 2
1 2 94
2 8 1
1 2 94
2 8 2
1 2 94
2 8 1
1 2 94
2 8 2
1 2 94
2 8 1
1 2 94
2 8 2
1 2 94
2 8 1
1 2 94
2 8 2
1 2 94
2 8 1
1 2 94
2 8 2
1 2 94
2 8 1
1 2 94
2 8 2
1 2 94
2 8 1
1 2 94
2 8 2
1 2 94
2 8 1
1 2 94
2 8 2
1 2 94
2 8 1
1 2 94
2 8 2
1 2 94
2 8 1
1 2 94
2 8 2
1 2 94
2 8 1
1 2 94
2 8 2
1 2 94
2 8 1
1 2 94
2 8 2
1 2 94
2 8 1
1 2 94
2 8 2
1 2 94
2 8 1
1 2 94
2 8 2
1 2 94
2 8 1
1 2 94
2 8 2
1 2 94
2 8 1
1 2 94
2 8 2
1 2 94
2 8 1
1 2 94
2 8 2
1 2 94
2 8 1
1 2 94
2 8 2
1 2 84
2 8 1
2 10 2
1 2 94
2 10 1
1 2 94
2 10 2
1 2 94
2 10 1
1 2 94
2 10 2
1 2 94
2 10 1
1 2 94
2 10 2
1 2 94
2 10 1
1 2 94
2 10 2
1 2 94
2 10 1
1 2 94
2 10 2
1 2 94
2 10 1
1 2 94
2 10 2
1 2 94
2 10 1
1 2 94
2 10 2
1 2 94
2 10 1
1 2 94
2 10 2
1 2 94
2 10 1
1 2 94
2 10 2
1 2 94
2 10 1
1 2 94
2 10 2
1 2 94
2 10 1
1 2 94
2 10 2
1 2 94
2 10 1
1 2 94
2 10 2
1 2 94
2 10 1
1 2 94
2 10 2
1 2 94
2 10 1
1 2 94
2 10 2
1 2 94
2 10 1
1 2 94
2 10 2
1 2 94
2 10 1
1 2 94
2 10 2
1 2 94
2 10 1
1 2 94
2 10 2
1 2 94
2 10 1
1 2 94
2 10 2
1 2 94
2 10 1
1 2 94
2 10 2
1 2 94
2 10 1
1 2 94
2 10 2
1 2 94
2 10 1
1 2 94
2 10 2
1 2 94
2 10 1
1 2 94
2 10 2
1 2 94
2 10 1
1 2 94
2 10 2
1 2 94
2 10 1
1 2 94
2 10 2
1 2 94
2 10 1
1 2 94
2 10 2
1 2 94
2 10 1
1 2 94
2 10 2
1 2 94
2 10 1
1 2 94
2 10 2
1 2 54
2 10 1
2 9 2
1 2 93
2 9 1
1 2 1
2 9 2
1 2 1
2 9 1
2 11 2
1 2 94
2 11 1
1 2 94
2 11 2
1 2 94
2 11 1
1 2 94
2 11 2
1 2 94
2 11 1
1 2 94
2 11 2
1 2 94
2 11 1
1 2 94
2 11 2
1 2 94
2 11 1
1 2 94
2 11 2
1 2 94
2 11 1
1 2 94
2 11 2
1 2 94
2 11 1
1 2 94
2 11 2
1 2 94
2 11 1
1 2 94
2 11 2
1 2 94
2 11 1
1 2 94
2 11 2
1 2 94
2 11 1
1 2 94
2 11 2
1 2 94
2 11 1
1 2 94
2 11 2
1 2 94
2 11 1
1 2 94
2 11 2
1 2 94
2 11 1
1 2 94
2 11 2
1 2 94
2 11 1
1 2 94
2 11 2
1 2 94
2 11 1
1 2 94
2 11 2
1 2 94
2 11 1
1 2 94
2 11 2
1 2 94
2 11 1
1 2 94
2 11 2
1 2 94
2 11 1
1 2 94
2 11 2
1 2 94
2 11 1
1 2 94
2 11 2
1 2 94
2 11 1
1 2 94
2 11 2
1 2 94
2 11 1
1 2 94
2 11 2
1 2 94
2 11 1
1 2 94
2 11 2
1 2 94
2 11 1
1 2 94
2 11 2
1 2 94
2 11 1
1 2 94
2 11 2
1 2 94
2 11 1
1 2 94
2 11 2
1 2 94
2 11 1
1 2 94
2 11 2
1 2 94
2 11 1
1 2 94
2 11 2
1 2 94
2 11 1
1 2 94
2 11 2
1 2 94
2 11 1
1 2 94
2 11 2
1 2 58
2 11 1
2 10 2
1 2 93
2 10 1
1 2 1
2 10 2
1 2 1
2 10 1
2 12 2
1 2 94
2 12 1
1 2 94
2 12 2
1 2 2
2 12 1
2 11 2
1 2 93
2 11 1
1 2 1
2 11 2
1 2 1
2 11 1
2 12 2
1 2 94
2 12 1
1 2 94
2 12 2
1 2 94
2 12 1
1 2 94
2 12 2
1 2 94
2 12 1
1 2 94
2 12 2
1 2 94
2 12 1
1 2 94
2 12 2
1 2 94
2 12 1
1 2 94
2 12 2
1 2 94
2 12 1
1 2 94
2 12 2
1 2 94
2 12 1
1 2 94
2 12 2
1 2 94
2 12 1
1 2 94
2 12 2
1 2 94
2 12 1
1 2 94
2 12 2
1 2 94
2 12 1
1 2 94
2 12 2
1 2 94
2 12 1
1 2 94
2 12 2
1 2 94
2 12 1
1 2 94
2 12 2
1 2 94
2 12 1
1 2 94
2 12 2
1 2 94
2 12 1
1 2 94
2 12 2
1 2 94
2 12 1
1 2 94
2 12 2
1 2 94
2 12 1
1 2 94
2 12 2
1 2 94
2 12 1
1 2 94
2 12 2
1 2 94
2 12 1
1 2 94
2 12 2
1 2 94
2 12 1
1 2 94
2 12 2
1 2 94
2 12 1
1 2 94
2 12 2
1 2 94
2 12 1
1 2 94
2 12 2
1 2 94
2 12 1
1 2 94
2 12 2
1 2 94
2 12 1
1 2 94
2 12 2
1 2 94
2 12 1
1 2 94
2 12 2
1 2 94
2 12 1
1 2 94
2 12 2
1 2 50
2 12 1
2 14 2
1 2 94
2 14 1
1 2 94
2 14 2
1 2 94
2 14 1
1 2 94
2 14 2
1 2 94
2 14 1
1 2 94
2 14 2
1 2 94
2 14 1
1 2 94
2 14 2
1 2 94
2 14 1
1 2 94
2 14 2
1 2 94
2 14 1
1 2 94
2 14 2
1 2 94
2 14 1
1 2 94
2 14 2
1 2 94
2 14 1
1 2 94
2 14 2
1 2 94
2 14 1
1 2 94
2 14 2
1 2 94
2 14 1
1 2 94
2 14 2
1 2 94
2 14 1
1 2 94
2 14 2
1 2 94
2 14 1
1 2 94
2 14 2
1 2 94
2 14 1
1 2 94
2 14 2
1 2 94
2 14 1
1 2 94
2 14 2
1 2 94
2 14 1
1 2 94
2 14 2
1 2 94
2 14 1
1 2 94
2 14 2
1 2 94
2 14 1
1 2 94
2 14 2
1 2 94
2 14 1
1 2 94
2 14 2
1 2 94
2 14 1
1 2 94
2 14 2
1 2 94
2 14 1
1 2 94
2 14 2
1 2 94
2 14 1
1 2 94
2 14 2
1 2 42
2 14 1
2 13 2
1 2 93
2 13 1
1 2 1
2 13 2
1 2 1
2 13 1
2 15 2
1 2 94
2 15 1
1 2 94
2 15 2
1 2 94
2 15 1
1 2 94
2 15 2
1 2 94
2 15 1
1 2 94
2 15 2
1 2 94
2 15 1
1 2 94
2 15 2
1 2 94
2 15 1
1 2 94
2 15 2
1 2 94
2 15 1
1 2 94
2 15 2
1 2 94
2 15 1
1 2 94
2 15 2
1 2 94
2 15 1
1 2 94
2 15 2
1 2 94
2 15 1
1 2 94
2 15 2
1 2 94
2 15 1
1 2 94
2 15 2
1 2 94
2 15 1
1 2 94
2 15 2
1 2 22
2 15 1
2 14 2
1 2 93
2 14 1
1 2 1
2 14 2
1 2 1
2 14 1
2 15 2
1 2 94
2 15 1
1 2 94
2 15 2
1 2 94
2 15 1
1 2 94
2 15 2
1 2 94
2 15 1
1 2 94
2 15 2
1 2 94
2 15 1
1 2 94
2 15 2
1 2 94
2 15 1
1 2 94
2 15 2
1 2 94
2 15 1
1 2 94
2 15 2
1 2 94
2 15 1
1 2 94
2 15 2
1 2 94
2 15 1
1 2 94
2 15 2
1 2 94
2 15 1
1 2 94
2 15 2
1 2 94
2 15 1
1 2 94
2 15 2
1 2 94
2 15 1
1 2 94
2 15 2
1 2 94
2 15 1
1 2 94
2 15 2
1 2 24
2 15 1
2 17 2
1 2 94
2 17 1
1 2 94
2 17 2
1 2 94
2 17 1
1 2 94
2 17 2
1 2 94
2 17 1
1 2 94
2 17 2
1 2 94
2 17 1
1 2 94
2 17 2
1 2 94
2 17 1
1 2 94
2 17 2
1 2 94
2 17 1
1 2 94
2 17 2
1 2 94
2 17 1
1 2 94
2 17 2
1 2 94
2 17 1
1 2 94
2 17 2
1 2 94
2 17 1
1 2 94
2 17 2
1 2 94
2 17 1
1 2 94
2 17 2
1 2 94
2 17 1
1 2 94
2 17 2
1 2 94
2 17 1
1 2 94
2 17 2
1 2 94
2 17 1
1 2 94
2 17 2
1 2 94
2 17 1
1 2 94
2 17 2
1 2 94
2 17 1
1 2 94
2 17 2
1 2 94
2 17 1
1 2 94
2 17 2
1 2 94
2 17 1
1 2 94
2 17 2
1 2 94
2 17 1
1 2 94
2 17 2
1 2 94
2 17 1
1 2 94
2 17 2
1 2 94
2 17 1
1 2 94
2 17 2
1 2 94
2 17 1
1 2 94
2 17 2
1 2 42
2 17 1
2 16 2
1 2 93
2 16 1
1 2 1
2 16 2
1 2 1
2 16 1
2 18 2
1 2 94
2 18 1
1 2 94
2 18 2
1 2 94
2 18 1
1 2 94
2 18 2
1 2 94
2 18 1
1 2 94
2 18 2
1 2 94
2 18 1
1 2 94
2 18 2
1 2 94
2 18 1
1 2 94
2 18 2
1 2 94
2 18 1
1 2 94
2 18 2
1 2 94
2 18 1
1 2 94
2 18 2
1 2 94
2 18 1
1 2 94
2 18 2
1 2 94
2 18 1
1 2 94
2 18 2
1 2 94
2 18 1
1 2 94
2 18 2
1 2 94
2 18 1
1 2 94
2 18 2
1 2 94
2 18 1
1 2 94
2 18 2
1 2 94
2 18 1
1 2 94
2 18 2
1 2 94
2 18 1
1 2 94
2 18 2
1 2 94
2 18 1
1 2 94
2 18 2
1 2 94
2 18 1
1 2 94
2 18 2
1 2 94
2 18 1
1 2 94
2 18 2
1 2 94
2 18 1
1 2 94
2 18 2
1 2 94
2 18 1
1 2 94
2 18 2
1 2 94
2 18 1
1 2 94
2 18 2
1 2 94
2 18 1
1 2 94
2 18 2
1 2 94
2 18 1
1 2 94
2 18 2
1 2 94
2 18 1
1 2 94
2 18 2
1 2 94
2 18 1
1 2 94
2 18 2
1 2 94
2 18 1
1 2 94
2 18 2
1 2 94
2 18 1
1 2 94
2 18 2
1 2 94
2 18 1
1 2 94
2 18 2
1 2 94
2 18 1
1 2 94
2 18 2
1 2 94
2 18 1
1 2 94
2 18 2
1 2 94
2 18 1
1 2 94
2 18 2
1 2 94
2 18 1
1 2 94
2 18 2
1 2 94
2 18 1
1 2 94
2 18 2
1 2 94
2 18 1
1 2 94
2 18 2
1 2 66
2 18 1
2 17 2
1 2 93
2 17 1
1 2 1
2 17 2
1 2 1
2 17 1
2 18 2
1 2 94
2 18 1
1 2 94
2 18 2
1 2 94
2 18 1
1 2 94
2 18 2
1 2 94
2 18 1
1 2 94
2 18 2
1 2 94
2 18 1
1 2 94
2 18 2
1 2 94
2 18 1
1 2 94
2 18 2
1 2 94
2 18 1
1 2 94
2 18 2
1 2 94
2 18 1
1 2 94
2 18 2
1 2 94
2 18 1
1 2 94
2 18 2
1 2 94
2 18 1
1 2 94
2 18 2
1 2 94
2 18 1
1 2 94
2 18 2
1 2 94
2 18 1
1 2 94
2 18 2
1 2 94
2 18 1
1 2 94
2 18 2
1 2 94
2 18 1
1 2 94
2 18 2
1 2 94
2 18 1
1 2 94
2 18 2
1 2 94
2 18 1
1 2 94
2 18 2
1 2 94
2 18 1
1 2 94
2 18 2
1 2 94
2 18 1
1 2 94
2 18 2
1 2 34
2 18 1
2 19 2
1 2 94
2 19 1
1 2 94
2 19 2
1 2 94
2 19 1
1 2 94
2 19 2
1 2 94
2 19 1
1 2 94
2 19 2
1 2 94
2 19 1
1 2 94
2 19 2
1 2 94
2 19 1
1 2 94
2 19 2
1 2 10
2 19 1
2 20 2
1 2 94
2 20 1
1 2 94
2 20 2
1 2 94
2 20 1
1 2 94
2 20 2
1 2 94
2 20 1
1 2 94
2 20 2
1 2 94
2 20 1
1 2 94
2 20 2
1 2 94
2 20 1
1 2 94
2 20 2
1 2 94
2 20 1
1 2 94
2 20 2
1 2 94
2 20 1
1 2 94
2 20 2
1 2 94
2 20 1
1 2 94
2 20 2
1 2 94
2 20 1
1 2 94
2 20 2
1 2 94
2 20 1
1 2 94
2 20 2
1 2 20
2 20 1
2 21 2
1 2 94
2 21 1
1 2 94
2 21 2
1 2 94
2 21 1
1 2 94
2 21 2
1 2 94
2 21 1
1 2 94
2 21 2
1 2 94
2 21 1
1 2 94
2 21 2
1 2 94
2 21 1
1 2 94
2 21 2
1 2 94
2 21 1
1 2 94
2 21 2
1 2 94
2 21 1
1 2 94
2 21 2
1 2 94
2 21 1
1 2 94
2 21 2
1 2 94
2 21 1
1 2 94
2 21 2
1 2 94
2 21 1
1 2 94
2 21 2
1 2 94
2 21 1
1 2 94
2 21 2
1 2 94
2 21 1
1 2 94
2 21 2
1 2 94
2 21 1
1 2 94
2 21 2
1 2 94
2 21 1
1 2 94
2 21 2
1 2 94
2 21 1
1 2 94
2 21 2
1 2 94
2 21 1
1 2 94
2 21 2
1 2 94
2 21 1
1 2 94
2 21 2
1 2 94
2 21 1
1 2 94
2 21 2
1 2 94
2 21 1
1 2 94
2 21 2
1 2 94
2 21 1
1 2 94
2 21 2
1 2 94
2 21 1
1 2 94
2 21 2
1 2 94
2 21 1
1 2 94
2 21 2
1 2 94
2 21 1
1 2 94
2 21 2
1 2 94
2 21 1
1 2 94
2 21 2
1 2 94
2 21 1
1 2 94
2 21 2
1 2 94
2 21 1
1 2 94
2 21 2
1 2 94
2 21 1
1 2 94
2 21 2
1 2 94
2 21 1
1 2 94
2 21 2
1 2 94
2 21 1
1 2 94
2 21 2
1 2 94
2 21 1
1 2 94
2 21 2
1 2 94
2 21 1
1 2 94
2 21 2
1 2 94
2 21 1
1 2 94
2 21 2
1 2 94
2 21 1
1 2 94
2 21 2
1 2 94
2 21 1
1 2 94
2 21 2
1 2 68
2 21 1
2 23 2
1 2 94
2 23 1
1 2 94
2 23 2
1 2 94
2 23 1
1 2 94
2 23 2
1 2 94
2 23 1
1 2 94
2 23 2
1 2 94
2 23 1
1 2 94
2 23 2
1 2 94
2 23 1
1 2 94
2 23 2
1 2 94
2 23 1
1 2 94
2 23 2
1 2 94
2 23 1
1 2 94
2 23 2
1 2 94
2 23 1
1 2 94
2 23 2
1 2 94
2 23 1
1 2 94
2 23 2
1 2 94
2 23 1
1 2 94
2 23 2
1 2 94
2 23 1
1 2 94
2 23 2
1 2 94
2 23 1
1 2 94
2 23 2
1 2 94
2 23 1
1 2 94
2 23 2
1 2 94
2 23 1
1 2 94
2 23 2
1 2 94
2 23 1
1 2 94
2 23 2
1 2 94
2 23 1
1 2 94
2 23 2
1 2 94
2 23 1
1 2 94
2 23 2
1 2 94
2 23 1
1 2 94
2 23 2
1 2 94
2 23 1
1 2 94
2 23 2
1 2 94
2 23 1
1 2 94
2 23 2
1 2 94
2 23 1
1 2 94
2 23 2
1 2 94
2 23 1
1 2 94
2 23 2
1 2 94
2 23 1
1 2 94
2 23 2
1 2 94
2 23 1
1 2 94
2 23 2
1 2 94
2 23 1
1 2 94
2 23 2
1 2 94
2 23 1
1 2 94
2 23 2
1 2 94
2 23 1
1 2 94
2 23 2
1 2 94
2 23 1
1 2 94
2 23 2
1 2 94
2 23 1
1 2 94
2 23 2
1 2 94
2 23 1
1 2 94
2 23 2
1 2 94
2 23 1
1 2 94
2 23 2
1 2 62
2 23 1
2 22 2
1 2 93
2 22 1
1 2 1
2 22 2
1 2 1
2 22 1
2 23 2
1 2 94
2 23 1
1 2 94
2 23 2
1 2 94
2 23 1
1 2 94
2 23 2
1 2 4
2 23 1
2 24 2
1 2 94
2 24 1
1 2 94
2 24 2
1 2 94
2 24 1
1 2 94
2 24 2
1 2 94
2 24 1
1 2 94
2 24 2
1 2 94
2 24 1
1 2 94
2 24 2
1 2 94
2 24 1
1 2 94
2 24 2
1 2 94
2 24 1
1 2 94
2 24 2
1 2 94
2 24 1
1 2 94
2 24 2
1 2 94
2 24 1
1 2 94
2 24 2
1 2 94
2 24 1
1 2 94
2 24 2
1 2 94
2 24 1
1 2 94
2 24 2
1 2 94
2 24 1
1 2 94
2 24 2
1 2 22
2 24 1
2 25 2
1 2 94
2 25 1
1 2 94
2 25 2
1 2 94
2 25 1
1 2 94
2 25 2
1 2 94
2 25 1
1 2 94
2 25 2
1 2 94
2 25 1
1 2 94
2 25 2
1 2 94
2 25 1
1 2 94
2 25 2
1 2 94
2 25 1
1 2 94
2 25 2
1 2 94
2 25 1
1 2 94
2 25 2
1 2 94
2 25 1
1 2 94
2 25 2
1 2 94
2 25 1
1 2 94
2 25 2
1 2 94
2 25 1
1 2 94
2 25 2
1 2 94
2 25 1
1 2 94
2 25 2
1 2 94
2 25 1
1 2 94
2 25 2
1 2 94
2 25 1
1 2 94
2 25 2
1 2 94
2 25 1
1 2 94
2 25 2
1 2 94
2 25 1
1 2 94
2 25 2
1 2 94
2 25 1
1 2 94
2 25 2
1 2 94
2 25 1
1 2 94
2 25 2
1 2 94
2 25 1
1 2 94
2 25 2
1 2 94
2 25 1
1 2 94
2 25 2
1 2 94
2 25 1
1 2 94
2 25 2
1 2 94
2 25 1
1 2 94
2 25 2
1 2 94
2 25 1
1 2 94
2 25 2
1 2 94
2 25 1
1 2 94
2 25 2
1 2 94
2 25 1
1 2 94
2 25 2
1 2 94
2 25 1
1 2 94
2 25 2
1 2 94
2 25 1
1 2 94
2 25 2
1 2 94
2 25 1
1 2 94
2 25 2
1 2 54
2 25 1
2 26 2
1 2 94
2 26 1
1 2 94
2 26 2
1 2 94
2 26 1
1 2 94
2 26 2
1 2 94
2 26 1
1 2 94
2 26 2
1 2 94
2 26 1
1 2 94
2 26 2
1 2 94
2 26 1
1 2 94
2 26 2
1 2 94
2 26 1
1 2 94
2 26 2
1 2 94
2 26 1
1 2 94
2 26 2
1 2 94
2 26 1
1 2 94
2 26 2
1 2 94
2 26 1
1 2 94
2 26 2
1 2 94
2 26 1
1 2 94
2 26 2
1 2 94
2 26 1
1 2 94
2 26 2
1 2 22
2 26 1
2 27 2
1 2 94
2 27 1
1 2 94
2 27 2
1 2 94
2 27 1
1 2 94
2 27 2
1 2 94
2 27 1
1 2 94
2 27 2
1 2 6
2 27 1
2 29 2
1 2 94
2 29 1
1 2 94
2 29 2
1 2 94
2 29 1
1 2 94
2 29 2
1 2 94
2 29 1
1 2 94
2 29 2
1 2 94
2 29 1
1 2 94
2 29 2
1 2 94
2 29 1
1 2 94
2 29 2
1 2 94
2 29 1
1 2 94
2 29 2
1 2 94
2 29 1
1 2 94
2 29 2
1 2 94
2 29 1
1 2 94
2 29 2
1 2 94
2 29 1
1 2 94
2 29 2
1 2 94
2 29 1
1 2 94
2 29 2
1 2 94
2 29 1
1 2 94
2 29 2
1 2 94
2 29 1
1 2 94
2 29 2
1 2 94
2 29 1
1 2 94
2 29 2
1 2 94
2 29 1
1 2 94
2 29 2
1 2 94
2 29 1
1 2 94
2 29 2
1 2 94
2 29 1
1 2 94
2 29 2
1 2 94
2 29 1
1 2 94
2 29 2
1 2 94
2 29 1
1 2 94
2 29 2
1 2 94
2 29 1
1 2 94
2 29 2
1 2 94
2 29 1
1 2 94
2 29 2
1 2 94
2 29 1
1 2 94
2 29 2
1 2 94
2 29 1
1 2 94
2 29 2
1 2 94
2 29 1
1 2 94
2 29 2
1 2 94
2 29 1
1 2 94
2 29 2
1 2 94
2 29 1
1 2 94
2 29 2
1 2 94
2 29 1
1 2 94
2 29 2
1 2 94
2 29 1
1 2 94
2 29 2
1 2 94
2 29 1
1 2 94
2 29 2
1 2 94
2 29 1
1 2 94
2 29 2
1 2 58
2 29 1
2 28 2
1 2 93
2 28 1
1 2 1
2 28 2
1 2 1
2 28 1
2 30 2
1 2 94
2 30 1
1 2 94
2 30 2
1 2 94
2 30 1
1 2 94
2 30 2
1 2 94
2 30 1
1 2 94
2 30 2
1 2 6
2 30 1
2 29 2
1 2 93
2 29 1
1 2 1
2 29 2
1 2 1
2 29 1
2 31 2
1 2 94
2 31 1
1 2 94
2 31 2
1 2 94
2 31 1
1 2 94
2 31 2
1 2 94
2 31 1
1 2 94
2 31 2
1 2 94
2 31 1
1 2 94
2 31 2
1 2 8
2 31 1
2 30 2
1 2 93
2 30 1
1 2 1
2 30 2
1 2 1
2 30 1
2 31 2
1 2 94
2 31 1
1 2 94
2 31 2
1 2 94
2 31 1
1 2 94
2 31 2
1 2 94
2 31 1
1 2 94
2 31 2
1 2 94
2 31 1
1 2 94
2 31 2
1 2 94
2 31 1
1 2 94
2 31 2
1 2 94
2 31 1
1 2 94
2 31 2
1 2 94
2 31 1
1 2 94
2 31 2
1 2 94
2 31 1
1 2 94
2 31 2
1 2 94
2 31 1
1 2 94
2 31 2
1 2 94
2 31 1
1 2 94
2 31 2
1 2 94
2 31 1
1 2 94
2 31 2
1 2 94
2 31 1
1 2 94
2 31 2
1 2 94
2 31 1
1 2 94
2 31 2
1 2 94
2 31 1
1 2 94
2 31 2
1 2 94
2 31 1
1 2 94
2 31 2
1 2 94
2 31 1
1 2 94
2 31 2
1 2 94
2 31 1
1 2 94
2 31 2
1 2 94
2 31 1
1 2 94
2 31 2
1 2 94
2 31 1
1 2 94
2 31 2
1 2 94
2 31 1
1 2 94
2 31 2
1 2 94
2 31 1
1 2 94
2 31 2
1 2 94
2 31 1
1 2 94
2 31 2
1 2 94
2 31 1
1 2 94
2 31 2
1 2 46
2 31 1
2 33 2
1 2 94
2 33 1
1 2 94
2 33 2
1 2 2
2 33 1
2 32 2
1 2 93
2 32 1
1 2 1
2 32 2
1 2 1
2 32 1
2 34 2
1 2 94
2 34 1
1 2 94
2 34 2
1 2 94
2 34 1
1 2 94
2 34 2
1 2 94
2 34 1
1 2 94
2 34 2
1 2 94
2 34 1
1 2 94
2 34 2
1 2 94
2 34 1
1 2 94
2 34 2
1 2 94
2 34 1
1 2 94
2 34 2
1 2 94
2 34 1
1 2 94
2 34 2
1 2 94
2 34 1
1 2 94
2 34 2
1 2 94
2 34 1
1 2 94
2 34 2
1 2 94
2 34 1
1 2 94
2 34 2
1 2 94
2 34 1
1 2 94
2 34 2
1 2 94
2 34 1
1 2 94
2 34 2
1 2 94
2 34 1
1 2 94
2 34 2
1 2 94
2 34 1
1 2 94
2 34 2
1 2 94
2 34 1
1 2 94
2 34 2
1 2 94
2 34 1
1 2 94
2 34 2
1 2 94
2 34 1
1 2 94
2 34 2
1 2 94
2 34 1
1 2 94
2 34 2
1 2 94
2 34 1
1 2 94
2 34 2
1 2 94
2 34 1
1 2 94
2 34 2
1 2 94
2 34 1
1 2 94
2 34 2
1 2 94
2 34 1
1 2 94
2 34 2
1 2 94
2 34 1
1 2 94
2 34 2
1 2 94
2 34 1
1 2 94
2 34 2
1 2 94
2 34 1
1 2 94
2 34 2
1 2 94
2 34 1
1 2 94
2 34 2
1 2 94
2 34 1
1 2 94
2 34 2
1 2 94
2 34 1
1 2 94
2 34 2
1 2 56
2 34 1
2 33 2
1 2 93
2 33 1
1 2 1
2 33 2
1 2 1
2 33 1
2 35 2
1 2 94
2 35 1
1 2 94
2 35 2
1 2 94
2 35 1
1 2 94
2 35 2
1 2 94
2 35 1
1 2 94
2 35 2
1 2 94
2 35 1
1 2 94
2 35 2
1 2 8
2 35 1
2 34 2
1 2 93
2 34 1
1 2 1
2 34 2
1 2 1
2 34 1
2 35 2
1 2 94
2 35 1
1 2 94
2 35 2
1 2 94
2 35 1
1 2 94
2 35 2
1 2 94
2 35 1
1 2 94
2 35 2
1 2 94
2 35 1
1 2 94
2 35 2
1 2 94
2 35 1
1 2 94
2 35 2
1 2 94
2 35 1
1 2 94
2 35 2
1 2 94
2 35 1
1 2 94
2 35 2
1 2 94
2 35 1
1 2 94
2 35 2
1 2 16
2 35 1
2 37 2
1 2 94
2 37 1
1 2 94
2 37 2
1 2 94
2 37 1
1 2 94
2 37 2
1 2 94
2 37 1
1 2 94
2 37 2
1 2 94
2 37 1
1 2 94
2 37 2
1 2 94
2 37 1
1 2 94
2 37 2
1 2 94
2 37 1
1 2 94
2 37 2
1 2 94
2 37 1
1 2 94
2 37 2
1 2 94
2 37 1
1 2 94
2 37 2
1 2 94
2 37 1
1 2 94
2 37 2
1 2 94
2 37 1
1 2 94
2 37 2
1 2 94
2 37 1
1 2 94
2 37 2
1 2 94
2 37 1
1 2 94
2 37 2
1 2 94
2 37 1
1 2 94
2 37 2
1 2 94
2 37 1
1 2 94
2 37 2
1 2 94
2 37 1
1 2 94
2 37 2
1 2 94
2 37 1
1 2 94
2 37 2
1 2 94
2 37 1
1 2 94
2 37 2
1 2 94
2 37 1
1 2 94
2 37 2
1 2 94
2 37 1
1 2 94
2 37 2
1 2 94
2 37 1
1 2 94
2 37 2
1 2 94
2 37 1
1 2 94
2 37 2
1 2 94
2 37 1
1 2 94
2 37 2
1 2 94
2 37 1
1 2 94
2 37 2
1 2 46
2 37 1
2 36 2
1 2 93
2 36 1
1 2 1
2 36 2
1 2 1
2 36 1
2 38 2
1 2 94
2 38 1
1 2 94
2 38 2
1 2 94
2 38 1
1 2 94
2 38 2
1 2 94
2 38 1
1 2 94
2 38 2
1 2 94
2 38 1
1 2 94
2 38 2
1 2 94
2 38 1
1 2 94
2 38 2
1 2 94
2 38 1
1 2 94
2 38 2
1 2 94
2 38 1
1 2 94
2 38 2
1 2 94
2 38 1
1 2 94
2 38 2
1 2 94
2 38 1
1 2 94
2 38 2
1 2 18
2 38 1
2 37 2
1 2 93
2 37 1
1 2 1
2 37 2
1 2 1
2 37 1
2 39 2
1 2 94
2 39 1
1 2 94
2 39 2
1 2 94
2 39 1
1 2 94
2 39 2
1 2 94
2 39 1
1 2 94
2 39 2
1 2 94
2 39 1
1 2 94
2 39 2
1 2 94
2 39 1
1 2 94
2 39 2
1 2 94
2 39 1
1 2 94
2 39 2
1 2 94
2 39 1
1 2 94
2 39 2
1 2 94
2 39 1
1 2 94
2 39 2
1 2 94
2 39 1
1 2 94
2 39 2
1 2 94
2 39 1
1 2 94
2 39 2
1 2 94
2 39 1
1 2 94
2 39 2
1 2 94
2 39 1
1 2 94
2 39 2
1 2 94
2 39 1
1 2 94
2 39 2
1 2 94
2 39 1
1 2 94
2 39 2
1 2 94
2 39 1
1 2 94
2 39 2
1 2 94
2 39 1
1 2 94
2 39 2
1 2 32
2 39 1
2 38 2
1 2 93
2 38 1
1 2 1
2 38 2
1 2 1
2 38 1
2 40 2
1 2 0
2 40 1
2 39 2
1 2 93
2 39 1
1 2 1
2 39 2
1 2 1
2 39 1
2 40 2
1 2 94
2 40 1
1 2 94
2 40 2
1 2 94
2 40 1
1 2 94
2 40 2
1 2 94
2 40 1
1 2 94
2 40 2
1 2 94
2 40 1
1 2 94
2 40 2
1 2 94
2 40 1
1 2 94
2 40 2
1 2 94
2 40 1
1 2 94
2 40 2
1 2 94
2 40 1
1 2 94
2 40 2
1 2 94
2 40 1
1 2 94
2 40 2
1 2 94
2 40 1
1 2 94
2 40 2
1 2 94
2 40 1
1 2 94
2 40 2
1 2 94
2 40 1
1 2 94
2 40 2
1 2 22
2 40 1
2 42 2
1 2 94
2 42 1
1 2 94
2 42 2
1 2 94
2 42 1
1 2 94
2 42 2
1 2 94
2 42 1
1 2 94
2 42 2
1 2 94
2 42 1
1 2 94
2 42 2
1 2 94
2 42 1
1 2 94
2 42 2
1 2 94
2 42 1
1 2 94
2 42 2
1 2 94
2 42 1
1 2 94
2 42 2
1 2 94
2 42 1
1 2 94
2 42 2
1 2 94
2 42 1
1 2 94
2 42 2
1 2 94
2 42 1
1 2 94
2 42 2
1 2 94
2 42 1
1 2 94
2 42 2
1 2 94
2 42 1
1 2 94
2 42 2
1 2 94
2 42 1
1 2 94
2 42 2
1 2 94
2 42 1
1 2 94
2 42 2
1 2 94
2 42 1
1 2 94
2 42 2
1 2 30
2 42 1
2 41 2
1 2 93
2 41 1
1 2 1
2 41 2
1 2 1
2 41 1
2 42 2
1 2 94
2 42 1
1 2 94
2 42 2
1 2 94
2 42 1
1 2 94
2 42 2
1 2 94
2 42 1
1 2 94
2 42 2
1 2 94
2 42 1
1 2 94
2 42 2
1 2 94
2 42 1
1 2 94
2 42 2
1 2 94
2 42 1
1 2 94
2 42 2
1 2 94
2 42 1
1 2 94
2 42 2
1 2 94
2 42 1
1 2 94
2 42 2
1 2 94
2 42 1
1 2 94
2 42 2
1 2 94
2 42 1
1 2 94
2 42 2
1 2 94
2 42 1
1 2 94
2 42 2
1 2 94
2 42 1
1 2 94
2 42 2
1 2 94
2 42 1
1 2 94
2 42 2
1 2 94
2 42 1
1 2 94
2 42 2
1 2 28
2 42 1
2 43 2
1 2 94
2 43 1
1 2 94
2 43 2
1 2 94
2 43 1
1 2 94
2 43 2
1 2 94
2 43 1
1 2 94
2 43 2
1 2 94
2 43 1
1 2 94
2 43 2
1 2 94
2 43 1
1 2 94
2 43 2
1 2 10
2 43 1
2 44 2
1 2 94
2 44 1
1 2 94
2 44 2
1 2 94
2 44 1
1 2 94
2 44 2
1 2 94
2 44 1
1 2 94
2 44 2
1 2 94
2 44 1
1 2 94
2 44 2
1 2 94
2 44 1
1 2 94
2 44 2
1 2 10
2 44 1
2 45 2
1 2 94
2 45 1
1 2 94
2 45 2
1 2 94
2 45 1
1 2 94
2 45 2
1 2 94
2 45 1
1 2 94
2 45 2
1 2 94
2 45 1
1 2 94
2 45 2
1 2 8
2 45 1
2 46 2
1 2 94
2 46 1
1 2 94
2 46 2
1 2 94
2 46 1
1 2 94
2 46 2
1 2 94
2 46 1
1 2 94
2 46 2
1 2 94
2 46 1
1 2 94
2 46 2
1 2 94
2 46 1
1 2 94
2 46 2
1 2 94
2 46 1
1 2 94
2 46 2
1 2 94
2 46 1
1 2 94
2 46 2
1 2 94
2 46 1
1 2 94
2 46 2
1 2 94
2 46 1
1 2 94
2 46 2
1 2 94
2 46 1
1 2 94
2 46 2
1 2 94
2 46 1
1 2 94
2 46 2
1 2 94
2 46 1
1 2 94
2 46 2
1 2 94
2 46 1
1 2 94
2 46 2
1 2 94
2 46 1
1 2 94
2 46 2
1 2 94
2 46 1
1 2 94
2 46 2
1 2 94
2 46 1
1 2 94
2 46 2
1 2 94
2 46 1
1 2 94
2 46 2
1 2 34
2 46 1
2 47 2
1 2 94
2 47 1
1 2 94
2 47 2
1 2 94
2 47 1
1 2 94
2 47 2
1 2 94
2 47 1
1 2 94
2 47 2
1 2 94
2 47 1
1 2 94
2 47 2
1 2 94
2 47 1
1 2 94
2 47 2
1 2 94
2 47 1
1 2 94
2 47 2
1 2 94
2 47 1
1 2 94
2 47 2
1 2 94
2 47 1
1 2 94
2 47 2
1 2 94
2 47 1
1 2 94
2 47 2
1 2 94
2 47 1
1 2 94
2 47 2
1 2 94
2 47 1
1 2 94
2 47 2
1 2 94
2 47 1
1 2 94
2 47 2
1 2 94
2 47 1
1 2 94
2 47 2
1 2 94
2 47 1
1 2 94
2 47 2
1 2 94
2 47 1
1 2 94
2 47 2
1 2 30
2 47 1
2 49 2
1 2 94
2 49 1
1 2 94
2 49 2
1 2 94
2 49 1
1 2 94
2 49 2
1 2 94
2 49 1
1 2 94
2 49 2
1 2 94
2 49 1
1 2 94
2 49 2
1 2 94
2 49 1
1 2 94
2 49 2
1 2 94
2 49 1
1 2 94
2 49 2
1 2 94
2 49 1
1 2 94
2 49 2
1 2 94
2 49 1
1 2 94
2 49 2
1 2 94
2 49 1
1 2 94
2 49 2
1 2 94
2 49 1
1 2 94
2 49 2
1 2 94
2 49 1
1 2 94
2 49 2
1 2 94
2 49 1
1 2 94
2 49 2
1 2 94
2 49 1
1 2 94
2 49 2
1 2 26
2 49 1
2 48 2
1 2 93
2 48 1
1 2 1
2 48 2
1 2 1
2 48 1
2 50 2
1 2 94
2 50 1
1 2 94
2 50 2
1 2 94
2 50 1
1 2 94
2 50 2
1 2 94
2 50 1
1 2 94
2 50 2
1 2 94
2 50 1
1 2 94
2 50 2
1 2 94
2 50 1
1 2 94
2 50 2
1 2 94
2 50 1
1 2 94
2 50 2
1 2 94
2 50 1
1 2 94
2 50 2
1 2 14
2 50 1
2 49 2
1 2 93
2 49 1
1 2 1
2 49 2
1 2 1
2 49 1
2 51 2
1 2 94
2 51 1
1 2 94
2 51 2
1 2 94
2 51 1
1 2 94
2 51 2
1 2 94
2 51 1
1 2 94
2 51 2
1 2 94
2 51 1
1 2 94
2 51 2
1 2 94
2 51 1
1 2 94
2 51 2
1 2 94
2 51 1
1 2 94
2 51 2
1 2 94
2 51 1
1 2 94
2 51 2
1 2 94
2 51 1
1 2 94
2 51 2
1 2 94
2 51 1
1 2 94
2 51 2
1 2 94
2 51 1
1 2 94
2 51 2
1 2 94
2 51 1
1 2 94
2 51 2
1 2 94
2 51 1
1 2 94
2 51 2
1 2 94
2 51 1
1 2 94
2 51 2
1 2 94
2 51 1
1 2 94
2 51 2
1 2 94
2 51 1
1 2 94
2 51 2
1 2 94
2 51 1
1 2 94
2 51 2
1 2 94
2 51 1
1 2 94
2 51 2
1 2 94
2 51 1
1 2 94
2 51 2
1 2 94
2 51 1
1 2 94
2 51 2
1 2 38
2 51 1
2 50 2
1 2 93
2 50 1
1 2 1
2 50 2
1 2 1
2 50 1
2 52 2
1 2 94
2 52 1
1 2 94
2 52 2
1 2 94
2 52 1
1 2 94
2 52 2
1 2 94
2 52 1
1 2 94
2 52 2
1 2 94
2 52 1
1 2 94
2 52 2
1 2 94
2 52 1
1 2 94
2 52 2
1 2 94
2 52 1
1 2 94
2 52 2
1 2 94
2 52 1
1 2 94
2 52 2
1 2 94
2 52 1
1 2 94
2 52 2
1 2 16
2 52 1
2 51 2
1 2 93
2 51 1
1 2 1
2 51 2
1 2 1
2 51 1
2 53 2
1 2 94
2 53 1
1 2 94
2 53 2
1 2 94
2 53 1
1 2 94
2 53 2
1 2 94
2 53 1
1 2 94
2 53 2
1 2 94
2 53 1
1 2 94
2 53 2
1 2 94
2 53 1
1 2 94
2 53 2
1 2 94
2 53 1
1 2 94
2 53 2
1 2 12
2 53 1
2 52 2
1 2 93
2 52 1
1 2 1
2 52 2
1 2 1
2 52 1
2 54 2
1 2 94
2 54 1
1 2 94
2 54 2
1 2 94
2 54 1
1 2 94
2 54 2
1 2 94
2 54 1
1 2 94
2 54 2
1 2 94
2 54 1
1 2 94
2 54 2
1 2 94
2 54 1
1 2 94
2 54 2
1 2 94
2 54 1
1 2 94
2 54 2
1 2 94
2 54 1
1 2 94
2 54 2
1 2 94
2 54 1
1 2 94
2 54 2
1 2 16
2 54 1
2 53 2
1 2 93
2 53 1
1 2 1
2 53 2
1 2 1
2 53 1
2 54 2
1 2 94
2 54 1
1 2 94
2 54 2
1 2 94
2 54 1
1 2 94
2 54 2
1 2 94
2 54 1
1 2 94
2 54 2
1 2 94
2 54 1
1 2 94
2 54 2
1 2 94
2 54 1
1 2 94
2 54 2
1 2 94
2 54 1
1 2 94
2 54 2
1 2 94
2 54 1
1 2 94
2 54 2
1 2 94
2 54 1
1 2 94
2 54 2
1 2 94
2 54 1
1 2 94
2 54 2
1 2 94
2 54 1
1 2 94
2 54 2
1 2 94
2 54 1
1 2 94
2 54 2
1 2 94
2 54 1
1 2 94
2 54 2
1 2 94
2 54 1
1 2 94
2 54 2
1 2 26
2 54 1
2 55 2
1 2 94
2 55 1
1 2 94
2 55 2
1 2 94
2 55 1
1 2 94
2 55 2
1 2 4
2 55 1
2 57 2
1 2 94
2 57 1
1 2 94
2 57 2
1 2 94
2 57 1
1 2 94
2 57 2
1 2 4
2 57 1
2 59 2
1 2 94
2 59 1
1 2 94
2 59 2
1 2 94
2 59 1
1 2 94
2 59 2
1 2 94
2 59 1
1 2 94
2 59 2
1 2 94
2 59 1
1 2 94
2 59 2
1 2 94
2 59 1
1 2 94
2 59 2
1 2 94
2 59 1
1 2 94
2 59 2
1 2 94
2 59 1
1 2 94
2 59 2
1 2 94
2 59 1
1 2 94
2 59 2
1 2 94
2 59 1
1 2 94
2 59 2
1 2 94
2 59 1
1 2 94
2 59 2
1 2 94
2 59 1
1 2 94
2 59 2
1 2 22
2 59 1
2 58 2
1 2 93
2 58 1
1 2 1
2 58 2
1 2 1
2 58 1
2 60 2
1 2 94
2 60 1
1 2 94
2 60 2
1 2 94
2 60 1
1 2 94
2 60 2
1 2 94
2 60 1
1 2 94
2 60 2
1 2 94
2 60 1
1 2 94
2 60 2
1 2 94
2 60 1
1 2 94
2 60 2
1 2 94
2 60 1
1 2 94
2 60 2
1 2 94
2 60 1
1 2 94
2 60 2
1 2 14
2 60 1
2 59 2
1 2 93
2 59 1
1 2 1
2 59 2
1 2 1
2 59 1
2 61 2
1 2 94
2 61 1
1 2 94
2 61 2
1 2 94
2 61 1
1 2 94
2 61 2
1 2 4
2 61 1
2 60 2
1 2 93
2 60 1
1 2 1
2 60 2
1 2 1
2 60 1
2 61 2
1 2 94
2 61 1
1 2 94
2 61 2
1 2 94
2 61 1
1 2 94
2 61 2
1 2 4
2 61 1
2 64 2
1 2 94
2 64 1
1 2 94
2 64 2
1 2 94
2 64 1
1 2 94
2 64 2
1 2 94
2 64 1
1 2 94
2 64 2
1 2 94
2 64 1
1 2 94
2 64 2
1 2 94
2 64 1
1 2 94
2 64 2
1 2 94
2 64 1
1 2 94
2 64 2
1 2 94
2 64 1
1 2 94
2 64 2
1 2 94
2 64 1
1 2 94
2 64 2
1 2 94
2 64 1
1 2 94
2 64 2
1 2 94
2 64 1
1 2 94
2 64 2
1 2 94
2 64 1
1 2 94
2 64 2
1 2 94
2 64 1
1 2 94
2 64 2
1 2 94
2 64 1
1 2 94
2 64 2
1 2 94
2 64 1
1 2 94
2 64 2
1 2 94
2 64 1
1 2 94
2 64 2
1 2 30
2 64 1
2 63 2
1 2 93
2 63 1
1 2 1
2 63 2
1 2 1
2 63 1
2 64 2
1 2 94
2 64 1
1 2 94
2 64 2
1 2 2
2 64 1
2 66 2
1 2 94
2 66 1
1 2 94
2 66 2
1 2 94
2 66 1
1 2 94
2 66 2
1 2 94
2 66 1
1 2 94
2 66 2
1 2 94
2 66 1
1 2 94
2 66 2
1 2 94
2 66 1
1 2 94
2 66 2
1 2 94
2 66 1
1 2 94
2 66 2
1 2 94
2 66 1
1 2 94
2 66 2
1 2 14
2 66 1
2 65 2
1 2 93
2 65 1
1 2 1
2 65 2
1 2 1
2 65 1
2 67 2
1 2 94
2 67 1
1 2 94
2 67 2
1 2 94
2 67 1
1 2 94
2 67 2
1 2 94
2 67 1
1 2 94
2 67 2
1 2 94
2 67 1
1 2 94
2 67 2
1 2 94
2 67 1
1 2 94
2 67 2
1 2 94
2 67 1
1 2 94
2 67 2
1 2 94
2 67 1
1 2 94
2 67 2
1 2 94
2 67 1
1 2 94
2 67 2
1 2 94
2 67 1
1 2 94
2 67 2
1 2 18
2 67 1
2 66 2
1 2 93
2 66 1
1 2 1
2 66 2
1 2 1
2 66 1
2 67 2
1 2 94
2 67 1
1 2 94
2 67 2
1 2 94
2 67 1
1 2 94
2 67 2
1 2 94
2 67 1
1 2 94
2 67 2
1 2 94
2 67 1
1 2 94
2 67 2
1 2 94
2 67 1
1 2 94
2 67 2
1 2 94
2 67 1
1 2 94
2 67 2
1 2 94
2 67 1
1 2 94
2 67 2
1 2 94
2 67 1
1 2 94
2 67 2
1 2 94
2 67 1
1 2 94
2 67 2
1 2 94
2 67 1
1 2 94
2 67 2
1 2 94
2 67 1
1 2 94
2 67 2
1 2 94
2 67 1
1 2 94
2 67 2
1 2 24
2 67 1
2 69 2
1 2 94
2 69 1
1 2 94
2 69 2
1 2 94
2 69 1
1 2 94
2 69 2
1 2 94
2 69 1
1 2 94
2 69 2
1 2 94
2 69 1
1 2 94
2 69 2
1 2 94
2 69 1
1 2 94
2 69 2
1 2 10
2 69 1
2 68 2
1 2 93
2 68 1
1 2 1
2 68 2
1 2 1
2 68 1
2 70 2
1 2 0
2 70 1
2 69 2
1 2 93
2 69 1
1 2 1
2 69 2
1 2 1
2 69 1
2 71 2
1 2 94
2 71 1
1 2 94
2 71 2
1 2 94
2 71 1
1 2 94
2 71 2
1 2 94
2 71 1
1 2 94
2 71 2
1 2 94
2 71 1
1 2 94
2 71 2
1 2 94
2 71 1
1 2 94
2 71 2
1 2 94
2 71 1
1 2 94
2 71 2
1 2 94
2 71 1
1 2 94
2 71 2
1 2 14
2 71 1
2 70 2
1 2 93
2 70 1
1 2 1
2 70 2
1 2 1
2 70 1
2 72 2
1 2 94
2 72 1
1 2 94
2 72 2
1 2 94
2 72 1
1 2 94
2 72 2
1 2 94
2 72 1
1 2 94
2 72 2
1 2 94
2 72 1
1 2 94
2 72 2
1 2 94
2 72 1
1 2 94
2 72 2
1 2 94
2 72 1
1 2 94
2 72 2
1 2 94
2 72 1
1 2 94
2 72 2
1 2 94
2 72 1
1 2 94
2 72 2
1 2 94
2 72 1
1 2 94
2 72 2
1 2 18
2 72 1
2 71 2
1 2 93
2 71 1
1 2 1
2 71 2
1 2 1
2 71 1
2 72 2
1 2 94
2 72 1
1 2 94
2 72 2
1 2 2
2 72 1
2 74 2
1 2 94
2 74 1
1 2 94
2 74 2
1 2 94
2 74 1
1 2 94
2 74 2
1 2 94
2 74 1
1 2 94
2 74 2
1 2 94
2 74 1
1 2 94
2 74 2
1 2 94
2 74 1
1 2 94
2 74 2
1 2 94
2 74 1
1 2 94
2 74 2
1 2 94
2 74 1
1 2 94
2 74 2
1 2 94
2 74 1
1 2 94
2 74 2
1 2 16
2 74 1
2 73 2
1 2 93
2 73 1
1 2 1
2 73 2
1 2 1
2 73 1
2 75 2
1 2 94
2 75 1
1 2 94
2 75 2
1 2 94
2 75 1
1 2 94
2 75 2
1 2 4
2 75 1
2 74 2
1 2 93
2 74 1
1 2 1
2 74 2
1 2 1
2 74 1
2 75 2
1 2 94
2 75 1
1 2 94
2 75 2
1 2 94
2 75 1
1 2 94
2 75 2
1 2 94
2 75 1
1 2 94
2 75 2
1 2 94
2 75 1
1 2 94
2 75 2
1 2 94
2 75 1
1 2 94
2 75 2
1 2 94
2 75 1
1 2 94
2 75 2
1 2 94
2 75 1
1 2 94
2 75 2
1 2 94
2 75 1
1 2 94
2 75 2
1 2 94
2 75 1
1 2 94
2 75 2
1 2 18
2 75 1
2 77 2
1 2 94
2 77 1
1 2 94
2 77 2
1 2 94
2 77 1
1 2 94
2 77 2
1 2 94
2 77 1
1 2 94
2 77 2
1 2 94
2 77 1
1 2 94
2 77 2
1 2 94
2 77 1
1 2 94
2 77 2
1 2 94
2 77 1
1 2 94
2 77 2
1 2 94
2 77 1
1 2 94
2 77 2
1 2 94
2 77 1
1 2 94
2 77 2
1 2 16
2 77 1
2 79 2
1 2 94
2 79 1
1 2 94
2 79 2
1 2 94
2 79 1
1 2 94
2 79 2
1 2 94
2 79 1
1 2 94
2 79 2
1 2 94
2 79 1
1 2 94
2 79 2
1 2 94
2 79 1
1 2 94
2 79 2
1 2 94
2 79 1
1 2 94
2 79 2
1 2 12
2 79 1
2 78 2
1 2 93
2 78 1
1 2 1
2 78 2
1 2 1
2 78 1
2 79 2
1 2 94
2 79 1
1 2 94
2 79 2
1 2 94
2 79 1
1 2 94
2 79 2
1 2 94
2 79 1
1 2 94
2 79 2
1 2 94
2 79 1
1 2 94
2 79 2
1 2 94
2 79 1
1 2 94
2 79 2
1 2 94
2 79 1
1 2 94
2 79 2
1 2 94
2 79 1
1 2 94
2 79 2
1 2 14
2 79 1
2 80 2
1 2 94
2 80 1
1 2 94
2 80 2
1 2 94
2 80 1
1 2 94
2 80 2
1 2 94
2 80 1
1 2 94
2 80 2
1 2 94
2 80 1
1 2 94
2 80 2
1 2 94
2 80 1
1 2 94
2 80 2
1 2 94
2 80 1
1 2 94
2 80 2
1 2 94
2 80 1
1 2 94
2 80 2
1 2 14
2 80 1
2 81 2
1 2 94
2 81 1
1 2 94
2 81 2
1 2 94
2 81 1
1 2 94
2 81 2
1 2 94
2 81 1
1 2 94
2 81 2
1 2 94
2 81 1
1 2 94
2 81 2
1 2 94
2 81 1
1 2 94
2 81 2
1 2 94
2 81 1
1 2 94
2 81 2
1 2 12
2 81 1
2 83 2
1 2 94
2 83 1
1 2 94
2 83 2
1 2 94
2 83 1
1 2 94
2 83 2
1 2 4
2 83 1
2 82 2
1 2 93
2 82 1
1 2 1
2 82 2
1 2 1
2 82 1
2 84 2
1 2 0
2 84 1
2 83 2
1 2 93
2 83 1
1 2 1
2 83 2
1 2 1
2 83 1
2 84 2
1 2 94
2 84 1
1 2 94
2 84 2
1 2 2
2 84 1
2 86 2
1 2 94
2 86 1
1 2 94
2 86 2
1 2 94
2 86 1
1 2 94
2 86 2
1 2 94
2 86 1
1 2 94
2 86 2
1 2 94
2 86 1
1 2 94
2 86 2
1 2 8
2 86 1
2 85 2
1 2 93
2 85 1
1 2 1
2 85 2
1 2 1
2 85 1
2 86 2
1 2 94
2 86 1
1 2 94
2 86 2
1 2 94
2 86 1
1 2 94
2 86 2
1 2 94
2 86 1
1 2 94
2 86 2
1 2 6
2 86 1
2 88 2
1 2 94
2 88 1
1 2 94
2 88 2
1 2 94
2 88 1
1 2 94
2 88 2
1 2 94
2 88 1
1 2 94
2 88 2
1 2 6
2 88 1
2 87 2
1 2 93
2 87 1
1 2 1
2 87 2
1 2 1
2 87 1
2 89 2
1 2 94
2 89 1
1 2 94
2 89 2
1 2 2
2 89 1
2 88 2
1 2 93
2 88 1
1 2 1
2 88 2
1 2 1
2 88 1
2 90 2
1 2 0
2 90 1
2 89 2
1 2 93
2 89 1
1 2 1
2 89 2
1 2 1
2 89 1
2 90 2
1 2 94
2 90 1
1 2 94
2 90 2
1 2 94
2 90 1
1 2 94
2 90 2
1 2 4
2 90 1
2 92 2
1 2 0
2 92 1
2 91 2
1 2 93
2 91 1
1 2 1
2 91 2
1 2 1
2 91 1
2 93 2
1 2 0
2 93 1
2 92 2
1 2 93
2 92 1
1 2 1
2 92 2
1 2 1
2 92 1
