5776
1 0 29
1 1 6
2 1 1
2 84 1
1 1 18
2 2 1
2 92 1
1 1 11
2 3 1
1 1 64
2 4 1
2 76 1
1 1 29
2 5 1
1 1 86
2 6 1
2 73 1
1 1 34
2 7 1
2 36 1
1 1 72
2 8 1
2 34 1
1 1 75
2 9 1
2 62 1
1 1 48
2 10 1
2 54 1
1 1 57
2 11 1
1 1 95
2 12 1
1 1 22
2 13 1
2 98 1
1 1 16
2 14 1
1 1 46
2 15 1
2 65 1
1 1 51
2 16 1
2 84 1
1 1 33
2 17 1
1 1 57
2 18 1
1 1 73
2 19 1
1 1 32
2 20 1
2 98 1
1 1 23
2 21 1
2 49 1
1 1 73
2 22 1
2 39 1
1 1 84
2 23 1
1 1 58
2 24 1
1 1 67
2 25 1
2 80 1
1 1 46
2 26 1
1 1 84
2 27 1
2 73 1
1 1 55
2 28 1
1 1 50
2 29 1
2 43 1
1 1 87
2 30 1
1 1 4
2 31 1
1 1 40
2 32 1
2 61 1
1 1 72
2 33 1
1 1 2
2 34 1
2 73 1
1 1 62
2 35 1
1 1 75
2 36 1
2 62 1
1 1 75
2 37 1
1 1 52
2 38 1
1 1 21
2 39 1
1 1 3
2 40 1
1 1 23
2 41 1
2 59 1
1 1 83
2 42 1
1 1 89
2 43 1
2 73 1
1 1 71
2 44 1
2 57 1
1 1 88
2 45 1
1 1 77
2 46 1
1 1 58
2 47 1
1 1 97
2 48 1
2 72 1
1 1 77
2 49 1
1 1 22
2 51 1
1 1 18
2 52 1
1 1 70
2 53 1
2 57 1
1 1 97
2 54 1
1 1 66
2 55 1
1 1 46
2 56 1
1 1 34
2 57 1
1 1 2
2 58 1
1 1 57
2 59 1
2 71 1
1 1 89
2 60 1
2 87 1
1 1 74
2 61 1
1 1 96
2 62 1
1 1 15
2 63 1
1 1 32
2 64 1
1 1 22
2 65 1
1 1 24
2 66 1
2 83 1
1 1 84
2 67 1
1 1 31
2 68 1
1 1 17
2 69 1
2 75 1
1 1 95
2 70 1
1 1 76
2 71 1
1 1 43
2 72 1
1 1 34
2 73 1
1 1 7
2 74 1
2 90 1
1 1 85
2 75 1
1 1 26
2 77 1
1 1 58
2 78 1
1 1 92
2 79 1
1 1 22
2 80 1
1 1 66
2 81 1
1 1 93
2 82 1
1 1 8
2 83 1
1 1 23
2 84 1
1 1 56
2 85 1
1 1 5
2 86 1
2 89 1
1 1 98
2 87 1
1 1 75
2 88 1
1 1 14
2 89 1
1 1 30
2 90 1
1 1 1
2 91 1
1 1 57
2 92 1
1 1 27
2 93 1
2 97 1
1 1 97
2 94 1
1 1 84
2 95 1
1 1 42
2 96 1
1 1 22
2 97 1
1 1 78
2 98 1
1 1 24
2 99 1
1 1 57
2 2 1
1 1 99
2 2 1
1 1 99
2 2 1
1 1 99
2 2 1
1 1 99
2 2 1
1 1 99
2 2 1
1 1 99
2 2 1
1 1 99
2 2 1
1 1 99
2 2 1
1 1 99
2 2 1
1 1 99
2 2 1
1 1 99
2 2 1
1 1 99
2 2 1
1 1 99
2 2 1
1 1 99
2 2 1
1 1 99
2 2 1
1 1 99
2 2 1
1 1 99
2 2 1
1 1 99
2 2 1
1 1 99
2 2 1
1 1 99
2 2 1
1 1 99
2 2 1
1 1 99
2 2 1
1 1 99
2 2 1
1 1 99
2 2 1
1 1 99
2 2 1
1 1 99
2 2 1
1 1 99
2 2 1
1 1 99
2 2 1
1 1 99
2 2 1
1 1 99
2 2 1
1 1 99
2 2 1
1 1 99
2 2 1
1 1 99
2 2 1
1 1 99
2 2 1
1 1 99
2 2 1
1 1 99
2 2 1
1 1 99
2 2 1
1 1 99
2 2 1
1 1 99
2 2 1
1 1 99
2 2 1
1 1 99
2 2 1
1 1 99
2 2 1
1 1 99
2 2 1
1 1 99
2 2 1
1 1 99
2 2 1
1 1 99
2 2 1
1 1 99
2 2 1
1 1 99
2 2 1
1 1 99
2 2 1
1 1 99
2 2 1
1 1 99
2 2 1
1 1 99
2 2 1
1 1 99
2 2 1
1 1 99
2 2 1
1 1 54
2 2 1
2 1 1
1 1 98
2 1 1
1 1 1
2 1 1
1 1 1
2 1 1
2 3 1
1 1 99
2 3 1
1 1 99
2 3 1
1 1 99
2 3 1
1 1 99
2 3 1
1 1 99
2 3 1
1 1 99
2 3 1
1 1 99
2 3 1
1 1 99
2 3 1
1 1 99
2 3 1
1 1 99
2 3 1
1 1 99
2 3 1
1 1 99
2 3 1
1 1 99
2 3 1
1 1 99
2 3 1
1 1 99
2 3 1
1 1 99
2 3 1
1 1 99
2 3 1
1 1 99
2 3 1
1 1 99
2 3 1
1 1 99
2 3 1
1 1 99
2 3 1
1 1 99
2 3 1
1 1 99
2 3 1
1 1 99
2 3 1
1 1 99
2 3 1
1 1 99
2 3 1
1 1 99
2 3 1
1 1 99
2 3 1
1 1 99
2 3 1
1 1 99
2 3 1
1 1 99
2 3 1
1 1 99
2 3 1
1 1 99
2 3 1
1 1 99
2 3 1
1 1 99
2 3 1
1 1 99
2 3 1
1 1 99
2 3 1
1 1 99
2 3 1
1 1 99
2 3 1
1 1 99
2 3 1
1 1 99
2 3 1
1 1 99
2 3 1
1 1 99
2 3 1
1 1 99
2 3 1
1 1 44
2 3 1
2 2 1
1 1 98
2 2 1
1 1 1
2 2 1
1 1 1
2 2 1
2 4 1
1 1 99
2 4 1
1 1 99
2 4 1
1 1 99
2 4 1
1 1 99
2 4 1
1 1 99
2 4 1
1 1 99
2 4 1
1 1 99
2 4 1
1 1 99
2 4 1
1 1 99
2 4 1
1 1 99
2 4 1
1 1 99
2 4 1
1 1 99
2 4 1
1 1 99
2 4 1
1 1 99
2 4 1
1 1 99
2 4 1
1 1 99
2 4 1
1 1 99
2 4 1
1 1 99
2 4 1
1 1 99
2 4 1
1 1 99
2 4 1
1 1 99
2 4 1
1 1 99
2 4 1
1 1 99
2 4 1
1 1 99
2 4 1
1 1 99
2 4 1
1 1 99
2 4 1
1 1 99
2 4 1
1 1 99
2 4 1
1 1 99
2 4 1
1 1 99
2 4 1
1 1 99
2 4 1
1 1 99
2 4 1
1 1 99
2 4 1
1 1 99
2 4 1
1 1 34
2 4 1
2 3 1
1 1 98
2 3 1
1 1 1
2 3 1
1 1 1
2 3 1
2 5 1
1 1 99
2 5 1
1 1 99
2 5 1
1 1 99
2 5 1
1 1 99
2 5 1
1 1 99
2 5 1
1 1 99
2 5 1
1 1 99
2 5 1
1 1 99
2 5 1
1 1 99
2 5 1
1 1 99
2 5 1
1 1 99
2 5 1
1 1 99
2 5 1
1 1 99
2 5 1
1 1 99
2 5 1
1 1 99
2 5 1
1 1 99
2 5 1
1 1 16
2 5 1
2 4 1
1 1 98
2 4 1
1 1 1
2 4 1
1 1 1
2 4 1
2 6 1
1 1 99
2 6 1
1 1 99
2 6 1
1 1 99
2 6 1
1 1 99
2 6 1
1 1 99
2 6 1
1 1 99
2 6 1
1 1 99
2 6 1
1 1 99
2 6 1
1 1 99
2 6 1
1 1 99
2 6 1
1 1 99
2 6 1
1 1 99
2 6 1
1 1 99
2 6 1
1 1 99
2 6 1
1 1 99
2 6 1
1 1 99
2 6 1
1 1 99
2 6 1
1 1 99
2 6 1
1 1 99
2 6 1
1 1 99
2 6 1
1 1 99
2 6 1
1 1 99
2 6 1
1 1 99
2 6 1
1 1 99
2 6 1
1 1 99
2 6 1
1 1 99
2 6 1
1 1 99
2 6 1
1 1 99
2 6 1
1 1 99
2 6 1
1 1 99
2 6 1
1 1 99
2 6 1
1 1 99
2 6 1
1 1 99
2 6 1
1 1 99
2 6 1
1 1 99
2 6 1
1 1 99
2 6 1
1 1 99
2 6 1
1 1 99
2 6 1
1 1 99
2 6 1
1 1 99
2 6 1
1 1 99
2 6 1
1 1 99
2 6 1
1 1 99
2 6 1
1 1 99
2 6 1
1 1 44
2 6 1
2 5 1
1 1 98
2 5 1
1 1 1
2 5 1
1 1 1
2 5 1
2 7 1
1 1 99
2 7 1
1 1 99
2 7 1
1 1 99
2 7 1
1 1 99
2 7 1
1 1 99
2 7 1
1 1 99
2 7 1
1 1 99
2 7 1
1 1 99
2 7 1
1 1 99
2 7 1
1 1 99
2 7 1
1 1 99
2 7 1
1 1 99
2 7 1
1 1 99
2 7 1
1 1 99
2 7 1
1 1 99
2 7 1
1 1 99
2 7 1
1 1 99
2 7 1
1 1 99
2 7 1
1 1 99
2 7 1
1 1 99
2 7 1
1 1 99
2 7 1
1 1 99
2 7 1
1 1 99
2 7 1
1 1 99
2 7 1
1 1 99
2 7 1
1 1 99
2 7 1
1 1 99
2 7 1
1 1 99
2 7 1
1 1 99
2 7 1
1 1 99
2 7 1
1 1 30
2 7 1
2 6 1
1 1 98
2 6 1
1 1 1
2 6 1
1 1 1
2 6 1
2 7 1
1 1 99
2 7 1
1 1 99
2 7 1
1 1 2
2 7 1
2 8 1
1 1 99
2 8 1
1 1 99
2 8 1
1 1 99
2 8 1
1 1 99
2 8 1
1 1 99
2 8 1
1 1 99
2 8 1
1 1 99
2 8 1
1 1 99
2 8 1
1 1 99
2 8 1
1 1 99
2 8 1
1 1 99
2 8 1
1 1 99
2 8 1
1 1 99
2 8 1
1 1 99
2 8 1
1 1 99
2 8 1
1 1 99
2 8 1
1 1 99
2 8 1
1 1 99
2 8 1
1 1 99
2 8 1
1 1 99
2 8 1
1 1 99
2 8 1
1 1 99
2 8 1
1 1 99
2 8 1
1 1 99
2 8 1
1 1 99
2 8 1
1 1 99
2 8 1
1 1 99
2 8 1
1 1 99
2 8 1
1 1 99
2 8 1
1 1 99
2 8 1
1 1 99
2 8 1
1 1 99
2 8 1
1 1 99
2 8 1
1 1 99
2 8 1
1 1 99
2 8 1
1 1 99
2 8 1
1 1 99
2 8 1
1 1 99
2 8 1
1 1 99
2 8 1
1 1 99
2 8 1
1 1 99
2 8 1
1 1 99
2 8 1
1 1 99
2 8 1
1 1 99
2 8 1
1 1 99
2 8 1
1 1 99
2 8 1
1 1 99
2 8 1
1 1 99
2 8 1
1 1 99
2 8 1
1 1 99
2 8 1
1 1 99
2 8 1
1 1 99
2 8 1
1 1 99
2 8 1
1 1 99
2 8 1
1 1 99
2 8 1
1 1 99
2 8 1
1 1 99
2 8 1
1 1 99
2 8 1
1 1 99
2 8 1
1 1 99
2 8 1
1 1 99
2 8 1
1 1 99
2 8 1
1 1 99
2 8 1
1 1 99
2 8 1
1 1 99
2 8 1
1 1 99
2 8 1
1 1 99
2 8 1
1 1 99
2 8 1
1 1 68
2 8 1
2 10 1
1 1 99
2 10 1
1 1 99
2 10 1
1 1 99
2 10 1
1 1 99
2 10 1
1 1 99
2 10 1
1 1 99
2 10 1
1 1 99
2 10 1
1 1 99
2 10 1
1 1 99
2 10 1
1 1 99
2 10 1
1 1 99
2 10 1
1 1 99
2 10 1
1 1 99
2 10 1
1 1 99
2 10 1
1 1 99
2 10 1
1 1 99
2 10 1
1 1 99
2 10 1
1 1 99
2 10 1
1 1 99
2 10 1
1 1 99
2 10 1
1 1 99
2 10 1
1 1 99
2 10 1
1 1 99
2 10 1
1 1 99
2 10 1
1 1 99
2 10 1
1 1 99
2 10 1
1 1 99
2 10 1
1 1 99
2 10 1
1 1 99
2 10 1
1 1 99
2 10 1
1 1 99
2 10 1
1 1 99
2 10 1
1 1 99
2 10 1
1 1 99
2 10 1
1 1 99
2 10 1
1 1 99
2 10 1
1 1 99
2 10 1
1 1 99
2 10 1
1 1 99
2 10 1
1 1 99
2 10 1
1 1 99
2 10 1
1 1 99
2 10 1
1 1 99
2 10 1
1 1 99
2 10 1
1 1 99
2 10 1
1 1 99
2 10 1
1 1 99
2 10 1
1 1 99
2 10 1
1 1 99
2 10 1
1 1 99
2 10 1
1 1 99
2 10 1
1 1 99
2 10 1
1 1 99
2 10 1
1 1 99
2 10 1
1 1 99
2 10 1
1 1 99
2 10 1
1 1 99
2 10 1
1 1 99
2 10 1
1 1 58
2 10 1
2 9 1
1 1 98
2 9 1
1 1 1
2 9 1
1 1 1
2 9 1
2 11 1
1 1 99
2 11 1
1 1 99
2 11 1
1 1 99
2 11 1
1 1 99
2 11 1
1 1 99
2 11 1
1 1 99
2 11 1
1 1 99
2 11 1
1 1 99
2 11 1
1 1 99
2 11 1
1 1 99
2 11 1
1 1 99
2 11 1
1 1 99
2 11 1
1 1 99
2 11 1
1 1 99
2 11 1
1 1 99
2 11 1
1 1 99
2 11 1
1 1 99
2 11 1
1 1 99
2 11 1
1 1 99
2 11 1
1 1 99
2 11 1
1 1 99
2 11 1
1 1 99
2 11 1
1 1 99
2 11 1
1 1 99
2 11 1
1 1 99
2 11 1
1 1 99
2 11 1
1 1 99
2 11 1
1 1 99
2 11 1
1 1 99
2 11 1
1 1 99
2 11 1
1 1 99
2 11 1
1 1 99
2 11 1
1 1 99
2 11 1
1 1 99
2 11 1
1 1 99
2 11 1
1 1 99
2 11 1
1 1 99
2 11 1
1 1 99
2 11 1
1 1 99
2 11 1
1 1 99
2 11 1
1 1 99
2 11 1
1 1 99
2 11 1
1 1 99
2 11 1
1 1 99
2 11 1
1 1 99
2 11 1
1 1 99
2 11 1
1 1 99
2 11 1
1 1 99
2 11 1
1 1 99
2 11 1
1 1 99
2 11 1
1 1 99
2 11 1
1 1 99
2 11 1
1 1 99
2 11 1
1 1 99
2 11 1
1 1 99
2 11 1
1 1 99
2 11 1
1 1 99
2 11 1
1 1 99
2 11 1
1 1 99
2 11 1
1 1 99
2 11 1
1 1 99
2 11 1
1 1 99
2 11 1
1 1 99
2 11 1
1 1 99
2 11 1
1 1 99
2 11 1
1 1 99
2 11 1
1 1 99
2 11 1
1 1 99
2 11 1
1 1 99
2 11 1
1 1 99
2 11 1
1 1 99
2 11 1
1 1 99
2 11 1
1 1 99
2 11 1
1 1 99
2 11 1
1 1 99
2 11 1
1 1 99
2 11 1
1 1 99
2 11 1
1 1 99
2 11 1
1 1 99
2 11 1
1 1 99
2 11 1
1 1 99
2 11 1
1 1 99
2 11 1
1 1 99
2 11 1
1 1 99
2 11 1
1 1 99
2 11 1
1 1 99
2 11 1
1 1 99
2 11 1
1 1 99
2 11 1
1 1 88
2 11 1
2 10 1
1 1 98
2 10 1
1 1 1
2 10 1
1 1 1
2 10 1
2 11 1
1 1 99
2 11 1
1 1 99
2 11 1
1 1 99
2 11 1
1 1 99
2 11 1
1 1 99
2 11 1
1 1 99
2 11 1
1 1 99
2 11 1
1 1 99
2 11 1
1 1 99
2 11 1
1 1 99
2 11 1
1 1 99
2 11 1
1 1 99
2 11 1
1 1 99
2 11 1
1 1 99
2 11 1
1 1 99
2 11 1
1 1 99
2 11 1
1 1 99
2 11 1
1 1 99
2 11 1
1 1 99
2 11 1
1 1 99
2 11 1
1 1 99
2 11 1
1 1 99
2 11 1
1 1 99
2 11 1
1 1 99
2 11 1
1 1 99
2 11 1
1 1 99
2 11 1
1 1 99
2 11 1
1 1 99
2 11 1
1 1 99
2 11 1
1 1 99
2 11 1
1 1 99
2 11 1
1 1 99
2 11 1
1 1 32
2 11 1
2 13 1
1 1 99
2 13 1
1 1 99
2 13 1
1 1 99
2 13 1
1 1 99
2 13 1
1 1 99
2 13 1
1 1 99
2 13 1
1 1 99
2 13 1
1 1 99
2 13 1
1 1 99
2 13 1
1 1 99
2 13 1
1 1 99
2 13 1
1 1 99
2 13 1
1 1 99
2 13 1
1 1 99
2 13 1
1 1 99
2 13 1
1 1 99
2 13 1
1 1 99
2 13 1
1 1 99
2 13 1
1 1 99
2 13 1
1 1 99
2 13 1
1 1 99
2 13 1
1 1 99
2 13 1
1 1 99
2 13 1
1 1 99
2 13 1
1 1 99
2 13 1
1 1 99
2 13 1
1 1 99
2 13 1
1 1 99
2 13 1
1 1 99
2 13 1
1 1 99
2 13 1
1 1 99
2 13 1
1 1 99
2 13 1
1 1 99
2 13 1
1 1 99
2 13 1
1 1 99
2 13 1
1 1 99
2 13 1
1 1 99
2 13 1
1 1 99
2 13 1
1 1 99
2 13 1
1 1 99
2 13 1
1 1 99
2 13 1
1 1 99
2 13 1
1 1 99
2 13 1
1 1 99
2 13 1
1 1 99
2 13 1
1 1 99
2 13 1
1 1 99
2 13 1
1 1 99
2 13 1
1 1 48
2 13 1
2 12 1
1 1 98
2 12 1
1 1 1
2 12 1
1 1 1
2 12 1
2 13 1
1 1 99
2 13 1
1 1 99
2 13 1
1 1 99
2 13 1
1 1 99
2 13 1
1 1 99
2 13 1
1 1 99
2 13 1
1 1 99
2 13 1
1 1 99
2 13 1
1 1 99
2 13 1
1 1 99
2 13 1
1 1 99
2 13 1
1 1 99
2 13 1
1 1 99
2 13 1
1 1 99
2 13 1
1 1 99
2 13 1
1 1 99
2 13 1
1 1 99
2 13 1
1 1 99
2 13 1
1 1 99
2 13 1
1 1 99
2 13 1
1 1 99
2 13 1
1 1 99
2 13 1
1 1 99
2 13 1
1 1 99
2 13 1
1 1 99
2 13 1
1 1 99
2 13 1
1 1 99
2 13 1
1 1 99
2 13 1
1 1 99
2 13 1
1 1 99
2 13 1
1 1 99
2 13 1
1 1 99
2 13 1
1 1 99
2 13 1
1 1 99
2 13 1
1 1 99
2 13 1
1 1 99
2 13 1
1 1 99
2 13 1
1 1 99
2 13 1
1 1 99
2 13 1
1 1 99
2 13 1
1 1 99
2 13 1
1 1 99
2 13 1
1 1 99
2 13 1
1 1 99
2 13 1
1 1 99
2 13 1
1 1 99
2 13 1
1 1 99
2 13 1
1 1 99
2 13 1
1 1 99
2 13 1
1 1 99
2 13 1
1 1 99
2 13 1
1 1 99
2 13 1
1 1 99
2 13 1
1 1 99
2 13 1
1 1 99
2 13 1
1 1 99
2 13 1
1 1 99
2 13 1
1 1 99
2 13 1
1 1 99
2 13 1
1 1 99
2 13 1
1 1 99
2 13 1
1 1 99
2 13 1
1 1 99
2 13 1
1 1 99
2 13 1
1 1 99
2 13 1
1 1 99
2 13 1
1 1 99
2 13 1
1 1 99
2 13 1
1 1 68
2 13 1
2 14 1
1 1 99
2 14 1
1 1 99
2 14 1
1 1 99
2 14 1
1 1 99
2 14 1
1 1 99
2 14 1
1 1 99
2 14 1
1 1 99
2 14 1
1 1 99
2 14 1
1 1 99
2 14 1
1 1 99
2 14 1
1 1 99
2 14 1
1 1 99
2 14 1
1 1 99
2 14 1
1 1 99
2 14 1
1 1 99
2 14 1
1 1 99
2 14 1
1 1 99
2 14 1
1 1 99
2 14 1
1 1 99
2 14 1
1 1 99
2 14 1
1 1 99
2 14 1
1 1 99
2 14 1
1 1 99
2 14 1
1 1 99
2 14 1
1 1 99
2 14 1
1 1 99
2 14 1
1 1 26
2 14 1
2 16 1
1 1 99
2 16 1
1 1 99
2 16 1
1 1 99
2 16 1
1 1 99
2 16 1
1 1 99
2 16 1
1 1 99
2 16 1
1 1 99
2 16 1
1 1 99
2 16 1
1 1 99
2 16 1
1 1 99
2 16 1
1 1 99
2 16 1
1 1 99
2 16 1
1 1 99
2 16 1
1 1 99
2 16 1
1 1 99
2 16 1
1 1 99
2 16 1
1 1 99
2 16 1
1 1 99
2 16 1
1 1 99
2 16 1
1 1 99
2 16 1
1 1 99
2 16 1
1 1 99
2 16 1
1 1 99
2 16 1
1 1 99
2 16 1
1 1 24
2 16 1
2 15 1
1 1 98
2 15 1
1 1 1
2 15 1
1 1 1
2 15 1
2 17 1
1 1 99
2 17 1
1 1 99
2 17 1
1 1 99
2 17 1
1 1 99
2 17 1
1 1 99
2 17 1
1 1 99
2 17 1
1 1 99
2 17 1
1 1 99
2 17 1
1 1 99
2 17 1
1 1 99
2 17 1
1 1 99
2 17 1
1 1 99
2 17 1
1 1 99
2 17 1
1 1 99
2 17 1
1 1 99
2 17 1
1 1 99
2 17 1
1 1 99
2 17 1
1 1 99
2 17 1
1 1 99
2 17 1
1 1 99
2 17 1
1 1 99
2 17 1
1 1 99
2 17 1
1 1 99
2 17 1
1 1 99
2 17 1
1 1 99
2 17 1
1 1 99
2 17 1
1 1 99
2 17 1
1 1 99
2 17 1
1 1 99
2 17 1
1 1 99
2 17 1
1 1 99
2 17 1
1 1 99
2 17 1
1 1 99
2 17 1
1 1 99
2 17 1
1 1 99
2 17 1
1 1 99
2 17 1
1 1 99
2 17 1
1 1 99
2 17 1
1 1 99
2 17 1
1 1 99
2 17 1
1 1 99
2 17 1
1 1 99
2 17 1
1 1 99
2 17 1
1 1 99
2 17 1
1 1 99
2 17 1
1 1 99
2 17 1
1 1 99
2 17 1
1 1 99
2 17 1
1 1 99
2 17 1
1 1 99
2 17 1
1 1 99
2 17 1
1 1 99
2 17 1
1 1 99
2 17 1
1 1 99
2 17 1
1 1 99
2 17 1
1 1 99
2 17 1
1 1 99
2 17 1
1 1 99
2 17 1
1 1 99
2 17 1
1 1 99
2 17 1
1 1 99
2 17 1
1 1 99
2 17 1
1 1 62
2 17 1
2 16 1
1 1 98
2 16 1
1 1 1
2 16 1
1 1 1
2 16 1
2 17 1
1 1 99
2 17 1
1 1 99
2 17 1
1 1 99
2 17 1
1 1 99
2 17 1
1 1 99
2 17 1
1 1 99
2 17 1
1 1 99
2 17 1
1 1 99
2 17 1
1 1 99
2 17 1
1 1 99
2 17 1
1 1 99
2 17 1
1 1 99
2 17 1
1 1 99
2 17 1
1 1 99
2 17 1
1 1 99
2 17 1
1 1 99
2 17 1
1 1 99
2 17 1
1 1 99
2 17 1
1 1 99
2 17 1
1 1 99
2 17 1
1 1 99
2 17 1
1 1 99
2 17 1
1 1 99
2 17 1
1 1 99
2 17 1
1 1 99
2 17 1
1 1 99
2 17 1
1 1 99
2 17 1
1 1 99
2 17 1
1 1 99
2 17 1
1 1 99
2 17 1
1 1 99
2 17 1
1 1 99
2 17 1
1 1 99
2 17 1
1 1 99
2 17 1
1 1 99
2 17 1
1 1 99
2 17 1
1 1 36
2 17 1
2 18 1
1 1 99
2 18 1
1 1 99
2 18 1
1 1 2
2 18 1
2 19 1
1 1 99
2 19 1
1 1 99
2 19 1
1 1 99
2 19 1
1 1 99
2 19 1
1 1 99
2 19 1
1 1 99
2 19 1
1 1 99
2 19 1
1 1 99
2 19 1
1 1 99
2 19 1
1 1 99
2 19 1
1 1 99
2 19 1
1 1 99
2 19 1
1 1 99
2 19 1
1 1 99
2 19 1
1 1 99
2 19 1
1 1 99
2 19 1
1 1 99
2 19 1
1 1 99
2 19 1
1 1 99
2 19 1
1 1 99
2 19 1
1 1 99
2 19 1
1 1 99
2 19 1
1 1 22
2 19 1
2 20 1
1 1 99
2 20 1
1 1 99
2 20 1
1 1 99
2 20 1
1 1 99
2 20 1
1 1 99
2 20 1
1 1 99
2 20 1
1 1 99
2 20 1
1 1 99
2 20 1
1 1 99
2 20 1
1 1 99
2 20 1
1 1 99
2 20 1
1 1 99
2 20 1
1 1 99
2 20 1
1 1 99
2 20 1
1 1 99
2 20 1
1 1 99
2 20 1
1 1 99
2 20 1
1 1 99
2 20 1
1 1 99
2 20 1
1 1 99
2 20 1
1 1 99
2 20 1
1 1 99
2 20 1
1 1 99
2 20 1
1 1 99
2 20 1
1 1 99
2 20 1
1 1 99
2 20 1
1 1 99
2 20 1
1 1 99
2 20 1
1 1 99
2 20 1
1 1 99
2 20 1
1 1 99
2 20 1
1 1 99
2 20 1
1 1 99
2 20 1
1 1 99
2 20 1
1 1 99
2 20 1
1 1 99
2 20 1
1 1 99
2 20 1
1 1 99
2 20 1
1 1 99
2 20 1
1 1 99
2 20 1
1 1 99
2 20 1
1 1 99
2 20 1
1 1 99
2 20 1
1 1 99
2 20 1
1 1 99
2 20 1
1 1 99
2 20 1
1 1 99
2 20 1
1 1 99
2 20 1
1 1 99
2 20 1
1 1 99
2 20 1
1 1 99
2 20 1
1 1 99
2 20 1
1 1 99
2 20 1
1 1 99
2 20 1
1 1 99
2 20 1
1 1 99
2 20 1
1 1 99
2 20 1
1 1 99
2 20 1
1 1 99
2 20 1
1 1 99
2 20 1
1 1 99
2 20 1
1 1 99
2 20 1
1 1 99
2 20 1
1 1 99
2 20 1
1 1 99
2 20 1
1 1 99
2 20 1
1 1 99
2 20 1
1 1 99
2 20 1
1 1 99
2 20 1
1 1 99
2 20 1
1 1 99
2 20 1
1 1 99
2 20 1
1 1 99
2 20 1
1 1 99
2 20 1
1 1 74
2 20 1
2 22 1
1 1 99
2 22 1
1 1 99
2 22 1
1 1 99
2 22 1
1 1 99
2 22 1
1 1 99
2 22 1
1 1 99
2 22 1
1 1 99
2 22 1
1 1 99
2 22 1
1 1 99
2 22 1
1 1 99
2 22 1
1 1 99
2 22 1
1 1 99
2 22 1
1 1 99
2 22 1
1 1 99
2 22 1
1 1 99
2 22 1
1 1 99
2 22 1
1 1 99
2 22 1
1 1 99
2 22 1
1 1 99
2 22 1
1 1 99
2 22 1
1 1 99
2 22 1
1 1 99
2 22 1
1 1 99
2 22 1
1 1 99
2 22 1
1 1 99
2 22 1
1 1 99
2 22 1
1 1 99
2 22 1
1 1 99
2 22 1
1 1 99
2 22 1
1 1 99
2 22 1
1 1 99
2 22 1
1 1 99
2 22 1
1 1 99
2 22 1
1 1 99
2 22 1
1 1 99
2 22 1
1 1 99
2 22 1
1 1 99
2 22 1
1 1 99
2 22 1
1 1 99
2 22 1
1 1 99
2 22 1
1 1 99
2 22 1
1 1 99
2 22 1
1 1 99
2 22 1
1 1 99
2 22 1
1 1 99
2 22 1
1 1 99
2 22 1
1 1 99
2 22 1
1 1 99
2 22 1
1 1 99
2 22 1
1 1 99
2 22 1
1 1 99
2 22 1
1 1 99
2 22 1
1 1 99
2 22 1
1 1 99
2 22 1
1 1 99
2 22 1
1 1 99
2 22 1
1 1 99
2 22 1
1 1 99
2 22 1
1 1 99
2 22 1
1 1 99
2 22 1
1 1 60
2 22 1
2 21 1
1 1 98
2 21 1
1 1 1
2 21 1
1 1 1
2 21 1
2 22 1
1 1 99
2 22 1
1 1 99
2 22 1
1 1 99
2 22 1
1 1 99
2 22 1
1 1 99
2 22 1
1 1 99
2 22 1
1 1 99
2 22 1
1 1 99
2 22 1
1 1 99
2 22 1
1 1 99
2 22 1
1 1 99
2 22 1
1 1 99
2 22 1
1 1 99
2 22 1
1 1 99
2 22 1
1 1 99
2 22 1
1 1 99
2 22 1
1 1 99
2 22 1
1 1 99
2 22 1
1 1 99
2 22 1
1 1 99
2 22 1
1 1 99
2 22 1
1 1 99
2 22 1
1 1 99
2 22 1
1 1 99
2 22 1
1 1 99
2 22 1
1 1 99
2 22 1
1 1 99
2 22 1
1 1 99
2 22 1
1 1 99
2 22 1
1 1 99
2 22 1
1 1 99
2 22 1
1 1 99
2 22 1
1 1 99
2 22 1
1 1 99
2 22 1
1 1 99
2 22 1
1 1 99
2 22 1
1 1 99
2 22 1
1 1 99
2 22 1
1 1 99
2 22 1
1 1 99
2 22 1
1 1 99
2 22 1
1 1 99
2 22 1
1 1 99
2 22 1
1 1 99
2 22 1
1 1 99
2 22 1
1 1 99
2 22 1
1 1 99
2 22 1
1 1 99
2 22 1
1 1 99
2 22 1
1 1 99
2 22 1
1 1 99
2 22 1
1 1 99
2 22 1
1 1 99
2 22 1
1 1 99
2 22 1
1 1 99
2 22 1
1 1 99
2 22 1
1 1 99
2 22 1
1 1 99
2 22 1
1 1 99
2 22 1
1 1 99
2 22 1
1 1 99
2 22 1
1 1 99
2 22 1
1 1 99
2 22 1
1 1 99
2 22 1
1 1 99
2 22 1
1 1 99
2 22 1
1 1 99
2 22 1
1 1 99
2 22 1
1 1 99
2 22 1
1 1 99
2 22 1
1 1 70
2 22 1
2 24 1
1 1 99
2 24 1
1 1 99
2 24 1
1 1 99
2 24 1
1 1 99
2 24 1
1 1 99
2 24 1
1 1 99
2 24 1
1 1 99
2 24 1
1 1 99
2 24 1
1 1 99
2 24 1
1 1 99
2 24 1
1 1 99
2 24 1
1 1 99
2 24 1
1 1 99
2 24 1
1 1 99
2 24 1
1 1 99
2 24 1
1 1 99
2 24 1
1 1 99
2 24 1
1 1 99
2 24 1
1 1 99
2 24 1
1 1 99
2 24 1
1 1 99
2 24 1
1 1 99
2 24 1
1 1 99
2 24 1
1 1 99
2 24 1
1 1 99
2 24 1
1 1 99
2 24 1
1 1 99
2 24 1
1 1 99
2 24 1
1 1 99
2 24 1
1 1 99
2 24 1
1 1 99
2 24 1
1 1 99
2 24 1
1 1 99
2 24 1
1 1 99
2 24 1
1 1 99
2 24 1
1 1 99
2 24 1
1 1 36
2 24 1
2 23 1
1 1 98
2 23 1
1 1 1
2 23 1
1 1 1
2 23 1
2 25 1
1 1 99
2 25 1
1 1 99
2 25 1
1 1 99
2 25 1
1 1 99
2 25 1
1 1 99
2 25 1
1 1 99
2 25 1
1 1 99
2 25 1
1 1 99
2 25 1
1 1 99
2 25 1
1 1 99
2 25 1
1 1 99
2 25 1
1 1 99
2 25 1
1 1 99
2 25 1
1 1 99
2 25 1
1 1 99
2 25 1
1 1 99
2 25 1
1 1 99
2 25 1
1 1 99
2 25 1
1 1 99
2 25 1
1 1 99
2 25 1
1 1 99
2 25 1
1 1 99
2 25 1
1 1 99
2 25 1
1 1 99
2 25 1
1 1 99
2 25 1
1 1 99
2 25 1
1 1 99
2 25 1
1 1 99
2 25 1
1 1 99
2 25 1
1 1 99
2 25 1
1 1 99
2 25 1
1 1 99
2 25 1
1 1 99
2 25 1
1 1 99
2 25 1
1 1 99
2 25 1
1 1 99
2 25 1
1 1 99
2 25 1
1 1 99
2 25 1
1 1 99
2 25 1
1 1 99
2 25 1
1 1 99
2 25 1
1 1 99
2 25 1
1 1 99
2 25 1
1 1 99
2 25 1
1 1 99
2 25 1
1 1 99
2 25 1
1 1 99
2 25 1
1 1 99
2 25 1
1 1 99
2 25 1
1 1 99
2 25 1
1 1 99
2 25 1
1 1 99
2 25 1
1 1 99
2 25 1
1 1 99
2 25 1
1 1 99
2 25 1
1 1 99
2 25 1
1 1 99
2 25 1
1 1 99
2 25 1
1 1 99
2 25 1
1 1 99
2 25 1
1 1 99
2 25 1
1 1 99
2 25 1
1 1 99
2 25 1
1 1 99
2 25 1
1 1 99
2 25 1
1 1 99
2 25 1
1 1 99
2 25 1
1 1 99
2 25 1
1 1 68
2 25 1
2 24 1
1 1 98
2 24 1
1 1 1
2 24 1
1 1 1
2 24 1
2 25 1
1 1 99
2 25 1
1 1 99
2 25 1
1 1 99
2 25 1
1 1 99
2 25 1
1 1 99
2 25 1
1 1 99
2 25 1
1 1 99
2 25 1
1 1 99
2 25 1
1 1 99
2 25 1
1 1 99
2 25 1
1 1 99
2 25 1
1 1 99
2 25 1
1 1 99
2 25 1
1 1 99
2 25 1
1 1 99
2 25 1
1 1 99
2 25 1
1 1 16
2 25 1
2 27 1
1 1 99
2 27 1
1 1 99
2 27 1
1 1 99
2 27 1
1 1 99
2 27 1
1 1 4
2 27 1
2 26 1
1 1 98
2 26 1
1 1 1
2 26 1
1 1 1
2 26 1
2 28 1
1 1 99
2 28 1
1 1 99
2 28 1
1 1 99
2 28 1
1 1 99
2 28 1
1 1 99
2 28 1
1 1 99
2 28 1
1 1 99
2 28 1
1 1 99
2 28 1
1 1 99
2 28 1
1 1 99
2 28 1
1 1 99
2 28 1
1 1 99
2 28 1
1 1 99
2 28 1
1 1 99
2 28 1
1 1 99
2 28 1
1 1 99
2 28 1
1 1 99
2 28 1
1 1 99
2 28 1
1 1 99
2 28 1
1 1 99
2 28 1
1 1 99
2 28 1
1 1 99
2 28 1
1 1 99
2 28 1
1 1 99
2 28 1
1 1 99
2 28 1
1 1 99
2 28 1
1 1 99
2 28 1
1 1 99
2 28 1
1 1 99
2 28 1
1 1 99
2 28 1
1 1 99
2 28 1
1 1 99
2 28 1
1 1 99
2 28 1
1 1 99
2 28 1
1 1 99
2 28 1
1 1 99
2 28 1
1 1 99
2 28 1
1 1 99
2 28 1
1 1 99
2 28 1
1 1 99
2 28 1
1 1 99
2 28 1
1 1 99
2 28 1
1 1 99
2 28 1
1 1 99
2 28 1
1 1 99
2 28 1
1 1 99
2 28 1
1 1 99
2 28 1
1 1 99
2 28 1
1 1 99
2 28 1
1 1 99
2 28 1
1 1 99
2 28 1
1 1 99
2 28 1
1 1 99
2 28 1
1 1 99
2 28 1
1 1 99
2 28 1
1 1 99
2 28 1
1 1 56
2 28 1
2 27 1
1 1 98
2 27 1
1 1 1
2 27 1
1 1 1
2 27 1
2 29 1
1 1 99
2 29 1
1 1 99
2 29 1
1 1 99
2 29 1
1 1 99
2 29 1
1 1 99
2 29 1
1 1 99
2 29 1
1 1 99
2 29 1
1 1 99
2 29 1
1 1 99
2 29 1
1 1 99
2 29 1
1 1 99
2 29 1
1 1 99
2 29 1
1 1 99
2 29 1
1 1 99
2 29 1
1 1 99
2 29 1
1 1 99
2 29 1
1 1 99
2 29 1
1 1 99
2 29 1
1 1 99
2 29 1
1 1 99
2 29 1
1 1 20
2 29 1
2 28 1
1 1 98
2 28 1
1 1 1
2 28 1
1 1 1
2 28 1
2 30 1
1 1 99
2 30 1
1 1 99
2 30 1
1 1 99
2 30 1
1 1 99
2 30 1
1 1 99
2 30 1
1 1 99
2 30 1
1 1 99
2 30 1
1 1 99
2 30 1
1 1 99
2 30 1
1 1 99
2 30 1
1 1 99
2 30 1
1 1 99
2 30 1
1 1 99
2 30 1
1 1 99
2 30 1
1 1 99
2 30 1
1 1 99
2 30 1
1 1 99
2 30 1
1 1 99
2 30 1
1 1 99
2 30 1
1 1 99
2 30 1
1 1 99
2 30 1
1 1 99
2 30 1
1 1 99
2 30 1
1 1 99
2 30 1
1 1 99
2 30 1
1 1 99
2 30 1
1 1 99
2 30 1
1 1 99
2 30 1
1 1 99
2 30 1
1 1 99
2 30 1
1 1 99
2 30 1
1 1 99
2 30 1
1 1 99
2 30 1
1 1 99
2 30 1
1 1 99
2 30 1
1 1 99
2 30 1
1 1 99
2 30 1
1 1 99
2 30 1
1 1 99
2 30 1
1 1 99
2 30 1
1 1 99
2 30 1
1 1 99
2 30 1
1 1 99
2 30 1
1 1 99
2 30 1
1 1 99
2 30 1
1 1 99
2 30 1
1 1 99
2 30 1
1 1 99
2 30 1
1 1 99
2 30 1
1 1 99
2 30 1
1 1 99
2 30 1
1 1 99
2 30 1
1 1 52
2 30 1
2 29 1
1 1 98
2 29 1
1 1 1
2 29 1
1 1 1
2 29 1
2 30 1
1 1 99
2 30 1
1 1 99
2 30 1
1 1 99
2 30 1
1 1 99
2 30 1
1 1 99
2 30 1
1 1 99
2 30 1
1 1 99
2 30 1
1 1 99
2 30 1
1 1 99
2 30 1
1 1 99
2 30 1
1 1 99
2 30 1
1 1 99
2 30 1
1 1 99
2 30 1
1 1 99
2 30 1
1 1 99
2 30 1
1 1 99
2 30 1
1 1 99
2 30 1
1 1 99
2 30 1
1 1 99
2 30 1
1 1 99
2 30 1
1 1 99
2 30 1
1 1 99
2 30 1
1 1 99
2 30 1
1 1 99
2 30 1
1 1 99
2 30 1
1 1 99
2 30 1
1 1 99
2 30 1
1 1 99
2 30 1
1 1 99
2 30 1
1 1 99
2 30 1
1 1 99
2 30 1
1 1 99
2 30 1
1 1 99
2 30 1
1 1 99
2 30 1
1 1 99
2 30 1
1 1 99
2 30 1
1 1 99
2 30 1
1 1 99
2 30 1
1 1 99
2 30 1
1 1 99
2 30 1
1 1 99
2 30 1
1 1 99
2 30 1
1 1 99
2 30 1
1 1 99
2 30 1
1 1 99
2 30 1
1 1 99
2 30 1
1 1 99
2 30 1
1 1 99
2 30 1
1 1 99
2 30 1
1 1 99
2 30 1
1 1 99
2 30 1
1 1 99
2 30 1
1 1 99
2 30 1
1 1 99
2 30 1
1 1 99
2 30 1
1 1 99
2 30 1
1 1 99
2 30 1
1 1 99
2 30 1
1 1 99
2 30 1
1 1 99
2 30 1
1 1 99
2 30 1
1 1 99
2 30 1
1 1 99
2 30 1
1 1 99
2 30 1
1 1 99
2 30 1
1 1 99
2 30 1
1 1 99
2 30 1
1 1 99
2 30 1
1 1 68
2 30 1
2 32 1
1 1 99
2 32 1
1 1 99
2 32 1
1 1 99
2 32 1
1 1 99
2 32 1
1 1 99
2 32 1
1 1 99
2 32 1
1 1 99
2 32 1
1 1 99
2 32 1
1 1 99
2 32 1
1 1 99
2 32 1
1 1 99
2 32 1
1 1 99
2 32 1
1 1 99
2 32 1
1 1 99
2 32 1
1 1 99
2 32 1
1 1 99
2 32 1
1 1 99
2 32 1
1 1 99
2 32 1
1 1 99
2 32 1
1 1 99
2 32 1
1 1 99
2 32 1
1 1 99
2 32 1
1 1 99
2 32 1
1 1 99
2 32 1
1 1 99
2 32 1
1 1 99
2 32 1
1 1 99
2 32 1
1 1 99
2 32 1
1 1 99
2 32 1
1 1 99
2 32 1
1 1 99
2 32 1
1 1 99
2 32 1
1 1 99
2 32 1
1 1 99
2 32 1
1 1 99
2 32 1
1 1 99
2 32 1
1 1 99
2 32 1
1 1 99
2 32 1
1 1 99
2 32 1
1 1 99
2 32 1
1 1 99
2 32 1
1 1 99
2 32 1
1 1 99
2 32 1
1 1 99
2 32 1
1 1 99
2 32 1
1 1 99
2 32 1
1 1 99
2 32 1
1 1 99
2 32 1
1 1 99
2 32 1
1 1 99
2 32 1
1 1 99
2 32 1
1 1 99
2 32 1
1 1 99
2 32 1
1 1 99
2 32 1
1 1 99
2 32 1
1 1 99
2 32 1
1 1 99
2 32 1
1 1 99
2 32 1
1 1 99
2 32 1
1 1 99
2 32 1
1 1 60
2 32 1
2 31 1
1 1 98
2 31 1
1 1 1
2 31 1
1 1 1
2 31 1
2 33 1
1 1 99
2 33 1
1 1 99
2 33 1
1 1 99
2 33 1
1 1 99
2 33 1
1 1 99
2 33 1
1 1 99
2 33 1
1 1 99
2 33 1
1 1 99
2 33 1
1 1 99
2 33 1
1 1 99
2 33 1
1 1 99
2 33 1
1 1 99
2 33 1
1 1 99
2 33 1
1 1 99
2 33 1
1 1 99
2 33 1
1 1 99
2 33 1
1 1 99
2 33 1
1 1 99
2 33 1
1 1 99
2 33 1
1 1 99
2 33 1
1 1 99
2 33 1
1 1 99
2 33 1
1 1 99
2 33 1
1 1 99
2 33 1
1 1 99
2 33 1
1 1 99
2 33 1
1 1 99
2 33 1
1 1 99
2 33 1
1 1 99
2 33 1
1 1 99
2 33 1
1 1 99
2 33 1
1 1 99
2 33 1
1 1 99
2 33 1
1 1 99
2 33 1
1 1 99
2 33 1
1 1 99
2 33 1
1 1 99
2 33 1
1 1 99
2 33 1
1 1 99
2 33 1
1 1 99
2 33 1
1 1 99
2 33 1
1 1 99
2 33 1
1 1 99
2 33 1
1 1 99
2 33 1
1 1 99
2 33 1
1 1 99
2 33 1
1 1 99
2 33 1
1 1 99
2 33 1
1 1 99
2 33 1
1 1 99
2 33 1
1 1 99
2 33 1
1 1 99
2 33 1
1 1 99
2 33 1
1 1 99
2 33 1
1 1 54
2 33 1
2 32 1
1 1 98
2 32 1
1 1 1
2 32 1
1 1 1
2 32 1
2 34 1
1 1 99
2 34 1
1 1 99
2 34 1
1 1 99
2 34 1
1 1 99
2 34 1
1 1 99
2 34 1
1 1 99
2 34 1
1 1 99
2 34 1
1 1 99
2 34 1
1 1 99
2 34 1
1 1 99
2 34 1
1 1 99
2 34 1
1 1 99
2 34 1
1 1 99
2 34 1
1 1 99
2 34 1
1 1 99
2 34 1
1 1 99
2 34 1
1 1 99
2 34 1
1 1 99
2 34 1
1 1 99
2 34 1
1 1 99
2 34 1
1 1 99
2 34 1
1 1 99
2 34 1
1 1 99
2 34 1
1 1 99
2 34 1
1 1 99
2 34 1
1 1 99
2 34 1
1 1 99
2 34 1
1 1 99
2 34 1
1 1 99
2 34 1
1 1 99
2 34 1
1 1 99
2 34 1
1 1 99
2 34 1
1 1 99
2 34 1
1 1 99
2 34 1
1 1 99
2 34 1
1 1 99
2 34 1
1 1 99
2 34 1
1 1 99
2 34 1
1 1 99
2 34 1
1 1 99
2 34 1
1 1 99
2 34 1
1 1 99
2 34 1
1 1 99
2 34 1
1 1 99
2 34 1
1 1 99
2 34 1
1 1 99
2 34 1
1 1 99
2 34 1
1 1 99
2 34 1
1 1 99
2 34 1
1 1 99
2 34 1
1 1 99
2 34 1
1 1 99
2 34 1
1 1 52
2 34 1
2 33 1
1 1 98
2 33 1
1 1 1
2 33 1
1 1 1
2 33 1
2 34 1
1 1 99
2 34 1
1 1 99
2 34 1
1 1 99
2 34 1
1 1 99
2 34 1
1 1 99
2 34 1
1 1 99
2 34 1
1 1 99
2 34 1
1 1 99
2 34 1
1 1 99
2 34 1
1 1 99
2 34 1
1 1 99
2 34 1
1 1 99
2 34 1
1 1 99
2 34 1
1 1 99
2 34 1
1 1 14
2 34 1
2 35 1
1 1 99
2 35 1
1 1 99
2 35 1
1 1 99
2 35 1
1 1 99
2 35 1
1 1 99
2 35 1
1 1 99
2 35 1
1 1 99
2 35 1
1 1 99
2 35 1
1 1 99
2 35 1
1 1 99
2 35 1
1 1 99
2 35 1
1 1 99
2 35 1
1 1 99
2 35 1
1 1 99
2 35 1
1 1 99
2 35 1
1 1 99
2 35 1
1 1 99
2 35 1
1 1 99
2 35 1
1 1 99
2 35 1
1 1 99
2 35 1
1 1 99
2 35 1
1 1 99
2 35 1
1 1 22
2 35 1
2 37 1
1 1 99
2 37 1
1 1 99
2 37 1
1 1 99
2 37 1
1 1 99
2 37 1
1 1 99
2 37 1
1 1 99
2 37 1
1 1 99
2 37 1
1 1 99
2 37 1
1 1 99
2 37 1
1 1 99
2 37 1
1 1 99
2 37 1
1 1 99
2 37 1
1 1 99
2 37 1
1 1 99
2 37 1
1 1 14
2 37 1
2 36 1
1 1 98
2 36 1
1 1 1
2 36 1
1 1 1
2 36 1
2 38 1
1 1 99
2 38 1
1 1 99
2 38 1
1 1 99
2 38 1
1 1 99
2 38 1
1 1 99
2 38 1
1 1 99
2 38 1
1 1 99
2 38 1
1 1 99
2 38 1
1 1 99
2 38 1
1 1 99
2 38 1
1 1 99
2 38 1
1 1 99
2 38 1
1 1 99
2 38 1
1 1 99
2 38 1
1 1 99
2 38 1
1 1 99
2 38 1
1 1 99
2 38 1
1 1 99
2 38 1
1 1 99
2 38 1
1 1 99
2 38 1
1 1 99
2 38 1
1 1 99
2 38 1
1 1 22
2 38 1
2 37 1
1 1 98
2 37 1
1 1 1
2 37 1
1 1 1
2 37 1
2 39 1
1 1 99
2 39 1
1 1 99
2 39 1
1 1 99
2 39 1
1 1 99
2 39 1
1 1 99
2 39 1
1 1 99
2 39 1
1 1 99
2 39 1
1 1 99
2 39 1
1 1 99
2 39 1
1 1 99
2 39 1
1 1 99
2 39 1
1 1 99
2 39 1
1 1 12
2 39 1
2 38 1
1 1 98
2 38 1
1 1 1
2 38 1
1 1 1
2 38 1
2 40 1
1 1 99
2 40 1
1 1 99
2 40 1
1 1 99
2 40 1
1 1 99
2 40 1
1 1 99
2 40 1
1 1 99
2 40 1
1 1 99
2 40 1
1 1 99
2 40 1
1 1 99
2 40 1
1 1 99
2 40 1
1 1 99
2 40 1
1 1 99
2 40 1
1 1 99
2 40 1
1 1 99
2 40 1
1 1 99
2 40 1
1 1 99
2 40 1
1 1 99
2 40 1
1 1 99
2 40 1
1 1 99
2 40 1
1 1 99
2 40 1
1 1 99
2 40 1
1 1 99
2 40 1
1 1 99
2 40 1
1 1 99
2 40 1
1 1 99
2 40 1
1 1 99
2 40 1
1 1 99
2 40 1
1 1 99
2 40 1
1 1 99
2 40 1
1 1 99
2 40 1
1 1 99
2 40 1
1 1 99
2 40 1
1 1 99
2 40 1
1 1 99
2 40 1
1 1 99
2 40 1
1 1 99
2 40 1
1 1 99
2 40 1
1 1 99
2 40 1
1 1 99
2 40 1
1 1 99
2 40 1
1 1 99
2 40 1
1 1 99
2 40 1
1 1 99
2 40 1
1 1 99
2 40 1
1 1 99
2 40 1
1 1 99
2 40 1
1 1 46
2 40 1
2 39 1
1 1 98
2 39 1
1 1 1
2 39 1
1 1 1
2 39 1
2 41 1
1 1 99
2 41 1
1 1 99
2 41 1
1 1 99
2 41 1
1 1 99
2 41 1
1 1 99
2 41 1
1 1 99
2 41 1
1 1 99
2 41 1
1 1 99
2 41 1
1 1 99
2 41 1
1 1 99
2 41 1
1 1 99
2 41 1
1 1 99
2 41 1
1 1 99
2 41 1
1 1 99
2 41 1
1 1 99
2 41 1
1 1 99
2 41 1
1 1 16
2 41 1
2 40 1
1 1 98
2 40 1
1 1 1
2 40 1
1 1 1
2 40 1
2 42 1
1 1 99
2 42 1
1 1 99
2 42 1
1 1 99
2 42 1
1 1 99
2 42 1
1 1 99
2 42 1
1 1 99
2 42 1
1 1 99
2 42 1
1 1 99
2 42 1
1 1 8
2 42 1
2 41 1
1 1 98
2 41 1
1 1 1
2 41 1
1 1 1
2 41 1
2 43 1
1 1 99
2 43 1
1 1 99
2 43 1
1 1 99
2 43 1
1 1 99
2 43 1
1 1 99
2 43 1
1 1 99
2 43 1
1 1 6
2 43 1
2 42 1
1 1 98
2 42 1
1 1 1
2 42 1
1 1 1
2 42 1
2 43 1
1 1 99
2 43 1
1 1 99
2 43 1
1 1 99
2 43 1
1 1 99
2 43 1
1 1 99
2 43 1
1 1 99
2 43 1
1 1 99
2 43 1
1 1 99
2 43 1
1 1 99
2 43 1
1 1 99
2 43 1
1 1 99
2 43 1
1 1 99
2 43 1
1 1 99
2 43 1
1 1 99
2 43 1
1 1 99
2 43 1
1 1 99
2 43 1
1 1 99
2 43 1
1 1 99
2 43 1
1 1 99
2 43 1
1 1 99
2 43 1
1 1 99
2 43 1
1 1 99
2 43 1
1 1 99
2 43 1
1 1 99
2 43 1
1 1 99
2 43 1
1 1 99
2 43 1
1 1 99
2 43 1
1 1 99
2 43 1
1 1 28
2 43 1
2 44 1
1 1 99
2 44 1
1 1 99
2 44 1
1 1 99
2 44 1
1 1 99
2 44 1
1 1 99
2 44 1
1 1 99
2 44 1
1 1 99
2 44 1
1 1 99
2 44 1
1 1 99
2 44 1
1 1 99
2 44 1
1 1 99
2 44 1
1 1 99
2 44 1
1 1 99
2 44 1
1 1 99
2 44 1
1 1 99
2 44 1
1 1 99
2 44 1
1 1 99
2 44 1
1 1 99
2 44 1
1 1 99
2 44 1
1 1 99
2 44 1
1 1 99
2 44 1
1 1 99
2 44 1
1 1 99
2 44 1
1 1 99
2 44 1
1 1 99
2 44 1
1 1 99
2 44 1
1 1 99
2 44 1
1 1 99
2 44 1
1 1 99
2 44 1
1 1 99
2 44 1
1 1 99
2 44 1
1 1 99
2 44 1
1 1 99
2 44 1
1 1 99
2 44 1
1 1 99
2 44 1
1 1 99
2 44 1
1 1 99
2 44 1
1 1 99
2 44 1
1 1 99
2 44 1
1 1 99
2 44 1
1 1 99
2 44 1
1 1 99
2 44 1
1 1 99
2 44 1
1 1 99
2 44 1
1 1 99
2 44 1
1 1 99
2 44 1
1 1 99
2 44 1
1 1 99
2 44 1
1 1 99
2 44 1
1 1 99
2 44 1
1 1 99
2 44 1
1 1 99
2 44 1
1 1 52
2 44 1
2 46 1
1 1 99
2 46 1
1 1 99
2 46 1
1 1 99
2 46 1
1 1 99
2 46 1
1 1 99
2 46 1
1 1 99
2 46 1
1 1 99
2 46 1
1 1 99
2 46 1
1 1 99
2 46 1
1 1 99
2 46 1
1 1 99
2 46 1
1 1 99
2 46 1
1 1 99
2 46 1
1 1 99
2 46 1
1 1 99
2 46 1
1 1 99
2 46 1
1 1 99
2 46 1
1 1 99
2 46 1
1 1 99
2 46 1
1 1 99
2 46 1
1 1 99
2 46 1
1 1 99
2 46 1
1 1 99
2 46 1
1 1 99
2 46 1
1 1 99
2 46 1
1 1 99
2 46 1
1 1 99
2 46 1
1 1 99
2 46 1
1 1 99
2 46 1
1 1 99
2 46 1
1 1 99
2 46 1
1 1 99
2 46 1
1 1 99
2 46 1
1 1 99
2 46 1
1 1 99
2 46 1
1 1 99
2 46 1
1 1 99
2 46 1
1 1 99
2 46 1
1 1 99
2 46 1
1 1 99
2 46 1
1 1 99
2 46 1
1 1 99
2 46 1
1 1 99
2 46 1
1 1 99
2 46 1
1 1 99
2 46 1
1 1 99
2 46 1
1 1 99
2 46 1
1 1 99
2 46 1
1 1 99
2 46 1
1 1 99
2 46 1
1 1 50
2 46 1
2 45 1
1 1 98
2 45 1
1 1 1
2 45 1
1 1 1
2 45 1
2 46 1
1 1 99
2 46 1
1 1 99
2 46 1
1 1 99
2 46 1
1 1 99
2 46 1
1 1 99
2 46 1
1 1 99
2 46 1
1 1 99
2 46 1
1 1 99
2 46 1
1 1 99
2 46 1
1 1 99
2 46 1
1 1 99
2 46 1
1 1 99
2 46 1
1 1 99
2 46 1
1 1 99
2 46 1
1 1 99
2 46 1
1 1 99
2 46 1
1 1 99
2 46 1
1 1 99
2 46 1
1 1 99
2 46 1
1 1 99
2 46 1
1 1 99
2 46 1
1 1 99
2 46 1
1 1 99
2 46 1
1 1 99
2 46 1
1 1 99
2 46 1
1 1 99
2 46 1
1 1 99
2 46 1
1 1 99
2 46 1
1 1 99
2 46 1
1 1 99
2 46 1
1 1 30
2 46 1
2 48 1
1 1 99
2 48 1
1 1 99
2 48 1
1 1 99
2 48 1
1 1 99
2 48 1
1 1 99
2 48 1
1 1 99
2 48 1
1 1 99
2 48 1
1 1 99
2 48 1
1 1 99
2 48 1
1 1 99
2 48 1
1 1 99
2 48 1
1 1 99
2 48 1
1 1 99
2 48 1
1 1 99
2 48 1
1 1 99
2 48 1
1 1 99
2 48 1
1 1 99
2 48 1
1 1 99
2 48 1
1 1 99
2 48 1
1 1 99
2 48 1
1 1 99
2 48 1
1 1 99
2 48 1
1 1 99
2 48 1
1 1 99
2 48 1
1 1 99
2 48 1
1 1 99
2 48 1
1 1 99
2 48 1
1 1 99
2 48 1
1 1 99
2 48 1
1 1 99
2 48 1
1 1 99
2 48 1
1 1 99
2 48 1
1 1 99
2 48 1
1 1 99
2 48 1
1 1 99
2 48 1
1 1 99
2 48 1
1 1 99
2 48 1
1 1 99
2 48 1
1 1 38
2 48 1
2 47 1
1 1 98
2 47 1
1 1 1
2 47 1
1 1 1
2 47 1
2 48 1
1 1 99
2 48 1
1 1 99
2 48 1
1 1 99
2 48 1
1 1 99
2 48 1
1 1 99
2 48 1
1 1 99
2 48 1
1 1 99
2 48 1
1 1 99
2 48 1
1 1 99
2 48 1
1 1 99
2 48 1
1 1 99
2 48 1
1 1 99
2 48 1
1 1 99
2 48 1
1 1 99
2 48 1
1 1 99
2 48 1
1 1 99
2 48 1
1 1 99
2 48 1
1 1 99
2 48 1
1 1 99
2 48 1
1 1 99
2 48 1
1 1 20
2 48 1
2 49 1
1 1 99
2 49 1
1 1 99
2 49 1
1 1 99
2 49 1
1 1 99
2 49 1
1 1 99
2 49 1
1 1 99
2 49 1
1 1 99
2 49 1
1 1 99
2 49 1
1 1 99
2 49 1
1 1 99
2 49 1
1 1 99
2 49 1
1 1 99
2 49 1
1 1 99
2 49 1
1 1 99
2 49 1
1 1 99
2 49 1
1 1 99
2 49 1
1 1 99
2 49 1
1 1 99
2 49 1
1 1 99
2 49 1
1 1 99
2 49 1
1 1 99
2 49 1
1 1 99
2 49 1
1 1 99
2 49 1
1 1 99
2 49 1
1 1 99
2 49 1
1 1 99
2 49 1
1 1 99
2 49 1
1 1 99
2 49 1
1 1 99
2 49 1
1 1 99
2 49 1
1 1 99
2 49 1
1 1 99
2 49 1
1 1 99
2 49 1
1 1 99
2 49 1
1 1 99
2 49 1
1 1 99
2 49 1
1 1 99
2 49 1
1 1 99
2 49 1
1 1 99
2 49 1
1 1 99
2 49 1
1 1 99
2 49 1
1 1 99
2 49 1
1 1 99
2 49 1
1 1 99
2 49 1
1 1 44
2 49 1
2 50 1
1 1 99
2 50 1
1 1 99
2 50 1
1 1 99
2 50 1
1 1 99
2 50 1
1 1 4
2 50 1
2 52 1
1 1 99
2 52 1
1 1 99
2 52 1
1 1 99
2 52 1
1 1 99
2 52 1
1 1 99
2 52 1
1 1 99
2 52 1
1 1 99
2 52 1
1 1 99
2 52 1
1 1 99
2 52 1
1 1 99
2 52 1
1 1 10
2 52 1
2 51 1
1 1 98
2 51 1
1 1 1
2 51 1
1 1 1
2 51 1
2 52 1
1 1 99
2 52 1
1 1 99
2 52 1
1 1 99
2 52 1
1 1 99
2 52 1
1 1 99
2 52 1
1 1 99
2 52 1
1 1 99
2 52 1
1 1 99
2 52 1
1 1 99
2 52 1
1 1 99
2 52 1
1 1 99
2 52 1
1 1 99
2 52 1
1 1 12
2 52 1
2 53 1
1 1 99
2 53 1
1 1 99
2 53 1
1 1 99
2 53 1
1 1 99
2 53 1
1 1 99
2 53 1
1 1 99
2 53 1
1 1 99
2 53 1
1 1 99
2 53 1
1 1 99
2 53 1
1 1 99
2 53 1
1 1 99
2 53 1
1 1 99
2 53 1
1 1 99
2 53 1
1 1 99
2 53 1
1 1 99
2 53 1
1 1 99
2 53 1
1 1 99
2 53 1
1 1 99
2 53 1
1 1 99
2 53 1
1 1 99
2 53 1
1 1 99
2 53 1
1 1 99
2 53 1
1 1 99
2 53 1
1 1 99
2 53 1
1 1 99
2 53 1
1 1 99
2 53 1
1 1 99
2 53 1
1 1 99
2 53 1
1 1 99
2 53 1
1 1 99
2 53 1
1 1 99
2 53 1
1 1 99
2 53 1
1 1 99
2 53 1
1 1 99
2 53 1
1 1 34
2 53 1
2 54 1
1 1 99
2 54 1
1 1 99
2 54 1
1 1 99
2 54 1
1 1 99
2 54 1
1 1 99
2 54 1
1 1 99
2 54 1
1 1 99
2 54 1
1 1 99
2 54 1
1 1 99
2 54 1
1 1 99
2 54 1
1 1 99
2 54 1
1 1 99
2 54 1
1 1 99
2 54 1
1 1 99
2 54 1
1 1 99
2 54 1
1 1 99
2 54 1
1 1 99
2 54 1
1 1 99
2 54 1
1 1 99
2 54 1
1 1 99
2 54 1
1 1 99
2 54 1
1 1 99
2 54 1
1 1 99
2 54 1
1 1 99
2 54 1
1 1 99
2 54 1
1 1 99
2 54 1
1 1 99
2 54 1
1 1 99
2 54 1
1 1 99
2 54 1
1 1 99
2 54 1
1 1 99
2 54 1
1 1 99
2 54 1
1 1 32
2 54 1
2 56 1
1 1 99
2 56 1
1 1 99
2 56 1
1 1 99
2 56 1
1 1 99
2 56 1
1 1 99
2 56 1
1 1 99
2 56 1
1 1 99
2 56 1
1 1 99
2 56 1
1 1 99
2 56 1
1 1 99
2 56 1
1 1 99
2 56 1
1 1 99
2 56 1
1 1 99
2 56 1
1 1 99
2 56 1
1 1 99
2 56 1
1 1 99
2 56 1
1 1 99
2 56 1
1 1 99
2 56 1
1 1 99
2 56 1
1 1 99
2 56 1
1 1 99
2 56 1
1 1 99
2 56 1
1 1 99
2 56 1
1 1 99
2 56 1
1 1 99
2 56 1
1 1 99
2 56 1
1 1 99
2 56 1
1 1 99
2 56 1
1 1 99
2 56 1
1 1 99
2 56 1
1 1 99
2 56 1
1 1 99
2 56 1
1 1 99
2 56 1
1 1 99
2 56 1
1 1 99
2 56 1
1 1 99
2 56 1
1 1 99
2 56 1
1 1 99
2 56 1
1 1 99
2 56 1
1 1 99
2 56 1
1 1 99
2 56 1
1 1 99
2 56 1
1 1 42
2 56 1
2 55 1
1 1 98
2 55 1
1 1 1
2 55 1
1 1 1
2 55 1
2 56 1
1 1 99
2 56 1
1 1 99
2 56 1
1 1 99
2 56 1
1 1 99
2 56 1
1 1 99
2 56 1
1 1 99
2 56 1
1 1 99
2 56 1
1 1 99
2 56 1
1 1 99
2 56 1
1 1 99
2 56 1
1 1 99
2 56 1
1 1 99
2 56 1
1 1 99
2 56 1
1 1 99
2 56 1
1 1 99
2 56 1
1 1 99
2 56 1
1 1 99
2 56 1
1 1 99
2 56 1
1 1 99
2 56 1
1 1 99
2 56 1
1 1 99
2 56 1
1 1 99
2 56 1
1 1 99
2 56 1
1 1 99
2 56 1
1 1 99
2 56 1
1 1 99
2 56 1
1 1 99
2 56 1
1 1 99
2 56 1
1 1 28
2 56 1
2 57 1
1 1 99
2 57 1
1 1 99
2 57 1
1 1 99
2 57 1
1 1 99
2 57 1
1 1 99
2 57 1
1 1 99
2 57 1
1 1 99
2 57 1
1 1 99
2 57 1
1 1 99
2 57 1
1 1 99
2 57 1
1 1 99
2 57 1
1 1 99
2 57 1
1 1 99
2 57 1
1 1 99
2 57 1
1 1 99
2 57 1
1 1 99
2 57 1
1 1 99
2 57 1
1 1 99
2 57 1
1 1 99
2 57 1
1 1 99
2 57 1
1 1 99
2 57 1
1 1 99
2 57 1
1 1 99
2 57 1
1 1 99
2 57 1
1 1 99
2 57 1
1 1 99
2 57 1
1 1 99
2 57 1
1 1 99
2 57 1
1 1 99
2 57 1
1 1 99
2 57 1
1 1 30
2 57 1
2 59 1
1 1 99
2 59 1
1 1 99
2 59 1
1 1 99
2 59 1
1 1 99
2 59 1
1 1 99
2 59 1
1 1 99
2 59 1
1 1 99
2 59 1
1 1 99
2 59 1
1 1 99
2 59 1
1 1 99
2 59 1
1 1 99
2 59 1
1 1 99
2 59 1
1 1 99
2 59 1
1 1 99
2 59 1
1 1 99
2 59 1
1 1 99
2 59 1
1 1 99
2 59 1
1 1 99
2 59 1
1 1 99
2 59 1
1 1 99
2 59 1
1 1 99
2 59 1
1 1 99
2 59 1
1 1 99
2 59 1
1 1 99
2 59 1
1 1 99
2 59 1
1 1 99
2 59 1
1 1 99
2 59 1
1 1 99
2 59 1
1 1 99
2 59 1
1 1 99
2 59 1
1 1 99
2 59 1
1 1 99
2 59 1
1 1 99
2 59 1
1 1 99
2 59 1
1 1 99
2 59 1
1 1 99
2 59 1
1 1 99
2 59 1
1 1 99
2 59 1
1 1 38
2 59 1
2 58 1
1 1 98
2 58 1
1 1 1
2 58 1
1 1 1
2 58 1
2 60 1
1 1 99
2 60 1
1 1 99
2 60 1
1 1 99
2 60 1
1 1 99
2 60 1
1 1 99
2 60 1
1 1 99
2 60 1
1 1 99
2 60 1
1 1 99
2 60 1
1 1 99
2 60 1
1 1 99
2 60 1
1 1 99
2 60 1
1 1 99
2 60 1
1 1 99
2 60 1
1 1 99
2 60 1
1 1 99
2 60 1
1 1 99
2 60 1
1 1 99
2 60 1
1 1 99
2 60 1
1 1 99
2 60 1
1 1 99
2 60 1
1 1 99
2 60 1
1 1 99
2 60 1
1 1 99
2 60 1
1 1 99
2 60 1
1 1 99
2 60 1
1 1 99
2 60 1
1 1 99
2 60 1
1 1 99
2 60 1
1 1 99
2 60 1
1 1 99
2 60 1
1 1 99
2 60 1
1 1 99
2 60 1
1 1 99
2 60 1
1 1 99
2 60 1
1 1 99
2 60 1
1 1 99
2 60 1
1 1 36
2 60 1
2 59 1
1 1 98
2 59 1
1 1 1
2 59 1
1 1 1
2 59 1
2 61 1
1 1 99
2 61 1
1 1 99
2 61 1
1 1 99
2 61 1
1 1 99
2 61 1
1 1 99
2 61 1
1 1 99
2 61 1
1 1 99
2 61 1
1 1 99
2 61 1
1 1 99
2 61 1
1 1 99
2 61 1
1 1 99
2 61 1
1 1 99
2 61 1
1 1 99
2 61 1
1 1 99
2 61 1
1 1 99
2 61 1
1 1 99
2 61 1
1 1 99
2 61 1
1 1 99
2 61 1
1 1 99
2 61 1
1 1 99
2 61 1
1 1 99
2 61 1
1 1 99
2 61 1
1 1 99
2 61 1
1 1 99
2 61 1
1 1 99
2 61 1
1 1 99
2 61 1
1 1 99
2 61 1
1 1 99
2 61 1
1 1 99
2 61 1
1 1 99
2 61 1
1 1 30
2 61 1
2 60 1
1 1 98
2 60 1
1 1 1
2 60 1
1 1 1
2 60 1
2 61 1
1 1 99
2 61 1
1 1 99
2 61 1
1 1 99
2 61 1
1 1 99
2 61 1
1 1 99
2 61 1
1 1 99
2 61 1
1 1 99
2 61 1
1 1 99
2 61 1
1 1 8
2 61 1
2 63 1
1 1 99
2 63 1
1 1 99
2 63 1
1 1 99
2 63 1
1 1 99
2 63 1
1 1 99
2 63 1
1 1 99
2 63 1
1 1 99
2 63 1
1 1 99
2 63 1
1 1 99
2 63 1
1 1 99
2 63 1
1 1 99
2 63 1
1 1 99
2 63 1
1 1 12
2 63 1
2 62 1
1 1 98
2 62 1
1 1 1
2 62 1
1 1 1
2 62 1
2 63 1
1 1 99
2 63 1
1 1 99
2 63 1
1 1 99
2 63 1
1 1 99
2 63 1
1 1 99
2 63 1
1 1 99
2 63 1
1 1 99
2 63 1
1 1 99
2 63 1
1 1 99
2 63 1
1 1 99
2 63 1
1 1 99
2 63 1
1 1 99
2 63 1
1 1 99
2 63 1
1 1 99
2 63 1
1 1 99
2 63 1
1 1 99
2 63 1
1 1 99
2 63 1
1 1 99
2 63 1
1 1 99
2 63 1
1 1 99
2 63 1
1 1 20
2 63 1
2 65 1
1 1 99
2 65 1
1 1 99
2 65 1
1 1 99
2 65 1
1 1 99
2 65 1
1 1 99
2 65 1
1 1 99
2 65 1
1 1 99
2 65 1
1 1 99
2 65 1
1 1 99
2 65 1
1 1 99
2 65 1
1 1 99
2 65 1
1 1 99
2 65 1
1 1 99
2 65 1
1 1 99
2 65 1
1 1 99
2 65 1
1 1 99
2 65 1
1 1 99
2 65 1
1 1 99
2 65 1
1 1 99
2 65 1
1 1 99
2 65 1
1 1 20
2 65 1
2 64 1
1 1 98
2 64 1
1 1 1
2 64 1
1 1 1
2 64 1
2 66 1
1 1 99
2 66 1
1 1 99
2 66 1
1 1 99
2 66 1
1 1 99
2 66 1
1 1 99
2 66 1
1 1 99
2 66 1
1 1 99
2 66 1
1 1 99
2 66 1
1 1 99
2 66 1
1 1 99
2 66 1
1 1 99
2 66 1
1 1 99
2 66 1
1 1 12
2 66 1
2 65 1
1 1 98
2 65 1
1 1 1
2 65 1
1 1 1
2 65 1
2 67 1
1 1 99
2 67 1
1 1 99
2 67 1
1 1 99
2 67 1
1 1 99
2 67 1
1 1 99
2 67 1
1 1 99
2 67 1
1 1 99
2 67 1
1 1 99
2 67 1
1 1 99
2 67 1
1 1 99
2 67 1
1 1 99
2 67 1
1 1 99
2 67 1
1 1 99
2 67 1
1 1 99
2 67 1
1 1 99
2 67 1
1 1 99
2 67 1
1 1 99
2 67 1
1 1 99
2 67 1
1 1 99
2 67 1
1 1 99
2 67 1
1 1 20
2 67 1
2 66 1
1 1 98
2 66 1
1 1 1
2 66 1
1 1 1
2 66 1
2 67 1
1 1 99
2 67 1
1 1 99
2 67 1
1 1 99
2 67 1
1 1 99
2 67 1
1 1 99
2 67 1
1 1 99
2 67 1
1 1 99
2 67 1
1 1 99
2 67 1
1 1 99
2 67 1
1 1 99
2 67 1
1 1 99
2 67 1
1 1 99
2 67 1
1 1 12
2 67 1
2 69 1
1 1 99
2 69 1
1 1 99
2 69 1
1 1 99
2 69 1
1 1 99
2 69 1
1 1 4
2 69 1
2 68 1
1 1 98
2 68 1
1 1 1
2 68 1
1 1 1
2 68 1
2 70 1
1 1 99
2 70 1
1 1 99
2 70 1
1 1 99
2 70 1
1 1 99
2 70 1
1 1 99
2 70 1
1 1 99
2 70 1
1 1 99
2 70 1
1 1 99
2 70 1
1 1 99
2 70 1
1 1 99
2 70 1
1 1 99
2 70 1
1 1 99
2 70 1
1 1 99
2 70 1
1 1 99
2 70 1
1 1 14
2 70 1
2 69 1
1 1 98
2 69 1
1 1 1
2 69 1
1 1 1
2 69 1
2 70 1
1 1 99
2 70 1
1 1 99
2 70 1
1 1 99
2 70 1
1 1 99
2 70 1
1 1 4
2 70 1
2 72 1
1 1 99
2 72 1
1 1 99
2 72 1
1 1 99
2 72 1
1 1 99
2 72 1
1 1 99
2 72 1
1 1 99
2 72 1
1 1 99
2 72 1
1 1 99
2 72 1
1 1 99
2 72 1
1 1 99
2 72 1
1 1 99
2 72 1
1 1 99
2 72 1
1 1 99
2 72 1
1 1 99
2 72 1
1 1 99
2 72 1
1 1 99
2 72 1
1 1 99
2 72 1
1 1 99
2 72 1
1 1 99
2 72 1
1 1 99
2 72 1
1 1 99
2 72 1
1 1 99
2 72 1
1 1 99
2 72 1
1 1 99
2 72 1
1 1 99
2 72 1
1 1 99
2 72 1
1 1 26
2 72 1
2 71 1
1 1 98
2 71 1
1 1 1
2 71 1
1 1 1
2 71 1
2 72 1
1 1 99
2 72 1
1 1 99
2 72 1
1 1 99
2 72 1
1 1 99
2 72 1
1 1 99
2 72 1
1 1 99
2 72 1
1 1 99
2 72 1
1 1 99
2 72 1
1 1 99
2 72 1
1 1 99
2 72 1
1 1 99
2 72 1
1 1 99
2 72 1
1 1 99
2 72 1
1 1 99
2 72 1
1 1 99
2 72 1
1 1 99
2 72 1
1 1 99
2 72 1
1 1 99
2 72 1
1 1 99
2 72 1
1 1 99
2 72 1
1 1 99
2 72 1
1 1 99
2 72 1
1 1 99
2 72 1
1 1 99
2 72 1
1 1 99
2 72 1
1 1 99
2 72 1
1 1 26
2 72 1
2 73 1
1 1 99
2 73 1
1 1 99
2 73 1
1 1 99
2 73 1
1 1 99
2 73 1
1 1 4
2 73 1
2 74 1
1 1 99
2 74 1
1 1 99
2 74 1
1 1 2
2 74 1
2 75 1
1 1 99
2 75 1
1 1 99
2 75 1
1 1 2
2 75 1
2 77 1
1 1 99
2 77 1
1 1 99
2 77 1
1 1 99
2 77 1
1 1 99
2 77 1
1 1 99
2 77 1
1 1 99
2 77 1
1 1 99
2 77 1
1 1 99
2 77 1
1 1 99
2 77 1
1 1 99
2 77 1
1 1 10
2 77 1
2 76 1
1 1 98
2 76 1
1 1 1
2 76 1
1 1 1
2 76 1
2 78 1
1 1 0
2 78 1
2 77 1
1 1 98
2 77 1
1 1 1
2 77 1
1 1 1
2 77 1
2 78 1
1 1 99
2 78 1
1 1 99
2 78 1
1 1 2
2 78 1
2 79 1
1 1 99
2 79 1
1 1 99
2 79 1
1 1 99
2 79 1
1 1 99
2 79 1
1 1 99
2 79 1
1 1 99
2 79 1
1 1 99
2 79 1
1 1 99
2 79 1
1 1 8
2 79 1
2 81 1
1 1 99
2 81 1
1 1 99
2 81 1
1 1 99
2 81 1
1 1 99
2 81 1
1 1 4
2 81 1
2 80 1
1 1 98
2 80 1
1 1 1
2 80 1
1 1 1
2 80 1
2 82 1
1 1 99
2 82 1
1 1 99
2 82 1
1 1 99
2 82 1
1 1 99
2 82 1
1 1 99
2 82 1
1 1 99
2 82 1
1 1 99
2 82 1
1 1 99
2 82 1
1 1 8
2 82 1
2 81 1
1 1 98
2 81 1
1 1 1
2 81 1
1 1 1
2 81 1
2 83 1
1 1 99
2 83 1
1 1 99
2 83 1
1 1 99
2 83 1
1 1 99
2 83 1
1 1 99
2 83 1
1 1 99
2 83 1
1 1 99
2 83 1
1 1 99
2 83 1
1 1 8
2 83 1
2 82 1
1 1 98
2 82 1
1 1 1
2 82 1
1 1 1
2 82 1
2 84 1
1 1 99
2 84 1
1 1 99
2 84 1
1 1 99
2 84 1
1 1 99
2 84 1
1 1 99
2 84 1
1 1 99
2 84 1
1 1 99
2 84 1
1 1 99
2 84 1
1 1 99
2 84 1
1 1 99
2 84 1
1 1 10
2 84 1
2 83 1
1 1 98
2 83 1
1 1 1
2 83 1
1 1 1
2 83 1
2 84 1
1 1 99
2 84 1
1 1 99
2 84 1
1 1 99
2 84 1
1 1 99
2 84 1
1 1 99
2 84 1
1 1 99
2 84 1
1 1 6
2 84 1
2 85 1
1 1 99
2 85 1
1 1 99
2 85 1
1 1 2
2 85 1
2 86 1
1 1 99
2 86 1
1 1 99
2 86 1
1 1 2
2 86 1
2 88 1
1 1 0
2 88 1
2 87 1
1 1 98
2 87 1
1 1 1
2 87 1
1 1 1
2 87 1
2 90 1
1 1 99
2 90 1
1 1 99
2 90 1
1 1 99
2 90 1
1 1 99
2 90 1
1 1 99
2 90 1
1 1 99
2 90 1
1 1 99
2 90 1
1 1 99
2 90 1
1 1 8
2 90 1
2 89 1
1 1 98
2 89 1
1 1 1
2 89 1
1 1 1
2 89 1
2 91 1
1 1 99
2 91 1
1 1 99
2 91 1
1 1 99
2 91 1
1 1 99
2 91 1
1 1 99
2 91 1
1 1 99
2 91 1
1 1 99
2 91 1
1 1 99
2 91 1
1 1 8
2 91 1
2 90 1
1 1 98
2 90 1
1 1 1
2 90 1
1 1 1
2 90 1
2 91 1
1 1 99
2 91 1
1 1 99
2 91 1
1 1 99
2 91 1
1 1 99
2 91 1
1 1 99
2 91 1
1 1 99
2 91 1
1 1 99
2 91 1
1 1 99
2 91 1
1 1 8
2 91 1
2 93 1
1 1 99
2 93 1
1 1 99
2 93 1
1 1 2
2 93 1
2 92 1
1 1 98
2 92 1
1 1 1
2 92 1
1 1 1
2 92 1
2 93 1
1 1 99
2 93 1
1 1 99
2 93 1
1 1 2
2 93 1
2 95 1
1 1 99
2 95 1
1 1 99
2 95 1
1 1 99
2 95 1
1 1 99
2 95 1
1 1 4
2 95 1
2 94 1
1 1 98
2 94 1
1 1 1
2 94 1
1 1 1
2 94 1
2 96 1
1 1 0
2 96 1
2 95 1
1 1 98
2 95 1
1 1 1
2 95 1
1 1 1
2 95 1
