5465
1 2 72
2 0 1
1 1 34
2 1 2
1 2 9
2 2 1
1 1 46
2 3 2
2 40 1
1 1 59
2 4 2
1 2 9
2 5 1
2 58 1
1 1 43
2 6 2
1 1 56
2 7 2
2 28 1
1 1 75
2 8 2
2 34 1
1 1 70
2 9 2
1 1 11
2 10 2
2 61 1
1 1 45
2 11 2
2 17 1
1 1 90
2 12 2
1 2 25
2 13 1
2 45 1
1 1 64
2 14 2
1 1 82
2 15 2
1 2 5
2 16 1
1 2 31
2 17 1
1 2 73
2 18 1
1 1 14
2 19 2
2 71 1
1 1 44
2 20 2
2 59 1
1 1 57
2 21 2
2 82 1
1 1 35
2 22 2
1 1 33
2 23 2
1 1 83
2 24 2
1 2 19
2 25 1
1 1 16
2 26 2
1 2 21
2 27 1
2 59 1
1 1 64
2 28 2
1 1 22
2 29 2
1 1 73
2 30 2
2 85 1
1 1 41
2 31 2
1 1 33
2 32 2
1 1 53
2 33 2
2 72 1
1 1 57
2 34 2
1 1 86
2 35 2
1 2 69
2 36 1
2 49 1
1 1 83
2 37 2
1 2 39
2 38 1
1 1 10
2 39 2
1 2 16
2 40 1
1 1 48
2 41 2
1 1 11
2 42 2
1 2 56
2 43 1
2 81 1
1 1 58
2 44 2
1 1 39
2 45 2
1 1 71
2 46 2
2 81 1
1 1 61
2 47 2
1 1 75
2 48 2
1 2 5
2 49 1
1 1 31
2 50 2
1 2 53
2 51 1
1 1 46
2 52 2
1 1 45
2 53 2
2 54 2
1 1 93
2 55 2
1 1 32
2 56 2
1 1 5
2 57 2
1 2 39
2 58 1
1 2 64
2 59 1
1 2 82
2 60 1
1 1 55
2 61 2
1 1 54
2 62 2
1 2 22
2 63 1
1 2 73
2 64 1
1 2 20
2 65 1
1 2 25
2 66 1
1 2 10
2 67 1
1 1 71
2 68 2
1 2 15
2 69 1
1 2 20
2 70 1
1 2 57
2 71 1
1 1 58
2 72 2
1 2 32
2 73 1
2 80 1
1 1 89
2 74 2
1 2 21
2 75 1
1 1 40
2 76 2
1 1 1
2 77 2
1 2 85
2 78 1
1 1 67
2 79 2
1 1 57
2 80 2
1 1 2
2 81 2
1 1 66
2 82 2
1 2 52
2 83 1
1 1 34
2 84 2
1 1 52
2 85 2
2 87 1
1 1 94
2 86 2
1 1 12
2 87 2
1 1 84
2 88 2
1 1 69
2 89 2
1 2 33
2 90 1
1 1 91
2 91 2
1 1 37
2 92 2
1 2 5
2 93 1
1 1 63
2 94 2
1 1 46
2 0 2
1 1 49
2 0 1
2 1 1
1 2 87
2 1 2
1 1 55
2 2 2
1 1 40
2 2 1
2 3 1
1 2 63
2 3 2
2 4 1
1 2 89
2 4 2
1 1 52
2 5 2
1 1 43
2 5 1
1 1 19
2 6 2
1 1 76
2 6 1
2 7 1
1 2 19
2 7 2
2 8 1
1 2 35
2 8 2
1 1 28
2 9 2
1 1 67
2 9 1
1 1 62
2 10 2
1 1 33
2 10 1
2 11 1
1 2 61
2 11 2
2 12 1
1 2 68
2 12 2
2 13 1
1 2 9
2 13 2
2 14 1
1 2 91
2 14 2
1 1 27
2 15 2
1 1 68
2 15 1
2 16 1
1 2 44
2 16 2
1 1 51
2 17 2
1 1 44
2 17 1
1 1 56
2 18 2
1 1 39
2 18 1
1 1 59
2 19 2
1 1 36
2 19 1
1 1 82
2 20 2
1 1 13
2 20 1
1 1 60
2 21 2
1 1 35
2 21 1
2 22 1
1 2 80
2 22 2
1 1 90
2 23 2
1 1 5
2 23 1
2 24 1
1 2 50
2 24 2
2 25 1
1 2 69
2 25 2
1 1 52
2 26 2
1 1 43
2 26 1
2 27 1
1 2 34
2 27 2
2 28 1
1 2 83
2 28 2
1 1 71
2 29 2
1 1 24
2 29 1
1 1 80
2 30 2
1 1 15
2 30 1
2 31 1
1 2 73
2 31 2
2 32 1
1 2 57
2 32 2
1 1 38
2 33 2
1 1 57
2 33 1
1 1 77
2 34 2
1 1 18
2 34 1
2 35 1
1 2 70
2 35 2
2 36 1
1 2 84
2 36 2
1 1 93
2 37 2
1 1 2
2 37 1
2 38 1
1 2 80
2 38 2
2 39 1
1 2 82
2 39 2
2 40 1
1 2 52
2 40 2
1 1 68
2 41 2
1 1 27
2 41 1
1 1 82
2 42 2
1 1 13
2 42 1
2 43 1
1 2 22
2 43 2
2 44 1
1 2 52
2 44 2
2 45 1
1 2 26
2 45 2
2 46 1
1 2 44
2 46 2
2 47 1
1 2 55
2 47 2
1 1 61
2 48 2
1 1 34
2 48 1
2 49 1
1 2 53
2 49 2
2 50 1
1 2 82
2 50 2
2 51 1
1 2 17
2 51 2
1 1 93
2 53 2
1 1 2
2 53 1
2 54 1
1 2 89
2 54 2
2 55 1
1 2 7
2 55 2
2 56 1
1 2 14
2 56 2
1 1 73
2 57 2
1 1 22
2 57 1
2 58 1
1 2 61
2 58 2
1 1 79
2 59 2
1 1 16
2 59 1
2 60 1
1 2 67
2 60 2
2 61 1
1 2 2
2 61 2
2 62 1
1 2 1
2 62 2
2 63 1
1 2 43
2 63 2
2 64 1
1 2 78
2 64 2
2 65 1
1 2 3
2 65 2
2 66 1
1 2 76
2 66 2
2 67 1
1 2 33
2 67 2
2 68 1
1 2 28
2 68 2
2 69 1
1 2 53
2 69 2
2 70 1
1 2 43
2 70 2
2 71 1
1 2 94
2 71 2
2 72 1
1 2 9
2 72 2
2 73 1
1 2 84
2 73 2
2 74 1
1 2 74
2 74 2
2 75 1
1 2 90
2 75 2
2 76 1
1 2 2
2 76 2
2 77 1
1 2 64
2 77 2
2 78 1
1 2 15
2 78 2
2 79 1
1 2 39
2 79 2
2 80 1
1 2 9
2 80 2
2 81 1
1 2 86
2 81 2
2 82 1
1 2 94
2 82 2
2 83 1
1 2 17
2 83 2
2 84 1
1 2 81
2 84 2
2 85 1
1 2 6
2 85 2
2 86 1
1 2 66
2 86 2
2 87 1
1 2 24
2 87 2
2 88 1
1 2 17
2 88 2
2 89 1
1 2 14
2 89 2
2 90 1
1 2 92
2 90 2
2 91 1
1 2 41
2 91 2
2 92 1
1 2 81
2 92 2
2 93 1
1 2 56
2 93 2
2 94 1
1 2 54
2 94 2
1 2 45
2 2 2
1 2 94
2 2 1
1 2 94
2 2 2
1 2 94
2 2 1
1 2 94
2 2 2
1 2 94
2 2 1
1 2 94
2 2 2
1 2 94
2 2 1
1 2 94
2 2 2
1 2 94
2 2 1
1 2 94
2 2 2
1 2 94
2 2 1
1 2 94
2 2 2
1 2 94
2 2 1
1 2 94
2 2 2
1 2 94
2 2 1
1 2 94
2 2 2
1 2 94
2 2 1
1 2 94
2 2 2
1 2 94
2 2 1
1 2 94
2 2 2
1 2 94
2 2 1
1 2 94
2 2 2
1 2 22
2 2 1
2 1 2
1 2 93
2 1 1
1 2 1
2 1 2
1 2 1
2 1 1
2 2 2
1 2 94
2 2 1
1 2 94
2 2 2
1 2 94
2 2 1
1 2 94
2 2 2
1 2 94
2 2 1
1 2 94
2 2 2
1 2 94
2 2 1
1 2 94
2 2 2
1 2 94
2 2 1
1 2 94
2 2 2
1 2 94
2 2 1
1 2 94
2 2 2
1 2 94
2 2 1
1 2 94
2 2 2
1 2 94
2 2 1
1 2 94
2 2 2
1 2 94
2 2 1
1 2 94
2 2 2
1 2 94
2 2 1
1 2 94
2 2 2
1 2 94
2 2 1
1 2 94
2 2 2
1 2 94
2 2 1
1 2 94
2 2 2
1 2 94
2 2 1
1 2 94
2 2 2
1 2 94
2 2 1
1 2 94
2 2 2
1 2 94
2 2 1
1 2 94
2 2 2
1 2 94
2 2 1
1 2 94
2 2 2
1 2 94
2 2 1
1 2 94
2 2 2
1 2 94
2 2 1
1 2 94
2 2 2
1 2 94
2 2 1
1 2 94
2 2 2
1 2 94
2 2 1
1 2 94
2 2 2
1 2 94
2 2 1
1 2 94
2 2 2
1 2 94
2 2 1
1 2 94
2 2 2
1 2 94
2 2 1
1 2 94
2 2 2
1 2 94
2 2 1
1 2 94
2 2 2
1 2 48
2 2 1
2 3 2
1 2 94
2 3 1
1 2 94
2 3 2
1 2 94
2 3 1
1 2 94
2 3 2
1 2 94
2 3 1
1 2 94
2 3 2
1 2 94
2 3 1
1 2 94
2 3 2
1 2 94
2 3 1
1 2 94
2 3 2
1 2 94
2 3 1
1 2 94
2 3 2
1 2 94
2 3 1
1 2 94
2 3 2
1 2 94
2 3 1
1 2 94
2 3 2
1 2 94
2 3 1
1 2 94
2 3 2
1 2 94
2 3 1
1 2 94
2 3 2
1 2 94
2 3 1
1 2 94
2 3 2
1 2 94
2 3 1
1 2 94
2 3 2
1 2 94
2 3 1
1 2 94
2 3 2
1 2 94
2 3 1
1 2 94
2 3 2
1 2 94
2 3 1
1 2 94
2 3 2
1 2 94
2 3 1
1 2 94
2 3 2
1 2 94
2 3 1
1 2 94
2 3 2
1 2 94
2 3 1
1 2 94
2 3 2
1 2 94
2 3 1
1 2 94
2 3 2
1 2 94
2 3 1
1 2 94
2 3 2
1 2 94
2 3 1
1 2 94
2 3 2
1 2 94
2 3 1
1 2 94
2 3 2
1 2 94
2 3 1
1 2 94
2 3 2
1 2 94
2 3 1
1 2 94
2 3 2
1 2 94
2 3 1
1 2 94
2 3 2
1 2 94
2 3 1
1 2 94
2 3 2
1 2 94
2 3 1
1 2 94
2 3 2
1 2 94
2 3 1
1 2 94
2 3 2
1 2 94
2 3 1
1 2 94
2 3 2
1 2 94
2 3 1
1 2 94
2 3 2
1 2 94
2 3 1
1 2 94
2 3 2
1 2 94
2 3 1
1 2 94
2 3 2
1 2 94
2 3 1
1 2 94
2 3 2
1 2 94
2 3 1
1 2 94
2 3 2
1 2 94
2 3 1
1 2 94
2 3 2
1 2 94
2 3 1
1 2 94
2 3 2
1 2 94
2 3 1
1 2 94
2 3 2
1 2 94
2 3 1
1 2 94
2 3 2
1 2 94
2 3 1
1 2 94
2 3 2
1 2 94
2 3 1
1 2 94
2 3 2
1 2 94
2 3 1
1 2 94
2 3 2
1 2 94
2 3 1
1 2 94
2 3 2
1 2 94
2 3 1
1 2 94
2 3 2
1 2 94
2 3 1
1 2 94
2 3 2
1 2 94
2 3 1
1 2 94
2 3 2
1 2 90
2 3 1
2 5 2
1 2 94
2 5 1
1 2 94
2 5 2
1 2 94
2 5 1
1 2 94
2 5 2
1 2 94
2 5 1
1 2 94
2 5 2
1 2 94
2 5 1
1 2 94
2 5 2
1 2 94
2 5 1
1 2 94
2 5 2
1 2 94
2 5 1
1 2 94
2 5 2
1 2 94
2 5 1
1 2 94
2 5 2
1 2 94
2 5 1
1 2 94
2 5 2
1 2 94
2 5 1
1 2 94
2 5 2
1 2 94
2 5 1
1 2 94
2 5 2
1 2 94
2 5 1
1 2 94
2 5 2
1 2 94
2 5 1
1 2 94
2 5 2
1 2 94
2 5 1
1 2 94
2 5 2
1 2 94
2 5 1
1 2 94
2 5 2
1 2 28
2 5 1
2 4 2
1 2 93
2 4 1
1 2 1
2 4 2
1 2 1
2 4 1
2 6 2
1 2 94
2 6 1
1 2 94
2 6 2
1 2 94
2 6 1
1 2 94
2 6 2
1 2 94
2 6 1
1 2 94
2 6 2
1 2 94
2 6 1
1 2 94
2 6 2
1 2 94
2 6 1
1 2 94
2 6 2
1 2 94
2 6 1
1 2 94
2 6 2
1 2 94
2 6 1
1 2 94
2 6 2
1 2 94
2 6 1
1 2 94
2 6 2
1 2 94
2 6 1
1 2 94
2 6 2
1 2 94
2 6 1
1 2 94
2 6 2
1 2 94
2 6 1
1 2 94
2 6 2
1 2 22
2 6 1
2 5 2
1 2 93
2 5 1
1 2 1
2 5 2
1 2 1
2 5 1
2 6 2
1 2 94
2 6 1
1 2 94
2 6 2
1 2 94
2 6 1
1 2 94
2 6 2
1 2 94
2 6 1
1 2 94
2 6 2
1 2 94
2 6 1
1 2 94
2 6 2
1 2 94
2 6 1
1 2 94
2 6 2
1 2 94
2 6 1
1 2 94
2 6 2
1 2 94
2 6 1
1 2 94
2 6 2
1 2 94
2 6 1
1 2 94
2 6 2
1 2 94
2 6 1
1 2 94
2 6 2
1 2 94
2 6 1
1 2 94
2 6 2
1 2 94
2 6 1
1 2 94
2 6 2
1 2 94
2 6 1
1 2 94
2 6 2
1 2 94
2 6 1
1 2 94
2 6 2
1 2 94
2 6 1
1 2 94
2 6 2
1 2 94
2 6 1
1 2 94
2 6 2
1 2 94
2 6 1
1 2 94
2 6 2
1 2 94
2 6 1
1 2 94
2 6 2
1 2 94
2 6 1
1 2 94
2 6 2
1 2 94
2 6 1
1 2 94
2 6 2
1 2 94
2 6 1
1 2 94
2 6 2
1 2 40
2 6 1
2 8 2
1 2 94
2 8 1
1 2 94
2 8 2
1 2 94
2 8 1
1 2 94
2 8 2
1 2 94
2 8 1
1 2 94
2 8 2
1 2 94
2 8 1
1 2 94
2 8 2
1 2 94
2 8 1
1 2 94
2 8 2
1 2 94
2 8 1
1 2 94
2 8 2
1 2 94
2 8 1
1 2 94
2 8 2
1 2 94
2 8 1
1 2 94
2 8 2
1 2 94
2 8 1
1 2 94
2 8 2
1 2 94
2 8 1
1 2 94
2 8 2
1 2 94
2 8 1
1 2 94
2 8 2
1 2 94
2 8 1
1 2 94
2 8 2
1 2 94
2 8 1
1 2 94
2 8 2
1 2 94
2 8 1
1 2 94
2 8 2
1 2 94
2 8 1
1 2 94
2 8 2
1 2 94
2 8 1
1 2 94
2 8 2
1 2 94
2 8 1
1 2 94
2 8 2
1 2 94
2 8 1
1 2 94
2 8 2
1 2 94
2 8 1
1 2 94
2 8 2
1 2 94
2 8 1
1 2 94
2 8 2
1 2 94
2 8 1
1 2 94
2 8 2
1 2 94
2 8 1
1 2 94
2 8 2
1 2 94
2 8 1
1 2 94
2 8 2
1 2 94
2 8 1
1 2 94
2 8 2
1 2 94
2 8 1
1 2 94
2 8 2
1 2 94
2 8 1
1 2 94
2 8 2
1 2 52
2 8 1
2 7 2
1 2 93
2 7 1
1 2 1
2 7 2
1 2 1
2 7 1
2 8 2
1 2 94
2 8 1
1 2 94
2 8 2
1 2 94
2 8 1
1 2 94
2 8 2
1 2 94
2 8 1
1 2 94
2 8 2
1 2 94
2 8 1
1 2 94
2 8 2
1 2 94
2 8 1
1 2 94
2 8 2
1 2 94
2 8 1
1 2 94
2 8 2
1 2 94
2 8 1
1 2 94
2 8 2
1 2 94
2 8 1
1 2 94
2 8 2
1 2 94
2 8 1
1 2 94
2 8 2
1 2 94
2 8 1
1 2 94
2 8 2
1 2 94
2 8 1
1 2 94
2 8 2
1 2 94
2 8 1
1 2 94
2 8 2
1 2 94
2 8 1
1 2 94
2 8 2
1 2 94
2 8 1
1 2 94
2 8 2
1 2 94
2 8 1
1 2 94
2 8 2
1 2 94
2 8 1
1 2 94
2 8 2
1 2 94
2 8 1
1 2 94
2 8 2
1 2 94
2 8 1
1 2 94
2 8 2
1 2 94
2 8 1
1 2 94
2 8 2
1 2 94
2 8 1
1 2 94
2 8 2
1 2 94
2 8 1
1 2 94
2 8 2
1 2 94
2 8 1
1 2 94
2 8 2
1 2 94
2 8 1
1 2 94
2 8 2
1 2 94
2 8 1
1 2 94
2 8 2
1 2 94
2 8 1
1 2 94
2 8 2
1 2 94
2 8 1
1 2 94
2 8 2
1 2 94
2 8 1
1 2 94
2 8 2
1 2 94
2 8 1
1 2 94
2 8 2
1 2 94
2 8 1
1 2 94
2 8 2
1 2 94
2 8 1
1 2 94
2 8 2
1 2 94
2 8 1
1 2 94
2 8 2
1 2 94
2 8 1
1 2 94
2 8 2
1 2 94
2 8 1
1 2 94
2 8 2
1 2 94
2 8 1
1 2 94
2 8 2
1 2 94
2 8 1
1 2 94
2 8 2
1 2 94
2 8 1
1 2 94
2 8 2
1 2 94
2 8 1
1 2 94
2 8 2
1 2 74
2 8 1
2 9 2
1 2 94
2 9 1
1 2 94
2 9 2
1 2 94
2 9 1
1 2 94
2 9 2
1 2 94
2 9 1
1 2 94
2 9 2
1 2 94
2 9 1
1 2 94
2 9 2
1 2 94
2 9 1
1 2 94
2 9 2
1 2 94
2 9 1
1 2 94
2 9 2
1 2 94
2 9 1
1 2 94
2 9 2
1 2 94
2 9 1
1 2 94
2 9 2
1 2 94
2 9 1
1 2 94
2 9 2
1 2 94
2 9 1
1 2 94
2 9 2
1 2 94
2 9 1
1 2 94
2 9 2
1 2 94
2 9 1
1 2 94
2 9 2
1 2 94
2 9 1
1 2 94
2 9 2
1 2 94
2 9 1
1 2 94
2 9 2
1 2 94
2 9 1
1 2 94
2 9 2
1 2 94
2 9 1
1 2 94
2 9 2
1 2 94
2 9 1
1 2 94
2 9 2
1 2 94
2 9 1
1 2 94
2 9 2
1 2 94
2 9 1
1 2 94
2 9 2
1 2 94
2 9 1
1 2 94
2 9 2
1 2 94
2 9 1
1 2 94
2 9 2
1 2 94
2 9 1
1 2 94
2 9 2
1 2 94
2 9 1
1 2 94
2 9 2
1 2 94
2 9 1
1 2 94
2 9 2
1 2 94
2 9 1
1 2 94
2 9 2
1 2 94
2 9 1
1 2 94
2 9 2
1 2 94
2 9 1
1 2 94
2 9 2
1 2 94
2 9 1
1 2 94
2 9 2
1 2 94
2 9 1
1 2 94
2 9 2
1 2 94
2 9 1
1 2 94
2 9 2
1 2 94
2 9 1
1 2 94
2 9 2
1 2 94
2 9 1
1 2 94
2 9 2
1 2 94
2 9 1
1 2 94
2 9 2
1 2 94
2 9 1
1 2 94
2 9 2
1 2 94
2 9 1
1 2 94
2 9 2
1 2 94
2 9 1
1 2 94
2 9 2
1 2 94
2 9 1
1 2 94
2 9 2
1 2 74
2 9 1
2 11 2
1 2 94
2 11 1
1 2 94
2 11 2
1 2 94
2 11 1
1 2 94
2 11 2
1 2 94
2 11 1
1 2 94
2 11 2
1 2 94
2 11 1
1 2 94
2 11 2
1 2 94
2 11 1
1 2 94
2 11 2
1 2 94
2 11 1
1 2 94
2 11 2
1 2 94
2 11 1
1 2 94
2 11 2
1 2 94
2 11 1
1 2 94
2 11 2
1 2 94
2 11 1
1 2 94
2 11 2
1 2 94
2 11 1
1 2 94
2 11 2
1 2 94
2 11 1
1 2 94
2 11 2
1 2 94
2 11 1
1 2 94
2 11 2
1 2 94
2 11 1
1 2 94
2 11 2
1 2 94
2 11 1
1 2 94
2 11 2
1 2 94
2 11 1
1 2 94
2 11 2
1 2 94
2 11 1
1 2 94
2 11 2
1 2 94
2 11 1
1 2 94
2 11 2
1 2 94
2 11 1
1 2 94
2 11 2
1 2 94
2 11 1
1 2 94
2 11 2
1 2 94
2 11 1
1 2 94
2 11 2
1 2 94
2 11 1
1 2 94
2 11 2
1 2 94
2 11 1
1 2 94
2 11 2
1 2 94
2 11 1
1 2 94
2 11 2
1 2 94
2 11 1
1 2 94
2 11 2
1 2 94
2 11 1
1 2 94
2 11 2
1 2 94
2 11 1
1 2 94
2 11 2
1 2 94
2 11 1
1 2 94
2 11 2
1 2 94
2 11 1
1 2 94
2 11 2
1 2 94
2 11 1
1 2 94
2 11 2
1 2 94
2 11 1
1 2 94
2 11 2
1 2 94
2 11 1
1 2 94
2 11 2
1 2 62
2 11 1
2 10 2
1 2 93
2 10 1
1 2 1
2 10 2
1 2 1
2 10 1
2 11 2
1 2 94
2 11 1
1 2 94
2 11 2
1 2 94
2 11 1
1 2 94
2 11 2
1 2 94
2 11 1
1 2 94
2 11 2
1 2 94
2 11 1
1 2 94
2 11 2
1 2 94
2 11 1
1 2 94
2 11 2
1 2 94
2 11 1
1 2 94
2 11 2
1 2 94
2 11 1
1 2 94
2 11 2
1 2 94
2 11 1
1 2 94
2 11 2
1 2 94
2 11 1
1 2 94
2 11 2
1 2 94
2 11 1
1 2 94
2 11 2
1 2 94
2 11 1
1 2 94
2 11 2
1 2 94
2 11 1
1 2 94
2 11 2
1 2 94
2 11 1
1 2 94
2 11 2
1 2 94
2 11 1
1 2 94
2 11 2
1 2 94
2 11 1
1 2 94
2 11 2
1 2 94
2 11 1
1 2 94
2 11 2
1 2 32
2 11 1
2 12 2
1 2 94
2 12 1
1 2 94
2 12 2
1 2 94
2 12 1
1 2 94
2 12 2
1 2 94
2 12 1
1 2 94
2 12 2
1 2 94
2 12 1
1 2 94
2 12 2
1 2 94
2 12 1
1 2 94
2 12 2
1 2 94
2 12 1
1 2 94
2 12 2
1 2 94
2 12 1
1 2 94
2 12 2
1 2 94
2 12 1
1 2 94
2 12 2
1 2 94
2 12 1
1 2 94
2 12 2
1 2 94
2 12 1
1 2 94
2 12 2
1 2 94
2 12 1
1 2 94
2 12 2
1 2 94
2 12 1
1 2 94
2 12 2
1 2 94
2 12 1
1 2 94
2 12 2
1 2 94
2 12 1
1 2 94
2 12 2
1 2 94
2 12 1
1 2 94
2 12 2
1 2 94
2 12 1
1 2 94
2 12 2
1 2 94
2 12 1
1 2 94
2 12 2
1 2 94
2 12 1
1 2 94
2 12 2
1 2 94
2 12 1
1 2 94
2 12 2
1 2 94
2 12 1
1 2 94
2 12 2
1 2 94
2 12 1
1 2 94
2 12 2
1 2 94
2 12 1
1 2 94
2 12 2
1 2 94
2 12 1
1 2 94
2 12 2
1 2 46
2 12 1
2 13 2
1 2 94
2 13 1
1 2 94
2 13 2
1 2 94
2 13 1
1 2 94
2 13 2
1 2 94
2 13 1
1 2 94
2 13 2
1 2 94
2 13 1
1 2 94
2 13 2
1 2 94
2 13 1
1 2 94
2 13 2
1 2 94
2 13 1
1 2 94
2 13 2
1 2 94
2 13 1
1 2 94
2 13 2
1 2 94
2 13 1
1 2 94
2 13 2
1 2 94
2 13 1
1 2 94
2 13 2
1 2 94
2 13 1
1 2 94
2 13 2
1 2 94
2 13 1
1 2 94
2 13 2
1 2 94
2 13 1
1 2 94
2 13 2
1 2 94
2 13 1
1 2 94
2 13 2
1 2 94
2 13 1
1 2 94
2 13 2
1 2 94
2 13 1
1 2 94
2 13 2
1 2 94
2 13 1
1 2 94
2 13 2
1 2 94
2 13 1
1 2 94
2 13 2
1 2 94
2 13 1
1 2 94
2 13 2
1 2 94
2 13 1
1 2 94
2 13 2
1 2 94
2 13 1
1 2 94
2 13 2
1 2 94
2 13 1
1 2 94
2 13 2
1 2 94
2 13 1
1 2 94
2 13 2
1 2 94
2 13 1
1 2 94
2 13 2
1 2 94
2 13 1
1 2 94
2 13 2
1 2 94
2 13 1
1 2 94
2 13 2
1 2 94
2 13 1
1 2 94
2 13 2
1 2 94
2 13 1
1 2 94
2 13 2
1 2 94
2 13 1
1 2 94
2 13 2
1 2 94
2 13 1
1 2 94
2 13 2
1 2 94
2 13 1
1 2 94
2 13 2
1 2 94
2 13 1
1 2 94
2 13 2
1 2 94
2 13 1
1 2 94
2 13 2
1 2 94
2 13 1
1 2 94
2 13 2
1 2 66
2 13 1
2 15 2
1 2 94
2 15 1
1 2 94
2 15 2
1 2 94
2 15 1
1 2 94
2 15 2
1 2 94
2 15 1
1 2 94
2 15 2
1 2 94
2 15 1
1 2 94
2 15 2
1 2 94
2 15 1
1 2 94
2 15 2
1 2 94
2 15 1
1 2 94
2 15 2
1 2 94
2 15 1
1 2 94
2 15 2
1 2 94
2 15 1
1 2 94
2 15 2
1 2 94
2 15 1
1 2 94
2 15 2
1 2 94
2 15 1
1 2 94
2 15 2
1 2 94
2 15 1
1 2 94
2 15 2
1 2 94
2 15 1
1 2 94
2 15 2
1 2 94
2 15 1
1 2 94
2 15 2
1 2 94
2 15 1
1 2 94
2 15 2
1 2 94
2 15 1
1 2 94
2 15 2
1 2 94
2 15 1
1 2 94
2 15 2
1 2 94
2 15 1
1 2 94
2 15 2
1 2 94
2 15 1
1 2 94
2 15 2
1 2 94
2 15 1
1 2 94
2 15 2
1 2 94
2 15 1
1 2 94
2 15 2
1 2 94
2 15 1
1 2 94
2 15 2
1 2 94
2 15 1
1 2 94
2 15 2
1 2 94
2 15 1
1 2 94
2 15 2
1 2 94
2 15 1
1 2 94
2 15 2
1 2 94
2 15 1
1 2 94
2 15 2
1 2 94
2 15 1
1 2 94
2 15 2
1 2 94
2 15 1
1 2 94
2 15 2
1 2 94
2 15 1
1 2 94
2 15 2
1 2 94
2 15 1
1 2 94
2 15 2
1 2 94
2 15 1
1 2 94
2 15 2
1 2 94
2 15 1
1 2 94
2 15 2
1 2 62
2 15 1
2 14 2
1 2 93
2 14 1
1 2 1
2 14 2
1 2 1
2 14 1
2 15 2
1 2 94
2 15 1
1 2 94
2 15 2
1 2 94
2 15 1
1 2 94
2 15 2
1 2 94
2 15 1
1 2 94
2 15 2
1 2 94
2 15 1
1 2 94
2 15 2
1 2 94
2 15 1
1 2 94
2 15 2
1 2 94
2 15 1
1 2 94
2 15 2
1 2 94
2 15 1
1 2 94
2 15 2
1 2 94
2 15 1
1 2 94
2 15 2
1 2 94
2 15 1
1 2 94
2 15 2
1 2 94
2 15 1
1 2 94
2 15 2
1 2 94
2 15 1
1 2 94
2 15 2
1 2 94
2 15 1
1 2 94
2 15 2
1 2 94
2 15 1
1 2 94
2 15 2
1 2 94
2 15 1
1 2 94
2 15 2
1 2 94
2 15 1
1 2 94
2 15 2
1 2 94
2 15 1
1 2 94
2 15 2
1 2 32
2 15 1
2 17 2
1 2 94
2 17 1
1 2 94
2 17 2
1 2 94
2 17 1
1 2 94
2 17 2
1 2 94
2 17 1
1 2 94
2 17 2
1 2 94
2 17 1
1 2 94
2 17 2
1 2 94
2 17 1
1 2 94
2 17 2
1 2 94
2 17 1
1 2 94
2 17 2
1 2 94
2 17 1
1 2 94
2 17 2
1 2 94
2 17 1
1 2 94
2 17 2
1 2 94
2 17 1
1 2 94
2 17 2
1 2 94
2 17 1
1 2 94
2 17 2
1 2 94
2 17 1
1 2 94
2 17 2
1 2 94
2 17 1
1 2 94
2 17 2
1 2 94
2 17 1
1 2 94
2 17 2
1 2 94
2 17 1
1 2 94
2 17 2
1 2 94
2 17 1
1 2 94
2 17 2
1 2 94
2 17 1
1 2 94
2 17 2
1 2 94
2 17 1
1 2 94
2 17 2
1 2 94
2 17 1
1 2 94
2 17 2
1 2 94
2 17 1
1 2 94
2 17 2
1 2 94
2 17 1
1 2 94
2 17 2
1 2 94
2 17 1
1 2 94
2 17 2
1 2 94
2 17 1
1 2 94
2 17 2
1 2 94
2 17 1
1 2 94
2 17 2
1 2 94
2 17 1
1 2 94
2 17 2
1 2 94
2 17 1
1 2 94
2 17 2
1 2 94
2 17 1
1 2 94
2 17 2
1 2 94
2 17 1
1 2 94
2 17 2
1 2 94
2 17 1
1 2 94
2 17 2
1 2 94
2 17 1
1 2 94
2 17 2
1 2 94
2 17 1
1 2 94
2 17 2
1 2 94
2 17 1
1 2 94
2 17 2
1 2 94
2 17 1
1 2 94
2 17 2
1 2 64
2 17 1
2 16 2
1 2 93
2 16 1
1 2 1
2 16 2
1 2 1
2 16 1
2 18 2
1 2 94
2 18 1
1 2 94
2 18 2
1 2 94
2 18 1
1 2 94
2 18 2
1 2 94
2 18 1
1 2 94
2 18 2
1 2 94
2 18 1
1 2 94
2 18 2
1 2 94
2 18 1
1 2 94
2 18 2
1 2 94
2 18 1
1 2 94
2 18 2
1 2 94
2 18 1
1 2 94
2 18 2
1 2 94
2 18 1
1 2 94
2 18 2
1 2 94
2 18 1
1 2 94
2 18 2
1 2 94
2 18 1
1 2 94
2 18 2
1 2 94
2 18 1
1 2 94
2 18 2
1 2 94
2 18 1
1 2 94
2 18 2
1 2 94
2 18 1
1 2 94
2 18 2
1 2 94
2 18 1
1 2 94
2 18 2
1 2 94
2 18 1
1 2 94
2 18 2
1 2 94
2 18 1
1 2 94
2 18 2
1 2 94
2 18 1
1 2 94
2 18 2
1 2 94
2 18 1
1 2 94
2 18 2
1 2 94
2 18 1
1 2 94
2 18 2
1 2 94
2 18 1
1 2 94
2 18 2
1 2 94
2 18 1
1 2 94
2 18 2
1 2 94
2 18 1
1 2 94
2 18 2
1 2 94
2 18 1
1 2 94
2 18 2
1 2 94
2 18 1
1 2 94
2 18 2
1 2 94
2 18 1
1 2 94
2 18 2
1 2 94
2 18 1
1 2 94
2 18 2
1 2 94
2 18 1
1 2 94
2 18 2
1 2 94
2 18 1
1 2 94
2 18 2
1 2 94
2 18 1
1 2 94
2 18 2
1 2 94
2 18 1
1 2 94
2 18 2
1 2 94
2 18 1
1 2 94
2 18 2
1 2 94
2 18 1
1 2 94
2 18 2
1 2 94
2 18 1
1 2 94
2 18 2
1 2 66
2 18 1
2 17 2
1 2 93
2 17 1
1 2 1
2 17 2
1 2 1
2 17 1
2 19 2
1 2 94
2 19 1
1 2 94
2 19 2
1 2 94
2 19 1
1 2 94
2 19 2
1 2 94
2 19 1
1 2 94
2 19 2
1 2 94
2 19 1
1 2 94
2 19 2
1 2 94
2 19 1
1 2 94
2 19 2
1 2 94
2 19 1
1 2 94
2 19 2
1 2 94
2 19 1
1 2 94
2 19 2
1 2 94
2 19 1
1 2 94
2 19 2
1 2 94
2 19 1
1 2 94
2 19 2
1 2 94
2 19 1
1 2 94
2 19 2
1 2 94
2 19 1
1 2 94
2 19 2
1 2 94
2 19 1
1 2 94
2 19 2
1 2 94
2 19 1
1 2 94
2 19 2
1 2 94
2 19 1
1 2 94
2 19 2
1 2 94
2 19 1
1 2 94
2 19 2
1 2 94
2 19 1
1 2 94
2 19 2
1 2 94
2 19 1
1 2 94
2 19 2
1 2 94
2 19 1
1 2 94
2 19 2
1 2 94
2 19 1
1 2 94
2 19 2
1 2 94
2 19 1
1 2 94
2 19 2
1 2 94
2 19 1
1 2 94
2 19 2
1 2 94
2 19 1
1 2 94
2 19 2
1 2 94
2 19 1
1 2 94
2 19 2
1 2 94
2 19 1
1 2 94
2 19 2
1 2 94
2 19 1
1 2 94
2 19 2
1 2 94
2 19 1
1 2 94
2 19 2
1 2 94
2 19 1
1 2 94
2 19 2
1 2 94
2 19 1
1 2 94
2 19 2
1 2 94
2 19 1
1 2 94
2 19 2
1 2 94
2 19 1
1 2 94
2 19 2
1 2 60
2 19 1
2 18 2
1 2 93
2 18 1
1 2 1
2 18 2
1 2 1
2 18 1
2 20 2
1 2 94
2 20 1
1 2 94
2 20 2
1 2 94
2 20 1
1 2 94
2 20 2
1 2 94
2 20 1
1 2 94
2 20 2
1 2 6
2 20 1
2 19 2
1 2 93
2 19 1
1 2 1
2 19 2
1 2 1
2 19 1
2 20 2
1 2 94
2 20 1
1 2 94
2 20 2
1 2 94
2 20 1
1 2 94
2 20 2
1 2 94
2 20 1
1 2 94
2 20 2
1 2 94
2 20 1
1 2 94
2 20 2
1 2 94
2 20 1
1 2 94
2 20 2
1 2 94
2 20 1
1 2 94
2 20 2
1 2 94
2 20 1
1 2 94
2 20 2
1 2 94
2 20 1
1 2 94
2 20 2
1 2 94
2 20 1
1 2 94
2 20 2
1 2 94
2 20 1
1 2 94
2 20 2
1 2 94
2 20 1
1 2 94
2 20 2
1 2 94
2 20 1
1 2 94
2 20 2
1 2 94
2 20 1
1 2 94
2 20 2
1 2 94
2 20 1
1 2 94
2 20 2
1 2 94
2 20 1
1 2 94
2 20 2
1 2 94
2 20 1
1 2 94
2 20 2
1 2 32
2 20 1
2 22 2
1 2 94
2 22 1
1 2 94
2 22 2
1 2 94
2 22 1
1 2 94
2 22 2
1 2 94
2 22 1
1 2 94
2 22 2
1 2 94
2 22 1
1 2 94
2 22 2
1 2 94
2 22 1
1 2 94
2 22 2
1 2 94
2 22 1
1 2 94
2 22 2
1 2 94
2 22 1
1 2 94
2 22 2
1 2 94
2 22 1
1 2 94
2 22 2
1 2 94
2 22 1
1 2 94
2 22 2
1 2 18
2 22 1
2 21 2
1 2 93
2 21 1
1 2 1
2 21 2
1 2 1
2 21 1
2 22 2
1 2 94
2 22 1
1 2 94
2 22 2
1 2 94
2 22 1
1 2 94
2 22 2
1 2 94
2 22 1
1 2 94
2 22 2
1 2 94
2 22 1
1 2 94
2 22 2
1 2 94
2 22 1
1 2 94
2 22 2
1 2 94
2 22 1
1 2 94
2 22 2
1 2 94
2 22 1
1 2 94
2 22 2
1 2 94
2 22 1
1 2 94
2 22 2
1 2 94
2 22 1
1 2 94
2 22 2
1 2 18
2 22 1
2 24 2
1 2 94
2 24 1
1 2 94
2 24 2
1 2 94
2 24 1
1 2 94
2 24 2
1 2 94
2 24 1
1 2 94
2 24 2
1 2 94
2 24 1
1 2 94
2 24 2
1 2 94
2 24 1
1 2 94
2 24 2
1 2 94
2 24 1
1 2 94
2 24 2
1 2 94
2 24 1
1 2 94
2 24 2
1 2 94
2 24 1
1 2 94
2 24 2
1 2 94
2 24 1
1 2 94
2 24 2
1 2 94
2 24 1
1 2 94
2 24 2
1 2 94
2 24 1
1 2 94
2 24 2
1 2 94
2 24 1
1 2 94
2 24 2
1 2 94
2 24 1
1 2 94
2 24 2
1 2 94
2 24 1
1 2 94
2 24 2
1 2 94
2 24 1
1 2 94
2 24 2
1 2 30
2 24 1
2 23 2
1 2 93
2 23 1
1 2 1
2 23 2
1 2 1
2 23 1
2 24 2
1 2 94
2 24 1
1 2 94
2 24 2
1 2 94
2 24 1
1 2 94
2 24 2
1 2 94
2 24 1
1 2 94
2 24 2
1 2 94
2 24 1
1 2 94
2 24 2
1 2 8
2 24 1
2 26 2
1 2 94
2 26 1
1 2 94
2 26 2
1 2 94
2 26 1
1 2 94
2 26 2
1 2 94
2 26 1
1 2 94
2 26 2
1 2 94
2 26 1
1 2 94
2 26 2
1 2 94
2 26 1
1 2 94
2 26 2
1 2 94
2 26 1
1 2 94
2 26 2
1 2 94
2 26 1
1 2 94
2 26 2
1 2 94
2 26 1
1 2 94
2 26 2
1 2 94
2 26 1
1 2 94
2 26 2
1 2 94
2 26 1
1 2 94
2 26 2
1 2 94
2 26 1
1 2 94
2 26 2
1 2 94
2 26 1
1 2 94
2 26 2
1 2 94
2 26 1
1 2 94
2 26 2
1 2 94
2 26 1
1 2 94
2 26 2
1 2 94
2 26 1
1 2 94
2 26 2
1 2 94
2 26 1
1 2 94
2 26 2
1 2 94
2 26 1
1 2 94
2 26 2
1 2 94
2 26 1
1 2 94
2 26 2
1 2 94
2 26 1
1 2 94
2 26 2
1 2 94
2 26 1
1 2 94
2 26 2
1 2 94
2 26 1
1 2 94
2 26 2
1 2 94
2 26 1
1 2 94
2 26 2
1 2 94
2 26 1
1 2 94
2 26 2
1 2 94
2 26 1
1 2 94
2 26 2
1 2 94
2 26 1
1 2 94
2 26 2
1 2 50
2 26 1
2 27 2
1 2 94
2 27 1
1 2 94
2 27 2
1 2 94
2 27 1
1 2 94
2 27 2
1 2 94
2 27 1
1 2 94
2 27 2
1 2 94
2 27 1
1 2 94
2 27 2
1 2 94
2 27 1
1 2 94
2 27 2
1 2 94
2 27 1
1 2 94
2 27 2
1 2 94
2 27 1
1 2 94
2 27 2
1 2 94
2 27 1
1 2 94
2 27 2
1 2 94
2 27 1
1 2 94
2 27 2
1 2 94
2 27 1
1 2 94
2 27 2
1 2 94
2 27 1
1 2 94
2 27 2
1 2 94
2 27 1
1 2 94
2 27 2
1 2 94
2 27 1
1 2 94
2 27 2
1 2 94
2 27 1
1 2 94
2 27 2
1 2 94
2 27 1
1 2 94
2 27 2
1 2 94
2 27 1
1 2 94
2 27 2
1 2 94
2 27 1
1 2 94
2 27 2
1 2 94
2 27 1
1 2 94
2 27 2
1 2 94
2 27 1
1 2 94
2 27 2
1 2 94
2 27 1
1 2 94
2 27 2
1 2 94
2 27 1
1 2 94
2 27 2
1 2 94
2 27 1
1 2 94
2 27 2
1 2 94
2 27 1
1 2 94
2 27 2
1 2 94
2 27 1
1 2 94
2 27 2
1 2 94
2 27 1
1 2 94
2 27 2
1 2 94
2 27 1
1 2 94
2 27 2
1 2 94
2 27 1
1 2 94
2 27 2
1 2 94
2 27 1
1 2 94
2 27 2
1 2 94
2 27 1
1 2 94
2 27 2
1 2 94
2 27 1
1 2 94
2 27 2
1 2 94
2 27 1
1 2 94
2 27 2
1 2 62
2 27 1
2 29 2
1 2 94
2 29 1
1 2 94
2 29 2
1 2 94
2 29 1
1 2 94
2 29 2
1 2 94
2 29 1
1 2 94
2 29 2
1 2 94
2 29 1
1 2 94
2 29 2
1 2 94
2 29 1
1 2 94
2 29 2
1 2 10
2 29 1
2 28 2
1 2 93
2 28 1
1 2 1
2 28 2
1 2 1
2 28 1
2 30 2
1 2 94
2 30 1
1 2 94
2 30 2
1 2 94
2 30 1
1 2 94
2 30 2
1 2 94
2 30 1
1 2 94
2 30 2
1 2 6
2 30 1
2 29 2
1 2 93
2 29 1
1 2 1
2 29 2
1 2 1
2 29 1
2 31 2
1 2 94
2 31 1
1 2 94
2 31 2
1 2 94
2 31 1
1 2 94
2 31 2
1 2 94
2 31 1
1 2 94
2 31 2
1 2 94
2 31 1
1 2 94
2 31 2
1 2 94
2 31 1
1 2 94
2 31 2
1 2 94
2 31 1
1 2 94
2 31 2
1 2 94
2 31 1
1 2 94
2 31 2
1 2 94
2 31 1
1 2 94
2 31 2
1 2 94
2 31 1
1 2 94
2 31 2
1 2 94
2 31 1
1 2 94
2 31 2
1 2 94
2 31 1
1 2 94
2 31 2
1 2 94
2 31 1
1 2 94
2 31 2
1 2 94
2 31 1
1 2 94
2 31 2
1 2 94
2 31 1
1 2 94
2 31 2
1 2 94
2 31 1
1 2 94
2 31 2
1 2 94
2 31 1
1 2 94
2 31 2
1 2 32
2 31 1
2 30 2
1 2 93
2 30 1
1 2 1
2 30 2
1 2 1
2 30 1
2 31 2
1 2 94
2 31 1
1 2 94
2 31 2
1 2 94
2 31 1
1 2 94
2 31 2
1 2 94
2 31 1
1 2 94
2 31 2
1 2 94
2 31 1
1 2 94
2 31 2
1 2 94
2 31 1
1 2 94
2 31 2
1 2 10
2 31 1
2 32 2
1 2 94
2 32 1
1 2 94
2 32 2
1 2 94
2 32 1
1 2 94
2 32 2
1 2 94
2 32 1
1 2 94
2 32 2
1 2 94
2 32 1
1 2 94
2 32 2
1 2 94
2 32 1
1 2 94
2 32 2
1 2 94
2 32 1
1 2 94
2 32 2
1 2 94
2 32 1
1 2 94
2 32 2
1 2 94
2 32 1
1 2 94
2 32 2
1 2 94
2 32 1
1 2 94
2 32 2
1 2 94
2 32 1
1 2 94
2 32 2
1 2 94
2 32 1
1 2 94
2 32 2
1 2 94
2 32 1
1 2 94
2 32 2
1 2 94
2 32 1
1 2 94
2 32 2
1 2 94
2 32 1
1 2 94
2 32 2
1 2 94
2 32 1
1 2 94
2 32 2
1 2 94
2 32 1
1 2 94
2 32 2
1 2 94
2 32 1
1 2 94
2 32 2
1 2 94
2 32 1
1 2 94
2 32 2
1 2 94
2 32 1
1 2 94
2 32 2
1 2 94
2 32 1
1 2 94
2 32 2
1 2 94
2 32 1
1 2 94
2 32 2
1 2 94
2 32 1
1 2 94
2 32 2
1 2 94
2 32 1
1 2 94
2 32 2
1 2 94
2 32 1
1 2 94
2 32 2
1 2 94
2 32 1
1 2 94
2 32 2
1 2 94
2 32 1
1 2 94
2 32 2
1 2 52
2 32 1
2 34 2
1 2 94
2 34 1
1 2 94
2 34 2
1 2 94
2 34 1
1 2 94
2 34 2
1 2 94
2 34 1
1 2 94
2 34 2
1 2 94
2 34 1
1 2 94
2 34 2
1 2 94
2 34 1
1 2 94
2 34 2
1 2 94
2 34 1
1 2 94
2 34 2
1 2 94
2 34 1
1 2 94
2 34 2
1 2 94
2 34 1
1 2 94
2 34 2
1 2 94
2 34 1
1 2 94
2 34 2
1 2 94
2 34 1
1 2 94
2 34 2
1 2 94
2 34 1
1 2 94
2 34 2
1 2 94
2 34 1
1 2 94
2 34 2
1 2 94
2 34 1
1 2 94
2 34 2
1 2 94
2 34 1
1 2 94
2 34 2
1 2 94
2 34 1
1 2 94
2 34 2
1 2 94
2 34 1
1 2 94
2 34 2
1 2 32
2 34 1
2 33 2
1 2 93
2 33 1
1 2 1
2 33 2
1 2 1
2 33 1
2 35 2
1 2 94
2 35 1
1 2 94
2 35 2
1 2 94
2 35 1
1 2 94
2 35 2
1 2 94
2 35 1
1 2 94
2 35 2
1 2 94
2 35 1
1 2 94
2 35 2
1 2 94
2 35 1
1 2 94
2 35 2
1 2 94
2 35 1
1 2 94
2 35 2
1 2 94
2 35 1
1 2 94
2 35 2
1 2 94
2 35 1
1 2 94
2 35 2
1 2 94
2 35 1
1 2 94
2 35 2
1 2 94
2 35 1
1 2 94
2 35 2
1 2 94
2 35 1
1 2 94
2 35 2
1 2 94
2 35 1
1 2 94
2 35 2
1 2 94
2 35 1
1 2 94
2 35 2
1 2 94
2 35 1
1 2 94
2 35 2
1 2 94
2 35 1
1 2 94
2 35 2
1 2 94
2 35 1
1 2 94
2 35 2
1 2 94
2 35 1
1 2 94
2 35 2
1 2 94
2 35 1
1 2 94
2 35 2
1 2 94
2 35 1
1 2 94
2 35 2
1 2 94
2 35 1
1 2 94
2 35 2
1 2 94
2 35 1
1 2 94
2 35 2
1 2 94
2 35 1
1 2 94
2 35 2
1 2 94
2 35 1
1 2 94
2 35 2
1 2 94
2 35 1
1 2 94
2 35 2
1 2 94
2 35 1
1 2 94
2 35 2
1 2 94
2 35 1
1 2 94
2 35 2
1 2 94
2 35 1
1 2 94
2 35 2
1 2 94
2 35 1
1 2 94
2 35 2
1 2 94
2 35 1
1 2 94
2 35 2
1 2 58
2 35 1
2 34 2
1 2 93
2 34 1
1 2 1
2 34 2
1 2 1
2 34 1
2 36 2
1 2 94
2 36 1
1 2 94
2 36 2
1 2 94
2 36 1
1 2 94
2 36 2
1 2 94
2 36 1
1 2 94
2 36 2
1 2 94
2 36 1
1 2 94
2 36 2
1 2 94
2 36 1
1 2 94
2 36 2
1 2 94
2 36 1
1 2 94
2 36 2
1 2 94
2 36 1
1 2 94
2 36 2
1 2 94
2 36 1
1 2 94
2 36 2
1 2 94
2 36 1
1 2 94
2 36 2
1 2 94
2 36 1
1 2 94
2 36 2
1 2 94
2 36 1
1 2 94
2 36 2
1 2 94
2 36 1
1 2 94
2 36 2
1 2 94
2 36 1
1 2 94
2 36 2
1 2 94
2 36 1
1 2 94
2 36 2
1 2 94
2 36 1
1 2 94
2 36 2
1 2 94
2 36 1
1 2 94
2 36 2
1 2 94
2 36 1
1 2 94
2 36 2
1 2 94
2 36 1
1 2 94
2 36 2
1 2 94
2 36 1
1 2 94
2 36 2
1 2 94
2 36 1
1 2 94
2 36 2
1 2 94
2 36 1
1 2 94
2 36 2
1 2 94
2 36 1
1 2 94
2 36 2
1 2 94
2 36 1
1 2 94
2 36 2
1 2 94
2 36 1
1 2 94
2 36 2
1 2 94
2 36 1
1 2 94
2 36 2
1 2 94
2 36 1
1 2 94
2 36 2
1 2 94
2 36 1
1 2 94
2 36 2
1 2 54
2 36 1
2 35 2
1 2 93
2 35 1
1 2 1
2 35 2
1 2 1
2 35 1
2 36 2
1 2 94
2 36 1
1 2 94
2 36 2
1 2 94
2 36 1
1 2 94
2 36 2
1 2 94
2 36 1
1 2 94
2 36 2
1 2 94
2 36 1
1 2 94
2 36 2
1 2 94
2 36 1
1 2 94
2 36 2
1 2 94
2 36 1
1 2 94
2 36 2
1 2 94
2 36 1
1 2 94
2 36 2
1 2 94
2 36 1
1 2 94
2 36 2
1 2 94
2 36 1
1 2 94
2 36 2
1 2 94
2 36 1
1 2 94
2 36 2
1 2 94
2 36 1
1 2 94
2 36 2
1 2 22
2 36 1
2 38 2
1 2 94
2 38 1
1 2 94
2 38 2
1 2 94
2 38 1
1 2 94
2 38 2
1 2 94
2 38 1
1 2 94
2 38 2
1 2 94
2 38 1
1 2 94
2 38 2
1 2 94
2 38 1
1 2 94
2 38 2
1 2 94
2 38 1
1 2 94
2 38 2
1 2 94
2 38 1
1 2 94
2 38 2
1 2 94
2 38 1
1 2 94
2 38 2
1 2 94
2 38 1
1 2 94
2 38 2
1 2 94
2 38 1
1 2 94
2 38 2
1 2 94
2 38 1
1 2 94
2 38 2
1 2 94
2 38 1
1 2 94
2 38 2
1 2 94
2 38 1
1 2 94
2 38 2
1 2 94
2 38 1
1 2 94
2 38 2
1 2 94
2 38 1
1 2 94
2 38 2
1 2 94
2 38 1
1 2 94
2 38 2
1 2 32
2 38 1
2 37 2
1 2 93
2 37 1
1 2 1
2 37 2
1 2 1
2 37 1
2 39 2
1 2 94
2 39 1
1 2 94
2 39 2
1 2 94
2 39 1
1 2 94
2 39 2
1 2 94
2 39 1
1 2 94
2 39 2
1 2 94
2 39 1
1 2 94
2 39 2
1 2 94
2 39 1
1 2 94
2 39 2
1 2 94
2 39 1
1 2 94
2 39 2
1 2 12
2 39 1
2 38 2
1 2 93
2 38 1
1 2 1
2 38 2
1 2 1
2 38 1
2 39 2
1 2 94
2 39 1
1 2 94
2 39 2
1 2 94
2 39 1
1 2 94
2 39 2
1 2 94
2 39 1
1 2 94
2 39 2
1 2 94
2 39 1
1 2 94
2 39 2
1 2 8
2 39 1
2 41 2
1 2 94
2 41 1
1 2 94
2 41 2
1 2 94
2 41 1
1 2 94
2 41 2
1 2 94
2 41 1
1 2 94
2 41 2
1 2 94
2 41 1
1 2 94
2 41 2
1 2 94
2 41 1
1 2 94
2 41 2
1 2 94
2 41 1
1 2 94
2 41 2
1 2 94
2 41 1
1 2 94
2 41 2
1 2 94
2 41 1
1 2 94
2 41 2
1 2 94
2 41 1
1 2 94
2 41 2
1 2 94
2 41 1
1 2 94
2 41 2
1 2 94
2 41 1
1 2 94
2 41 2
1 2 94
2 41 1
1 2 94
2 41 2
1 2 94
2 41 1
1 2 94
2 41 2
1 2 94
2 41 1
1 2 94
2 41 2
1 2 94
2 41 1
1 2 94
2 41 2
1 2 94
2 41 1
1 2 94
2 41 2
1 2 94
2 41 1
1 2 94
2 41 2
1 2 94
2 41 1
1 2 94
2 41 2
1 2 94
2 41 1
1 2 94
2 41 2
1 2 94
2 41 1
1 2 94
2 41 2
1 2 40
2 41 1
2 40 2
1 2 93
2 40 1
1 2 1
2 40 2
1 2 1
2 40 1
2 41 2
1 2 94
2 41 1
1 2 94
2 41 2
1 2 94
2 41 1
1 2 94
2 41 2
1 2 94
2 41 1
1 2 94
2 41 2
1 2 94
2 41 1
1 2 94
2 41 2
1 2 94
2 41 1
1 2 94
2 41 2
1 2 94
2 41 1
1 2 94
2 41 2
1 2 94
2 41 1
1 2 94
2 41 2
1 2 94
2 41 1
1 2 94
2 41 2
1 2 94
2 41 1
1 2 94
2 41 2
1 2 94
2 41 1
1 2 94
2 41 2
1 2 94
2 41 1
1 2 94
2 41 2
1 2 94
2 41 1
1 2 94
2 41 2
1 2 94
2 41 1
1 2 94
2 41 2
1 2 94
2 41 1
1 2 94
2 41 2
1 2 94
2 41 1
1 2 94
2 41 2
1 2 94
2 41 1
1 2 94
2 41 2
1 2 94
2 41 1
1 2 94
2 41 2
1 2 94
2 41 1
1 2 94
2 41 2
1 2 94
2 41 1
1 2 94
2 41 2
1 2 38
2 41 1
2 43 2
1 2 94
2 43 1
1 2 94
2 43 2
1 2 94
2 43 1
1 2 94
2 43 2
1 2 94
2 43 1
1 2 94
2 43 2
1 2 94
2 43 1
1 2 94
2 43 2
1 2 94
2 43 1
1 2 94
2 43 2
1 2 94
2 43 1
1 2 94
2 43 2
1 2 94
2 43 1
1 2 94
2 43 2
1 2 94
2 43 1
1 2 94
2 43 2
1 2 94
2 43 1
1 2 94
2 43 2
1 2 94
2 43 1
1 2 94
2 43 2
1 2 94
2 43 1
1 2 94
2 43 2
1 2 94
2 43 1
1 2 94
2 43 2
1 2 94
2 43 1
1 2 94
2 43 2
1 2 94
2 43 1
1 2 94
2 43 2
1 2 94
2 43 1
1 2 94
2 43 2
1 2 94
2 43 1
1 2 94
2 43 2
1 2 94
2 43 1
1 2 94
2 43 2
1 2 94
2 43 1
1 2 94
2 43 2
1 2 94
2 43 1
1 2 94
2 43 2
1 2 38
2 43 1
2 42 2
1 2 93
2 42 1
1 2 1
2 42 2
1 2 1
2 42 1
2 43 2
1 2 94
2 43 1
1 2 94
2 43 2
1 2 94
2 43 1
1 2 94
2 43 2
1 2 94
2 43 1
1 2 94
2 43 2
1 2 94
2 43 1
1 2 94
2 43 2
1 2 94
2 43 1
1 2 94
2 43 2
1 2 94
2 43 1
1 2 94
2 43 2
1 2 94
2 43 1
1 2 94
2 43 2
1 2 94
2 43 1
1 2 94
2 43 2
1 2 94
2 43 1
1 2 94
2 43 2
1 2 94
2 43 1
1 2 94
2 43 2
1 2 94
2 43 1
1 2 94
2 43 2
1 2 94
2 43 1
1 2 94
2 43 2
1 2 94
2 43 1
1 2 94
2 43 2
1 2 94
2 43 1
1 2 94
2 43 2
1 2 28
2 43 1
2 44 2
1 2 94
2 44 1
1 2 94
2 44 2
1 2 94
2 44 1
1 2 94
2 44 2
1 2 94
2 44 1
1 2 94
2 44 2
1 2 94
2 44 1
1 2 94
2 44 2
1 2 8
2 44 1
2 46 2
1 2 94
2 46 1
1 2 94
2 46 2
1 2 94
2 46 1
1 2 94
2 46 2
1 2 94
2 46 1
1 2 94
2 46 2
1 2 94
2 46 1
1 2 94
2 46 2
1 2 94
2 46 1
1 2 94
2 46 2
1 2 94
2 46 1
1 2 94
2 46 2
1 2 94
2 46 1
1 2 94
2 46 2
1 2 94
2 46 1
1 2 94
2 46 2
1 2 94
2 46 1
1 2 94
2 46 2
1 2 94
2 46 1
1 2 94
2 46 2
1 2 94
2 46 1
1 2 94
2 46 2
1 2 94
2 46 1
1 2 94
2 46 2
1 2 94
2 46 1
1 2 94
2 46 2
1 2 94
2 46 1
1 2 94
2 46 2
1 2 94
2 46 1
1 2 94
2 46 2
1 2 30
2 46 1
2 45 2
1 2 93
2 45 1
1 2 1
2 45 2
1 2 1
2 45 1
2 46 2
1 2 94
2 46 1
1 2 94
2 46 2
1 2 94
2 46 1
1 2 94
2 46 2
1 2 94
2 46 1
1 2 94
2 46 2
1 2 94
2 46 1
1 2 94
2 46 2
1 2 94
2 46 1
1 2 94
2 46 2
1 2 94
2 46 1
1 2 94
2 46 2
1 2 94
2 46 1
1 2 94
2 46 2
1 2 94
2 46 1
1 2 94
2 46 2
1 2 94
2 46 1
1 2 94
2 46 2
1 2 94
2 46 1
1 2 94
2 46 2
1 2 20
2 46 1
2 47 2
1 2 94
2 47 1
1 2 94
2 47 2
1 2 2
2 47 1
2 49 2
1 2 94
2 49 1
1 2 94
2 49 2
1 2 94
2 49 1
1 2 94
2 49 2
1 2 94
2 49 1
1 2 94
2 49 2
1 2 94
2 49 1
1 2 94
2 49 2
1 2 94
2 49 1
1 2 94
2 49 2
1 2 94
2 49 1
1 2 94
2 49 2
1 2 94
2 49 1
1 2 94
2 49 2
1 2 94
2 49 1
1 2 94
2 49 2
1 2 94
2 49 1
1 2 94
2 49 2
1 2 94
2 49 1
1 2 94
2 49 2
1 2 94
2 49 1
1 2 94
2 49 2
1 2 94
2 49 1
1 2 94
2 49 2
1 2 94
2 49 1
1 2 94
2 49 2
1 2 26
2 49 1
2 48 2
1 2 93
2 48 1
1 2 1
2 48 2
1 2 1
2 48 1
2 50 2
1 2 94
2 50 1
1 2 94
2 50 2
1 2 94
2 50 1
1 2 94
2 50 2
1 2 4
2 50 1
2 49 2
1 2 93
2 49 1
1 2 1
2 49 2
1 2 1
2 49 1
2 51 2
1 2 94
2 51 1
1 2 94
2 51 2
1 2 2
2 51 1
2 50 2
1 2 93
2 50 1
1 2 1
2 50 2
1 2 1
2 50 1
2 52 2
1 2 94
2 52 1
1 2 94
2 52 2
1 2 94
2 52 1
1 2 94
2 52 2
1 2 94
2 52 1
1 2 94
2 52 2
1 2 94
2 52 1
1 2 94
2 52 2
1 2 94
2 52 1
1 2 94
2 52 2
1 2 94
2 52 1
1 2 94
2 52 2
1 2 94
2 52 1
1 2 94
2 52 2
1 2 94
2 52 1
1 2 94
2 52 2
1 2 94
2 52 1
1 2 94
2 52 2
1 2 94
2 52 1
1 2 94
2 52 2
1 2 94
2 52 1
1 2 94
2 52 2
1 2 22
2 52 1
2 51 2
1 2 93
2 51 1
1 2 1
2 51 2
1 2 1
2 51 1
2 52 2
1 2 94
2 52 1
1 2 94
2 52 2
1 2 94
2 52 1
1 2 94
2 52 2
1 2 94
2 52 1
1 2 94
2 52 2
1 2 94
2 52 1
1 2 94
2 52 2
1 2 94
2 52 1
1 2 94
2 52 2
1 2 94
2 52 1
1 2 94
2 52 2
1 2 94
2 52 1
1 2 94
2 52 2
1 2 94
2 52 1
1 2 94
2 52 2
1 2 94
2 52 1
1 2 94
2 52 2
1 2 94
2 52 1
1 2 94
2 52 2
1 2 94
2 52 1
1 2 94
2 52 2
1 2 94
2 52 1
1 2 94
2 52 2
1 2 94
2 52 1
1 2 94
2 52 2
1 2 94
2 52 1
1 2 94
2 52 2
1 2 94
2 52 1
1 2 94
2 52 2
1 2 94
2 52 1
1 2 94
2 52 2
1 2 94
2 52 1
1 2 94
2 52 2
1 2 94
2 52 1
1 2 94
2 52 2
1 2 94
2 52 1
1 2 94
2 52 2
1 2 94
2 52 1
1 2 94
2 52 2
1 2 94
2 52 1
1 2 94
2 52 2
1 2 42
2 52 1
2 54 2
1 2 0
2 54 1
2 53 2
1 2 93
2 53 1
1 2 1
2 53 2
1 2 1
2 53 1
2 55 2
1 2 94
2 55 1
1 2 94
2 55 2
1 2 94
2 55 1
1 2 94
2 55 2
1 2 94
2 55 1
1 2 94
2 55 2
1 2 94
2 55 1
1 2 94
2 55 2
1 2 94
2 55 1
1 2 94
2 55 2
1 2 94
2 55 1
1 2 94
2 55 2
1 2 94
2 55 1
1 2 94
2 55 2
1 2 94
2 55 1
1 2 94
2 55 2
1 2 94
2 55 1
1 2 94
2 55 2
1 2 94
2 55 1
1 2 94
2 55 2
1 2 94
2 55 1
1 2 94
2 55 2
1 2 94
2 55 1
1 2 94
2 55 2
1 2 24
2 55 1
2 54 2
1 2 93
2 54 1
1 2 1
2 54 2
1 2 1
2 54 1
2 55 2
1 2 94
2 55 1
1 2 94
2 55 2
1 2 94
2 55 1
1 2 94
2 55 2
1 2 94
2 55 1
1 2 94
2 55 2
1 2 94
2 55 1
1 2 94
2 55 2
1 2 94
2 55 1
1 2 94
2 55 2
1 2 94
2 55 1
1 2 94
2 55 2
1 2 94
2 55 1
1 2 94
2 55 2
1 2 94
2 55 1
1 2 94
2 55 2
1 2 94
2 55 1
1 2 94
2 55 2
1 2 94
2 55 1
1 2 94
2 55 2
1 2 94
2 55 1
1 2 94
2 55 2
1 2 94
2 55 1
1 2 94
2 55 2
1 2 94
2 55 1
1 2 94
2 55 2
1 2 94
2 55 1
1 2 94
2 55 2
1 2 94
2 55 1
1 2 94
2 55 2
1 2 94
2 55 1
1 2 94
2 55 2
1 2 32
2 55 1
2 57 2
1 2 94
2 57 1
1 2 94
2 57 2
1 2 94
2 57 1
1 2 94
2 57 2
1 2 94
2 57 1
1 2 94
2 57 2
1 2 94
2 57 1
1 2 94
2 57 2
1 2 94
2 57 1
1 2 94
2 57 2
1 2 94
2 57 1
1 2 94
2 57 2
1 2 94
2 57 1
1 2 94
2 57 2
1 2 94
2 57 1
1 2 94
2 57 2
1 2 16
2 57 1
2 56 2
1 2 93
2 56 1
1 2 1
2 56 2
1 2 1
2 56 1
2 58 2
1 2 94
2 58 1
1 2 94
2 58 2
1 2 2
2 58 1
2 57 2
1 2 93
2 57 1
1 2 1
2 57 2
1 2 1
2 57 1
2 59 2
1 2 94
2 59 1
1 2 94
2 59 2
1 2 94
2 59 1
1 2 94
2 59 2
1 2 94
2 59 1
1 2 94
2 59 2
1 2 94
2 59 1
1 2 94
2 59 2
1 2 94
2 59 1
1 2 94
2 59 2
1 2 94
2 59 1
1 2 94
2 59 2
1 2 94
2 59 1
1 2 94
2 59 2
1 2 94
2 59 1
1 2 94
2 59 2
1 2 94
2 59 1
1 2 94
2 59 2
1 2 18
2 59 1
2 58 2
1 2 93
2 58 1
1 2 1
2 58 2
1 2 1
2 58 1
2 59 2
1 2 94
2 59 1
1 2 94
2 59 2
1 2 94
2 59 1
1 2 94
2 59 2
1 2 4
2 59 1
2 61 2
1 2 94
2 61 1
1 2 94
2 61 2
1 2 94
2 61 1
1 2 94
2 61 2
1 2 94
2 61 1
1 2 94
2 61 2
1 2 94
2 61 1
1 2 94
2 61 2
1 2 94
2 61 1
1 2 94
2 61 2
1 2 94
2 61 1
1 2 94
2 61 2
1 2 94
2 61 1
1 2 94
2 61 2
1 2 14
2 61 1
2 60 2
1 2 93
2 60 1
1 2 1
2 60 2
1 2 1
2 60 1
2 61 2
1 2 94
2 61 1
1 2 94
2 61 2
1 2 94
2 61 1
1 2 94
2 61 2
1 2 94
2 61 1
1 2 94
2 61 2
1 2 94
2 61 1
1 2 94
2 61 2
1 2 94
2 61 1
1 2 94
2 61 2
1 2 94
2 61 1
1 2 94
2 61 2
1 2 94
2 61 1
1 2 94
2 61 2
1 2 94
2 61 1
1 2 94
2 61 2
1 2 94
2 61 1
1 2 94
2 61 2
1 2 94
2 61 1
1 2 94
2 61 2
1 2 94
2 61 1
1 2 94
2 61 2
1 2 94
2 61 1
1 2 94
2 61 2
1 2 24
2 61 1
2 63 2
1 2 94
2 63 1
1 2 94
2 63 2
1 2 94
2 63 1
1 2 94
2 63 2
1 2 94
2 63 1
1 2 94
2 63 2
1 2 94
2 63 1
1 2 94
2 63 2
1 2 94
2 63 1
1 2 94
2 63 2
1 2 94
2 63 1
1 2 94
2 63 2
1 2 94
2 63 1
1 2 94
2 63 2
1 2 94
2 63 1
1 2 94
2 63 2
1 2 94
2 63 1
1 2 94
2 63 2
1 2 18
2 63 1
2 62 2
1 2 93
2 62 1
1 2 1
2 62 2
1 2 1
2 62 1
2 63 2
1 2 94
2 63 1
1 2 94
2 63 2
1 2 94
2 63 1
1 2 94
2 63 2
1 2 94
2 63 1
1 2 94
2 63 2
1 2 94
2 63 1
1 2 94
2 63 2
1 2 94
2 63 1
1 2 94
2 63 2
1 2 94
2 63 1
1 2 94
2 63 2
1 2 94
2 63 1
1 2 94
2 63 2
1 2 94
2 63 1
1 2 94
2 63 2
1 2 94
2 63 1
1 2 94
2 63 2
1 2 94
2 63 1
1 2 94
2 63 2
1 2 20
2 63 1
2 65 2
1 2 94
2 65 1
1 2 94
2 65 2
1 2 94
2 65 1
1 2 94
2 65 2
1 2 94
2 65 1
1 2 94
2 65 2
1 2 94
2 65 1
1 2 94
2 65 2
1 2 94
2 65 1
1 2 94
2 65 2
1 2 94
2 65 1
1 2 94
2 65 2
1 2 94
2 65 1
1 2 94
2 65 2
1 2 94
2 65 1
1 2 94
2 65 2
1 2 94
2 65 1
1 2 94
2 65 2
1 2 94
2 65 1
1 2 94
2 65 2
1 2 94
2 65 1
1 2 94
2 65 2
1 2 94
2 65 1
1 2 94
2 65 2
1 2 94
2 65 1
1 2 94
2 65 2
1 2 94
2 65 1
1 2 94
2 65 2
1 2 28
2 65 1
2 64 2
1 2 93
2 64 1
1 2 1
2 64 2
1 2 1
2 64 1
2 65 2
1 2 94
2 65 1
1 2 94
2 65 2
1 2 94
2 65 1
1 2 94
2 65 2
1 2 94
2 65 1
1 2 94
2 65 2
1 2 94
2 65 1
1 2 94
2 65 2
1 2 94
2 65 1
1 2 94
2 65 2
1 2 94
2 65 1
1 2 94
2 65 2
1 2 94
2 65 1
1 2 94
2 65 2
1 2 94
2 65 1
1 2 94
2 65 2
1 2 16
2 65 1
2 66 2
1 2 94
2 66 1
1 2 94
2 66 2
1 2 94
2 66 1
1 2 94
2 66 2
1 2 94
2 66 1
1 2 94
2 66 2
1 2 94
2 66 1
1 2 94
2 66 2
1 2 8
2 66 1
2 68 2
1 2 94
2 68 1
1 2 94
2 68 2
1 2 94
2 68 1
1 2 94
2 68 2
1 2 94
2 68 1
1 2 94
2 68 2
1 2 94
2 68 1
1 2 94
2 68 2
1 2 94
2 68 1
1 2 94
2 68 2
1 2 94
2 68 1
1 2 94
2 68 2
1 2 94
2 68 1
1 2 94
2 68 2
1 2 14
2 68 1
2 67 2
1 2 93
2 67 1
1 2 1
2 67 2
1 2 1
2 67 1
2 69 2
1 2 94
2 69 1
1 2 94
2 69 2
1 2 94
2 69 1
1 2 94
2 69 2
1 2 94
2 69 1
1 2 94
2 69 2
1 2 94
2 69 1
1 2 94
2 69 2
1 2 94
2 69 1
1 2 94
2 69 2
1 2 94
2 69 1
1 2 94
2 69 2
1 2 94
2 69 1
1 2 94
2 69 2
1 2 94
2 69 1
1 2 94
2 69 2
1 2 94
2 69 1
1 2 94
2 69 2
1 2 94
2 69 1
1 2 94
2 69 2
1 2 94
2 69 1
1 2 94
2 69 2
1 2 22
2 69 1
2 68 2
1 2 93
2 68 1
1 2 1
2 68 2
1 2 1
2 68 1
2 72 2
1 2 94
2 72 1
1 2 94
2 72 2
1 2 94
2 72 1
1 2 94
2 72 2
1 2 4
2 72 1
2 71 2
1 2 93
2 71 1
1 2 1
2 71 2
1 2 1
2 71 1
2 73 2
1 2 94
2 73 1
1 2 94
2 73 2
1 2 94
2 73 1
1 2 94
2 73 2
1 2 94
2 73 1
1 2 94
2 73 2
1 2 94
2 73 1
1 2 94
2 73 2
1 2 94
2 73 1
1 2 94
2 73 2
1 2 94
2 73 1
1 2 94
2 73 2
1 2 94
2 73 1
1 2 94
2 73 2
1 2 94
2 73 1
1 2 94
2 73 2
1 2 16
2 73 1
2 72 2
1 2 93
2 72 1
1 2 1
2 72 2
1 2 1
2 72 1
2 74 2
1 2 94
2 74 1
1 2 94
2 74 2
1 2 2
2 74 1
2 73 2
1 2 93
2 73 1
1 2 1
2 73 2
1 2 1
2 73 1
2 75 2
1 2 94
2 75 1
1 2 94
2 75 2
1 2 94
2 75 1
1 2 94
2 75 2
1 2 94
2 75 1
1 2 94
2 75 2
1 2 6
2 75 1
2 74 2
1 2 93
2 74 1
1 2 1
2 74 2
1 2 1
2 74 1
2 76 2
1 2 94
2 76 1
1 2 94
2 76 2
1 2 94
2 76 1
1 2 94
2 76 2
1 2 94
2 76 1
1 2 94
2 76 2
1 2 94
2 76 1
1 2 94
2 76 2
1 2 94
2 76 1
1 2 94
2 76 2
1 2 94
2 76 1
1 2 94
2 76 2
1 2 94
2 76 1
1 2 94
2 76 2
1 2 94
2 76 1
1 2 94
2 76 2
1 2 94
2 76 1
1 2 94
2 76 2
1 2 18
2 76 1
2 75 2
1 2 93
2 75 1
1 2 1
2 75 2
1 2 1
2 75 1
2 76 2
1 2 94
2 76 1
1 2 94
2 76 2
1 2 94
2 76 1
1 2 94
2 76 2
1 2 94
2 76 1
1 2 94
2 76 2
1 2 94
2 76 1
1 2 94
2 76 2
1 2 94
2 76 1
1 2 94
2 76 2
1 2 10
2 76 1
2 78 2
1 2 94
2 78 1
1 2 94
2 78 2
1 2 2
2 78 1
2 77 2
1 2 93
2 77 1
1 2 1
2 77 2
1 2 1
2 77 1
2 78 2
1 2 94
2 78 1
1 2 94
2 78 2
1 2 94
2 78 1
1 2 94
2 78 2
1 2 94
2 78 1
1 2 94
2 78 2
1 2 94
2 78 1
1 2 94
2 78 2
1 2 94
2 78 1
1 2 94
2 78 2
1 2 94
2 78 1
1 2 94
2 78 2
1 2 94
2 78 1
1 2 94
2 78 2
1 2 14
2 78 1
2 80 2
1 2 0
2 80 1
2 79 2
1 2 93
2 79 1
1 2 1
2 79 2
1 2 1
2 79 1
2 81 2
1 2 0
2 81 1
2 80 2
1 2 93
2 80 1
1 2 1
2 80 2
1 2 1
2 80 1
2 81 2
1 2 94
2 81 1
1 2 94
2 81 2
1 2 94
2 81 1
1 2 94
2 81 2
1 2 94
2 81 1
1 2 94
2 81 2
1 2 6
2 81 1
2 83 2
1 2 94
2 83 1
1 2 94
2 83 2
1 2 94
2 83 1
1 2 94
2 83 2
1 2 94
2 83 1
1 2 94
2 83 2
1 2 94
2 83 1
1 2 94
2 83 2
1 2 8
2 83 1
2 82 2
1 2 93
2 82 1
1 2 1
2 82 2
1 2 1
2 82 1
2 83 2
1 2 94
2 83 1
1 2 94
2 83 2
1 2 2
2 83 1
2 85 2
1 2 94
2 85 1
1 2 94
2 85 2
1 2 94
2 85 1
1 2 94
2 85 2
1 2 94
2 85 1
1 2 94
2 85 2
1 2 6
2 85 1
2 84 2
1 2 93
2 84 1
1 2 1
2 84 2
1 2 1
2 84 1
2 85 2
1 2 94
2 85 1
1 2 94
2 85 2
1 2 2
2 85 1
2 87 2
1 2 94
2 87 1
1 2 94
2 87 2
1 2 94
2 87 1
1 2 94
2 87 2
1 2 94
2 87 1
1 2 94
2 87 2
1 2 6
2 87 1
2 86 2
1 2 93
2 86 1
1 2 1
2 86 2
1 2 1
2 86 1
2 88 2
1 2 94
2 88 1
1 2 94
2 88 2
1 2 94
2 88 1
1 2 94
2 88 2
1 2 4
2 88 1
2 87 2
1 2 93
2 87 1
1 2 1
2 87 2
1 2 1
2 87 1
2 88 2
1 2 94
2 88 1
1 2 94
2 88 2
1 2 94
2 88 1
1 2 94
2 88 2
1 2 94
2 88 1
1 2 94
2 88 2
1 2 6
2 88 1
2 91 2
1 2 94
2 91 1
1 2 94
2 91 2
1 2 2
2 91 1
2 90 2
1 2 93
2 90 1
1 2 1
2 90 2
1 2 1
2 90 1
2 93 2
1 2 0
2 93 1
2 92 2
1 2 93
2 92 1
1 2 1
2 92 2
1 2 1
2 92 1
