5092
1 1 85
2 0 2
2 84 1
1 1 14
2 1 2
1 1 90
2 2 2
1 1 75
2 3 2
1 2 70
2 4 1
1 1 88
2 5 2
2 13 1
1 1 90
2 6 2
1 2 51
2 7 1
1 1 55
2 8 2
2 20 1
1 1 86
2 9 2
2 15 1
1 1 92
2 10 2
1 1 35
2 11 2
1 1 72
2 12 2
1 2 19
2 13 1
1 2 10
2 14 1
1 1 19
2 15 2
1 1 88
2 16 2
1 1 3
2 17 2
2 69 1
1 1 46
2 18 2
1 2 43
2 19 1
1 1 32
2 20 2
1 1 22
2 21 2
1 2 46
2 22 1
2 70 1
1 1 50
2 23 2
1 1 31
2 24 2
1 1 39
2 25 2
2 43 1
1 1 80
2 26 2
1 1 17
2 27 2
2 67 1
1 1 58
2 28 2
1 2 66
2 29 1
1 1 44
2 30 2
1 2 73
2 31 1
1 1 39
2 32 2
1 1 20
2 33 2
2 68 1
1 1 63
2 34 2
1 2 94
2 35 1
2 85 1
1 1 48
2 36 2
1 1 92
2 37 2
1 2 79
2 38 1
2 44 1
1 1 92
2 39 2
2 71 1
1 1 66
2 40 2
1 2 90
2 41 1
2 57 1
1 1 82
2 42 2
1 2 26
2 43 1
2 86 1
1 1 55
2 44 2
1 2 14
2 45 1
1 1 64
2 46 2
1 1 70
2 47 2
1 2 41
2 48 1
1 1 10
2 49 2
1 1 9
2 50 2
1 1 29
2 51 2
1 1 86
2 52 2
1 1 64
2 53 2
1 2 94
2 54 1
1 2 79
2 55 1
2 62 1
1 1 91
2 56 2
1 2 87
2 57 1
1 2 78
2 58 1
1 2 27
2 59 1
1 2 88
2 60 1
1 2 8
2 61 1
1 1 23
2 62 2
1 2 70
2 63 1
1 2 48
2 64 1
1 1 21
2 65 2
1 1 89
2 66 2
1 1 69
2 67 2
1 1 14
2 68 2
2 78 1
1 1 88
2 69 2
1 1 37
2 70 2
1 2 37
2 71 1
1 2 47
2 72 1
1 2 93
2 73 1
1 2 75
2 74 1
1 1 58
2 75 2
1 1 26
2 76 2
1 2 75
2 77 1
1 2 48
2 78 1
1 1 74
2 79 2
1 2 49
2 80 1
1 2 69
2 81 1
1 2 41
2 82 1
1 1 94
2 83 2
1 1 14
2 84 2
1 2 93
2 85 1
1 2 6
2 86 1
1 2 72
2 87 1
1 2 27
2 88 1
1 2 82
2 89 1
1 2 57
2 90 1
1 2 64
2 91 1
2 94 1
1 1 95
2 92 2
1 2 3
2 93 1
1 2 52
2 94 1
1 2 19
2 95 1
1 1 29
2 96 2
1 1 56
2 0 2
1 1 41
2 0 1
2 1 1
1 2 5
2 1 2
2 2 1
1 2 23
2 2 2
2 3 1
1 2 27
2 3 2
1 1 63
2 4 2
1 1 34
2 4 1
1 1 8
2 5 2
1 1 89
2 5 1
2 6 1
1 2 24
2 6 2
2 7 1
1 2 80
2 7 2
2 8 1
1 2 70
2 8 2
2 9 1
1 2 36
2 9 2
2 10 1
1 2 86
2 10 2
1 1 38
2 11 2
1 1 59
2 11 1
1 1 84
2 12 2
1 1 13
2 12 1
1 1 74
2 13 2
1 1 23
2 13 1
2 14 1
1 2 49
2 14 2
2 15 1
1 2 40
2 15 2
2 16 1
1 2 57
2 16 2
2 17 1
1 2 96
2 17 2
1 1 95
2 18 2
1 1 2
2 18 1
2 19 1
1 2 91
2 19 2
2 20 1
1 2 69
2 20 2
2 21 1
1 2 46
2 21 2
2 22 1
1 2 92
2 22 2
2 23 1
1 2 17
2 23 2
1 1 48
2 24 2
1 1 49
2 24 1
1 1 58
2 25 2
1 1 39
2 25 1
2 26 1
1 2 32
2 26 2
1 1 95
2 27 2
1 1 2
2 27 1
2 28 1
1 2 8
2 28 2
2 29 1
1 2 92
2 29 2
2 30 1
1 2 5
2 30 2
2 31 1
1 2 45
2 31 2
1 1 68
2 32 2
1 1 29
2 32 1
2 33 1
1 2 13
2 33 2
1 1 90
2 34 2
1 1 7
2 34 1
2 35 1
1 2 85
2 35 2
2 36 1
1 2 66
2 36 2
2 37 1
1 2 15
2 37 2
2 38 1
1 2 62
2 38 2
2 39 1
1 2 11
2 39 2
2 40 1
1 2 2
2 40 2
1 1 57
2 42 2
1 1 40
2 42 1
2 43 1
1 2 96
2 43 2
2 44 1
1 2 11
2 44 2
2 45 1
1 2 16
2 45 2
1 1 53
2 46 2
1 1 44
2 46 1
2 47 1
1 2 85
2 47 2
2 48 1
1 2 6
2 48 2
2 49 1
1 2 86
2 49 2
2 50 1
1 2 71
2 50 2
1 1 64
2 51 2
1 1 33
2 51 1
1 1 53
2 52 2
1 1 44
2 52 1
1 1 78
2 53 2
1 1 19
2 53 1
1 1 92
2 54 2
1 1 5
2 54 1
2 55 1
1 2 71
2 55 2
2 56 1
1 2 92
2 56 2
2 57 1
1 2 72
2 57 2
2 58 1
1 2 88
2 58 2
2 59 1
1 2 62
2 59 2
2 60 1
1 2 35
2 60 2
2 61 1
1 2 86
2 61 2
2 62 1
1 2 94
2 62 2
2 63 1
1 2 90
2 63 2
2 64 1
1 2 82
2 64 2
2 65 1
1 2 91
2 65 2
2 66 1
1 2 26
2 66 2
2 67 1
1 2 72
2 67 2
2 68 1
1 2 89
2 68 2
2 69 1
1 2 89
2 69 2
2 70 1
1 2 26
2 70 2
2 71 1
1 2 92
2 71 2
2 72 1
1 2 91
2 72 2
2 73 1
1 2 62
2 73 2
2 74 1
1 2 8
2 74 2
2 75 1
1 2 10
2 75 2
2 76 1
1 2 69
2 76 2
2 77 1
1 2 54
2 77 2
1 1 87
2 78 2
1 1 10
2 78 1
1 1 91
2 79 2
1 1 6
2 79 1
2 80 1
1 2 32
2 80 2
2 81 1
1 2 63
2 81 2
2 82 1
1 2 91
2 82 2
2 83 1
1 2 49
2 83 2
2 84 1
1 2 92
2 84 2
2 85 1
1 2 64
2 85 2
2 86 1
1 2 38
2 86 2
2 87 1
1 2 15
2 87 2
2 88 1
1 2 37
2 88 2
2 89 1
1 2 71
2 89 2
2 90 1
1 2 53
2 90 2
2 91 1
1 2 52
2 91 2
2 92 1
1 2 19
2 92 2
2 93 1
1 2 42
2 93 2
2 94 1
1 2 10
2 94 2
1 1 96
2 95 2
1 1 1
2 95 1
2 96 1
1 2 5
2 96 2
1 2 42
2 2 2
1 2 96
2 2 1
1 2 96
2 2 2
1 2 96
2 2 1
1 2 96
2 2 2
1 2 96
2 2 1
1 2 96
2 2 2
1 2 96
2 2 1
1 2 96
2 2 2
1 2 96
2 2 1
1 2 96
2 2 2
1 2 96
2 2 1
1 2 96
2 2 2
1 2 96
2 2 1
1 2 96
2 2 2
1 2 96
2 2 1
1 2 96
2 2 2
1 2 96
2 2 1
1 2 96
2 2 2
1 2 96
2 2 1
1 2 96
2 2 2
1 2 96
2 2 1
1 2 96
2 2 2
1 2 96
2 2 1
1 2 96
2 2 2
1 2 96
2 2 1
1 2 96
2 2 2
1 2 96
2 2 1
1 2 96
2 2 2
1 2 96
2 2 1
1 2 96
2 2 2
1 2 96
2 2 1
1 2 96
2 2 2
1 2 96
2 2 1
1 2 96
2 2 2
1 2 96
2 2 1
1 2 96
2 2 2
1 2 96
2 2 1
1 2 96
2 2 2
1 2 96
2 2 1
1 2 96
2 2 2
1 2 96
2 2 1
1 2 96
2 2 2
1 2 96
2 2 1
1 2 96
2 2 2
1 2 96
2 2 1
1 2 96
2 2 2
1 2 96
2 2 1
1 2 96
2 2 2
1 2 96
2 2 1
1 2 96
2 2 2
1 2 96
2 2 1
1 2 96
2 2 2
1 2 96
2 2 1
1 2 96
2 2 2
1 2 96
2 2 1
1 2 96
2 2 2
1 2 96
2 2 1
1 2 96
2 2 2
1 2 96
2 2 1
1 2 96
2 2 2
1 2 96
2 2 1
1 2 96
2 2 2
1 2 62
2 2 1
2 1 2
1 2 95
2 1 1
1 2 1
2 1 2
1 2 1
2 1 1
2 2 2
1 2 96
2 2 1
1 2 96
2 2 2
1 2 96
2 2 1
1 2 96
2 2 2
1 2 96
2 2 1
1 2 96
2 2 2
1 2 96
2 2 1
1 2 96
2 2 2
1 2 96
2 2 1
1 2 96
2 2 2
1 2 96
2 2 1
1 2 96
2 2 2
1 2 96
2 2 1
1 2 96
2 2 2
1 2 96
2 2 1
1 2 96
2 2 2
1 2 96
2 2 1
1 2 96
2 2 2
1 2 96
2 2 1
1 2 96
2 2 2
1 2 96
2 2 1
1 2 96
2 2 2
1 2 96
2 2 1
1 2 96
2 2 2
1 2 96
2 2 1
1 2 96
2 2 2
1 2 96
2 2 1
1 2 96
2 2 2
1 2 96
2 2 1
1 2 96
2 2 2
1 2 96
2 2 1
1 2 96
2 2 2
1 2 96
2 2 1
1 2 96
2 2 2
1 2 96
2 2 1
1 2 96
2 2 2
1 2 96
2 2 1
1 2 96
2 2 2
1 2 96
2 2 1
1 2 96
2 2 2
1 2 96
2 2 1
1 2 96
2 2 2
1 2 96
2 2 1
1 2 96
2 2 2
1 2 96
2 2 1
1 2 96
2 2 2
1 2 96
2 2 1
1 2 96
2 2 2
1 2 96
2 2 1
1 2 96
2 2 2
1 2 96
2 2 1
1 2 96
2 2 2
1 2 96
2 2 1
1 2 96
2 2 2
1 2 96
2 2 1
1 2 96
2 2 2
1 2 96
2 2 1
1 2 96
2 2 2
1 2 58
2 2 1
2 3 2
1 2 96
2 3 1
1 2 96
2 3 2
1 2 96
2 3 1
1 2 96
2 3 2
1 2 96
2 3 1
1 2 96
2 3 2
1 2 96
2 3 1
1 2 96
2 3 2
1 2 96
2 3 1
1 2 96
2 3 2
1 2 96
2 3 1
1 2 96
2 3 2
1 2 96
2 3 1
1 2 96
2 3 2
1 2 96
2 3 1
1 2 96
2 3 2
1 2 96
2 3 1
1 2 96
2 3 2
1 2 96
2 3 1
1 2 96
2 3 2
1 2 96
2 3 1
1 2 96
2 3 2
1 2 96
2 3 1
1 2 96
2 3 2
1 2 96
2 3 1
1 2 96
2 3 2
1 2 96
2 3 1
1 2 96
2 3 2
1 2 96
2 3 1
1 2 96
2 3 2
1 2 96
2 3 1
1 2 96
2 3 2
1 2 96
2 3 1
1 2 96
2 3 2
1 2 96
2 3 1
1 2 96
2 3 2
1 2 96
2 3 1
1 2 96
2 3 2
1 2 96
2 3 1
1 2 96
2 3 2
1 2 96
2 3 1
1 2 96
2 3 2
1 2 96
2 3 1
1 2 96
2 3 2
1 2 96
2 3 1
1 2 96
2 3 2
1 2 96
2 3 1
1 2 96
2 3 2
1 2 96
2 3 1
1 2 96
2 3 2
1 2 96
2 3 1
1 2 96
2 3 2
1 2 96
2 3 1
1 2 96
2 3 2
1 2 96
2 3 1
1 2 96
2 3 2
1 2 96
2 3 1
1 2 96
2 3 2
1 2 96
2 3 1
1 2 96
2 3 2
1 2 96
2 3 1
1 2 96
2 3 2
1 2 96
2 3 1
1 2 96
2 3 2
1 2 96
2 3 1
1 2 96
2 3 2
1 2 96
2 3 1
1 2 96
2 3 2
1 2 68
2 3 1
2 5 2
1 2 96
2 5 1
1 2 96
2 5 2
1 2 96
2 5 1
1 2 96
2 5 2
1 2 96
2 5 1
1 2 96
2 5 2
1 2 96
2 5 1
1 2 96
2 5 2
1 2 96
2 5 1
1 2 96
2 5 2
1 2 96
2 5 1
1 2 96
2 5 2
1 2 96
2 5 1
1 2 96
2 5 2
1 2 96
2 5 1
1 2 96
2 5 2
1 2 96
2 5 1
1 2 96
2 5 2
1 2 96
2 5 1
1 2 96
2 5 2
1 2 96
2 5 1
1 2 96
2 5 2
1 2 96
2 5 1
1 2 96
2 5 2
1 2 96
2 5 1
1 2 96
2 5 2
1 2 96
2 5 1
1 2 96
2 5 2
1 2 96
2 5 1
1 2 96
2 5 2
1 2 96
2 5 1
1 2 96
2 5 2
1 2 96
2 5 1
1 2 96
2 5 2
1 2 96
2 5 1
1 2 96
2 5 2
1 2 36
2 5 1
2 4 2
1 2 95
2 4 1
1 2 1
2 4 2
1 2 1
2 4 1
2 6 2
1 2 96
2 6 1
1 2 96
2 6 2
1 2 96
2 6 1
1 2 96
2 6 2
1 2 96
2 6 1
1 2 96
2 6 2
1 2 96
2 6 1
1 2 96
2 6 2
1 2 8
2 6 1
2 5 2
1 2 95
2 5 1
1 2 1
2 5 2
1 2 1
2 5 1
2 7 2
1 2 96
2 7 1
1 2 96
2 7 2
1 2 96
2 7 1
1 2 96
2 7 2
1 2 96
2 7 1
1 2 96
2 7 2
1 2 96
2 7 1
1 2 96
2 7 2
1 2 96
2 7 1
1 2 96
2 7 2
1 2 96
2 7 1
1 2 96
2 7 2
1 2 96
2 7 1
1 2 96
2 7 2
1 2 96
2 7 1
1 2 96
2 7 2
1 2 96
2 7 1
1 2 96
2 7 2
1 2 96
2 7 1
1 2 96
2 7 2
1 2 96
2 7 1
1 2 96
2 7 2
1 2 96
2 7 1
1 2 96
2 7 2
1 2 96
2 7 1
1 2 96
2 7 2
1 2 96
2 7 1
1 2 96
2 7 2
1 2 96
2 7 1
1 2 96
2 7 2
1 2 96
2 7 1
1 2 96
2 7 2
1 2 96
2 7 1
1 2 96
2 7 2
1 2 96
2 7 1
1 2 96
2 7 2
1 2 96
2 7 1
1 2 96
2 7 2
1 2 96
2 7 1
1 2 96
2 7 2
1 2 96
2 7 1
1 2 96
2 7 2
1 2 96
2 7 1
1 2 96
2 7 2
1 2 96
2 7 1
1 2 96
2 7 2
1 2 96
2 7 1
1 2 96
2 7 2
1 2 48
2 7 1
2 6 2
1 2 95
2 6 1
1 2 1
2 6 2
1 2 1
2 6 1
2 7 2
1 2 96
2 7 1
1 2 96
2 7 2
1 2 96
2 7 1
1 2 96
2 7 2
1 2 4
2 7 1
2 9 2
1 2 96
2 9 1
1 2 96
2 9 2
1 2 96
2 9 1
1 2 96
2 9 2
1 2 96
2 9 1
1 2 96
2 9 2
1 2 96
2 9 1
1 2 96
2 9 2
1 2 96
2 9 1
1 2 96
2 9 2
1 2 96
2 9 1
1 2 96
2 9 2
1 2 96
2 9 1
1 2 96
2 9 2
1 2 14
2 9 1
2 8 2
1 2 95
2 8 1
1 2 1
2 8 2
1 2 1
2 8 1
2 10 2
1 2 96
2 10 1
1 2 96
2 10 2
1 2 96
2 10 1
1 2 96
2 10 2
1 2 96
2 10 1
1 2 96
2 10 2
1 2 96
2 10 1
1 2 96
2 10 2
1 2 96
2 10 1
1 2 96
2 10 2
1 2 96
2 10 1
1 2 96
2 10 2
1 2 96
2 10 1
1 2 96
2 10 2
1 2 96
2 10 1
1 2 96
2 10 2
1 2 96
2 10 1
1 2 96
2 10 2
1 2 96
2 10 1
1 2 96
2 10 2
1 2 96
2 10 1
1 2 96
2 10 2
1 2 96
2 10 1
1 2 96
2 10 2
1 2 96
2 10 1
1 2 96
2 10 2
1 2 96
2 10 1
1 2 96
2 10 2
1 2 96
2 10 1
1 2 96
2 10 2
1 2 96
2 10 1
1 2 96
2 10 2
1 2 96
2 10 1
1 2 96
2 10 2
1 2 96
2 10 1
1 2 96
2 10 2
1 2 96
2 10 1
1 2 96
2 10 2
1 2 96
2 10 1
1 2 96
2 10 2
1 2 96
2 10 1
1 2 96
2 10 2
1 2 96
2 10 1
1 2 96
2 10 2
1 2 96
2 10 1
1 2 96
2 10 2
1 2 46
2 10 1
2 9 2
1 2 95
2 9 1
1 2 1
2 9 2
1 2 1
2 9 1
2 11 2
1 2 96
2 11 1
1 2 96
2 11 2
1 2 96
2 11 1
1 2 96
2 11 2
1 2 96
2 11 1
1 2 96
2 11 2
1 2 96
2 11 1
1 2 96
2 11 2
1 2 96
2 11 1
1 2 96
2 11 2
1 2 96
2 11 1
1 2 96
2 11 2
1 2 96
2 11 1
1 2 96
2 11 2
1 2 96
2 11 1
1 2 96
2 11 2
1 2 96
2 11 1
1 2 96
2 11 2
1 2 96
2 11 1
1 2 96
2 11 2
1 2 96
2 11 1
1 2 96
2 11 2
1 2 22
2 11 1
2 10 2
1 2 95
2 10 1
1 2 1
2 10 2
1 2 1
2 10 1
2 12 2
1 2 96
2 12 1
1 2 96
2 12 2
1 2 96
2 12 1
1 2 96
2 12 2
1 2 96
2 12 1
1 2 96
2 12 2
1 2 96
2 12 1
1 2 96
2 12 2
1 2 96
2 12 1
1 2 96
2 12 2
1 2 10
2 12 1
2 11 2
1 2 95
2 11 1
1 2 1
2 11 2
1 2 1
2 11 1
2 13 2
1 2 96
2 13 1
1 2 96
2 13 2
1 2 96
2 13 1
1 2 96
2 13 2
1 2 96
2 13 1
1 2 96
2 13 2
1 2 96
2 13 1
1 2 96
2 13 2
1 2 96
2 13 1
1 2 96
2 13 2
1 2 10
2 13 1
2 12 2
1 2 95
2 12 1
1 2 1
2 12 2
1 2 1
2 12 1
2 13 2
1 2 96
2 13 1
1 2 96
2 13 2
1 2 96
2 13 1
1 2 96
2 13 2
1 2 96
2 13 1
1 2 96
2 13 2
1 2 96
2 13 1
1 2 96
2 13 2
1 2 96
2 13 1
1 2 96
2 13 2
1 2 96
2 13 1
1 2 96
2 13 2
1 2 96
2 13 1
1 2 96
2 13 2
1 2 96
2 13 1
1 2 96
2 13 2
1 2 96
2 13 1
1 2 96
2 13 2
1 2 96
2 13 1
1 2 96
2 13 2
1 2 96
2 13 1
1 2 96
2 13 2
1 2 96
2 13 1
1 2 96
2 13 2
1 2 96
2 13 1
1 2 96
2 13 2
1 2 96
2 13 1
1 2 96
2 13 2
1 2 96
2 13 1
1 2 96
2 13 2
1 2 96
2 13 1
1 2 96
2 13 2
1 2 96
2 13 1
1 2 96
2 13 2
1 2 96
2 13 1
1 2 96
2 13 2
1 2 96
2 13 1
1 2 96
2 13 2
1 2 96
2 13 1
1 2 96
2 13 2
1 2 96
2 13 1
1 2 96
2 13 2
1 2 96
2 13 1
1 2 96
2 13 2
1 2 96
2 13 1
1 2 96
2 13 2
1 2 96
2 13 1
1 2 96
2 13 2
1 2 96
2 13 1
1 2 96
2 13 2
1 2 96
2 13 1
1 2 96
2 13 2
1 2 96
2 13 1
1 2 96
2 13 2
1 2 96
2 13 1
1 2 96
2 13 2
1 2 96
2 13 1
1 2 96
2 13 2
1 2 58
2 13 1
2 14 2
1 2 96
2 14 1
1 2 96
2 14 2
1 2 96
2 14 1
1 2 96
2 14 2
1 2 96
2 14 1
1 2 96
2 14 2
1 2 96
2 14 1
1 2 96
2 14 2
1 2 96
2 14 1
1 2 96
2 14 2
1 2 96
2 14 1
1 2 96
2 14 2
1 2 96
2 14 1
1 2 96
2 14 2
1 2 96
2 14 1
1 2 96
2 14 2
1 2 96
2 14 1
1 2 96
2 14 2
1 2 96
2 14 1
1 2 96
2 14 2
1 2 96
2 14 1
1 2 96
2 14 2
1 2 96
2 14 1
1 2 96
2 14 2
1 2 96
2 14 1
1 2 96
2 14 2
1 2 96
2 14 1
1 2 96
2 14 2
1 2 96
2 14 1
1 2 96
2 14 2
1 2 30
2 14 1
2 16 2
1 2 96
2 16 1
1 2 96
2 16 2
1 2 96
2 16 1
1 2 96
2 16 2
1 2 96
2 16 1
1 2 96
2 16 2
1 2 96
2 16 1
1 2 96
2 16 2
1 2 96
2 16 1
1 2 96
2 16 2
1 2 96
2 16 1
1 2 96
2 16 2
1 2 96
2 16 1
1 2 96
2 16 2
1 2 96
2 16 1
1 2 96
2 16 2
1 2 96
2 16 1
1 2 96
2 16 2
1 2 96
2 16 1
1 2 96
2 16 2
1 2 96
2 16 1
1 2 96
2 16 2
1 2 96
2 16 1
1 2 96
2 16 2
1 2 96
2 16 1
1 2 96
2 16 2
1 2 96
2 16 1
1 2 96
2 16 2
1 2 96
2 16 1
1 2 96
2 16 2
1 2 96
2 16 1
1 2 96
2 16 2
1 2 96
2 16 1
1 2 96
2 16 2
1 2 96
2 16 1
1 2 96
2 16 2
1 2 96
2 16 1
1 2 96
2 16 2
1 2 96
2 16 1
1 2 96
2 16 2
1 2 96
2 16 1
1 2 96
2 16 2
1 2 96
2 16 1
1 2 96
2 16 2
1 2 96
2 16 1
1 2 96
2 16 2
1 2 96
2 16 1
1 2 96
2 16 2
1 2 96
2 16 1
1 2 96
2 16 2
1 2 96
2 16 1
1 2 96
2 16 2
1 2 96
2 16 1
1 2 96
2 16 2
1 2 96
2 16 1
1 2 96
2 16 2
1 2 96
2 16 1
1 2 96
2 16 2
1 2 96
2 16 1
1 2 96
2 16 2
1 2 96
2 16 1
1 2 96
2 16 2
1 2 62
2 16 1
2 15 2
1 2 95
2 15 1
1 2 1
2 15 2
1 2 1
2 15 1
2 16 2
1 2 96
2 16 1
1 2 96
2 16 2
1 2 96
2 16 1
1 2 96
2 16 2
1 2 96
2 16 1
1 2 96
2 16 2
1 2 96
2 16 1
1 2 96
2 16 2
1 2 96
2 16 1
1 2 96
2 16 2
1 2 96
2 16 1
1 2 96
2 16 2
1 2 96
2 16 1
1 2 96
2 16 2
1 2 96
2 16 1
1 2 96
2 16 2
1 2 96
2 16 1
1 2 96
2 16 2
1 2 96
2 16 1
1 2 96
2 16 2
1 2 96
2 16 1
1 2 96
2 16 2
1 2 96
2 16 1
1 2 96
2 16 2
1 2 96
2 16 1
1 2 96
2 16 2
1 2 96
2 16 1
1 2 96
2 16 2
1 2 96
2 16 1
1 2 96
2 16 2
1 2 96
2 16 1
1 2 96
2 16 2
1 2 96
2 16 1
1 2 96
2 16 2
1 2 96
2 16 1
1 2 96
2 16 2
1 2 96
2 16 1
1 2 96
2 16 2
1 2 96
2 16 1
1 2 96
2 16 2
1 2 96
2 16 1
1 2 96
2 16 2
1 2 96
2 16 1
1 2 96
2 16 2
1 2 96
2 16 1
1 2 96
2 16 2
1 2 96
2 16 1
1 2 96
2 16 2
1 2 96
2 16 1
1 2 96
2 16 2
1 2 96
2 16 1
1 2 96
2 16 2
1 2 96
2 16 1
1 2 96
2 16 2
1 2 96
2 16 1
1 2 96
2 16 2
1 2 56
2 16 1
2 18 2
1 2 0
2 18 1
2 17 2
1 2 95
2 17 1
1 2 1
2 17 2
1 2 1
2 17 1
2 18 2
1 2 96
2 18 1
1 2 96
2 18 2
1 2 96
2 18 1
1 2 96
2 18 2
1 2 96
2 18 1
1 2 96
2 18 2
1 2 96
2 18 1
1 2 96
2 18 2
1 2 96
2 18 1
1 2 96
2 18 2
1 2 96
2 18 1
1 2 96
2 18 2
1 2 96
2 18 1
1 2 96
2 18 2
1 2 96
2 18 1
1 2 96
2 18 2
1 2 96
2 18 1
1 2 96
2 18 2
1 2 96
2 18 1
1 2 96
2 18 2
1 2 96
2 18 1
1 2 96
2 18 2
1 2 96
2 18 1
1 2 96
2 18 2
1 2 96
2 18 1
1 2 96
2 18 2
1 2 96
2 18 1
1 2 96
2 18 2
1 2 96
2 18 1
1 2 96
2 18 2
1 2 96
2 18 1
1 2 96
2 18 2
1 2 96
2 18 1
1 2 96
2 18 2
1 2 96
2 18 1
1 2 96
2 18 2
1 2 96
2 18 1
1 2 96
2 18 2
1 2 96
2 18 1
1 2 96
2 18 2
1 2 96
2 18 1
1 2 96
2 18 2
1 2 96
2 18 1
1 2 96
2 18 2
1 2 44
2 18 1
2 20 2
1 2 96
2 20 1
1 2 96
2 20 2
1 2 96
2 20 1
1 2 96
2 20 2
1 2 96
2 20 1
1 2 96
2 20 2
1 2 96
2 20 1
1 2 96
2 20 2
1 2 96
2 20 1
1 2 96
2 20 2
1 2 96
2 20 1
1 2 96
2 20 2
1 2 96
2 20 1
1 2 96
2 20 2
1 2 96
2 20 1
1 2 96
2 20 2
1 2 16
2 20 1
2 19 2
1 2 95
2 19 1
1 2 1
2 19 2
1 2 1
2 19 1
2 20 2
1 2 96
2 20 1
1 2 96
2 20 2
1 2 96
2 20 1
1 2 96
2 20 2
1 2 96
2 20 1
1 2 96
2 20 2
1 2 96
2 20 1
1 2 96
2 20 2
1 2 96
2 20 1
1 2 96
2 20 2
1 2 96
2 20 1
1 2 96
2 20 2
1 2 96
2 20 1
1 2 96
2 20 2
1 2 14
2 20 1
2 22 2
1 2 96
2 22 1
1 2 96
2 22 2
1 2 96
2 22 1
1 2 96
2 22 2
1 2 96
2 22 1
1 2 96
2 22 2
1 2 96
2 22 1
1 2 96
2 22 2
1 2 96
2 22 1
1 2 96
2 22 2
1 2 96
2 22 1
1 2 96
2 22 2
1 2 96
2 22 1
1 2 96
2 22 2
1 2 96
2 22 1
1 2 96
2 22 2
1 2 96
2 22 1
1 2 96
2 22 2
1 2 96
2 22 1
1 2 96
2 22 2
1 2 96
2 22 1
1 2 96
2 22 2
1 2 96
2 22 1
1 2 96
2 22 2
1 2 96
2 22 1
1 2 96
2 22 2
1 2 96
2 22 1
1 2 96
2 22 2
1 2 96
2 22 1
1 2 96
2 22 2
1 2 96
2 22 1
1 2 96
2 22 2
1 2 96
2 22 1
1 2 96
2 22 2
1 2 96
2 22 1
1 2 96
2 22 2
1 2 96
2 22 1
1 2 96
2 22 2
1 2 96
2 22 1
1 2 96
2 22 2
1 2 96
2 22 1
1 2 96
2 22 2
1 2 96
2 22 1
1 2 96
2 22 2
1 2 96
2 22 1
1 2 96
2 22 2
1 2 96
2 22 1
1 2 96
2 22 2
1 2 96
2 22 1
1 2 96
2 22 2
1 2 96
2 22 1
1 2 96
2 22 2
1 2 96
2 22 1
1 2 96
2 22 2
1 2 96
2 22 1
1 2 96
2 22 2
1 2 96
2 22 1
1 2 96
2 22 2
1 2 96
2 22 1
1 2 96
2 22 2
1 2 96
2 22 1
1 2 96
2 22 2
1 2 96
2 22 1
1 2 96
2 22 2
1 2 96
2 22 1
1 2 96
2 22 2
1 2 96
2 22 1
1 2 96
2 22 2
1 2 68
2 22 1
2 21 2
1 2 95
2 21 1
1 2 1
2 21 2
1 2 1
2 21 1
2 22 2
1 2 96
2 22 1
1 2 96
2 22 2
1 2 96
2 22 1
1 2 96
2 22 2
1 2 96
2 22 1
1 2 96
2 22 2
1 2 96
2 22 1
1 2 96
2 22 2
1 2 96
2 22 1
1 2 96
2 22 2
1 2 96
2 22 1
1 2 96
2 22 2
1 2 96
2 22 1
1 2 96
2 22 2
1 2 96
2 22 1
1 2 96
2 22 2
1 2 96
2 22 1
1 2 96
2 22 2
1 2 96
2 22 1
1 2 96
2 22 2
1 2 96
2 22 1
1 2 96
2 22 2
1 2 96
2 22 1
1 2 96
2 22 2
1 2 96
2 22 1
1 2 96
2 22 2
1 2 96
2 22 1
1 2 96
2 22 2
1 2 96
2 22 1
1 2 96
2 22 2
1 2 30
2 22 1
2 23 2
1 2 96
2 23 1
1 2 96
2 23 2
1 2 2
2 23 1
2 25 2
1 2 96
2 25 1
1 2 96
2 25 2
1 2 96
2 25 1
1 2 96
2 25 2
1 2 96
2 25 1
1 2 96
2 25 2
1 2 96
2 25 1
1 2 96
2 25 2
1 2 96
2 25 1
1 2 96
2 25 2
1 2 96
2 25 1
1 2 96
2 25 2
1 2 96
2 25 1
1 2 96
2 25 2
1 2 96
2 25 1
1 2 96
2 25 2
1 2 96
2 25 1
1 2 96
2 25 2
1 2 18
2 25 1
2 24 2
1 2 95
2 24 1
1 2 1
2 24 2
1 2 1
2 24 1
2 25 2
1 2 96
2 25 1
1 2 96
2 25 2
1 2 96
2 25 1
1 2 96
2 25 2
1 2 96
2 25 1
1 2 96
2 25 2
1 2 96
2 25 1
1 2 96
2 25 2
1 2 96
2 25 1
1 2 96
2 25 2
1 2 96
2 25 1
1 2 96
2 25 2
1 2 96
2 25 1
1 2 96
2 25 2
1 2 96
2 25 1
1 2 96
2 25 2
1 2 16
2 25 1
2 27 2
1 2 96
2 27 1
1 2 96
2 27 2
1 2 96
2 27 1
1 2 96
2 27 2
1 2 96
2 27 1
1 2 96
2 27 2
1 2 96
2 27 1
1 2 96
2 27 2
1 2 96
2 27 1
1 2 96
2 27 2
1 2 96
2 27 1
1 2 96
2 27 2
1 2 96
2 27 1
1 2 96
2 27 2
1 2 96
2 27 1
1 2 96
2 27 2
1 2 96
2 27 1
1 2 96
2 27 2
1 2 96
2 27 1
1 2 96
2 27 2
1 2 96
2 27 1
1 2 96
2 27 2
1 2 96
2 27 1
1 2 96
2 27 2
1 2 96
2 27 1
1 2 96
2 27 2
1 2 96
2 27 1
1 2 96
2 27 2
1 2 96
2 27 1
1 2 96
2 27 2
1 2 96
2 27 1
1 2 96
2 27 2
1 2 96
2 27 1
1 2 96
2 27 2
1 2 96
2 27 1
1 2 96
2 27 2
1 2 96
2 27 1
1 2 96
2 27 2
1 2 96
2 27 1
1 2 96
2 27 2
1 2 96
2 27 1
1 2 96
2 27 2
1 2 96
2 27 1
1 2 96
2 27 2
1 2 96
2 27 1
1 2 96
2 27 2
1 2 96
2 27 1
1 2 96
2 27 2
1 2 96
2 27 1
1 2 96
2 27 2
1 2 96
2 27 1
1 2 96
2 27 2
1 2 52
2 27 1
2 26 2
1 2 95
2 26 1
1 2 1
2 26 2
1 2 1
2 26 1
2 28 2
1 2 96
2 28 1
1 2 96
2 28 2
1 2 96
2 28 1
1 2 96
2 28 2
1 2 96
2 28 1
1 2 96
2 28 2
1 2 96
2 28 1
1 2 96
2 28 2
1 2 96
2 28 1
1 2 96
2 28 2
1 2 96
2 28 1
1 2 96
2 28 2
1 2 96
2 28 1
1 2 96
2 28 2
1 2 96
2 28 1
1 2 96
2 28 2
1 2 96
2 28 1
1 2 96
2 28 2
1 2 96
2 28 1
1 2 96
2 28 2
1 2 96
2 28 1
1 2 96
2 28 2
1 2 96
2 28 1
1 2 96
2 28 2
1 2 96
2 28 1
1 2 96
2 28 2
1 2 96
2 28 1
1 2 96
2 28 2
1 2 96
2 28 1
1 2 96
2 28 2
1 2 96
2 28 1
1 2 96
2 28 2
1 2 96
2 28 1
1 2 96
2 28 2
1 2 96
2 28 1
1 2 96
2 28 2
1 2 96
2 28 1
1 2 96
2 28 2
1 2 96
2 28 1
1 2 96
2 28 2
1 2 96
2 28 1
1 2 96
2 28 2
1 2 96
2 28 1
1 2 96
2 28 2
1 2 96
2 28 1
1 2 96
2 28 2
1 2 96
2 28 1
1 2 96
2 28 2
1 2 96
2 28 1
1 2 96
2 28 2
1 2 96
2 28 1
1 2 96
2 28 2
1 2 96
2 28 1
1 2 96
2 28 2
1 2 96
2 28 1
1 2 96
2 28 2
1 2 96
2 28 1
1 2 96
2 28 2
1 2 96
2 28 1
1 2 96
2 28 2
1 2 96
2 28 1
1 2 96
2 28 2
1 2 96
2 28 1
1 2 96
2 28 2
1 2 96
2 28 1
1 2 96
2 28 2
1 2 96
2 28 1
1 2 96
2 28 2
1 2 68
2 28 1
2 27 2
1 2 95
2 27 1
1 2 1
2 27 2
1 2 1
2 27 1
2 29 2
1 2 96
2 29 1
1 2 96
2 29 2
1 2 96
2 29 1
1 2 96
2 29 2
1 2 96
2 29 1
1 2 96
2 29 2
1 2 96
2 29 1
1 2 96
2 29 2
1 2 96
2 29 1
1 2 96
2 29 2
1 2 96
2 29 1
1 2 96
2 29 2
1 2 96
2 29 1
1 2 96
2 29 2
1 2 96
2 29 1
1 2 96
2 29 2
1 2 96
2 29 1
1 2 96
2 29 2
1 2 96
2 29 1
1 2 96
2 29 2
1 2 96
2 29 1
1 2 96
2 29 2
1 2 96
2 29 1
1 2 96
2 29 2
1 2 96
2 29 1
1 2 96
2 29 2
1 2 96
2 29 1
1 2 96
2 29 2
1 2 96
2 29 1
1 2 96
2 29 2
1 2 96
2 29 1
1 2 96
2 29 2
1 2 96
2 29 1
1 2 96
2 29 2
1 2 96
2 29 1
1 2 96
2 29 2
1 2 96
2 29 1
1 2 96
2 29 2
1 2 96
2 29 1
1 2 96
2 29 2
1 2 96
2 29 1
1 2 96
2 29 2
1 2 96
2 29 1
1 2 96
2 29 2
1 2 96
2 29 1
1 2 96
2 29 2
1 2 96
2 29 1
1 2 96
2 29 2
1 2 96
2 29 1
1 2 96
2 29 2
1 2 96
2 29 1
1 2 96
2 29 2
1 2 96
2 29 1
1 2 96
2 29 2
1 2 54
2 29 1
2 28 2
1 2 95
2 28 1
1 2 1
2 28 2
1 2 1
2 28 1
2 30 2
1 2 96
2 30 1
1 2 96
2 30 2
1 2 96
2 30 1
1 2 96
2 30 2
1 2 96
2 30 1
1 2 96
2 30 2
1 2 6
2 30 1
2 29 2
1 2 95
2 29 1
1 2 1
2 29 2
1 2 1
2 29 1
2 31 2
1 2 96
2 31 1
1 2 96
2 31 2
1 2 96
2 31 1
1 2 96
2 31 2
1 2 96
2 31 1
1 2 96
2 31 2
1 2 96
2 31 1
1 2 96
2 31 2
1 2 96
2 31 1
1 2 96
2 31 2
1 2 96
2 31 1
1 2 96
2 31 2
1 2 96
2 31 1
1 2 96
2 31 2
1 2 96
2 31 1
1 2 96
2 31 2
1 2 96
2 31 1
1 2 96
2 31 2
1 2 96
2 31 1
1 2 96
2 31 2
1 2 96
2 31 1
1 2 96
2 31 2
1 2 96
2 31 1
1 2 96
2 31 2
1 2 96
2 31 1
1 2 96
2 31 2
1 2 96
2 31 1
1 2 96
2 31 2
1 2 96
2 31 1
1 2 96
2 31 2
1 2 96
2 31 1
1 2 96
2 31 2
1 2 96
2 31 1
1 2 96
2 31 2
1 2 96
2 31 1
1 2 96
2 31 2
1 2 96
2 31 1
1 2 96
2 31 2
1 2 96
2 31 1
1 2 96
2 31 2
1 2 96
2 31 1
1 2 96
2 31 2
1 2 96
2 31 1
1 2 96
2 31 2
1 2 96
2 31 1
1 2 96
2 31 2
1 2 96
2 31 1
1 2 96
2 31 2
1 2 96
2 31 1
1 2 96
2 31 2
1 2 96
2 31 1
1 2 96
2 31 2
1 2 96
2 31 1
1 2 96
2 31 2
1 2 96
2 31 1
1 2 96
2 31 2
1 2 96
2 31 1
1 2 96
2 31 2
1 2 96
2 31 1
1 2 96
2 31 2
1 2 96
2 31 1
1 2 96
2 31 2
1 2 62
2 31 1
2 30 2
1 2 95
2 30 1
1 2 1
2 30 2
1 2 1
2 30 1
2 32 2
1 2 96
2 32 1
1 2 96
2 32 2
1 2 96
2 32 1
1 2 96
2 32 2
1 2 96
2 32 1
1 2 96
2 32 2
1 2 96
2 32 1
1 2 96
2 32 2
1 2 96
2 32 1
1 2 96
2 32 2
1 2 96
2 32 1
1 2 96
2 32 2
1 2 96
2 32 1
1 2 96
2 32 2
1 2 96
2 32 1
1 2 96
2 32 2
1 2 96
2 32 1
1 2 96
2 32 2
1 2 96
2 32 1
1 2 96
2 32 2
1 2 96
2 32 1
1 2 96
2 32 2
1 2 96
2 32 1
1 2 96
2 32 2
1 2 96
2 32 1
1 2 96
2 32 2
1 2 96
2 32 1
1 2 96
2 32 2
1 2 96
2 32 1
1 2 96
2 32 2
1 2 30
2 32 1
2 31 2
1 2 95
2 31 1
1 2 1
2 31 2
1 2 1
2 31 1
2 33 2
1 2 96
2 33 1
1 2 96
2 33 2
1 2 96
2 33 1
1 2 96
2 33 2
1 2 96
2 33 1
1 2 96
2 33 2
1 2 96
2 33 1
1 2 96
2 33 2
1 2 96
2 33 1
1 2 96
2 33 2
1 2 96
2 33 1
1 2 96
2 33 2
1 2 96
2 33 1
1 2 96
2 33 2
1 2 96
2 33 1
1 2 96
2 33 2
1 2 96
2 33 1
1 2 96
2 33 2
1 2 96
2 33 1
1 2 96
2 33 2
1 2 96
2 33 1
1 2 96
2 33 2
1 2 96
2 33 1
1 2 96
2 33 2
1 2 96
2 33 1
1 2 96
2 33 2
1 2 96
2 33 1
1 2 96
2 33 2
1 2 96
2 33 1
1 2 96
2 33 2
1 2 96
2 33 1
1 2 96
2 33 2
1 2 96
2 33 1
1 2 96
2 33 2
1 2 96
2 33 1
1 2 96
2 33 2
1 2 96
2 33 1
1 2 96
2 33 2
1 2 96
2 33 1
1 2 96
2 33 2
1 2 96
2 33 1
1 2 96
2 33 2
1 2 96
2 33 1
1 2 96
2 33 2
1 2 96
2 33 1
1 2 96
2 33 2
1 2 96
2 33 1
1 2 96
2 33 2
1 2 48
2 33 1
2 32 2
1 2 95
2 32 1
1 2 1
2 32 2
1 2 1
2 32 1
2 33 2
1 2 96
2 33 1
1 2 96
2 33 2
1 2 96
2 33 1
1 2 96
2 33 2
1 2 96
2 33 1
1 2 96
2 33 2
1 2 96
2 33 1
1 2 96
2 33 2
1 2 96
2 33 1
1 2 96
2 33 2
1 2 96
2 33 1
1 2 96
2 33 2
1 2 96
2 33 1
1 2 96
2 33 2
1 2 14
2 33 1
2 35 2
1 2 96
2 35 1
1 2 96
2 35 2
1 2 96
2 35 1
1 2 96
2 35 2
1 2 96
2 35 1
1 2 96
2 35 2
1 2 96
2 35 1
1 2 96
2 35 2
1 2 96
2 35 1
1 2 96
2 35 2
1 2 96
2 35 1
1 2 96
2 35 2
1 2 96
2 35 1
1 2 96
2 35 2
1 2 96
2 35 1
1 2 96
2 35 2
1 2 96
2 35 1
1 2 96
2 35 2
1 2 96
2 35 1
1 2 96
2 35 2
1 2 96
2 35 1
1 2 96
2 35 2
1 2 96
2 35 1
1 2 96
2 35 2
1 2 96
2 35 1
1 2 96
2 35 2
1 2 96
2 35 1
1 2 96
2 35 2
1 2 96
2 35 1
1 2 96
2 35 2
1 2 96
2 35 1
1 2 96
2 35 2
1 2 96
2 35 1
1 2 96
2 35 2
1 2 96
2 35 1
1 2 96
2 35 2
1 2 96
2 35 1
1 2 96
2 35 2
1 2 96
2 35 1
1 2 96
2 35 2
1 2 96
2 35 1
1 2 96
2 35 2
1 2 96
2 35 1
1 2 96
2 35 2
1 2 96
2 35 1
1 2 96
2 35 2
1 2 96
2 35 1
1 2 96
2 35 2
1 2 96
2 35 1
1 2 96
2 35 2
1 2 96
2 35 1
1 2 96
2 35 2
1 2 52
2 35 1
2 34 2
1 2 95
2 34 1
1 2 1
2 34 2
1 2 1
2 34 1
2 36 2
1 2 96
2 36 1
1 2 96
2 36 2
1 2 96
2 36 1
1 2 96
2 36 2
1 2 96
2 36 1
1 2 96
2 36 2
1 2 96
2 36 1
1 2 96
2 36 2
1 2 8
2 36 1
2 35 2
1 2 95
2 35 1
1 2 1
2 35 2
1 2 1
2 35 1
2 37 2
1 2 96
2 37 1
1 2 96
2 37 2
1 2 96
2 37 1
1 2 96
2 37 2
1 2 96
2 37 1
1 2 96
2 37 2
1 2 96
2 37 1
1 2 96
2 37 2
1 2 96
2 37 1
1 2 96
2 37 2
1 2 96
2 37 1
1 2 96
2 37 2
1 2 96
2 37 1
1 2 96
2 37 2
1 2 96
2 37 1
1 2 96
2 37 2
1 2 96
2 37 1
1 2 96
2 37 2
1 2 96
2 37 1
1 2 96
2 37 2
1 2 96
2 37 1
1 2 96
2 37 2
1 2 96
2 37 1
1 2 96
2 37 2
1 2 96
2 37 1
1 2 96
2 37 2
1 2 96
2 37 1
1 2 96
2 37 2
1 2 96
2 37 1
1 2 96
2 37 2
1 2 96
2 37 1
1 2 96
2 37 2
1 2 96
2 37 1
1 2 96
2 37 2
1 2 34
2 37 1
2 36 2
1 2 95
2 36 1
1 2 1
2 36 2
1 2 1
2 36 1
2 38 2
1 2 0
2 38 1
2 37 2
1 2 95
2 37 1
1 2 1
2 37 2
1 2 1
2 37 1
2 39 2
1 2 96
2 39 1
1 2 96
2 39 2
1 2 96
2 39 1
1 2 96
2 39 2
1 2 96
2 39 1
1 2 96
2 39 2
1 2 96
2 39 1
1 2 96
2 39 2
1 2 96
2 39 1
1 2 96
2 39 2
1 2 96
2 39 1
1 2 96
2 39 2
1 2 12
2 39 1
2 38 2
1 2 95
2 38 1
1 2 1
2 38 2
1 2 1
2 38 1
2 40 2
1 2 96
2 40 1
1 2 96
2 40 2
1 2 96
2 40 1
1 2 96
2 40 2
1 2 96
2 40 1
1 2 96
2 40 2
1 2 96
2 40 1
1 2 96
2 40 2
1 2 96
2 40 1
1 2 96
2 40 2
1 2 96
2 40 1
1 2 96
2 40 2
1 2 96
2 40 1
1 2 96
2 40 2
1 2 96
2 40 1
1 2 96
2 40 2
1 2 96
2 40 1
1 2 96
2 40 2
1 2 96
2 40 1
1 2 96
2 40 2
1 2 96
2 40 1
1 2 96
2 40 2
1 2 96
2 40 1
1 2 96
2 40 2
1 2 96
2 40 1
1 2 96
2 40 2
1 2 96
2 40 1
1 2 96
2 40 2
1 2 96
2 40 1
1 2 96
2 40 2
1 2 30
2 40 1
2 42 2
1 2 96
2 42 1
1 2 96
2 42 2
1 2 96
2 42 1
1 2 96
2 42 2
1 2 96
2 42 1
1 2 96
2 42 2
1 2 96
2 42 1
1 2 96
2 42 2
1 2 96
2 42 1
1 2 96
2 42 2
1 2 96
2 42 1
1 2 96
2 42 2
1 2 96
2 42 1
1 2 96
2 42 2
1 2 96
2 42 1
1 2 96
2 42 2
1 2 96
2 42 1
1 2 96
2 42 2
1 2 96
2 42 1
1 2 96
2 42 2
1 2 96
2 42 1
1 2 96
2 42 2
1 2 96
2 42 1
1 2 96
2 42 2
1 2 96
2 42 1
1 2 96
2 42 2
1 2 96
2 42 1
1 2 96
2 42 2
1 2 96
2 42 1
1 2 96
2 42 2
1 2 96
2 42 1
1 2 96
2 42 2
1 2 32
2 42 1
2 41 2
1 2 95
2 41 1
1 2 1
2 41 2
1 2 1
2 41 1
2 42 2
1 2 96
2 42 1
1 2 96
2 42 2
1 2 96
2 42 1
1 2 96
2 42 2
1 2 96
2 42 1
1 2 96
2 42 2
1 2 96
2 42 1
1 2 96
2 42 2
1 2 96
2 42 1
1 2 96
2 42 2
1 2 96
2 42 1
1 2 96
2 42 2
1 2 96
2 42 1
1 2 96
2 42 2
1 2 96
2 42 1
1 2 96
2 42 2
1 2 96
2 42 1
1 2 96
2 42 2
1 2 96
2 42 1
1 2 96
2 42 2
1 2 96
2 42 1
1 2 96
2 42 2
1 2 96
2 42 1
1 2 96
2 42 2
1 2 96
2 42 1
1 2 96
2 42 2
1 2 96
2 42 1
1 2 96
2 42 2
1 2 28
2 42 1
2 44 2
1 2 96
2 44 1
1 2 96
2 44 2
1 2 96
2 44 1
1 2 96
2 44 2
1 2 96
2 44 1
1 2 96
2 44 2
1 2 6
2 44 1
2 43 2
1 2 95
2 43 1
1 2 1
2 43 2
1 2 1
2 43 1
2 45 2
1 2 96
2 45 1
1 2 96
2 45 2
1 2 96
2 45 1
1 2 96
2 45 2
1 2 96
2 45 1
1 2 96
2 45 2
1 2 96
2 45 1
1 2 96
2 45 2
1 2 96
2 45 1
1 2 96
2 45 2
1 2 96
2 45 1
1 2 96
2 45 2
1 2 96
2 45 1
1 2 96
2 45 2
1 2 96
2 45 1
1 2 96
2 45 2
1 2 96
2 45 1
1 2 96
2 45 2
1 2 96
2 45 1
1 2 96
2 45 2
1 2 96
2 45 1
1 2 96
2 45 2
1 2 96
2 45 1
1 2 96
2 45 2
1 2 96
2 45 1
1 2 96
2 45 2
1 2 96
2 45 1
1 2 96
2 45 2
1 2 96
2 45 1
1 2 96
2 45 2
1 2 96
2 45 1
1 2 96
2 45 2
1 2 96
2 45 1
1 2 96
2 45 2
1 2 34
2 45 1
2 44 2
1 2 95
2 44 1
1 2 1
2 44 2
1 2 1
2 44 1
2 45 2
1 2 96
2 45 1
1 2 96
2 45 2
1 2 96
2 45 1
1 2 96
2 45 2
1 2 96
2 45 1
1 2 96
2 45 2
1 2 96
2 45 1
1 2 96
2 45 2
1 2 96
2 45 1
1 2 96
2 45 2
1 2 96
2 45 1
1 2 96
2 45 2
1 2 96
2 45 1
1 2 96
2 45 2
1 2 96
2 45 1
1 2 96
2 45 2
1 2 96
2 45 1
1 2 96
2 45 2
1 2 96
2 45 1
1 2 96
2 45 2
1 2 96
2 45 1
1 2 96
2 45 2
1 2 96
2 45 1
1 2 96
2 45 2
1 2 96
2 45 1
1 2 96
2 45 2
1 2 96
2 45 1
1 2 96
2 45 2
1 2 96
2 45 1
1 2 96
2 45 2
1 2 96
2 45 1
1 2 96
2 45 2
1 2 96
2 45 1
1 2 96
2 45 2
1 2 96
2 45 1
1 2 96
2 45 2
1 2 96
2 45 1
1 2 96
2 45 2
1 2 96
2 45 1
1 2 96
2 45 2
1 2 96
2 45 1
1 2 96
2 45 2
1 2 96
2 45 1
1 2 96
2 45 2
1 2 44
2 45 1
2 46 2
1 2 96
2 46 1
1 2 96
2 46 2
1 2 96
2 46 1
1 2 96
2 46 2
1 2 96
2 46 1
1 2 96
2 46 2
1 2 96
2 46 1
1 2 96
2 46 2
1 2 96
2 46 1
1 2 96
2 46 2
1 2 96
2 46 1
1 2 96
2 46 2
1 2 96
2 46 1
1 2 96
2 46 2
1 2 96
2 46 1
1 2 96
2 46 2
1 2 96
2 46 1
1 2 96
2 46 2
1 2 96
2 46 1
1 2 96
2 46 2
1 2 96
2 46 1
1 2 96
2 46 2
1 2 96
2 46 1
1 2 96
2 46 2
1 2 96
2 46 1
1 2 96
2 46 2
1 2 96
2 46 1
1 2 96
2 46 2
1 2 96
2 46 1
1 2 96
2 46 2
1 2 96
2 46 1
1 2 96
2 46 2
1 2 96
2 46 1
1 2 96
2 46 2
1 2 96
2 46 1
1 2 96
2 46 2
1 2 96
2 46 1
1 2 96
2 46 2
1 2 96
2 46 1
1 2 96
2 46 2
1 2 96
2 46 1
1 2 96
2 46 2
1 2 96
2 46 1
1 2 96
2 46 2
1 2 96
2 46 1
1 2 96
2 46 2
1 2 96
2 46 1
1 2 96
2 46 2
1 2 96
2 46 1
1 2 96
2 46 2
1 2 50
2 46 1
2 48 2
1 2 96
2 48 1
1 2 96
2 48 2
1 2 96
2 48 1
1 2 96
2 48 2
1 2 96
2 48 1
1 2 96
2 48 2
1 2 96
2 48 1
1 2 96
2 48 2
1 2 96
2 48 1
1 2 96
2 48 2
1 2 96
2 48 1
1 2 96
2 48 2
1 2 96
2 48 1
1 2 96
2 48 2
1 2 96
2 48 1
1 2 96
2 48 2
1 2 96
2 48 1
1 2 96
2 48 2
1 2 96
2 48 1
1 2 96
2 48 2
1 2 96
2 48 1
1 2 96
2 48 2
1 2 96
2 48 1
1 2 96
2 48 2
1 2 96
2 48 1
1 2 96
2 48 2
1 2 96
2 48 1
1 2 96
2 48 2
1 2 96
2 48 1
1 2 96
2 48 2
1 2 96
2 48 1
1 2 96
2 48 2
1 2 96
2 48 1
1 2 96
2 48 2
1 2 96
2 48 1
1 2 96
2 48 2
1 2 96
2 48 1
1 2 96
2 48 2
1 2 96
2 48 1
1 2 96
2 48 2
1 2 96
2 48 1
1 2 96
2 48 2
1 2 96
2 48 1
1 2 96
2 48 2
1 2 44
2 48 1
2 47 2
1 2 95
2 47 1
1 2 1
2 47 2
1 2 1
2 47 1
2 49 2
1 2 96
2 49 1
1 2 96
2 49 2
1 2 96
2 49 1
1 2 96
2 49 2
1 2 96
2 49 1
1 2 96
2 49 2
1 2 96
2 49 1
1 2 96
2 49 2
1 2 96
2 49 1
1 2 96
2 49 2
1 2 10
2 49 1
2 48 2
1 2 95
2 48 1
1 2 1
2 48 2
1 2 1
2 48 1
2 49 2
1 2 96
2 49 1
1 2 96
2 49 2
1 2 2
2 49 1
2 50 2
1 2 96
2 50 1
1 2 96
2 50 2
1 2 96
2 50 1
1 2 96
2 50 2
1 2 96
2 50 1
1 2 96
2 50 2
1 2 96
2 50 1
1 2 96
2 50 2
1 2 96
2 50 1
1 2 96
2 50 2
1 2 96
2 50 1
1 2 96
2 50 2
1 2 96
2 50 1
1 2 96
2 50 2
1 2 96
2 50 1
1 2 96
2 50 2
1 2 96
2 50 1
1 2 96
2 50 2
1 2 96
2 50 1
1 2 96
2 50 2
1 2 96
2 50 1
1 2 96
2 50 2
1 2 96
2 50 1
1 2 96
2 50 2
1 2 96
2 50 1
1 2 96
2 50 2
1 2 96
2 50 1
1 2 96
2 50 2
1 2 96
2 50 1
1 2 96
2 50 2
1 2 96
2 50 1
1 2 96
2 50 2
1 2 96
2 50 1
1 2 96
2 50 2
1 2 96
2 50 1
1 2 96
2 50 2
1 2 36
2 50 1
2 52 2
1 2 96
2 52 1
1 2 96
2 52 2
1 2 96
2 52 1
1 2 96
2 52 2
1 2 96
2 52 1
1 2 96
2 52 2
1 2 6
2 52 1
2 51 2
1 2 95
2 51 1
1 2 1
2 51 2
1 2 1
2 51 1
2 53 2
1 2 96
2 53 1
1 2 96
2 53 2
1 2 96
2 53 1
1 2 96
2 53 2
1 2 96
2 53 1
1 2 96
2 53 2
1 2 96
2 53 1
1 2 96
2 53 2
1 2 96
2 53 1
1 2 96
2 53 2
1 2 96
2 53 1
1 2 96
2 53 2
1 2 96
2 53 1
1 2 96
2 53 2
1 2 96
2 53 1
1 2 96
2 53 2
1 2 96
2 53 1
1 2 96
2 53 2
1 2 96
2 53 1
1 2 96
2 53 2
1 2 96
2 53 1
1 2 96
2 53 2
1 2 22
2 53 1
2 52 2
1 2 95
2 52 1
1 2 1
2 52 2
1 2 1
2 52 1
2 54 2
1 2 96
2 54 1
1 2 96
2 54 2
1 2 96
2 54 1
1 2 96
2 54 2
1 2 96
2 54 1
1 2 96
2 54 2
1 2 96
2 54 1
1 2 96
2 54 2
1 2 96
2 54 1
1 2 96
2 54 2
1 2 96
2 54 1
1 2 96
2 54 2
1 2 12
2 54 1
2 53 2
1 2 95
2 53 1
1 2 1
2 53 2
1 2 1
2 53 1
2 54 2
1 2 96
2 54 1
1 2 96
2 54 2
1 2 96
2 54 1
1 2 96
2 54 2
1 2 4
2 54 1
2 55 2
1 2 96
2 55 1
1 2 96
2 55 2
1 2 96
2 55 1
1 2 96
2 55 2
1 2 96
2 55 1
1 2 96
2 55 2
1 2 96
2 55 1
1 2 96
2 55 2
1 2 8
2 55 1
2 57 2
1 2 96
2 57 1
1 2 96
2 57 2
1 2 96
2 57 1
1 2 96
2 57 2
1 2 96
2 57 1
1 2 96
2 57 2
1 2 96
2 57 1
1 2 96
2 57 2
1 2 96
2 57 1
1 2 96
2 57 2
1 2 96
2 57 1
1 2 96
2 57 2
1 2 96
2 57 1
1 2 96
2 57 2
1 2 96
2 57 1
1 2 96
2 57 2
1 2 96
2 57 1
1 2 96
2 57 2
1 2 96
2 57 1
1 2 96
2 57 2
1 2 96
2 57 1
1 2 96
2 57 2
1 2 96
2 57 1
1 2 96
2 57 2
1 2 96
2 57 1
1 2 96
2 57 2
1 2 96
2 57 1
1 2 96
2 57 2
1 2 96
2 57 1
1 2 96
2 57 2
1 2 96
2 57 1
1 2 96
2 57 2
1 2 96
2 57 1
1 2 96
2 57 2
1 2 96
2 57 1
1 2 96
2 57 2
1 2 36
2 57 1
2 56 2
1 2 95
2 56 1
1 2 1
2 56 2
1 2 1
2 56 1
2 58 2
1 2 96
2 58 1
1 2 96
2 58 2
1 2 96
2 58 1
1 2 96
2 58 2
1 2 96
2 58 1
1 2 96
2 58 2
1 2 96
2 58 1
1 2 96
2 58 2
1 2 96
2 58 1
1 2 96
2 58 2
1 2 96
2 58 1
1 2 96
2 58 2
1 2 96
2 58 1
1 2 96
2 58 2
1 2 96
2 58 1
1 2 96
2 58 2
1 2 96
2 58 1
1 2 96
2 58 2
1 2 96
2 58 1
1 2 96
2 58 2
1 2 96
2 58 1
1 2 96
2 58 2
1 2 96
2 58 1
1 2 96
2 58 2
1 2 96
2 58 1
1 2 96
2 58 2
1 2 96
2 58 1
1 2 96
2 58 2
1 2 28
2 58 1
2 57 2
1 2 95
2 57 1
1 2 1
2 57 2
1 2 1
2 57 1
2 59 2
1 2 96
2 59 1
1 2 96
2 59 2
1 2 96
2 59 1
1 2 96
2 59 2
1 2 96
2 59 1
1 2 96
2 59 2
1 2 96
2 59 1
1 2 96
2 59 2
1 2 96
2 59 1
1 2 96
2 59 2
1 2 96
2 59 1
1 2 96
2 59 2
1 2 96
2 59 1
1 2 96
2 59 2
1 2 96
2 59 1
1 2 96
2 59 2
1 2 96
2 59 1
1 2 96
2 59 2
1 2 96
2 59 1
1 2 96
2 59 2
1 2 96
2 59 1
1 2 96
2 59 2
1 2 96
2 59 1
1 2 96
2 59 2
1 2 96
2 59 1
1 2 96
2 59 2
1 2 26
2 59 1
2 58 2
1 2 95
2 58 1
1 2 1
2 58 2
1 2 1
2 58 1
2 59 2
1 2 96
2 59 1
1 2 96
2 59 2
1 2 96
2 59 1
1 2 96
2 59 2
1 2 96
2 59 1
1 2 96
2 59 2
1 2 6
2 59 1
2 60 2
1 2 96
2 60 1
1 2 96
2 60 2
1 2 96
2 60 1
1 2 96
2 60 2
1 2 96
2 60 1
1 2 96
2 60 2
1 2 6
2 60 1
2 62 2
1 2 96
2 62 1
1 2 96
2 62 2
1 2 96
2 62 1
1 2 96
2 62 2
1 2 96
2 62 1
1 2 96
2 62 2
1 2 96
2 62 1
1 2 96
2 62 2
1 2 96
2 62 1
1 2 96
2 62 2
1 2 96
2 62 1
1 2 96
2 62 2
1 2 96
2 62 1
1 2 96
2 62 2
1 2 96
2 62 1
1 2 96
2 62 2
1 2 96
2 62 1
1 2 96
2 62 2
1 2 18
2 62 1
2 61 2
1 2 95
2 61 1
1 2 1
2 61 2
1 2 1
2 61 1
2 63 2
1 2 96
2 63 1
1 2 96
2 63 2
1 2 96
2 63 1
1 2 96
2 63 2
1 2 96
2 63 1
1 2 96
2 63 2
1 2 96
2 63 1
1 2 96
2 63 2
1 2 96
2 63 1
1 2 96
2 63 2
1 2 96
2 63 1
1 2 96
2 63 2
1 2 12
2 63 1
2 64 2
1 2 96
2 64 1
1 2 96
2 64 2
1 2 96
2 64 1
1 2 96
2 64 2
1 2 96
2 64 1
1 2 96
2 64 2
1 2 6
2 64 1
2 65 2
1 2 96
2 65 1
1 2 96
2 65 2
1 2 96
2 65 1
1 2 96
2 65 2
1 2 96
2 65 1
1 2 96
2 65 2
1 2 96
2 65 1
1 2 96
2 65 2
1 2 96
2 65 1
1 2 96
2 65 2
1 2 96
2 65 1
1 2 96
2 65 2
1 2 12
2 65 1
2 67 2
1 2 96
2 67 1
1 2 96
2 67 2
1 2 96
2 67 1
1 2 96
2 67 2
1 2 96
2 67 1
1 2 96
2 67 2
1 2 96
2 67 1
1 2 96
2 67 2
1 2 96
2 67 1
1 2 96
2 67 2
1 2 96
2 67 1
1 2 96
2 67 2
1 2 96
2 67 1
1 2 96
2 67 2
1 2 96
2 67 1
1 2 96
2 67 2
1 2 96
2 67 1
1 2 96
2 67 2
1 2 96
2 67 1
1 2 96
2 67 2
1 2 20
2 67 1
2 66 2
1 2 95
2 66 1
1 2 1
2 66 2
1 2 1
2 66 1
2 67 2
1 2 96
2 67 1
1 2 96
2 67 2
1 2 96
2 67 1
1 2 96
2 67 2
1 2 96
2 67 1
1 2 96
2 67 2
1 2 96
2 67 1
1 2 96
2 67 2
1 2 96
2 67 1
1 2 96
2 67 2
1 2 10
2 67 1
2 68 2
1 2 96
2 68 1
1 2 96
2 68 2
1 2 96
2 68 1
1 2 96
2 68 2
1 2 96
2 68 1
1 2 96
2 68 2
1 2 96
2 68 1
1 2 96
2 68 2
1 2 96
2 68 1
1 2 96
2 68 2
1 2 96
2 68 1
1 2 96
2 68 2
1 2 96
2 68 1
1 2 96
2 68 2
1 2 96
2 68 1
1 2 96
2 68 2
1 2 96
2 68 1
1 2 96
2 68 2
1 2 96
2 68 1
1 2 96
2 68 2
1 2 96
2 68 1
1 2 96
2 68 2
1 2 96
2 68 1
1 2 96
2 68 2
1 2 24
2 68 1
2 69 2
1 2 96
2 69 1
1 2 96
2 69 2
1 2 96
2 69 1
1 2 96
2 69 2
1 2 96
2 69 1
1 2 96
2 69 2
1 2 6
2 69 1
2 71 2
1 2 0
2 71 1
2 70 2
1 2 95
2 70 1
1 2 1
2 70 2
1 2 1
2 70 1
2 73 2
1 2 96
2 73 1
1 2 96
2 73 2
1 2 96
2 73 1
1 2 96
2 73 2
1 2 96
2 73 1
1 2 96
2 73 2
1 2 96
2 73 1
1 2 96
2 73 2
1 2 96
2 73 1
1 2 96
2 73 2
1 2 96
2 73 1
1 2 96
2 73 2
1 2 96
2 73 1
1 2 96
2 73 2
1 2 96
2 73 1
1 2 96
2 73 2
1 2 16
2 73 1
2 72 2
1 2 95
2 72 1
1 2 1
2 72 2
1 2 1
2 72 1
2 74 2
1 2 96
2 74 1
1 2 96
2 74 2
1 2 96
2 74 1
1 2 96
2 74 2
1 2 96
2 74 1
1 2 96
2 74 2
1 2 96
2 74 1
1 2 96
2 74 2
1 2 8
2 74 1
2 73 2
1 2 95
2 73 1
1 2 1
2 73 2
1 2 1
2 73 1
2 75 2
1 2 96
2 75 1
1 2 96
2 75 2
1 2 96
2 75 1
1 2 96
2 75 2
1 2 96
2 75 1
1 2 96
2 75 2
1 2 96
2 75 1
1 2 96
2 75 2
1 2 96
2 75 1
1 2 96
2 75 2
1 2 96
2 75 1
1 2 96
2 75 2
1 2 96
2 75 1
1 2 96
2 75 2
1 2 96
2 75 1
1 2 96
2 75 2
1 2 16
2 75 1
2 74 2
1 2 95
2 74 1
1 2 1
2 74 2
1 2 1
2 74 1
2 77 2
1 2 96
2 77 1
1 2 96
2 77 2
1 2 96
2 77 1
1 2 96
2 77 2
1 2 96
2 77 1
1 2 96
2 77 2
1 2 6
2 77 1
2 76 2
1 2 95
2 76 1
1 2 1
2 76 2
1 2 1
2 76 1
2 78 2
1 2 96
2 78 1
1 2 96
2 78 2
1 2 96
2 78 1
1 2 96
2 78 2
1 2 96
2 78 1
1 2 96
2 78 2
1 2 96
2 78 1
1 2 96
2 78 2
1 2 96
2 78 1
1 2 96
2 78 2
1 2 96
2 78 1
1 2 96
2 78 2
1 2 96
2 78 1
1 2 96
2 78 2
1 2 14
2 78 1
2 77 2
1 2 95
2 77 1
1 2 1
2 77 2
1 2 1
2 77 1
2 78 2
1 2 96
2 78 1
1 2 96
2 78 2
1 2 96
2 78 1
1 2 96
2 78 2
1 2 96
2 78 1
1 2 96
2 78 2
1 2 96
2 78 1
1 2 96
2 78 2
1 2 96
2 78 1
1 2 96
2 78 2
1 2 96
2 78 1
1 2 96
2 78 2
1 2 96
2 78 1
1 2 96
2 78 2
1 2 96
2 78 1
1 2 96
2 78 2
1 2 96
2 78 1
1 2 96
2 78 2
1 2 18
2 78 1
2 79 2
1 2 96
2 79 1
1 2 96
2 79 2
1 2 96
2 79 1
1 2 96
2 79 2
1 2 96
2 79 1
1 2 96
2 79 2
1 2 96
2 79 1
1 2 96
2 79 2
1 2 96
2 79 1
1 2 96
2 79 2
1 2 96
2 79 1
1 2 96
2 79 2
1 2 96
2 79 1
1 2 96
2 79 2
1 2 14
2 79 1
2 80 2
1 2 96
2 80 1
1 2 96
2 80 2
1 2 96
2 80 1
1 2 96
2 80 2
1 2 96
2 80 1
1 2 96
2 80 2
1 2 6
2 80 1
2 82 2
1 2 0
2 82 1
2 81 2
1 2 95
2 81 1
1 2 1
2 81 2
1 2 1
2 81 1
2 83 2
1 2 96
2 83 1
1 2 96
2 83 2
1 2 96
2 83 1
1 2 96
2 83 2
1 2 96
2 83 1
1 2 96
2 83 2
1 2 96
2 83 1
1 2 96
2 83 2
1 2 96
2 83 1
1 2 96
2 83 2
1 2 10
2 83 1
2 82 2
1 2 95
2 82 1
1 2 1
2 82 2
1 2 1
2 82 1
2 84 2
1 2 96
2 84 1
1 2 96
2 84 2
1 2 96
2 84 1
1 2 96
2 84 2
1 2 96
2 84 1
1 2 96
2 84 2
1 2 96
2 84 1
1 2 96
2 84 2
1 2 96
2 84 1
1 2 96
2 84 2
1 2 10
2 84 1
2 83 2
1 2 95
2 83 1
1 2 1
2 83 2
1 2 1
2 83 1
2 86 2
1 2 96
2 86 1
1 2 96
2 86 2
1 2 96
2 86 1
1 2 96
2 86 2
1 2 96
2 86 1
1 2 96
2 86 2
1 2 96
2 86 1
1 2 96
2 86 2
1 2 96
2 86 1
1 2 96
2 86 2
1 2 10
2 86 1
2 85 2
1 2 95
2 85 1
1 2 1
2 85 2
1 2 1
2 85 1
2 87 2
1 2 96
2 87 1
1 2 96
2 87 2
1 2 96
2 87 1
1 2 96
2 87 2
1 2 96
2 87 1
1 2 96
2 87 2
1 2 96
2 87 1
1 2 96
2 87 2
1 2 8
2 87 1
2 86 2
1 2 95
2 86 1
1 2 1
2 86 2
1 2 1
2 86 1
2 88 2
1 2 96
2 88 1
1 2 96
2 88 2
1 2 2
2 88 1
2 87 2
1 2 95
2 87 1
1 2 1
2 87 2
1 2 1
2 87 1
2 89 2
1 2 96
2 89 1
1 2 96
2 89 2
1 2 2
2 89 1
2 88 2
1 2 95
2 88 1
1 2 1
2 88 2
1 2 1
2 88 1
2 89 2
1 2 96
2 89 1
1 2 96
2 89 2
1 2 2
2 89 1
2 90 2
1 2 96
2 90 1
1 2 96
2 90 2
1 2 96
2 90 1
1 2 96
2 90 2
1 2 4
2 90 1
2 93 2
1 2 0
2 93 1
2 92 2
1 2 95
2 92 1
1 2 1
2 92 2
1 2 1
2 92 1
2 94 2
1 2 96
2 94 1
1 2 96
2 94 2
1 2 2
2 94 1
2 93 2
1 2 95
2 93 1
1 2 1
2 93 2
1 2 1
2 93 1
