5530
1 0 86
1 1 95
2 1 2
1 1 91
2 2 2
1 2 89
2 3 1
1 2 15
2 4 1
1 1 34
2 5 2
2 17 1
1 1 85
2 6 2
1 1 32
2 7 2
1 1 4
2 8 2
2 13 1
1 1 92
2 9 2
1 1 87
2 10 2
1 2 89
2 11 1
1 2 45
2 12 1
1 2 75
2 13 1
1 1 37
2 14 2
1 2 47
2 15 1
2 47 1
1 1 65
2 16 2
1 2 77
2 17 1
1 2 95
2 18 1
2 61 1
1 1 54
2 19 2
2 87 1
1 1 29
2 20 2
1 2 41
2 21 1
1 1 2
2 22 2
1 2 15
2 23 1
1 1 57
2 24 2
1 2 52
2 25 1
1 1 37
2 26 2
1 2 91
2 27 1
1 2 90
2 28 1
1 2 7
2 29 1
2 56 1
1 1 70
2 30 2
1 1 41
2 31 2
2 42 1
1 1 86
2 32 2
1 2 27
2 33 1
1 2 30
2 34 1
1 1 1
2 35 2
1 2 42
2 36 1
2 87 1
1 1 46
2 37 2
1 2 11
2 38 1
2 83 1
1 1 52
2 39 2
1 2 52
2 40 1
1 1 81
2 41 2
2 83 1
1 1 55
2 42 2
1 1 57
2 43 2
1 2 37
2 44 1
1 2 17
2 45 1
2 87 1
1 1 55
2 46 2
1 2 82
2 47 1
1 2 35
2 48 1
2 65 1
1 1 80
2 49 2
1 1 61
2 50 2
1 2 8
2 51 1
1 1 62
2 52 2
1 2 42
2 53 1
1 1 90
2 54 2
1 2 11
2 55 1
1 2 34
2 56 1
1 1 9
2 57 2
1 2 48
2 58 1
1 2 79
2 59 1
2 63 1
1 1 93
2 60 2
1 1 20
2 61 2
1 2 63
2 62 1
2 95 1
1 1 64
2 63 2
1 1 63
2 64 2
1 1 29
2 65 2
2 88 1
1 1 74
2 66 2
1 1 84
2 67 2
1 1 68
2 68 2
1 2 67
2 69 1
1 1 8
2 70 2
2 89 1
1 1 78
2 71 2
1 2 60
2 72 1
1 1 76
2 73 2
2 89 1
1 1 81
2 74 2
1 2 34
2 75 1
1 1 33
2 76 2
1 2 47
2 77 1
1 2 57
2 78 1
1 2 26
2 79 1
1 1 19
2 80 2
1 2 40
2 81 1
1 2 51
2 82 1
1 2 53
2 83 1
1 1 86
2 84 2
1 2 7
2 85 1
1 2 26
2 86 1
1 2 36
2 87 1
1 1 90
2 88 2
1 1 82
2 89 2
1 1 33
2 90 2
1 2 94
2 91 1
1 1 81
2 92 2
1 1 72
2 93 2
1 1 57
2 94 2
1 2 21
2 95 1
1 1 58
2 1 2
1 1 38
2 1 1
2 2 1
1 2 2
2 2 2
2 3 1
1 2 88
2 3 2
2 4 1
1 2 43
2 4 2
1 1 62
2 5 2
1 1 34
2 5 1
2 6 1
1 2 82
2 6 2
2 7 1
1 2 64
2 7 2
2 8 1
1 2 50
2 8 2
2 9 1
1 2 43
2 9 2
1 1 21
2 10 2
1 1 75
2 10 1
2 11 1
1 2 90
2 11 2
1 1 26
2 12 2
1 1 70
2 12 1
1 1 64
2 13 2
1 1 32
2 13 1
1 1 51
2 14 2
1 1 45
2 14 1
1 1 47
2 15 2
1 1 49
2 15 1
1 1 36
2 16 2
1 1 60
2 16 1
1 1 50
2 17 2
1 1 46
2 17 1
1 1 85
2 18 2
1 1 11
2 18 1
1 1 44
2 19 2
1 1 52
2 19 1
2 20 1
1 2 25
2 20 2
2 21 1
1 2 11
2 21 2
1 1 59
2 22 2
1 1 37
2 22 1
1 1 57
2 23 2
1 1 39
2 23 1
2 24 1
1 2 27
2 24 2
1 1 84
2 25 2
1 1 12
2 25 1
2 26 1
1 2 67
2 26 2
2 27 1
1 2 35
2 27 2
2 28 1
1 2 81
2 28 2
2 29 1
1 2 91
2 29 2
2 30 1
1 2 66
2 30 2
2 31 1
1 2 25
2 31 2
2 32 1
1 2 50
2 32 2
1 1 91
2 33 2
1 1 5
2 33 1
1 1 37
2 34 2
1 1 59
2 34 1
2 35 1
1 2 59
2 35 2
2 36 1
1 2 88
2 36 2
2 37 1
1 2 4
2 37 2
2 38 1
1 2 93
2 38 2
1 1 79
2 39 2
1 1 17
2 39 1
2 40 1
1 2 13
2 40 2
2 41 1
1 2 83
2 41 2
2 42 1
1 2 78
2 42 2
1 1 49
2 43 2
1 1 47
2 43 1
1 1 54
2 44 2
1 1 42
2 44 1
1 1 73
2 45 2
1 1 23
2 45 1
1 1 60
2 46 2
1 1 36
2 46 1
2 47 1
1 2 61
2 47 2
1 1 73
2 48 2
1 1 23
2 48 1
2 49 1
1 2 35
2 49 2
2 50 1
1 2 67
2 50 2
1 1 81
2 51 2
1 1 15
2 51 1
2 52 1
1 2 18
2 52 2
2 53 1
1 2 67
2 53 2
1 1 67
2 54 2
1 1 29
2 54 1
2 55 1
1 2 71
2 55 2
1 1 60
2 56 2
1 1 36
2 56 1
1 1 79
2 57 2
1 1 17
2 57 1
2 58 1
1 2 4
2 58 2
2 59 1
1 2 86
2 59 2
2 60 1
1 2 86
2 60 2
2 61 1
1 2 71
2 61 2
2 62 1
1 2 74
2 62 2
2 63 1
1 2 40
2 63 2
2 64 1
1 2 88
2 64 2
2 65 1
1 2 25
2 65 2
2 66 1
1 2 83
2 66 2
2 67 1
1 2 35
2 67 2
2 68 1
1 2 68
2 68 2
1 1 84
2 69 2
1 1 12
2 69 1
2 70 1
1 2 12
2 70 2
2 71 1
1 2 11
2 71 2
1 1 83
2 72 2
1 1 13
2 72 1
2 73 1
1 2 58
2 73 2
2 74 1
1 2 59
2 74 2
1 1 82
2 75 2
1 1 14
2 75 1
2 76 1
1 2 75
2 76 2
2 77 1
1 2 85
2 77 2
1 1 88
2 78 2
1 1 8
2 78 1
2 79 1
1 2 79
2 79 2
2 80 1
1 2 60
2 80 2
2 81 1
1 2 75
2 81 2
2 82 1
1 2 14
2 82 2
2 83 1
1 2 88
2 83 2
2 84 1
1 2 86
2 84 2
2 85 1
1 2 47
2 85 2
2 86 1
1 2 52
2 86 2
2 87 1
1 2 34
2 87 2
2 88 1
1 2 88
2 88 2
2 89 1
1 2 73
2 89 2
2 90 1
1 2 11
2 90 2
2 91 1
1 2 14
2 91 2
2 92 1
1 2 94
2 92 2
2 93 1
1 2 22
2 93 2
2 94 1
1 2 69
2 94 2
2 95 1
1 2 92
2 95 2
1 2 44
2 2 2
1 2 95
2 2 1
1 2 95
2 2 2
1 2 95
2 2 1
1 2 95
2 2 2
1 2 95
2 2 1
1 2 95
2 2 2
1 2 95
2 2 1
1 2 95
2 2 2
1 2 95
2 2 1
1 2 95
2 2 2
1 2 95
2 2 1
1 2 95
2 2 2
1 2 95
2 2 1
1 2 95
2 2 2
1 2 95
2 2 1
1 2 95
2 2 2
1 2 95
2 2 1
1 2 95
2 2 2
1 2 18
2 2 1
2 1 2
1 2 94
2 1 1
1 2 1
2 1 2
1 2 1
2 1 1
2 2 2
1 2 95
2 2 1
1 2 95
2 2 2
1 2 95
2 2 1
1 2 95
2 2 2
1 2 95
2 2 1
1 2 95
2 2 2
1 2 95
2 2 1
1 2 95
2 2 2
1 2 95
2 2 1
1 2 95
2 2 2
1 2 95
2 2 1
1 2 95
2 2 2
1 2 95
2 2 1
1 2 95
2 2 2
1 2 95
2 2 1
1 2 95
2 2 2
1 2 95
2 2 1
1 2 95
2 2 2
1 2 95
2 2 1
1 2 95
2 2 2
1 2 95
2 2 1
1 2 95
2 2 2
1 2 95
2 2 1
1 2 95
2 2 2
1 2 95
2 2 1
1 2 95
2 2 2
1 2 26
2 2 1
2 4 2
1 2 95
2 4 1
1 2 95
2 4 2
1 2 95
2 4 1
1 2 95
2 4 2
1 2 95
2 4 1
1 2 95
2 4 2
1 2 95
2 4 1
1 2 95
2 4 2
1 2 95
2 4 1
1 2 95
2 4 2
1 2 95
2 4 1
1 2 95
2 4 2
1 2 95
2 4 1
1 2 95
2 4 2
1 2 95
2 4 1
1 2 95
2 4 2
1 2 95
2 4 1
1 2 95
2 4 2
1 2 95
2 4 1
1 2 95
2 4 2
1 2 95
2 4 1
1 2 95
2 4 2
1 2 95
2 4 1
1 2 95
2 4 2
1 2 95
2 4 1
1 2 95
2 4 2
1 2 95
2 4 1
1 2 95
2 4 2
1 2 95
2 4 1
1 2 95
2 4 2
1 2 95
2 4 1
1 2 95
2 4 2
1 2 95
2 4 1
1 2 95
2 4 2
1 2 95
2 4 1
1 2 95
2 4 2
1 2 95
2 4 1
1 2 95
2 4 2
1 2 95
2 4 1
1 2 95
2 4 2
1 2 95
2 4 1
1 2 95
2 4 2
1 2 95
2 4 1
1 2 95
2 4 2
1 2 95
2 4 1
1 2 95
2 4 2
1 2 95
2 4 1
1 2 95
2 4 2
1 2 95
2 4 1
1 2 95
2 4 2
1 2 95
2 4 1
1 2 95
2 4 2
1 2 95
2 4 1
1 2 95
2 4 2
1 2 95
2 4 1
1 2 95
2 4 2
1 2 95
2 4 1
1 2 95
2 4 2
1 2 95
2 4 1
1 2 95
2 4 2
1 2 60
2 4 1
2 3 2
1 2 94
2 3 1
1 2 1
2 3 2
1 2 1
2 3 1
2 5 2
1 2 95
2 5 1
1 2 95
2 5 2
1 2 95
2 5 1
1 2 95
2 5 2
1 2 95
2 5 1
1 2 95
2 5 2
1 2 95
2 5 1
1 2 95
2 5 2
1 2 95
2 5 1
1 2 95
2 5 2
1 2 95
2 5 1
1 2 95
2 5 2
1 2 95
2 5 1
1 2 95
2 5 2
1 2 95
2 5 1
1 2 95
2 5 2
1 2 16
2 5 1
2 4 2
1 2 94
2 4 1
1 2 1
2 4 2
1 2 1
2 4 1
2 6 2
1 2 95
2 6 1
1 2 95
2 6 2
1 2 95
2 6 1
1 2 95
2 6 2
1 2 95
2 6 1
1 2 95
2 6 2
1 2 95
2 6 1
1 2 95
2 6 2
1 2 95
2 6 1
1 2 95
2 6 2
1 2 95
2 6 1
1 2 95
2 6 2
1 2 95
2 6 1
1 2 95
2 6 2
1 2 95
2 6 1
1 2 95
2 6 2
1 2 95
2 6 1
1 2 95
2 6 2
1 2 95
2 6 1
1 2 95
2 6 2
1 2 95
2 6 1
1 2 95
2 6 2
1 2 95
2 6 1
1 2 95
2 6 2
1 2 95
2 6 1
1 2 95
2 6 2
1 2 95
2 6 1
1 2 95
2 6 2
1 2 95
2 6 1
1 2 95
2 6 2
1 2 95
2 6 1
1 2 95
2 6 2
1 2 95
2 6 1
1 2 95
2 6 2
1 2 95
2 6 1
1 2 95
2 6 2
1 2 95
2 6 1
1 2 95
2 6 2
1 2 95
2 6 1
1 2 95
2 6 2
1 2 95
2 6 1
1 2 95
2 6 2
1 2 95
2 6 1
1 2 95
2 6 2
1 2 95
2 6 1
1 2 95
2 6 2
1 2 95
2 6 1
1 2 95
2 6 2
1 2 95
2 6 1
1 2 95
2 6 2
1 2 95
2 6 1
1 2 95
2 6 2
1 2 95
2 6 1
1 2 95
2 6 2
1 2 95
2 6 1
1 2 95
2 6 2
1 2 95
2 6 1
1 2 95
2 6 2
1 2 95
2 6 1
1 2 95
2 6 2
1 2 95
2 6 1
1 2 95
2 6 2
1 2 95
2 6 1
1 2 95
2 6 2
1 2 95
2 6 1
1 2 95
2 6 2
1 2 95
2 6 1
1 2 95
2 6 2
1 2 95
2 6 1
1 2 95
2 6 2
1 2 70
2 6 1
2 5 2
1 2 94
2 5 1
1 2 1
2 5 2
1 2 1
2 5 1
2 7 2
1 2 95
2 7 1
1 2 95
2 7 2
1 2 95
2 7 1
1 2 95
2 7 2
1 2 95
2 7 1
1 2 95
2 7 2
1 2 95
2 7 1
1 2 95
2 7 2
1 2 95
2 7 1
1 2 95
2 7 2
1 2 95
2 7 1
1 2 95
2 7 2
1 2 95
2 7 1
1 2 95
2 7 2
1 2 95
2 7 1
1 2 95
2 7 2
1 2 16
2 7 1
2 6 2
1 2 94
2 6 1
1 2 1
2 6 2
1 2 1
2 6 1
2 7 2
1 2 95
2 7 1
1 2 95
2 7 2
1 2 95
2 7 1
1 2 95
2 7 2
1 2 95
2 7 1
1 2 95
2 7 2
1 2 95
2 7 1
1 2 95
2 7 2
1 2 8
2 7 1
2 9 2
1 2 95
2 9 1
1 2 95
2 9 2
1 2 95
2 9 1
1 2 95
2 9 2
1 2 95
2 9 1
1 2 95
2 9 2
1 2 95
2 9 1
1 2 95
2 9 2
1 2 95
2 9 1
1 2 95
2 9 2
1 2 95
2 9 1
1 2 95
2 9 2
1 2 95
2 9 1
1 2 95
2 9 2
1 2 95
2 9 1
1 2 95
2 9 2
1 2 16
2 9 1
2 8 2
1 2 94
2 8 1
1 2 1
2 8 2
1 2 1
2 8 1
2 9 2
1 2 95
2 9 1
1 2 95
2 9 2
1 2 95
2 9 1
1 2 95
2 9 2
1 2 95
2 9 1
1 2 95
2 9 2
1 2 95
2 9 1
1 2 95
2 9 2
1 2 95
2 9 1
1 2 95
2 9 2
1 2 95
2 9 1
1 2 95
2 9 2
1 2 95
2 9 1
1 2 95
2 9 2
1 2 95
2 9 1
1 2 95
2 9 2
1 2 95
2 9 1
1 2 95
2 9 2
1 2 95
2 9 1
1 2 95
2 9 2
1 2 95
2 9 1
1 2 95
2 9 2
1 2 95
2 9 1
1 2 95
2 9 2
1 2 95
2 9 1
1 2 95
2 9 2
1 2 95
2 9 1
1 2 95
2 9 2
1 2 95
2 9 1
1 2 95
2 9 2
1 2 95
2 9 1
1 2 95
2 9 2
1 2 95
2 9 1
1 2 95
2 9 2
1 2 95
2 9 1
1 2 95
2 9 2
1 2 95
2 9 1
1 2 95
2 9 2
1 2 95
2 9 1
1 2 95
2 9 2
1 2 95
2 9 1
1 2 95
2 9 2
1 2 95
2 9 1
1 2 95
2 9 2
1 2 95
2 9 1
1 2 95
2 9 2
1 2 95
2 9 1
1 2 95
2 9 2
1 2 95
2 9 1
1 2 95
2 9 2
1 2 95
2 9 1
1 2 95
2 9 2
1 2 95
2 9 1
1 2 95
2 9 2
1 2 95
2 9 1
1 2 95
2 9 2
1 2 95
2 9 1
1 2 95
2 9 2
1 2 95
2 9 1
1 2 95
2 9 2
1 2 95
2 9 1
1 2 95
2 9 2
1 2 95
2 9 1
1 2 95
2 9 2
1 2 95
2 9 1
1 2 95
2 9 2
1 2 95
2 9 1
1 2 95
2 9 2
1 2 95
2 9 1
1 2 95
2 9 2
1 2 95
2 9 1
1 2 95
2 9 2
1 2 95
2 9 1
1 2 95
2 9 2
1 2 74
2 9 1
2 10 2
1 2 95
2 10 1
1 2 95
2 10 2
1 2 95
2 10 1
1 2 95
2 10 2
1 2 95
2 10 1
1 2 95
2 10 2
1 2 95
2 10 1
1 2 95
2 10 2
1 2 95
2 10 1
1 2 95
2 10 2
1 2 95
2 10 1
1 2 95
2 10 2
1 2 95
2 10 1
1 2 95
2 10 2
1 2 95
2 10 1
1 2 95
2 10 2
1 2 95
2 10 1
1 2 95
2 10 2
1 2 95
2 10 1
1 2 95
2 10 2
1 2 95
2 10 1
1 2 95
2 10 2
1 2 95
2 10 1
1 2 95
2 10 2
1 2 95
2 10 1
1 2 95
2 10 2
1 2 95
2 10 1
1 2 95
2 10 2
1 2 95
2 10 1
1 2 95
2 10 2
1 2 95
2 10 1
1 2 95
2 10 2
1 2 95
2 10 1
1 2 95
2 10 2
1 2 95
2 10 1
1 2 95
2 10 2
1 2 95
2 10 1
1 2 95
2 10 2
1 2 95
2 10 1
1 2 95
2 10 2
1 2 95
2 10 1
1 2 95
2 10 2
1 2 95
2 10 1
1 2 95
2 10 2
1 2 95
2 10 1
1 2 95
2 10 2
1 2 95
2 10 1
1 2 95
2 10 2
1 2 95
2 10 1
1 2 95
2 10 2
1 2 95
2 10 1
1 2 95
2 10 2
1 2 95
2 10 1
1 2 95
2 10 2
1 2 95
2 10 1
1 2 95
2 10 2
1 2 95
2 10 1
1 2 95
2 10 2
1 2 95
2 10 1
1 2 95
2 10 2
1 2 95
2 10 1
1 2 95
2 10 2
1 2 95
2 10 1
1 2 95
2 10 2
1 2 95
2 10 1
1 2 95
2 10 2
1 2 95
2 10 1
1 2 95
2 10 2
1 2 95
2 10 1
1 2 95
2 10 2
1 2 95
2 10 1
1 2 95
2 10 2
1 2 72
2 10 1
2 12 2
1 2 95
2 12 1
1 2 95
2 12 2
1 2 95
2 12 1
1 2 95
2 12 2
1 2 95
2 12 1
1 2 95
2 12 2
1 2 95
2 12 1
1 2 95
2 12 2
1 2 95
2 12 1
1 2 95
2 12 2
1 2 95
2 12 1
1 2 95
2 12 2
1 2 95
2 12 1
1 2 95
2 12 2
1 2 95
2 12 1
1 2 95
2 12 2
1 2 95
2 12 1
1 2 95
2 12 2
1 2 95
2 12 1
1 2 95
2 12 2
1 2 95
2 12 1
1 2 95
2 12 2
1 2 95
2 12 1
1 2 95
2 12 2
1 2 95
2 12 1
1 2 95
2 12 2
1 2 95
2 12 1
1 2 95
2 12 2
1 2 95
2 12 1
1 2 95
2 12 2
1 2 95
2 12 1
1 2 95
2 12 2
1 2 95
2 12 1
1 2 95
2 12 2
1 2 95
2 12 1
1 2 95
2 12 2
1 2 95
2 12 1
1 2 95
2 12 2
1 2 95
2 12 1
1 2 95
2 12 2
1 2 95
2 12 1
1 2 95
2 12 2
1 2 95
2 12 1
1 2 95
2 12 2
1 2 95
2 12 1
1 2 95
2 12 2
1 2 95
2 12 1
1 2 95
2 12 2
1 2 95
2 12 1
1 2 95
2 12 2
1 2 95
2 12 1
1 2 95
2 12 2
1 2 95
2 12 1
1 2 95
2 12 2
1 2 95
2 12 1
1 2 95
2 12 2
1 2 95
2 12 1
1 2 95
2 12 2
1 2 95
2 12 1
1 2 95
2 12 2
1 2 95
2 12 1
1 2 95
2 12 2
1 2 95
2 12 1
1 2 95
2 12 2
1 2 95
2 12 1
1 2 95
2 12 2
1 2 95
2 12 1
1 2 95
2 12 2
1 2 95
2 12 1
1 2 95
2 12 2
1 2 95
2 12 1
1 2 95
2 12 2
1 2 95
2 12 1
1 2 95
2 12 2
1 2 95
2 12 1
1 2 95
2 12 2
1 2 95
2 12 1
1 2 95
2 12 2
1 2 78
2 12 1
2 13 2
1 2 95
2 13 1
1 2 95
2 13 2
1 2 95
2 13 1
1 2 95
2 13 2
1 2 95
2 13 1
1 2 95
2 13 2
1 2 95
2 13 1
1 2 95
2 13 2
1 2 95
2 13 1
1 2 95
2 13 2
1 2 95
2 13 1
1 2 95
2 13 2
1 2 95
2 13 1
1 2 95
2 13 2
1 2 95
2 13 1
1 2 95
2 13 2
1 2 95
2 13 1
1 2 95
2 13 2
1 2 95
2 13 1
1 2 95
2 13 2
1 2 95
2 13 1
1 2 95
2 13 2
1 2 95
2 13 1
1 2 95
2 13 2
1 2 95
2 13 1
1 2 95
2 13 2
1 2 95
2 13 1
1 2 95
2 13 2
1 2 95
2 13 1
1 2 95
2 13 2
1 2 95
2 13 1
1 2 95
2 13 2
1 2 95
2 13 1
1 2 95
2 13 2
1 2 95
2 13 1
1 2 95
2 13 2
1 2 95
2 13 1
1 2 95
2 13 2
1 2 95
2 13 1
1 2 95
2 13 2
1 2 95
2 13 1
1 2 95
2 13 2
1 2 95
2 13 1
1 2 95
2 13 2
1 2 95
2 13 1
1 2 95
2 13 2
1 2 95
2 13 1
1 2 95
2 13 2
1 2 95
2 13 1
1 2 95
2 13 2
1 2 95
2 13 1
1 2 95
2 13 2
1 2 95
2 13 1
1 2 95
2 13 2
1 2 95
2 13 1
1 2 95
2 13 2
1 2 95
2 13 1
1 2 95
2 13 2
1 2 95
2 13 1
1 2 95
2 13 2
1 2 95
2 13 1
1 2 95
2 13 2
1 2 95
2 13 1
1 2 95
2 13 2
1 2 95
2 13 1
1 2 95
2 13 2
1 2 95
2 13 1
1 2 95
2 13 2
1 2 95
2 13 1
1 2 95
2 13 2
1 2 95
2 13 1
1 2 95
2 13 2
1 2 95
2 13 1
1 2 95
2 13 2
1 2 95
2 13 1
1 2 95
2 13 2
1 2 95
2 13 1
1 2 95
2 13 2
1 2 95
2 13 1
1 2 95
2 13 2
1 2 95
2 13 1
1 2 95
2 13 2
1 2 82
2 13 1
2 15 2
1 2 95
2 15 1
1 2 95
2 15 2
1 2 95
2 15 1
1 2 95
2 15 2
1 2 95
2 15 1
1 2 95
2 15 2
1 2 95
2 15 1
1 2 95
2 15 2
1 2 95
2 15 1
1 2 95
2 15 2
1 2 95
2 15 1
1 2 95
2 15 2
1 2 95
2 15 1
1 2 95
2 15 2
1 2 95
2 15 1
1 2 95
2 15 2
1 2 95
2 15 1
1 2 95
2 15 2
1 2 95
2 15 1
1 2 95
2 15 2
1 2 95
2 15 1
1 2 95
2 15 2
1 2 95
2 15 1
1 2 95
2 15 2
1 2 95
2 15 1
1 2 95
2 15 2
1 2 95
2 15 1
1 2 95
2 15 2
1 2 95
2 15 1
1 2 95
2 15 2
1 2 95
2 15 1
1 2 95
2 15 2
1 2 95
2 15 1
1 2 95
2 15 2
1 2 95
2 15 1
1 2 95
2 15 2
1 2 95
2 15 1
1 2 95
2 15 2
1 2 95
2 15 1
1 2 95
2 15 2
1 2 95
2 15 1
1 2 95
2 15 2
1 2 95
2 15 1
1 2 95
2 15 2
1 2 95
2 15 1
1 2 95
2 15 2
1 2 95
2 15 1
1 2 95
2 15 2
1 2 95
2 15 1
1 2 95
2 15 2
1 2 95
2 15 1
1 2 95
2 15 2
1 2 52
2 15 1
2 14 2
1 2 94
2 14 1
1 2 1
2 14 2
1 2 1
2 14 1
2 15 2
1 2 95
2 15 1
1 2 95
2 15 2
1 2 95
2 15 1
1 2 95
2 15 2
1 2 95
2 15 1
1 2 95
2 15 2
1 2 95
2 15 1
1 2 95
2 15 2
1 2 95
2 15 1
1 2 95
2 15 2
1 2 95
2 15 1
1 2 95
2 15 2
1 2 95
2 15 1
1 2 95
2 15 2
1 2 95
2 15 1
1 2 95
2 15 2
1 2 95
2 15 1
1 2 95
2 15 2
1 2 95
2 15 1
1 2 95
2 15 2
1 2 95
2 15 1
1 2 95
2 15 2
1 2 95
2 15 1
1 2 95
2 15 2
1 2 95
2 15 1
1 2 95
2 15 2
1 2 95
2 15 1
1 2 95
2 15 2
1 2 95
2 15 1
1 2 95
2 15 2
1 2 95
2 15 1
1 2 95
2 15 2
1 2 95
2 15 1
1 2 95
2 15 2
1 2 34
2 15 1
2 16 2
1 2 95
2 16 1
1 2 95
2 16 2
1 2 95
2 16 1
1 2 95
2 16 2
1 2 95
2 16 1
1 2 95
2 16 2
1 2 95
2 16 1
1 2 95
2 16 2
1 2 95
2 16 1
1 2 95
2 16 2
1 2 95
2 16 1
1 2 95
2 16 2
1 2 95
2 16 1
1 2 95
2 16 2
1 2 95
2 16 1
1 2 95
2 16 2
1 2 95
2 16 1
1 2 95
2 16 2
1 2 95
2 16 1
1 2 95
2 16 2
1 2 95
2 16 1
1 2 95
2 16 2
1 2 95
2 16 1
1 2 95
2 16 2
1 2 95
2 16 1
1 2 95
2 16 2
1 2 95
2 16 1
1 2 95
2 16 2
1 2 95
2 16 1
1 2 95
2 16 2
1 2 95
2 16 1
1 2 95
2 16 2
1 2 95
2 16 1
1 2 95
2 16 2
1 2 95
2 16 1
1 2 95
2 16 2
1 2 95
2 16 1
1 2 95
2 16 2
1 2 95
2 16 1
1 2 95
2 16 2
1 2 95
2 16 1
1 2 95
2 16 2
1 2 95
2 16 1
1 2 95
2 16 2
1 2 95
2 16 1
1 2 95
2 16 2
1 2 95
2 16 1
1 2 95
2 16 2
1 2 95
2 16 1
1 2 95
2 16 2
1 2 95
2 16 1
1 2 95
2 16 2
1 2 95
2 16 1
1 2 95
2 16 2
1 2 95
2 16 1
1 2 95
2 16 2
1 2 95
2 16 1
1 2 95
2 16 2
1 2 95
2 16 1
1 2 95
2 16 2
1 2 95
2 16 1
1 2 95
2 16 2
1 2 95
2 16 1
1 2 95
2 16 2
1 2 95
2 16 1
1 2 95
2 16 2
1 2 66
2 16 1
2 18 2
1 2 95
2 18 1
1 2 95
2 18 2
1 2 2
2 18 1
2 17 2
1 2 94
2 17 1
1 2 1
2 17 2
1 2 1
2 17 1
2 19 2
1 2 95
2 19 1
1 2 95
2 19 2
1 2 95
2 19 1
1 2 95
2 19 2
1 2 95
2 19 1
1 2 95
2 19 2
1 2 95
2 19 1
1 2 95
2 19 2
1 2 95
2 19 1
1 2 95
2 19 2
1 2 95
2 19 1
1 2 95
2 19 2
1 2 95
2 19 1
1 2 95
2 19 2
1 2 95
2 19 1
1 2 95
2 19 2
1 2 95
2 19 1
1 2 95
2 19 2
1 2 95
2 19 1
1 2 95
2 19 2
1 2 95
2 19 1
1 2 95
2 19 2
1 2 95
2 19 1
1 2 95
2 19 2
1 2 95
2 19 1
1 2 95
2 19 2
1 2 95
2 19 1
1 2 95
2 19 2
1 2 95
2 19 1
1 2 95
2 19 2
1 2 95
2 19 1
1 2 95
2 19 2
1 2 95
2 19 1
1 2 95
2 19 2
1 2 95
2 19 1
1 2 95
2 19 2
1 2 95
2 19 1
1 2 95
2 19 2
1 2 95
2 19 1
1 2 95
2 19 2
1 2 95
2 19 1
1 2 95
2 19 2
1 2 42
2 19 1
2 18 2
1 2 94
2 18 1
1 2 1
2 18 2
1 2 1
2 18 1
2 20 2
1 2 95
2 20 1
1 2 95
2 20 2
1 2 95
2 20 1
1 2 95
2 20 2
1 2 4
2 20 1
2 19 2
1 2 94
2 19 1
1 2 1
2 19 2
1 2 1
2 19 1
2 20 2
1 2 95
2 20 1
1 2 95
2 20 2
1 2 95
2 20 1
1 2 95
2 20 2
1 2 4
2 20 1
2 21 2
1 2 95
2 21 1
1 2 95
2 21 2
1 2 95
2 21 1
1 2 95
2 21 2
1 2 95
2 21 1
1 2 95
2 21 2
1 2 95
2 21 1
1 2 95
2 21 2
1 2 95
2 21 1
1 2 95
2 21 2
1 2 95
2 21 1
1 2 95
2 21 2
1 2 95
2 21 1
1 2 95
2 21 2
1 2 95
2 21 1
1 2 95
2 21 2
1 2 95
2 21 1
1 2 95
2 21 2
1 2 95
2 21 1
1 2 95
2 21 2
1 2 95
2 21 1
1 2 95
2 21 2
1 2 95
2 21 1
1 2 95
2 21 2
1 2 95
2 21 1
1 2 95
2 21 2
1 2 95
2 21 1
1 2 95
2 21 2
1 2 95
2 21 1
1 2 95
2 21 2
1 2 30
2 21 1
2 23 2
1 2 95
2 23 1
1 2 95
2 23 2
1 2 95
2 23 1
1 2 95
2 23 2
1 2 95
2 23 1
1 2 95
2 23 2
1 2 95
2 23 1
1 2 95
2 23 2
1 2 95
2 23 1
1 2 95
2 23 2
1 2 95
2 23 1
1 2 95
2 23 2
1 2 95
2 23 1
1 2 95
2 23 2
1 2 95
2 23 1
1 2 95
2 23 2
1 2 95
2 23 1
1 2 95
2 23 2
1 2 95
2 23 1
1 2 95
2 23 2
1 2 95
2 23 1
1 2 95
2 23 2
1 2 95
2 23 1
1 2 95
2 23 2
1 2 95
2 23 1
1 2 95
2 23 2
1 2 95
2 23 1
1 2 95
2 23 2
1 2 95
2 23 1
1 2 95
2 23 2
1 2 95
2 23 1
1 2 95
2 23 2
1 2 95
2 23 1
1 2 95
2 23 2
1 2 95
2 23 1
1 2 95
2 23 2
1 2 95
2 23 1
1 2 95
2 23 2
1 2 95
2 23 1
1 2 95
2 23 2
1 2 95
2 23 1
1 2 95
2 23 2
1 2 95
2 23 1
1 2 95
2 23 2
1 2 95
2 23 1
1 2 95
2 23 2
1 2 95
2 23 1
1 2 95
2 23 2
1 2 95
2 23 1
1 2 95
2 23 2
1 2 95
2 23 1
1 2 95
2 23 2
1 2 95
2 23 1
1 2 95
2 23 2
1 2 54
2 23 1
2 22 2
1 2 94
2 22 1
1 2 1
2 22 2
1 2 1
2 22 1
2 24 2
1 2 95
2 24 1
1 2 95
2 24 2
1 2 95
2 24 1
1 2 95
2 24 2
1 2 95
2 24 1
1 2 95
2 24 2
1 2 95
2 24 1
1 2 95
2 24 2
1 2 95
2 24 1
1 2 95
2 24 2
1 2 95
2 24 1
1 2 95
2 24 2
1 2 95
2 24 1
1 2 95
2 24 2
1 2 95
2 24 1
1 2 95
2 24 2
1 2 95
2 24 1
1 2 95
2 24 2
1 2 95
2 24 1
1 2 95
2 24 2
1 2 95
2 24 1
1 2 95
2 24 2
1 2 95
2 24 1
1 2 95
2 24 2
1 2 95
2 24 1
1 2 95
2 24 2
1 2 95
2 24 1
1 2 95
2 24 2
1 2 95
2 24 1
1 2 95
2 24 2
1 2 95
2 24 1
1 2 95
2 24 2
1 2 95
2 24 1
1 2 95
2 24 2
1 2 95
2 24 1
1 2 95
2 24 2
1 2 36
2 24 1
2 23 2
1 2 94
2 23 1
1 2 1
2 23 2
1 2 1
2 23 1
2 25 2
1 2 95
2 25 1
1 2 95
2 25 2
1 2 95
2 25 1
1 2 95
2 25 2
1 2 95
2 25 1
1 2 95
2 25 2
1 2 95
2 25 1
1 2 95
2 25 2
1 2 95
2 25 1
1 2 95
2 25 2
1 2 95
2 25 1
1 2 95
2 25 2
1 2 95
2 25 1
1 2 95
2 25 2
1 2 95
2 25 1
1 2 95
2 25 2
1 2 95
2 25 1
1 2 95
2 25 2
1 2 95
2 25 1
1 2 95
2 25 2
1 2 95
2 25 1
1 2 95
2 25 2
1 2 95
2 25 1
1 2 95
2 25 2
1 2 95
2 25 1
1 2 95
2 25 2
1 2 95
2 25 1
1 2 95
2 25 2
1 2 95
2 25 1
1 2 95
2 25 2
1 2 95
2 25 1
1 2 95
2 25 2
1 2 95
2 25 1
1 2 95
2 25 2
1 2 95
2 25 1
1 2 95
2 25 2
1 2 95
2 25 1
1 2 95
2 25 2
1 2 95
2 25 1
1 2 95
2 25 2
1 2 95
2 25 1
1 2 95
2 25 2
1 2 95
2 25 1
1 2 95
2 25 2
1 2 95
2 25 1
1 2 95
2 25 2
1 2 95
2 25 1
1 2 95
2 25 2
1 2 95
2 25 1
1 2 95
2 25 2
1 2 95
2 25 1
1 2 95
2 25 2
1 2 95
2 25 1
1 2 95
2 25 2
1 2 95
2 25 1
1 2 95
2 25 2
1 2 95
2 25 1
1 2 95
2 25 2
1 2 95
2 25 1
1 2 95
2 25 2
1 2 95
2 25 1
1 2 95
2 25 2
1 2 62
2 25 1
2 24 2
1 2 94
2 24 1
1 2 1
2 24 2
1 2 1
2 24 1
2 25 2
1 2 95
2 25 1
1 2 95
2 25 2
1 2 95
2 25 1
1 2 95
2 25 2
1 2 95
2 25 1
1 2 95
2 25 2
1 2 95
2 25 1
1 2 95
2 25 2
1 2 95
2 25 1
1 2 95
2 25 2
1 2 95
2 25 1
1 2 95
2 25 2
1 2 95
2 25 1
1 2 95
2 25 2
1 2 95
2 25 1
1 2 95
2 25 2
1 2 95
2 25 1
1 2 95
2 25 2
1 2 95
2 25 1
1 2 95
2 25 2
1 2 95
2 25 1
1 2 95
2 25 2
1 2 95
2 25 1
1 2 95
2 25 2
1 2 95
2 25 1
1 2 95
2 25 2
1 2 95
2 25 1
1 2 95
2 25 2
1 2 95
2 25 1
1 2 95
2 25 2
1 2 95
2 25 1
1 2 95
2 25 2
1 2 95
2 25 1
1 2 95
2 25 2
1 2 95
2 25 1
1 2 95
2 25 2
1 2 95
2 25 1
1 2 95
2 25 2
1 2 95
2 25 1
1 2 95
2 25 2
1 2 95
2 25 1
1 2 95
2 25 2
1 2 95
2 25 1
1 2 95
2 25 2
1 2 95
2 25 1
1 2 95
2 25 2
1 2 95
2 25 1
1 2 95
2 25 2
1 2 95
2 25 1
1 2 95
2 25 2
1 2 95
2 25 1
1 2 95
2 25 2
1 2 95
2 25 1
1 2 95
2 25 2
1 2 95
2 25 1
1 2 95
2 25 2
1 2 95
2 25 1
1 2 95
2 25 2
1 2 95
2 25 1
1 2 95
2 25 2
1 2 95
2 25 1
1 2 95
2 25 2
1 2 95
2 25 1
1 2 95
2 25 2
1 2 64
2 25 1
2 26 2
1 2 95
2 26 1
1 2 95
2 26 2
1 2 95
2 26 1
1 2 95
2 26 2
1 2 95
2 26 1
1 2 95
2 26 2
1 2 95
2 26 1
1 2 95
2 26 2
1 2 95
2 26 1
1 2 95
2 26 2
1 2 95
2 26 1
1 2 95
2 26 2
1 2 95
2 26 1
1 2 95
2 26 2
1 2 95
2 26 1
1 2 95
2 26 2
1 2 95
2 26 1
1 2 95
2 26 2
1 2 95
2 26 1
1 2 95
2 26 2
1 2 95
2 26 1
1 2 95
2 26 2
1 2 95
2 26 1
1 2 95
2 26 2
1 2 95
2 26 1
1 2 95
2 26 2
1 2 26
2 26 1
2 27 2
1 2 95
2 27 1
1 2 95
2 27 2
1 2 95
2 27 1
1 2 95
2 27 2
1 2 95
2 27 1
1 2 95
2 27 2
1 2 95
2 27 1
1 2 95
2 27 2
1 2 95
2 27 1
1 2 95
2 27 2
1 2 95
2 27 1
1 2 95
2 27 2
1 2 95
2 27 1
1 2 95
2 27 2
1 2 95
2 27 1
1 2 95
2 27 2
1 2 95
2 27 1
1 2 95
2 27 2
1 2 95
2 27 1
1 2 95
2 27 2
1 2 95
2 27 1
1 2 95
2 27 2
1 2 95
2 27 1
1 2 95
2 27 2
1 2 95
2 27 1
1 2 95
2 27 2
1 2 95
2 27 1
1 2 95
2 27 2
1 2 95
2 27 1
1 2 95
2 27 2
1 2 95
2 27 1
1 2 95
2 27 2
1 2 95
2 27 1
1 2 95
2 27 2
1 2 34
2 27 1
2 29 2
1 2 95
2 29 1
1 2 95
2 29 2
1 2 95
2 29 1
1 2 95
2 29 2
1 2 95
2 29 1
1 2 95
2 29 2
1 2 95
2 29 1
1 2 95
2 29 2
1 2 95
2 29 1
1 2 95
2 29 2
1 2 95
2 29 1
1 2 95
2 29 2
1 2 95
2 29 1
1 2 95
2 29 2
1 2 95
2 29 1
1 2 95
2 29 2
1 2 95
2 29 1
1 2 95
2 29 2
1 2 95
2 29 1
1 2 95
2 29 2
1 2 95
2 29 1
1 2 95
2 29 2
1 2 95
2 29 1
1 2 95
2 29 2
1 2 95
2 29 1
1 2 95
2 29 2
1 2 95
2 29 1
1 2 95
2 29 2
1 2 95
2 29 1
1 2 95
2 29 2
1 2 95
2 29 1
1 2 95
2 29 2
1 2 95
2 29 1
1 2 95
2 29 2
1 2 34
2 29 1
2 28 2
1 2 94
2 28 1
1 2 1
2 28 2
1 2 1
2 28 1
2 29 2
1 2 95
2 29 1
1 2 95
2 29 2
1 2 95
2 29 1
1 2 95
2 29 2
1 2 95
2 29 1
1 2 95
2 29 2
1 2 95
2 29 1
1 2 95
2 29 2
1 2 95
2 29 1
1 2 95
2 29 2
1 2 95
2 29 1
1 2 95
2 29 2
1 2 95
2 29 1
1 2 95
2 29 2
1 2 95
2 29 1
1 2 95
2 29 2
1 2 95
2 29 1
1 2 95
2 29 2
1 2 95
2 29 1
1 2 95
2 29 2
1 2 95
2 29 1
1 2 95
2 29 2
1 2 95
2 29 1
1 2 95
2 29 2
1 2 95
2 29 1
1 2 95
2 29 2
1 2 95
2 29 1
1 2 95
2 29 2
1 2 95
2 29 1
1 2 95
2 29 2
1 2 95
2 29 1
1 2 95
2 29 2
1 2 95
2 29 1
1 2 95
2 29 2
1 2 95
2 29 1
1 2 95
2 29 2
1 2 36
2 29 1
2 31 2
1 2 95
2 31 1
1 2 95
2 31 2
1 2 95
2 31 1
1 2 95
2 31 2
1 2 95
2 31 1
1 2 95
2 31 2
1 2 6
2 31 1
2 30 2
1 2 94
2 30 1
1 2 1
2 30 2
1 2 1
2 30 1
2 31 2
1 2 95
2 31 1
1 2 95
2 31 2
1 2 95
2 31 1
1 2 95
2 31 2
1 2 95
2 31 1
1 2 95
2 31 2
1 2 95
2 31 1
1 2 95
2 31 2
1 2 95
2 31 1
1 2 95
2 31 2
1 2 95
2 31 1
1 2 95
2 31 2
1 2 95
2 31 1
1 2 95
2 31 2
1 2 95
2 31 1
1 2 95
2 31 2
1 2 95
2 31 1
1 2 95
2 31 2
1 2 95
2 31 1
1 2 95
2 31 2
1 2 95
2 31 1
1 2 95
2 31 2
1 2 95
2 31 1
1 2 95
2 31 2
1 2 95
2 31 1
1 2 95
2 31 2
1 2 95
2 31 1
1 2 95
2 31 2
1 2 95
2 31 1
1 2 95
2 31 2
1 2 95
2 31 1
1 2 95
2 31 2
1 2 95
2 31 1
1 2 95
2 31 2
1 2 95
2 31 1
1 2 95
2 31 2
1 2 95
2 31 1
1 2 95
2 31 2
1 2 95
2 31 1
1 2 95
2 31 2
1 2 95
2 31 1
1 2 95
2 31 2
1 2 42
2 31 1
2 33 2
1 2 95
2 33 1
1 2 95
2 33 2
1 2 95
2 33 1
1 2 95
2 33 2
1 2 95
2 33 1
1 2 95
2 33 2
1 2 95
2 33 1
1 2 95
2 33 2
1 2 95
2 33 1
1 2 95
2 33 2
1 2 95
2 33 1
1 2 95
2 33 2
1 2 95
2 33 1
1 2 95
2 33 2
1 2 95
2 33 1
1 2 95
2 33 2
1 2 95
2 33 1
1 2 95
2 33 2
1 2 95
2 33 1
1 2 95
2 33 2
1 2 95
2 33 1
1 2 95
2 33 2
1 2 95
2 33 1
1 2 95
2 33 2
1 2 95
2 33 1
1 2 95
2 33 2
1 2 95
2 33 1
1 2 95
2 33 2
1 2 28
2 33 1
2 32 2
1 2 94
2 32 1
1 2 1
2 32 2
1 2 1
2 32 1
2 33 2
1 2 95
2 33 1
1 2 95
2 33 2
1 2 95
2 33 1
1 2 95
2 33 2
1 2 95
2 33 1
1 2 95
2 33 2
1 2 95
2 33 1
1 2 95
2 33 2
1 2 95
2 33 1
1 2 95
2 33 2
1 2 95
2 33 1
1 2 95
2 33 2
1 2 95
2 33 1
1 2 95
2 33 2
1 2 95
2 33 1
1 2 95
2 33 2
1 2 95
2 33 1
1 2 95
2 33 2
1 2 95
2 33 1
1 2 95
2 33 2
1 2 95
2 33 1
1 2 95
2 33 2
1 2 95
2 33 1
1 2 95
2 33 2
1 2 95
2 33 1
1 2 95
2 33 2
1 2 95
2 33 1
1 2 95
2 33 2
1 2 95
2 33 1
1 2 95
2 33 2
1 2 95
2 33 1
1 2 95
2 33 2
1 2 95
2 33 1
1 2 95
2 33 2
1 2 95
2 33 1
1 2 95
2 33 2
1 2 95
2 33 1
1 2 95
2 33 2
1 2 38
2 33 1
2 34 2
1 2 95
2 34 1
1 2 95
2 34 2
1 2 95
2 34 1
1 2 95
2 34 2
1 2 95
2 34 1
1 2 95
2 34 2
1 2 95
2 34 1
1 2 95
2 34 2
1 2 95
2 34 1
1 2 95
2 34 2
1 2 95
2 34 1
1 2 95
2 34 2
1 2 95
2 34 1
1 2 95
2 34 2
1 2 95
2 34 1
1 2 95
2 34 2
1 2 95
2 34 1
1 2 95
2 34 2
1 2 95
2 34 1
1 2 95
2 34 2
1 2 95
2 34 1
1 2 95
2 34 2
1 2 95
2 34 1
1 2 95
2 34 2
1 2 95
2 34 1
1 2 95
2 34 2
1 2 95
2 34 1
1 2 95
2 34 2
1 2 28
2 34 1
2 35 2
1 2 95
2 35 1
1 2 95
2 35 2
1 2 95
2 35 1
1 2 95
2 35 2
1 2 95
2 35 1
1 2 95
2 35 2
1 2 95
2 35 1
1 2 95
2 35 2
1 2 95
2 35 1
1 2 95
2 35 2
1 2 95
2 35 1
1 2 95
2 35 2
1 2 95
2 35 1
1 2 95
2 35 2
1 2 95
2 35 1
1 2 95
2 35 2
1 2 95
2 35 1
1 2 95
2 35 2
1 2 95
2 35 1
1 2 95
2 35 2
1 2 95
2 35 1
1 2 95
2 35 2
1 2 95
2 35 1
1 2 95
2 35 2
1 2 95
2 35 1
1 2 95
2 35 2
1 2 95
2 35 1
1 2 95
2 35 2
1 2 95
2 35 1
1 2 95
2 35 2
1 2 95
2 35 1
1 2 95
2 35 2
1 2 95
2 35 1
1 2 95
2 35 2
1 2 34
2 35 1
2 37 2
1 2 95
2 37 1
1 2 95
2 37 2
1 2 95
2 37 1
1 2 95
2 37 2
1 2 95
2 37 1
1 2 95
2 37 2
1 2 95
2 37 1
1 2 95
2 37 2
1 2 95
2 37 1
1 2 95
2 37 2
1 2 95
2 37 1
1 2 95
2 37 2
1 2 95
2 37 1
1 2 95
2 37 2
1 2 95
2 37 1
1 2 95
2 37 2
1 2 95
2 37 1
1 2 95
2 37 2
1 2 95
2 37 1
1 2 95
2 37 2
1 2 95
2 37 1
1 2 95
2 37 2
1 2 22
2 37 1
2 36 2
1 2 94
2 36 1
1 2 1
2 36 2
1 2 1
2 36 1
2 38 2
1 2 95
2 38 1
1 2 95
2 38 2
1 2 95
2 38 1
1 2 95
2 38 2
1 2 95
2 38 1
1 2 95
2 38 2
1 2 95
2 38 1
1 2 95
2 38 2
1 2 95
2 38 1
1 2 95
2 38 2
1 2 95
2 38 1
1 2 95
2 38 2
1 2 95
2 38 1
1 2 95
2 38 2
1 2 95
2 38 1
1 2 95
2 38 2
1 2 16
2 38 1
2 37 2
1 2 94
2 37 1
1 2 1
2 37 2
1 2 1
2 37 1
2 39 2
1 2 95
2 39 1
1 2 95
2 39 2
1 2 95
2 39 1
1 2 95
2 39 2
1 2 95
2 39 1
1 2 95
2 39 2
1 2 95
2 39 1
1 2 95
2 39 2
1 2 95
2 39 1
1 2 95
2 39 2
1 2 95
2 39 1
1 2 95
2 39 2
1 2 95
2 39 1
1 2 95
2 39 2
1 2 95
2 39 1
1 2 95
2 39 2
1 2 95
2 39 1
1 2 95
2 39 2
1 2 95
2 39 1
1 2 95
2 39 2
1 2 95
2 39 1
1 2 95
2 39 2
1 2 95
2 39 1
1 2 95
2 39 2
1 2 95
2 39 1
1 2 95
2 39 2
1 2 95
2 39 1
1 2 95
2 39 2
1 2 95
2 39 1
1 2 95
2 39 2
1 2 95
2 39 1
1 2 95
2 39 2
1 2 95
2 39 1
1 2 95
2 39 2
1 2 34
2 39 1
2 38 2
1 2 94
2 38 1
1 2 1
2 38 2
1 2 1
2 38 1
2 39 2
1 2 95
2 39 1
1 2 95
2 39 2
1 2 2
2 39 1
2 41 2
1 2 95
2 41 1
1 2 95
2 41 2
1 2 95
2 41 1
1 2 95
2 41 2
1 2 95
2 41 1
1 2 95
2 41 2
1 2 95
2 41 1
1 2 95
2 41 2
1 2 95
2 41 1
1 2 95
2 41 2
1 2 95
2 41 1
1 2 95
2 41 2
1 2 95
2 41 1
1 2 95
2 41 2
1 2 95
2 41 1
1 2 95
2 41 2
1 2 95
2 41 1
1 2 95
2 41 2
1 2 18
2 41 1
2 40 2
1 2 94
2 40 1
1 2 1
2 40 2
1 2 1
2 40 1
2 42 2
1 2 95
2 42 1
1 2 95
2 42 2
1 2 95
2 42 1
1 2 95
2 42 2
1 2 95
2 42 1
1 2 95
2 42 2
1 2 95
2 42 1
1 2 95
2 42 2
1 2 8
2 42 1
2 41 2
1 2 94
2 41 1
1 2 1
2 41 2
1 2 1
2 41 1
2 43 2
1 2 95
2 43 1
1 2 95
2 43 2
1 2 95
2 43 1
1 2 95
2 43 2
1 2 95
2 43 1
1 2 95
2 43 2
1 2 95
2 43 1
1 2 95
2 43 2
1 2 95
2 43 1
1 2 95
2 43 2
1 2 95
2 43 1
1 2 95
2 43 2
1 2 95
2 43 1
1 2 95
2 43 2
1 2 95
2 43 1
1 2 95
2 43 2
1 2 95
2 43 1
1 2 95
2 43 2
1 2 95
2 43 1
1 2 95
2 43 2
1 2 95
2 43 1
1 2 95
2 43 2
1 2 95
2 43 1
1 2 95
2 43 2
1 2 95
2 43 1
1 2 95
2 43 2
1 2 95
2 43 1
1 2 95
2 43 2
1 2 95
2 43 1
1 2 95
2 43 2
1 2 95
2 43 1
1 2 95
2 43 2
1 2 95
2 43 1
1 2 95
2 43 2
1 2 34
2 43 1
2 42 2
1 2 94
2 42 1
1 2 1
2 42 2
1 2 1
2 42 1
2 43 2
1 2 95
2 43 1
1 2 95
2 43 2
1 2 95
2 43 1
1 2 95
2 43 2
1 2 4
2 43 1
2 44 2
1 2 95
2 44 1
1 2 95
2 44 2
1 2 95
2 44 1
1 2 95
2 44 2
1 2 95
2 44 1
1 2 95
2 44 2
1 2 95
2 44 1
1 2 95
2 44 2
1 2 95
2 44 1
1 2 95
2 44 2
1 2 95
2 44 1
1 2 95
2 44 2
1 2 95
2 44 1
1 2 95
2 44 2
1 2 95
2 44 1
1 2 95
2 44 2
1 2 16
2 44 1
2 46 2
1 2 95
2 46 1
1 2 95
2 46 2
1 2 95
2 46 1
1 2 95
2 46 2
1 2 95
2 46 1
1 2 95
2 46 2
1 2 95
2 46 1
1 2 95
2 46 2
1 2 95
2 46 1
1 2 95
2 46 2
1 2 95
2 46 1
1 2 95
2 46 2
1 2 95
2 46 1
1 2 95
2 46 2
1 2 95
2 46 1
1 2 95
2 46 2
1 2 95
2 46 1
1 2 95
2 46 2
1 2 95
2 46 1
1 2 95
2 46 2
1 2 95
2 46 1
1 2 95
2 46 2
1 2 95
2 46 1
1 2 95
2 46 2
1 2 95
2 46 1
1 2 95
2 46 2
1 2 95
2 46 1
1 2 95
2 46 2
1 2 95
2 46 1
1 2 95
2 46 2
1 2 95
2 46 1
1 2 95
2 46 2
1 2 95
2 46 1
1 2 95
2 46 2
1 2 95
2 46 1
1 2 95
2 46 2
1 2 95
2 46 1
1 2 95
2 46 2
1 2 95
2 46 1
1 2 95
2 46 2
1 2 95
2 46 1
1 2 95
2 46 2
1 2 95
2 46 1
1 2 95
2 46 2
1 2 95
2 46 1
1 2 95
2 46 2
1 2 95
2 46 1
1 2 95
2 46 2
1 2 48
2 46 1
2 45 2
1 2 94
2 45 1
1 2 1
2 45 2
1 2 1
2 45 1
2 47 2
1 2 95
2 47 1
1 2 95
2 47 2
1 2 95
2 47 1
1 2 95
2 47 2
1 2 95
2 47 1
1 2 95
2 47 2
1 2 95
2 47 1
1 2 95
2 47 2
1 2 95
2 47 1
1 2 95
2 47 2
1 2 95
2 47 1
1 2 95
2 47 2
1 2 95
2 47 1
1 2 95
2 47 2
1 2 95
2 47 1
1 2 95
2 47 2
1 2 95
2 47 1
1 2 95
2 47 2
1 2 95
2 47 1
1 2 95
2 47 2
1 2 95
2 47 1
1 2 95
2 47 2
1 2 95
2 47 1
1 2 95
2 47 2
1 2 95
2 47 1
1 2 95
2 47 2
1 2 95
2 47 1
1 2 95
2 47 2
1 2 95
2 47 1
1 2 95
2 47 2
1 2 95
2 47 1
1 2 95
2 47 2
1 2 95
2 47 1
1 2 95
2 47 2
1 2 95
2 47 1
1 2 95
2 47 2
1 2 95
2 47 1
1 2 95
2 47 2
1 2 95
2 47 1
1 2 95
2 47 2
1 2 95
2 47 1
1 2 95
2 47 2
1 2 95
2 47 1
1 2 95
2 47 2
1 2 95
2 47 1
1 2 95
2 47 2
1 2 46
2 47 1
2 46 2
1 2 94
2 46 1
1 2 1
2 46 2
1 2 1
2 46 1
2 47 2
1 2 95
2 47 1
1 2 95
2 47 2
1 2 95
2 47 1
1 2 95
2 47 2
1 2 95
2 47 1
1 2 95
2 47 2
1 2 95
2 47 1
1 2 95
2 47 2
1 2 95
2 47 1
1 2 95
2 47 2
1 2 95
2 47 1
1 2 95
2 47 2
1 2 95
2 47 1
1 2 95
2 47 2
1 2 95
2 47 1
1 2 95
2 47 2
1 2 95
2 47 1
1 2 95
2 47 2
1 2 95
2 47 1
1 2 95
2 47 2
1 2 95
2 47 1
1 2 95
2 47 2
1 2 22
2 47 1
2 48 2
1 2 95
2 48 1
1 2 95
2 48 2
1 2 95
2 48 1
1 2 95
2 48 2
1 2 95
2 48 1
1 2 95
2 48 2
1 2 95
2 48 1
1 2 95
2 48 2
1 2 95
2 48 1
1 2 95
2 48 2
1 2 95
2 48 1
1 2 95
2 48 2
1 2 95
2 48 1
1 2 95
2 48 2
1 2 95
2 48 1
1 2 95
2 48 2
1 2 95
2 48 1
1 2 95
2 48 2
1 2 95
2 48 1
1 2 95
2 48 2
1 2 95
2 48 1
1 2 95
2 48 2
1 2 95
2 48 1
1 2 95
2 48 2
1 2 95
2 48 1
1 2 95
2 48 2
1 2 95
2 48 1
1 2 95
2 48 2
1 2 95
2 48 1
1 2 95
2 48 2
1 2 95
2 48 1
1 2 95
2 48 2
1 2 95
2 48 1
1 2 95
2 48 2
1 2 95
2 48 1
1 2 95
2 48 2
1 2 95
2 48 1
1 2 95
2 48 2
1 2 95
2 48 1
1 2 95
2 48 2
1 2 95
2 48 1
1 2 95
2 48 2
1 2 95
2 48 1
1 2 95
2 48 2
1 2 95
2 48 1
1 2 95
2 48 2
1 2 46
2 48 1
2 49 2
1 2 95
2 49 1
1 2 95
2 49 2
1 2 95
2 49 1
1 2 95
2 49 2
1 2 95
2 49 1
1 2 95
2 49 2
1 2 95
2 49 1
1 2 95
2 49 2
1 2 95
2 49 1
1 2 95
2 49 2
1 2 95
2 49 1
1 2 95
2 49 2
1 2 95
2 49 1
1 2 95
2 49 2
1 2 95
2 49 1
1 2 95
2 49 2
1 2 95
2 49 1
1 2 95
2 49 2
1 2 95
2 49 1
1 2 95
2 49 2
1 2 95
2 49 1
1 2 95
2 49 2
1 2 95
2 49 1
1 2 95
2 49 2
1 2 24
2 49 1
2 51 2
1 2 95
2 51 1
1 2 95
2 51 2
1 2 95
2 51 1
1 2 95
2 51 2
1 2 95
2 51 1
1 2 95
2 51 2
1 2 95
2 51 1
1 2 95
2 51 2
1 2 95
2 51 1
1 2 95
2 51 2
1 2 95
2 51 1
1 2 95
2 51 2
1 2 95
2 51 1
1 2 95
2 51 2
1 2 95
2 51 1
1 2 95
2 51 2
1 2 95
2 51 1
1 2 95
2 51 2
1 2 18
2 51 1
2 50 2
1 2 94
2 50 1
1 2 1
2 50 2
1 2 1
2 50 1
2 52 2
1 2 95
2 52 1
1 2 95
2 52 2
1 2 95
2 52 1
1 2 95
2 52 2
1 2 95
2 52 1
1 2 95
2 52 2
1 2 95
2 52 1
1 2 95
2 52 2
1 2 95
2 52 1
1 2 95
2 52 2
1 2 95
2 52 1
1 2 95
2 52 2
1 2 95
2 52 1
1 2 95
2 52 2
1 2 95
2 52 1
1 2 95
2 52 2
1 2 95
2 52 1
1 2 95
2 52 2
1 2 95
2 52 1
1 2 95
2 52 2
1 2 95
2 52 1
1 2 95
2 52 2
1 2 95
2 52 1
1 2 95
2 52 2
1 2 95
2 52 1
1 2 95
2 52 2
1 2 95
2 52 1
1 2 95
2 52 2
1 2 95
2 52 1
1 2 95
2 52 2
1 2 95
2 52 1
1 2 95
2 52 2
1 2 95
2 52 1
1 2 95
2 52 2
1 2 95
2 52 1
1 2 95
2 52 2
1 2 36
2 52 1
2 51 2
1 2 94
2 51 1
1 2 1
2 51 2
1 2 1
2 51 1
2 52 2
1 2 95
2 52 1
1 2 95
2 52 2
1 2 95
2 52 1
1 2 95
2 52 2
1 2 95
2 52 1
1 2 95
2 52 2
1 2 95
2 52 1
1 2 95
2 52 2
1 2 8
2 52 1
2 53 2
1 2 95
2 53 1
1 2 95
2 53 2
1 2 95
2 53 1
1 2 95
2 53 2
1 2 95
2 53 1
1 2 95
2 53 2
1 2 6
2 53 1
2 54 2
1 2 95
2 54 1
1 2 95
2 54 2
1 2 95
2 54 1
1 2 95
2 54 2
1 2 95
2 54 1
1 2 95
2 54 2
1 2 95
2 54 1
1 2 95
2 54 2
1 2 8
2 54 1
2 56 2
1 2 95
2 56 1
1 2 95
2 56 2
1 2 95
2 56 1
1 2 95
2 56 2
1 2 95
2 56 1
1 2 95
2 56 2
1 2 95
2 56 1
1 2 95
2 56 2
1 2 95
2 56 1
1 2 95
2 56 2
1 2 95
2 56 1
1 2 95
2 56 2
1 2 95
2 56 1
1 2 95
2 56 2
1 2 95
2 56 1
1 2 95
2 56 2
1 2 16
2 56 1
2 55 2
1 2 94
2 55 1
1 2 1
2 55 2
1 2 1
2 55 1
2 56 2
1 2 95
2 56 1
1 2 95
2 56 2
1 2 95
2 56 1
1 2 95
2 56 2
1 2 95
2 56 1
1 2 95
2 56 2
1 2 95
2 56 1
1 2 95
2 56 2
1 2 95
2 56 1
1 2 95
2 56 2
1 2 95
2 56 1
1 2 95
2 56 2
1 2 95
2 56 1
1 2 95
2 56 2
1 2 14
2 56 1
2 58 2
1 2 95
2 58 1
1 2 95
2 58 2
1 2 95
2 58 1
1 2 95
2 58 2
1 2 95
2 58 1
1 2 95
2 58 2
1 2 95
2 58 1
1 2 95
2 58 2
1 2 95
2 58 1
1 2 95
2 58 2
1 2 95
2 58 1
1 2 95
2 58 2
1 2 95
2 58 1
1 2 95
2 58 2
1 2 14
2 58 1
2 57 2
1 2 94
2 57 1
1 2 1
2 57 2
1 2 1
2 57 1
2 58 2
1 2 95
2 58 1
1 2 95
2 58 2
1 2 95
2 58 1
1 2 95
2 58 2
1 2 95
2 58 1
1 2 95
2 58 2
1 2 95
2 58 1
1 2 95
2 58 2
1 2 95
2 58 1
1 2 95
2 58 2
1 2 95
2 58 1
1 2 95
2 58 2
1 2 95
2 58 1
1 2 95
2 58 2
1 2 95
2 58 1
1 2 95
2 58 2
1 2 95
2 58 1
1 2 95
2 58 2
1 2 95
2 58 1
1 2 95
2 58 2
1 2 95
2 58 1
1 2 95
2 58 2
1 2 95
2 58 1
1 2 95
2 58 2
1 2 95
2 58 1
1 2 95
2 58 2
1 2 95
2 58 1
1 2 95
2 58 2
1 2 95
2 58 1
1 2 95
2 58 2
1 2 95
2 58 1
1 2 95
2 58 2
1 2 95
2 58 1
1 2 95
2 58 2
1 2 34
2 58 1
2 60 2
1 2 95
2 60 1
1 2 95
2 60 2
1 2 95
2 60 1
1 2 95
2 60 2
1 2 95
2 60 1
1 2 95
2 60 2
1 2 95
2 60 1
1 2 95
2 60 2
1 2 95
2 60 1
1 2 95
2 60 2
1 2 95
2 60 1
1 2 95
2 60 2
1 2 95
2 60 1
1 2 95
2 60 2
1 2 95
2 60 1
1 2 95
2 60 2
1 2 95
2 60 1
1 2 95
2 60 2
1 2 95
2 60 1
1 2 95
2 60 2
1 2 95
2 60 1
1 2 95
2 60 2
1 2 22
2 60 1
2 59 2
1 2 94
2 59 1
1 2 1
2 59 2
1 2 1
2 59 1
2 61 2
1 2 95
2 61 1
1 2 95
2 61 2
1 2 95
2 61 1
1 2 95
2 61 2
1 2 4
2 61 1
2 60 2
1 2 94
2 60 1
1 2 1
2 60 2
1 2 1
2 60 1
2 61 2
1 2 95
2 61 1
1 2 95
2 61 2
1 2 95
2 61 1
1 2 95
2 61 2
1 2 95
2 61 1
1 2 95
2 61 2
1 2 95
2 61 1
1 2 95
2 61 2
1 2 95
2 61 1
1 2 95
2 61 2
1 2 95
2 61 1
1 2 95
2 61 2
1 2 95
2 61 1
1 2 95
2 61 2
1 2 95
2 61 1
1 2 95
2 61 2
1 2 95
2 61 1
1 2 95
2 61 2
1 2 95
2 61 1
1 2 95
2 61 2
1 2 95
2 61 1
1 2 95
2 61 2
1 2 95
2 61 1
1 2 95
2 61 2
1 2 95
2 61 1
1 2 95
2 61 2
1 2 95
2 61 1
1 2 95
2 61 2
1 2 95
2 61 1
1 2 95
2 61 2
1 2 95
2 61 1
1 2 95
2 61 2
1 2 32
2 61 1
2 63 2
1 2 95
2 63 1
1 2 95
2 63 2
1 2 95
2 63 1
1 2 95
2 63 2
1 2 95
2 63 1
1 2 95
2 63 2
1 2 95
2 63 1
1 2 95
2 63 2
1 2 95
2 63 1
1 2 95
2 63 2
1 2 95
2 63 1
1 2 95
2 63 2
1 2 12
2 63 1
2 62 2
1 2 94
2 62 1
1 2 1
2 62 2
1 2 1
2 62 1
2 64 2
1 2 0
2 64 1
2 63 2
1 2 94
2 63 1
1 2 1
2 63 2
1 2 1
2 63 1
2 64 2
1 2 95
2 64 1
1 2 95
2 64 2
1 2 95
2 64 1
1 2 95
2 64 2
1 2 95
2 64 1
1 2 95
2 64 2
1 2 95
2 64 1
1 2 95
2 64 2
1 2 8
2 64 1
2 66 2
1 2 0
2 66 1
2 65 2
1 2 94
2 65 1
1 2 1
2 65 2
1 2 1
2 65 1
2 67 2
1 2 95
2 67 1
1 2 95
2 67 2
1 2 95
2 67 1
1 2 95
2 67 2
1 2 95
2 67 1
1 2 95
2 67 2
1 2 95
2 67 1
1 2 95
2 67 2
1 2 95
2 67 1
1 2 95
2 67 2
1 2 95
2 67 1
1 2 95
2 67 2
1 2 95
2 67 1
1 2 95
2 67 2
1 2 95
2 67 1
1 2 95
2 67 2
1 2 95
2 67 1
1 2 95
2 67 2
1 2 95
2 67 1
1 2 95
2 67 2
1 2 95
2 67 1
1 2 95
2 67 2
1 2 95
2 67 1
1 2 95
2 67 2
1 2 24
2 67 1
2 66 2
1 2 94
2 66 1
1 2 1
2 66 2
1 2 1
2 66 1
2 67 2
1 2 95
2 67 1
1 2 95
2 67 2
1 2 95
2 67 1
1 2 95
2 67 2
1 2 95
2 67 1
1 2 95
2 67 2
1 2 95
2 67 1
1 2 95
2 67 2
1 2 95
2 67 1
1 2 95
2 67 2
1 2 95
2 67 1
1 2 95
2 67 2
1 2 95
2 67 1
1 2 95
2 67 2
1 2 95
2 67 1
1 2 95
2 67 2
1 2 95
2 67 1
1 2 95
2 67 2
1 2 95
2 67 1
1 2 95
2 67 2
1 2 95
2 67 1
1 2 95
2 67 2
1 2 95
2 67 1
1 2 95
2 67 2
1 2 95
2 67 1
1 2 95
2 67 2
1 2 95
2 67 1
1 2 95
2 67 2
1 2 28
2 67 1
2 69 2
1 2 0
2 69 1
2 68 2
1 2 94
2 68 1
1 2 1
2 68 2
1 2 1
2 68 1
2 70 2
1 2 95
2 70 1
1 2 95
2 70 2
1 2 95
2 70 1
1 2 95
2 70 2
1 2 95
2 70 1
1 2 95
2 70 2
1 2 95
2 70 1
1 2 95
2 70 2
1 2 95
2 70 1
1 2 95
2 70 2
1 2 95
2 70 1
1 2 95
2 70 2
1 2 95
2 70 1
1 2 95
2 70 2
1 2 95
2 70 1
1 2 95
2 70 2
1 2 95
2 70 1
1 2 95
2 70 2
1 2 95
2 70 1
1 2 95
2 70 2
1 2 95
2 70 1
1 2 95
2 70 2
1 2 95
2 70 1
1 2 95
2 70 2
1 2 24
2 70 1
2 69 2
1 2 94
2 69 1
1 2 1
2 69 2
1 2 1
2 69 1
2 71 2
1 2 95
2 71 1
1 2 95
2 71 2
1 2 95
2 71 1
1 2 95
2 71 2
1 2 95
2 71 1
1 2 95
2 71 2
1 2 95
2 71 1
1 2 95
2 71 2
1 2 95
2 71 1
1 2 95
2 71 2
1 2 95
2 71 1
1 2 95
2 71 2
1 2 95
2 71 1
1 2 95
2 71 2
1 2 95
2 71 1
1 2 95
2 71 2
1 2 95
2 71 1
1 2 95
2 71 2
1 2 18
2 71 1
2 70 2
1 2 94
2 70 1
1 2 1
2 70 2
1 2 1
2 70 1
2 71 2
1 2 95
2 71 1
1 2 95
2 71 2
1 2 95
2 71 1
1 2 95
2 71 2
1 2 95
2 71 1
1 2 95
2 71 2
1 2 95
2 71 1
1 2 95
2 71 2
1 2 95
2 71 1
1 2 95
2 71 2
1 2 95
2 71 1
1 2 95
2 71 2
1 2 95
2 71 1
1 2 95
2 71 2
1 2 95
2 71 1
1 2 95
2 71 2
1 2 95
2 71 1
1 2 95
2 71 2
1 2 95
2 71 1
1 2 95
2 71 2
1 2 95
2 71 1
1 2 95
2 71 2
1 2 22
2 71 1
2 73 2
1 2 95
2 73 1
1 2 95
2 73 2
1 2 95
2 73 1
1 2 95
2 73 2
1 2 95
2 73 1
1 2 95
2 73 2
1 2 95
2 73 1
1 2 95
2 73 2
1 2 95
2 73 1
1 2 95
2 73 2
1 2 10
2 73 1
2 72 2
1 2 94
2 72 1
1 2 1
2 72 2
1 2 1
2 72 1
2 73 2
1 2 95
2 73 1
1 2 95
2 73 2
1 2 95
2 73 1
1 2 95
2 73 2
1 2 95
2 73 1
1 2 95
2 73 2
1 2 95
2 73 1
1 2 95
2 73 2
1 2 95
2 73 1
1 2 95
2 73 2
1 2 95
2 73 1
1 2 95
2 73 2
1 2 95
2 73 1
1 2 95
2 73 2
1 2 95
2 73 1
1 2 95
2 73 2
1 2 95
2 73 1
1 2 95
2 73 2
1 2 18
2 73 1
2 75 2
1 2 0
2 75 1
2 74 2
1 2 94
2 74 1
1 2 1
2 74 2
1 2 1
2 74 1
2 76 2
1 2 95
2 76 1
1 2 95
2 76 2
1 2 95
2 76 1
1 2 95
2 76 2
1 2 95
2 76 1
1 2 95
2 76 2
1 2 95
2 76 1
1 2 95
2 76 2
1 2 95
2 76 1
1 2 95
2 76 2
1 2 95
2 76 1
1 2 95
2 76 2
1 2 12
2 76 1
2 75 2
1 2 94
2 75 1
1 2 1
2 75 2
1 2 1
2 75 1
2 77 2
1 2 95
2 77 1
1 2 95
2 77 2
1 2 2
2 77 1
2 76 2
1 2 94
2 76 1
1 2 1
2 76 2
1 2 1
2 76 1
2 77 2
1 2 95
2 77 1
1 2 95
2 77 2
1 2 95
2 77 1
1 2 95
2 77 2
1 2 95
2 77 1
1 2 95
2 77 2
1 2 95
2 77 1
1 2 95
2 77 2
1 2 95
2 77 1
1 2 95
2 77 2
1 2 10
2 77 1
2 79 2
1 2 95
2 79 1
1 2 95
2 79 2
1 2 95
2 79 1
1 2 95
2 79 2
1 2 95
2 79 1
1 2 95
2 79 2
1 2 95
2 79 1
1 2 95
2 79 2
1 2 8
2 79 1
2 78 2
1 2 94
2 78 1
1 2 1
2 78 2
1 2 1
2 78 1
2 79 2
1 2 95
2 79 1
1 2 95
2 79 2
1 2 95
2 79 1
1 2 95
2 79 2
1 2 95
2 79 1
1 2 95
2 79 2
1 2 95
2 79 1
1 2 95
2 79 2
1 2 95
2 79 1
1 2 95
2 79 2
1 2 95
2 79 1
1 2 95
2 79 2
1 2 95
2 79 1
1 2 95
2 79 2
1 2 14
2 79 1
2 80 2
1 2 95
2 80 1
1 2 95
2 80 2
1 2 95
2 80 1
1 2 95
2 80 2
1 2 95
2 80 1
1 2 95
2 80 2
1 2 95
2 80 1
1 2 95
2 80 2
1 2 8
2 80 1
2 81 2
1 2 95
2 81 1
1 2 95
2 81 2
1 2 95
2 81 1
1 2 95
2 81 2
1 2 95
2 81 1
1 2 95
2 81 2
1 2 95
2 81 1
1 2 95
2 81 2
1 2 95
2 81 1
1 2 95
2 81 2
1 2 95
2 81 1
1 2 95
2 81 2
1 2 95
2 81 1
1 2 95
2 81 2
1 2 14
2 81 1
2 82 2
1 2 95
2 82 1
1 2 95
2 82 2
1 2 2
2 82 1
2 83 2
1 2 95
2 83 1
1 2 95
2 83 2
1 2 2
2 83 1
2 84 2
1 2 95
2 84 1
1 2 95
2 84 2
1 2 95
2 84 1
1 2 95
2 84 2
1 2 95
2 84 1
1 2 95
2 84 2
1 2 95
2 84 1
1 2 95
2 84 2
1 2 95
2 84 1
1 2 95
2 84 2
1 2 10
2 84 1
2 85 2
1 2 95
2 85 1
1 2 95
2 85 2
1 2 95
2 85 1
1 2 95
2 85 2
1 2 95
2 85 1
1 2 95
2 85 2
1 2 6
2 85 1
2 86 2
1 2 95
2 86 1
1 2 95
2 86 2
1 2 2
2 86 1
2 87 2
1 2 95
2 87 1
1 2 95
2 87 2
1 2 95
2 87 1
1 2 95
2 87 2
1 2 4
2 87 1
2 88 2
1 2 95
2 88 1
1 2 95
2 88 2
1 2 95
2 88 1
1 2 95
2 88 2
1 2 4
2 88 1
2 89 2
1 2 95
2 89 1
1 2 95
2 89 2
1 2 95
2 89 1
1 2 95
2 89 2
1 2 95
2 89 1
1 2 95
2 89 2
1 2 6
2 89 1
2 90 2
1 2 95
2 90 1
1 2 95
2 90 2
1 2 95
2 90 1
1 2 95
2 90 2
1 2 4
2 90 1
2 94 2
1 2 0
2 94 1
2 93 2
1 2 94
2 93 1
1 2 1
2 93 2
1 2 1
2 93 1
1 2 2
2 0 2
1 2 95
2 0 1
1 2 1
2 0 2
1 2 94
1 0 1
2 0 2
1 0 95
2 0 1
1 0 1
2 1 1
1 0 2
2 1 2
1 0 1
2 1 1
1 0 1
2 1 2
1 0 1
2 1 1
1 0 1
2 1 2
1 0 1
2 1 1
1 0 1
2 1 2
1 0 1
2 1 1
1 0 1
2 1 2
1 0 1
2 1 1
1 0 1
2 1 2
1 0 1
2 1 1
1 0 1
2 1 2
1 0 1
2 1 1
1 0 1
2 1 2
1 0 1
2 1 1
1 0 1
2 1 2
1 0 1
2 1 1
1 0 1
2 1 2
1 0 1
2 1 1
1 0 1
2 1 2
1 0 1
2 1 1
1 0 1
2 1 2
1 0 1
2 1 1
1 0 1
2 1 2
1 0 1
2 1 1
1 0 1
2 1 2
1 0 1
2 1 1
1 0 1
2 1 2
1 0 1
2 1 1
1 0 1
2 1 2
1 0 1
2 1 1
1 0 1
2 1 2
1 0 1
2 1 1
1 0 1
2 1 2
1 0 1
2 1 1
1 0 1
2 1 2
1 0 1
2 1 1
1 0 1
2 1 2
1 0 1
2 1 1
1 0 1
2 1 2
1 0 1
2 1 1
1 0 1
2 1 2
1 0 1
2 1 1
1 0 1
2 1 2
1 0 1
2 1 1
1 0 1
2 1 2
1 0 1
2 1 1
1 0 1
2 1 2
1 0 1
2 1 1
1 0 1
2 1 2
1 0 1
2 1 1
1 0 1
2 1 2
1 0 1
2 1 1
1 0 1
2 1 2
1 0 1
2 1 1
1 0 1
2 1 2
1 0 1
2 1 1
1 0 1
2 1 2
1 0 1
2 1 1
1 0 1
2 1 2
1 0 1
2 1 1
1 0 1
2 1 2
1 0 1
2 1 1
1 0 1
2 1 2
1 0 1
2 1 1
1 0 1
2 1 2
1 0 1
2 1 1
1 0 1
2 1 2
1 0 1
2 1 1
1 0 1
2 1 2
1 0 1
2 1 1
1 0 1
2 1 2
1 0 1
2 1 1
1 0 1
2 1 2
1 0 1
2 1 1
1 0 1
2 1 2
1 0 1
2 1 1
1 0 1
2 1 2
1 0 1
2 1 1
1 0 1
2 1 2
1 0 1
2 1 1
1 0 1
2 1 2
1 0 1
2 1 1
1 0 1
2 1 2
1 0 1
2 1 1
1 0 1
2 1 2
1 0 1
2 1 1
1 0 1
2 1 2
1 0 1
2 1 1
1 0 1
2 1 2
1 0 1
2 1 1
1 0 1
2 1 2
1 0 1
2 1 1
1 0 1
2 1 2
