5992
1 3 69
2 0 2
1 1 2
2 1 4
2 42 1
1 1 59
2 2 4
1 4 80
2 3 1
1 4 78
2 4 1
2 78 1
1 1 26
2 5 4
1 4 70
2 6 1
1 2 11
2 7 3
2 20 1
1 1 87
2 8 4
2 63 1
1 1 45
2 9 4
1 2 69
2 10 3
1 3 77
2 11 2
2 25 1
1 1 86
2 12 4
1 1 96
2 13 4
2 29 1
1 1 84
2 14 4
1 4 17
2 15 1
1 1 8
2 16 4
1 3 79
2 17 2
2 51 1
1 1 66
2 18 4
1 1 68
2 19 4
1 4 49
2 20 1
1 1 18
2 21 4
1 4 2
2 22 1
1 3 11
2 23 2
1 4 53
2 24 1
2 47 1
1 1 78
2 26 4
1 3 73
2 27 2
1 3 65
2 28 2
1 1 89
2 29 4
2 37 1
1 1 92
2 30 4
1 4 70
2 31 1
1 3 29
2 32 2
1 3 73
2 33 2
1 1 35
2 34 4
1 3 1
2 35 2
2 47 1
1 1 88
2 36 4
1 4 87
2 37 1
1 1 8
2 38 4
1 4 50
2 39 1
1 3 46
2 40 2
1 2 51
2 41 3
1 1 81
2 42 4
1 4 43
2 43 1
1 1 55
2 44 4
1 4 79
2 45 1
1 3 63
2 46 2
2 61 1
1 1 85
2 47 4
1 4 49
2 48 1
1 3 67
2 49 2
1 4 70
2 50 1
1 3 23
2 51 2
1 1 5
2 52 4
1 1 51
2 53 4
1 2 51
2 54 3
2 78 1
1 1 76
2 55 4
1 3 67
2 56 2
1 4 51
2 57 1
1 1 87
2 58 4
1 4 98
2 59 1
1 2 40
2 60 3
2 96 1
1 1 64
2 61 4
1 3 56
2 62 2
1 2 17
2 63 3
1 1 30
2 64 4
1 3 30
2 65 2
1 1 68
2 66 4
1 3 63
2 67 2
1 2 1
2 68 3
1 2 59
2 69 3
1 1 57
2 70 4
1 4 12
2 71 1
1 4 40
2 72 1
1 2 82
2 73 3
1 4 13
2 74 1
1 4 75
2 75 1
1 4 2
2 76 1
1 1 72
2 77 4
1 4 41
2 78 1
1 2 72
2 79 3
2 81 1
1 1 98
2 80 4
1 4 60
2 81 1
1 3 9
2 82 2
1 4 85
2 83 1
1 4 19
2 84 1
1 2 91
2 85 3
1 2 97
2 86 3
1 2 82
2 87 3
1 3 49
2 88 2
1 1 11
2 89 4
1 4 25
2 90 1
1 2 80
2 91 3
1 1 55
2 92 4
1 3 18
2 93 2
1 1 13
2 94 4
1 2 21
2 95 3
1 3 71
2 96 2
1 1 46
2 97 4
1 2 56
2 98 3
2 0 3
1 4 51
2 0 2
1 1 8
2 1 4
1 1 91
2 1 1
2 2 2
1 3 84
2 2 3
2 3 2
1 3 57
2 3 3
1 1 78
2 4 4
1 1 21
2 4 1
1 1 82
2 5 4
1 1 17
2 5 1
1 4 98
2 6 3
1 4 1
2 6 2
1 1 78
2 7 4
1 1 21
2 7 1
2 8 1
1 2 80
2 8 4
2 9 2
1 3 58
2 9 3
2 10 1
1 2 40
2 10 4
2 11 3
1 4 78
2 11 2
2 12 3
1 4 83
2 12 2
2 13 3
1 4 75
2 13 2
1 1 46
2 14 4
1 1 53
2 14 1
1 1 73
2 16 4
1 1 26
2 16 1
2 17 2
1 3 29
2 17 3
2 18 2
1 3 32
2 18 3
2 19 2
1 3 80
2 19 3
2 20 2
1 3 53
2 20 3
2 21 1
1 2 78
2 21 4
1 1 24
2 22 4
1 1 75
2 22 1
2 23 2
1 3 93
2 23 3
2 24 3
1 4 8
2 24 2
2 25 3
1 4 81
2 25 2
2 26 2
1 3 5
2 26 3
2 27 3
1 4 62
2 27 2
2 28 1
1 2 27
2 28 4
2 29 2
1 3 6
2 29 3
2 30 3
1 4 9
2 30 2
2 31 1
1 2 51
2 31 4
1 1 96
2 32 4
1 1 3
2 32 1
2 33 1
1 2 54
2 33 4
2 34 3
1 4 28
2 34 2
2 35 2
1 3 96
2 35 3
1 1 97
2 36 4
1 1 2
2 36 1
2 37 2
1 3 88
2 37 3
1 1 54
2 38 4
1 1 45
2 38 1
2 39 3
1 4 44
2 39 2
2 40 1
1 2 55
2 40 4
2 41 1
1 2 7
2 41 4
2 42 3
1 4 17
2 42 2
2 43 3
1 4 64
2 43 2
2 44 1
1 2 67
2 44 4
2 45 3
1 4 81
2 45 2
2 46 3
1 4 80
2 46 2
1 1 91
2 47 4
1 1 8
2 47 1
2 48 3
1 4 27
2 48 2
2 49 2
1 3 42
2 49 3
2 50 1
1 2 40
2 50 4
2 51 2
1 3 71
2 51 3
2 52 2
1 3 40
2 52 3
2 53 1
1 2 12
2 53 4
2 54 3
1 4 84
2 54 2
2 55 3
1 4 6
2 55 2
2 56 2
1 3 56
2 56 3
2 57 2
1 3 44
2 57 3
2 58 1
1 2 10
2 58 4
2 59 2
1 3 10
2 59 3
2 60 3
1 4 60
2 60 2
1 1 96
2 61 4
1 1 3
2 61 1
2 62 3
1 4 42
2 62 2
2 63 3
1 4 80
2 63 2
2 64 1
1 2 93
2 64 4
2 65 1
1 2 81
2 65 4
2 66 1
1 2 88
2 66 4
2 67 3
1 4 36
2 67 2
2 68 1
1 2 32
2 68 4
2 69 3
1 4 10
2 69 2
2 70 1
1 2 52
2 70 4
2 71 3
1 4 19
2 71 2
2 72 3
1 4 45
2 72 2
2 73 3
1 4 35
2 73 2
2 74 3
1 4 26
2 74 2
2 75 2
1 3 36
2 75 3
2 76 3
1 4 61
2 76 2
2 77 3
1 4 90
2 77 2
2 78 1
1 2 5
2 78 4
2 79 2
1 3 89
2 79 3
2 80 3
1 4 91
2 80 2
2 81 2
1 3 55
2 81 3
2 82 2
1 3 72
2 82 3
2 83 3
1 4 69
2 83 2
2 84 3
1 4 52
2 84 2
2 85 3
1 4 65
2 85 2
2 86 3
1 4 84
2 86 2
2 87 3
1 4 80
2 87 2
2 88 1
1 2 42
2 88 4
2 89 1
1 2 80
2 89 4
2 90 2
1 3 16
2 90 3
2 91 1
1 2 90
2 91 4
2 92 2
1 3 63
2 92 3
2 93 3
1 4 56
2 93 2
2 94 1
1 2 41
2 94 4
1 1 98
2 95 4
1 1 1
2 95 1
2 96 2
1 3 12
2 96 3
2 97 2
1 3 70
2 97 3
2 98 2
1 3 46
2 98 3
1 2 46
2 0 4
1 2 53
2 0 1
2 1 1
1 3 7
2 1 4
2 2 2
1 4 37
2 2 3
2 3 1
1 3 57
2 3 4
1 2 22
2 4 4
1 2 77
2 4 1
1 2 26
2 5 4
1 2 73
2 5 1
2 6 1
1 3 82
2 6 4
1 2 22
2 7 4
1 2 77
2 7 1
2 8 1
1 3 94
2 8 4
2 9 2
1 4 57
2 9 3
2 10 2
1 4 73
2 10 3
1 2 56
2 11 4
1 2 43
2 11 1
2 12 1
1 3 59
2 12 4
1 2 24
2 13 4
1 2 75
2 13 1
2 14 1
1 3 6
2 14 4
2 15 2
1 4 90
2 15 3
2 16 1
1 3 21
2 16 4
2 17 1
1 3 43
2 17 4
1 2 90
2 18 4
1 2 9
2 18 1
2 19 1
1 3 24
2 19 4
2 20 1
1 3 44
2 20 4
2 21 2
1 4 65
2 21 3
2 22 1
1 3 72
2 22 4
2 23 2
1 4 27
2 23 3
2 24 1
1 3 63
2 24 4
2 25 1
1 3 40
2 25 4
2 26 1
1 3 40
2 26 4
2 27 2
1 4 56
2 27 3
2 28 1
1 3 86
2 28 4
2 29 1
1 3 73
2 29 4
2 30 2
1 4 68
2 30 3
1 2 60
2 31 4
1 2 39
2 31 1
1 2 36
2 32 4
1 2 63
2 32 1
2 33 1
1 3 93
2 33 4
1 2 71
2 34 4
1 2 28
2 34 1
2 35 2
1 4 41
2 35 3
1 2 82
2 36 4
1 2 17
2 36 1
2 37 1
1 3 41
2 37 4
2 38 2
1 4 17
2 38 3
2 39 2
1 4 94
2 39 3
2 40 2
1 4 5
2 40 3
2 41 1
1 3 28
2 41 4
2 42 1
1 3 80
2 42 4
2 43 1
1 3 75
2 43 4
1 2 92
2 44 4
1 2 7
2 44 1
1 3 98
2 45 1
1 3 1
2 45 4
2 46 1
1 3 34
2 46 4
2 47 1
1 3 34
2 47 4
2 48 1
1 3 90
2 48 4
2 49 1
1 3 80
2 49 4
1 2 94
2 50 4
1 2 5
2 50 1
1 2 82
2 51 4
1 2 17
2 51 1
2 52 1
1 3 62
2 52 4
1 2 98
2 53 4
1 2 1
2 53 1
2 54 2
1 4 89
2 54 3
2 55 2
1 4 72
2 55 3
2 56 1
1 3 26
2 56 4
2 57 1
1 3 22
2 57 4
2 58 2
1 4 84
2 58 3
2 59 2
1 4 15
2 59 3
2 60 1
1 3 9
2 60 4
2 61 1
1 3 82
2 61 4
2 62 2
1 4 76
2 62 3
2 63 2
1 4 9
2 63 3
2 64 1
1 3 29
2 64 4
2 65 2
1 4 97
2 65 3
2 66 2
1 4 23
2 66 3
1 2 93
2 67 4
1 2 6
2 67 1
2 68 1
1 3 57
2 68 4
2 69 1
1 3 53
2 69 4
2 70 1
1 3 95
2 70 4
2 71 1
1 3 3
2 71 4
2 72 1
1 3 88
2 72 4
2 73 2
1 4 22
2 73 3
2 74 1
1 3 80
2 74 4
2 75 1
1 3 64
2 75 4
2 76 1
1 3 93
2 76 4
2 77 1
1 3 2
2 77 4
2 78 1
1 3 89
2 78 4
2 79 1
1 3 95
2 79 4
2 80 2
1 4 72
2 80 3
2 81 2
1 4 45
2 81 3
2 82 2
1 4 78
2 82 3
2 83 1
1 3 16
2 83 4
2 84 1
1 3 63
2 84 4
2 85 2
1 4 76
2 85 3
2 86 1
1 3 78
2 86 4
2 87 2
1 4 29
2 87 3
2 88 2
1 4 92
2 88 3
2 89 1
1 3 14
2 89 4
2 90 2
1 4 54
2 90 3
1 2 97
2 91 4
1 2 2
2 91 1
2 92 2
1 4 80
2 92 3
2 93 2
1 4 63
2 93 3
2 94 1
1 3 86
2 94 4
2 95 2
1 4 77
2 95 3
2 96 1
1 3 45
2 96 4
2 97 2
1 4 59
2 97 3
2 98 2
1 4 50
2 98 3
2 0 1
1 4 60
2 0 4
2 1 1
1 4 23
2 1 4
1 4 98
2 2 1
1 4 1
2 2 4
1 3 58
2 3 4
1 3 41
2 3 1
2 4 1
1 4 78
2 4 4
1 3 28
2 5 4
1 3 71
2 5 1
2 6 1
1 4 86
2 6 4
1 3 20
2 7 4
1 3 79
2 7 1
2 8 1
1 4 8
2 8 4
1 3 46
2 9 4
1 3 53
2 9 1
1 3 71
2 10 4
1 3 28
2 10 1
1 3 61
2 11 4
1 3 38
2 11 1
2 12 1
1 4 82
2 12 4
2 13 1
1 4 77
2 13 4
1 3 94
2 14 4
1 3 5
2 14 1
1 3 17
2 15 4
1 3 82
2 15 1
1 3 29
2 16 4
1 3 70
2 16 1
1 3 22
2 17 4
1 3 77
2 17 1
2 18 1
1 4 25
2 18 4
1 3 66
2 19 4
1 3 33
2 19 1
2 20 1
1 4 90
2 20 4
1 3 31
2 21 4
1 3 68
2 21 1
2 22 1
1 4 31
2 22 4
1 3 81
2 23 4
1 3 18
2 23 1
2 24 1
1 4 29
2 24 4
1 3 81
2 25 4
1 3 18
2 25 1
2 26 1
1 4 91
2 26 4
2 27 1
1 4 38
2 27 4
2 28 1
1 4 12
2 28 4
2 29 1
1 4 90
2 29 4
1 3 90
2 30 4
1 3 9
2 30 1
2 31 1
1 4 82
2 31 4
1 3 54
2 32 4
1 3 45
2 32 1
1 3 50
2 33 4
1 3 49
2 33 1
1 3 40
2 34 4
1 3 59
2 34 1
1 3 65
2 35 4
1 3 34
2 35 1
2 36 1
1 4 77
2 36 4
2 37 1
1 4 69
2 37 4
2 38 1
1 4 27
2 38 4
1 3 62
2 39 4
1 3 37
2 39 1
1 3 84
2 40 4
1 3 15
2 40 1
1 3 48
2 41 4
1 3 51
2 41 1
1 3 95
2 42 4
1 3 4
2 42 1
1 3 50
2 43 4
1 3 49
2 43 1
1 4 98
2 44 1
1 4 1
2 44 4
2 45 1
1 4 31
2 45 4
1 3 91
2 46 4
1 3 8
2 46 1
1 3 83
2 47 4
1 3 16
2 47 1
1 3 59
2 48 4
1 3 40
2 48 1
2 49 1
1 4 23
2 49 4
1 3 59
2 50 4
1 3 40
2 50 1
2 51 1
1 4 96
2 51 4
2 52 1
1 4 44
2 52 4
1 3 80
2 53 4
1 3 19
2 53 1
1 3 81
2 54 4
1 3 18
2 54 1
2 55 1
1 4 39
2 55 4
2 56 1
1 4 50
2 56 4
2 57 1
1 4 61
2 57 4
2 58 1
1 4 93
2 58 4
1 3 60
2 59 4
1 3 39
2 59 1
1 3 96
2 60 4
1 3 3
2 60 1
2 61 1
1 4 39
2 61 4
2 62 1
1 4 47
2 62 4
2 63 1
1 4 80
2 63 4
1 3 86
2 64 4
1 3 13
2 64 1
2 65 1
1 4 68
2 65 4
1 3 87
2 66 4
1 3 12
2 66 1
2 67 1
1 4 81
2 67 4
2 68 1
1 4 78
2 68 4
2 69 1
1 4 56
2 69 4
2 70 1
1 4 92
2 70 4
2 71 1
1 4 20
2 71 4
2 72 1
1 4 23
2 72 4
2 73 1
1 4 14
2 73 4
1 3 87
2 74 4
1 3 12
2 74 1
2 75 1
1 4 93
2 75 4
2 76 1
1 4 6
2 76 4
2 77 1
1 4 51
2 77 4
2 78 1
1 4 5
2 78 4
1 4 98
2 79 1
1 4 1
2 79 4
2 80 1
1 4 33
2 80 4
2 81 1
1 4 20
2 81 4
2 82 1
1 4 31
2 82 4
2 83 1
1 4 39
2 83 4
2 84 1
1 4 74
2 84 4
2 85 1
1 4 21
2 85 4
2 86 1
1 4 92
2 86 4
2 87 1
1 4 98
2 87 4
2 88 1
1 4 9
2 88 4
2 89 1
1 4 95
2 89 4
2 90 1
1 4 52
2 90 4
2 91 1
1 4 75
2 91 4
2 92 1
1 4 70
2 92 4
2 93 1
1 4 16
2 93 4
2 94 1
1 4 89
2 94 4
2 95 1
1 4 22
2 95 4
2 96 1
1 4 37
2 96 4
2 97 1
1 4 37
2 97 4
2 98 1
1 4 80
2 98 4
1 4 70
2 1 4
1 4 98
2 1 1
1 4 98
2 1 4
1 4 98
2 1 1
1 4 98
2 1 4
1 4 98
2 1 1
1 4 98
2 1 4
1 4 98
2 1 1
1 4 98
2 1 4
1 4 98
2 1 1
1 4 98
2 1 4
1 4 98
2 1 1
1 4 98
2 1 4
1 4 98
2 1 1
1 4 98
2 1 4
1 4 98
2 1 1
1 4 98
2 1 4
1 4 98
2 1 1
1 4 98
2 1 4
1 4 98
2 1 1
1 4 98
2 1 4
1 4 98
2 1 1
1 4 98
2 1 4
1 4 98
2 1 1
1 4 98
2 1 4
1 4 98
2 1 1
1 4 98
2 1 4
1 4 26
2 1 1
2 3 4
1 4 98
2 3 1
1 4 98
2 3 4
1 4 98
2 3 1
1 4 98
2 3 4
1 4 98
2 3 1
1 4 98
2 3 4
1 4 98
2 3 1
1 4 98
2 3 4
1 4 98
2 3 1
1 4 98
2 3 4
1 4 98
2 3 1
1 4 98
2 3 4
1 4 98
2 3 1
1 4 98
2 3 4
1 4 98
2 3 1
1 4 98
2 3 4
1 4 98
2 3 1
1 4 98
2 3 4
1 4 98
2 3 1
1 4 98
2 3 4
1 4 98
2 3 1
1 4 98
2 3 4
1 4 98
2 3 1
1 4 98
2 3 4
1 4 98
2 3 1
1 4 98
2 3 4
1 4 26
2 3 1
2 2 4
1 4 97
2 2 1
1 4 1
2 2 4
1 4 1
2 2 1
2 4 4
1 4 98
2 4 1
1 4 98
2 4 4
1 4 98
2 4 1
1 4 98
2 4 4
1 4 98
2 4 1
1 4 98
2 4 4
1 4 98
2 4 1
1 4 98
2 4 4
1 4 98
2 4 1
1 4 98
2 4 4
1 4 98
2 4 1
1 4 98
2 4 4
1 4 98
2 4 1
1 4 98
2 4 4
1 4 98
2 4 1
1 4 98
2 4 4
1 4 98
2 4 1
1 4 98
2 4 4
1 4 98
2 4 1
1 4 98
2 4 4
1 4 98
2 4 1
1 4 98
2 4 4
1 4 98
2 4 1
1 4 98
2 4 4
1 4 98
2 4 1
1 4 98
2 4 4
1 4 98
2 4 1
1 4 98
2 4 4
1 4 98
2 4 1
1 4 98
2 4 4
1 4 98
2 4 1
1 4 98
2 4 4
1 4 98
2 4 1
1 4 98
2 4 4
1 4 98
2 4 1
1 4 98
2 4 4
1 4 98
2 4 1
1 4 98
2 4 4
1 4 98
2 4 1
1 4 98
2 4 4
1 4 98
2 4 1
1 4 98
2 4 4
1 4 98
2 4 1
1 4 98
2 4 4
1 4 98
2 4 1
1 4 98
2 4 4
1 4 98
2 4 1
1 4 98
2 4 4
1 4 98
2 4 1
1 4 98
2 4 4
1 4 98
2 4 1
1 4 98
2 4 4
1 4 98
2 4 1
1 4 98
2 4 4
1 4 98
2 4 1
1 4 98
2 4 4
1 4 98
2 4 1
1 4 98
2 4 4
1 4 98
2 4 1
1 4 98
2 4 4
1 4 98
2 4 1
1 4 98
2 4 4
1 4 98
2 4 1
1 4 98
2 4 4
1 4 98
2 4 1
1 4 98
2 4 4
1 4 98
2 4 1
1 4 98
2 4 4
1 4 98
2 4 1
1 4 98
2 4 4
1 4 70
2 4 1
2 3 4
1 4 97
2 3 1
1 4 1
2 3 4
1 4 1
2 3 1
2 4 4
1 4 98
2 4 1
1 4 98
2 4 4
1 4 98
2 4 1
1 4 98
2 4 4
1 4 98
2 4 1
1 4 98
2 4 4
1 4 98
2 4 1
1 4 98
2 4 4
1 4 98
2 4 1
1 4 98
2 4 4
1 4 98
2 4 1
1 4 98
2 4 4
1 4 98
2 4 1
1 4 98
2 4 4
1 4 98
2 4 1
1 4 98
2 4 4
1 4 98
2 4 1
1 4 98
2 4 4
1 4 98
2 4 1
1 4 98
2 4 4
1 4 98
2 4 1
1 4 98
2 4 4
1 4 98
2 4 1
1 4 98
2 4 4
1 4 98
2 4 1
1 4 98
2 4 4
1 4 98
2 4 1
1 4 98
2 4 4
1 4 98
2 4 1
1 4 98
2 4 4
1 4 98
2 4 1
1 4 98
2 4 4
1 4 98
2 4 1
1 4 98
2 4 4
1 4 98
2 4 1
1 4 98
2 4 4
1 4 98
2 4 1
1 4 98
2 4 4
1 4 98
2 4 1
1 4 98
2 4 4
1 4 98
2 4 1
1 4 98
2 4 4
1 4 42
2 4 1
2 6 4
1 4 98
2 6 1
1 4 98
2 6 4
1 4 98
2 6 1
1 4 98
2 6 4
1 4 98
2 6 1
1 4 98
2 6 4
1 4 98
2 6 1
1 4 98
2 6 4
1 4 98
2 6 1
1 4 98
2 6 4
1 4 98
2 6 1
1 4 98
2 6 4
1 4 12
2 6 1
2 5 4
1 4 97
2 5 1
1 4 1
2 5 4
1 4 1
2 5 1
2 6 4
1 4 98
2 6 1
1 4 98
2 6 4
1 4 98
2 6 1
1 4 98
2 6 4
1 4 98
2 6 1
1 4 98
2 6 4
1 4 98
2 6 1
1 4 98
2 6 4
1 4 98
2 6 1
1 4 98
2 6 4
1 4 98
2 6 1
1 4 98
2 6 4
1 4 98
2 6 1
1 4 98
2 6 4
1 4 98
2 6 1
1 4 98
2 6 4
1 4 98
2 6 1
1 4 98
2 6 4
1 4 18
2 6 1
2 7 4
1 4 98
2 7 1
1 4 98
2 7 4
1 4 98
2 7 1
1 4 98
2 7 4
1 4 98
2 7 1
1 4 98
2 7 4
1 4 98
2 7 1
1 4 98
2 7 4
1 4 98
2 7 1
1 4 98
2 7 4
1 4 98
2 7 1
1 4 98
2 7 4
1 4 98
2 7 1
1 4 98
2 7 4
1 4 98
2 7 1
1 4 98
2 7 4
1 4 98
2 7 1
1 4 98
2 7 4
1 4 98
2 7 1
1 4 98
2 7 4
1 4 98
2 7 1
1 4 98
2 7 4
1 4 98
2 7 1
1 4 98
2 7 4
1 4 98
2 7 1
1 4 98
2 7 4
1 4 98
2 7 1
1 4 98
2 7 4
1 4 98
2 7 1
1 4 98
2 7 4
1 4 98
2 7 1
1 4 98
2 7 4
1 4 98
2 7 1
1 4 98
2 7 4
1 4 98
2 7 1
1 4 98
2 7 4
1 4 98
2 7 1
1 4 98
2 7 4
1 4 98
2 7 1
1 4 98
2 7 4
1 4 98
2 7 1
1 4 98
2 7 4
1 4 98
2 7 1
1 4 98
2 7 4
1 4 98
2 7 1
1 4 98
2 7 4
1 4 98
2 7 1
1 4 98
2 7 4
1 4 98
2 7 1
1 4 98
2 7 4
1 4 98
2 7 1
1 4 98
2 7 4
1 4 98
2 7 1
1 4 98
2 7 4
1 4 98
2 7 1
1 4 98
2 7 4
1 4 56
2 7 1
2 9 4
1 4 98
2 9 1
1 4 98
2 9 4
1 4 98
2 9 1
1 4 98
2 9 4
1 4 98
2 9 1
1 4 98
2 9 4
1 4 98
2 9 1
1 4 98
2 9 4
1 4 98
2 9 1
1 4 98
2 9 4
1 4 98
2 9 1
1 4 98
2 9 4
1 4 98
2 9 1
1 4 98
2 9 4
1 4 98
2 9 1
1 4 98
2 9 4
1 4 98
2 9 1
1 4 98
2 9 4
1 4 98
2 9 1
1 4 98
2 9 4
1 4 98
2 9 1
1 4 98
2 9 4
1 4 98
2 9 1
1 4 98
2 9 4
1 4 24
2 9 1
2 8 4
1 4 97
2 8 1
1 4 1
2 8 4
1 4 1
2 8 1
2 10 4
1 4 98
2 10 1
1 4 98
2 10 4
1 4 98
2 10 1
1 4 98
2 10 4
1 4 98
2 10 1
1 4 98
2 10 4
1 4 98
2 10 1
1 4 98
2 10 4
1 4 98
2 10 1
1 4 98
2 10 4
1 4 98
2 10 1
1 4 98
2 10 4
1 4 98
2 10 1
1 4 98
2 10 4
1 4 98
2 10 1
1 4 98
2 10 4
1 4 98
2 10 1
1 4 98
2 10 4
1 4 98
2 10 1
1 4 98
2 10 4
1 4 98
2 10 1
1 4 98
2 10 4
1 4 98
2 10 1
1 4 98
2 10 4
1 4 98
2 10 1
1 4 98
2 10 4
1 4 98
2 10 1
1 4 98
2 10 4
1 4 98
2 10 1
1 4 98
2 10 4
1 4 98
2 10 1
1 4 98
2 10 4
1 4 98
2 10 1
1 4 98
2 10 4
1 4 98
2 10 1
1 4 98
2 10 4
1 4 98
2 10 1
1 4 98
2 10 4
1 4 98
2 10 1
1 4 98
2 10 4
1 4 98
2 10 1
1 4 98
2 10 4
1 4 98
2 10 1
1 4 98
2 10 4
1 4 98
2 10 1
1 4 98
2 10 4
1 4 98
2 10 1
1 4 98
2 10 4
1 4 98
2 10 1
1 4 98
2 10 4
1 4 98
2 10 1
1 4 98
2 10 4
1 4 98
2 10 1
1 4 98
2 10 4
1 4 98
2 10 1
1 4 98
2 10 4
1 4 98
2 10 1
1 4 98
2 10 4
1 4 98
2 10 1
1 4 98
2 10 4
1 4 98
2 10 1
1 4 98
2 10 4
1 4 98
2 10 1
1 4 98
2 10 4
1 4 98
2 10 1
1 4 98
2 10 4
1 4 98
2 10 1
1 4 98
2 10 4
1 4 98
2 10 1
1 4 98
2 10 4
1 4 98
2 10 1
1 4 98
2 10 4
1 4 98
2 10 1
1 4 98
2 10 4
1 4 98
2 10 1
1 4 98
2 10 4
1 4 98
2 10 1
1 4 98
2 10 4
1 4 98
2 10 1
1 4 98
2 10 4
1 4 80
2 10 1
2 9 4
1 4 97
2 9 1
1 4 1
2 9 4
1 4 1
2 9 1
2 11 4
1 4 98
2 11 1
1 4 98
2 11 4
1 4 98
2 11 1
1 4 98
2 11 4
1 4 98
2 11 1
1 4 98
2 11 4
1 4 98
2 11 1
1 4 98
2 11 4
1 4 98
2 11 1
1 4 98
2 11 4
1 4 98
2 11 1
1 4 98
2 11 4
1 4 98
2 11 1
1 4 98
2 11 4
1 4 98
2 11 1
1 4 98
2 11 4
1 4 98
2 11 1
1 4 98
2 11 4
1 4 98
2 11 1
1 4 98
2 11 4
1 4 98
2 11 1
1 4 98
2 11 4
1 4 98
2 11 1
1 4 98
2 11 4
1 4 98
2 11 1
1 4 98
2 11 4
1 4 98
2 11 1
1 4 98
2 11 4
1 4 98
2 11 1
1 4 98
2 11 4
1 4 98
2 11 1
1 4 98
2 11 4
1 4 98
2 11 1
1 4 98
2 11 4
1 4 98
2 11 1
1 4 98
2 11 4
1 4 98
2 11 1
1 4 98
2 11 4
1 4 98
2 11 1
1 4 98
2 11 4
1 4 98
2 11 1
1 4 98
2 11 4
1 4 98
2 11 1
1 4 98
2 11 4
1 4 98
2 11 1
1 4 98
2 11 4
1 4 98
2 11 1
1 4 98
2 11 4
1 4 98
2 11 1
1 4 98
2 11 4
1 4 50
2 11 1
2 10 4
1 4 97
2 10 1
1 4 1
2 10 4
1 4 1
2 10 1
2 12 4
1 4 98
2 12 1
1 4 98
2 12 4
1 4 98
2 12 1
1 4 98
2 12 4
1 4 98
2 12 1
1 4 98
2 12 4
1 4 98
2 12 1
1 4 98
2 12 4
1 4 98
2 12 1
1 4 98
2 12 4
1 4 98
2 12 1
1 4 98
2 12 4
1 4 98
2 12 1
1 4 98
2 12 4
1 4 98
2 12 1
1 4 98
2 12 4
1 4 98
2 12 1
1 4 98
2 12 4
1 4 98
2 12 1
1 4 98
2 12 4
1 4 98
2 12 1
1 4 98
2 12 4
1 4 98
2 12 1
1 4 98
2 12 4
1 4 98
2 12 1
1 4 98
2 12 4
1 4 26
2 12 1
2 11 4
1 4 97
2 11 1
1 4 1
2 11 4
1 4 1
2 11 1
2 13 4
1 4 98
2 13 1
1 4 98
2 13 4
1 4 98
2 13 1
1 4 98
2 13 4
1 4 98
2 13 1
1 4 98
2 13 4
1 4 98
2 13 1
1 4 98
2 13 4
1 4 98
2 13 1
1 4 98
2 13 4
1 4 98
2 13 1
1 4 98
2 13 4
1 4 98
2 13 1
1 4 98
2 13 4
1 4 98
2 13 1
1 4 98
2 13 4
1 4 98
2 13 1
1 4 98
2 13 4
1 4 98
2 13 1
1 4 98
2 13 4
1 4 98
2 13 1
1 4 98
2 13 4
1 4 98
2 13 1
1 4 98
2 13 4
1 4 98
2 13 1
1 4 98
2 13 4
1 4 98
2 13 1
1 4 98
2 13 4
1 4 98
2 13 1
1 4 98
2 13 4
1 4 98
2 13 1
1 4 98
2 13 4
1 4 32
2 13 1
2 12 4
1 4 97
2 12 1
1 4 1
2 12 4
1 4 1
2 12 1
2 13 4
1 4 98
2 13 1
1 4 98
2 13 4
1 4 98
2 13 1
1 4 98
2 13 4
1 4 98
2 13 1
1 4 98
2 13 4
1 4 98
2 13 1
1 4 98
2 13 4
1 4 98
2 13 1
1 4 98
2 13 4
1 4 98
2 13 1
1 4 98
2 13 4
1 4 98
2 13 1
1 4 98
2 13 4
1 4 98
2 13 1
1 4 98
2 13 4
1 4 98
2 13 1
1 4 98
2 13 4
1 4 98
2 13 1
1 4 98
2 13 4
1 4 98
2 13 1
1 4 98
2 13 4
1 4 98
2 13 1
1 4 98
2 13 4
1 4 98
2 13 1
1 4 98
2 13 4
1 4 98
2 13 1
1 4 98
2 13 4
1 4 98
2 13 1
1 4 98
2 13 4
1 4 98
2 13 1
1 4 98
2 13 4
1 4 98
2 13 1
1 4 98
2 13 4
1 4 98
2 13 1
1 4 98
2 13 4
1 4 98
2 13 1
1 4 98
2 13 4
1 4 98
2 13 1
1 4 98
2 13 4
1 4 98
2 13 1
1 4 98
2 13 4
1 4 98
2 13 1
1 4 98
2 13 4
1 4 98
2 13 1
1 4 98
2 13 4
1 4 98
2 13 1
1 4 98
2 13 4
1 4 98
2 13 1
1 4 98
2 13 4
1 4 98
2 13 1
1 4 98
2 13 4
1 4 52
2 13 1
2 14 4
1 4 98
2 14 1
1 4 98
2 14 4
1 4 2
2 14 1
2 15 4
1 4 98
2 15 1
1 4 98
2 15 4
1 4 98
2 15 1
1 4 98
2 15 4
1 4 98
2 15 1
1 4 98
2 15 4
1 4 6
2 15 1
2 17 4
1 4 98
2 17 1
1 4 98
2 17 4
1 4 98
2 17 1
1 4 98
2 17 4
1 4 98
2 17 1
1 4 98
2 17 4
1 4 98
2 17 1
1 4 98
2 17 4
1 4 98
2 17 1
1 4 98
2 17 4
1 4 98
2 17 1
1 4 98
2 17 4
1 4 98
2 17 1
1 4 98
2 17 4
1 4 98
2 17 1
1 4 98
2 17 4
1 4 98
2 17 1
1 4 98
2 17 4
1 4 98
2 17 1
1 4 98
2 17 4
1 4 98
2 17 1
1 4 98
2 17 4
1 4 98
2 17 1
1 4 98
2 17 4
1 4 98
2 17 1
1 4 98
2 17 4
1 4 98
2 17 1
1 4 98
2 17 4
1 4 98
2 17 1
1 4 98
2 17 4
1 4 98
2 17 1
1 4 98
2 17 4
1 4 98
2 17 1
1 4 98
2 17 4
1 4 98
2 17 1
1 4 98
2 17 4
1 4 98
2 17 1
1 4 98
2 17 4
1 4 98
2 17 1
1 4 98
2 17 4
1 4 98
2 17 1
1 4 98
2 17 4
1 4 98
2 17 1
1 4 98
2 17 4
1 4 98
2 17 1
1 4 98
2 17 4
1 4 98
2 17 1
1 4 98
2 17 4
1 4 48
2 17 1
2 16 4
1 4 97
2 16 1
1 4 1
2 16 4
1 4 1
2 16 1
2 18 4
1 4 98
2 18 1
1 4 98
2 18 4
1 4 98
2 18 1
1 4 98
2 18 4
1 4 98
2 18 1
1 4 98
2 18 4
1 4 98
2 18 1
1 4 98
2 18 4
1 4 98
2 18 1
1 4 98
2 18 4
1 4 98
2 18 1
1 4 98
2 18 4
1 4 98
2 18 1
1 4 98
2 18 4
1 4 98
2 18 1
1 4 98
2 18 4
1 4 98
2 18 1
1 4 98
2 18 4
1 4 98
2 18 1
1 4 98
2 18 4
1 4 98
2 18 1
1 4 98
2 18 4
1 4 98
2 18 1
1 4 98
2 18 4
1 4 98
2 18 1
1 4 98
2 18 4
1 4 98
2 18 1
1 4 98
2 18 4
1 4 98
2 18 1
1 4 98
2 18 4
1 4 98
2 18 1
1 4 98
2 18 4
1 4 98
2 18 1
1 4 98
2 18 4
1 4 98
2 18 1
1 4 98
2 18 4
1 4 98
2 18 1
1 4 98
2 18 4
1 4 98
2 18 1
1 4 98
2 18 4
1 4 98
2 18 1
1 4 98
2 18 4
1 4 98
2 18 1
1 4 98
2 18 4
1 4 98
2 18 1
1 4 98
2 18 4
1 4 98
2 18 1
1 4 98
2 18 4
1 4 98
2 18 1
1 4 98
2 18 4
1 4 98
2 18 1
1 4 98
2 18 4
1 4 98
2 18 1
1 4 98
2 18 4
1 4 98
2 18 1
1 4 98
2 18 4
1 4 98
2 18 1
1 4 98
2 18 4
1 4 98
2 18 1
1 4 98
2 18 4
1 4 98
2 18 1
1 4 98
2 18 4
1 4 98
2 18 1
1 4 98
2 18 4
1 4 98
2 18 1
1 4 98
2 18 4
1 4 98
2 18 1
1 4 98
2 18 4
1 4 68
2 18 1
2 17 4
1 4 97
2 17 1
1 4 1
2 17 4
1 4 1
2 17 1
2 19 4
1 4 98
2 19 1
1 4 98
2 19 4
1 4 98
2 19 1
1 4 98
2 19 4
1 4 98
2 19 1
1 4 98
2 19 4
1 4 98
2 19 1
1 4 98
2 19 4
1 4 98
2 19 1
1 4 98
2 19 4
1 4 98
2 19 1
1 4 98
2 19 4
1 4 98
2 19 1
1 4 98
2 19 4
1 4 14
2 19 1
2 18 4
1 4 97
2 18 1
1 4 1
2 18 4
1 4 1
2 18 1
2 20 4
1 4 98
2 20 1
1 4 98
2 20 4
1 4 98
2 20 1
1 4 98
2 20 4
1 4 98
2 20 1
1 4 98
2 20 4
1 4 98
2 20 1
1 4 98
2 20 4
1 4 98
2 20 1
1 4 98
2 20 4
1 4 98
2 20 1
1 4 98
2 20 4
1 4 98
2 20 1
1 4 98
2 20 4
1 4 98
2 20 1
1 4 98
2 20 4
1 4 98
2 20 1
1 4 98
2 20 4
1 4 98
2 20 1
1 4 98
2 20 4
1 4 98
2 20 1
1 4 98
2 20 4
1 4 98
2 20 1
1 4 98
2 20 4
1 4 98
2 20 1
1 4 98
2 20 4
1 4 98
2 20 1
1 4 98
2 20 4
1 4 98
2 20 1
1 4 98
2 20 4
1 4 30
2 20 1
2 19 4
1 4 97
2 19 1
1 4 1
2 19 4
1 4 1
2 19 1
2 20 4
1 4 98
2 20 1
1 4 98
2 20 4
1 4 98
2 20 1
1 4 98
2 20 4
1 4 98
2 20 1
1 4 98
2 20 4
1 4 98
2 20 1
1 4 98
2 20 4
1 4 98
2 20 1
1 4 98
2 20 4
1 4 98
2 20 1
1 4 98
2 20 4
1 4 98
2 20 1
1 4 98
2 20 4
1 4 98
2 20 1
1 4 98
2 20 4
1 4 98
2 20 1
1 4 98
2 20 4
1 4 98
2 20 1
1 4 98
2 20 4
1 4 98
2 20 1
1 4 98
2 20 4
1 4 98
2 20 1
1 4 98
2 20 4
1 4 98
2 20 1
1 4 98
2 20 4
1 4 98
2 20 1
1 4 98
2 20 4
1 4 98
2 20 1
1 4 98
2 20 4
1 4 98
2 20 1
1 4 98
2 20 4
1 4 98
2 20 1
1 4 98
2 20 4
1 4 98
2 20 1
1 4 98
2 20 4
1 4 98
2 20 1
1 4 98
2 20 4
1 4 98
2 20 1
1 4 98
2 20 4
1 4 98
2 20 1
1 4 98
2 20 4
1 4 98
2 20 1
1 4 98
2 20 4
1 4 44
2 20 1
2 21 4
1 4 98
2 21 1
1 4 98
2 21 4
1 4 98
2 21 1
1 4 98
2 21 4
1 4 98
2 21 1
1 4 98
2 21 4
1 4 98
2 21 1
1 4 98
2 21 4
1 4 98
2 21 1
1 4 98
2 21 4
1 4 98
2 21 1
1 4 98
2 21 4
1 4 12
2 21 1
2 22 4
1 4 98
2 22 1
1 4 98
2 22 4
1 4 98
2 22 1
1 4 98
2 22 4
1 4 98
2 22 1
1 4 98
2 22 4
1 4 98
2 22 1
1 4 98
2 22 4
1 4 98
2 22 1
1 4 98
2 22 4
1 4 10
2 22 1
2 24 4
1 4 98
2 24 1
1 4 98
2 24 4
1 4 98
2 24 1
1 4 98
2 24 4
1 4 98
2 24 1
1 4 98
2 24 4
1 4 98
2 24 1
1 4 98
2 24 4
1 4 98
2 24 1
1 4 98
2 24 4
1 4 98
2 24 1
1 4 98
2 24 4
1 4 98
2 24 1
1 4 98
2 24 4
1 4 98
2 24 1
1 4 98
2 24 4
1 4 98
2 24 1
1 4 98
2 24 4
1 4 98
2 24 1
1 4 98
2 24 4
1 4 98
2 24 1
1 4 98
2 24 4
1 4 22
2 24 1
2 23 4
1 4 97
2 23 1
1 4 1
2 23 4
1 4 1
2 23 1
2 24 4
1 4 98
2 24 1
1 4 98
2 24 4
1 4 98
2 24 1
1 4 98
2 24 4
1 4 98
2 24 1
1 4 98
2 24 4
1 4 98
2 24 1
1 4 98
2 24 4
1 4 98
2 24 1
1 4 98
2 24 4
1 4 98
2 24 1
1 4 98
2 24 4
1 4 98
2 24 1
1 4 98
2 24 4
1 4 98
2 24 1
1 4 98
2 24 4
1 4 98
2 24 1
1 4 98
2 24 4
1 4 98
2 24 1
1 4 98
2 24 4
1 4 98
2 24 1
1 4 98
2 24 4
1 4 98
2 24 1
1 4 98
2 24 4
1 4 98
2 24 1
1 4 98
2 24 4
1 4 98
2 24 1
1 4 98
2 24 4
1 4 98
2 24 1
1 4 98
2 24 4
1 4 98
2 24 1
1 4 98
2 24 4
1 4 98
2 24 1
1 4 98
2 24 4
1 4 98
2 24 1
1 4 98
2 24 4
1 4 98
2 24 1
1 4 98
2 24 4
1 4 98
2 24 1
1 4 98
2 24 4
1 4 98
2 24 1
1 4 98
2 24 4
1 4 98
2 24 1
1 4 98
2 24 4
1 4 98
2 24 1
1 4 98
2 24 4
1 4 98
2 24 1
1 4 98
2 24 4
1 4 98
2 24 1
1 4 98
2 24 4
1 4 98
2 24 1
1 4 98
2 24 4
1 4 98
2 24 1
1 4 98
2 24 4
1 4 98
2 24 1
1 4 98
2 24 4
1 4 98
2 24 1
1 4 98
2 24 4
1 4 98
2 24 1
1 4 98
2 24 4
1 4 98
2 24 1
1 4 98
2 24 4
1 4 98
2 24 1
1 4 98
2 24 4
1 4 98
2 24 1
1 4 98
2 24 4
1 4 98
2 24 1
1 4 98
2 24 4
1 4 98
2 24 1
1 4 98
2 24 4
1 4 98
2 24 1
1 4 98
2 24 4
1 4 72
2 24 1
2 25 4
1 4 98
2 25 1
1 4 98
2 25 4
1 4 98
2 25 1
1 4 98
2 25 4
1 4 98
2 25 1
1 4 98
2 25 4
1 4 98
2 25 1
1 4 98
2 25 4
1 4 98
2 25 1
1 4 98
2 25 4
1 4 98
2 25 1
1 4 98
2 25 4
1 4 98
2 25 1
1 4 98
2 25 4
1 4 98
2 25 1
1 4 98
2 25 4
1 4 98
2 25 1
1 4 98
2 25 4
1 4 98
2 25 1
1 4 98
2 25 4
1 4 98
2 25 1
1 4 98
2 25 4
1 4 98
2 25 1
1 4 98
2 25 4
1 4 98
2 25 1
1 4 98
2 25 4
1 4 98
2 25 1
1 4 98
2 25 4
1 4 98
2 25 1
1 4 98
2 25 4
1 4 98
2 25 1
1 4 98
2 25 4
1 4 98
2 25 1
1 4 98
2 25 4
1 4 98
2 25 1
1 4 98
2 25 4
1 4 98
2 25 1
1 4 98
2 25 4
1 4 38
2 25 1
2 27 4
1 4 98
2 27 1
1 4 98
2 27 4
1 4 2
2 27 1
2 26 4
1 4 97
2 26 1
1 4 1
2 26 4
1 4 1
2 26 1
2 28 4
1 4 98
2 28 1
1 4 98
2 28 4
1 4 98
2 28 1
1 4 98
2 28 4
1 4 98
2 28 1
1 4 98
2 28 4
1 4 98
2 28 1
1 4 98
2 28 4
1 4 98
2 28 1
1 4 98
2 28 4
1 4 98
2 28 1
1 4 98
2 28 4
1 4 98
2 28 1
1 4 98
2 28 4
1 4 98
2 28 1
1 4 98
2 28 4
1 4 98
2 28 1
1 4 98
2 28 4
1 4 98
2 28 1
1 4 98
2 28 4
1 4 98
2 28 1
1 4 98
2 28 4
1 4 98
2 28 1
1 4 98
2 28 4
1 4 98
2 28 1
1 4 98
2 28 4
1 4 98
2 28 1
1 4 98
2 28 4
1 4 98
2 28 1
1 4 98
2 28 4
1 4 98
2 28 1
1 4 98
2 28 4
1 4 98
2 28 1
1 4 98
2 28 4
1 4 98
2 28 1
1 4 98
2 28 4
1 4 98
2 28 1
1 4 98
2 28 4
1 4 98
2 28 1
1 4 98
2 28 4
1 4 98
2 28 1
1 4 98
2 28 4
1 4 98
2 28 1
1 4 98
2 28 4
1 4 44
2 28 1
2 27 4
1 4 97
2 27 1
1 4 1
2 27 4
1 4 1
2 27 1
2 29 4
1 4 98
2 29 1
1 4 98
2 29 4
1 4 98
2 29 1
1 4 98
2 29 4
1 4 98
2 29 1
1 4 98
2 29 4
1 4 98
2 29 1
1 4 98
2 29 4
1 4 98
2 29 1
1 4 98
2 29 4
1 4 98
2 29 1
1 4 98
2 29 4
1 4 98
2 29 1
1 4 98
2 29 4
1 4 98
2 29 1
1 4 98
2 29 4
1 4 98
2 29 1
1 4 98
2 29 4
1 4 98
2 29 1
1 4 98
2 29 4
1 4 98
2 29 1
1 4 98
2 29 4
1 4 98
2 29 1
1 4 98
2 29 4
1 4 98
2 29 1
1 4 98
2 29 4
1 4 98
2 29 1
1 4 98
2 29 4
1 4 98
2 29 1
1 4 98
2 29 4
1 4 98
2 29 1
1 4 98
2 29 4
1 4 98
2 29 1
1 4 98
2 29 4
1 4 98
2 29 1
1 4 98
2 29 4
1 4 98
2 29 1
1 4 98
2 29 4
1 4 98
2 29 1
1 4 98
2 29 4
1 4 98
2 29 1
1 4 98
2 29 4
1 4 98
2 29 1
1 4 98
2 29 4
1 4 98
2 29 1
1 4 98
2 29 4
1 4 98
2 29 1
1 4 98
2 29 4
1 4 98
2 29 1
1 4 98
2 29 4
1 4 98
2 29 1
1 4 98
2 29 4
1 4 52
2 29 1
2 28 4
1 4 97
2 28 1
1 4 1
2 28 4
1 4 1
2 28 1
2 30 4
1 4 98
2 30 1
1 4 98
2 30 4
1 4 98
2 30 1
1 4 98
2 30 4
1 4 98
2 30 1
1 4 98
2 30 4
1 4 98
2 30 1
1 4 98
2 30 4
1 4 98
2 30 1
1 4 98
2 30 4
1 4 98
2 30 1
1 4 98
2 30 4
1 4 98
2 30 1
1 4 98
2 30 4
1 4 98
2 30 1
1 4 98
2 30 4
1 4 98
2 30 1
1 4 98
2 30 4
1 4 98
2 30 1
1 4 98
2 30 4
1 4 20
2 30 1
2 29 4
1 4 97
2 29 1
1 4 1
2 29 4
1 4 1
2 29 1
2 30 4
1 4 98
2 30 1
1 4 98
2 30 4
1 4 98
2 30 1
1 4 98
2 30 4
1 4 98
2 30 1
1 4 98
2 30 4
1 4 98
2 30 1
1 4 98
2 30 4
1 4 98
2 30 1
1 4 98
2 30 4
1 4 98
2 30 1
1 4 98
2 30 4
1 4 98
2 30 1
1 4 98
2 30 4
1 4 98
2 30 1
1 4 98
2 30 4
1 4 98
2 30 1
1 4 98
2 30 4
1 4 98
2 30 1
1 4 98
2 30 4
1 4 98
2 30 1
1 4 98
2 30 4
1 4 98
2 30 1
1 4 98
2 30 4
1 4 98
2 30 1
1 4 98
2 30 4
1 4 98
2 30 1
1 4 98
2 30 4
1 4 98
2 30 1
1 4 98
2 30 4
1 4 98
2 30 1
1 4 98
2 30 4
1 4 98
2 30 1
1 4 98
2 30 4
1 4 34
2 30 1
2 32 4
1 4 98
2 32 1
1 4 98
2 32 4
1 4 2
2 32 1
2 31 4
1 4 97
2 31 1
1 4 1
2 31 4
1 4 1
2 31 1
2 33 4
1 4 98
2 33 1
1 4 98
2 33 4
1 4 98
2 33 1
1 4 98
2 33 4
1 4 98
2 33 1
1 4 98
2 33 4
1 4 98
2 33 1
1 4 98
2 33 4
1 4 98
2 33 1
1 4 98
2 33 4
1 4 98
2 33 1
1 4 98
2 33 4
1 4 98
2 33 1
1 4 98
2 33 4
1 4 98
2 33 1
1 4 98
2 33 4
1 4 98
2 33 1
1 4 98
2 33 4
1 4 98
2 33 1
1 4 98
2 33 4
1 4 98
2 33 1
1 4 98
2 33 4
1 4 98
2 33 1
1 4 98
2 33 4
1 4 98
2 33 1
1 4 98
2 33 4
1 4 98
2 33 1
1 4 98
2 33 4
1 4 98
2 33 1
1 4 98
2 33 4
1 4 98
2 33 1
1 4 98
2 33 4
1 4 98
2 33 1
1 4 98
2 33 4
1 4 98
2 33 1
1 4 98
2 33 4
1 4 98
2 33 1
1 4 98
2 33 4
1 4 98
2 33 1
1 4 98
2 33 4
1 4 98
2 33 1
1 4 98
2 33 4
1 4 98
2 33 1
1 4 98
2 33 4
1 4 98
2 33 1
1 4 98
2 33 4
1 4 46
2 33 1
2 32 4
1 4 97
2 32 1
1 4 1
2 32 4
1 4 1
2 32 1
2 33 4
1 4 98
2 33 1
1 4 98
2 33 4
1 4 98
2 33 1
1 4 98
2 33 4
1 4 98
2 33 1
1 4 98
2 33 4
1 4 98
2 33 1
1 4 98
2 33 4
1 4 98
2 33 1
1 4 98
2 33 4
1 4 98
2 33 1
1 4 98
2 33 4
1 4 98
2 33 1
1 4 98
2 33 4
1 4 98
2 33 1
1 4 98
2 33 4
1 4 98
2 33 1
1 4 98
2 33 4
1 4 98
2 33 1
1 4 98
2 33 4
1 4 98
2 33 1
1 4 98
2 33 4
1 4 98
2 33 1
1 4 98
2 33 4
1 4 98
2 33 1
1 4 98
2 33 4
1 4 98
2 33 1
1 4 98
2 33 4
1 4 98
2 33 1
1 4 98
2 33 4
1 4 98
2 33 1
1 4 98
2 33 4
1 4 98
2 33 1
1 4 98
2 33 4
1 4 34
2 33 1
2 35 4
1 4 98
2 35 1
1 4 98
2 35 4
1 4 98
2 35 1
1 4 98
2 35 4
1 4 98
2 35 1
1 4 98
2 35 4
1 4 98
2 35 1
1 4 98
2 35 4
1 4 98
2 35 1
1 4 98
2 35 4
1 4 98
2 35 1
1 4 98
2 35 4
1 4 98
2 35 1
1 4 98
2 35 4
1 4 98
2 35 1
1 4 98
2 35 4
1 4 98
2 35 1
1 4 98
2 35 4
1 4 98
2 35 1
1 4 98
2 35 4
1 4 98
2 35 1
1 4 98
2 35 4
1 4 98
2 35 1
1 4 98
2 35 4
1 4 98
2 35 1
1 4 98
2 35 4
1 4 98
2 35 1
1 4 98
2 35 4
1 4 98
2 35 1
1 4 98
2 35 4
1 4 98
2 35 1
1 4 98
2 35 4
1 4 98
2 35 1
1 4 98
2 35 4
1 4 98
2 35 1
1 4 98
2 35 4
1 4 98
2 35 1
1 4 98
2 35 4
1 4 98
2 35 1
1 4 98
2 35 4
1 4 98
2 35 1
1 4 98
2 35 4
1 4 98
2 35 1
1 4 98
2 35 4
1 4 98
2 35 1
1 4 98
2 35 4
1 4 98
2 35 1
1 4 98
2 35 4
1 4 98
2 35 1
1 4 98
2 35 4
1 4 98
2 35 1
1 4 98
2 35 4
1 4 98
2 35 1
1 4 98
2 35 4
1 4 98
2 35 1
1 4 98
2 35 4
1 4 98
2 35 1
1 4 98
2 35 4
1 4 98
2 35 1
1 4 98
2 35 4
1 4 98
2 35 1
1 4 98
2 35 4
1 4 62
2 35 1
2 34 4
1 4 97
2 34 1
1 4 1
2 34 4
1 4 1
2 34 1
2 36 4
1 4 98
2 36 1
1 4 98
2 36 4
1 4 98
2 36 1
1 4 98
2 36 4
1 4 98
2 36 1
1 4 98
2 36 4
1 4 98
2 36 1
1 4 98
2 36 4
1 4 98
2 36 1
1 4 98
2 36 4
1 4 98
2 36 1
1 4 98
2 36 4
1 4 98
2 36 1
1 4 98
2 36 4
1 4 98
2 36 1
1 4 98
2 36 4
1 4 16
2 36 1
2 35 4
1 4 97
2 35 1
1 4 1
2 35 4
1 4 1
2 35 1
2 37 4
1 4 98
2 37 1
1 4 98
2 37 4
1 4 98
2 37 1
1 4 98
2 37 4
1 4 4
2 37 1
2 36 4
1 4 97
2 36 1
1 4 1
2 36 4
1 4 1
2 36 1
2 38 4
1 4 98
2 38 1
1 4 98
2 38 4
1 4 98
2 38 1
1 4 98
2 38 4
1 4 98
2 38 1
1 4 98
2 38 4
1 4 98
2 38 1
1 4 98
2 38 4
1 4 98
2 38 1
1 4 98
2 38 4
1 4 98
2 38 1
1 4 98
2 38 4
1 4 98
2 38 1
1 4 98
2 38 4
1 4 98
2 38 1
1 4 98
2 38 4
1 4 98
2 38 1
1 4 98
2 38 4
1 4 98
2 38 1
1 4 98
2 38 4
1 4 98
2 38 1
1 4 98
2 38 4
1 4 98
2 38 1
1 4 98
2 38 4
1 4 98
2 38 1
1 4 98
2 38 4
1 4 98
2 38 1
1 4 98
2 38 4
1 4 98
2 38 1
1 4 98
2 38 4
1 4 98
2 38 1
1 4 98
2 38 4
1 4 98
2 38 1
1 4 98
2 38 4
1 4 98
2 38 1
1 4 98
2 38 4
1 4 98
2 38 1
1 4 98
2 38 4
1 4 98
2 38 1
1 4 98
2 38 4
1 4 98
2 38 1
1 4 98
2 38 4
1 4 98
2 38 1
1 4 98
2 38 4
1 4 98
2 38 1
1 4 98
2 38 4
1 4 98
2 38 1
1 4 98
2 38 4
1 4 98
2 38 1
1 4 98
2 38 4
1 4 98
2 38 1
1 4 98
2 38 4
1 4 98
2 38 1
1 4 98
2 38 4
1 4 54
2 38 1
2 37 4
1 4 97
2 37 1
1 4 1
2 37 4
1 4 1
2 37 1
2 38 4
1 4 98
2 38 1
1 4 98
2 38 4
1 4 98
2 38 1
1 4 98
2 38 4
1 4 98
2 38 1
1 4 98
2 38 4
1 4 98
2 38 1
1 4 98
2 38 4
1 4 98
2 38 1
1 4 98
2 38 4
1 4 98
2 38 1
1 4 98
2 38 4
1 4 98
2 38 1
1 4 98
2 38 4
1 4 98
2 38 1
1 4 98
2 38 4
1 4 98
2 38 1
1 4 98
2 38 4
1 4 98
2 38 1
1 4 98
2 38 4
1 4 98
2 38 1
1 4 98
2 38 4
1 4 98
2 38 1
1 4 98
2 38 4
1 4 98
2 38 1
1 4 98
2 38 4
1 4 98
2 38 1
1 4 98
2 38 4
1 4 28
2 38 1
2 40 4
1 4 98
2 40 1
1 4 98
2 40 4
1 4 98
2 40 1
1 4 98
2 40 4
1 4 98
2 40 1
1 4 98
2 40 4
1 4 98
2 40 1
1 4 98
2 40 4
1 4 98
2 40 1
1 4 98
2 40 4
1 4 98
2 40 1
1 4 98
2 40 4
1 4 98
2 40 1
1 4 98
2 40 4
1 4 98
2 40 1
1 4 98
2 40 4
1 4 98
2 40 1
1 4 98
2 40 4
1 4 98
2 40 1
1 4 98
2 40 4
1 4 98
2 40 1
1 4 98
2 40 4
1 4 98
2 40 1
1 4 98
2 40 4
1 4 98
2 40 1
1 4 98
2 40 4
1 4 98
2 40 1
1 4 98
2 40 4
1 4 98
2 40 1
1 4 98
2 40 4
1 4 98
2 40 1
1 4 98
2 40 4
1 4 98
2 40 1
1 4 98
2 40 4
1 4 98
2 40 1
1 4 98
2 40 4
1 4 98
2 40 1
1 4 98
2 40 4
1 4 98
2 40 1
1 4 98
2 40 4
1 4 98
2 40 1
1 4 98
2 40 4
1 4 98
2 40 1
1 4 98
2 40 4
1 4 98
2 40 1
1 4 98
2 40 4
1 4 98
2 40 1
1 4 98
2 40 4
1 4 98
2 40 1
1 4 98
2 40 4
1 4 98
2 40 1
1 4 98
2 40 4
1 4 98
2 40 1
1 4 98
2 40 4
1 4 98
2 40 1
1 4 98
2 40 4
1 4 56
2 40 1
2 39 4
1 4 97
2 39 1
1 4 1
2 39 4
1 4 1
2 39 1
2 40 4
1 4 98
2 40 1
1 4 98
2 40 4
1 4 2
2 40 1
2 42 4
1 4 98
2 42 1
1 4 98
2 42 4
1 4 98
2 42 1
1 4 98
2 42 4
1 4 4
2 42 1
2 41 4
1 4 97
2 41 1
1 4 1
2 41 4
1 4 1
2 41 1
2 43 4
1 4 98
2 43 1
1 4 98
2 43 4
1 4 98
2 43 1
1 4 98
2 43 4
1 4 98
2 43 1
1 4 98
2 43 4
1 4 98
2 43 1
1 4 98
2 43 4
1 4 98
2 43 1
1 4 98
2 43 4
1 4 98
2 43 1
1 4 98
2 43 4
1 4 98
2 43 1
1 4 98
2 43 4
1 4 14
2 43 1
2 42 4
1 4 97
2 42 1
1 4 1
2 42 4
1 4 1
2 42 1
2 44 4
1 4 98
2 44 1
1 4 98
2 44 4
1 4 98
2 44 1
1 4 98
2 44 4
1 4 98
2 44 1
1 4 98
2 44 4
1 4 98
2 44 1
1 4 98
2 44 4
1 4 98
2 44 1
1 4 98
2 44 4
1 4 98
2 44 1
1 4 98
2 44 4
1 4 98
2 44 1
1 4 98
2 44 4
1 4 98
2 44 1
1 4 98
2 44 4
1 4 16
2 44 1
2 43 4
1 4 97
2 43 1
1 4 1
2 43 4
1 4 1
2 43 1
2 44 4
1 4 98
2 44 1
1 4 98
2 44 4
1 4 98
2 44 1
1 4 98
2 44 4
1 4 98
2 44 1
1 4 98
2 44 4
1 4 98
2 44 1
1 4 98
2 44 4
1 4 98
2 44 1
1 4 98
2 44 4
1 4 98
2 44 1
1 4 98
2 44 4
1 4 98
2 44 1
1 4 98
2 44 4
1 4 98
2 44 1
1 4 98
2 44 4
1 4 98
2 44 1
1 4 98
2 44 4
1 4 98
2 44 1
1 4 98
2 44 4
1 4 98
2 44 1
1 4 98
2 44 4
1 4 98
2 44 1
1 4 98
2 44 4
1 4 98
2 44 1
1 4 98
2 44 4
1 4 98
2 44 1
1 4 98
2 44 4
1 4 98
2 44 1
1 4 98
2 44 4
1 4 98
2 44 1
1 4 98
2 44 4
1 4 98
2 44 1
1 4 98
2 44 4
1 4 98
2 44 1
1 4 98
2 44 4
1 4 98
2 44 1
1 4 98
2 44 4
1 4 98
2 44 1
1 4 98
2 44 4
1 4 98
2 44 1
1 4 98
2 44 4
1 4 98
2 44 1
1 4 98
2 44 4
1 4 98
2 44 1
1 4 98
2 44 4
1 4 98
2 44 1
1 4 98
2 44 4
1 4 98
2 44 1
1 4 98
2 44 4
1 4 50
2 44 1
2 46 4
1 4 98
2 46 1
1 4 98
2 46 4
1 4 98
2 46 1
1 4 98
2 46 4
1 4 98
2 46 1
1 4 98
2 46 4
1 4 98
2 46 1
1 4 98
2 46 4
1 4 98
2 46 1
1 4 98
2 46 4
1 4 98
2 46 1
1 4 98
2 46 4
1 4 98
2 46 1
1 4 98
2 46 4
1 4 98
2 46 1
1 4 98
2 46 4
1 4 98
2 46 1
1 4 98
2 46 4
1 4 98
2 46 1
1 4 98
2 46 4
1 4 98
2 46 1
1 4 98
2 46 4
1 4 98
2 46 1
1 4 98
2 46 4
1 4 98
2 46 1
1 4 98
2 46 4
1 4 98
2 46 1
1 4 98
2 46 4
1 4 98
2 46 1
1 4 98
2 46 4
1 4 98
2 46 1
1 4 98
2 46 4
1 4 32
2 46 1
2 45 4
1 4 97
2 45 1
1 4 1
2 45 4
1 4 1
2 45 1
2 46 4
1 4 98
2 46 1
1 4 98
2 46 4
1 4 98
2 46 1
1 4 98
2 46 4
1 4 98
2 46 1
1 4 98
2 46 4
1 4 98
2 46 1
1 4 98
2 46 4
1 4 98
2 46 1
1 4 98
2 46 4
1 4 98
2 46 1
1 4 98
2 46 4
1 4 98
2 46 1
1 4 98
2 46 4
1 4 98
2 46 1
1 4 98
2 46 4
1 4 98
2 46 1
1 4 98
2 46 4
1 4 98
2 46 1
1 4 98
2 46 4
1 4 98
2 46 1
1 4 98
2 46 4
1 4 98
2 46 1
1 4 98
2 46 4
1 4 98
2 46 1
1 4 98
2 46 4
1 4 98
2 46 1
1 4 98
2 46 4
1 4 98
2 46 1
1 4 98
2 46 4
1 4 98
2 46 1
1 4 98
2 46 4
1 4 98
2 46 1
1 4 98
2 46 4
1 4 98
2 46 1
1 4 98
2 46 4
1 4 98
2 46 1
1 4 98
2 46 4
1 4 98
2 46 1
1 4 98
2 46 4
1 4 40
2 46 1
2 47 4
1 4 98
2 47 1
1 4 98
2 47 4
1 4 98
2 47 1
1 4 98
2 47 4
1 4 98
2 47 1
1 4 98
2 47 4
1 4 98
2 47 1
1 4 98
2 47 4
1 4 98
2 47 1
1 4 98
2 47 4
1 4 98
2 47 1
1 4 98
2 47 4
1 4 98
2 47 1
1 4 98
2 47 4
1 4 98
2 47 1
1 4 98
2 47 4
1 4 98
2 47 1
1 4 98
2 47 4
1 4 98
2 47 1
1 4 98
2 47 4
1 4 98
2 47 1
1 4 98
2 47 4
1 4 98
2 47 1
1 4 98
2 47 4
1 4 98
2 47 1
1 4 98
2 47 4
1 4 98
2 47 1
1 4 98
2 47 4
1 4 98
2 47 1
1 4 98
2 47 4
1 4 98
2 47 1
1 4 98
2 47 4
1 4 32
2 47 1
2 49 4
1 4 98
2 49 1
1 4 98
2 49 4
1 4 98
2 49 1
1 4 98
2 49 4
1 4 98
2 49 1
1 4 98
2 49 4
1 4 98
2 49 1
1 4 98
2 49 4
1 4 98
2 49 1
1 4 98
2 49 4
1 4 10
2 49 1
2 48 4
1 4 97
2 48 1
1 4 1
2 48 4
1 4 1
2 48 1
2 49 4
1 4 98
2 49 1
1 4 98
2 49 4
1 4 98
2 49 1
1 4 98
2 49 4
1 4 98
2 49 1
1 4 98
2 49 4
1 4 98
2 49 1
1 4 98
2 49 4
1 4 98
2 49 1
1 4 98
2 49 4
1 4 98
2 49 1
1 4 98
2 49 4
1 4 98
2 49 1
1 4 98
2 49 4
1 4 98
2 49 1
1 4 98
2 49 4
1 4 98
2 49 1
1 4 98
2 49 4
1 4 98
2 49 1
1 4 98
2 49 4
1 4 98
2 49 1
1 4 98
2 49 4
1 4 98
2 49 1
1 4 98
2 49 4
1 4 98
2 49 1
1 4 98
2 49 4
1 4 98
2 49 1
1 4 98
2 49 4
1 4 98
2 49 1
1 4 98
2 49 4
1 4 98
2 49 1
1 4 98
2 49 4
1 4 32
2 49 1
2 50 4
1 4 98
2 50 1
1 4 98
2 50 4
1 4 98
2 50 1
1 4 98
2 50 4
1 4 98
2 50 1
1 4 98
2 50 4
1 4 98
2 50 1
1 4 98
2 50 4
1 4 98
2 50 1
1 4 98
2 50 4
1 4 98
2 50 1
1 4 98
2 50 4
1 4 98
2 50 1
1 4 98
2 50 4
1 4 98
2 50 1
1 4 98
2 50 4
1 4 98
2 50 1
1 4 98
2 50 4
1 4 98
2 50 1
1 4 98
2 50 4
1 4 98
2 50 1
1 4 98
2 50 4
1 4 98
2 50 1
1 4 98
2 50 4
1 4 98
2 50 1
1 4 98
2 50 4
1 4 98
2 50 1
1 4 98
2 50 4
1 4 98
2 50 1
1 4 98
2 50 4
1 4 30
2 50 1
2 52 4
1 4 98
2 52 1
1 4 98
2 52 4
1 4 98
2 52 1
1 4 98
2 52 4
1 4 98
2 52 1
1 4 98
2 52 4
1 4 98
2 52 1
1 4 98
2 52 4
1 4 98
2 52 1
1 4 98
2 52 4
1 4 10
2 52 1
2 51 4
1 4 97
2 51 1
1 4 1
2 51 4
1 4 1
2 51 1
2 53 4
1 4 98
2 53 1
1 4 98
2 53 4
1 4 98
2 53 1
1 4 98
2 53 4
1 4 98
2 53 1
1 4 98
2 53 4
1 4 98
2 53 1
1 4 98
2 53 4
1 4 98
2 53 1
1 4 98
2 53 4
1 4 98
2 53 1
1 4 98
2 53 4
1 4 98
2 53 1
1 4 98
2 53 4
1 4 98
2 53 1
1 4 98
2 53 4
1 4 98
2 53 1
1 4 98
2 53 4
1 4 98
2 53 1
1 4 98
2 53 4
1 4 98
2 53 1
1 4 98
2 53 4
1 4 98
2 53 1
1 4 98
2 53 4
1 4 98
2 53 1
1 4 98
2 53 4
1 4 98
2 53 1
1 4 98
2 53 4
1 4 98
2 53 1
1 4 98
2 53 4
1 4 30
2 53 1
2 52 4
1 4 97
2 52 1
1 4 1
2 52 4
1 4 1
2 52 1
2 53 4
1 4 98
2 53 1
1 4 98
2 53 4
1 4 98
2 53 1
1 4 98
2 53 4
1 4 98
2 53 1
1 4 98
2 53 4
1 4 98
2 53 1
1 4 98
2 53 4
1 4 98
2 53 1
1 4 98
2 53 4
1 4 98
2 53 1
1 4 98
2 53 4
1 4 98
2 53 1
1 4 98
2 53 4
1 4 98
2 53 1
1 4 98
2 53 4
1 4 16
2 53 1
2 55 4
1 4 98
2 55 1
1 4 98
2 55 4
1 4 98
2 55 1
1 4 98
2 55 4
1 4 98
2 55 1
1 4 98
2 55 4
1 4 98
2 55 1
1 4 98
2 55 4
1 4 98
2 55 1
1 4 98
2 55 4
1 4 98
2 55 1
1 4 98
2 55 4
1 4 98
2 55 1
1 4 98
2 55 4
1 4 98
2 55 1
1 4 98
2 55 4
1 4 98
2 55 1
1 4 98
2 55 4
1 4 98
2 55 1
1 4 98
2 55 4
1 4 98
2 55 1
1 4 98
2 55 4
1 4 98
2 55 1
1 4 98
2 55 4
1 4 98
2 55 1
1 4 98
2 55 4
1 4 98
2 55 1
1 4 98
2 55 4
1 4 98
2 55 1
1 4 98
2 55 4
1 4 98
2 55 1
1 4 98
2 55 4
1 4 98
2 55 1
1 4 98
2 55 4
1 4 98
2 55 1
1 4 98
2 55 4
1 4 36
2 55 1
2 54 4
1 4 97
2 54 1
1 4 1
2 54 4
1 4 1
2 54 1
2 56 4
1 4 98
2 56 1
1 4 98
2 56 4
1 4 98
2 56 1
1 4 98
2 56 4
1 4 98
2 56 1
1 4 98
2 56 4
1 4 98
2 56 1
1 4 98
2 56 4
1 4 98
2 56 1
1 4 98
2 56 4
1 4 98
2 56 1
1 4 98
2 56 4
1 4 98
2 56 1
1 4 98
2 56 4
1 4 98
2 56 1
1 4 98
2 56 4
1 4 16
2 56 1
2 55 4
1 4 97
2 55 1
1 4 1
2 55 4
1 4 1
2 55 1
2 57 4
1 4 98
2 57 1
1 4 98
2 57 4
1 4 98
2 57 1
1 4 98
2 57 4
1 4 98
2 57 1
1 4 98
2 57 4
1 4 98
2 57 1
1 4 98
2 57 4
1 4 98
2 57 1
1 4 98
2 57 4
1 4 98
2 57 1
1 4 98
2 57 4
1 4 98
2 57 1
1 4 98
2 57 4
1 4 98
2 57 1
1 4 98
2 57 4
1 4 98
2 57 1
1 4 98
2 57 4
1 4 98
2 57 1
1 4 98
2 57 4
1 4 98
2 57 1
1 4 98
2 57 4
1 4 98
2 57 1
1 4 98
2 57 4
1 4 98
2 57 1
1 4 98
2 57 4
1 4 98
2 57 1
1 4 98
2 57 4
1 4 28
2 57 1
2 56 4
1 4 97
2 56 1
1 4 1
2 56 4
1 4 1
2 56 1
2 58 4
1 4 98
2 58 1
1 4 98
2 58 4
1 4 98
2 58 1
1 4 98
2 58 4
1 4 98
2 58 1
1 4 98
2 58 4
1 4 98
2 58 1
1 4 98
2 58 4
1 4 98
2 58 1
1 4 98
2 58 4
1 4 98
2 58 1
1 4 98
2 58 4
1 4 98
2 58 1
1 4 98
2 58 4
1 4 98
2 58 1
1 4 98
2 58 4
1 4 98
2 58 1
1 4 98
2 58 4
1 4 18
2 58 1
2 57 4
1 4 97
2 57 1
1 4 1
2 57 4
1 4 1
2 57 1
2 58 4
1 4 98
2 58 1
1 4 98
2 58 4
1 4 98
2 58 1
1 4 98
2 58 4
1 4 98
2 58 1
1 4 98
2 58 4
1 4 98
2 58 1
1 4 98
2 58 4
1 4 98
2 58 1
1 4 98
2 58 4
1 4 98
2 58 1
1 4 98
2 58 4
1 4 98
2 58 1
1 4 98
2 58 4
1 4 14
2 58 1
2 59 4
1 4 98
2 59 1
1 4 98
2 59 4
1 4 98
2 59 1
1 4 98
2 59 4
1 4 98
2 59 1
1 4 98
2 59 4
1 4 98
2 59 1
1 4 98
2 59 4
1 4 98
2 59 1
1 4 98
2 59 4
1 4 98
2 59 1
1 4 98
2 59 4
1 4 98
2 59 1
1 4 98
2 59 4
1 4 98
2 59 1
1 4 98
2 59 4
1 4 98
2 59 1
1 4 98
2 59 4
1 4 98
2 59 1
1 4 98
2 59 4
1 4 98
2 59 1
1 4 98
2 59 4
1 4 98
2 59 1
1 4 98
2 59 4
1 4 98
2 59 1
1 4 98
2 59 4
1 4 98
2 59 1
1 4 98
2 59 4
1 4 28
2 59 1
2 60 4
1 4 98
2 60 1
1 4 98
2 60 4
1 4 98
2 60 1
1 4 98
2 60 4
1 4 98
2 60 1
1 4 98
2 60 4
1 4 98
2 60 1
1 4 98
2 60 4
1 4 98
2 60 1
1 4 98
2 60 4
1 4 98
2 60 1
1 4 98
2 60 4
1 4 98
2 60 1
1 4 98
2 60 4
1 4 98
2 60 1
1 4 98
2 60 4
1 4 98
2 60 1
1 4 98
2 60 4
1 4 98
2 60 1
1 4 98
2 60 4
1 4 98
2 60 1
1 4 98
2 60 4
1 4 98
2 60 1
1 4 98
2 60 4
1 4 98
2 60 1
1 4 98
2 60 4
1 4 98
2 60 1
1 4 98
2 60 4
1 4 28
2 60 1
2 62 4
1 4 98
2 62 1
1 4 98
2 62 4
1 4 98
2 62 1
1 4 98
2 62 4
1 4 98
2 62 1
1 4 98
2 62 4
1 4 98
2 62 1
1 4 98
2 62 4
1 4 98
2 62 1
1 4 98
2 62 4
1 4 98
2 62 1
1 4 98
2 62 4
1 4 98
2 62 1
1 4 98
2 62 4
1 4 98
2 62 1
1 4 98
2 62 4
1 4 16
2 62 1
2 61 4
1 4 97
2 61 1
1 4 1
2 61 4
1 4 1
2 61 1
2 62 4
1 4 98
2 62 1
1 4 98
2 62 4
1 4 98
2 62 1
1 4 98
2 62 4
1 4 98
2 62 1
1 4 98
2 62 4
1 4 98
2 62 1
1 4 98
2 62 4
1 4 98
2 62 1
1 4 98
2 62 4
1 4 98
2 62 1
1 4 98
2 62 4
1 4 98
2 62 1
1 4 98
2 62 4
1 4 14
2 62 1
2 63 4
1 4 98
2 63 1
1 4 98
2 63 4
1 4 98
2 63 1
1 4 98
2 63 4
1 4 98
2 63 1
1 4 98
2 63 4
1 4 98
2 63 1
1 4 98
2 63 4
1 4 98
2 63 1
1 4 98
2 63 4
1 4 98
2 63 1
1 4 98
2 63 4
1 4 98
2 63 1
1 4 98
2 63 4
1 4 98
2 63 1
1 4 98
2 63 4
1 4 98
2 63 1
1 4 98
2 63 4
1 4 98
2 63 1
1 4 98
2 63 4
1 4 98
2 63 1
1 4 98
2 63 4
1 4 98
2 63 1
1 4 98
2 63 4
1 4 98
2 63 1
1 4 98
2 63 4
1 4 98
2 63 1
1 4 98
2 63 4
1 4 98
2 63 1
1 4 98
2 63 4
1 4 30
2 63 1
2 64 4
1 4 98
2 64 1
1 4 98
2 64 4
1 4 98
2 64 1
1 4 98
2 64 4
1 4 4
2 64 1
2 65 4
1 4 98
2 65 1
1 4 98
2 65 4
1 4 98
2 65 1
1 4 98
2 65 4
1 4 98
2 65 1
1 4 98
2 65 4
1 4 98
2 65 1
1 4 98
2 65 4
1 4 98
2 65 1
1 4 98
2 65 4
1 4 98
2 65 1
1 4 98
2 65 4
1 4 98
2 65 1
1 4 98
2 65 4
1 4 98
2 65 1
1 4 98
2 65 4
1 4 98
2 65 1
1 4 98
2 65 4
1 4 98
2 65 1
1 4 98
2 65 4
1 4 98
2 65 1
1 4 98
2 65 4
1 4 98
2 65 1
1 4 98
2 65 4
1 4 24
2 65 1
2 67 4
1 4 98
2 67 1
1 4 98
2 67 4
1 4 98
2 67 1
1 4 98
2 67 4
1 4 4
2 67 1
2 66 4
1 4 97
2 66 1
1 4 1
2 66 4
1 4 1
2 66 1
2 67 4
1 4 98
2 67 1
1 4 98
2 67 4
1 4 98
2 67 1
1 4 98
2 67 4
1 4 98
2 67 1
1 4 98
2 67 4
1 4 6
2 67 1
2 68 4
1 4 98
2 68 1
1 4 98
2 68 4
1 4 2
2 68 1
2 70 4
1 4 98
2 70 1
1 4 98
2 70 4
1 4 2
2 70 1
2 69 4
1 4 97
2 69 1
1 4 1
2 69 4
1 4 1
2 69 1
2 71 4
1 4 98
2 71 1
1 4 98
2 71 4
1 4 98
2 71 1
1 4 98
2 71 4
1 4 98
2 71 1
1 4 98
2 71 4
1 4 98
2 71 1
1 4 98
2 71 4
1 4 98
2 71 1
1 4 98
2 71 4
1 4 98
2 71 1
1 4 98
2 71 4
1 4 98
2 71 1
1 4 98
2 71 4
1 4 98
2 71 1
1 4 98
2 71 4
1 4 98
2 71 1
1 4 98
2 71 4
1 4 98
2 71 1
1 4 98
2 71 4
1 4 98
2 71 1
1 4 98
2 71 4
1 4 22
2 71 1
2 70 4
1 4 97
2 70 1
1 4 1
2 70 4
1 4 1
2 70 1
2 71 4
1 4 98
2 71 1
1 4 98
2 71 4
1 4 98
2 71 1
1 4 98
2 71 4
1 4 98
2 71 1
1 4 98
2 71 4
1 4 98
2 71 1
1 4 98
2 71 4
1 4 8
2 71 1
2 73 4
1 4 0
2 73 1
2 72 4
1 4 97
2 72 1
1 4 1
2 72 4
1 4 1
2 72 1
2 73 4
1 4 98
2 73 1
1 4 98
2 73 4
1 4 98
2 73 1
1 4 98
2 73 4
1 4 98
2 73 1
1 4 98
2 73 4
1 4 98
2 73 1
1 4 98
2 73 4
1 4 98
2 73 1
1 4 98
2 73 4
1 4 98
2 73 1
1 4 98
2 73 4
1 4 98
2 73 1
1 4 98
2 73 4
1 4 98
2 73 1
1 4 98
2 73 4
1 4 98
2 73 1
1 4 98
2 73 4
1 4 98
2 73 1
1 4 98
2 73 4
1 4 20
2 73 1
2 74 4
1 4 98
2 74 1
1 4 98
2 74 4
1 4 98
2 74 1
1 4 98
2 74 4
1 4 98
2 74 1
1 4 98
2 74 4
1 4 98
2 74 1
1 4 98
2 74 4
1 4 98
2 74 1
1 4 98
2 74 4
1 4 10
2 74 1
2 76 4
1 4 0
2 76 1
2 75 4
1 4 97
2 75 1
1 4 1
2 75 4
1 4 1
2 75 1
2 76 4
1 4 98
2 76 1
1 4 98
2 76 4
1 4 98
2 76 1
1 4 98
2 76 4
1 4 98
2 76 1
1 4 98
2 76 4
1 4 98
2 76 1
1 4 98
2 76 4
1 4 98
2 76 1
1 4 98
2 76 4
1 4 98
2 76 1
1 4 98
2 76 4
1 4 98
2 76 1
1 4 98
2 76 4
1 4 98
2 76 1
1 4 98
2 76 4
1 4 98
2 76 1
1 4 98
2 76 4
1 4 18
2 76 1
2 77 4
1 4 98
2 77 1
1 4 98
2 77 4
1 4 98
2 77 1
1 4 98
2 77 4
1 4 98
2 77 1
1 4 98
2 77 4
1 4 98
2 77 1
1 4 98
2 77 4
1 4 98
2 77 1
1 4 98
2 77 4
1 4 98
2 77 1
1 4 98
2 77 4
1 4 98
2 77 1
1 4 98
2 77 4
1 4 14
2 77 1
2 79 4
1 4 98
2 79 1
1 4 98
2 79 4
1 4 98
2 79 1
1 4 98
2 79 4
1 4 98
2 79 1
1 4 98
2 79 4
1 4 98
2 79 1
1 4 98
2 79 4
1 4 98
2 79 1
1 4 98
2 79 4
1 4 98
2 79 1
1 4 98
2 79 4
1 4 98
2 79 1
1 4 98
2 79 4
1 4 14
2 79 1
2 78 4
1 4 97
2 78 1
1 4 1
2 78 4
1 4 1
2 78 1
2 80 4
1 4 0
2 80 1
2 79 4
1 4 97
2 79 1
1 4 1
2 79 4
1 4 1
2 79 1
2 80 4
1 4 98
2 80 1
1 4 98
2 80 4
1 4 98
2 80 1
1 4 98
2 80 4
1 4 98
2 80 1
1 4 98
2 80 4
1 4 98
2 80 1
1 4 98
2 80 4
1 4 98
2 80 1
1 4 98
2 80 4
1 4 98
2 80 1
1 4 98
2 80 4
1 4 12
2 80 1
2 82 4
1 4 98
2 82 1
1 4 98
2 82 4
1 4 98
2 82 1
1 4 98
2 82 4
1 4 4
2 82 1
2 81 4
1 4 97
2 81 1
1 4 1
2 81 4
1 4 1
2 81 1
2 83 4
1 4 98
2 83 1
1 4 98
2 83 4
1 4 98
2 83 1
1 4 98
2 83 4
1 4 98
2 83 1
1 4 98
2 83 4
1 4 98
2 83 1
1 4 98
2 83 4
1 4 98
2 83 1
1 4 98
2 83 4
1 4 98
2 83 1
1 4 98
2 83 4
1 4 98
2 83 1
1 4 98
2 83 4
1 4 14
2 83 1
2 82 4
1 4 97
2 82 1
1 4 1
2 82 4
1 4 1
2 82 1
2 83 4
1 4 98
2 83 1
1 4 98
2 83 4
1 4 2
2 83 1
2 84 4
1 4 98
2 84 1
1 4 98
2 84 4
1 4 98
2 84 1
1 4 98
2 84 4
1 4 98
2 84 1
1 4 98
2 84 4
1 4 6
2 84 1
2 87 4
1 4 98
2 87 1
1 4 98
2 87 4
1 4 98
2 87 1
1 4 98
2 87 4
1 4 4
2 87 1
2 86 4
1 4 97
2 86 1
1 4 1
2 86 4
1 4 1
2 86 1
2 88 4
1 4 98
2 88 1
1 4 98
2 88 4
1 4 2
2 88 1
2 87 4
1 4 97
2 87 1
1 4 1
2 87 4
1 4 1
2 87 1
2 89 4
1 4 0
2 89 1
2 88 4
1 4 97
2 88 1
1 4 1
2 88 4
1 4 1
2 88 1
2 90 4
1 4 98
2 90 1
1 4 98
2 90 4
1 4 98
2 90 1
1 4 98
2 90 4
1 4 98
2 90 1
1 4 98
2 90 4
1 4 6
2 90 1
2 89 4
1 4 97
2 89 1
1 4 1
2 89 4
1 4 1
2 89 1
2 90 4
1 4 98
2 90 1
1 4 98
2 90 4
1 4 98
2 90 1
1 4 98
2 90 4
1 4 98
2 90 1
1 4 98
2 90 4
1 4 6
2 90 1
2 91 4
1 4 98
2 91 1
1 4 98
2 91 4
1 4 2
2 91 1
2 94 4
1 4 98
2 94 1
1 4 98
2 94 4
1 4 2
2 94 1
2 93 4
1 4 97
2 93 1
1 4 1
2 93 4
1 4 1
2 93 1
2 94 4
1 4 98
2 94 1
1 4 98
2 94 4
1 4 2
2 94 1
2 96 4
1 4 0
2 96 1
2 95 4
1 4 97
2 95 1
1 4 1
2 95 4
1 4 1
2 95 1
2 96 4
1 4 98
2 96 1
1 4 98
2 96 4
1 4 2
2 96 1
