5809
1 3 82
2 0 1
2 41 1
1 1 60
2 1 3
1 2 17
2 2 2
1 3 79
2 3 1
2 28 1
1 1 76
2 4 3
2 93 1
1 1 12
2 5 3
2 96 1
1 1 10
2 6 3
1 2 6
2 7 2
1 2 28
2 8 2
2 75 1
1 1 34
2 9 3
2 22 1
1 1 88
2 10 3
1 3 70
2 11 1
1 1 80
2 12 3
2 14 1
1 1 99
2 13 3
1 2 47
2 14 2
2 19 1
1 1 96
2 15 3
1 1 55
2 16 3
1 2 5
2 17 2
1 3 82
2 18 1
1 1 29
2 19 3
1 3 92
2 20 1
2 90 1
1 1 31
2 21 3
1 2 53
2 22 2
1 1 3
2 23 3
1 3 13
2 24 1
1 1 80
2 25 3
1 3 15
2 26 1
2 62 1
1 1 65
2 27 3
1 3 53
2 28 1
1 2 51
2 29 2
1 2 34
2 31 2
1 3 2
2 32 1
1 3 96
2 33 1
1 3 31
2 34 1
2 46 1
1 1 89
2 35 3
1 1 14
2 36 3
1 1 32
2 37 3
1 1 50
2 38 3
1 1 51
2 39 3
1 1 25
2 40 3
1 2 2
2 41 2
2 98 1
1 1 44
2 42 3
2 57 1
1 1 86
2 43 3
1 3 77
2 44 1
1 3 92
2 45 1
1 1 85
2 46 3
1 3 67
2 47 1
1 3 22
2 48 1
2 65 1
1 1 84
2 49 3
1 1 13
2 50 3
1 2 81
2 51 2
2 72 1
1 1 80
2 52 3
1 3 5
2 53 1
1 2 5
2 54 2
1 2 30
2 55 2
1 2 6
2 56 2
1 3 94
2 57 1
1 2 5
2 58 2
2 87 1
1 1 72
2 59 3
1 2 19
2 60 2
1 1 41
2 61 3
1 3 24
2 62 1
1 1 49
2 63 3
1 1 5
2 64 3
1 2 24
2 65 2
1 2 1
2 66 2
1 2 1
2 67 2
1 2 17
2 68 2
1 3 17
2 69 1
1 3 31
2 70 1
2 83 1
1 1 88
2 71 3
1 3 30
2 72 1
1 1 32
2 73 3
1 1 14
2 74 3
1 3 97
2 75 1
1 1 33
2 76 3
2 96 1
1 1 81
2 77 3
1 1 34
2 78 3
1 2 1
2 79 2
1 1 90
2 80 3
1 1 49
2 81 3
1 2 50
2 82 2
1 1 42
2 83 3
1 1 30
2 84 3
1 1 27
2 85 3
1 2 60
2 86 2
1 2 13
2 87 2
1 1 71
2 88 3
2 93 1
1 1 96
2 89 3
1 3 52
2 90 1
1 2 41
2 91 2
1 1 74
2 92 3
1 2 8
2 93 2
1 1 66
2 94 3
1 3 43
2 95 1
1 1 38
2 96 3
1 2 92
2 97 2
1 3 65
2 98 1
1 1 75
2 99 3
1 1 40
2 0 3
1 1 60
2 0 1
2 1 1
1 2 16
2 1 3
2 2 2
1 3 11
2 2 2
2 3 1
1 2 36
2 3 3
2 4 1
1 2 14
2 4 3
2 5 1
1 2 64
2 5 3
2 6 2
1 3 53
2 6 2
2 7 2
1 3 2
2 7 2
2 8 2
1 3 59
2 8 2
1 1 49
2 9 3
1 1 51
2 9 1
1 1 92
2 10 3
1 1 8
2 10 1
2 11 1
1 2 84
2 11 3
1 1 96
2 12 3
1 1 4
2 12 1
2 13 1
1 2 48
2 13 3
2 14 2
1 3 24
2 14 2
1 1 77
2 15 3
1 1 23
2 15 1
2 16 2
1 3 41
2 16 2
2 17 1
1 2 89
2 17 3
2 18 1
1 2 82
2 18 3
1 1 30
2 19 3
1 1 70
2 19 1
2 20 1
1 2 83
2 20 3
2 21 1
1 2 41
2 21 3
1 1 35
2 22 3
1 1 65
2 22 1
1 1 86
2 23 3
1 1 14
2 23 1
1 1 33
2 24 3
1 1 67
2 24 1
2 25 1
1 2 98
2 25 3
1 1 78
2 26 3
1 1 22
2 26 1
2 27 1
1 2 56
2 27 3
2 28 1
1 2 25
2 28 3
2 29 1
1 2 77
2 29 3
2 30 2
1 3 39
2 30 2
2 31 2
1 3 51
2 31 2
2 32 2
1 3 84
2 32 2
2 33 1
1 2 85
2 33 3
1 1 89
2 34 3
1 1 11
2 34 1
2 35 2
1 3 17
2 35 2
2 36 1
1 2 93
2 36 3
2 37 1
1 2 75
2 37 3
2 38 1
1 2 69
2 38 3
1 1 80
2 39 3
1 1 20
2 39 1
2 40 2
1 3 44
2 40 2
2 41 2
1 3 90
2 41 2
1 1 52
2 42 3
1 1 48
2 42 1
2 43 2
1 3 88
2 43 2
2 44 2
1 3 41
2 44 2
2 45 2
1 3 79
2 45 2
2 46 1
1 2 89
2 46 3
2 47 2
1 3 50
2 47 2
2 48 2
1 3 20
2 48 2
2 49 1
1 2 9
2 49 3
1 2 99
2 50 1
1 2 1
2 50 3
1 1 81
2 51 3
1 1 19
2 51 1
2 52 1
1 2 58
2 52 3
2 53 1
1 2 69
2 53 3
2 54 2
1 3 96
2 54 2
2 55 2
1 3 22
2 55 2
2 56 1
1 2 4
2 56 3
2 57 2
1 3 7
2 57 2
2 58 1
1 2 64
2 58 3
2 59 2
1 3 40
2 59 2
2 60 2
1 3 33
2 60 2
2 61 2
1 3 1
2 61 2
2 62 1
1 2 44
2 62 3
2 63 1
1 2 79
2 63 3
2 64 2
1 3 80
2 64 2
2 65 1
1 2 24
2 65 3
2 66 1
1 2 51
2 66 3
2 67 2
1 3 30
2 67 2
2 68 1
1 2 94
2 68 3
2 69 2
1 3 26
2 69 2
2 70 2
1 3 53
2 70 2
2 71 1
1 2 44
2 71 3
2 72 2
1 3 95
2 72 2
2 73 2
1 3 81
2 73 2
2 74 1
1 2 62
2 74 3
2 75 2
1 3 69
2 75 2
2 76 2
1 3 3
2 76 2
2 77 1
1 2 55
2 77 3
2 78 1
1 2 56
2 78 3
2 79 1
1 2 2
2 79 3
2 80 2
1 3 94
2 80 2
2 81 2
1 3 63
2 81 2
2 82 2
1 3 25
2 82 2
2 83 1
1 2 54
2 83 3
2 84 2
1 3 96
2 84 2
2 85 2
1 3 5
2 85 2
2 86 2
1 3 2
2 86 2
2 87 1
1 2 35
2 87 3
2 88 2
1 3 74
2 88 2
2 89 1
1 2 76
2 89 3
2 90 2
1 3 29
2 90 2
2 91 1
1 2 75
2 91 3
2 92 1
1 2 36
2 92 3
2 93 2
1 3 86
2 93 2
2 94 1
1 2 7
2 94 3
2 95 1
1 2 26
2 95 3
2 96 1
1 2 21
2 96 3
2 97 1
1 2 44
2 97 3
2 98 2
1 3 64
2 98 2
2 99 1
1 2 81
2 99 3
1 2 66
2 0 3
1 2 34
2 0 1
2 1 1
1 3 24
2 1 3
2 2 1
1 3 3
2 2 3
1 2 11
2 3 3
1 2 89
2 3 1
1 2 83
2 4 3
1 2 17
2 4 1
2 5 1
1 3 10
2 5 3
2 6 1
1 3 7
2 6 3
1 2 60
2 7 3
1 2 40
2 7 1
2 8 1
1 3 33
2 8 3
2 9 1
1 3 99
2 9 3
2 10 1
1 3 39
2 10 3
2 11 1
1 3 48
2 11 3
1 2 64
2 12 3
1 2 36
2 12 1
2 13 1
1 3 66
2 13 3
2 14 1
1 3 34
2 14 3
2 15 1
1 3 16
2 15 3
1 2 69
2 16 3
1 2 31
2 16 1
2 17 1
1 3 57
2 17 3
1 2 82
2 18 3
1 2 18
2 18 1
2 19 1
1 3 56
2 19 3
1 2 47
2 20 3
1 2 53
2 20 1
1 2 82
2 21 3
1 2 18
2 21 1
1 2 95
2 22 3
1 2 5
2 22 1
1 2 28
2 23 3
1 2 72
2 23 1
2 24 1
1 3 40
2 24 3
1 2 98
2 25 3
1 2 2
2 25 1
1 2 67
2 26 3
1 2 33
2 26 1
2 27 1
1 3 60
2 27 3
2 28 1
1 3 33
2 28 3
2 29 1
1 3 73
2 29 3
1 2 74
2 30 3
1 2 26
2 30 1
2 31 1
1 3 96
2 31 3
2 32 1
1 3 59
2 32 3
1 3 99
2 33 1
1 3 1
2 33 3
2 34 1
1 3 79
2 34 3
1 2 45
2 35 3
1 2 55
2 35 1
2 36 1
1 3 64
2 36 3
1 2 47
2 37 3
1 2 53
2 37 1
2 38 1
1 3 74
2 38 3
1 2 43
2 39 3
1 2 57
2 39 1
1 2 55
2 40 3
1 2 45
2 40 1
1 2 44
2 41 3
1 2 56
2 41 1
1 2 65
2 42 3
1 2 35
2 42 1
2 43 1
1 3 31
2 43 3
1 2 88
2 44 3
1 2 12
2 44 1
2 45 1
1 3 61
2 45 3
2 46 1
1 3 3
2 46 3
1 2 68
2 47 3
1 2 32
2 47 1
2 48 1
1 3 63
2 48 3
1 2 96
2 49 3
1 2 4
2 49 1
1 2 97
2 50 3
1 2 3
2 50 1
1 2 61
2 51 3
1 2 39
2 51 1
2 52 1
1 3 57
2 52 3
2 53 1
1 3 36
2 53 3
2 54 1
1 3 21
2 54 3
2 55 1
1 3 81
2 55 3
2 56 1
1 3 13
2 56 3
2 57 1
1 3 72
2 57 3
2 58 1
1 3 21
2 58 3
1 2 98
2 59 3
1 2 2
2 59 1
2 60 1
1 3 36
2 60 3
2 61 1
1 3 26
2 61 3
1 2 85
2 62 3
1 2 15
2 62 1
1 2 92
2 63 3
1 2 8
2 63 1
2 64 1
1 3 67
2 64 3
1 2 99
2 65 3
1 2 1
2 65 1
2 66 1
1 3 32
2 66 3
2 67 1
1 3 13
2 67 3
2 68 1
1 3 32
2 68 3
1 2 81
2 69 3
1 2 19
2 69 1
2 70 1
1 3 25
2 70 3
2 71 1
1 3 91
2 71 3
2 72 1
1 3 92
2 72 3
2 73 1
1 3 21
2 73 3
2 74 1
1 3 27
2 74 3
1 2 88
2 75 3
1 2 12
2 75 1
2 76 1
1 3 35
2 76 3
2 77 1
1 3 86
2 77 3
2 78 1
1 3 99
2 78 3
2 79 1
1 3 28
2 79 3
2 80 1
1 3 80
2 80 3
2 81 1
1 3 9
2 81 3
2 82 1
1 3 93
2 82 3
2 83 1
1 3 8
2 83 3
1 2 99
2 84 3
1 2 1
2 84 1
2 85 1
1 3 76
2 85 3
2 86 1
1 3 43
2 86 3
2 87 1
1 3 42
2 87 3
2 88 1
1 3 78
2 88 3
2 89 1
1 3 61
2 89 3
2 90 1
1 3 4
2 90 3
2 91 1
1 3 48
2 91 3
2 92 1
1 3 54
2 92 3
2 93 1
1 3 80
2 93 3
2 94 1
1 3 36
2 94 3
2 95 1
1 3 48
2 95 3
2 96 1
1 3 16
2 96 3
2 97 1
1 3 40
2 97 3
2 98 1
1 3 95
2 98 3
2 99 1
1 3 78
2 99 3
1 3 49
2 1 3
1 3 99
2 1 1
1 3 99
2 1 3
1 3 99
2 1 1
1 3 99
2 1 3
1 3 99
2 1 1
1 3 99
2 1 3
1 3 99
2 1 1
1 3 99
2 1 3
1 3 99
2 1 1
1 3 99
2 1 3
1 3 99
2 1 1
1 3 99
2 1 3
1 3 99
2 1 1
1 3 99
2 1 3
1 3 99
2 1 1
1 3 99
2 1 3
1 3 16
2 1 1
2 3 3
1 3 0
2 3 1
2 2 3
1 3 98
2 2 1
1 3 1
2 2 3
1 3 1
2 2 1
2 3 3
1 3 99
2 3 1
1 3 99
2 3 3
1 3 99
2 3 1
1 3 99
2 3 3
1 3 99
2 3 1
1 3 99
2 3 3
1 3 99
2 3 1
1 3 99
2 3 3
1 3 99
2 3 1
1 3 99
2 3 3
1 3 99
2 3 1
1 3 99
2 3 3
1 3 99
2 3 1
1 3 99
2 3 3
1 3 99
2 3 1
1 3 99
2 3 3
1 3 99
2 3 1
1 3 99
2 3 3
1 3 99
2 3 1
1 3 99
2 3 3
1 3 99
2 3 1
1 3 99
2 3 3
1 3 99
2 3 1
1 3 99
2 3 3
1 3 99
2 3 1
1 3 99
2 3 3
1 3 99
2 3 1
1 3 99
2 3 3
1 3 99
2 3 1
1 3 99
2 3 3
1 3 99
2 3 1
1 3 99
2 3 3
1 3 99
2 3 1
1 3 99
2 3 3
1 3 99
2 3 1
1 3 99
2 3 3
1 3 99
2 3 1
1 3 99
2 3 3
1 3 99
2 3 1
1 3 99
2 3 3
1 3 99
2 3 1
1 3 99
2 3 3
1 3 99
2 3 1
1 3 99
2 3 3
1 3 99
2 3 1
1 3 99
2 3 3
1 3 99
2 3 1
1 3 99
2 3 3
1 3 99
2 3 1
1 3 99
2 3 3
1 3 99
2 3 1
1 3 99
2 3 3
1 3 99
2 3 1
1 3 99
2 3 3
1 3 99
2 3 1
1 3 99
2 3 3
1 3 99
2 3 1
1 3 99
2 3 3
1 3 99
2 3 1
1 3 99
2 3 3
1 3 99
2 3 1
1 3 99
2 3 3
1 3 99
2 3 1
1 3 99
2 3 3
1 3 99
2 3 1
1 3 99
2 3 3
1 3 99
2 3 1
1 3 99
2 3 3
1 3 99
2 3 1
1 3 99
2 3 3
1 3 99
2 3 1
1 3 99
2 3 3
1 3 99
2 3 1
1 3 99
2 3 3
1 3 99
2 3 1
1 3 99
2 3 3
1 3 99
2 3 1
1 3 99
2 3 3
1 3 78
2 3 1
2 4 3
1 3 99
2 4 1
1 3 99
2 4 3
1 3 99
2 4 1
1 3 99
2 4 3
1 3 99
2 4 1
1 3 99
2 4 3
1 3 99
2 4 1
1 3 99
2 4 3
1 3 99
2 4 1
1 3 99
2 4 3
1 3 99
2 4 1
1 3 99
2 4 3
1 3 99
2 4 1
1 3 99
2 4 3
1 3 99
2 4 1
1 3 99
2 4 3
1 3 99
2 4 1
1 3 99
2 4 3
1 3 99
2 4 1
1 3 99
2 4 3
1 3 99
2 4 1
1 3 99
2 4 3
1 3 99
2 4 1
1 3 99
2 4 3
1 3 99
2 4 1
1 3 99
2 4 3
1 3 99
2 4 1
1 3 99
2 4 3
1 3 99
2 4 1
1 3 99
2 4 3
1 3 99
2 4 1
1 3 99
2 4 3
1 3 99
2 4 1
1 3 99
2 4 3
1 3 99
2 4 1
1 3 99
2 4 3
1 3 99
2 4 1
1 3 99
2 4 3
1 3 99
2 4 1
1 3 99
2 4 3
1 3 40
2 4 1
2 5 3
1 3 99
2 5 1
1 3 99
2 5 3
1 3 99
2 5 1
1 3 99
2 5 3
1 3 99
2 5 1
1 3 99
2 5 3
1 3 99
2 5 1
1 3 99
2 5 3
1 3 99
2 5 1
1 3 99
2 5 3
1 3 99
2 5 1
1 3 99
2 5 3
1 3 99
2 5 1
1 3 99
2 5 3
1 3 99
2 5 1
1 3 99
2 5 3
1 3 99
2 5 1
1 3 99
2 5 3
1 3 99
2 5 1
1 3 99
2 5 3
1 3 99
2 5 1
1 3 99
2 5 3
1 3 99
2 5 1
1 3 99
2 5 3
1 3 99
2 5 1
1 3 99
2 5 3
1 3 99
2 5 1
1 3 99
2 5 3
1 3 99
2 5 1
1 3 99
2 5 3
1 3 99
2 5 1
1 3 99
2 5 3
1 3 99
2 5 1
1 3 99
2 5 3
1 3 99
2 5 1
1 3 99
2 5 3
1 3 99
2 5 1
1 3 99
2 5 3
1 3 99
2 5 1
1 3 99
2 5 3
1 3 99
2 5 1
1 3 99
2 5 3
1 3 99
2 5 1
1 3 99
2 5 3
1 3 99
2 5 1
1 3 99
2 5 3
1 3 99
2 5 1
1 3 99
2 5 3
1 3 99
2 5 1
1 3 99
2 5 3
1 3 99
2 5 1
1 3 99
2 5 3
1 3 99
2 5 1
1 3 99
2 5 3
1 3 99
2 5 1
1 3 99
2 5 3
1 3 99
2 5 1
1 3 99
2 5 3
1 3 58
2 5 1
2 7 3
1 3 99
2 7 1
1 3 99
2 7 3
1 3 99
2 7 1
1 3 99
2 7 3
1 3 99
2 7 1
1 3 99
2 7 3
1 3 99
2 7 1
1 3 99
2 7 3
1 3 99
2 7 1
1 3 99
2 7 3
1 3 99
2 7 1
1 3 99
2 7 3
1 3 99
2 7 1
1 3 99
2 7 3
1 3 99
2 7 1
1 3 99
2 7 3
1 3 99
2 7 1
1 3 99
2 7 3
1 3 99
2 7 1
1 3 99
2 7 3
1 3 99
2 7 1
1 3 99
2 7 3
1 3 99
2 7 1
1 3 99
2 7 3
1 3 99
2 7 1
1 3 99
2 7 3
1 3 99
2 7 1
1 3 99
2 7 3
1 3 99
2 7 1
1 3 99
2 7 3
1 3 99
2 7 1
1 3 99
2 7 3
1 3 99
2 7 1
1 3 99
2 7 3
1 3 99
2 7 1
1 3 99
2 7 3
1 3 99
2 7 1
1 3 99
2 7 3
1 3 99
2 7 1
1 3 99
2 7 3
1 3 40
2 7 1
2 6 3
1 3 98
2 6 1
1 3 1
2 6 3
1 3 1
2 6 1
2 8 3
1 3 99
2 8 1
1 3 99
2 8 3
1 3 99
2 8 1
1 3 99
2 8 3
1 3 99
2 8 1
1 3 99
2 8 3
1 3 99
2 8 1
1 3 99
2 8 3
1 3 99
2 8 1
1 3 99
2 8 3
1 3 99
2 8 1
1 3 99
2 8 3
1 3 99
2 8 1
1 3 99
2 8 3
1 3 99
2 8 1
1 3 99
2 8 3
1 3 99
2 8 1
1 3 99
2 8 3
1 3 99
2 8 1
1 3 99
2 8 3
1 3 99
2 8 1
1 3 99
2 8 3
1 3 99
2 8 1
1 3 99
2 8 3
1 3 99
2 8 1
1 3 99
2 8 3
1 3 99
2 8 1
1 3 99
2 8 3
1 3 99
2 8 1
1 3 99
2 8 3
1 3 99
2 8 1
1 3 99
2 8 3
1 3 99
2 8 1
1 3 99
2 8 3
1 3 99
2 8 1
1 3 99
2 8 3
1 3 99
2 8 1
1 3 99
2 8 3
1 3 99
2 8 1
1 3 99
2 8 3
1 3 99
2 8 1
1 3 99
2 8 3
1 3 99
2 8 1
1 3 99
2 8 3
1 3 99
2 8 1
1 3 99
2 8 3
1 3 99
2 8 1
1 3 99
2 8 3
1 3 99
2 8 1
1 3 99
2 8 3
1 3 99
2 8 1
1 3 99
2 8 3
1 3 99
2 8 1
1 3 99
2 8 3
1 3 99
2 8 1
1 3 99
2 8 3
1 3 99
2 8 1
1 3 99
2 8 3
1 3 99
2 8 1
1 3 99
2 8 3
1 3 99
2 8 1
1 3 99
2 8 3
1 3 99
2 8 1
1 3 99
2 8 3
1 3 99
2 8 1
1 3 99
2 8 3
1 3 99
2 8 1
1 3 99
2 8 3
1 3 99
2 8 1
1 3 99
2 8 3
1 3 99
2 8 1
1 3 99
2 8 3
1 3 99
2 8 1
1 3 99
2 8 3
1 3 99
2 8 1
1 3 99
2 8 3
1 3 76
2 8 1
2 7 3
1 3 98
2 7 1
1 3 1
2 7 3
1 3 1
2 7 1
2 8 3
1 3 99
2 8 1
1 3 99
2 8 3
1 3 99
2 8 1
1 3 99
2 8 3
1 3 99
2 8 1
1 3 99
2 8 3
1 3 99
2 8 1
1 3 99
2 8 3
1 3 99
2 8 1
1 3 99
2 8 3
1 3 99
2 8 1
1 3 99
2 8 3
1 3 99
2 8 1
1 3 99
2 8 3
1 3 99
2 8 1
1 3 99
2 8 3
1 3 99
2 8 1
1 3 99
2 8 3
1 3 99
2 8 1
1 3 99
2 8 3
1 3 99
2 8 1
1 3 99
2 8 3
1 3 99
2 8 1
1 3 99
2 8 3
1 3 99
2 8 1
1 3 99
2 8 3
1 3 99
2 8 1
1 3 99
2 8 3
1 3 99
2 8 1
1 3 99
2 8 3
1 3 99
2 8 1
1 3 99
2 8 3
1 3 99
2 8 1
1 3 99
2 8 3
1 3 99
2 8 1
1 3 99
2 8 3
1 3 99
2 8 1
1 3 99
2 8 3
1 3 99
2 8 1
1 3 99
2 8 3
1 3 99
2 8 1
1 3 99
2 8 3
1 3 99
2 8 1
1 3 99
2 8 3
1 3 99
2 8 1
1 3 99
2 8 3
1 3 99
2 8 1
1 3 99
2 8 3
1 3 99
2 8 1
1 3 99
2 8 3
1 3 99
2 8 1
1 3 99
2 8 3
1 3 99
2 8 1
1 3 99
2 8 3
1 3 99
2 8 1
1 3 99
2 8 3
1 3 99
2 8 1
1 3 99
2 8 3
1 3 99
2 8 1
1 3 99
2 8 3
1 3 99
2 8 1
1 3 99
2 8 3
1 3 99
2 8 1
1 3 99
2 8 3
1 3 99
2 8 1
1 3 99
2 8 3
1 3 99
2 8 1
1 3 99
2 8 3
1 3 99
2 8 1
1 3 99
2 8 3
1 3 99
2 8 1
1 3 99
2 8 3
1 3 99
2 8 1
1 3 99
2 8 3
1 3 99
2 8 1
1 3 99
2 8 3
1 3 99
2 8 1
1 3 99
2 8 3
1 3 99
2 8 1
1 3 99
2 8 3
1 3 99
2 8 1
1 3 99
2 8 3
1 3 99
2 8 1
1 3 99
2 8 3
1 3 84
2 8 1
2 10 3
1 3 99
2 10 1
1 3 99
2 10 3
1 3 99
2 10 1
1 3 99
2 10 3
1 3 99
2 10 1
1 3 99
2 10 3
1 3 99
2 10 1
1 3 99
2 10 3
1 3 99
2 10 1
1 3 99
2 10 3
1 3 99
2 10 1
1 3 99
2 10 3
1 3 99
2 10 1
1 3 99
2 10 3
1 3 99
2 10 1
1 3 99
2 10 3
1 3 99
2 10 1
1 3 99
2 10 3
1 3 99
2 10 1
1 3 99
2 10 3
1 3 99
2 10 1
1 3 99
2 10 3
1 3 99
2 10 1
1 3 99
2 10 3
1 3 99
2 10 1
1 3 99
2 10 3
1 3 99
2 10 1
1 3 99
2 10 3
1 3 99
2 10 1
1 3 99
2 10 3
1 3 99
2 10 1
1 3 99
2 10 3
1 3 32
2 10 1
2 9 3
1 3 98
2 9 1
1 3 1
2 9 3
1 3 1
2 9 1
2 11 3
1 3 99
2 11 1
1 3 99
2 11 3
1 3 99
2 11 1
1 3 99
2 11 3
1 3 99
2 11 1
1 3 99
2 11 3
1 3 99
2 11 1
1 3 99
2 11 3
1 3 99
2 11 1
1 3 99
2 11 3
1 3 99
2 11 1
1 3 99
2 11 3
1 3 99
2 11 1
1 3 99
2 11 3
1 3 99
2 11 1
1 3 99
2 11 3
1 3 99
2 11 1
1 3 99
2 11 3
1 3 99
2 11 1
1 3 99
2 11 3
1 3 99
2 11 1
1 3 99
2 11 3
1 3 99
2 11 1
1 3 99
2 11 3
1 3 99
2 11 1
1 3 99
2 11 3
1 3 99
2 11 1
1 3 99
2 11 3
1 3 99
2 11 1
1 3 99
2 11 3
1 3 99
2 11 1
1 3 99
2 11 3
1 3 99
2 11 1
1 3 99
2 11 3
1 3 99
2 11 1
1 3 99
2 11 3
1 3 99
2 11 1
1 3 99
2 11 3
1 3 99
2 11 1
1 3 99
2 11 3
1 3 40
2 11 1
2 10 3
1 3 98
2 10 1
1 3 1
2 10 3
1 3 1
2 10 1
2 11 3
1 3 99
2 11 1
1 3 99
2 11 3
1 3 99
2 11 1
1 3 99
2 11 3
1 3 99
2 11 1
1 3 99
2 11 3
1 3 6
2 11 1
2 12 3
1 3 99
2 12 1
1 3 99
2 12 3
1 3 99
2 12 1
1 3 99
2 12 3
1 3 99
2 12 1
1 3 99
2 12 3
1 3 6
2 12 1
2 14 3
1 3 99
2 14 1
1 3 99
2 14 3
1 3 99
2 14 1
1 3 99
2 14 3
1 3 99
2 14 1
1 3 99
2 14 3
1 3 6
2 14 1
2 13 3
1 3 98
2 13 1
1 3 1
2 13 3
1 3 1
2 13 1
2 14 3
1 3 99
2 14 1
1 3 99
2 14 3
1 3 99
2 14 1
1 3 99
2 14 3
1 3 99
2 14 1
1 3 99
2 14 3
1 3 6
2 14 1
2 16 3
1 3 99
2 16 1
1 3 99
2 16 3
1 3 99
2 16 1
1 3 99
2 16 3
1 3 99
2 16 1
1 3 99
2 16 3
1 3 99
2 16 1
1 3 99
2 16 3
1 3 99
2 16 1
1 3 99
2 16 3
1 3 99
2 16 1
1 3 99
2 16 3
1 3 12
2 16 1
2 15 3
1 3 98
2 15 1
1 3 1
2 15 3
1 3 1
2 15 1
2 17 3
1 3 99
2 17 1
1 3 99
2 17 3
1 3 99
2 17 1
1 3 99
2 17 3
1 3 99
2 17 1
1 3 99
2 17 3
1 3 99
2 17 1
1 3 99
2 17 3
1 3 99
2 17 1
1 3 99
2 17 3
1 3 99
2 17 1
1 3 99
2 17 3
1 3 99
2 17 1
1 3 99
2 17 3
1 3 99
2 17 1
1 3 99
2 17 3
1 3 99
2 17 1
1 3 99
2 17 3
1 3 99
2 17 1
1 3 99
2 17 3
1 3 99
2 17 1
1 3 99
2 17 3
1 3 99
2 17 1
1 3 99
2 17 3
1 3 99
2 17 1
1 3 99
2 17 3
1 3 99
2 17 1
1 3 99
2 17 3
1 3 99
2 17 1
1 3 99
2 17 3
1 3 99
2 17 1
1 3 99
2 17 3
1 3 99
2 17 1
1 3 99
2 17 3
1 3 99
2 17 1
1 3 99
2 17 3
1 3 99
2 17 1
1 3 99
2 17 3
1 3 99
2 17 1
1 3 99
2 17 3
1 3 99
2 17 1
1 3 99
2 17 3
1 3 99
2 17 1
1 3 99
2 17 3
1 3 99
2 17 1
1 3 99
2 17 3
1 3 99
2 17 1
1 3 99
2 17 3
1 3 99
2 17 1
1 3 99
2 17 3
1 3 99
2 17 1
1 3 99
2 17 3
1 3 99
2 17 1
1 3 99
2 17 3
1 3 99
2 17 1
1 3 99
2 17 3
1 3 99
2 17 1
1 3 99
2 17 3
1 3 99
2 17 1
1 3 99
2 17 3
1 3 99
2 17 1
1 3 99
2 17 3
1 3 99
2 17 1
1 3 99
2 17 3
1 3 99
2 17 1
1 3 99
2 17 3
1 3 99
2 17 1
1 3 99
2 17 3
1 3 99
2 17 1
1 3 99
2 17 3
1 3 99
2 17 1
1 3 99
2 17 3
1 3 99
2 17 1
1 3 99
2 17 3
1 3 99
2 17 1
1 3 99
2 17 3
1 3 99
2 17 1
1 3 99
2 17 3
1 3 78
2 17 1
2 19 3
1 3 99
2 19 1
1 3 99
2 19 3
1 3 99
2 19 1
1 3 99
2 19 3
1 3 99
2 19 1
1 3 99
2 19 3
1 3 99
2 19 1
1 3 99
2 19 3
1 3 99
2 19 1
1 3 99
2 19 3
1 3 99
2 19 1
1 3 99
2 19 3
1 3 99
2 19 1
1 3 99
2 19 3
1 3 99
2 19 1
1 3 99
2 19 3
1 3 99
2 19 1
1 3 99
2 19 3
1 3 99
2 19 1
1 3 99
2 19 3
1 3 99
2 19 1
1 3 99
2 19 3
1 3 99
2 19 1
1 3 99
2 19 3
1 3 99
2 19 1
1 3 99
2 19 3
1 3 99
2 19 1
1 3 99
2 19 3
1 3 99
2 19 1
1 3 99
2 19 3
1 3 99
2 19 1
1 3 99
2 19 3
1 3 99
2 19 1
1 3 99
2 19 3
1 3 99
2 19 1
1 3 99
2 19 3
1 3 99
2 19 1
1 3 99
2 19 3
1 3 99
2 19 1
1 3 99
2 19 3
1 3 99
2 19 1
1 3 99
2 19 3
1 3 99
2 19 1
1 3 99
2 19 3
1 3 99
2 19 1
1 3 99
2 19 3
1 3 99
2 19 1
1 3 99
2 19 3
1 3 99
2 19 1
1 3 99
2 19 3
1 3 99
2 19 1
1 3 99
2 19 3
1 3 99
2 19 1
1 3 99
2 19 3
1 3 99
2 19 1
1 3 99
2 19 3
1 3 99
2 19 1
1 3 99
2 19 3
1 3 99
2 19 1
1 3 99
2 19 3
1 3 99
2 19 1
1 3 99
2 19 3
1 3 99
2 19 1
1 3 99
2 19 3
1 3 99
2 19 1
1 3 99
2 19 3
1 3 99
2 19 1
1 3 99
2 19 3
1 3 99
2 19 1
1 3 99
2 19 3
1 3 99
2 19 1
1 3 99
2 19 3
1 3 99
2 19 1
1 3 99
2 19 3
1 3 74
2 19 1
2 18 3
1 3 98
2 18 1
1 3 1
2 18 3
1 3 1
2 18 1
2 20 3
1 3 99
2 20 1
1 3 99
2 20 3
1 3 99
2 20 1
1 3 99
2 20 3
1 3 99
2 20 1
1 3 99
2 20 3
1 3 99
2 20 1
1 3 99
2 20 3
1 3 99
2 20 1
1 3 99
2 20 3
1 3 99
2 20 1
1 3 99
2 20 3
1 3 99
2 20 1
1 3 99
2 20 3
1 3 99
2 20 1
1 3 99
2 20 3
1 3 99
2 20 1
1 3 99
2 20 3
1 3 99
2 20 1
1 3 99
2 20 3
1 3 99
2 20 1
1 3 99
2 20 3
1 3 99
2 20 1
1 3 99
2 20 3
1 3 99
2 20 1
1 3 99
2 20 3
1 3 99
2 20 1
1 3 99
2 20 3
1 3 99
2 20 1
1 3 99
2 20 3
1 3 99
2 20 1
1 3 99
2 20 3
1 3 99
2 20 1
1 3 99
2 20 3
1 3 99
2 20 1
1 3 99
2 20 3
1 3 99
2 20 1
1 3 99
2 20 3
1 3 99
2 20 1
1 3 99
2 20 3
1 3 99
2 20 1
1 3 99
2 20 3
1 3 99
2 20 1
1 3 99
2 20 3
1 3 99
2 20 1
1 3 99
2 20 3
1 3 99
2 20 1
1 3 99
2 20 3
1 3 99
2 20 1
1 3 99
2 20 3
1 3 99
2 20 1
1 3 99
2 20 3
1 3 99
2 20 1
1 3 99
2 20 3
1 3 99
2 20 1
1 3 99
2 20 3
1 3 99
2 20 1
1 3 99
2 20 3
1 3 58
2 20 1
2 19 3
1 3 98
2 19 1
1 3 1
2 19 3
1 3 1
2 19 1
2 21 3
1 3 99
2 21 1
1 3 99
2 21 3
1 3 99
2 21 1
1 3 99
2 21 3
1 3 99
2 21 1
1 3 99
2 21 3
1 3 99
2 21 1
1 3 99
2 21 3
1 3 99
2 21 1
1 3 99
2 21 3
1 3 99
2 21 1
1 3 99
2 21 3
1 3 99
2 21 1
1 3 99
2 21 3
1 3 99
2 21 1
1 3 99
2 21 3
1 3 99
2 21 1
1 3 99
2 21 3
1 3 99
2 21 1
1 3 99
2 21 3
1 3 99
2 21 1
1 3 99
2 21 3
1 3 99
2 21 1
1 3 99
2 21 3
1 3 99
2 21 1
1 3 99
2 21 3
1 3 99
2 21 1
1 3 99
2 21 3
1 3 99
2 21 1
1 3 99
2 21 3
1 3 99
2 21 1
1 3 99
2 21 3
1 3 99
2 21 1
1 3 99
2 21 3
1 3 99
2 21 1
1 3 99
2 21 3
1 3 99
2 21 1
1 3 99
2 21 3
1 3 99
2 21 1
1 3 99
2 21 3
1 3 99
2 21 1
1 3 99
2 21 3
1 3 99
2 21 1
1 3 99
2 21 3
1 3 99
2 21 1
1 3 99
2 21 3
1 3 99
2 21 1
1 3 99
2 21 3
1 3 99
2 21 1
1 3 99
2 21 3
1 3 99
2 21 1
1 3 99
2 21 3
1 3 99
2 21 1
1 3 99
2 21 3
1 3 99
2 21 1
1 3 99
2 21 3
1 3 99
2 21 1
1 3 99
2 21 3
1 3 99
2 21 1
1 3 99
2 21 3
1 3 99
2 21 1
1 3 99
2 21 3
1 3 99
2 21 1
1 3 99
2 21 3
1 3 99
2 21 1
1 3 99
2 21 3
1 3 66
2 21 1
2 20 3
1 3 98
2 20 1
1 3 1
2 20 3
1 3 1
2 20 1
2 22 3
1 3 99
2 22 1
1 3 99
2 22 3
1 3 99
2 22 1
1 3 99
2 22 3
1 3 99
2 22 1
1 3 99
2 22 3
1 3 99
2 22 1
1 3 99
2 22 3
1 3 99
2 22 1
1 3 99
2 22 3
1 3 99
2 22 1
1 3 99
2 22 3
1 3 99
2 22 1
1 3 99
2 22 3
1 3 99
2 22 1
1 3 99
2 22 3
1 3 99
2 22 1
1 3 99
2 22 3
1 3 99
2 22 1
1 3 99
2 22 3
1 3 99
2 22 1
1 3 99
2 22 3
1 3 99
2 22 1
1 3 99
2 22 3
1 3 99
2 22 1
1 3 99
2 22 3
1 3 99
2 22 1
1 3 99
2 22 3
1 3 99
2 22 1
1 3 99
2 22 3
1 3 99
2 22 1
1 3 99
2 22 3
1 3 99
2 22 1
1 3 99
2 22 3
1 3 99
2 22 1
1 3 99
2 22 3
1 3 99
2 22 1
1 3 99
2 22 3
1 3 99
2 22 1
1 3 99
2 22 3
1 3 99
2 22 1
1 3 99
2 22 3
1 3 99
2 22 1
1 3 99
2 22 3
1 3 99
2 22 1
1 3 99
2 22 3
1 3 99
2 22 1
1 3 99
2 22 3
1 3 99
2 22 1
1 3 99
2 22 3
1 3 50
2 22 1
2 21 3
1 3 98
2 21 1
1 3 1
2 21 3
1 3 1
2 21 1
2 22 3
1 3 99
2 22 1
1 3 99
2 22 3
1 3 99
2 22 1
1 3 99
2 22 3
1 3 99
2 22 1
1 3 99
2 22 3
1 3 99
2 22 1
1 3 99
2 22 3
1 3 99
2 22 1
1 3 99
2 22 3
1 3 99
2 22 1
1 3 99
2 22 3
1 3 99
2 22 1
1 3 99
2 22 3
1 3 14
2 22 1
2 24 3
1 3 99
2 24 1
1 3 99
2 24 3
1 3 99
2 24 1
1 3 99
2 24 3
1 3 99
2 24 1
1 3 99
2 24 3
1 3 99
2 24 1
1 3 99
2 24 3
1 3 99
2 24 1
1 3 99
2 24 3
1 3 99
2 24 1
1 3 99
2 24 3
1 3 99
2 24 1
1 3 99
2 24 3
1 3 99
2 24 1
1 3 99
2 24 3
1 3 99
2 24 1
1 3 99
2 24 3
1 3 99
2 24 1
1 3 99
2 24 3
1 3 99
2 24 1
1 3 99
2 24 3
1 3 99
2 24 1
1 3 99
2 24 3
1 3 99
2 24 1
1 3 99
2 24 3
1 3 99
2 24 1
1 3 99
2 24 3
1 3 99
2 24 1
1 3 99
2 24 3
1 3 99
2 24 1
1 3 99
2 24 3
1 3 99
2 24 1
1 3 99
2 24 3
1 3 99
2 24 1
1 3 99
2 24 3
1 3 36
2 24 1
2 23 3
1 3 98
2 23 1
1 3 1
2 23 3
1 3 1
2 23 1
2 24 3
1 3 99
2 24 1
1 3 99
2 24 3
1 3 99
2 24 1
1 3 99
2 24 3
1 3 99
2 24 1
1 3 99
2 24 3
1 3 99
2 24 1
1 3 99
2 24 3
1 3 99
2 24 1
1 3 99
2 24 3
1 3 99
2 24 1
1 3 99
2 24 3
1 3 99
2 24 1
1 3 99
2 24 3
1 3 99
2 24 1
1 3 99
2 24 3
1 3 99
2 24 1
1 3 99
2 24 3
1 3 99
2 24 1
1 3 99
2 24 3
1 3 99
2 24 1
1 3 99
2 24 3
1 3 99
2 24 1
1 3 99
2 24 3
1 3 99
2 24 1
1 3 99
2 24 3
1 3 99
2 24 1
1 3 99
2 24 3
1 3 99
2 24 1
1 3 99
2 24 3
1 3 99
2 24 1
1 3 99
2 24 3
1 3 99
2 24 1
1 3 99
2 24 3
1 3 99
2 24 1
1 3 99
2 24 3
1 3 99
2 24 1
1 3 99
2 24 3
1 3 99
2 24 1
1 3 99
2 24 3
1 3 40
2 24 1
2 26 3
1 3 99
2 26 1
1 3 99
2 26 3
1 3 99
2 26 1
1 3 99
2 26 3
1 3 99
2 26 1
1 3 99
2 26 3
1 3 99
2 26 1
1 3 99
2 26 3
1 3 99
2 26 1
1 3 99
2 26 3
1 3 99
2 26 1
1 3 99
2 26 3
1 3 99
2 26 1
1 3 99
2 26 3
1 3 99
2 26 1
1 3 99
2 26 3
1 3 99
2 26 1
1 3 99
2 26 3
1 3 99
2 26 1
1 3 99
2 26 3
1 3 99
2 26 1
1 3 99
2 26 3
1 3 99
2 26 1
1 3 99
2 26 3
1 3 99
2 26 1
1 3 99
2 26 3
1 3 99
2 26 1
1 3 99
2 26 3
1 3 28
2 26 1
2 25 3
1 3 98
2 25 1
1 3 1
2 25 3
1 3 1
2 25 1
2 26 3
1 3 99
2 26 1
1 3 99
2 26 3
1 3 99
2 26 1
1 3 99
2 26 3
1 3 99
2 26 1
1 3 99
2 26 3
1 3 99
2 26 1
1 3 99
2 26 3
1 3 99
2 26 1
1 3 99
2 26 3
1 3 99
2 26 1
1 3 99
2 26 3
1 3 99
2 26 1
1 3 99
2 26 3
1 3 99
2 26 1
1 3 99
2 26 3
1 3 99
2 26 1
1 3 99
2 26 3
1 3 99
2 26 1
1 3 99
2 26 3
1 3 99
2 26 1
1 3 99
2 26 3
1 3 99
2 26 1
1 3 99
2 26 3
1 3 99
2 26 1
1 3 99
2 26 3
1 3 99
2 26 1
1 3 99
2 26 3
1 3 99
2 26 1
1 3 99
2 26 3
1 3 99
2 26 1
1 3 99
2 26 3
1 3 99
2 26 1
1 3 99
2 26 3
1 3 99
2 26 1
1 3 99
2 26 3
1 3 99
2 26 1
1 3 99
2 26 3
1 3 99
2 26 1
1 3 99
2 26 3
1 3 99
2 26 1
1 3 99
2 26 3
1 3 99
2 26 1
1 3 99
2 26 3
1 3 99
2 26 1
1 3 99
2 26 3
1 3 99
2 26 1
1 3 99
2 26 3
1 3 99
2 26 1
1 3 99
2 26 3
1 3 99
2 26 1
1 3 99
2 26 3
1 3 99
2 26 1
1 3 99
2 26 3
1 3 54
2 26 1
2 27 3
1 3 99
2 27 1
1 3 99
2 27 3
1 3 99
2 27 1
1 3 99
2 27 3
1 3 99
2 27 1
1 3 99
2 27 3
1 3 99
2 27 1
1 3 99
2 27 3
1 3 99
2 27 1
1 3 99
2 27 3
1 3 99
2 27 1
1 3 99
2 27 3
1 3 99
2 27 1
1 3 99
2 27 3
1 3 99
2 27 1
1 3 99
2 27 3
1 3 99
2 27 1
1 3 99
2 27 3
1 3 99
2 27 1
1 3 99
2 27 3
1 3 99
2 27 1
1 3 99
2 27 3
1 3 99
2 27 1
1 3 99
2 27 3
1 3 99
2 27 1
1 3 99
2 27 3
1 3 99
2 27 1
1 3 99
2 27 3
1 3 99
2 27 1
1 3 99
2 27 3
1 3 99
2 27 1
1 3 99
2 27 3
1 3 32
2 27 1
2 29 3
1 3 99
2 29 1
1 3 99
2 29 3
1 3 99
2 29 1
1 3 99
2 29 3
1 3 99
2 29 1
1 3 99
2 29 3
1 3 99
2 29 1
1 3 99
2 29 3
1 3 99
2 29 1
1 3 99
2 29 3
1 3 99
2 29 1
1 3 99
2 29 3
1 3 99
2 29 1
1 3 99
2 29 3
1 3 99
2 29 1
1 3 99
2 29 3
1 3 99
2 29 1
1 3 99
2 29 3
1 3 99
2 29 1
1 3 99
2 29 3
1 3 99
2 29 1
1 3 99
2 29 3
1 3 99
2 29 1
1 3 99
2 29 3
1 3 99
2 29 1
1 3 99
2 29 3
1 3 99
2 29 1
1 3 99
2 29 3
1 3 28
2 29 1
2 28 3
1 3 98
2 28 1
1 3 1
2 28 3
1 3 1
2 28 1
2 30 3
1 3 99
2 30 1
1 3 99
2 30 3
1 3 99
2 30 1
1 3 99
2 30 3
1 3 99
2 30 1
1 3 99
2 30 3
1 3 99
2 30 1
1 3 99
2 30 3
1 3 99
2 30 1
1 3 99
2 30 3
1 3 99
2 30 1
1 3 99
2 30 3
1 3 99
2 30 1
1 3 99
2 30 3
1 3 99
2 30 1
1 3 99
2 30 3
1 3 99
2 30 1
1 3 99
2 30 3
1 3 99
2 30 1
1 3 99
2 30 3
1 3 99
2 30 1
1 3 99
2 30 3
1 3 99
2 30 1
1 3 99
2 30 3
1 3 99
2 30 1
1 3 99
2 30 3
1 3 26
2 30 1
2 29 3
1 3 98
2 29 1
1 3 1
2 29 3
1 3 1
2 29 1
2 30 3
1 3 99
2 30 1
1 3 99
2 30 3
1 3 99
2 30 1
1 3 99
2 30 3
1 3 99
2 30 1
1 3 99
2 30 3
1 3 99
2 30 1
1 3 99
2 30 3
1 3 99
2 30 1
1 3 99
2 30 3
1 3 99
2 30 1
1 3 99
2 30 3
1 3 99
2 30 1
1 3 99
2 30 3
1 3 99
2 30 1
1 3 99
2 30 3
1 3 99
2 30 1
1 3 99
2 30 3
1 3 99
2 30 1
1 3 99
2 30 3
1 3 99
2 30 1
1 3 99
2 30 3
1 3 99
2 30 1
1 3 99
2 30 3
1 3 99
2 30 1
1 3 99
2 30 3
1 3 99
2 30 1
1 3 99
2 30 3
1 3 99
2 30 1
1 3 99
2 30 3
1 3 99
2 30 1
1 3 99
2 30 3
1 3 99
2 30 1
1 3 99
2 30 3
1 3 99
2 30 1
1 3 99
2 30 3
1 3 99
2 30 1
1 3 99
2 30 3
1 3 99
2 30 1
1 3 99
2 30 3
1 3 99
2 30 1
1 3 99
2 30 3
1 3 99
2 30 1
1 3 99
2 30 3
1 3 99
2 30 1
1 3 99
2 30 3
1 3 99
2 30 1
1 3 99
2 30 3
1 3 99
2 30 1
1 3 99
2 30 3
1 3 99
2 30 1
1 3 99
2 30 3
1 3 52
2 30 1
2 31 3
1 3 99
2 31 1
1 3 99
2 31 3
1 3 99
2 31 1
1 3 99
2 31 3
1 3 99
2 31 1
1 3 99
2 31 3
1 3 99
2 31 1
1 3 99
2 31 3
1 3 99
2 31 1
1 3 99
2 31 3
1 3 99
2 31 1
1 3 99
2 31 3
1 3 99
2 31 1
1 3 99
2 31 3
1 3 99
2 31 1
1 3 99
2 31 3
1 3 16
2 31 1
2 32 3
1 3 99
2 32 1
1 3 99
2 32 3
1 3 99
2 32 1
1 3 99
2 32 3
1 3 99
2 32 1
1 3 99
2 32 3
1 3 99
2 32 1
1 3 99
2 32 3
1 3 99
2 32 1
1 3 99
2 32 3
1 3 99
2 32 1
1 3 99
2 32 3
1 3 99
2 32 1
1 3 99
2 32 3
1 3 99
2 32 1
1 3 99
2 32 3
1 3 99
2 32 1
1 3 99
2 32 3
1 3 99
2 32 1
1 3 99
2 32 3
1 3 20
2 32 1
2 34 3
1 3 99
2 34 1
1 3 99
2 34 3
1 3 99
2 34 1
1 3 99
2 34 3
1 3 99
2 34 1
1 3 99
2 34 3
1 3 99
2 34 1
1 3 99
2 34 3
1 3 99
2 34 1
1 3 99
2 34 3
1 3 99
2 34 1
1 3 99
2 34 3
1 3 99
2 34 1
1 3 99
2 34 3
1 3 99
2 34 1
1 3 99
2 34 3
1 3 99
2 34 1
1 3 99
2 34 3
1 3 99
2 34 1
1 3 99
2 34 3
1 3 99
2 34 1
1 3 99
2 34 3
1 3 99
2 34 1
1 3 99
2 34 3
1 3 99
2 34 1
1 3 99
2 34 3
1 3 99
2 34 1
1 3 99
2 34 3
1 3 99
2 34 1
1 3 99
2 34 3
1 3 99
2 34 1
1 3 99
2 34 3
1 3 99
2 34 1
1 3 99
2 34 3
1 3 99
2 34 1
1 3 99
2 34 3
1 3 99
2 34 1
1 3 99
2 34 3
1 3 99
2 34 1
1 3 99
2 34 3
1 3 99
2 34 1
1 3 99
2 34 3
1 3 99
2 34 1
1 3 99
2 34 3
1 3 99
2 34 1
1 3 99
2 34 3
1 3 99
2 34 1
1 3 99
2 34 3
1 3 99
2 34 1
1 3 99
2 34 3
1 3 99
2 34 1
1 3 99
2 34 3
1 3 99
2 34 1
1 3 99
2 34 3
1 3 99
2 34 1
1 3 99
2 34 3
1 3 99
2 34 1
1 3 99
2 34 3
1 3 99
2 34 1
1 3 99
2 34 3
1 3 99
2 34 1
1 3 99
2 34 3
1 3 99
2 34 1
1 3 99
2 34 3
1 3 64
2 34 1
2 33 3
1 3 98
2 33 1
1 3 1
2 33 3
1 3 1
2 33 1
2 34 3
1 3 99
2 34 1
1 3 99
2 34 3
1 3 99
2 34 1
1 3 99
2 34 3
1 3 99
2 34 1
1 3 99
2 34 3
1 3 99
2 34 1
1 3 99
2 34 3
1 3 99
2 34 1
1 3 99
2 34 3
1 3 99
2 34 1
1 3 99
2 34 3
1 3 99
2 34 1
1 3 99
2 34 3
1 3 99
2 34 1
1 3 99
2 34 3
1 3 99
2 34 1
1 3 99
2 34 3
1 3 99
2 34 1
1 3 99
2 34 3
1 3 99
2 34 1
1 3 99
2 34 3
1 3 99
2 34 1
1 3 99
2 34 3
1 3 99
2 34 1
1 3 99
2 34 3
1 3 99
2 34 1
1 3 99
2 34 3
1 3 99
2 34 1
1 3 99
2 34 3
1 3 99
2 34 1
1 3 99
2 34 3
1 3 99
2 34 1
1 3 99
2 34 3
1 3 99
2 34 1
1 3 99
2 34 3
1 3 99
2 34 1
1 3 99
2 34 3
1 3 99
2 34 1
1 3 99
2 34 3
1 3 99
2 34 1
1 3 99
2 34 3
1 3 99
2 34 1
1 3 99
2 34 3
1 3 99
2 34 1
1 3 99
2 34 3
1 3 99
2 34 1
1 3 99
2 34 3
1 3 99
2 34 1
1 3 99
2 34 3
1 3 99
2 34 1
1 3 99
2 34 3
1 3 99
2 34 1
1 3 99
2 34 3
1 3 99
2 34 1
1 3 99
2 34 3
1 3 99
2 34 1
1 3 99
2 34 3
1 3 99
2 34 1
1 3 99
2 34 3
1 3 99
2 34 1
1 3 99
2 34 3
1 3 62
2 34 1
2 36 3
1 3 99
2 36 1
1 3 99
2 36 3
1 3 99
2 36 1
1 3 99
2 36 3
1 3 99
2 36 1
1 3 99
2 36 3
1 3 99
2 36 1
1 3 99
2 36 3
1 3 99
2 36 1
1 3 99
2 36 3
1 3 99
2 36 1
1 3 99
2 36 3
1 3 99
2 36 1
1 3 99
2 36 3
1 3 99
2 36 1
1 3 99
2 36 3
1 3 99
2 36 1
1 3 99
2 36 3
1 3 99
2 36 1
1 3 99
2 36 3
1 3 99
2 36 1
1 3 99
2 36 3
1 3 99
2 36 1
1 3 99
2 36 3
1 3 99
2 36 1
1 3 99
2 36 3
1 3 99
2 36 1
1 3 99
2 36 3
1 3 99
2 36 1
1 3 99
2 36 3
1 3 99
2 36 1
1 3 99
2 36 3
1 3 99
2 36 1
1 3 99
2 36 3
1 3 99
2 36 1
1 3 99
2 36 3
1 3 99
2 36 1
1 3 99
2 36 3
1 3 99
2 36 1
1 3 99
2 36 3
1 3 99
2 36 1
1 3 99
2 36 3
1 3 99
2 36 1
1 3 99
2 36 3
1 3 99
2 36 1
1 3 99
2 36 3
1 3 99
2 36 1
1 3 99
2 36 3
1 3 99
2 36 1
1 3 99
2 36 3
1 3 50
2 36 1
2 35 3
1 3 98
2 35 1
1 3 1
2 35 3
1 3 1
2 35 1
2 36 3
1 3 99
2 36 1
1 3 99
2 36 3
1 3 99
2 36 1
1 3 99
2 36 3
1 3 99
2 36 1
1 3 99
2 36 3
1 3 99
2 36 1
1 3 99
2 36 3
1 3 99
2 36 1
1 3 99
2 36 3
1 3 99
2 36 1
1 3 99
2 36 3
1 3 99
2 36 1
1 3 99
2 36 3
1 3 99
2 36 1
1 3 99
2 36 3
1 3 99
2 36 1
1 3 99
2 36 3
1 3 99
2 36 1
1 3 99
2 36 3
1 3 99
2 36 1
1 3 99
2 36 3
1 3 99
2 36 1
1 3 99
2 36 3
1 3 99
2 36 1
1 3 99
2 36 3
1 3 99
2 36 1
1 3 99
2 36 3
1 3 99
2 36 1
1 3 99
2 36 3
1 3 99
2 36 1
1 3 99
2 36 3
1 3 99
2 36 1
1 3 99
2 36 3
1 3 99
2 36 1
1 3 99
2 36 3
1 3 99
2 36 1
1 3 99
2 36 3
1 3 99
2 36 1
1 3 99
2 36 3
1 3 99
2 36 1
1 3 99
2 36 3
1 3 42
2 36 1
2 38 3
1 3 99
2 38 1
1 3 99
2 38 3
1 3 99
2 38 1
1 3 99
2 38 3
1 3 99
2 38 1
1 3 99
2 38 3
1 3 99
2 38 1
1 3 99
2 38 3
1 3 99
2 38 1
1 3 99
2 38 3
1 3 99
2 38 1
1 3 99
2 38 3
1 3 99
2 38 1
1 3 99
2 38 3
1 3 99
2 38 1
1 3 99
2 38 3
1 3 99
2 38 1
1 3 99
2 38 3
1 3 99
2 38 1
1 3 99
2 38 3
1 3 99
2 38 1
1 3 99
2 38 3
1 3 22
2 38 1
2 37 3
1 3 98
2 37 1
1 3 1
2 37 3
1 3 1
2 37 1
2 38 3
1 3 99
2 38 1
1 3 99
2 38 3
1 3 99
2 38 1
1 3 99
2 38 3
1 3 99
2 38 1
1 3 99
2 38 3
1 3 6
2 38 1
2 39 3
1 3 99
2 39 1
1 3 99
2 39 3
1 3 99
2 39 1
1 3 99
2 39 3
1 3 99
2 39 1
1 3 99
2 39 3
1 3 99
2 39 1
1 3 99
2 39 3
1 3 99
2 39 1
1 3 99
2 39 3
1 3 99
2 39 1
1 3 99
2 39 3
1 3 99
2 39 1
1 3 99
2 39 3
1 3 99
2 39 1
1 3 99
2 39 3
1 3 99
2 39 1
1 3 99
2 39 3
1 3 99
2 39 1
1 3 99
2 39 3
1 3 99
2 39 1
1 3 99
2 39 3
1 3 22
2 39 1
2 40 3
1 3 99
2 40 1
1 3 99
2 40 3
1 3 99
2 40 1
1 3 99
2 40 3
1 3 99
2 40 1
1 3 99
2 40 3
1 3 99
2 40 1
1 3 99
2 40 3
1 3 99
2 40 1
1 3 99
2 40 3
1 3 99
2 40 1
1 3 99
2 40 3
1 3 99
2 40 1
1 3 99
2 40 3
1 3 99
2 40 1
1 3 99
2 40 3
1 3 99
2 40 1
1 3 99
2 40 3
1 3 99
2 40 1
1 3 99
2 40 3
1 3 99
2 40 1
1 3 99
2 40 3
1 3 22
2 40 1
2 41 3
1 3 99
2 41 1
1 3 99
2 41 3
1 3 99
2 41 1
1 3 99
2 41 3
1 3 4
2 41 1
2 43 3
1 3 99
2 43 1
1 3 99
2 43 3
1 3 99
2 43 1
1 3 99
2 43 3
1 3 99
2 43 1
1 3 99
2 43 3
1 3 99
2 43 1
1 3 99
2 43 3
1 3 99
2 43 1
1 3 99
2 43 3
1 3 99
2 43 1
1 3 99
2 43 3
1 3 99
2 43 1
1 3 99
2 43 3
1 3 99
2 43 1
1 3 99
2 43 3
1 3 99
2 43 1
1 3 99
2 43 3
1 3 18
2 43 1
2 42 3
1 3 98
2 42 1
1 3 1
2 42 3
1 3 1
2 42 1
2 43 3
1 3 99
2 43 1
1 3 99
2 43 3
1 3 99
2 43 1
1 3 99
2 43 3
1 3 99
2 43 1
1 3 99
2 43 3
1 3 99
2 43 1
1 3 99
2 43 3
1 3 99
2 43 1
1 3 99
2 43 3
1 3 99
2 43 1
1 3 99
2 43 3
1 3 99
2 43 1
1 3 99
2 43 3
1 3 99
2 43 1
1 3 99
2 43 3
1 3 99
2 43 1
1 3 99
2 43 3
1 3 99
2 43 1
1 3 99
2 43 3
1 3 20
2 43 1
2 44 3
1 3 99
2 44 1
1 3 99
2 44 3
1 3 99
2 44 1
1 3 99
2 44 3
1 3 99
2 44 1
1 3 99
2 44 3
1 3 99
2 44 1
1 3 99
2 44 3
1 3 99
2 44 1
1 3 99
2 44 3
1 3 99
2 44 1
1 3 99
2 44 3
1 3 99
2 44 1
1 3 99
2 44 3
1 3 99
2 44 1
1 3 99
2 44 3
1 3 99
2 44 1
1 3 99
2 44 3
1 3 99
2 44 1
1 3 99
2 44 3
1 3 99
2 44 1
1 3 99
2 44 3
1 3 99
2 44 1
1 3 99
2 44 3
1 3 99
2 44 1
1 3 99
2 44 3
1 3 99
2 44 1
1 3 99
2 44 3
1 3 99
2 44 1
1 3 99
2 44 3
1 3 99
2 44 1
1 3 99
2 44 3
1 3 99
2 44 1
1 3 99
2 44 3
1 3 99
2 44 1
1 3 99
2 44 3
1 3 99
2 44 1
1 3 99
2 44 3
1 3 99
2 44 1
1 3 99
2 44 3
1 3 40
2 44 1
2 46 3
1 3 99
2 46 1
1 3 99
2 46 3
1 3 99
2 46 1
1 3 99
2 46 3
1 3 99
2 46 1
1 3 99
2 46 3
1 3 99
2 46 1
1 3 99
2 46 3
1 3 99
2 46 1
1 3 99
2 46 3
1 3 99
2 46 1
1 3 99
2 46 3
1 3 99
2 46 1
1 3 99
2 46 3
1 3 99
2 46 1
1 3 99
2 46 3
1 3 99
2 46 1
1 3 99
2 46 3
1 3 99
2 46 1
1 3 99
2 46 3
1 3 99
2 46 1
1 3 99
2 46 3
1 3 99
2 46 1
1 3 99
2 46 3
1 3 99
2 46 1
1 3 99
2 46 3
1 3 99
2 46 1
1 3 99
2 46 3
1 3 99
2 46 1
1 3 99
2 46 3
1 3 99
2 46 1
1 3 99
2 46 3
1 3 99
2 46 1
1 3 99
2 46 3
1 3 99
2 46 1
1 3 99
2 46 3
1 3 99
2 46 1
1 3 99
2 46 3
1 3 99
2 46 1
1 3 99
2 46 3
1 3 99
2 46 1
1 3 99
2 46 3
1 3 99
2 46 1
1 3 99
2 46 3
1 3 99
2 46 1
1 3 99
2 46 3
1 3 99
2 46 1
1 3 99
2 46 3
1 3 99
2 46 1
1 3 99
2 46 3
1 3 50
2 46 1
2 45 3
1 3 98
2 45 1
1 3 1
2 45 3
1 3 1
2 45 1
2 46 3
1 3 99
2 46 1
1 3 99
2 46 3
1 3 99
2 46 1
1 3 99
2 46 3
1 3 99
2 46 1
1 3 99
2 46 3
1 3 99
2 46 1
1 3 99
2 46 3
1 3 99
2 46 1
1 3 99
2 46 3
1 3 99
2 46 1
1 3 99
2 46 3
1 3 99
2 46 1
1 3 99
2 46 3
1 3 99
2 46 1
1 3 99
2 46 3
1 3 99
2 46 1
1 3 99
2 46 3
1 3 99
2 46 1
1 3 99
2 46 3
1 3 99
2 46 1
1 3 99
2 46 3
1 3 99
2 46 1
1 3 99
2 46 3
1 3 99
2 46 1
1 3 99
2 46 3
1 3 99
2 46 1
1 3 99
2 46 3
1 3 99
2 46 1
1 3 99
2 46 3
1 3 99
2 46 1
1 3 99
2 46 3
1 3 99
2 46 1
1 3 99
2 46 3
1 3 99
2 46 1
1 3 99
2 46 3
1 3 99
2 46 1
1 3 99
2 46 3
1 3 99
2 46 1
1 3 99
2 46 3
1 3 40
2 46 1
2 48 3
1 3 0
2 48 1
2 47 3
1 3 98
2 47 1
1 3 1
2 47 3
1 3 1
2 47 1
2 48 3
1 3 99
2 48 1
1 3 99
2 48 3
1 3 99
2 48 1
1 3 99
2 48 3
1 3 99
2 48 1
1 3 99
2 48 3
1 3 99
2 48 1
1 3 99
2 48 3
1 3 99
2 48 1
1 3 99
2 48 3
1 3 99
2 48 1
1 3 99
2 48 3
1 3 99
2 48 1
1 3 99
2 48 3
1 3 99
2 48 1
1 3 99
2 48 3
1 3 99
2 48 1
1 3 99
2 48 3
1 3 99
2 48 1
1 3 99
2 48 3
1 3 99
2 48 1
1 3 99
2 48 3
1 3 99
2 48 1
1 3 99
2 48 3
1 3 99
2 48 1
1 3 99
2 48 3
1 3 99
2 48 1
1 3 99
2 48 3
1 3 99
2 48 1
1 3 99
2 48 3
1 3 99
2 48 1
1 3 99
2 48 3
1 3 32
2 48 1
2 50 3
1 3 99
2 50 1
1 3 99
2 50 3
1 3 99
2 50 1
1 3 99
2 50 3
1 3 99
2 50 1
1 3 99
2 50 3
1 3 99
2 50 1
1 3 99
2 50 3
1 3 99
2 50 1
1 3 99
2 50 3
1 3 99
2 50 1
1 3 99
2 50 3
1 3 99
2 50 1
1 3 99
2 50 3
1 3 99
2 50 1
1 3 99
2 50 3
1 3 99
2 50 1
1 3 99
2 50 3
1 3 99
2 50 1
1 3 99
2 50 3
1 3 99
2 50 1
1 3 99
2 50 3
1 3 99
2 50 1
1 3 99
2 50 3
1 3 99
2 50 1
1 3 99
2 50 3
1 3 99
2 50 1
1 3 99
2 50 3
1 3 99
2 50 1
1 3 99
2 50 3
1 3 99
2 50 1
1 3 99
2 50 3
1 3 32
2 50 1
2 49 3
1 3 98
2 49 1
1 3 1
2 49 3
1 3 1
2 49 1
2 51 3
1 3 99
2 51 1
1 3 99
2 51 3
1 3 2
2 51 1
2 50 3
1 3 98
2 50 1
1 3 1
2 50 3
1 3 1
2 50 1
2 52 3
1 3 99
2 52 1
1 3 99
2 52 3
1 3 99
2 52 1
1 3 99
2 52 3
1 3 99
2 52 1
1 3 99
2 52 3
1 3 99
2 52 1
1 3 99
2 52 3
1 3 99
2 52 1
1 3 99
2 52 3
1 3 99
2 52 1
1 3 99
2 52 3
1 3 99
2 52 1
1 3 99
2 52 3
1 3 14
2 52 1
2 51 3
1 3 98
2 51 1
1 3 1
2 51 3
1 3 1
2 51 1
2 52 3
1 3 99
2 52 1
1 3 99
2 52 3
1 3 99
2 52 1
1 3 99
2 52 3
1 3 99
2 52 1
1 3 99
2 52 3
1 3 99
2 52 1
1 3 99
2 52 3
1 3 99
2 52 1
1 3 99
2 52 3
1 3 99
2 52 1
1 3 99
2 52 3
1 3 12
2 52 1
2 53 3
1 3 99
2 53 1
1 3 99
2 53 3
1 3 99
2 53 1
1 3 99
2 53 3
1 3 99
2 53 1
1 3 99
2 53 3
1 3 6
2 53 1
2 54 3
1 3 99
2 54 1
1 3 99
2 54 3
1 3 99
2 54 1
1 3 99
2 54 3
1 3 99
2 54 1
1 3 99
2 54 3
1 3 99
2 54 1
1 3 99
2 54 3
1 3 99
2 54 1
1 3 99
2 54 3
1 3 99
2 54 1
1 3 99
2 54 3
1 3 99
2 54 1
1 3 99
2 54 3
1 3 99
2 54 1
1 3 99
2 54 3
1 3 99
2 54 1
1 3 99
2 54 3
1 3 99
2 54 1
1 3 99
2 54 3
1 3 99
2 54 1
1 3 99
2 54 3
1 3 99
2 54 1
1 3 99
2 54 3
1 3 99
2 54 1
1 3 99
2 54 3
1 3 26
2 54 1
2 56 3
1 3 99
2 56 1
1 3 99
2 56 3
1 3 99
2 56 1
1 3 99
2 56 3
1 3 99
2 56 1
1 3 99
2 56 3
1 3 99
2 56 1
1 3 99
2 56 3
1 3 99
2 56 1
1 3 99
2 56 3
1 3 99
2 56 1
1 3 99
2 56 3
1 3 99
2 56 1
1 3 99
2 56 3
1 3 99
2 56 1
1 3 99
2 56 3
1 3 99
2 56 1
1 3 99
2 56 3
1 3 18
2 56 1
2 55 3
1 3 98
2 55 1
1 3 1
2 55 3
1 3 1
2 55 1
2 57 3
1 3 99
2 57 1
1 3 99
2 57 3
1 3 99
2 57 1
1 3 99
2 57 3
1 3 99
2 57 1
1 3 99
2 57 3
1 3 99
2 57 1
1 3 99
2 57 3
1 3 99
2 57 1
1 3 99
2 57 3
1 3 99
2 57 1
1 3 99
2 57 3
1 3 12
2 57 1
2 56 3
1 3 98
2 56 1
1 3 1
2 56 3
1 3 1
2 56 1
2 57 3
1 3 99
2 57 1
1 3 99
2 57 3
1 3 99
2 57 1
1 3 99
2 57 3
1 3 99
2 57 1
1 3 99
2 57 3
1 3 99
2 57 1
1 3 99
2 57 3
1 3 99
2 57 1
1 3 99
2 57 3
1 3 99
2 57 1
1 3 99
2 57 3
1 3 99
2 57 1
1 3 99
2 57 3
1 3 99
2 57 1
1 3 99
2 57 3
1 3 99
2 57 1
1 3 99
2 57 3
1 3 99
2 57 1
1 3 99
2 57 3
1 3 99
2 57 1
1 3 99
2 57 3
1 3 22
2 57 1
2 58 3
1 3 99
2 58 1
1 3 99
2 58 3
1 3 99
2 58 1
1 3 99
2 58 3
1 3 99
2 58 1
1 3 99
2 58 3
1 3 99
2 58 1
1 3 99
2 58 3
1 3 99
2 58 1
1 3 99
2 58 3
1 3 99
2 58 1
1 3 99
2 58 3
1 3 99
2 58 1
1 3 99
2 58 3
1 3 99
2 58 1
1 3 99
2 58 3
1 3 99
2 58 1
1 3 99
2 58 3
1 3 99
2 58 1
1 3 99
2 58 3
1 3 99
2 58 1
1 3 99
2 58 3
1 3 99
2 58 1
1 3 99
2 58 3
1 3 99
2 58 1
1 3 99
2 58 3
1 3 99
2 58 1
1 3 99
2 58 3
1 3 28
2 58 1
2 60 3
1 3 99
2 60 1
1 3 99
2 60 3
1 3 99
2 60 1
1 3 99
2 60 3
1 3 99
2 60 1
1 3 99
2 60 3
1 3 99
2 60 1
1 3 99
2 60 3
1 3 99
2 60 1
1 3 99
2 60 3
1 3 99
2 60 1
1 3 99
2 60 3
1 3 99
2 60 1
1 3 99
2 60 3
1 3 99
2 60 1
1 3 99
2 60 3
1 3 99
2 60 1
1 3 99
2 60 3
1 3 99
2 60 1
1 3 99
2 60 3
1 3 99
2 60 1
1 3 99
2 60 3
1 3 22
2 60 1
2 59 3
1 3 98
2 59 1
1 3 1
2 59 3
1 3 1
2 59 1
2 60 3
1 3 99
2 60 1
1 3 99
2 60 3
1 3 2
2 60 1
2 62 3
1 3 99
2 62 1
1 3 99
2 62 3
1 3 2
2 62 1
2 61 3
1 3 98
2 61 1
1 3 1
2 61 3
1 3 1
2 61 1
2 63 3
1 3 99
2 63 1
1 3 99
2 63 3
1 3 99
2 63 1
1 3 99
2 63 3
1 3 4
2 63 1
2 62 3
1 3 98
2 62 1
1 3 1
2 62 3
1 3 1
2 62 1
2 63 3
1 3 99
2 63 1
1 3 99
2 63 3
1 3 2
2 63 1
2 64 3
1 3 99
2 64 1
1 3 99
2 64 3
1 3 99
2 64 1
1 3 99
2 64 3
1 3 99
2 64 1
1 3 99
2 64 3
1 3 6
2 64 1
2 65 3
1 3 99
2 65 1
1 3 99
2 65 3
1 3 99
2 65 1
1 3 99
2 65 3
1 3 99
2 65 1
1 3 99
2 65 3
1 3 99
2 65 1
1 3 99
2 65 3
1 3 8
2 65 1
2 67 3
1 3 99
2 67 1
1 3 99
2 67 3
1 3 99
2 67 1
1 3 99
2 67 3
1 3 99
2 67 1
1 3 99
2 67 3
1 3 99
2 67 1
1 3 99
2 67 3
1 3 99
2 67 1
1 3 99
2 67 3
1 3 99
2 67 1
1 3 99
2 67 3
1 3 99
2 67 1
1 3 99
2 67 3
1 3 99
2 67 1
1 3 99
2 67 3
1 3 99
2 67 1
1 3 99
2 67 3
1 3 18
2 67 1
2 66 3
1 3 98
2 66 1
1 3 1
2 66 3
1 3 1
2 66 1
2 67 3
1 3 99
2 67 1
1 3 99
2 67 3
1 3 99
2 67 1
1 3 99
2 67 3
1 3 99
2 67 1
1 3 99
2 67 3
1 3 99
2 67 1
1 3 99
2 67 3
1 3 99
2 67 1
1 3 99
2 67 3
1 3 99
2 67 1
1 3 99
2 67 3
1 3 99
2 67 1
1 3 99
2 67 3
1 3 14
2 67 1
2 68 3
1 3 99
2 68 1
1 3 99
2 68 3
1 3 99
2 68 1
1 3 99
2 68 3
1 3 99
2 68 1
1 3 99
2 68 3
1 3 99
2 68 1
1 3 99
2 68 3
1 3 99
2 68 1
1 3 99
2 68 3
1 3 99
2 68 1
1 3 99
2 68 3
1 3 99
2 68 1
1 3 99
2 68 3
1 3 14
2 68 1
2 69 3
1 3 99
2 69 1
1 3 99
2 69 3
1 3 99
2 69 1
1 3 99
2 69 3
1 3 99
2 69 1
1 3 99
2 69 3
1 3 99
2 69 1
1 3 99
2 69 3
1 3 99
2 69 1
1 3 99
2 69 3
1 3 99
2 69 1
1 3 99
2 69 3
1 3 99
2 69 1
1 3 99
2 69 3
1 3 99
2 69 1
1 3 99
2 69 3
1 3 99
2 69 1
1 3 99
2 69 3
1 3 99
2 69 1
1 3 99
2 69 3
1 3 99
2 69 1
1 3 99
2 69 3
1 3 99
2 69 1
1 3 99
2 69 3
1 3 24
2 69 1
2 71 3
1 3 99
2 71 1
1 3 99
2 71 3
1 3 99
2 71 1
1 3 99
2 71 3
1 3 99
2 71 1
1 3 99
2 71 3
1 3 99
2 71 1
1 3 99
2 71 3
1 3 99
2 71 1
1 3 99
2 71 3
1 3 99
2 71 1
1 3 99
2 71 3
1 3 99
2 71 1
1 3 99
2 71 3
1 3 14
2 71 1
2 70 3
1 3 98
2 70 1
1 3 1
2 70 3
1 3 1
2 70 1
2 71 3
1 3 99
2 71 1
1 3 99
2 71 3
1 3 99
2 71 1
1 3 99
2 71 3
1 3 99
2 71 1
1 3 99
2 71 3
1 3 6
2 71 1
2 73 3
1 3 99
2 73 1
1 3 99
2 73 3
1 3 99
2 73 1
1 3 99
2 73 3
1 3 99
2 73 1
1 3 99
2 73 3
1 3 99
2 73 1
1 3 99
2 73 3
1 3 99
2 73 1
1 3 99
2 73 3
1 3 99
2 73 1
1 3 99
2 73 3
1 3 99
2 73 1
1 3 99
2 73 3
1 3 99
2 73 1
1 3 99
2 73 3
1 3 99
2 73 1
1 3 99
2 73 3
1 3 18
2 73 1
2 72 3
1 3 98
2 72 1
1 3 1
2 72 3
1 3 1
2 72 1
2 74 3
1 3 99
2 74 1
1 3 99
2 74 3
1 3 99
2 74 1
1 3 99
2 74 3
1 3 99
2 74 1
1 3 99
2 74 3
1 3 99
2 74 1
1 3 99
2 74 3
1 3 99
2 74 1
1 3 99
2 74 3
1 3 99
2 74 1
1 3 99
2 74 3
1 3 99
2 74 1
1 3 99
2 74 3
1 3 99
2 74 1
1 3 99
2 74 3
1 3 16
2 74 1
2 73 3
1 3 98
2 73 1
1 3 1
2 73 3
1 3 1
2 73 1
2 74 3
1 3 99
2 74 1
1 3 99
2 74 3
1 3 99
2 74 1
1 3 99
2 74 3
1 3 99
2 74 1
1 3 99
2 74 3
1 3 99
2 74 1
1 3 99
2 74 3
1 3 99
2 74 1
1 3 99
2 74 3
1 3 99
2 74 1
1 3 99
2 74 3
1 3 99
2 74 1
1 3 99
2 74 3
1 3 99
2 74 1
1 3 99
2 74 3
1 3 99
2 74 1
1 3 99
2 74 3
1 3 99
2 74 1
1 3 99
2 74 3
1 3 20
2 74 1
2 76 3
1 3 99
2 76 1
1 3 99
2 76 3
1 3 99
2 76 1
1 3 99
2 76 3
1 3 99
2 76 1
1 3 99
2 76 3
1 3 99
2 76 1
1 3 99
2 76 3
1 3 99
2 76 1
1 3 99
2 76 3
1 3 99
2 76 1
1 3 99
2 76 3
1 3 99
2 76 1
1 3 99
2 76 3
1 3 99
2 76 1
1 3 99
2 76 3
1 3 99
2 76 1
1 3 99
2 76 3
1 3 99
2 76 1
1 3 99
2 76 3
1 3 99
2 76 1
1 3 99
2 76 3
1 3 22
2 76 1
2 75 3
1 3 98
2 75 1
1 3 1
2 75 3
1 3 1
2 75 1
2 76 3
1 3 99
2 76 1
1 3 99
2 76 3
1 3 99
2 76 1
1 3 99
2 76 3
1 3 4
2 76 1
2 77 3
1 3 99
2 77 1
1 3 99
2 77 3
1 3 99
2 77 1
1 3 99
2 77 3
1 3 99
2 77 1
1 3 99
2 77 3
1 3 99
2 77 1
1 3 99
2 77 3
1 3 8
2 77 1
2 79 3
1 3 99
2 79 1
1 3 99
2 79 3
1 3 99
2 79 1
1 3 99
2 79 3
1 3 99
2 79 1
1 3 99
2 79 3
1 3 99
2 79 1
1 3 99
2 79 3
1 3 99
2 79 1
1 3 99
2 79 3
1 3 99
2 79 1
1 3 99
2 79 3
1 3 12
2 79 1
2 78 3
1 3 98
2 78 1
1 3 1
2 78 3
1 3 1
2 78 1
2 80 3
1 3 99
2 80 1
1 3 99
2 80 3
1 3 99
2 80 1
1 3 99
2 80 3
1 3 99
2 80 1
1 3 99
2 80 3
1 3 99
2 80 1
1 3 99
2 80 3
1 3 99
2 80 1
1 3 99
2 80 3
1 3 10
2 80 1
2 79 3
1 3 98
2 79 1
1 3 1
2 79 3
1 3 1
2 79 1
2 80 3
1 3 99
2 80 1
1 3 99
2 80 3
1 3 99
2 80 1
1 3 99
2 80 3
1 3 99
2 80 1
1 3 99
2 80 3
1 3 99
2 80 1
1 3 99
2 80 3
1 3 99
2 80 1
1 3 99
2 80 3
1 3 99
2 80 1
1 3 99
2 80 3
1 3 99
2 80 1
1 3 99
2 80 3
1 3 99
2 80 1
1 3 99
2 80 3
1 3 99
2 80 1
1 3 99
2 80 3
1 3 18
2 80 1
2 82 3
1 3 99
2 82 1
1 3 99
2 82 3
1 3 99
2 82 1
1 3 99
2 82 3
1 3 99
2 82 1
1 3 99
2 82 3
1 3 99
2 82 1
1 3 99
2 82 3
1 3 99
2 82 1
1 3 99
2 82 3
1 3 10
2 82 1
2 83 3
1 3 99
2 83 1
1 3 99
2 83 3
1 3 99
2 83 1
1 3 99
2 83 3
1 3 4
2 83 1
2 84 3
1 3 99
2 84 1
1 3 99
2 84 3
1 3 99
2 84 1
1 3 99
2 84 3
1 3 99
2 84 1
1 3 99
2 84 3
1 3 99
2 84 1
1 3 99
2 84 3
1 3 99
2 84 1
1 3 99
2 84 3
1 3 99
2 84 1
1 3 99
2 84 3
1 3 99
2 84 1
1 3 99
2 84 3
1 3 14
2 84 1
2 86 3
1 3 99
2 86 1
1 3 99
2 86 3
1 3 99
2 86 1
1 3 99
2 86 3
1 3 99
2 86 1
1 3 99
2 86 3
1 3 99
2 86 1
1 3 99
2 86 3
1 3 8
2 86 1
2 85 3
1 3 98
2 85 1
1 3 1
2 85 3
1 3 1
2 85 1
2 87 3
1 3 99
2 87 1
1 3 99
2 87 3
1 3 99
2 87 1
1 3 99
2 87 3
1 3 99
2 87 1
1 3 99
2 87 3
1 3 99
2 87 1
1 3 99
2 87 3
1 3 8
2 87 1
2 86 3
1 3 98
2 86 1
1 3 1
2 86 3
1 3 1
2 86 1
2 88 3
1 3 99
2 88 1
1 3 99
2 88 3
1 3 2
2 88 1
2 87 3
1 3 98
2 87 1
1 3 1
2 87 3
1 3 1
2 87 1
2 89 3
1 3 99
2 89 1
1 3 99
2 89 3
1 3 99
2 89 1
1 3 99
2 89 3
1 3 99
2 89 1
1 3 99
2 89 3
1 3 6
2 89 1
2 88 3
1 3 98
2 88 1
1 3 1
2 88 3
1 3 1
2 88 1
2 90 3
1 3 99
2 90 1
1 3 99
2 90 3
1 3 2
2 90 1
2 92 3
1 3 99
2 92 1
1 3 99
2 92 3
1 3 2
2 92 1
2 91 3
1 3 98
2 91 1
1 3 1
2 91 3
1 3 1
2 91 1
2 93 3
1 3 99
2 93 1
1 3 99
2 93 3
1 3 2
2 93 1
2 92 3
1 3 98
2 92 1
1 3 1
2 92 3
1 3 1
2 92 1
2 94 3
1 3 0
2 94 1
2 93 3
1 3 98
2 93 1
1 3 1
2 93 3
1 3 1
2 93 1
2 94 3
1 3 99
2 94 1
1 3 99
2 94 3
1 3 99
2 94 1
1 3 99
2 94 3
1 3 4
2 94 1
2 95 3
1 3 99
2 95 1
1 3 99
2 95 3
1 3 2
2 95 1
2 97 3
1 3 0
2 97 1
2 96 3
1 3 98
2 96 1
1 3 1
2 96 3
1 3 1
2 96 1
2 98 3
1 3 0
2 98 1
2 97 3
1 3 98
2 97 1
1 3 1
2 97 3
1 3 1
2 97 1
1 3 2
2 0 3
1 3 99
2 0 1
1 3 1
2 0 3
1 3 98
1 0 1
2 0 3
1 0 99
2 0 3
1 0 1
2 0 2
1 0 99
