5378
1 2 31
2 0 2
1 2 82
2 1 2
1 3 47
2 2 1
2 22 1
1 1 76
2 3 3
1 2 86
2 4 2
1 1 91
2 5 3
1 3 3
2 6 1
2 75 1
1 1 27
2 7 3
1 1 80
2 8 3
2 12 1
1 1 92
2 9 3
2 11 1
1 1 94
2 10 3
2 60 1
1 1 46
2 11 3
2 32 1
1 1 75
2 12 3
1 1 36
2 13 3
1 3 55
2 14 1
2 46 1
1 1 64
2 15 3
2 41 1
1 1 70
2 16 3
1 1 67
2 17 3
1 2 38
2 18 2
1 2 82
2 19 2
1 3 24
2 20 1
1 1 16
2 21 3
2 37 1
1 1 80
2 22 3
1 3 87
2 23 1
2 84 1
1 1 35
2 24 3
1 3 31
2 25 1
1 3 80
2 26 1
2 51 1
1 1 71
2 27 3
1 3 43
2 28 1
1 2 72
2 29 2
1 2 24
2 30 2
1 3 20
2 31 1
1 3 34
2 32 1
1 3 75
2 33 1
1 1 52
2 34 3
1 2 16
2 35 2
2 64 1
1 1 67
2 36 3
1 2 42
2 37 2
1 1 35
2 38 3
1 1 84
2 39 3
1 2 65
2 40 2
1 3 81
2 41 1
2 90 1
1 1 47
2 42 3
1 2 54
2 43 2
1 3 66
2 44 1
1 2 87
2 45 2
1 2 27
2 46 2
2 83 1
1 1 59
2 47 3
1 2 8
2 48 2
1 2 52
2 49 2
1 2 67
2 50 2
1 3 6
2 51 1
1 3 37
2 52 1
1 1 76
2 53 3
1 3 13
2 54 1
2 84 1
1 1 66
2 55 3
1 3 52
2 56 1
1 3 90
2 57 1
1 3 31
2 58 1
1 2 42
2 59 2
1 1 19
2 60 3
1 3 93
2 61 1
1 3 2
2 62 1
1 1 36
2 63 3
1 1 59
2 64 3
1 3 71
2 65 1
1 2 7
2 66 2
1 1 75
2 67 3
1 1 72
2 68 3
1 1 8
2 69 3
1 3 54
2 70 1
2 89 1
1 1 77
2 71 3
1 3 72
2 72 1
1 1 45
2 73 3
1 3 19
2 74 1
1 3 91
2 75 1
1 1 38
2 76 3
1 2 39
2 77 2
1 2 50
2 78 2
1 1 17
2 79 3
1 2 11
2 80 2
1 2 19
2 81 2
1 3 11
2 82 1
1 2 75
2 83 2
1 1 19
2 84 3
1 3 76
2 85 1
1 1 9
2 86 3
1 1 80
2 87 3
1 1 29
2 88 3
1 3 33
2 89 1
1 3 77
2 90 1
1 1 3
2 91 3
1 3 36
2 92 1
1 1 71
2 93 3
1 1 20
2 94 3
1 1 48
2 0 3
1 1 47
2 0 1
1 1 86
2 1 3
1 1 9
2 1 1
2 2 1
1 2 53
2 2 3
1 1 85
2 3 3
1 1 10
2 3 1
2 4 1
1 2 54
2 4 3
2 5 2
1 3 23
2 5 2
2 6 1
1 2 23
2 6 3
2 7 2
1 3 1
2 7 2
1 1 63
2 8 3
1 1 32
2 8 1
1 1 47
2 9 3
1 1 48
2 9 1
2 10 2
1 3 69
2 10 2
2 11 2
1 3 57
2 11 2
1 1 18
2 12 3
1 1 77
2 12 1
2 13 1
1 2 41
2 13 3
1 1 93
2 14 3
1 1 2
2 14 1
2 15 2
1 3 81
2 15 2
1 1 17
2 16 3
1 1 78
2 16 1
1 1 35
2 17 3
1 1 60
2 17 1
2 18 2
1 3 58
2 18 2
2 19 1
1 2 21
2 19 3
1 1 84
2 20 3
1 1 11
2 20 1
2 21 1
1 2 19
2 21 3
2 22 1
1 2 44
2 22 3
1 1 67
2 23 3
1 1 28
2 23 1
2 24 2
1 3 25
2 24 2
1 1 76
2 25 3
1 1 19
2 25 1
1 1 39
2 26 3
1 1 56
2 26 1
1 1 36
2 27 3
1 1 59
2 27 1
1 1 37
2 28 3
1 1 58
2 28 1
2 29 1
1 2 89
2 29 3
1 1 73
2 30 3
1 1 22
2 30 1
2 31 2
1 3 4
2 31 2
1 1 48
2 32 3
1 1 47
2 32 1
2 33 2
1 3 82
2 33 2
2 34 2
1 3 16
2 34 2
2 35 1
1 2 31
2 35 3
1 1 89
2 36 3
1 1 6
2 36 1
1 1 44
2 37 3
1 1 51
2 37 1
2 38 2
1 3 39
2 38 2
2 39 1
1 2 94
2 39 3
2 40 2
1 3 26
2 40 2
2 41 1
1 2 56
2 41 3
2 42 1
1 2 51
2 42 3
2 43 2
1 3 63
2 43 2
2 44 1
1 2 60
2 44 3
2 45 1
1 2 32
2 45 3
2 46 1
1 2 55
2 46 3
2 47 2
1 3 84
2 47 2
1 1 86
2 48 3
1 1 9
2 48 1
2 49 1
1 2 77
2 49 3
1 1 58
2 50 3
1 1 37
2 50 1
2 51 1
1 2 60
2 51 3
2 52 1
1 2 28
2 52 3
2 53 2
1 3 5
2 53 2
2 54 1
1 2 27
2 54 3
2 55 1
1 2 83
2 55 3
2 56 2
1 3 87
2 56 2
1 1 92
2 57 3
1 1 3
2 57 1
2 58 2
1 3 36
2 58 2
2 59 2
1 3 85
2 59 2
2 60 1
1 2 13
2 60 3
2 61 2
1 3 38
2 61 2
2 62 1
1 2 18
2 62 3
2 63 1
1 2 87
2 63 3
2 64 2
1 3 66
2 64 2
1 2 94
2 65 1
1 2 1
2 65 3
2 66 1
1 2 23
2 66 3
2 67 1
1 2 56
2 67 3
2 68 1
1 2 54
2 68 3
2 69 1
1 2 88
2 69 3
2 70 1
1 2 88
2 70 3
2 71 2
1 3 82
2 71 2
1 1 73
2 72 3
1 1 22
2 72 1
2 73 1
1 2 80
2 73 3
2 74 2
1 3 55
2 74 2
2 75 2
1 3 25
2 75 2
2 76 1
1 2 45
2 76 3
2 77 2
1 3 89
2 77 2
2 78 2
1 3 41
2 78 2
2 79 1
1 2 32
2 79 3
2 80 2
1 3 22
2 80 2
2 81 2
1 3 48
2 81 2
2 82 1
1 2 16
2 82 3
2 83 1
1 2 55
2 83 3
2 84 2
1 3 84
2 84 2
2 85 2
1 3 22
2 85 2
2 86 2
1 3 31
2 86 2
2 87 2
1 3 48
2 87 2
2 88 1
1 2 16
2 88 3
2 89 1
1 2 45
2 89 3
2 90 1
1 2 74
2 90 3
2 91 1
1 2 73
2 91 3
2 92 2
1 3 92
2 92 2
2 93 2
1 3 80
2 93 2
2 94 1
1 2 72
2 94 3
1 2 82
2 0 3
1 2 13
2 0 1
1 2 71
2 1 3
1 2 24
2 1 1
2 2 1
1 3 65
2 2 3
1 2 26
2 3 3
1 2 69
2 3 1
2 4 1
1 3 51
2 4 3
2 5 1
1 3 38
2 5 3
2 6 1
1 3 8
2 6 3
2 7 1
1 3 71
2 7 3
2 8 1
1 3 29
2 8 3
2 9 1
1 3 64
2 9 3
1 2 55
2 10 3
1 2 40
2 10 1
2 11 1
1 3 37
2 11 3
2 12 1
1 3 32
2 12 3
2 13 1
1 3 6
2 13 3
1 2 32
2 14 3
1 2 63
2 14 1
1 2 53
2 15 3
1 2 42
2 15 1
1 2 76
2 16 3
1 2 19
2 16 1
1 2 41
2 17 3
1 2 54
2 17 1
2 18 1
1 3 30
2 18 3
1 2 92
2 19 3
1 2 3
2 19 1
2 20 1
1 3 29
2 20 3
2 21 1
1 3 12
2 21 3
1 2 66
2 22 3
1 2 29
2 22 1
1 2 58
2 23 3
1 2 37
2 23 1
1 2 81
2 24 3
1 2 14
2 24 1
2 26 1
1 3 31
2 26 3
1 2 34
2 27 3
1 2 61
2 27 1
1 2 82
2 28 3
1 2 13
2 28 1
1 2 42
2 29 3
1 2 53
2 29 1
2 30 1
1 3 11
2 30 3
1 2 55
2 31 3
1 2 40
2 31 1
1 3 94
2 32 1
1 3 1
2 32 3
1 2 92
2 33 3
1 2 3
2 33 1
1 2 36
2 34 3
1 2 59
2 34 1
1 2 55
2 35 3
1 2 40
2 35 1
1 2 87
2 36 3
1 2 8
2 36 1
2 37 1
1 3 90
2 37 3
2 38 1
1 3 59
2 38 3
2 39 1
1 3 58
2 39 3
2 40 1
1 3 66
2 40 3
2 41 1
1 3 21
2 41 3
2 42 1
1 3 46
2 42 3
2 43 1
1 3 87
2 43 3
1 2 84
2 44 3
1 2 11
2 44 1
2 45 1
1 3 75
2 45 3
1 2 52
2 46 3
1 2 43
2 46 1
1 2 51
2 47 3
1 2 44
2 47 1
2 48 1
1 3 30
2 48 3
2 49 1
1 3 21
2 49 3
2 50 1
1 3 29
2 50 3
2 51 1
1 3 28
2 51 3
2 52 1
1 3 49
2 52 3
2 53 1
1 3 81
2 53 3
2 54 1
1 3 13
2 54 3
1 2 64
2 55 3
1 2 31
2 55 1
2 56 1
1 3 44
2 56 3
2 57 1
1 3 20
2 57 3
1 2 83
2 58 3
1 2 12
2 58 1
1 2 63
2 59 3
1 2 32
2 59 1
1 2 68
2 60 3
1 2 27
2 60 1
2 61 1
1 3 14
2 61 3
2 62 1
1 3 42
2 62 3
2 63 1
1 3 35
2 63 3
2 64 1
1 3 77
2 64 3
1 2 84
2 65 3
1 2 11
2 65 1
2 66 1
1 3 64
2 66 3
1 2 91
2 67 3
1 2 4
2 67 1
2 68 1
1 3 36
2 68 3
2 69 1
1 3 46
2 69 3
2 70 1
1 3 35
2 70 3
2 71 1
1 3 77
2 71 3
2 72 1
1 3 25
2 72 3
2 73 1
1 3 94
2 73 3
2 74 1
1 3 11
2 74 3
2 75 1
1 3 5
2 75 3
2 76 1
1 3 78
2 76 3
2 77 1
1 3 57
2 77 3
1 2 90
2 78 3
1 2 5
2 78 1
2 79 1
1 3 17
2 79 3
1 2 81
2 80 3
1 2 14
2 80 1
2 81 1
1 3 10
2 81 3
2 82 1
1 3 79
2 82 3
2 83 1
1 3 6
2 83 3
2 84 1
1 3 82
2 84 3
2 85 1
1 3 22
2 85 3
2 86 1
1 3 78
2 86 3
2 87 1
1 3 83
2 87 3
2 88 1
1 3 46
2 88 3
2 89 1
1 3 59
2 89 3
2 90 1
1 3 78
2 90 3
2 91 1
1 3 14
2 91 3
2 92 1
1 3 73
2 92 3
2 93 1
1 3 57
2 93 3
2 94 1
1 3 9
2 94 3
1 3 68
2 2 3
1 3 94
2 2 1
1 3 94
2 2 3
1 3 94
2 2 1
1 3 94
2 2 3
1 3 94
2 2 1
1 3 94
2 2 3
1 3 94
2 2 1
1 3 94
2 2 3
1 3 94
2 2 1
1 3 94
2 2 3
1 3 94
2 2 1
1 3 94
2 2 3
1 3 94
2 2 1
1 3 94
2 2 3
1 3 94
2 2 1
1 3 94
2 2 3
1 3 94
2 2 1
1 3 94
2 2 3
1 3 94
2 2 1
1 3 94
2 2 3
1 3 94
2 2 1
1 3 94
2 2 3
1 3 94
2 2 1
1 3 94
2 2 3
1 3 94
2 2 1
1 3 94
2 2 3
1 3 94
2 2 1
1 3 94
2 2 3
1 3 94
2 2 1
1 3 94
2 2 3
1 3 94
2 2 1
1 3 94
2 2 3
1 3 94
2 2 1
1 3 94
2 2 3
1 3 94
2 2 1
1 3 94
2 2 3
1 3 94
2 2 1
1 3 94
2 2 3
1 3 94
2 2 1
1 3 94
2 2 3
1 3 94
2 2 1
1 3 94
2 2 3
1 3 94
2 2 1
1 3 94
2 2 3
1 3 94
2 2 1
1 3 94
2 2 3
1 3 94
2 2 1
1 3 94
2 2 3
1 3 94
2 2 1
1 3 94
2 2 3
1 3 94
2 2 1
1 3 94
2 2 3
1 3 94
2 2 1
1 3 94
2 2 3
1 3 94
2 2 1
1 3 94
2 2 3
1 3 94
2 2 1
1 3 94
2 2 3
1 3 94
2 2 1
1 3 94
2 2 3
1 3 94
2 2 1
1 3 94
2 2 3
1 3 94
2 2 1
1 3 94
2 2 3
1 3 94
2 2 1
1 3 94
2 2 3
1 3 94
2 2 1
1 3 94
2 2 3
1 3 94
2 2 1
1 3 94
2 2 3
1 3 94
2 2 1
1 3 94
2 2 3
1 3 94
2 2 1
1 3 94
2 2 3
1 3 94
2 2 1
1 3 94
2 2 3
1 3 94
2 2 1
1 3 94
2 2 3
1 3 94
2 2 1
1 3 94
2 2 3
1 3 94
2 2 1
1 3 94
2 2 3
1 3 94
2 2 1
1 3 94
2 2 3
1 3 94
2 2 1
1 3 94
2 2 3
1 3 94
2 2 1
1 3 94
2 2 3
1 3 94
2 2 1
1 3 94
2 2 3
1 3 90
2 2 1
2 1 3
1 3 93
2 1 1
1 3 1
2 1 3
1 3 1
2 1 1
2 3 3
1 3 94
2 3 1
1 3 94
2 3 3
1 3 94
2 3 1
1 3 94
2 3 3
1 3 94
2 3 1
1 3 94
2 3 3
1 3 94
2 3 1
1 3 94
2 3 3
1 3 94
2 3 1
1 3 94
2 3 3
1 3 94
2 3 1
1 3 94
2 3 3
1 3 94
2 3 1
1 3 94
2 3 3
1 3 94
2 3 1
1 3 94
2 3 3
1 3 16
2 3 1
2 2 3
1 3 93
2 2 1
1 3 1
2 2 3
1 3 1
2 2 1
2 3 3
1 3 94
2 3 1
1 3 94
2 3 3
1 3 94
2 3 1
1 3 94
2 3 3
1 3 94
2 3 1
1 3 94
2 3 3
1 3 94
2 3 1
1 3 94
2 3 3
1 3 94
2 3 1
1 3 94
2 3 3
1 3 94
2 3 1
1 3 94
2 3 3
1 3 94
2 3 1
1 3 94
2 3 3
1 3 94
2 3 1
1 3 94
2 3 3
1 3 94
2 3 1
1 3 94
2 3 3
1 3 94
2 3 1
1 3 94
2 3 3
1 3 94
2 3 1
1 3 94
2 3 3
1 3 94
2 3 1
1 3 94
2 3 3
1 3 94
2 3 1
1 3 94
2 3 3
1 3 94
2 3 1
1 3 94
2 3 3
1 3 94
2 3 1
1 3 94
2 3 3
1 3 94
2 3 1
1 3 94
2 3 3
1 3 94
2 3 1
1 3 94
2 3 3
1 3 94
2 3 1
1 3 94
2 3 3
1 3 94
2 3 1
1 3 94
2 3 3
1 3 94
2 3 1
1 3 94
2 3 3
1 3 94
2 3 1
1 3 94
2 3 3
1 3 94
2 3 1
1 3 94
2 3 3
1 3 94
2 3 1
1 3 94
2 3 3
1 3 94
2 3 1
1 3 94
2 3 3
1 3 94
2 3 1
1 3 94
2 3 3
1 3 94
2 3 1
1 3 94
2 3 3
1 3 94
2 3 1
1 3 94
2 3 3
1 3 94
2 3 1
1 3 94
2 3 3
1 3 94
2 3 1
1 3 94
2 3 3
1 3 94
2 3 1
1 3 94
2 3 3
1 3 94
2 3 1
1 3 94
2 3 3
1 3 94
2 3 1
1 3 94
2 3 3
1 3 94
2 3 1
1 3 94
2 3 3
1 3 66
2 3 1
2 4 3
1 3 94
2 4 1
1 3 94
2 4 3
1 3 94
2 4 1
1 3 94
2 4 3
1 3 94
2 4 1
1 3 94
2 4 3
1 3 94
2 4 1
1 3 94
2 4 3
1 3 94
2 4 1
1 3 94
2 4 3
1 3 94
2 4 1
1 3 94
2 4 3
1 3 94
2 4 1
1 3 94
2 4 3
1 3 14
2 4 1
2 5 3
1 3 94
2 5 1
1 3 94
2 5 3
1 3 94
2 5 1
1 3 94
2 5 3
1 3 94
2 5 1
1 3 94
2 5 3
1 3 94
2 5 1
1 3 94
2 5 3
1 3 94
2 5 1
1 3 94
2 5 3
1 3 94
2 5 1
1 3 94
2 5 3
1 3 94
2 5 1
1 3 94
2 5 3
1 3 94
2 5 1
1 3 94
2 5 3
1 3 94
2 5 1
1 3 94
2 5 3
1 3 94
2 5 1
1 3 94
2 5 3
1 3 94
2 5 1
1 3 94
2 5 3
1 3 94
2 5 1
1 3 94
2 5 3
1 3 94
2 5 1
1 3 94
2 5 3
1 3 94
2 5 1
1 3 94
2 5 3
1 3 94
2 5 1
1 3 94
2 5 3
1 3 94
2 5 1
1 3 94
2 5 3
1 3 94
2 5 1
1 3 94
2 5 3
1 3 94
2 5 1
1 3 94
2 5 3
1 3 94
2 5 1
1 3 94
2 5 3
1 3 94
2 5 1
1 3 94
2 5 3
1 3 94
2 5 1
1 3 94
2 5 3
1 3 94
2 5 1
1 3 94
2 5 3
1 3 94
2 5 1
1 3 94
2 5 3
1 3 94
2 5 1
1 3 94
2 5 3
1 3 94
2 5 1
1 3 94
2 5 3
1 3 94
2 5 1
1 3 94
2 5 3
1 3 94
2 5 1
1 3 94
2 5 3
1 3 94
2 5 1
1 3 94
2 5 3
1 3 94
2 5 1
1 3 94
2 5 3
1 3 94
2 5 1
1 3 94
2 5 3
1 3 94
2 5 1
1 3 94
2 5 3
1 3 94
2 5 1
1 3 94
2 5 3
1 3 94
2 5 1
1 3 94
2 5 3
1 3 94
2 5 1
1 3 94
2 5 3
1 3 94
2 5 1
1 3 94
2 5 3
1 3 94
2 5 1
1 3 94
2 5 3
1 3 94
2 5 1
1 3 94
2 5 3
1 3 94
2 5 1
1 3 94
2 5 3
1 3 76
2 5 1
2 7 3
1 3 94
2 7 1
1 3 94
2 7 3
1 3 94
2 7 1
1 3 94
2 7 3
1 3 94
2 7 1
1 3 94
2 7 3
1 3 94
2 7 1
1 3 94
2 7 3
1 3 94
2 7 1
1 3 94
2 7 3
1 3 94
2 7 1
1 3 94
2 7 3
1 3 94
2 7 1
1 3 94
2 7 3
1 3 94
2 7 1
1 3 94
2 7 3
1 3 94
2 7 1
1 3 94
2 7 3
1 3 94
2 7 1
1 3 94
2 7 3
1 3 94
2 7 1
1 3 94
2 7 3
1 3 94
2 7 1
1 3 94
2 7 3
1 3 94
2 7 1
1 3 94
2 7 3
1 3 94
2 7 1
1 3 94
2 7 3
1 3 94
2 7 1
1 3 94
2 7 3
1 3 94
2 7 1
1 3 94
2 7 3
1 3 32
2 7 1
2 6 3
1 3 93
2 6 1
1 3 1
2 6 3
1 3 1
2 6 1
2 8 3
1 3 94
2 8 1
1 3 94
2 8 3
1 3 94
2 8 1
1 3 94
2 8 3
1 3 94
2 8 1
1 3 94
2 8 3
1 3 6
2 8 1
2 7 3
1 3 93
2 7 1
1 3 1
2 7 3
1 3 1
2 7 1
2 8 3
1 3 94
2 8 1
1 3 94
2 8 3
1 3 94
2 8 1
1 3 94
2 8 3
1 3 94
2 8 1
1 3 94
2 8 3
1 3 94
2 8 1
1 3 94
2 8 3
1 3 94
2 8 1
1 3 94
2 8 3
1 3 94
2 8 1
1 3 94
2 8 3
1 3 94
2 8 1
1 3 94
2 8 3
1 3 94
2 8 1
1 3 94
2 8 3
1 3 94
2 8 1
1 3 94
2 8 3
1 3 94
2 8 1
1 3 94
2 8 3
1 3 94
2 8 1
1 3 94
2 8 3
1 3 94
2 8 1
1 3 94
2 8 3
1 3 94
2 8 1
1 3 94
2 8 3
1 3 94
2 8 1
1 3 94
2 8 3
1 3 94
2 8 1
1 3 94
2 8 3
1 3 94
2 8 1
1 3 94
2 8 3
1 3 94
2 8 1
1 3 94
2 8 3
1 3 94
2 8 1
1 3 94
2 8 3
1 3 94
2 8 1
1 3 94
2 8 3
1 3 94
2 8 1
1 3 94
2 8 3
1 3 40
2 8 1
2 9 3
1 3 94
2 9 1
1 3 94
2 9 3
1 3 94
2 9 1
1 3 94
2 9 3
1 3 94
2 9 1
1 3 94
2 9 3
1 3 94
2 9 1
1 3 94
2 9 3
1 3 94
2 9 1
1 3 94
2 9 3
1 3 94
2 9 1
1 3 94
2 9 3
1 3 12
2 9 1
2 11 3
1 3 94
2 11 1
1 3 94
2 11 3
1 3 94
2 11 1
1 3 94
2 11 3
1 3 94
2 11 1
1 3 94
2 11 3
1 3 94
2 11 1
1 3 94
2 11 3
1 3 94
2 11 1
1 3 94
2 11 3
1 3 94
2 11 1
1 3 94
2 11 3
1 3 94
2 11 1
1 3 94
2 11 3
1 3 94
2 11 1
1 3 94
2 11 3
1 3 94
2 11 1
1 3 94
2 11 3
1 3 94
2 11 1
1 3 94
2 11 3
1 3 94
2 11 1
1 3 94
2 11 3
1 3 94
2 11 1
1 3 94
2 11 3
1 3 94
2 11 1
1 3 94
2 11 3
1 3 94
2 11 1
1 3 94
2 11 3
1 3 94
2 11 1
1 3 94
2 11 3
1 3 94
2 11 1
1 3 94
2 11 3
1 3 94
2 11 1
1 3 94
2 11 3
1 3 94
2 11 1
1 3 94
2 11 3
1 3 94
2 11 1
1 3 94
2 11 3
1 3 94
2 11 1
1 3 94
2 11 3
1 3 40
2 11 1
2 10 3
1 3 93
2 10 1
1 3 1
2 10 3
1 3 1
2 10 1
2 11 3
1 3 94
2 11 1
1 3 94
2 11 3
1 3 94
2 11 1
1 3 94
2 11 3
1 3 94
2 11 1
1 3 94
2 11 3
1 3 94
2 11 1
1 3 94
2 11 3
1 3 94
2 11 1
1 3 94
2 11 3
1 3 94
2 11 1
1 3 94
2 11 3
1 3 94
2 11 1
1 3 94
2 11 3
1 3 94
2 11 1
1 3 94
2 11 3
1 3 94
2 11 1
1 3 94
2 11 3
1 3 94
2 11 1
1 3 94
2 11 3
1 3 94
2 11 1
1 3 94
2 11 3
1 3 94
2 11 1
1 3 94
2 11 3
1 3 94
2 11 1
1 3 94
2 11 3
1 3 94
2 11 1
1 3 94
2 11 3
1 3 94
2 11 1
1 3 94
2 11 3
1 3 94
2 11 1
1 3 94
2 11 3
1 3 94
2 11 1
1 3 94
2 11 3
1 3 34
2 11 1
2 12 3
1 3 94
2 12 1
1 3 94
2 12 3
1 3 94
2 12 1
1 3 94
2 12 3
1 3 94
2 12 1
1 3 94
2 12 3
1 3 94
2 12 1
1 3 94
2 12 3
1 3 94
2 12 1
1 3 94
2 12 3
1 3 94
2 12 1
1 3 94
2 12 3
1 3 94
2 12 1
1 3 94
2 12 3
1 3 94
2 12 1
1 3 94
2 12 3
1 3 94
2 12 1
1 3 94
2 12 3
1 3 94
2 12 1
1 3 94
2 12 3
1 3 94
2 12 1
1 3 94
2 12 3
1 3 94
2 12 1
1 3 94
2 12 3
1 3 94
2 12 1
1 3 94
2 12 3
1 3 94
2 12 1
1 3 94
2 12 3
1 3 94
2 12 1
1 3 94
2 12 3
1 3 94
2 12 1
1 3 94
2 12 3
1 3 94
2 12 1
1 3 94
2 12 3
1 3 94
2 12 1
1 3 94
2 12 3
1 3 94
2 12 1
1 3 94
2 12 3
1 3 94
2 12 1
1 3 94
2 12 3
1 3 94
2 12 1
1 3 94
2 12 3
1 3 94
2 12 1
1 3 94
2 12 3
1 3 94
2 12 1
1 3 94
2 12 3
1 3 94
2 12 1
1 3 94
2 12 3
1 3 94
2 12 1
1 3 94
2 12 3
1 3 94
2 12 1
1 3 94
2 12 3
1 3 94
2 12 1
1 3 94
2 12 3
1 3 94
2 12 1
1 3 94
2 12 3
1 3 94
2 12 1
1 3 94
2 12 3
1 3 94
2 12 1
1 3 94
2 12 3
1 3 94
2 12 1
1 3 94
2 12 3
1 3 94
2 12 1
1 3 94
2 12 3
1 3 94
2 12 1
1 3 94
2 12 3
1 3 94
2 12 1
1 3 94
2 12 3
1 3 94
2 12 1
1 3 94
2 12 3
1 3 70
2 12 1
2 13 3
1 3 94
2 13 1
1 3 94
2 13 3
1 3 94
2 13 1
1 3 94
2 13 3
1 3 94
2 13 1
1 3 94
2 13 3
1 3 94
2 13 1
1 3 94
2 13 3
1 3 94
2 13 1
1 3 94
2 13 3
1 3 94
2 13 1
1 3 94
2 13 3
1 3 94
2 13 1
1 3 94
2 13 3
1 3 94
2 13 1
1 3 94
2 13 3
1 3 94
2 13 1
1 3 94
2 13 3
1 3 94
2 13 1
1 3 94
2 13 3
1 3 94
2 13 1
1 3 94
2 13 3
1 3 94
2 13 1
1 3 94
2 13 3
1 3 94
2 13 1
1 3 94
2 13 3
1 3 94
2 13 1
1 3 94
2 13 3
1 3 94
2 13 1
1 3 94
2 13 3
1 3 94
2 13 1
1 3 94
2 13 3
1 3 94
2 13 1
1 3 94
2 13 3
1 3 94
2 13 1
1 3 94
2 13 3
1 3 94
2 13 1
1 3 94
2 13 3
1 3 94
2 13 1
1 3 94
2 13 3
1 3 94
2 13 1
1 3 94
2 13 3
1 3 94
2 13 1
1 3 94
2 13 3
1 3 44
2 13 1
2 15 3
1 3 94
2 15 1
1 3 94
2 15 3
1 3 94
2 15 1
1 3 94
2 15 3
1 3 94
2 15 1
1 3 94
2 15 3
1 3 94
2 15 1
1 3 94
2 15 3
1 3 94
2 15 1
1 3 94
2 15 3
1 3 94
2 15 1
1 3 94
2 15 3
1 3 94
2 15 1
1 3 94
2 15 3
1 3 94
2 15 1
1 3 94
2 15 3
1 3 94
2 15 1
1 3 94
2 15 3
1 3 94
2 15 1
1 3 94
2 15 3
1 3 94
2 15 1
1 3 94
2 15 3
1 3 94
2 15 1
1 3 94
2 15 3
1 3 94
2 15 1
1 3 94
2 15 3
1 3 94
2 15 1
1 3 94
2 15 3
1 3 94
2 15 1
1 3 94
2 15 3
1 3 94
2 15 1
1 3 94
2 15 3
1 3 32
2 15 1
2 14 3
1 3 93
2 14 1
1 3 1
2 14 3
1 3 1
2 14 1
2 16 3
1 3 94
2 16 1
1 3 94
2 16 3
1 3 94
2 16 1
1 3 94
2 16 3
1 3 94
2 16 1
1 3 94
2 16 3
1 3 94
2 16 1
1 3 94
2 16 3
1 3 94
2 16 1
1 3 94
2 16 3
1 3 94
2 16 1
1 3 94
2 16 3
1 3 94
2 16 1
1 3 94
2 16 3
1 3 94
2 16 1
1 3 94
2 16 3
1 3 94
2 16 1
1 3 94
2 16 3
1 3 94
2 16 1
1 3 94
2 16 3
1 3 94
2 16 1
1 3 94
2 16 3
1 3 94
2 16 1
1 3 94
2 16 3
1 3 94
2 16 1
1 3 94
2 16 3
1 3 94
2 16 1
1 3 94
2 16 3
1 3 94
2 16 1
1 3 94
2 16 3
1 3 94
2 16 1
1 3 94
2 16 3
1 3 94
2 16 1
1 3 94
2 16 3
1 3 94
2 16 1
1 3 94
2 16 3
1 3 94
2 16 1
1 3 94
2 16 3
1 3 94
2 16 1
1 3 94
2 16 3
1 3 94
2 16 1
1 3 94
2 16 3
1 3 94
2 16 1
1 3 94
2 16 3
1 3 94
2 16 1
1 3 94
2 16 3
1 3 46
2 16 1
2 15 3
1 3 93
2 15 1
1 3 1
2 15 3
1 3 1
2 15 1
2 17 3
1 3 94
2 17 1
1 3 94
2 17 3
1 3 94
2 17 1
1 3 94
2 17 3
1 3 94
2 17 1
1 3 94
2 17 3
1 3 94
2 17 1
1 3 94
2 17 3
1 3 94
2 17 1
1 3 94
2 17 3
1 3 94
2 17 1
1 3 94
2 17 3
1 3 94
2 17 1
1 3 94
2 17 3
1 3 94
2 17 1
1 3 94
2 17 3
1 3 94
2 17 1
1 3 94
2 17 3
1 3 94
2 17 1
1 3 94
2 17 3
1 3 94
2 17 1
1 3 94
2 17 3
1 3 94
2 17 1
1 3 94
2 17 3
1 3 94
2 17 1
1 3 94
2 17 3
1 3 94
2 17 1
1 3 94
2 17 3
1 3 94
2 17 1
1 3 94
2 17 3
1 3 94
2 17 1
1 3 94
2 17 3
1 3 94
2 17 1
1 3 94
2 17 3
1 3 94
2 17 1
1 3 94
2 17 3
1 3 94
2 17 1
1 3 94
2 17 3
1 3 94
2 17 1
1 3 94
2 17 3
1 3 40
2 17 1
2 18 3
1 3 94
2 18 1
1 3 94
2 18 3
1 3 94
2 18 1
1 3 94
2 18 3
1 3 94
2 18 1
1 3 94
2 18 3
1 3 94
2 18 1
1 3 94
2 18 3
1 3 94
2 18 1
1 3 94
2 18 3
1 3 94
2 18 1
1 3 94
2 18 3
1 3 94
2 18 1
1 3 94
2 18 3
1 3 94
2 18 1
1 3 94
2 18 3
1 3 94
2 18 1
1 3 94
2 18 3
1 3 94
2 18 1
1 3 94
2 18 3
1 3 94
2 18 1
1 3 94
2 18 3
1 3 94
2 18 1
1 3 94
2 18 3
1 3 94
2 18 1
1 3 94
2 18 3
1 3 94
2 18 1
1 3 94
2 18 3
1 3 94
2 18 1
1 3 94
2 18 3
1 3 94
2 18 1
1 3 94
2 18 3
1 3 94
2 18 1
1 3 94
2 18 3
1 3 94
2 18 1
1 3 94
2 18 3
1 3 94
2 18 1
1 3 94
2 18 3
1 3 94
2 18 1
1 3 94
2 18 3
1 3 94
2 18 1
1 3 94
2 18 3
1 3 94
2 18 1
1 3 94
2 18 3
1 3 94
2 18 1
1 3 94
2 18 3
1 3 94
2 18 1
1 3 94
2 18 3
1 3 94
2 18 1
1 3 94
2 18 3
1 3 94
2 18 1
1 3 94
2 18 3
1 3 52
2 18 1
2 19 3
1 3 94
2 19 1
1 3 94
2 19 3
1 3 94
2 19 1
1 3 94
2 19 3
1 3 94
2 19 1
1 3 94
2 19 3
1 3 94
2 19 1
1 3 94
2 19 3
1 3 94
2 19 1
1 3 94
2 19 3
1 3 94
2 19 1
1 3 94
2 19 3
1 3 94
2 19 1
1 3 94
2 19 3
1 3 94
2 19 1
1 3 94
2 19 3
1 3 94
2 19 1
1 3 94
2 19 3
1 3 94
2 19 1
1 3 94
2 19 3
1 3 94
2 19 1
1 3 94
2 19 3
1 3 94
2 19 1
1 3 94
2 19 3
1 3 94
2 19 1
1 3 94
2 19 3
1 3 94
2 19 1
1 3 94
2 19 3
1 3 94
2 19 1
1 3 94
2 19 3
1 3 94
2 19 1
1 3 94
2 19 3
1 3 94
2 19 1
1 3 94
2 19 3
1 3 94
2 19 1
1 3 94
2 19 3
1 3 94
2 19 1
1 3 94
2 19 3
1 3 94
2 19 1
1 3 94
2 19 3
1 3 94
2 19 1
1 3 94
2 19 3
1 3 94
2 19 1
1 3 94
2 19 3
1 3 94
2 19 1
1 3 94
2 19 3
1 3 94
2 19 1
1 3 94
2 19 3
1 3 94
2 19 1
1 3 94
2 19 3
1 3 94
2 19 1
1 3 94
2 19 3
1 3 94
2 19 1
1 3 94
2 19 3
1 3 94
2 19 1
1 3 94
2 19 3
1 3 94
2 19 1
1 3 94
2 19 3
1 3 58
2 19 1
2 21 3
1 3 94
2 21 1
1 3 94
2 21 3
1 3 94
2 21 1
1 3 94
2 21 3
1 3 94
2 21 1
1 3 94
2 21 3
1 3 94
2 21 1
1 3 94
2 21 3
1 3 94
2 21 1
1 3 94
2 21 3
1 3 94
2 21 1
1 3 94
2 21 3
1 3 94
2 21 1
1 3 94
2 21 3
1 3 94
2 21 1
1 3 94
2 21 3
1 3 94
2 21 1
1 3 94
2 21 3
1 3 94
2 21 1
1 3 94
2 21 3
1 3 94
2 21 1
1 3 94
2 21 3
1 3 94
2 21 1
1 3 94
2 21 3
1 3 94
2 21 1
1 3 94
2 21 3
1 3 94
2 21 1
1 3 94
2 21 3
1 3 94
2 21 1
1 3 94
2 21 3
1 3 94
2 21 1
1 3 94
2 21 3
1 3 94
2 21 1
1 3 94
2 21 3
1 3 94
2 21 1
1 3 94
2 21 3
1 3 94
2 21 1
1 3 94
2 21 3
1 3 94
2 21 1
1 3 94
2 21 3
1 3 94
2 21 1
1 3 94
2 21 3
1 3 94
2 21 1
1 3 94
2 21 3
1 3 94
2 21 1
1 3 94
2 21 3
1 3 94
2 21 1
1 3 94
2 21 3
1 3 94
2 21 1
1 3 94
2 21 3
1 3 94
2 21 1
1 3 94
2 21 3
1 3 94
2 21 1
1 3 94
2 21 3
1 3 94
2 21 1
1 3 94
2 21 3
1 3 56
2 21 1
2 20 3
1 3 93
2 20 1
1 3 1
2 20 3
1 3 1
2 20 1
2 23 3
1 3 94
2 23 1
1 3 94
2 23 3
1 3 94
2 23 1
1 3 94
2 23 3
1 3 94
2 23 1
1 3 94
2 23 3
1 3 94
2 23 1
1 3 94
2 23 3
1 3 94
2 23 1
1 3 94
2 23 3
1 3 94
2 23 1
1 3 94
2 23 3
1 3 94
2 23 1
1 3 94
2 23 3
1 3 94
2 23 1
1 3 94
2 23 3
1 3 94
2 23 1
1 3 94
2 23 3
1 3 18
2 23 1
2 22 3
1 3 93
2 22 1
1 3 1
2 22 3
1 3 1
2 22 1
2 23 3
1 3 94
2 23 1
1 3 94
2 23 3
1 3 94
2 23 1
1 3 94
2 23 3
1 3 94
2 23 1
1 3 94
2 23 3
1 3 94
2 23 1
1 3 94
2 23 3
1 3 94
2 23 1
1 3 94
2 23 3
1 3 94
2 23 1
1 3 94
2 23 3
1 3 12
2 23 1
2 24 3
1 3 94
2 24 1
1 3 94
2 24 3
1 3 94
2 24 1
1 3 94
2 24 3
1 3 94
2 24 1
1 3 94
2 24 3
1 3 94
2 24 1
1 3 94
2 24 3
1 3 94
2 24 1
1 3 94
2 24 3
1 3 94
2 24 1
1 3 94
2 24 3
1 3 94
2 24 1
1 3 94
2 24 3
1 3 94
2 24 1
1 3 94
2 24 3
1 3 94
2 24 1
1 3 94
2 24 3
1 3 94
2 24 1
1 3 94
2 24 3
1 3 94
2 24 1
1 3 94
2 24 3
1 3 94
2 24 1
1 3 94
2 24 3
1 3 94
2 24 1
1 3 94
2 24 3
1 3 94
2 24 1
1 3 94
2 24 3
1 3 94
2 24 1
1 3 94
2 24 3
1 3 30
2 24 1
2 26 3
1 3 94
2 26 1
1 3 94
2 26 3
1 3 94
2 26 1
1 3 94
2 26 3
1 3 94
2 26 1
1 3 94
2 26 3
1 3 94
2 26 1
1 3 94
2 26 3
1 3 94
2 26 1
1 3 94
2 26 3
1 3 94
2 26 1
1 3 94
2 26 3
1 3 94
2 26 1
1 3 94
2 26 3
1 3 94
2 26 1
1 3 94
2 26 3
1 3 94
2 26 1
1 3 94
2 26 3
1 3 94
2 26 1
1 3 94
2 26 3
1 3 20
2 26 1
2 25 3
1 3 93
2 25 1
1 3 1
2 25 3
1 3 1
2 25 1
2 28 3
1 3 94
2 28 1
1 3 94
2 28 3
1 3 94
2 28 1
1 3 94
2 28 3
1 3 94
2 28 1
1 3 94
2 28 3
1 3 94
2 28 1
1 3 94
2 28 3
1 3 94
2 28 1
1 3 94
2 28 3
1 3 94
2 28 1
1 3 94
2 28 3
1 3 94
2 28 1
1 3 94
2 28 3
1 3 94
2 28 1
1 3 94
2 28 3
1 3 94
2 28 1
1 3 94
2 28 3
1 3 94
2 28 1
1 3 94
2 28 3
1 3 94
2 28 1
1 3 94
2 28 3
1 3 94
2 28 1
1 3 94
2 28 3
1 3 94
2 28 1
1 3 94
2 28 3
1 3 94
2 28 1
1 3 94
2 28 3
1 3 94
2 28 1
1 3 94
2 28 3
1 3 94
2 28 1
1 3 94
2 28 3
1 3 94
2 28 1
1 3 94
2 28 3
1 3 94
2 28 1
1 3 94
2 28 3
1 3 94
2 28 1
1 3 94
2 28 3
1 3 94
2 28 1
1 3 94
2 28 3
1 3 94
2 28 1
1 3 94
2 28 3
1 3 42
2 28 1
2 27 3
1 3 93
2 27 1
1 3 1
2 27 3
1 3 1
2 27 1
2 29 3
1 3 94
2 29 1
1 3 94
2 29 3
1 3 94
2 29 1
1 3 94
2 29 3
1 3 94
2 29 1
1 3 94
2 29 3
1 3 94
2 29 1
1 3 94
2 29 3
1 3 94
2 29 1
1 3 94
2 29 3
1 3 94
2 29 1
1 3 94
2 29 3
1 3 94
2 29 1
1 3 94
2 29 3
1 3 94
2 29 1
1 3 94
2 29 3
1 3 94
2 29 1
1 3 94
2 29 3
1 3 94
2 29 1
1 3 94
2 29 3
1 3 94
2 29 1
1 3 94
2 29 3
1 3 94
2 29 1
1 3 94
2 29 3
1 3 94
2 29 1
1 3 94
2 29 3
1 3 94
2 29 1
1 3 94
2 29 3
1 3 94
2 29 1
1 3 94
2 29 3
1 3 94
2 29 1
1 3 94
2 29 3
1 3 94
2 29 1
1 3 94
2 29 3
1 3 94
2 29 1
1 3 94
2 29 3
1 3 94
2 29 1
1 3 94
2 29 3
1 3 94
2 29 1
1 3 94
2 29 3
1 3 94
2 29 1
1 3 94
2 29 3
1 3 94
2 29 1
1 3 94
2 29 3
1 3 94
2 29 1
1 3 94
2 29 3
1 3 94
2 29 1
1 3 94
2 29 3
1 3 94
2 29 1
1 3 94
2 29 3
1 3 94
2 29 1
1 3 94
2 29 3
1 3 94
2 29 1
1 3 94
2 29 3
1 3 94
2 29 1
1 3 94
2 29 3
1 3 94
2 29 1
1 3 94
2 29 3
1 3 58
2 29 1
2 28 3
1 3 93
2 28 1
1 3 1
2 28 3
1 3 1
2 28 1
2 29 3
1 3 94
2 29 1
1 3 94
2 29 3
1 3 94
2 29 1
1 3 94
2 29 3
1 3 4
2 29 1
2 30 3
1 3 94
2 30 1
1 3 94
2 30 3
1 3 94
2 30 1
1 3 94
2 30 3
1 3 94
2 30 1
1 3 94
2 30 3
1 3 94
2 30 1
1 3 94
2 30 3
1 3 94
2 30 1
1 3 94
2 30 3
1 3 94
2 30 1
1 3 94
2 30 3
1 3 94
2 30 1
1 3 94
2 30 3
1 3 94
2 30 1
1 3 94
2 30 3
1 3 94
2 30 1
1 3 94
2 30 3
1 3 94
2 30 1
1 3 94
2 30 3
1 3 94
2 30 1
1 3 94
2 30 3
1 3 94
2 30 1
1 3 94
2 30 3
1 3 94
2 30 1
1 3 94
2 30 3
1 3 94
2 30 1
1 3 94
2 30 3
1 3 94
2 30 1
1 3 94
2 30 3
1 3 30
2 30 1
2 31 3
1 3 94
2 31 1
1 3 94
2 31 3
1 3 94
2 31 1
1 3 94
2 31 3
1 3 94
2 31 1
1 3 94
2 31 3
1 3 94
2 31 1
1 3 94
2 31 3
1 3 94
2 31 1
1 3 94
2 31 3
1 3 94
2 31 1
1 3 94
2 31 3
1 3 94
2 31 1
1 3 94
2 31 3
1 3 94
2 31 1
1 3 94
2 31 3
1 3 94
2 31 1
1 3 94
2 31 3
1 3 94
2 31 1
1 3 94
2 31 3
1 3 94
2 31 1
1 3 94
2 31 3
1 3 94
2 31 1
1 3 94
2 31 3
1 3 94
2 31 1
1 3 94
2 31 3
1 3 94
2 31 1
1 3 94
2 31 3
1 3 94
2 31 1
1 3 94
2 31 3
1 3 94
2 31 1
1 3 94
2 31 3
1 3 94
2 31 1
1 3 94
2 31 3
1 3 94
2 31 1
1 3 94
2 31 3
1 3 94
2 31 1
1 3 94
2 31 3
1 3 94
2 31 1
1 3 94
2 31 3
1 3 94
2 31 1
1 3 94
2 31 3
1 3 94
2 31 1
1 3 94
2 31 3
1 3 94
2 31 1
1 3 94
2 31 3
1 3 94
2 31 1
1 3 94
2 31 3
1 3 94
2 31 1
1 3 94
2 31 3
1 3 94
2 31 1
1 3 94
2 31 3
1 3 94
2 31 1
1 3 94
2 31 3
1 3 94
2 31 1
1 3 94
2 31 3
1 3 94
2 31 1
1 3 94
2 31 3
1 3 94
2 31 1
1 3 94
2 31 3
1 3 94
2 31 1
1 3 94
2 31 3
1 3 62
2 31 1
2 32 3
1 3 94
2 32 1
1 3 94
2 32 3
1 3 94
2 32 1
1 3 94
2 32 3
1 3 94
2 32 1
1 3 94
2 32 3
1 3 94
2 32 1
1 3 94
2 32 3
1 3 94
2 32 1
1 3 94
2 32 3
1 3 10
2 32 1
2 34 3
1 3 94
2 34 1
1 3 94
2 34 3
1 3 94
2 34 1
1 3 94
2 34 3
1 3 94
2 34 1
1 3 94
2 34 3
1 3 94
2 34 1
1 3 94
2 34 3
1 3 94
2 34 1
1 3 94
2 34 3
1 3 94
2 34 1
1 3 94
2 34 3
1 3 94
2 34 1
1 3 94
2 34 3
1 3 94
2 34 1
1 3 94
2 34 3
1 3 94
2 34 1
1 3 94
2 34 3
1 3 94
2 34 1
1 3 94
2 34 3
1 3 94
2 34 1
1 3 94
2 34 3
1 3 94
2 34 1
1 3 94
2 34 3
1 3 94
2 34 1
1 3 94
2 34 3
1 3 94
2 34 1
1 3 94
2 34 3
1 3 28
2 34 1
2 33 3
1 3 93
2 33 1
1 3 1
2 33 3
1 3 1
2 33 1
2 35 3
1 3 94
2 35 1
1 3 94
2 35 3
1 3 94
2 35 1
1 3 94
2 35 3
1 3 94
2 35 1
1 3 94
2 35 3
1 3 94
2 35 1
1 3 94
2 35 3
1 3 94
2 35 1
1 3 94
2 35 3
1 3 94
2 35 1
1 3 94
2 35 3
1 3 94
2 35 1
1 3 94
2 35 3
1 3 94
2 35 1
1 3 94
2 35 3
1 3 94
2 35 1
1 3 94
2 35 3
1 3 94
2 35 1
1 3 94
2 35 3
1 3 94
2 35 1
1 3 94
2 35 3
1 3 94
2 35 1
1 3 94
2 35 3
1 3 24
2 35 1
2 34 3
1 3 93
2 34 1
1 3 1
2 34 3
1 3 1
2 34 1
2 35 3
1 3 94
2 35 1
1 3 94
2 35 3
1 3 94
2 35 1
1 3 94
2 35 3
1 3 94
2 35 1
1 3 94
2 35 3
1 3 94
2 35 1
1 3 94
2 35 3
1 3 94
2 35 1
1 3 94
2 35 3
1 3 94
2 35 1
1 3 94
2 35 3
1 3 94
2 35 1
1 3 94
2 35 3
1 3 94
2 35 1
1 3 94
2 35 3
1 3 94
2 35 1
1 3 94
2 35 3
1 3 94
2 35 1
1 3 94
2 35 3
1 3 94
2 35 1
1 3 94
2 35 3
1 3 94
2 35 1
1 3 94
2 35 3
1 3 94
2 35 1
1 3 94
2 35 3
1 3 94
2 35 1
1 3 94
2 35 3
1 3 94
2 35 1
1 3 94
2 35 3
1 3 94
2 35 1
1 3 94
2 35 3
1 3 32
2 35 1
2 37 3
1 3 94
2 37 1
1 3 94
2 37 3
1 3 94
2 37 1
1 3 94
2 37 3
1 3 94
2 37 1
1 3 94
2 37 3
1 3 94
2 37 1
1 3 94
2 37 3
1 3 94
2 37 1
1 3 94
2 37 3
1 3 94
2 37 1
1 3 94
2 37 3
1 3 94
2 37 1
1 3 94
2 37 3
1 3 94
2 37 1
1 3 94
2 37 3
1 3 94
2 37 1
1 3 94
2 37 3
1 3 94
2 37 1
1 3 94
2 37 3
1 3 94
2 37 1
1 3 94
2 37 3
1 3 94
2 37 1
1 3 94
2 37 3
1 3 94
2 37 1
1 3 94
2 37 3
1 3 94
2 37 1
1 3 94
2 37 3
1 3 94
2 37 1
1 3 94
2 37 3
1 3 94
2 37 1
1 3 94
2 37 3
1 3 32
2 37 1
2 36 3
1 3 93
2 36 1
1 3 1
2 36 3
1 3 1
2 36 1
2 38 3
1 3 94
2 38 1
1 3 94
2 38 3
1 3 94
2 38 1
1 3 94
2 38 3
1 3 94
2 38 1
1 3 94
2 38 3
1 3 94
2 38 1
1 3 94
2 38 3
1 3 94
2 38 1
1 3 94
2 38 3
1 3 94
2 38 1
1 3 94
2 38 3
1 3 94
2 38 1
1 3 94
2 38 3
1 3 94
2 38 1
1 3 94
2 38 3
1 3 94
2 38 1
1 3 94
2 38 3
1 3 94
2 38 1
1 3 94
2 38 3
1 3 94
2 38 1
1 3 94
2 38 3
1 3 94
2 38 1
1 3 94
2 38 3
1 3 94
2 38 1
1 3 94
2 38 3
1 3 94
2 38 1
1 3 94
2 38 3
1 3 94
2 38 1
1 3 94
2 38 3
1 3 94
2 38 1
1 3 94
2 38 3
1 3 94
2 38 1
1 3 94
2 38 3
1 3 94
2 38 1
1 3 94
2 38 3
1 3 36
2 38 1
2 37 3
1 3 93
2 37 1
1 3 1
2 37 3
1 3 1
2 37 1
2 38 3
1 3 94
2 38 1
1 3 94
2 38 3
1 3 94
2 38 1
1 3 94
2 38 3
1 3 94
2 38 1
1 3 94
2 38 3
1 3 94
2 38 1
1 3 94
2 38 3
1 3 94
2 38 1
1 3 94
2 38 3
1 3 94
2 38 1
1 3 94
2 38 3
1 3 94
2 38 1
1 3 94
2 38 3
1 3 94
2 38 1
1 3 94
2 38 3
1 3 94
2 38 1
1 3 94
2 38 3
1 3 94
2 38 1
1 3 94
2 38 3
1 3 94
2 38 1
1 3 94
2 38 3
1 3 94
2 38 1
1 3 94
2 38 3
1 3 94
2 38 1
1 3 94
2 38 3
1 3 94
2 38 1
1 3 94
2 38 3
1 3 94
2 38 1
1 3 94
2 38 3
1 3 94
2 38 1
1 3 94
2 38 3
1 3 94
2 38 1
1 3 94
2 38 3
1 3 94
2 38 1
1 3 94
2 38 3
1 3 94
2 38 1
1 3 94
2 38 3
1 3 94
2 38 1
1 3 94
2 38 3
1 3 94
2 38 1
1 3 94
2 38 3
1 3 94
2 38 1
1 3 94
2 38 3
1 3 94
2 38 1
1 3 94
2 38 3
1 3 94
2 38 1
1 3 94
2 38 3
1 3 94
2 38 1
1 3 94
2 38 3
1 3 94
2 38 1
1 3 94
2 38 3
1 3 94
2 38 1
1 3 94
2 38 3
1 3 94
2 38 1
1 3 94
2 38 3
1 3 56
2 38 1
2 39 3
1 3 94
2 39 1
1 3 94
2 39 3
1 3 94
2 39 1
1 3 94
2 39 3
1 3 94
2 39 1
1 3 94
2 39 3
1 3 94
2 39 1
1 3 94
2 39 3
1 3 94
2 39 1
1 3 94
2 39 3
1 3 94
2 39 1
1 3 94
2 39 3
1 3 94
2 39 1
1 3 94
2 39 3
1 3 94
2 39 1
1 3 94
2 39 3
1 3 94
2 39 1
1 3 94
2 39 3
1 3 94
2 39 1
1 3 94
2 39 3
1 3 94
2 39 1
1 3 94
2 39 3
1 3 94
2 39 1
1 3 94
2 39 3
1 3 94
2 39 1
1 3 94
2 39 3
1 3 94
2 39 1
1 3 94
2 39 3
1 3 94
2 39 1
1 3 94
2 39 3
1 3 94
2 39 1
1 3 94
2 39 3
1 3 94
2 39 1
1 3 94
2 39 3
1 3 94
2 39 1
1 3 94
2 39 3
1 3 94
2 39 1
1 3 94
2 39 3
1 3 94
2 39 1
1 3 94
2 39 3
1 3 94
2 39 1
1 3 94
2 39 3
1 3 94
2 39 1
1 3 94
2 39 3
1 3 94
2 39 1
1 3 94
2 39 3
1 3 46
2 39 1
2 41 3
1 3 94
2 41 1
1 3 94
2 41 3
1 3 94
2 41 1
1 3 94
2 41 3
1 3 94
2 41 1
1 3 94
2 41 3
1 3 94
2 41 1
1 3 94
2 41 3
1 3 94
2 41 1
1 3 94
2 41 3
1 3 94
2 41 1
1 3 94
2 41 3
1 3 94
2 41 1
1 3 94
2 41 3
1 3 94
2 41 1
1 3 94
2 41 3
1 3 94
2 41 1
1 3 94
2 41 3
1 3 94
2 41 1
1 3 94
2 41 3
1 3 94
2 41 1
1 3 94
2 41 3
1 3 22
2 41 1
2 45 3
1 3 94
2 45 1
1 3 94
2 45 3
1 3 94
2 45 1
1 3 94
2 45 3
1 3 94
2 45 1
1 3 94
2 45 3
1 3 94
2 45 1
1 3 94
2 45 3
1 3 94
2 45 1
1 3 94
2 45 3
1 3 94
2 45 1
1 3 94
2 45 3
1 3 94
2 45 1
1 3 94
2 45 3
1 3 94
2 45 1
1 3 94
2 45 3
1 3 16
2 45 1
2 44 3
1 3 93
2 44 1
1 3 1
2 44 3
1 3 1
2 44 1
2 46 3
1 3 94
2 46 1
1 3 94
2 46 3
1 3 94
2 46 1
1 3 94
2 46 3
1 3 94
2 46 1
1 3 94
2 46 3
1 3 94
2 46 1
1 3 94
2 46 3
1 3 94
2 46 1
1 3 94
2 46 3
1 3 94
2 46 1
1 3 94
2 46 3
1 3 94
2 46 1
1 3 94
2 46 3
1 3 94
2 46 1
1 3 94
2 46 3
1 3 94
2 46 1
1 3 94
2 46 3
1 3 94
2 46 1
1 3 94
2 46 3
1 3 94
2 46 1
1 3 94
2 46 3
1 3 94
2 46 1
1 3 94
2 46 3
1 3 94
2 46 1
1 3 94
2 46 3
1 3 94
2 46 1
1 3 94
2 46 3
1 3 94
2 46 1
1 3 94
2 46 3
1 3 94
2 46 1
1 3 94
2 46 3
1 3 32
2 46 1
2 45 3
1 3 93
2 45 1
1 3 1
2 45 3
1 3 1
2 45 1
2 46 3
1 3 94
2 46 1
1 3 94
2 46 3
1 3 94
2 46 1
1 3 94
2 46 3
1 3 4
2 46 1
2 47 3
1 3 94
2 47 1
1 3 94
2 47 3
1 3 94
2 47 1
1 3 94
2 47 3
1 3 94
2 47 1
1 3 94
2 47 3
1 3 94
2 47 1
1 3 94
2 47 3
1 3 94
2 47 1
1 3 94
2 47 3
1 3 94
2 47 1
1 3 94
2 47 3
1 3 94
2 47 1
1 3 94
2 47 3
1 3 94
2 47 1
1 3 94
2 47 3
1 3 94
2 47 1
1 3 94
2 47 3
1 3 94
2 47 1
1 3 94
2 47 3
1 3 94
2 47 1
1 3 94
2 47 3
1 3 94
2 47 1
1 3 94
2 47 3
1 3 94
2 47 1
1 3 94
2 47 3
1 3 94
2 47 1
1 3 94
2 47 3
1 3 94
2 47 1
1 3 94
2 47 3
1 3 94
2 47 1
1 3 94
2 47 3
1 3 94
2 47 1
1 3 94
2 47 3
1 3 34
2 47 1
2 48 3
1 3 94
2 48 1
1 3 94
2 48 3
1 3 94
2 48 1
1 3 94
2 48 3
1 3 94
2 48 1
1 3 94
2 48 3
1 3 94
2 48 1
1 3 94
2 48 3
1 3 94
2 48 1
1 3 94
2 48 3
1 3 94
2 48 1
1 3 94
2 48 3
1 3 94
2 48 1
1 3 94
2 48 3
1 3 94
2 48 1
1 3 94
2 48 3
1 3 94
2 48 1
1 3 94
2 48 3
1 3 94
2 48 1
1 3 94
2 48 3
1 3 94
2 48 1
1 3 94
2 48 3
1 3 94
2 48 1
1 3 94
2 48 3
1 3 24
2 48 1
2 50 3
1 3 94
2 50 1
1 3 94
2 50 3
1 3 94
2 50 1
1 3 94
2 50 3
1 3 94
2 50 1
1 3 94
2 50 3
1 3 94
2 50 1
1 3 94
2 50 3
1 3 94
2 50 1
1 3 94
2 50 3
1 3 94
2 50 1
1 3 94
2 50 3
1 3 94
2 50 1
1 3 94
2 50 3
1 3 94
2 50 1
1 3 94
2 50 3
1 3 94
2 50 1
1 3 94
2 50 3
1 3 94
2 50 1
1 3 94
2 50 3
1 3 94
2 50 1
1 3 94
2 50 3
1 3 94
2 50 1
1 3 94
2 50 3
1 3 94
2 50 1
1 3 94
2 50 3
1 3 94
2 50 1
1 3 94
2 50 3
1 3 94
2 50 1
1 3 94
2 50 3
1 3 94
2 50 1
1 3 94
2 50 3
1 3 94
2 50 1
1 3 94
2 50 3
1 3 94
2 50 1
1 3 94
2 50 3
1 3 94
2 50 1
1 3 94
2 50 3
1 3 94
2 50 1
1 3 94
2 50 3
1 3 94
2 50 1
1 3 94
2 50 3
1 3 94
2 50 1
1 3 94
2 50 3
1 3 44
2 50 1
2 49 3
1 3 93
2 49 1
1 3 1
2 49 3
1 3 1
2 49 1
2 51 3
1 3 94
2 51 1
1 3 94
2 51 3
1 3 94
2 51 1
1 3 94
2 51 3
1 3 94
2 51 1
1 3 94
2 51 3
1 3 94
2 51 1
1 3 94
2 51 3
1 3 94
2 51 1
1 3 94
2 51 3
1 3 10
2 51 1
2 50 3
1 3 93
2 50 1
1 3 1
2 50 3
1 3 1
2 50 1
2 52 3
1 3 94
2 52 1
1 3 94
2 52 3
1 3 94
2 52 1
1 3 94
2 52 3
1 3 94
2 52 1
1 3 94
2 52 3
1 3 94
2 52 1
1 3 94
2 52 3
1 3 94
2 52 1
1 3 94
2 52 3
1 3 10
2 52 1
2 51 3
1 3 93
2 51 1
1 3 1
2 51 3
1 3 1
2 51 1
2 53 3
1 3 94
2 53 1
1 3 94
2 53 3
1 3 94
2 53 1
1 3 94
2 53 3
1 3 94
2 53 1
1 3 94
2 53 3
1 3 94
2 53 1
1 3 94
2 53 3
1 3 94
2 53 1
1 3 94
2 53 3
1 3 94
2 53 1
1 3 94
2 53 3
1 3 12
2 53 1
2 52 3
1 3 93
2 52 1
1 3 1
2 52 3
1 3 1
2 52 1
2 53 3
1 3 94
2 53 1
1 3 94
2 53 3
1 3 94
2 53 1
1 3 94
2 53 3
1 3 94
2 53 1
1 3 94
2 53 3
1 3 94
2 53 1
1 3 94
2 53 3
1 3 94
2 53 1
1 3 94
2 53 3
1 3 94
2 53 1
1 3 94
2 53 3
1 3 94
2 53 1
1 3 94
2 53 3
1 3 14
2 53 1
2 55 3
1 3 94
2 55 1
1 3 94
2 55 3
1 3 94
2 55 1
1 3 94
2 55 3
1 3 94
2 55 1
1 3 94
2 55 3
1 3 94
2 55 1
1 3 94
2 55 3
1 3 94
2 55 1
1 3 94
2 55 3
1 3 94
2 55 1
1 3 94
2 55 3
1 3 94
2 55 1
1 3 94
2 55 3
1 3 14
2 55 1
2 56 3
1 3 94
2 56 1
1 3 94
2 56 3
1 3 94
2 56 1
1 3 94
2 56 3
1 3 4
2 56 1
2 57 3
1 3 94
2 57 1
1 3 94
2 57 3
1 3 94
2 57 1
1 3 94
2 57 3
1 3 4
2 57 1
2 59 3
1 3 94
2 59 1
1 3 94
2 59 3
1 3 94
2 59 1
1 3 94
2 59 3
1 3 94
2 59 1
1 3 94
2 59 3
1 3 94
2 59 1
1 3 94
2 59 3
1 3 94
2 59 1
1 3 94
2 59 3
1 3 94
2 59 1
1 3 94
2 59 3
1 3 94
2 59 1
1 3 94
2 59 3
1 3 94
2 59 1
1 3 94
2 59 3
1 3 16
2 59 1
2 58 3
1 3 93
2 58 1
1 3 1
2 58 3
1 3 1
2 58 1
2 60 3
1 3 94
2 60 1
1 3 94
2 60 3
1 3 94
2 60 1
1 3 94
2 60 3
1 3 94
2 60 1
1 3 94
2 60 3
1 3 94
2 60 1
1 3 94
2 60 3
1 3 94
2 60 1
1 3 94
2 60 3
1 3 94
2 60 1
1 3 94
2 60 3
1 3 94
2 60 1
1 3 94
2 60 3
1 3 94
2 60 1
1 3 94
2 60 3
1 3 94
2 60 1
1 3 94
2 60 3
1 3 94
2 60 1
1 3 94
2 60 3
1 3 94
2 60 1
1 3 94
2 60 3
1 3 94
2 60 1
1 3 94
2 60 3
1 3 94
2 60 1
1 3 94
2 60 3
1 3 94
2 60 1
1 3 94
2 60 3
1 3 94
2 60 1
1 3 94
2 60 3
1 3 94
2 60 1
1 3 94
2 60 3
1 3 32
2 60 1
2 59 3
1 3 93
2 59 1
1 3 1
2 59 3
1 3 1
2 59 1
2 61 3
1 3 94
2 61 1
1 3 94
2 61 3
1 3 94
2 61 1
1 3 94
2 61 3
1 3 94
2 61 1
1 3 94
2 61 3
1 3 94
2 61 1
1 3 94
2 61 3
1 3 94
2 61 1
1 3 94
2 61 3
1 3 94
2 61 1
1 3 94
2 61 3
1 3 94
2 61 1
1 3 94
2 61 3
1 3 94
2 61 1
1 3 94
2 61 3
1 3 94
2 61 1
1 3 94
2 61 3
1 3 94
2 61 1
1 3 94
2 61 3
1 3 94
2 61 1
1 3 94
2 61 3
1 3 94
2 61 1
1 3 94
2 61 3
1 3 94
2 61 1
1 3 94
2 61 3
1 3 94
2 61 1
1 3 94
2 61 3
1 3 28
2 61 1
2 60 3
1 3 93
2 60 1
1 3 1
2 60 3
1 3 1
2 60 1
2 61 3
1 3 94
2 61 1
1 3 94
2 61 3
1 3 94
2 61 1
1 3 94
2 61 3
1 3 94
2 61 1
1 3 94
2 61 3
1 3 94
2 61 1
1 3 94
2 61 3
1 3 94
2 61 1
1 3 94
2 61 3
1 3 94
2 61 1
1 3 94
2 61 3
1 3 94
2 61 1
1 3 94
2 61 3
1 3 94
2 61 1
1 3 94
2 61 3
1 3 94
2 61 1
1 3 94
2 61 3
1 3 94
2 61 1
1 3 94
2 61 3
1 3 94
2 61 1
1 3 94
2 61 3
1 3 94
2 61 1
1 3 94
2 61 3
1 3 94
2 61 1
1 3 94
2 61 3
1 3 26
2 61 1
2 63 3
1 3 94
2 63 1
1 3 94
2 63 3
1 3 94
2 63 1
1 3 94
2 63 3
1 3 94
2 63 1
1 3 94
2 63 3
1 3 94
2 63 1
1 3 94
2 63 3
1 3 94
2 63 1
1 3 94
2 63 3
1 3 94
2 63 1
1 3 94
2 63 3
1 3 94
2 63 1
1 3 94
2 63 3
1 3 94
2 63 1
1 3 94
2 63 3
1 3 94
2 63 1
1 3 94
2 63 3
1 3 94
2 63 1
1 3 94
2 63 3
1 3 94
2 63 1
1 3 94
2 63 3
1 3 94
2 63 1
1 3 94
2 63 3
1 3 94
2 63 1
1 3 94
2 63 3
1 3 26
2 63 1
2 62 3
1 3 93
2 62 1
1 3 1
2 62 3
1 3 1
2 62 1
2 64 3
1 3 94
2 64 1
1 3 94
2 64 3
1 3 94
2 64 1
1 3 94
2 64 3
1 3 94
2 64 1
1 3 94
2 64 3
1 3 94
2 64 1
1 3 94
2 64 3
1 3 8
2 64 1
2 63 3
1 3 93
2 63 1
1 3 1
2 63 3
1 3 1
2 63 1
2 65 3
1 3 94
2 65 1
1 3 94
2 65 3
1 3 94
2 65 1
1 3 94
2 65 3
1 3 94
2 65 1
1 3 94
2 65 3
1 3 94
2 65 1
1 3 94
2 65 3
1 3 94
2 65 1
1 3 94
2 65 3
1 3 94
2 65 1
1 3 94
2 65 3
1 3 94
2 65 1
1 3 94
2 65 3
1 3 94
2 65 1
1 3 94
2 65 3
1 3 94
2 65 1
1 3 94
2 65 3
1 3 94
2 65 1
1 3 94
2 65 3
1 3 94
2 65 1
1 3 94
2 65 3
1 3 94
2 65 1
1 3 94
2 65 3
1 3 94
2 65 1
1 3 94
2 65 3
1 3 26
2 65 1
2 64 3
1 3 93
2 64 1
1 3 1
2 64 3
1 3 1
2 64 1
2 65 3
1 3 94
2 65 1
1 3 94
2 65 3
1 3 94
2 65 1
1 3 94
2 65 3
1 3 94
2 65 1
1 3 94
2 65 3
1 3 94
2 65 1
1 3 94
2 65 3
1 3 8
2 65 1
2 66 3
1 3 94
2 66 1
1 3 94
2 66 3
1 3 94
2 66 1
1 3 94
2 66 3
1 3 94
2 66 1
1 3 94
2 66 3
1 3 94
2 66 1
1 3 94
2 66 3
1 3 94
2 66 1
1 3 94
2 66 3
1 3 94
2 66 1
1 3 94
2 66 3
1 3 94
2 66 1
1 3 94
2 66 3
1 3 94
2 66 1
1 3 94
2 66 3
1 3 16
2 66 1
2 68 3
1 3 94
2 68 1
1 3 94
2 68 3
1 3 94
2 68 1
1 3 94
2 68 3
1 3 94
2 68 1
1 3 94
2 68 3
1 3 94
2 68 1
1 3 94
2 68 3
1 3 94
2 68 1
1 3 94
2 68 3
1 3 94
2 68 1
1 3 94
2 68 3
1 3 94
2 68 1
1 3 94
2 68 3
1 3 94
2 68 1
1 3 94
2 68 3
1 3 94
2 68 1
1 3 94
2 68 3
1 3 94
2 68 1
1 3 94
2 68 3
1 3 94
2 68 1
1 3 94
2 68 3
1 3 94
2 68 1
1 3 94
2 68 3
1 3 94
2 68 1
1 3 94
2 68 3
1 3 26
2 68 1
2 67 3
1 3 93
2 67 1
1 3 1
2 67 3
1 3 1
2 67 1
2 69 3
1 3 94
2 69 1
1 3 94
2 69 3
1 3 94
2 69 1
1 3 94
2 69 3
1 3 94
2 69 1
1 3 94
2 69 3
1 3 94
2 69 1
1 3 94
2 69 3
1 3 94
2 69 1
1 3 94
2 69 3
1 3 94
2 69 1
1 3 94
2 69 3
1 3 94
2 69 1
1 3 94
2 69 3
1 3 94
2 69 1
1 3 94
2 69 3
1 3 94
2 69 1
1 3 94
2 69 3
1 3 94
2 69 1
1 3 94
2 69 3
1 3 20
2 69 1
2 68 3
1 3 93
2 68 1
1 3 1
2 68 3
1 3 1
2 68 1
2 70 3
1 3 94
2 70 1
1 3 94
2 70 3
1 3 94
2 70 1
1 3 94
2 70 3
1 3 94
2 70 1
1 3 94
2 70 3
1 3 94
2 70 1
1 3 94
2 70 3
1 3 94
2 70 1
1 3 94
2 70 3
1 3 94
2 70 1
1 3 94
2 70 3
1 3 94
2 70 1
1 3 94
2 70 3
1 3 94
2 70 1
1 3 94
2 70 3
1 3 94
2 70 1
1 3 94
2 70 3
1 3 94
2 70 1
1 3 94
2 70 3
1 3 94
2 70 1
1 3 94
2 70 3
1 3 94
2 70 1
1 3 94
2 70 3
1 3 24
2 70 1
2 69 3
1 3 93
2 69 1
1 3 1
2 69 3
1 3 1
2 69 1
2 71 3
1 3 94
2 71 1
1 3 94
2 71 3
1 3 94
2 71 1
1 3 94
2 71 3
1 3 94
2 71 1
1 3 94
2 71 3
1 3 94
2 71 1
1 3 94
2 71 3
1 3 94
2 71 1
1 3 94
2 71 3
1 3 94
2 71 1
1 3 94
2 71 3
1 3 94
2 71 1
1 3 94
2 71 3
1 3 14
2 71 1
2 70 3
1 3 93
2 70 1
1 3 1
2 70 3
1 3 1
2 70 1
2 72 3
1 3 94
2 72 1
1 3 94
2 72 3
1 3 94
2 72 1
1 3 94
2 72 3
1 3 94
2 72 1
1 3 94
2 72 3
1 3 94
2 72 1
1 3 94
2 72 3
1 3 94
2 72 1
1 3 94
2 72 3
1 3 94
2 72 1
1 3 94
2 72 3
1 3 94
2 72 1
1 3 94
2 72 3
1 3 14
2 72 1
2 71 3
1 3 93
2 71 1
1 3 1
2 71 3
1 3 1
2 71 1
2 73 3
1 3 94
2 73 1
1 3 94
2 73 3
1 3 94
2 73 1
1 3 94
2 73 3
1 3 94
2 73 1
1 3 94
2 73 3
1 3 6
2 73 1
2 72 3
1 3 93
2 72 1
1 3 1
2 72 3
1 3 1
2 72 1
2 74 3
1 3 94
2 74 1
1 3 94
2 74 3
1 3 94
2 74 1
1 3 94
2 74 3
1 3 4
2 74 1
2 73 3
1 3 93
2 73 1
1 3 1
2 73 3
1 3 1
2 73 1
2 76 3
1 3 0
2 76 1
2 75 3
1 3 93
2 75 1
1 3 1
2 75 3
1 3 1
2 75 1
2 76 3
1 3 94
2 76 1
1 3 94
2 76 3
1 3 94
2 76 1
1 3 94
2 76 3
1 3 94
2 76 1
1 3 94
2 76 3
1 3 94
2 76 1
1 3 94
2 76 3
1 3 94
2 76 1
1 3 94
2 76 3
1 3 94
2 76 1
1 3 94
2 76 3
1 3 94
2 76 1
1 3 94
2 76 3
1 3 14
2 76 1
2 77 3
1 3 94
2 77 1
1 3 94
2 77 3
1 3 94
2 77 1
1 3 94
2 77 3
1 3 94
2 77 1
1 3 94
2 77 3
1 3 94
2 77 1
1 3 94
2 77 3
1 3 94
2 77 1
1 3 94
2 77 3
1 3 10
2 77 1
2 79 3
1 3 94
2 79 1
1 3 94
2 79 3
1 3 94
2 79 1
1 3 94
2 79 3
1 3 4
2 79 1
2 78 3
1 3 93
2 78 1
1 3 1
2 78 3
1 3 1
2 78 1
2 79 3
1 3 94
2 79 1
1 3 94
2 79 3
1 3 94
2 79 1
1 3 94
2 79 3
1 3 94
2 79 1
1 3 94
2 79 3
1 3 6
2 79 1
2 81 3
1 3 94
2 81 1
1 3 94
2 81 3
1 3 94
2 81 1
1 3 94
2 81 3
1 3 94
2 81 1
1 3 94
2 81 3
1 3 94
2 81 1
1 3 94
2 81 3
1 3 94
2 81 1
1 3 94
2 81 3
1 3 94
2 81 1
1 3 94
2 81 3
1 3 12
2 81 1
2 80 3
1 3 93
2 80 1
1 3 1
2 80 3
1 3 1
2 80 1
2 82 3
1 3 94
2 82 1
1 3 94
2 82 3
1 3 94
2 82 1
1 3 94
2 82 3
1 3 94
2 82 1
1 3 94
2 82 3
1 3 94
2 82 1
1 3 94
2 82 3
1 3 94
2 82 1
1 3 94
2 82 3
1 3 94
2 82 1
1 3 94
2 82 3
1 3 12
2 82 1
2 81 3
1 3 93
2 81 1
1 3 1
2 81 3
1 3 1
2 81 1
2 82 3
1 3 94
2 82 1
1 3 94
2 82 3
1 3 94
2 82 1
1 3 94
2 82 3
1 3 94
2 82 1
1 3 94
2 82 3
1 3 94
2 82 1
1 3 94
2 82 3
1 3 8
2 82 1
2 84 3
1 3 0
2 84 1
2 83 3
1 3 93
2 83 1
1 3 1
2 83 3
1 3 1
2 83 1
2 85 3
1 3 94
2 85 1
1 3 94
2 85 3
1 3 94
2 85 1
1 3 94
2 85 3
1 3 94
2 85 1
1 3 94
2 85 3
1 3 94
2 85 1
1 3 94
2 85 3
1 3 8
2 85 1
2 84 3
1 3 93
2 84 1
1 3 1
2 84 3
1 3 1
2 84 1
2 86 3
1 3 94
2 86 1
1 3 94
2 86 3
1 3 94
2 86 1
1 3 94
2 86 3
1 3 4
2 86 1
2 85 3
1 3 93
2 85 1
1 3 1
2 85 3
1 3 1
2 85 1
2 86 3
1 3 94
2 86 1
1 3 94
2 86 3
1 3 94
2 86 1
1 3 94
2 86 3
1 3 4
2 86 1
2 88 3
1 3 94
2 88 1
1 3 94
2 88 3
1 3 2
2 88 1
2 90 3
1 3 0
2 90 1
2 89 3
1 3 93
2 89 1
1 3 1
2 89 3
1 3 1
2 89 1
2 90 3
1 3 94
2 90 1
1 3 94
2 90 3
1 3 2
2 90 1
2 92 3
1 3 94
2 92 1
1 3 94
2 92 3
1 3 2
2 92 1
2 91 3
1 3 93
2 91 1
1 3 1
2 91 3
1 3 1
2 91 1
1 3 2
2 0 3
1 3 94
2 0 1
1 3 1
2 0 3
1 3 93
1 0 1
2 0 3
1 0 94
2 0 3
1 0 1
2 0 2
1 0 94
