4495
1 0 67
2 43 1
1 1 54
2 1 1
2 52 1
1 1 46
2 2 1
2 24 1
1 1 75
2 3 1
2 52 1
1 1 48
2 4 1
2 70 1
1 1 31
2 5 1
1 1 82
2 6 1
1 1 53
2 7 1
2 57 1
1 1 47
2 8 1
1 1 47
2 9 1
2 44 1
1 1 62
2 10 1
1 1 22
2 11 1
2 30 1
1 1 78
2 12 1
2 46 1
1 1 63
2 13 1
1 1 46
2 14 1
1 1 86
2 15 1
1 1 61
2 16 1
2 29 1
1 1 84
2 17 1
2 61 1
1 1 53
2 18 1
2 58 1
1 1 57
2 19 1
1 1 89
2 20 1
1 1 94
2 21 1
2 46 1
1 1 72
2 22 1
1 1 19
2 23 1
2 24 1
1 1 32
2 25 1
1 1 53
2 26 1
2 65 1
1 1 58
2 27 1
1 1 69
2 28 1
2 89 1
1 1 36
2 29 1
1 1 41
2 30 1
1 1 12
2 31 1
1 1 10
2 32 1
1 1 5
2 33 1
2 94 1
1 1 36
2 34 1
1 1 77
2 35 1
2 71 1
1 1 61
2 36 1
1 1 36
2 37 1
2 40 1
1 1 94
2 38 1
1 1 19
2 39 1
2 93 1
1 1 43
2 40 1
1 1 65
2 41 1
1 1 36
2 42 1
1 1 68
2 43 1
2 69 1
1 1 71
2 44 1
2 47 1
1 1 94
2 45 1
1 1 2
2 46 1
2 87 1
1 1 56
2 47 1
1 1 35
2 48 1
1 1 32
2 49 1
1 1 29
2 50 1
1 1 65
2 51 1
1 1 92
2 52 1
2 94 1
1 1 55
2 53 1
1 1 74
2 54 1
1 1 59
2 55 1
1 1 3
2 56 1
1 1 41
2 57 1
1 1 34
2 58 1
1 1 53
2 59 1
1 1 56
2 60 1
1 1 84
2 61 1
1 1 71
2 62 1
2 79 1
1 1 80
2 63 1
1 1 91
2 64 1
2 71 1
1 1 90
2 65 1
1 1 2
2 66 1
1 1 47
2 67 1
1 1 46
2 68 1
1 1 6
2 69 1
2 81 1
1 1 85
2 70 1
1 1 27
2 71 1
1 1 16
2 72 1
1 1 1
2 73 1
2 75 1
1 1 95
2 74 1
1 1 51
2 75 1
1 1 25
2 76 1
1 1 82
2 77 1
2 90 1
1 1 84
2 78 1
1 1 13
2 79 1
1 1 30
2 80 1
2 90 1
1 1 87
2 81 1
1 1 46
2 82 1
1 1 92
2 83 1
1 1 70
2 84 1
1 1 34
2 85 1
1 1 67
2 86 1
1 1 16
2 87 1
1 1 40
2 88 1
1 1 21
2 89 1
1 1 4
2 90 1
1 1 91
2 91 1
1 1 52
2 92 1
1 1 90
2 93 1
1 1 36
2 94 1
1 1 26
2 95 1
1 1 8
2 2 1
1 1 95
2 2 1
1 1 95
2 2 1
1 1 95
2 2 1
1 1 95
2 2 1
1 1 4
2 2 1
2 1 1
1 1 94
2 1 1
1 1 1
2 1 1
1 1 1
2 1 1
2 3 1
1 1 95
2 3 1
1 1 95
2 3 1
1 1 95
2 3 1
1 1 95
2 3 1
1 1 95
2 3 1
1 1 95
2 3 1
1 1 95
2 3 1
1 1 95
2 3 1
1 1 95
2 3 1
1 1 95
2 3 1
1 1 95
2 3 1
1 1 95
2 3 1
1 1 95
2 3 1
1 1 95
2 3 1
1 1 95
2 3 1
1 1 95
2 3 1
1 1 95
2 3 1
1 1 95
2 3 1
1 1 95
2 3 1
1 1 95
2 3 1
1 1 95
2 3 1
1 1 95
2 3 1
1 1 95
2 3 1
1 1 95
2 3 1
1 1 95
2 3 1
1 1 95
2 3 1
1 1 95
2 3 1
1 1 95
2 3 1
1 1 95
2 3 1
1 1 95
2 3 1
1 1 95
2 3 1
1 1 95
2 3 1
1 1 32
2 3 1
2 2 1
1 1 94
2 2 1
1 1 1
2 2 1
1 1 1
2 2 1
2 4 1
1 1 95
2 4 1
1 1 95
2 4 1
1 1 95
2 4 1
1 1 95
2 4 1
1 1 95
2 4 1
1 1 95
2 4 1
1 1 95
2 4 1
1 1 95
2 4 1
1 1 95
2 4 1
1 1 95
2 4 1
1 1 95
2 4 1
1 1 95
2 4 1
1 1 95
2 4 1
1 1 95
2 4 1
1 1 95
2 4 1
1 1 95
2 4 1
1 1 95
2 4 1
1 1 95
2 4 1
1 1 95
2 4 1
1 1 95
2 4 1
1 1 95
2 4 1
1 1 95
2 4 1
1 1 95
2 4 1
1 1 95
2 4 1
1 1 95
2 4 1
1 1 95
2 4 1
1 1 95
2 4 1
1 1 95
2 4 1
1 1 95
2 4 1
1 1 95
2 4 1
1 1 95
2 4 1
1 1 95
2 4 1
1 1 95
2 4 1
1 1 95
2 4 1
1 1 95
2 4 1
1 1 95
2 4 1
1 1 95
2 4 1
1 1 95
2 4 1
1 1 95
2 4 1
1 1 95
2 4 1
1 1 95
2 4 1
1 1 95
2 4 1
1 1 95
2 4 1
1 1 95
2 4 1
1 1 95
2 4 1
1 1 95
2 4 1
1 1 95
2 4 1
1 1 95
2 4 1
1 1 95
2 4 1
1 1 95
2 4 1
1 1 95
2 4 1
1 1 95
2 4 1
1 1 95
2 4 1
1 1 95
2 4 1
1 1 95
2 4 1
1 1 95
2 4 1
1 1 95
2 4 1
1 1 95
2 4 1
1 1 95
2 4 1
1 1 95
2 4 1
1 1 95
2 4 1
1 1 95
2 4 1
1 1 95
2 4 1
1 1 95
2 4 1
1 1 64
2 4 1
2 3 1
1 1 94
2 3 1
1 1 1
2 3 1
1 1 1
2 3 1
2 4 1
1 1 95
2 4 1
1 1 95
2 4 1
1 1 95
2 4 1
1 1 95
2 4 1
1 1 95
2 4 1
1 1 95
2 4 1
1 1 95
2 4 1
1 1 95
2 4 1
1 1 95
2 4 1
1 1 95
2 4 1
1 1 95
2 4 1
1 1 95
2 4 1
1 1 95
2 4 1
1 1 95
2 4 1
1 1 95
2 4 1
1 1 95
2 4 1
1 1 95
2 4 1
1 1 95
2 4 1
1 1 95
2 4 1
1 1 95
2 4 1
1 1 95
2 4 1
1 1 95
2 4 1
1 1 95
2 4 1
1 1 95
2 4 1
1 1 95
2 4 1
1 1 95
2 4 1
1 1 95
2 4 1
1 1 95
2 4 1
1 1 95
2 4 1
1 1 95
2 4 1
1 1 95
2 4 1
1 1 95
2 4 1
1 1 95
2 4 1
1 1 95
2 4 1
1 1 95
2 4 1
1 1 95
2 4 1
1 1 95
2 4 1
1 1 95
2 4 1
1 1 95
2 4 1
1 1 95
2 4 1
1 1 95
2 4 1
1 1 95
2 4 1
1 1 95
2 4 1
1 1 95
2 4 1
1 1 44
2 4 1
2 5 1
1 1 95
2 5 1
1 1 95
2 5 1
1 1 2
2 5 1
2 6 1
1 1 95
2 6 1
1 1 95
2 6 1
1 1 2
2 6 1
2 7 1
1 1 95
2 7 1
1 1 95
2 7 1
1 1 95
2 7 1
1 1 95
2 7 1
1 1 95
2 7 1
1 1 95
2 7 1
1 1 95
2 7 1
1 1 95
2 7 1
1 1 95
2 7 1
1 1 95
2 7 1
1 1 95
2 7 1
1 1 95
2 7 1
1 1 95
2 7 1
1 1 95
2 7 1
1 1 95
2 7 1
1 1 95
2 7 1
1 1 95
2 7 1
1 1 95
2 7 1
1 1 95
2 7 1
1 1 95
2 7 1
1 1 95
2 7 1
1 1 95
2 7 1
1 1 95
2 7 1
1 1 95
2 7 1
1 1 95
2 7 1
1 1 95
2 7 1
1 1 95
2 7 1
1 1 95
2 7 1
1 1 95
2 7 1
1 1 95
2 7 1
1 1 95
2 7 1
1 1 95
2 7 1
1 1 95
2 7 1
1 1 95
2 7 1
1 1 95
2 7 1
1 1 95
2 7 1
1 1 95
2 7 1
1 1 95
2 7 1
1 1 95
2 7 1
1 1 95
2 7 1
1 1 95
2 7 1
1 1 95
2 7 1
1 1 95
2 7 1
1 1 95
2 7 1
1 1 95
2 7 1
1 1 95
2 7 1
1 1 95
2 7 1
1 1 95
2 7 1
1 1 95
2 7 1
1 1 95
2 7 1
1 1 95
2 7 1
1 1 95
2 7 1
1 1 95
2 7 1
1 1 95
2 7 1
1 1 95
2 7 1
1 1 95
2 7 1
1 1 95
2 7 1
1 1 95
2 7 1
1 1 95
2 7 1
1 1 95
2 7 1
1 1 60
2 7 1
2 8 1
1 1 95
2 8 1
1 1 95
2 8 1
1 1 95
2 8 1
1 1 95
2 8 1
1 1 95
2 8 1
1 1 95
2 8 1
1 1 6
2 8 1
2 9 1
1 1 95
2 9 1
1 1 95
2 9 1
1 1 2
2 9 1
2 10 1
1 1 95
2 10 1
1 1 95
2 10 1
1 1 95
2 10 1
1 1 95
2 10 1
1 1 95
2 10 1
1 1 95
2 10 1
1 1 95
2 10 1
1 1 95
2 10 1
1 1 95
2 10 1
1 1 95
2 10 1
1 1 95
2 10 1
1 1 95
2 10 1
1 1 95
2 10 1
1 1 95
2 10 1
1 1 95
2 10 1
1 1 95
2 10 1
1 1 95
2 10 1
1 1 95
2 10 1
1 1 95
2 10 1
1 1 95
2 10 1
1 1 95
2 10 1
1 1 95
2 10 1
1 1 95
2 10 1
1 1 95
2 10 1
1 1 95
2 10 1
1 1 95
2 10 1
1 1 95
2 10 1
1 1 95
2 10 1
1 1 95
2 10 1
1 1 95
2 10 1
1 1 30
2 10 1
2 11 1
1 1 95
2 11 1
1 1 95
2 11 1
1 1 95
2 11 1
1 1 95
2 11 1
1 1 95
2 11 1
1 1 95
2 11 1
1 1 95
2 11 1
1 1 95
2 11 1
1 1 95
2 11 1
1 1 95
2 11 1
1 1 95
2 11 1
1 1 95
2 11 1
1 1 95
2 11 1
1 1 95
2 11 1
1 1 95
2 11 1
1 1 95
2 11 1
1 1 95
2 11 1
1 1 95
2 11 1
1 1 95
2 11 1
1 1 95
2 11 1
1 1 95
2 11 1
1 1 95
2 11 1
1 1 95
2 11 1
1 1 95
2 11 1
1 1 95
2 11 1
1 1 95
2 11 1
1 1 95
2 11 1
1 1 95
2 11 1
1 1 95
2 11 1
1 1 95
2 11 1
1 1 95
2 11 1
1 1 95
2 11 1
1 1 95
2 11 1
1 1 95
2 11 1
1 1 95
2 11 1
1 1 95
2 11 1
1 1 95
2 11 1
1 1 95
2 11 1
1 1 95
2 11 1
1 1 95
2 11 1
1 1 95
2 11 1
1 1 95
2 11 1
1 1 95
2 11 1
1 1 95
2 11 1
1 1 95
2 11 1
1 1 95
2 11 1
1 1 95
2 11 1
1 1 95
2 11 1
1 1 95
2 11 1
1 1 95
2 11 1
1 1 95
2 11 1
1 1 95
2 11 1
1 1 95
2 11 1
1 1 95
2 11 1
1 1 95
2 11 1
1 1 95
2 11 1
1 1 95
2 11 1
1 1 95
2 11 1
1 1 95
2 11 1
1 1 95
2 11 1
1 1 95
2 11 1
1 1 95
2 11 1
1 1 95
2 11 1
1 1 95
2 11 1
1 1 95
2 11 1
1 1 95
2 11 1
1 1 95
2 11 1
1 1 95
2 11 1
1 1 95
2 11 1
1 1 95
2 11 1
1 1 95
2 11 1
1 1 95
2 11 1
1 1 95
2 11 1
1 1 95
2 11 1
1 1 74
2 11 1
2 12 1
1 1 95
2 12 1
1 1 95
2 12 1
1 1 95
2 12 1
1 1 95
2 12 1
1 1 95
2 12 1
1 1 95
2 12 1
1 1 95
2 12 1
1 1 95
2 12 1
1 1 95
2 12 1
1 1 95
2 12 1
1 1 10
2 12 1
2 14 1
1 1 0
2 14 1
2 13 1
1 1 94
2 13 1
1 1 1
2 13 1
1 1 1
2 13 1
2 15 1
1 1 95
2 15 1
1 1 95
2 15 1
1 1 95
2 15 1
1 1 95
2 15 1
1 1 95
2 15 1
1 1 95
2 15 1
1 1 6
2 15 1
2 14 1
1 1 94
2 14 1
1 1 1
2 14 1
1 1 1
2 14 1
2 15 1
1 1 95
2 15 1
1 1 95
2 15 1
1 1 95
2 15 1
1 1 95
2 15 1
1 1 95
2 15 1
1 1 95
2 15 1
1 1 95
2 15 1
1 1 95
2 15 1
1 1 95
2 15 1
1 1 95
2 15 1
1 1 95
2 15 1
1 1 95
2 15 1
1 1 95
2 15 1
1 1 95
2 15 1
1 1 95
2 15 1
1 1 95
2 15 1
1 1 95
2 15 1
1 1 95
2 15 1
1 1 95
2 15 1
1 1 95
2 15 1
1 1 95
2 15 1
1 1 95
2 15 1
1 1 95
2 15 1
1 1 95
2 15 1
1 1 95
2 15 1
1 1 95
2 15 1
1 1 95
2 15 1
1 1 95
2 15 1
1 1 95
2 15 1
1 1 95
2 15 1
1 1 95
2 15 1
1 1 95
2 15 1
1 1 95
2 15 1
1 1 95
2 15 1
1 1 95
2 15 1
1 1 95
2 15 1
1 1 95
2 15 1
1 1 95
2 15 1
1 1 95
2 15 1
1 1 95
2 15 1
1 1 95
2 15 1
1 1 95
2 15 1
1 1 95
2 15 1
1 1 95
2 15 1
1 1 95
2 15 1
1 1 95
2 15 1
1 1 95
2 15 1
1 1 95
2 15 1
1 1 95
2 15 1
1 1 95
2 15 1
1 1 95
2 15 1
1 1 95
2 15 1
1 1 95
2 15 1
1 1 95
2 15 1
1 1 95
2 15 1
1 1 95
2 15 1
1 1 95
2 15 1
1 1 95
2 15 1
1 1 95
2 15 1
1 1 95
2 15 1
1 1 95
2 15 1
1 1 95
2 15 1
1 1 95
2 15 1
1 1 95
2 15 1
1 1 95
2 15 1
1 1 95
2 15 1
1 1 95
2 15 1
1 1 95
2 15 1
1 1 95
2 15 1
1 1 95
2 15 1
1 1 95
2 15 1
1 1 95
2 15 1
1 1 95
2 15 1
1 1 95
2 15 1
1 1 95
2 15 1
1 1 95
2 15 1
1 1 95
2 15 1
1 1 95
2 15 1
1 1 78
2 15 1
2 16 1
1 1 95
2 16 1
1 1 95
2 16 1
1 1 95
2 16 1
1 1 95
2 16 1
1 1 95
2 16 1
1 1 95
2 16 1
1 1 95
2 16 1
1 1 95
2 16 1
1 1 95
2 16 1
1 1 95
2 16 1
1 1 95
2 16 1
1 1 95
2 16 1
1 1 95
2 16 1
1 1 95
2 16 1
1 1 95
2 16 1
1 1 95
2 16 1
1 1 95
2 16 1
1 1 95
2 16 1
1 1 95
2 16 1
1 1 95
2 16 1
1 1 95
2 16 1
1 1 95
2 16 1
1 1 95
2 16 1
1 1 95
2 16 1
1 1 95
2 16 1
1 1 95
2 16 1
1 1 95
2 16 1
1 1 95
2 16 1
1 1 95
2 16 1
1 1 95
2 16 1
1 1 95
2 16 1
1 1 95
2 16 1
1 1 95
2 16 1
1 1 95
2 16 1
1 1 95
2 16 1
1 1 95
2 16 1
1 1 95
2 16 1
1 1 95
2 16 1
1 1 95
2 16 1
1 1 95
2 16 1
1 1 95
2 16 1
1 1 95
2 16 1
1 1 95
2 16 1
1 1 95
2 16 1
1 1 95
2 16 1
1 1 95
2 16 1
1 1 95
2 16 1
1 1 95
2 16 1
1 1 95
2 16 1
1 1 95
2 16 1
1 1 95
2 16 1
1 1 95
2 16 1
1 1 95
2 16 1
1 1 95
2 16 1
1 1 95
2 16 1
1 1 95
2 16 1
1 1 95
2 16 1
1 1 95
2 16 1
1 1 95
2 16 1
1 1 95
2 16 1
1 1 95
2 16 1
1 1 95
2 16 1
1 1 95
2 16 1
1 1 95
2 16 1
1 1 95
2 16 1
1 1 95
2 16 1
1 1 95
2 16 1
1 1 95
2 16 1
1 1 95
2 16 1
1 1 95
2 16 1
1 1 95
2 16 1
1 1 95
2 16 1
1 1 95
2 16 1
1 1 95
2 16 1
1 1 95
2 16 1
1 1 95
2 16 1
1 1 95
2 16 1
1 1 95
2 16 1
1 1 78
2 16 1
2 17 1
1 1 95
2 17 1
1 1 95
2 17 1
1 1 95
2 17 1
1 1 95
2 17 1
1 1 95
2 17 1
1 1 95
2 17 1
1 1 95
2 17 1
1 1 95
2 17 1
1 1 95
2 17 1
1 1 95
2 17 1
1 1 95
2 17 1
1 1 95
2 17 1
1 1 95
2 17 1
1 1 95
2 17 1
1 1 95
2 17 1
1 1 95
2 17 1
1 1 95
2 17 1
1 1 95
2 17 1
1 1 95
2 17 1
1 1 95
2 17 1
1 1 95
2 17 1
1 1 95
2 17 1
1 1 95
2 17 1
1 1 95
2 17 1
1 1 95
2 17 1
1 1 95
2 17 1
1 1 95
2 17 1
1 1 95
2 17 1
1 1 95
2 17 1
1 1 95
2 17 1
1 1 95
2 17 1
1 1 95
2 17 1
1 1 95
2 17 1
1 1 95
2 17 1
1 1 95
2 17 1
1 1 95
2 17 1
1 1 95
2 17 1
1 1 95
2 17 1
1 1 95
2 17 1
1 1 95
2 17 1
1 1 95
2 17 1
1 1 95
2 17 1
1 1 95
2 17 1
1 1 95
2 17 1
1 1 95
2 17 1
1 1 95
2 17 1
1 1 95
2 17 1
1 1 95
2 17 1
1 1 95
2 17 1
1 1 95
2 17 1
1 1 95
2 17 1
1 1 95
2 17 1
1 1 95
2 17 1
1 1 95
2 17 1
1 1 95
2 17 1
1 1 95
2 17 1
1 1 95
2 17 1
1 1 95
2 17 1
1 1 95
2 17 1
1 1 95
2 17 1
1 1 95
2 17 1
1 1 95
2 17 1
1 1 95
2 17 1
1 1 95
2 17 1
1 1 95
2 17 1
1 1 95
2 17 1
1 1 95
2 17 1
1 1 95
2 17 1
1 1 95
2 17 1
1 1 95
2 17 1
1 1 95
2 17 1
1 1 95
2 17 1
1 1 95
2 17 1
1 1 95
2 17 1
1 1 95
2 17 1
1 1 95
2 17 1
1 1 95
2 17 1
1 1 95
2 17 1
1 1 78
2 17 1
2 18 1
1 1 95
2 18 1
1 1 95
2 18 1
1 1 95
2 18 1
1 1 95
2 18 1
1 1 95
2 18 1
1 1 95
2 18 1
1 1 95
2 18 1
1 1 95
2 18 1
1 1 95
2 18 1
1 1 95
2 18 1
1 1 95
2 18 1
1 1 95
2 18 1
1 1 95
2 18 1
1 1 95
2 18 1
1 1 95
2 18 1
1 1 95
2 18 1
1 1 95
2 18 1
1 1 95
2 18 1
1 1 95
2 18 1
1 1 95
2 18 1
1 1 95
2 18 1
1 1 95
2 18 1
1 1 95
2 18 1
1 1 95
2 18 1
1 1 95
2 18 1
1 1 95
2 18 1
1 1 95
2 18 1
1 1 95
2 18 1
1 1 95
2 18 1
1 1 95
2 18 1
1 1 95
2 18 1
1 1 95
2 18 1
1 1 95
2 18 1
1 1 95
2 18 1
1 1 95
2 18 1
1 1 95
2 18 1
1 1 95
2 18 1
1 1 95
2 18 1
1 1 95
2 18 1
1 1 95
2 18 1
1 1 95
2 18 1
1 1 95
2 18 1
1 1 95
2 18 1
1 1 95
2 18 1
1 1 95
2 18 1
1 1 95
2 18 1
1 1 95
2 18 1
1 1 95
2 18 1
1 1 95
2 18 1
1 1 95
2 18 1
1 1 95
2 18 1
1 1 95
2 18 1
1 1 95
2 18 1
1 1 95
2 18 1
1 1 95
2 18 1
1 1 95
2 18 1
1 1 95
2 18 1
1 1 95
2 18 1
1 1 95
2 18 1
1 1 95
2 18 1
1 1 95
2 18 1
1 1 95
2 18 1
1 1 95
2 18 1
1 1 95
2 18 1
1 1 95
2 18 1
1 1 95
2 18 1
1 1 95
2 18 1
1 1 95
2 18 1
1 1 95
2 18 1
1 1 95
2 18 1
1 1 95
2 18 1
1 1 95
2 18 1
1 1 95
2 18 1
1 1 95
2 18 1
1 1 74
2 18 1
2 21 1
1 1 95
2 21 1
1 1 95
2 21 1
1 1 95
2 21 1
1 1 95
2 21 1
1 1 95
2 21 1
1 1 95
2 21 1
1 1 95
2 21 1
1 1 95
2 21 1
1 1 95
2 21 1
1 1 95
2 21 1
1 1 95
2 21 1
1 1 95
2 21 1
1 1 95
2 21 1
1 1 95
2 21 1
1 1 95
2 21 1
1 1 95
2 21 1
1 1 95
2 21 1
1 1 95
2 21 1
1 1 95
2 21 1
1 1 95
2 21 1
1 1 20
2 21 1
2 20 1
1 1 94
2 20 1
1 1 1
2 20 1
1 1 1
2 20 1
2 21 1
1 1 95
2 21 1
1 1 95
2 21 1
1 1 95
2 21 1
1 1 95
2 21 1
1 1 95
2 21 1
1 1 95
2 21 1
1 1 95
2 21 1
1 1 95
2 21 1
1 1 95
2 21 1
1 1 95
2 21 1
1 1 95
2 21 1
1 1 95
2 21 1
1 1 95
2 21 1
1 1 95
2 21 1
1 1 95
2 21 1
1 1 95
2 21 1
1 1 95
2 21 1
1 1 95
2 21 1
1 1 95
2 21 1
1 1 95
2 21 1
1 1 95
2 21 1
1 1 95
2 21 1
1 1 95
2 21 1
1 1 95
2 21 1
1 1 95
2 21 1
1 1 95
2 21 1
1 1 95
2 21 1
1 1 95
2 21 1
1 1 95
2 21 1
1 1 95
2 21 1
1 1 95
2 21 1
1 1 95
2 21 1
1 1 95
2 21 1
1 1 95
2 21 1
1 1 34
2 21 1
2 23 1
1 1 0
2 23 1
2 22 1
1 1 94
2 22 1
1 1 1
2 22 1
1 1 1
2 22 1
2 23 1
1 1 95
2 23 1
1 1 95
2 23 1
1 1 95
2 23 1
1 1 95
2 23 1
1 1 95
2 23 1
1 1 95
2 23 1
1 1 95
2 23 1
1 1 95
2 23 1
1 1 95
2 23 1
1 1 95
2 23 1
1 1 95
2 23 1
1 1 95
2 23 1
1 1 95
2 23 1
1 1 95
2 23 1
1 1 95
2 23 1
1 1 95
2 23 1
1 1 95
2 23 1
1 1 95
2 23 1
1 1 95
2 23 1
1 1 95
2 23 1
1 1 20
2 23 1
2 24 1
1 1 95
2 24 1
1 1 95
2 24 1
1 1 2
2 24 1
2 25 1
1 1 95
2 25 1
1 1 95
2 25 1
1 1 95
2 25 1
1 1 95
2 25 1
1 1 95
2 25 1
1 1 95
2 25 1
1 1 95
2 25 1
1 1 95
2 25 1
1 1 95
2 25 1
1 1 95
2 25 1
1 1 95
2 25 1
1 1 95
2 25 1
1 1 95
2 25 1
1 1 95
2 25 1
1 1 95
2 25 1
1 1 95
2 25 1
1 1 95
2 25 1
1 1 95
2 25 1
1 1 95
2 25 1
1 1 95
2 25 1
1 1 95
2 25 1
1 1 95
2 25 1
1 1 95
2 25 1
1 1 95
2 25 1
1 1 95
2 25 1
1 1 95
2 25 1
1 1 95
2 25 1
1 1 95
2 25 1
1 1 95
2 25 1
1 1 95
2 25 1
1 1 95
2 25 1
1 1 95
2 25 1
1 1 95
2 25 1
1 1 95
2 25 1
1 1 95
2 25 1
1 1 95
2 25 1
1 1 95
2 25 1
1 1 95
2 25 1
1 1 95
2 25 1
1 1 95
2 25 1
1 1 95
2 25 1
1 1 95
2 25 1
1 1 42
2 25 1
2 27 1
1 1 95
2 27 1
1 1 95
2 27 1
1 1 95
2 27 1
1 1 95
2 27 1
1 1 95
2 27 1
1 1 95
2 27 1
1 1 95
2 27 1
1 1 95
2 27 1
1 1 95
2 27 1
1 1 95
2 27 1
1 1 95
2 27 1
1 1 95
2 27 1
1 1 95
2 27 1
1 1 95
2 27 1
1 1 95
2 27 1
1 1 95
2 27 1
1 1 95
2 27 1
1 1 95
2 27 1
1 1 18
2 27 1
2 26 1
1 1 94
2 26 1
1 1 1
2 26 1
1 1 1
2 26 1
2 28 1
1 1 95
2 28 1
1 1 95
2 28 1
1 1 95
2 28 1
1 1 95
2 28 1
1 1 95
2 28 1
1 1 95
2 28 1
1 1 95
2 28 1
1 1 95
2 28 1
1 1 95
2 28 1
1 1 95
2 28 1
1 1 95
2 28 1
1 1 95
2 28 1
1 1 95
2 28 1
1 1 95
2 28 1
1 1 95
2 28 1
1 1 95
2 28 1
1 1 95
2 28 1
1 1 95
2 28 1
1 1 95
2 28 1
1 1 95
2 28 1
1 1 95
2 28 1
1 1 95
2 28 1
1 1 95
2 28 1
1 1 95
2 28 1
1 1 95
2 28 1
1 1 95
2 28 1
1 1 95
2 28 1
1 1 95
2 28 1
1 1 95
2 28 1
1 1 95
2 28 1
1 1 95
2 28 1
1 1 95
2 28 1
1 1 95
2 28 1
1 1 95
2 28 1
1 1 34
2 28 1
2 29 1
1 1 95
2 29 1
1 1 95
2 29 1
1 1 95
2 29 1
1 1 95
2 29 1
1 1 95
2 29 1
1 1 95
2 29 1
1 1 95
2 29 1
1 1 95
2 29 1
1 1 95
2 29 1
1 1 95
2 29 1
1 1 95
2 29 1
1 1 95
2 29 1
1 1 95
2 29 1
1 1 95
2 29 1
1 1 95
2 29 1
1 1 95
2 29 1
1 1 95
2 29 1
1 1 95
2 29 1
1 1 95
2 29 1
1 1 95
2 29 1
1 1 95
2 29 1
1 1 95
2 29 1
1 1 95
2 29 1
1 1 95
2 29 1
1 1 95
2 29 1
1 1 95
2 29 1
1 1 95
2 29 1
1 1 95
2 29 1
1 1 28
2 29 1
2 31 1
1 1 95
2 31 1
1 1 95
2 31 1
1 1 95
2 31 1
1 1 95
2 31 1
1 1 95
2 31 1
1 1 95
2 31 1
1 1 95
2 31 1
1 1 95
2 31 1
1 1 95
2 31 1
1 1 95
2 31 1
1 1 95
2 31 1
1 1 95
2 31 1
1 1 95
2 31 1
1 1 95
2 31 1
1 1 95
2 31 1
1 1 95
2 31 1
1 1 95
2 31 1
1 1 95
2 31 1
1 1 95
2 31 1
1 1 95
2 31 1
1 1 95
2 31 1
1 1 95
2 31 1
1 1 95
2 31 1
1 1 95
2 31 1
1 1 95
2 31 1
1 1 95
2 31 1
1 1 95
2 31 1
1 1 95
2 31 1
1 1 95
2 31 1
1 1 95
2 31 1
1 1 95
2 31 1
1 1 95
2 31 1
1 1 95
2 31 1
1 1 95
2 31 1
1 1 95
2 31 1
1 1 95
2 31 1
1 1 95
2 31 1
1 1 95
2 31 1
1 1 95
2 31 1
1 1 95
2 31 1
1 1 95
2 31 1
1 1 95
2 31 1
1 1 95
2 31 1
1 1 95
2 31 1
1 1 44
2 31 1
2 30 1
1 1 94
2 30 1
1 1 1
2 30 1
1 1 1
2 30 1
2 32 1
1 1 95
2 32 1
1 1 95
2 32 1
1 1 95
2 32 1
1 1 95
2 32 1
1 1 95
2 32 1
1 1 95
2 32 1
1 1 95
2 32 1
1 1 95
2 32 1
1 1 95
2 32 1
1 1 95
2 32 1
1 1 95
2 32 1
1 1 95
2 32 1
1 1 95
2 32 1
1 1 95
2 32 1
1 1 95
2 32 1
1 1 95
2 32 1
1 1 95
2 32 1
1 1 95
2 32 1
1 1 95
2 32 1
1 1 95
2 32 1
1 1 95
2 32 1
1 1 95
2 32 1
1 1 95
2 32 1
1 1 95
2 32 1
1 1 24
2 32 1
2 34 1
1 1 95
2 34 1
1 1 95
2 34 1
1 1 95
2 34 1
1 1 95
2 34 1
1 1 95
2 34 1
1 1 95
2 34 1
1 1 95
2 34 1
1 1 95
2 34 1
1 1 95
2 34 1
1 1 95
2 34 1
1 1 95
2 34 1
1 1 95
2 34 1
1 1 95
2 34 1
1 1 95
2 34 1
1 1 95
2 34 1
1 1 95
2 34 1
1 1 95
2 34 1
1 1 95
2 34 1
1 1 95
2 34 1
1 1 95
2 34 1
1 1 95
2 34 1
1 1 95
2 34 1
1 1 95
2 34 1
1 1 95
2 34 1
1 1 95
2 34 1
1 1 95
2 34 1
1 1 95
2 34 1
1 1 95
2 34 1
1 1 28
2 34 1
2 33 1
1 1 94
2 33 1
1 1 1
2 33 1
1 1 1
2 33 1
2 34 1
1 1 95
2 34 1
1 1 95
2 34 1
1 1 95
2 34 1
1 1 95
2 34 1
1 1 95
2 34 1
1 1 95
2 34 1
1 1 95
2 34 1
1 1 95
2 34 1
1 1 95
2 34 1
1 1 95
2 34 1
1 1 95
2 34 1
1 1 95
2 34 1
1 1 95
2 34 1
1 1 95
2 34 1
1 1 95
2 34 1
1 1 95
2 34 1
1 1 95
2 34 1
1 1 95
2 34 1
1 1 95
2 34 1
1 1 95
2 34 1
1 1 95
2 34 1
1 1 95
2 34 1
1 1 95
2 34 1
1 1 95
2 34 1
1 1 95
2 34 1
1 1 95
2 34 1
1 1 95
2 34 1
1 1 95
2 34 1
1 1 95
2 34 1
1 1 95
2 34 1
1 1 95
2 34 1
1 1 95
2 34 1
1 1 95
2 34 1
1 1 95
2 34 1
1 1 95
2 34 1
1 1 95
2 34 1
1 1 95
2 34 1
1 1 95
2 34 1
1 1 95
2 34 1
1 1 95
2 34 1
1 1 95
2 34 1
1 1 95
2 34 1
1 1 95
2 34 1
1 1 95
2 34 1
1 1 44
2 34 1
2 36 1
1 1 95
2 36 1
1 1 95
2 36 1
1 1 95
2 36 1
1 1 95
2 36 1
1 1 95
2 36 1
1 1 95
2 36 1
1 1 95
2 36 1
1 1 95
2 36 1
1 1 95
2 36 1
1 1 95
2 36 1
1 1 95
2 36 1
1 1 95
2 36 1
1 1 95
2 36 1
1 1 95
2 36 1
1 1 95
2 36 1
1 1 95
2 36 1
1 1 95
2 36 1
1 1 95
2 36 1
1 1 95
2 36 1
1 1 95
2 36 1
1 1 95
2 36 1
1 1 95
2 36 1
1 1 95
2 36 1
1 1 95
2 36 1
1 1 95
2 36 1
1 1 95
2 36 1
1 1 95
2 36 1
1 1 95
2 36 1
1 1 95
2 36 1
1 1 95
2 36 1
1 1 95
2 36 1
1 1 95
2 36 1
1 1 95
2 36 1
1 1 95
2 36 1
1 1 95
2 36 1
1 1 95
2 36 1
1 1 95
2 36 1
1 1 95
2 36 1
1 1 95
2 36 1
1 1 95
2 36 1
1 1 40
2 36 1
2 35 1
1 1 94
2 35 1
1 1 1
2 35 1
1 1 1
2 35 1
2 37 1
1 1 95
2 37 1
1 1 95
2 37 1
1 1 95
2 37 1
1 1 95
2 37 1
1 1 95
2 37 1
1 1 95
2 37 1
1 1 95
2 37 1
1 1 95
2 37 1
1 1 95
2 37 1
1 1 95
2 37 1
1 1 95
2 37 1
1 1 95
2 37 1
1 1 95
2 37 1
1 1 95
2 37 1
1 1 95
2 37 1
1 1 95
2 37 1
1 1 95
2 37 1
1 1 95
2 37 1
1 1 95
2 37 1
1 1 95
2 37 1
1 1 95
2 37 1
1 1 95
2 37 1
1 1 95
2 37 1
1 1 95
2 37 1
1 1 95
2 37 1
1 1 95
2 37 1
1 1 95
2 37 1
1 1 95
2 37 1
1 1 95
2 37 1
1 1 95
2 37 1
1 1 95
2 37 1
1 1 95
2 37 1
1 1 32
2 37 1
2 36 1
1 1 94
2 36 1
1 1 1
2 36 1
1 1 1
2 36 1
2 37 1
1 1 95
2 37 1
1 1 95
2 37 1
1 1 95
2 37 1
1 1 95
2 37 1
1 1 95
2 37 1
1 1 95
2 37 1
1 1 95
2 37 1
1 1 95
2 37 1
1 1 95
2 37 1
1 1 95
2 37 1
1 1 95
2 37 1
1 1 95
2 37 1
1 1 95
2 37 1
1 1 95
2 37 1
1 1 95
2 37 1
1 1 95
2 37 1
1 1 95
2 37 1
1 1 95
2 37 1
1 1 95
2 37 1
1 1 95
2 37 1
1 1 95
2 37 1
1 1 95
2 37 1
1 1 95
2 37 1
1 1 95
2 37 1
1 1 95
2 37 1
1 1 95
2 37 1
1 1 95
2 37 1
1 1 95
2 37 1
1 1 95
2 37 1
1 1 95
2 37 1
1 1 95
2 37 1
1 1 95
2 37 1
1 1 95
2 37 1
1 1 95
2 37 1
1 1 95
2 37 1
1 1 95
2 37 1
1 1 95
2 37 1
1 1 95
2 37 1
1 1 95
2 37 1
1 1 95
2 37 1
1 1 95
2 37 1
1 1 95
2 37 1
1 1 95
2 37 1
1 1 95
2 37 1
1 1 95
2 37 1
1 1 95
2 37 1
1 1 95
2 37 1
1 1 95
2 37 1
1 1 95
2 37 1
1 1 95
2 37 1
1 1 95
2 37 1
1 1 95
2 37 1
1 1 95
2 37 1
1 1 95
2 37 1
1 1 95
2 37 1
1 1 95
2 37 1
1 1 95
2 37 1
1 1 95
2 37 1
1 1 58
2 37 1
2 38 1
1 1 95
2 38 1
1 1 95
2 38 1
1 1 95
2 38 1
1 1 95
2 38 1
1 1 95
2 38 1
1 1 95
2 38 1
1 1 95
2 38 1
1 1 95
2 38 1
1 1 95
2 38 1
1 1 95
2 38 1
1 1 95
2 38 1
1 1 95
2 38 1
1 1 95
2 38 1
1 1 95
2 38 1
1 1 95
2 38 1
1 1 95
2 38 1
1 1 95
2 38 1
1 1 95
2 38 1
1 1 95
2 38 1
1 1 95
2 38 1
1 1 95
2 38 1
1 1 95
2 38 1
1 1 95
2 38 1
1 1 95
2 38 1
1 1 95
2 38 1
1 1 95
2 38 1
1 1 95
2 38 1
1 1 95
2 38 1
1 1 95
2 38 1
1 1 95
2 38 1
1 1 95
2 38 1
1 1 95
2 38 1
1 1 95
2 38 1
1 1 95
2 38 1
1 1 95
2 38 1
1 1 95
2 38 1
1 1 95
2 38 1
1 1 95
2 38 1
1 1 95
2 38 1
1 1 95
2 38 1
1 1 95
2 38 1
1 1 95
2 38 1
1 1 95
2 38 1
1 1 95
2 38 1
1 1 95
2 38 1
1 1 95
2 38 1
1 1 46
2 38 1
2 39 1
1 1 95
2 39 1
1 1 95
2 39 1
1 1 95
2 39 1
1 1 95
2 39 1
1 1 95
2 39 1
1 1 95
2 39 1
1 1 95
2 39 1
1 1 95
2 39 1
1 1 95
2 39 1
1 1 95
2 39 1
1 1 95
2 39 1
1 1 95
2 39 1
1 1 95
2 39 1
1 1 95
2 39 1
1 1 95
2 39 1
1 1 95
2 39 1
1 1 95
2 39 1
1 1 95
2 39 1
1 1 95
2 39 1
1 1 95
2 39 1
1 1 95
2 39 1
1 1 95
2 39 1
1 1 95
2 39 1
1 1 95
2 39 1
1 1 95
2 39 1
1 1 95
2 39 1
1 1 95
2 39 1
1 1 95
2 39 1
1 1 95
2 39 1
1 1 95
2 39 1
1 1 95
2 39 1
1 1 95
2 39 1
1 1 95
2 39 1
1 1 95
2 39 1
1 1 95
2 39 1
1 1 95
2 39 1
1 1 95
2 39 1
1 1 95
2 39 1
1 1 95
2 39 1
1 1 95
2 39 1
1 1 95
2 39 1
1 1 95
2 39 1
1 1 95
2 39 1
1 1 95
2 39 1
1 1 95
2 39 1
1 1 95
2 39 1
1 1 95
2 39 1
1 1 95
2 39 1
1 1 95
2 39 1
1 1 95
2 39 1
1 1 95
2 39 1
1 1 95
2 39 1
1 1 95
2 39 1
1 1 95
2 39 1
1 1 54
2 39 1
2 40 1
1 1 95
2 40 1
1 1 95
2 40 1
1 1 95
2 40 1
1 1 95
2 40 1
1 1 95
2 40 1
1 1 95
2 40 1
1 1 95
2 40 1
1 1 95
2 40 1
1 1 95
2 40 1
1 1 95
2 40 1
1 1 95
2 40 1
1 1 95
2 40 1
1 1 12
2 40 1
2 42 1
1 1 95
2 42 1
1 1 95
2 42 1
1 1 95
2 42 1
1 1 95
2 42 1
1 1 95
2 42 1
1 1 95
2 42 1
1 1 95
2 42 1
1 1 95
2 42 1
1 1 95
2 42 1
1 1 95
2 42 1
1 1 95
2 42 1
1 1 95
2 42 1
1 1 95
2 42 1
1 1 95
2 42 1
1 1 95
2 42 1
1 1 95
2 42 1
1 1 95
2 42 1
1 1 95
2 42 1
1 1 95
2 42 1
1 1 95
2 42 1
1 1 95
2 42 1
1 1 95
2 42 1
1 1 95
2 42 1
1 1 95
2 42 1
1 1 95
2 42 1
1 1 95
2 42 1
1 1 95
2 42 1
1 1 95
2 42 1
1 1 95
2 42 1
1 1 95
2 42 1
1 1 95
2 42 1
1 1 95
2 42 1
1 1 32
2 42 1
2 41 1
1 1 94
2 41 1
1 1 1
2 41 1
1 1 1
2 41 1
2 42 1
1 1 95
2 42 1
1 1 95
2 42 1
1 1 95
2 42 1
1 1 95
2 42 1
1 1 95
2 42 1
1 1 95
2 42 1
1 1 6
2 42 1
2 44 1
1 1 95
2 44 1
1 1 95
2 44 1
1 1 95
2 44 1
1 1 95
2 44 1
1 1 95
2 44 1
1 1 95
2 44 1
1 1 95
2 44 1
1 1 95
2 44 1
1 1 95
2 44 1
1 1 95
2 44 1
1 1 95
2 44 1
1 1 95
2 44 1
1 1 95
2 44 1
1 1 95
2 44 1
1 1 95
2 44 1
1 1 95
2 44 1
1 1 95
2 44 1
1 1 95
2 44 1
1 1 95
2 44 1
1 1 95
2 44 1
1 1 95
2 44 1
1 1 95
2 44 1
1 1 95
2 44 1
1 1 95
2 44 1
1 1 95
2 44 1
1 1 95
2 44 1
1 1 95
2 44 1
1 1 95
2 44 1
1 1 95
2 44 1
1 1 95
2 44 1
1 1 95
2 44 1
1 1 95
2 44 1
1 1 95
2 44 1
1 1 95
2 44 1
1 1 95
2 44 1
1 1 95
2 44 1
1 1 95
2 44 1
1 1 95
2 44 1
1 1 95
2 44 1
1 1 95
2 44 1
1 1 95
2 44 1
1 1 95
2 44 1
1 1 95
2 44 1
1 1 95
2 44 1
1 1 95
2 44 1
1 1 95
2 44 1
1 1 95
2 44 1
1 1 95
2 44 1
1 1 48
2 44 1
2 43 1
1 1 94
2 43 1
1 1 1
2 43 1
1 1 1
2 43 1
2 44 1
1 1 95
2 44 1
1 1 95
2 44 1
1 1 95
2 44 1
1 1 95
2 44 1
1 1 95
2 44 1
1 1 95
2 44 1
1 1 95
2 44 1
1 1 95
2 44 1
1 1 95
2 44 1
1 1 95
2 44 1
1 1 95
2 44 1
1 1 95
2 44 1
1 1 95
2 44 1
1 1 95
2 44 1
1 1 95
2 44 1
1 1 95
2 44 1
1 1 95
2 44 1
1 1 95
2 44 1
1 1 95
2 44 1
1 1 95
2 44 1
1 1 95
2 44 1
1 1 95
2 44 1
1 1 95
2 44 1
1 1 95
2 44 1
1 1 95
2 44 1
1 1 95
2 44 1
1 1 95
2 44 1
1 1 95
2 44 1
1 1 95
2 44 1
1 1 95
2 44 1
1 1 95
2 44 1
1 1 95
2 44 1
1 1 95
2 44 1
1 1 95
2 44 1
1 1 95
2 44 1
1 1 95
2 44 1
1 1 36
2 44 1
2 45 1
1 1 95
2 45 1
1 1 95
2 45 1
1 1 95
2 45 1
1 1 95
2 45 1
1 1 95
2 45 1
1 1 95
2 45 1
1 1 95
2 45 1
1 1 95
2 45 1
1 1 95
2 45 1
1 1 95
2 45 1
1 1 95
2 45 1
1 1 95
2 45 1
1 1 95
2 45 1
1 1 95
2 45 1
1 1 95
2 45 1
1 1 95
2 45 1
1 1 95
2 45 1
1 1 95
2 45 1
1 1 95
2 45 1
1 1 95
2 45 1
1 1 95
2 45 1
1 1 95
2 45 1
1 1 95
2 45 1
1 1 95
2 45 1
1 1 95
2 45 1
1 1 95
2 45 1
1 1 95
2 45 1
1 1 95
2 45 1
1 1 28
2 45 1
2 46 1
1 1 95
2 46 1
1 1 95
2 46 1
1 1 95
2 46 1
1 1 95
2 46 1
1 1 95
2 46 1
1 1 95
2 46 1
1 1 6
2 46 1
2 47 1
1 1 95
2 47 1
1 1 95
2 47 1
1 1 95
2 47 1
1 1 95
2 47 1
1 1 95
2 47 1
1 1 95
2 47 1
1 1 95
2 47 1
1 1 95
2 47 1
1 1 8
2 47 1
2 48 1
1 1 95
2 48 1
1 1 95
2 48 1
1 1 95
2 48 1
1 1 95
2 48 1
1 1 95
2 48 1
1 1 95
2 48 1
1 1 95
2 48 1
1 1 95
2 48 1
1 1 95
2 48 1
1 1 95
2 48 1
1 1 95
2 48 1
1 1 95
2 48 1
1 1 95
2 48 1
1 1 95
2 48 1
1 1 95
2 48 1
1 1 95
2 48 1
1 1 95
2 48 1
1 1 95
2 48 1
1 1 95
2 48 1
1 1 95
2 48 1
1 1 95
2 48 1
1 1 95
2 48 1
1 1 95
2 48 1
1 1 95
2 48 1
1 1 95
2 48 1
1 1 95
2 48 1
1 1 95
2 48 1
1 1 95
2 48 1
1 1 95
2 48 1
1 1 95
2 48 1
1 1 95
2 48 1
1 1 95
2 48 1
1 1 95
2 48 1
1 1 95
2 48 1
1 1 95
2 48 1
1 1 95
2 48 1
1 1 95
2 48 1
1 1 95
2 48 1
1 1 38
2 48 1
2 50 1
1 1 95
2 50 1
1 1 95
2 50 1
1 1 95
2 50 1
1 1 95
2 50 1
1 1 95
2 50 1
1 1 95
2 50 1
1 1 95
2 50 1
1 1 95
2 50 1
1 1 95
2 50 1
1 1 95
2 50 1
1 1 95
2 50 1
1 1 95
2 50 1
1 1 95
2 50 1
1 1 95
2 50 1
1 1 95
2 50 1
1 1 95
2 50 1
1 1 95
2 50 1
1 1 95
2 50 1
1 1 95
2 50 1
1 1 95
2 50 1
1 1 95
2 50 1
1 1 95
2 50 1
1 1 22
2 50 1
2 49 1
1 1 94
2 49 1
1 1 1
2 49 1
1 1 1
2 49 1
2 51 1
1 1 95
2 51 1
1 1 95
2 51 1
1 1 95
2 51 1
1 1 95
2 51 1
1 1 95
2 51 1
1 1 95
2 51 1
1 1 95
2 51 1
1 1 95
2 51 1
1 1 8
2 51 1
2 50 1
1 1 94
2 50 1
1 1 1
2 50 1
1 1 1
2 50 1
2 51 1
1 1 95
2 51 1
1 1 95
2 51 1
1 1 95
2 51 1
1 1 95
2 51 1
1 1 95
2 51 1
1 1 95
2 51 1
1 1 95
2 51 1
1 1 95
2 51 1
1 1 95
2 51 1
1 1 95
2 51 1
1 1 10
2 51 1
2 52 1
1 1 95
2 52 1
1 1 95
2 52 1
1 1 95
2 52 1
1 1 95
2 52 1
1 1 95
2 52 1
1 1 95
2 52 1
1 1 95
2 52 1
1 1 95
2 52 1
1 1 95
2 52 1
1 1 95
2 52 1
1 1 95
2 52 1
1 1 95
2 52 1
1 1 95
2 52 1
1 1 95
2 52 1
1 1 14
2 52 1
2 53 1
1 1 95
2 53 1
1 1 95
2 53 1
1 1 95
2 53 1
1 1 95
2 53 1
1 1 95
2 53 1
1 1 95
2 53 1
1 1 95
2 53 1
1 1 95
2 53 1
1 1 95
2 53 1
1 1 95
2 53 1
1 1 95
2 53 1
1 1 95
2 53 1
1 1 95
2 53 1
1 1 95
2 53 1
1 1 95
2 53 1
1 1 95
2 53 1
1 1 95
2 53 1
1 1 95
2 53 1
1 1 95
2 53 1
1 1 95
2 53 1
1 1 95
2 53 1
1 1 95
2 53 1
1 1 95
2 53 1
1 1 95
2 53 1
1 1 95
2 53 1
1 1 95
2 53 1
1 1 95
2 53 1
1 1 95
2 53 1
1 1 95
2 53 1
1 1 95
2 53 1
1 1 95
2 53 1
1 1 95
2 53 1
1 1 32
2 53 1
2 55 1
1 1 0
2 55 1
2 54 1
1 1 94
2 54 1
1 1 1
2 54 1
1 1 1
2 54 1
2 57 1
1 1 95
2 57 1
1 1 95
2 57 1
1 1 95
2 57 1
1 1 95
2 57 1
1 1 95
2 57 1
1 1 95
2 57 1
1 1 95
2 57 1
1 1 95
2 57 1
1 1 95
2 57 1
1 1 95
2 57 1
1 1 95
2 57 1
1 1 95
2 57 1
1 1 95
2 57 1
1 1 95
2 57 1
1 1 95
2 57 1
1 1 95
2 57 1
1 1 95
2 57 1
1 1 95
2 57 1
1 1 95
2 57 1
1 1 95
2 57 1
1 1 95
2 57 1
1 1 95
2 57 1
1 1 95
2 57 1
1 1 95
2 57 1
1 1 95
2 57 1
1 1 95
2 57 1
1 1 95
2 57 1
1 1 95
2 57 1
1 1 95
2 57 1
1 1 95
2 57 1
1 1 95
2 57 1
1 1 95
2 57 1
1 1 95
2 57 1
1 1 95
2 57 1
1 1 95
2 57 1
1 1 95
2 57 1
1 1 36
2 57 1
2 56 1
1 1 94
2 56 1
1 1 1
2 56 1
1 1 1
2 56 1
2 58 1
1 1 95
2 58 1
1 1 95
2 58 1
1 1 95
2 58 1
1 1 95
2 58 1
1 1 95
2 58 1
1 1 95
2 58 1
1 1 95
2 58 1
1 1 95
2 58 1
1 1 95
2 58 1
1 1 95
2 58 1
1 1 95
2 58 1
1 1 95
2 58 1
1 1 12
2 58 1
2 57 1
1 1 94
2 57 1
1 1 1
2 57 1
1 1 1
2 57 1
2 58 1
1 1 95
2 58 1
1 1 95
2 58 1
1 1 95
2 58 1
1 1 95
2 58 1
1 1 95
2 58 1
1 1 95
2 58 1
1 1 95
2 58 1
1 1 95
2 58 1
1 1 95
2 58 1
1 1 95
2 58 1
1 1 95
2 58 1
1 1 95
2 58 1
1 1 95
2 58 1
1 1 95
2 58 1
1 1 95
2 58 1
1 1 95
2 58 1
1 1 95
2 58 1
1 1 95
2 58 1
1 1 95
2 58 1
1 1 95
2 58 1
1 1 20
2 58 1
2 60 1
1 1 95
2 60 1
1 1 95
2 60 1
1 1 95
2 60 1
1 1 95
2 60 1
1 1 95
2 60 1
1 1 95
2 60 1
1 1 6
2 60 1
2 59 1
1 1 94
2 59 1
1 1 1
2 59 1
1 1 1
2 59 1
2 60 1
1 1 95
2 60 1
1 1 95
2 60 1
1 1 95
2 60 1
1 1 95
2 60 1
1 1 95
2 60 1
1 1 95
2 60 1
1 1 95
2 60 1
1 1 95
2 60 1
1 1 95
2 60 1
1 1 95
2 60 1
1 1 95
2 60 1
1 1 95
2 60 1
1 1 95
2 60 1
1 1 95
2 60 1
1 1 95
2 60 1
1 1 95
2 60 1
1 1 95
2 60 1
1 1 95
2 60 1
1 1 95
2 60 1
1 1 95
2 60 1
1 1 20
2 60 1
2 62 1
1 1 95
2 62 1
1 1 95
2 62 1
1 1 95
2 62 1
1 1 95
2 62 1
1 1 95
2 62 1
1 1 95
2 62 1
1 1 95
2 62 1
1 1 95
2 62 1
1 1 95
2 62 1
1 1 95
2 62 1
1 1 95
2 62 1
1 1 95
2 62 1
1 1 95
2 62 1
1 1 95
2 62 1
1 1 95
2 62 1
1 1 95
2 62 1
1 1 95
2 62 1
1 1 95
2 62 1
1 1 95
2 62 1
1 1 95
2 62 1
1 1 20
2 62 1
2 61 1
1 1 94
2 61 1
1 1 1
2 61 1
1 1 1
2 61 1
2 62 1
1 1 95
2 62 1
1 1 95
2 62 1
1 1 95
2 62 1
1 1 95
2 62 1
1 1 95
2 62 1
1 1 95
2 62 1
1 1 95
2 62 1
1 1 95
2 62 1
1 1 95
2 62 1
1 1 95
2 62 1
1 1 95
2 62 1
1 1 95
2 62 1
1 1 95
2 62 1
1 1 95
2 62 1
1 1 95
2 62 1
1 1 95
2 62 1
1 1 95
2 62 1
1 1 95
2 62 1
1 1 18
2 62 1
2 64 1
1 1 0
2 64 1
2 63 1
1 1 94
2 63 1
1 1 1
2 63 1
1 1 1
2 63 1
2 64 1
1 1 95
2 64 1
1 1 95
2 64 1
1 1 95
2 64 1
1 1 95
2 64 1
1 1 95
2 64 1
1 1 95
2 64 1
1 1 95
2 64 1
1 1 95
2 64 1
1 1 95
2 64 1
1 1 95
2 64 1
1 1 10
2 64 1
2 65 1
1 1 95
2 65 1
1 1 95
2 65 1
1 1 95
2 65 1
1 1 95
2 65 1
1 1 95
2 65 1
1 1 95
2 65 1
1 1 95
2 65 1
1 1 95
2 65 1
1 1 95
2 65 1
1 1 95
2 65 1
1 1 95
2 65 1
1 1 95
2 65 1
1 1 95
2 65 1
1 1 95
2 65 1
1 1 95
2 65 1
1 1 95
2 65 1
1 1 95
2 65 1
1 1 95
2 65 1
1 1 18
2 65 1
2 66 1
1 1 95
2 66 1
1 1 95
2 66 1
1 1 95
2 66 1
1 1 95
2 66 1
1 1 95
2 66 1
1 1 95
2 66 1
1 1 95
2 66 1
1 1 95
2 66 1
1 1 95
2 66 1
1 1 95
2 66 1
1 1 95
2 66 1
1 1 95
2 66 1
1 1 95
2 66 1
1 1 95
2 66 1
1 1 95
2 66 1
1 1 95
2 66 1
1 1 95
2 66 1
1 1 95
2 66 1
1 1 95
2 66 1
1 1 95
2 66 1
1 1 95
2 66 1
1 1 95
2 66 1
1 1 95
2 66 1
1 1 95
2 66 1
1 1 24
2 66 1
2 67 1
1 1 95
2 67 1
1 1 95
2 67 1
1 1 95
2 67 1
1 1 95
2 67 1
1 1 95
2 67 1
1 1 95
2 67 1
1 1 95
2 67 1
1 1 95
2 67 1
1 1 95
2 67 1
1 1 95
2 67 1
1 1 95
2 67 1
1 1 95
2 67 1
1 1 95
2 67 1
1 1 95
2 67 1
1 1 95
2 67 1
1 1 95
2 67 1
1 1 95
2 67 1
1 1 95
2 67 1
1 1 95
2 67 1
1 1 95
2 67 1
1 1 95
2 67 1
1 1 95
2 67 1
1 1 95
2 67 1
1 1 95
2 67 1
1 1 95
2 67 1
1 1 95
2 67 1
1 1 26
2 67 1
2 68 1
1 1 95
2 68 1
1 1 95
2 68 1
1 1 95
2 68 1
1 1 95
2 68 1
1 1 95
2 68 1
1 1 95
2 68 1
1 1 95
2 68 1
1 1 95
2 68 1
1 1 95
2 68 1
1 1 95
2 68 1
1 1 95
2 68 1
1 1 95
2 68 1
1 1 95
2 68 1
1 1 95
2 68 1
1 1 95
2 68 1
1 1 95
2 68 1
1 1 95
2 68 1
1 1 95
2 68 1
1 1 95
2 68 1
1 1 95
2 68 1
1 1 95
2 68 1
1 1 95
2 68 1
1 1 22
2 68 1
2 69 1
1 1 95
2 69 1
1 1 95
2 69 1
1 1 95
2 69 1
1 1 95
2 69 1
1 1 4
2 69 1
2 70 1
1 1 95
2 70 1
1 1 95
2 70 1
1 1 95
2 70 1
1 1 95
2 70 1
1 1 95
2 70 1
1 1 95
2 70 1
1 1 95
2 70 1
1 1 95
2 70 1
1 1 95
2 70 1
1 1 95
2 70 1
1 1 95
2 70 1
1 1 95
2 70 1
1 1 95
2 70 1
1 1 95
2 70 1
1 1 95
2 70 1
1 1 95
2 70 1
1 1 16
2 70 1
2 72 1
1 1 95
2 72 1
1 1 95
2 72 1
1 1 95
2 72 1
1 1 95
2 72 1
1 1 4
2 72 1
2 71 1
1 1 94
2 71 1
1 1 1
2 71 1
1 1 1
2 71 1
2 72 1
1 1 95
2 72 1
1 1 95
2 72 1
1 1 95
2 72 1
1 1 95
2 72 1
1 1 95
2 72 1
1 1 95
2 72 1
1 1 95
2 72 1
1 1 95
2 72 1
1 1 95
2 72 1
1 1 95
2 72 1
1 1 95
2 72 1
1 1 95
2 72 1
1 1 12
2 72 1
2 73 1
1 1 95
2 73 1
1 1 95
2 73 1
1 1 95
2 73 1
1 1 95
2 73 1
1 1 95
2 73 1
1 1 95
2 73 1
1 1 95
2 73 1
1 1 95
2 73 1
1 1 95
2 73 1
1 1 95
2 73 1
1 1 95
2 73 1
1 1 95
2 73 1
1 1 95
2 73 1
1 1 95
2 73 1
1 1 95
2 73 1
1 1 95
2 73 1
1 1 16
2 73 1
2 75 1
1 1 0
2 75 1
2 74 1
1 1 94
2 74 1
1 1 1
2 74 1
1 1 1
2 74 1
2 76 1
1 1 95
2 76 1
1 1 95
2 76 1
1 1 95
2 76 1
1 1 95
2 76 1
1 1 95
2 76 1
1 1 95
2 76 1
1 1 95
2 76 1
1 1 95
2 76 1
1 1 95
2 76 1
1 1 95
2 76 1
1 1 95
2 76 1
1 1 95
2 76 1
1 1 95
2 76 1
1 1 95
2 76 1
1 1 95
2 76 1
1 1 95
2 76 1
1 1 16
2 76 1
2 77 1
1 1 95
2 77 1
1 1 95
2 77 1
1 1 95
2 77 1
1 1 95
2 77 1
1 1 95
2 77 1
1 1 95
2 77 1
1 1 95
2 77 1
1 1 95
2 77 1
1 1 8
2 77 1
2 79 1
1 1 95
2 79 1
1 1 95
2 79 1
1 1 95
2 79 1
1 1 95
2 79 1
1 1 95
2 79 1
1 1 95
2 79 1
1 1 95
2 79 1
1 1 95
2 79 1
1 1 95
2 79 1
1 1 95
2 79 1
1 1 95
2 79 1
1 1 95
2 79 1
1 1 95
2 79 1
1 1 95
2 79 1
1 1 14
2 79 1
2 78 1
1 1 94
2 78 1
1 1 1
2 78 1
1 1 1
2 78 1
2 80 1
1 1 95
2 80 1
1 1 95
2 80 1
1 1 95
2 80 1
1 1 95
2 80 1
1 1 95
2 80 1
1 1 95
2 80 1
1 1 95
2 80 1
1 1 95
2 80 1
1 1 95
2 80 1
1 1 95
2 80 1
1 1 10
2 80 1
2 79 1
1 1 94
2 79 1
1 1 1
2 79 1
1 1 1
2 79 1
2 81 1
1 1 95
2 81 1
1 1 95
2 81 1
1 1 95
2 81 1
1 1 95
2 81 1
1 1 95
2 81 1
1 1 95
2 81 1
1 1 95
2 81 1
1 1 95
2 81 1
1 1 95
2 81 1
1 1 95
2 81 1
1 1 95
2 81 1
1 1 95
2 81 1
1 1 12
2 81 1
2 80 1
1 1 94
2 80 1
1 1 1
2 80 1
1 1 1
2 80 1
2 82 1
1 1 0
2 82 1
2 81 1
1 1 94
2 81 1
1 1 1
2 81 1
1 1 1
2 81 1
2 82 1
1 1 95
2 82 1
1 1 95
2 82 1
1 1 95
2 82 1
1 1 95
2 82 1
1 1 95
2 82 1
1 1 95
2 82 1
1 1 95
2 82 1
1 1 95
2 82 1
1 1 95
2 82 1
1 1 95
2 82 1
1 1 10
2 82 1
2 84 1
1 1 95
2 84 1
1 1 95
2 84 1
1 1 95
2 84 1
1 1 95
2 84 1
1 1 4
2 84 1
2 83 1
1 1 94
2 83 1
1 1 1
2 83 1
1 1 1
2 83 1
2 85 1
1 1 95
2 85 1
1 1 95
2 85 1
1 1 95
2 85 1
1 1 95
2 85 1
1 1 4
2 85 1
2 84 1
1 1 94
2 84 1
1 1 1
2 84 1
1 1 1
2 84 1
2 87 1
1 1 95
2 87 1
1 1 95
2 87 1
1 1 95
2 87 1
1 1 95
2 87 1
1 1 95
2 87 1
1 1 95
2 87 1
1 1 6
2 87 1
2 89 1
1 1 0
2 89 1
2 88 1
1 1 94
2 88 1
1 1 1
2 88 1
1 1 1
2 88 1
2 91 1
1 1 95
2 91 1
1 1 95
2 91 1
1 1 2
2 91 1
2 90 1
1 1 94
2 90 1
1 1 1
2 90 1
1 1 1
2 90 1
2 92 1
1 1 95
2 92 1
1 1 95
2 92 1
1 1 2
2 92 1
2 91 1
1 1 94
2 91 1
1 1 1
2 91 1
1 1 1
2 91 1
2 92 1
1 1 95
2 92 1
1 1 95
2 92 1
1 1 2
2 92 1
2 94 1
1 1 0
2 94 1
2 93 1
1 1 94
2 93 1
1 1 1
2 93 1
1 1 1
2 93 1
1 1 2
2 0 1
1 1 95
2 0 1
1 1 1
2 0 1
1 1 94
1 0 1
2 0 0
1 0 95
