6218
1 3 46
2 0 1
1 3 38
2 1 1
1 1 81
2 2 3
2 34 1
1 1 69
2 3 3
1 2 71
2 4 2
1 3 94
2 5 1
1 2 85
2 6 2
1 1 58
2 7 3
2 46 1
1 1 62
2 8 3
1 2 19
2 9 2
1 1 55
2 10 3
1 1 51
2 11 3
2 60 1
1 1 52
2 12 3
1 3 4
2 13 1
1 3 48
2 14 1
1 3 84
2 15 1
1 3 28
2 16 1
1 1 3
2 17 3
1 1 75
2 18 3
1 3 31
2 19 1
1 2 75
2 20 2
1 1 14
2 21 3
1 2 50
2 22 2
1 3 33
2 23 1
1 2 58
2 24 2
1 3 92
2 25 1
2 37 1
1 1 89
2 26 3
1 3 48
2 27 1
1 3 5
2 28 1
1 1 38
2 29 3
1 3 40
2 30 1
1 1 87
2 31 3
1 1 8
2 32 3
1 1 42
2 33 3
1 3 90
2 34 1
1 2 74
2 35 2
1 3 40
2 36 1
1 3 3
2 37 1
1 2 66
2 38 2
1 1 14
2 39 3
2 75 1
1 1 65
2 40 3
1 3 30
2 41 1
2 53 1
1 1 89
2 42 3
2 57 1
1 1 86
2 43 3
1 3 43
2 44 1
1 2 56
2 45 2
1 1 47
2 46 3
2 73 1
1 1 74
2 47 3
2 86 1
1 1 62
2 48 3
1 1 41
2 49 3
1 2 56
2 50 2
1 2 52
2 51 2
1 3 94
2 52 1
1 2 79
2 53 2
1 1 57
2 54 3
1 2 27
2 55 2
1 3 18
2 56 1
1 1 78
2 57 3
1 2 13
2 58 2
1 3 59
2 59 1
1 2 44
2 60 2
1 1 59
2 61 3
1 1 42
2 62 3
1 2 79
2 63 2
1 1 21
2 64 3
1 3 63
2 65 1
1 3 61
2 66 1
1 2 68
2 67 2
1 1 98
2 68 3
1 1 56
2 69 3
1 3 38
2 70 1
1 1 23
2 71 3
1 2 58
2 72 2
1 3 1
2 73 1
1 1 94
2 74 3
1 3 7
2 75 1
1 3 34
2 76 1
1 2 20
2 77 2
1 3 77
2 78 1
2 88 1
1 1 91
2 79 3
1 2 67
2 80 2
1 1 3
2 81 3
2 97 1
1 1 85
2 82 3
1 1 72
2 83 3
1 3 38
2 84 1
1 2 67
2 85 2
1 1 1
2 86 3
1 1 50
2 87 3
1 2 1
2 88 2
1 3 45
2 89 1
1 3 93
2 90 1
1 2 61
2 91 2
1 1 13
2 92 3
1 1 82
2 93 3
1 2 58
2 94 2
1 1 99
2 95 3
1 3 27
2 96 1
1 2 79
2 97 2
1 1 70
2 98 3
1 3 17
2 99 1
2 0 1
1 2 97
2 0 3
1 1 65
2 1 3
1 1 35
2 1 1
2 2 1
1 2 18
2 2 3
1 1 73
2 3 3
1 1 27
2 3 1
2 4 1
1 2 81
2 4 3
1 1 62
2 5 3
1 1 38
2 5 1
2 6 1
1 2 60
2 6 3
2 7 2
1 3 91
2 7 2
1 1 59
2 8 3
1 1 41
2 8 1
2 9 2
1 3 22
2 9 2
2 10 2
1 3 74
2 10 2
2 11 1
1 2 30
2 11 3
2 12 2
1 3 54
2 12 2
1 1 36
2 13 3
1 1 64
2 13 1
2 14 1
1 2 16
2 14 3
2 15 1
1 2 70
2 15 3
1 1 80
2 16 3
1 1 20
2 16 1
1 1 22
2 17 3
1 1 78
2 17 1
1 1 79
2 18 3
1 1 21
2 18 1
2 19 2
1 3 1
2 19 2
1 1 57
2 20 3
1 1 43
2 20 1
2 21 1
1 2 83
2 21 3
2 22 2
1 3 15
2 22 2
2 23 1
1 2 11
2 23 3
2 24 2
1 3 14
2 24 2
1 1 64
2 25 3
1 1 36
2 25 1
2 26 2
1 3 13
2 26 2
2 27 1
1 2 46
2 27 3
1 1 83
2 28 3
1 1 17
2 28 1
2 29 2
1 3 99
2 29 2
2 30 2
1 3 13
2 30 2
2 31 2
1 3 90
2 31 2
2 32 1
1 2 93
2 32 3
2 33 2
1 3 60
2 33 2
2 34 1
1 2 26
2 34 3
2 35 1
1 2 25
2 35 3
2 36 1
1 2 95
2 36 3
2 37 2
1 3 61
2 37 2
1 1 40
2 38 3
1 1 60
2 38 1
1 1 59
2 39 3
1 1 41
2 39 1
1 1 95
2 40 3
1 1 5
2 40 1
2 41 2
1 3 36
2 41 2
2 42 1
1 2 85
2 42 3
2 43 2
1 3 63
2 43 2
2 44 1
1 2 97
2 44 3
2 45 1
1 2 48
2 45 3
2 46 1
1 2 13
2 46 3
2 47 1
1 2 66
2 47 3
2 48 2
1 3 70
2 48 2
2 49 1
1 2 65
2 49 3
2 50 1
1 2 10
2 50 3
2 51 1
1 2 22
2 51 3
2 52 1
1 2 95
2 52 3
2 53 1
1 2 53
2 53 3
2 54 1
1 2 66
2 54 3
2 55 1
1 2 13
2 55 3
1 1 60
2 56 3
1 1 40
2 56 1
2 57 1
1 2 91
2 57 3
2 58 1
1 2 31
2 58 3
2 59 2
1 3 22
2 59 2
2 60 2
1 3 98
2 60 2
2 61 1
1 2 11
2 61 3
2 62 1
1 2 28
2 62 3
2 63 1
1 2 72
2 63 3
2 64 1
1 2 8
2 64 3
2 65 1
1 2 93
2 65 3
1 1 82
2 66 3
1 1 18
2 66 1
2 67 2
1 3 26
2 67 2
2 68 2
1 3 18
2 68 2
2 69 1
1 2 73
2 69 3
2 70 2
1 3 85
2 70 2
2 71 1
1 2 86
2 71 3
2 72 2
1 3 19
2 72 2
2 73 2
1 3 59
2 73 2
2 74 2
1 3 2
2 74 2
2 75 2
1 3 53
2 75 2
2 76 2
1 3 51
2 76 2
2 77 2
1 3 45
2 77 2
2 78 1
1 2 35
2 78 3
2 79 1
1 2 50
2 79 3
2 80 1
1 2 47
2 80 3
2 81 1
1 2 82
2 81 3
2 82 1
1 2 22
2 82 3
2 83 2
1 3 13
2 83 2
2 84 2
1 3 71
2 84 2
2 85 2
1 3 80
2 85 2
2 86 2
1 3 80
2 86 2
2 87 1
1 2 21
2 87 3
2 88 2
1 3 44
2 88 2
2 89 2
1 3 67
2 89 2
2 90 1
1 2 88
2 90 3
2 91 2
1 3 33
2 91 2
2 92 1
1 2 17
2 92 3
2 93 1
1 2 31
2 93 3
2 94 1
1 2 70
2 94 3
2 95 1
1 2 16
2 95 3
2 96 2
1 3 2
2 96 2
2 97 1
1 2 66
2 97 3
2 98 1
1 2 91
2 98 3
2 99 2
1 3 52
2 99 2
1 2 12
2 0 3
1 2 88
2 0 1
2 1 1
1 3 79
2 1 3
2 2 1
1 3 56
2 2 3
1 2 49
2 3 3
1 2 51
2 3 1
1 2 39
2 4 3
1 2 61
2 4 1
1 2 15
2 5 3
1 2 85
2 5 1
2 6 1
1 3 94
2 6 3
2 7 1
1 3 55
2 7 3
2 8 1
1 3 79
2 8 3
1 2 30
2 9 3
1 2 70
2 9 1
1 2 25
2 10 3
1 2 75
2 10 1
2 11 1
1 3 17
2 11 3
1 2 98
2 12 3
1 2 2
2 12 1
1 2 21
2 13 3
1 2 79
2 13 1
1 2 56
2 14 3
1 2 44
2 14 1
1 2 78
2 15 3
1 2 22
2 15 1
2 16 1
1 3 99
2 16 3
1 2 79
2 17 3
1 2 21
2 17 1
2 18 1
1 3 89
2 18 3
1 2 79
2 19 3
1 2 21
2 19 1
2 20 1
1 3 59
2 20 3
2 21 1
1 3 45
2 21 3
1 2 31
2 22 3
1 2 69
2 22 1
2 23 1
1 3 84
2 23 3
1 2 82
2 24 3
1 2 18
2 24 1
2 25 1
1 3 19
2 25 3
1 2 72
2 26 3
1 2 28
2 26 1
2 27 1
1 3 41
2 27 3
2 28 1
1 3 73
2 28 3
2 29 1
1 3 71
2 29 3
2 30 1
1 3 46
2 30 3
2 31 1
1 3 49
2 31 3
2 32 1
1 3 52
2 32 3
2 33 1
1 3 11
2 33 3
1 2 73
2 34 3
1 2 27
2 34 1
2 35 1
1 3 99
2 35 3
2 36 1
1 3 68
2 36 3
2 37 1
1 3 54
2 37 3
2 38 1
1 3 12
2 38 3
1 2 65
2 39 3
1 2 35
2 39 1
1 2 87
2 40 3
1 2 13
2 40 1
2 41 1
1 3 49
2 41 3
2 42 1
1 3 74
2 42 3
1 2 61
2 43 3
1 2 39
2 43 1
2 44 1
1 3 27
2 44 3
2 45 1
1 3 95
2 45 3
2 46 1
1 3 3
2 46 3
2 47 1
1 3 92
2 47 3
2 48 1
1 3 24
2 48 3
1 2 84
2 49 3
1 2 16
2 49 1
1 2 91
2 50 3
1 2 9
2 50 1
2 51 1
1 3 70
2 51 3
1 2 62
2 52 3
1 2 38
2 52 1
2 53 1
1 3 34
2 53 3
2 54 1
1 3 82
2 54 3
1 2 69
2 55 3
1 2 31
2 55 1
2 56 1
1 3 99
2 56 3
1 2 60
2 57 3
1 2 40
2 57 1
2 58 1
1 3 20
2 58 3
2 59 1
1 3 16
2 59 3
2 60 1
1 3 92
2 60 3
2 61 1
1 3 80
2 61 3
2 62 1
1 3 14
2 62 3
2 63 1
1 3 61
2 63 3
2 64 1
1 3 16
2 64 3
2 65 1
1 3 5
2 65 3
2 66 1
1 3 72
2 66 3
2 67 1
1 3 5
2 67 3
1 2 69
2 68 3
1 2 31
2 68 1
2 69 1
1 3 66
2 69 3
2 70 1
1 3 92
2 70 3
2 71 1
1 3 59
2 71 3
2 72 1
1 3 33
2 72 3
2 73 1
1 3 29
2 73 3
2 74 1
1 3 70
2 74 3
2 75 1
1 3 95
2 75 3
1 2 88
2 76 3
1 2 12
2 76 1
2 77 1
1 3 15
2 77 3
2 78 1
1 3 91
2 78 3
2 79 1
1 3 10
2 79 3
2 80 1
1 3 64
2 80 3
2 81 1
1 3 52
2 81 3
2 82 1
1 3 92
2 82 3
2 83 1
1 3 39
2 83 3
1 2 99
2 84 3
1 2 1
2 84 1
2 85 1
1 3 63
2 85 3
2 86 1
1 3 86
2 86 3
1 2 97
2 88 3
1 2 3
2 88 1
2 89 1
1 3 44
2 89 3
2 90 1
1 3 86
2 90 3
2 91 1
1 3 48
2 91 3
2 92 1
1 3 56
2 92 3
2 93 1
1 3 24
2 93 3
2 94 1
1 3 76
2 94 3
2 95 1
1 3 68
2 95 3
2 96 1
1 3 29
2 96 3
2 97 1
1 3 29
2 97 3
2 98 1
1 3 80
2 98 3
2 99 1
1 3 44
2 99 3
1 3 74
2 1 3
1 3 99
2 1 1
1 3 99
2 1 3
1 3 99
2 1 1
1 3 99
2 1 3
1 3 99
2 1 1
1 3 99
2 1 3
1 3 99
2 1 1
1 3 99
2 1 3
1 3 99
2 1 1
1 3 99
2 1 3
1 3 99
2 1 1
1 3 99
2 1 3
1 3 99
2 1 1
1 3 99
2 1 3
1 3 99
2 1 1
1 3 99
2 1 3
1 3 99
2 1 1
1 3 99
2 1 3
1 3 99
2 1 1
1 3 99
2 1 3
1 3 99
2 1 1
1 3 99
2 1 3
1 3 99
2 1 1
1 3 99
2 1 3
1 3 99
2 1 1
1 3 99
2 1 3
1 3 99
2 1 1
1 3 99
2 1 3
1 3 99
2 1 1
1 3 99
2 1 3
1 3 99
2 1 1
1 3 99
2 1 3
1 3 99
2 1 1
1 3 99
2 1 3
1 3 99
2 1 1
1 3 99
2 1 3
1 3 99
2 1 1
1 3 99
2 1 3
1 3 99
2 1 1
1 3 99
2 1 3
1 3 99
2 1 1
1 3 99
2 1 3
1 3 99
2 1 1
1 3 99
2 1 3
1 3 99
2 1 1
1 3 99
2 1 3
1 3 99
2 1 1
1 3 99
2 1 3
1 3 99
2 1 1
1 3 99
2 1 3
1 3 99
2 1 1
1 3 99
2 1 3
1 3 99
2 1 1
1 3 99
2 1 3
1 3 99
2 1 1
1 3 99
2 1 3
1 3 99
2 1 1
1 3 99
2 1 3
1 3 99
2 1 1
1 3 99
2 1 3
1 3 99
2 1 1
1 3 99
2 1 3
1 3 99
2 1 1
1 3 99
2 1 3
1 3 99
2 1 1
1 3 99
2 1 3
1 3 99
2 1 1
1 3 99
2 1 3
1 3 99
2 1 1
1 3 99
2 1 3
1 3 99
2 1 1
1 3 99
2 1 3
1 3 99
2 1 1
1 3 99
2 1 3
1 3 99
2 1 1
1 3 99
2 1 3
1 3 99
2 1 1
1 3 99
2 1 3
1 3 99
2 1 1
1 3 99
2 1 3
1 3 99
2 1 1
1 3 99
2 1 3
1 3 99
2 1 1
1 3 99
2 1 3
1 3 99
2 1 1
1 3 99
2 1 3
1 3 99
2 1 1
1 3 99
2 1 3
1 3 99
2 1 1
1 3 99
2 1 3
1 3 90
2 1 1
2 2 3
1 3 99
2 2 1
1 3 99
2 2 3
1 3 99
2 2 1
1 3 99
2 2 3
1 3 99
2 2 1
1 3 99
2 2 3
1 3 99
2 2 1
1 3 99
2 2 3
1 3 99
2 2 1
1 3 99
2 2 3
1 3 99
2 2 1
1 3 99
2 2 3
1 3 99
2 2 1
1 3 99
2 2 3
1 3 99
2 2 1
1 3 99
2 2 3
1 3 99
2 2 1
1 3 99
2 2 3
1 3 99
2 2 1
1 3 99
2 2 3
1 3 99
2 2 1
1 3 99
2 2 3
1 3 99
2 2 1
1 3 99
2 2 3
1 3 99
2 2 1
1 3 99
2 2 3
1 3 99
2 2 1
1 3 99
2 2 3
1 3 99
2 2 1
1 3 99
2 2 3
1 3 99
2 2 1
1 3 99
2 2 3
1 3 99
2 2 1
1 3 99
2 2 3
1 3 99
2 2 1
1 3 99
2 2 3
1 3 99
2 2 1
1 3 99
2 2 3
1 3 99
2 2 1
1 3 99
2 2 3
1 3 99
2 2 1
1 3 99
2 2 3
1 3 99
2 2 1
1 3 99
2 2 3
1 3 99
2 2 1
1 3 99
2 2 3
1 3 99
2 2 1
1 3 99
2 2 3
1 3 99
2 2 1
1 3 99
2 2 3
1 3 99
2 2 1
1 3 99
2 2 3
1 3 99
2 2 1
1 3 99
2 2 3
1 3 99
2 2 1
1 3 99
2 2 3
1 3 99
2 2 1
1 3 99
2 2 3
1 3 58
2 2 1
2 4 3
1 3 99
2 4 1
1 3 99
2 4 3
1 3 99
2 4 1
1 3 99
2 4 3
1 3 99
2 4 1
1 3 99
2 4 3
1 3 99
2 4 1
1 3 99
2 4 3
1 3 99
2 4 1
1 3 99
2 4 3
1 3 99
2 4 1
1 3 99
2 4 3
1 3 99
2 4 1
1 3 99
2 4 3
1 3 99
2 4 1
1 3 99
2 4 3
1 3 99
2 4 1
1 3 99
2 4 3
1 3 99
2 4 1
1 3 99
2 4 3
1 3 99
2 4 1
1 3 99
2 4 3
1 3 99
2 4 1
1 3 99
2 4 3
1 3 99
2 4 1
1 3 99
2 4 3
1 3 99
2 4 1
1 3 99
2 4 3
1 3 99
2 4 1
1 3 99
2 4 3
1 3 99
2 4 1
1 3 99
2 4 3
1 3 99
2 4 1
1 3 99
2 4 3
1 3 99
2 4 1
1 3 99
2 4 3
1 3 99
2 4 1
1 3 99
2 4 3
1 3 99
2 4 1
1 3 99
2 4 3
1 3 99
2 4 1
1 3 99
2 4 3
1 3 99
2 4 1
1 3 99
2 4 3
1 3 99
2 4 1
1 3 99
2 4 3
1 3 99
2 4 1
1 3 99
2 4 3
1 3 99
2 4 1
1 3 99
2 4 3
1 3 99
2 4 1
1 3 99
2 4 3
1 3 99
2 4 1
1 3 99
2 4 3
1 3 99
2 4 1
1 3 99
2 4 3
1 3 99
2 4 1
1 3 99
2 4 3
1 3 99
2 4 1
1 3 99
2 4 3
1 3 99
2 4 1
1 3 99
2 4 3
1 3 99
2 4 1
1 3 99
2 4 3
1 3 99
2 4 1
1 3 99
2 4 3
1 3 99
2 4 1
1 3 99
2 4 3
1 3 99
2 4 1
1 3 99
2 4 3
1 3 99
2 4 1
1 3 99
2 4 3
1 3 99
2 4 1
1 3 99
2 4 3
1 3 99
2 4 1
1 3 99
2 4 3
1 3 99
2 4 1
1 3 99
2 4 3
1 3 99
2 4 1
1 3 99
2 4 3
1 3 99
2 4 1
1 3 99
2 4 3
1 3 99
2 4 1
1 3 99
2 4 3
1 3 99
2 4 1
1 3 99
2 4 3
1 3 86
2 4 1
2 3 3
1 3 98
2 3 1
1 3 1
2 3 3
1 3 1
2 3 1
2 5 3
1 3 99
2 5 1
1 3 99
2 5 3
1 3 99
2 5 1
1 3 99
2 5 3
1 3 99
2 5 1
1 3 99
2 5 3
1 3 99
2 5 1
1 3 99
2 5 3
1 3 99
2 5 1
1 3 99
2 5 3
1 3 99
2 5 1
1 3 99
2 5 3
1 3 99
2 5 1
1 3 99
2 5 3
1 3 99
2 5 1
1 3 99
2 5 3
1 3 99
2 5 1
1 3 99
2 5 3
1 3 99
2 5 1
1 3 99
2 5 3
1 3 99
2 5 1
1 3 99
2 5 3
1 3 99
2 5 1
1 3 99
2 5 3
1 3 99
2 5 1
1 3 99
2 5 3
1 3 99
2 5 1
1 3 99
2 5 3
1 3 99
2 5 1
1 3 99
2 5 3
1 3 99
2 5 1
1 3 99
2 5 3
1 3 99
2 5 1
1 3 99
2 5 3
1 3 99
2 5 1
1 3 99
2 5 3
1 3 99
2 5 1
1 3 99
2 5 3
1 3 99
2 5 1
1 3 99
2 5 3
1 3 99
2 5 1
1 3 99
2 5 3
1 3 99
2 5 1
1 3 99
2 5 3
1 3 99
2 5 1
1 3 99
2 5 3
1 3 99
2 5 1
1 3 99
2 5 3
1 3 99
2 5 1
1 3 99
2 5 3
1 3 99
2 5 1
1 3 99
2 5 3
1 3 99
2 5 1
1 3 99
2 5 3
1 3 99
2 5 1
1 3 99
2 5 3
1 3 99
2 5 1
1 3 99
2 5 3
1 3 99
2 5 1
1 3 99
2 5 3
1 3 99
2 5 1
1 3 99
2 5 3
1 3 99
2 5 1
1 3 99
2 5 3
1 3 99
2 5 1
1 3 99
2 5 3
1 3 99
2 5 1
1 3 99
2 5 3
1 3 99
2 5 1
1 3 99
2 5 3
1 3 99
2 5 1
1 3 99
2 5 3
1 3 99
2 5 1
1 3 99
2 5 3
1 3 99
2 5 1
1 3 99
2 5 3
1 3 76
2 5 1
2 4 3
1 3 98
2 4 1
1 3 1
2 4 3
1 3 1
2 4 1
2 6 3
1 3 99
2 6 1
1 3 99
2 6 3
1 3 99
2 6 1
1 3 99
2 6 3
1 3 99
2 6 1
1 3 99
2 6 3
1 3 99
2 6 1
1 3 99
2 6 3
1 3 99
2 6 1
1 3 99
2 6 3
1 3 99
2 6 1
1 3 99
2 6 3
1 3 99
2 6 1
1 3 99
2 6 3
1 3 99
2 6 1
1 3 99
2 6 3
1 3 99
2 6 1
1 3 99
2 6 3
1 3 99
2 6 1
1 3 99
2 6 3
1 3 99
2 6 1
1 3 99
2 6 3
1 3 99
2 6 1
1 3 99
2 6 3
1 3 99
2 6 1
1 3 99
2 6 3
1 3 99
2 6 1
1 3 99
2 6 3
1 3 99
2 6 1
1 3 99
2 6 3
1 3 99
2 6 1
1 3 99
2 6 3
1 3 99
2 6 1
1 3 99
2 6 3
1 3 34
2 6 1
2 5 3
1 3 98
2 5 1
1 3 1
2 5 3
1 3 1
2 5 1
2 6 3
1 3 99
2 6 1
1 3 99
2 6 3
1 3 99
2 6 1
1 3 99
2 6 3
1 3 99
2 6 1
1 3 99
2 6 3
1 3 99
2 6 1
1 3 99
2 6 3
1 3 99
2 6 1
1 3 99
2 6 3
1 3 99
2 6 1
1 3 99
2 6 3
1 3 99
2 6 1
1 3 99
2 6 3
1 3 99
2 6 1
1 3 99
2 6 3
1 3 99
2 6 1
1 3 99
2 6 3
1 3 99
2 6 1
1 3 99
2 6 3
1 3 99
2 6 1
1 3 99
2 6 3
1 3 99
2 6 1
1 3 99
2 6 3
1 3 99
2 6 1
1 3 99
2 6 3
1 3 99
2 6 1
1 3 99
2 6 3
1 3 99
2 6 1
1 3 99
2 6 3
1 3 99
2 6 1
1 3 99
2 6 3
1 3 99
2 6 1
1 3 99
2 6 3
1 3 99
2 6 1
1 3 99
2 6 3
1 3 99
2 6 1
1 3 99
2 6 3
1 3 99
2 6 1
1 3 99
2 6 3
1 3 99
2 6 1
1 3 99
2 6 3
1 3 99
2 6 1
1 3 99
2 6 3
1 3 44
2 6 1
2 8 3
1 3 99
2 8 1
1 3 99
2 8 3
1 3 99
2 8 1
1 3 99
2 8 3
1 3 99
2 8 1
1 3 99
2 8 3
1 3 99
2 8 1
1 3 99
2 8 3
1 3 99
2 8 1
1 3 99
2 8 3
1 3 99
2 8 1
1 3 99
2 8 3
1 3 99
2 8 1
1 3 99
2 8 3
1 3 99
2 8 1
1 3 99
2 8 3
1 3 99
2 8 1
1 3 99
2 8 3
1 3 99
2 8 1
1 3 99
2 8 3
1 3 99
2 8 1
1 3 99
2 8 3
1 3 99
2 8 1
1 3 99
2 8 3
1 3 99
2 8 1
1 3 99
2 8 3
1 3 99
2 8 1
1 3 99
2 8 3
1 3 99
2 8 1
1 3 99
2 8 3
1 3 99
2 8 1
1 3 99
2 8 3
1 3 99
2 8 1
1 3 99
2 8 3
1 3 99
2 8 1
1 3 99
2 8 3
1 3 99
2 8 1
1 3 99
2 8 3
1 3 99
2 8 1
1 3 99
2 8 3
1 3 99
2 8 1
1 3 99
2 8 3
1 3 99
2 8 1
1 3 99
2 8 3
1 3 99
2 8 1
1 3 99
2 8 3
1 3 99
2 8 1
1 3 99
2 8 3
1 3 99
2 8 1
1 3 99
2 8 3
1 3 99
2 8 1
1 3 99
2 8 3
1 3 99
2 8 1
1 3 99
2 8 3
1 3 99
2 8 1
1 3 99
2 8 3
1 3 56
2 8 1
2 7 3
1 3 98
2 7 1
1 3 1
2 7 3
1 3 1
2 7 1
2 8 3
1 3 99
2 8 1
1 3 99
2 8 3
1 3 99
2 8 1
1 3 99
2 8 3
1 3 99
2 8 1
1 3 99
2 8 3
1 3 99
2 8 1
1 3 99
2 8 3
1 3 99
2 8 1
1 3 99
2 8 3
1 3 99
2 8 1
1 3 99
2 8 3
1 3 99
2 8 1
1 3 99
2 8 3
1 3 99
2 8 1
1 3 99
2 8 3
1 3 99
2 8 1
1 3 99
2 8 3
1 3 99
2 8 1
1 3 99
2 8 3
1 3 99
2 8 1
1 3 99
2 8 3
1 3 99
2 8 1
1 3 99
2 8 3
1 3 99
2 8 1
1 3 99
2 8 3
1 3 99
2 8 1
1 3 99
2 8 3
1 3 99
2 8 1
1 3 99
2 8 3
1 3 99
2 8 1
1 3 99
2 8 3
1 3 99
2 8 1
1 3 99
2 8 3
1 3 34
2 8 1
2 9 3
1 3 99
2 9 1
1 3 99
2 9 3
1 3 99
2 9 1
1 3 99
2 9 3
1 3 99
2 9 1
1 3 99
2 9 3
1 3 99
2 9 1
1 3 99
2 9 3
1 3 99
2 9 1
1 3 99
2 9 3
1 3 99
2 9 1
1 3 99
2 9 3
1 3 99
2 9 1
1 3 99
2 9 3
1 3 99
2 9 1
1 3 99
2 9 3
1 3 99
2 9 1
1 3 99
2 9 3
1 3 99
2 9 1
1 3 99
2 9 3
1 3 99
2 9 1
1 3 99
2 9 3
1 3 99
2 9 1
1 3 99
2 9 3
1 3 99
2 9 1
1 3 99
2 9 3
1 3 99
2 9 1
1 3 99
2 9 3
1 3 99
2 9 1
1 3 99
2 9 3
1 3 99
2 9 1
1 3 99
2 9 3
1 3 99
2 9 1
1 3 99
2 9 3
1 3 99
2 9 1
1 3 99
2 9 3
1 3 99
2 9 1
1 3 99
2 9 3
1 3 99
2 9 1
1 3 99
2 9 3
1 3 99
2 9 1
1 3 99
2 9 3
1 3 99
2 9 1
1 3 99
2 9 3
1 3 99
2 9 1
1 3 99
2 9 3
1 3 99
2 9 1
1 3 99
2 9 3
1 3 99
2 9 1
1 3 99
2 9 3
1 3 99
2 9 1
1 3 99
2 9 3
1 3 99
2 9 1
1 3 99
2 9 3
1 3 99
2 9 1
1 3 99
2 9 3
1 3 99
2 9 1
1 3 99
2 9 3
1 3 99
2 9 1
1 3 99
2 9 3
1 3 99
2 9 1
1 3 99
2 9 3
1 3 99
2 9 1
1 3 99
2 9 3
1 3 99
2 9 1
1 3 99
2 9 3
1 3 66
2 9 1
2 11 3
1 3 99
2 11 1
1 3 99
2 11 3
1 3 99
2 11 1
1 3 99
2 11 3
1 3 99
2 11 1
1 3 99
2 11 3
1 3 99
2 11 1
1 3 99
2 11 3
1 3 99
2 11 1
1 3 99
2 11 3
1 3 99
2 11 1
1 3 99
2 11 3
1 3 99
2 11 1
1 3 99
2 11 3
1 3 99
2 11 1
1 3 99
2 11 3
1 3 99
2 11 1
1 3 99
2 11 3
1 3 18
2 11 1
2 10 3
1 3 98
2 10 1
1 3 1
2 10 3
1 3 1
2 10 1
2 12 3
1 3 99
2 12 1
1 3 99
2 12 3
1 3 99
2 12 1
1 3 99
2 12 3
1 3 99
2 12 1
1 3 99
2 12 3
1 3 99
2 12 1
1 3 99
2 12 3
1 3 99
2 12 1
1 3 99
2 12 3
1 3 99
2 12 1
1 3 99
2 12 3
1 3 99
2 12 1
1 3 99
2 12 3
1 3 99
2 12 1
1 3 99
2 12 3
1 3 99
2 12 1
1 3 99
2 12 3
1 3 99
2 12 1
1 3 99
2 12 3
1 3 99
2 12 1
1 3 99
2 12 3
1 3 99
2 12 1
1 3 99
2 12 3
1 3 99
2 12 1
1 3 99
2 12 3
1 3 99
2 12 1
1 3 99
2 12 3
1 3 99
2 12 1
1 3 99
2 12 3
1 3 99
2 12 1
1 3 99
2 12 3
1 3 99
2 12 1
1 3 99
2 12 3
1 3 99
2 12 1
1 3 99
2 12 3
1 3 99
2 12 1
1 3 99
2 12 3
1 3 99
2 12 1
1 3 99
2 12 3
1 3 99
2 12 1
1 3 99
2 12 3
1 3 99
2 12 1
1 3 99
2 12 3
1 3 99
2 12 1
1 3 99
2 12 3
1 3 99
2 12 1
1 3 99
2 12 3
1 3 99
2 12 1
1 3 99
2 12 3
1 3 99
2 12 1
1 3 99
2 12 3
1 3 99
2 12 1
1 3 99
2 12 3
1 3 99
2 12 1
1 3 99
2 12 3
1 3 99
2 12 1
1 3 99
2 12 3
1 3 99
2 12 1
1 3 99
2 12 3
1 3 99
2 12 1
1 3 99
2 12 3
1 3 99
2 12 1
1 3 99
2 12 3
1 3 99
2 12 1
1 3 99
2 12 3
1 3 99
2 12 1
1 3 99
2 12 3
1 3 68
2 12 1
2 11 3
1 3 98
2 11 1
1 3 1
2 11 3
1 3 1
2 11 1
2 13 3
1 3 99
2 13 1
1 3 99
2 13 3
1 3 99
2 13 1
1 3 99
2 13 3
1 3 99
2 13 1
1 3 99
2 13 3
1 3 99
2 13 1
1 3 99
2 13 3
1 3 99
2 13 1
1 3 99
2 13 3
1 3 99
2 13 1
1 3 99
2 13 3
1 3 99
2 13 1
1 3 99
2 13 3
1 3 99
2 13 1
1 3 99
2 13 3
1 3 99
2 13 1
1 3 99
2 13 3
1 3 99
2 13 1
1 3 99
2 13 3
1 3 99
2 13 1
1 3 99
2 13 3
1 3 99
2 13 1
1 3 99
2 13 3
1 3 24
2 13 1
2 12 3
1 3 98
2 12 1
1 3 1
2 12 3
1 3 1
2 12 1
2 14 3
1 3 99
2 14 1
1 3 99
2 14 3
1 3 99
2 14 1
1 3 99
2 14 3
1 3 99
2 14 1
1 3 99
2 14 3
1 3 99
2 14 1
1 3 99
2 14 3
1 3 99
2 14 1
1 3 99
2 14 3
1 3 99
2 14 1
1 3 99
2 14 3
1 3 99
2 14 1
1 3 99
2 14 3
1 3 99
2 14 1
1 3 99
2 14 3
1 3 99
2 14 1
1 3 99
2 14 3
1 3 99
2 14 1
1 3 99
2 14 3
1 3 20
2 14 1
2 13 3
1 3 98
2 13 1
1 3 1
2 13 3
1 3 1
2 13 1
2 15 3
1 3 99
2 15 1
1 3 99
2 15 3
1 3 99
2 15 1
1 3 99
2 15 3
1 3 99
2 15 1
1 3 99
2 15 3
1 3 99
2 15 1
1 3 99
2 15 3
1 3 99
2 15 1
1 3 99
2 15 3
1 3 99
2 15 1
1 3 99
2 15 3
1 3 99
2 15 1
1 3 99
2 15 3
1 3 99
2 15 1
1 3 99
2 15 3
1 3 99
2 15 1
1 3 99
2 15 3
1 3 99
2 15 1
1 3 99
2 15 3
1 3 99
2 15 1
1 3 99
2 15 3
1 3 99
2 15 1
1 3 99
2 15 3
1 3 99
2 15 1
1 3 99
2 15 3
1 3 99
2 15 1
1 3 99
2 15 3
1 3 99
2 15 1
1 3 99
2 15 3
1 3 99
2 15 1
1 3 99
2 15 3
1 3 99
2 15 1
1 3 99
2 15 3
1 3 99
2 15 1
1 3 99
2 15 3
1 3 99
2 15 1
1 3 99
2 15 3
1 3 99
2 15 1
1 3 99
2 15 3
1 3 99
2 15 1
1 3 99
2 15 3
1 3 99
2 15 1
1 3 99
2 15 3
1 3 99
2 15 1
1 3 99
2 15 3
1 3 99
2 15 1
1 3 99
2 15 3
1 3 99
2 15 1
1 3 99
2 15 3
1 3 99
2 15 1
1 3 99
2 15 3
1 3 99
2 15 1
1 3 99
2 15 3
1 3 99
2 15 1
1 3 99
2 15 3
1 3 99
2 15 1
1 3 99
2 15 3
1 3 99
2 15 1
1 3 99
2 15 3
1 3 99
2 15 1
1 3 99
2 15 3
1 3 99
2 15 1
1 3 99
2 15 3
1 3 99
2 15 1
1 3 99
2 15 3
1 3 99
2 15 1
1 3 99
2 15 3
1 3 99
2 15 1
1 3 99
2 15 3
1 3 99
2 15 1
1 3 99
2 15 3
1 3 99
2 15 1
1 3 99
2 15 3
1 3 74
2 15 1
2 14 3
1 3 98
2 14 1
1 3 1
2 14 3
1 3 1
2 14 1
2 15 3
1 3 99
2 15 1
1 3 99
2 15 3
1 3 99
2 15 1
1 3 99
2 15 3
1 3 99
2 15 1
1 3 99
2 15 3
1 3 99
2 15 1
1 3 99
2 15 3
1 3 99
2 15 1
1 3 99
2 15 3
1 3 99
2 15 1
1 3 99
2 15 3
1 3 99
2 15 1
1 3 99
2 15 3
1 3 99
2 15 1
1 3 99
2 15 3
1 3 99
2 15 1
1 3 99
2 15 3
1 3 99
2 15 1
1 3 99
2 15 3
1 3 99
2 15 1
1 3 99
2 15 3
1 3 99
2 15 1
1 3 99
2 15 3
1 3 99
2 15 1
1 3 99
2 15 3
1 3 99
2 15 1
1 3 99
2 15 3
1 3 99
2 15 1
1 3 99
2 15 3
1 3 99
2 15 1
1 3 99
2 15 3
1 3 99
2 15 1
1 3 99
2 15 3
1 3 99
2 15 1
1 3 99
2 15 3
1 3 99
2 15 1
1 3 99
2 15 3
1 3 99
2 15 1
1 3 99
2 15 3
1 3 99
2 15 1
1 3 99
2 15 3
1 3 99
2 15 1
1 3 99
2 15 3
1 3 99
2 15 1
1 3 99
2 15 3
1 3 99
2 15 1
1 3 99
2 15 3
1 3 99
2 15 1
1 3 99
2 15 3
1 3 99
2 15 1
1 3 99
2 15 3
1 3 99
2 15 1
1 3 99
2 15 3
1 3 99
2 15 1
1 3 99
2 15 3
1 3 99
2 15 1
1 3 99
2 15 3
1 3 99
2 15 1
1 3 99
2 15 3
1 3 99
2 15 1
1 3 99
2 15 3
1 3 99
2 15 1
1 3 99
2 15 3
1 3 99
2 15 1
1 3 99
2 15 3
1 3 99
2 15 1
1 3 99
2 15 3
1 3 68
2 15 1
2 16 3
1 3 99
2 16 1
1 3 99
2 16 3
1 3 99
2 16 1
1 3 99
2 16 3
1 3 99
2 16 1
1 3 99
2 16 3
1 3 99
2 16 1
1 3 99
2 16 3
1 3 99
2 16 1
1 3 99
2 16 3
1 3 99
2 16 1
1 3 99
2 16 3
1 3 99
2 16 1
1 3 99
2 16 3
1 3 99
2 16 1
1 3 99
2 16 3
1 3 99
2 16 1
1 3 99
2 16 3
1 3 99
2 16 1
1 3 99
2 16 3
1 3 99
2 16 1
1 3 99
2 16 3
1 3 99
2 16 1
1 3 99
2 16 3
1 3 99
2 16 1
1 3 99
2 16 3
1 3 99
2 16 1
1 3 99
2 16 3
1 3 99
2 16 1
1 3 99
2 16 3
1 3 99
2 16 1
1 3 99
2 16 3
1 3 99
2 16 1
1 3 99
2 16 3
1 3 99
2 16 1
1 3 99
2 16 3
1 3 99
2 16 1
1 3 99
2 16 3
1 3 99
2 16 1
1 3 99
2 16 3
1 3 99
2 16 1
1 3 99
2 16 3
1 3 99
2 16 1
1 3 99
2 16 3
1 3 99
2 16 1
1 3 99
2 16 3
1 3 99
2 16 1
1 3 99
2 16 3
1 3 99
2 16 1
1 3 99
2 16 3
1 3 99
2 16 1
1 3 99
2 16 3
1 3 99
2 16 1
1 3 99
2 16 3
1 3 99
2 16 1
1 3 99
2 16 3
1 3 99
2 16 1
1 3 99
2 16 3
1 3 99
2 16 1
1 3 99
2 16 3
1 3 99
2 16 1
1 3 99
2 16 3
1 3 99
2 16 1
1 3 99
2 16 3
1 3 99
2 16 1
1 3 99
2 16 3
1 3 99
2 16 1
1 3 99
2 16 3
1 3 99
2 16 1
1 3 99
2 16 3
1 3 99
2 16 1
1 3 99
2 16 3
1 3 72
2 16 1
2 17 3
1 3 99
2 17 1
1 3 99
2 17 3
1 3 99
2 17 1
1 3 99
2 17 3
1 3 99
2 17 1
1 3 99
2 17 3
1 3 99
2 17 1
1 3 99
2 17 3
1 3 99
2 17 1
1 3 99
2 17 3
1 3 99
2 17 1
1 3 99
2 17 3
1 3 99
2 17 1
1 3 99
2 17 3
1 3 99
2 17 1
1 3 99
2 17 3
1 3 99
2 17 1
1 3 99
2 17 3
1 3 99
2 17 1
1 3 99
2 17 3
1 3 99
2 17 1
1 3 99
2 17 3
1 3 99
2 17 1
1 3 99
2 17 3
1 3 99
2 17 1
1 3 99
2 17 3
1 3 99
2 17 1
1 3 99
2 17 3
1 3 99
2 17 1
1 3 99
2 17 3
1 3 99
2 17 1
1 3 99
2 17 3
1 3 99
2 17 1
1 3 99
2 17 3
1 3 99
2 17 1
1 3 99
2 17 3
1 3 99
2 17 1
1 3 99
2 17 3
1 3 99
2 17 1
1 3 99
2 17 3
1 3 99
2 17 1
1 3 99
2 17 3
1 3 99
2 17 1
1 3 99
2 17 3
1 3 99
2 17 1
1 3 99
2 17 3
1 3 99
2 17 1
1 3 99
2 17 3
1 3 99
2 17 1
1 3 99
2 17 3
1 3 50
2 17 1
2 18 3
1 3 99
2 18 1
1 3 99
2 18 3
1 3 99
2 18 1
1 3 99
2 18 3
1 3 99
2 18 1
1 3 99
2 18 3
1 3 99
2 18 1
1 3 99
2 18 3
1 3 99
2 18 1
1 3 99
2 18 3
1 3 99
2 18 1
1 3 99
2 18 3
1 3 99
2 18 1
1 3 99
2 18 3
1 3 99
2 18 1
1 3 99
2 18 3
1 3 99
2 18 1
1 3 99
2 18 3
1 3 99
2 18 1
1 3 99
2 18 3
1 3 99
2 18 1
1 3 99
2 18 3
1 3 99
2 18 1
1 3 99
2 18 3
1 3 99
2 18 1
1 3 99
2 18 3
1 3 99
2 18 1
1 3 99
2 18 3
1 3 99
2 18 1
1 3 99
2 18 3
1 3 99
2 18 1
1 3 99
2 18 3
1 3 99
2 18 1
1 3 99
2 18 3
1 3 99
2 18 1
1 3 99
2 18 3
1 3 99
2 18 1
1 3 99
2 18 3
1 3 99
2 18 1
1 3 99
2 18 3
1 3 99
2 18 1
1 3 99
2 18 3
1 3 99
2 18 1
1 3 99
2 18 3
1 3 99
2 18 1
1 3 99
2 18 3
1 3 46
2 18 1
2 20 3
1 3 99
2 20 1
1 3 99
2 20 3
1 3 99
2 20 1
1 3 99
2 20 3
1 3 99
2 20 1
1 3 99
2 20 3
1 3 99
2 20 1
1 3 99
2 20 3
1 3 99
2 20 1
1 3 99
2 20 3
1 3 99
2 20 1
1 3 99
2 20 3
1 3 99
2 20 1
1 3 99
2 20 3
1 3 99
2 20 1
1 3 99
2 20 3
1 3 99
2 20 1
1 3 99
2 20 3
1 3 99
2 20 1
1 3 99
2 20 3
1 3 99
2 20 1
1 3 99
2 20 3
1 3 99
2 20 1
1 3 99
2 20 3
1 3 99
2 20 1
1 3 99
2 20 3
1 3 99
2 20 1
1 3 99
2 20 3
1 3 99
2 20 1
1 3 99
2 20 3
1 3 99
2 20 1
1 3 99
2 20 3
1 3 99
2 20 1
1 3 99
2 20 3
1 3 99
2 20 1
1 3 99
2 20 3
1 3 99
2 20 1
1 3 99
2 20 3
1 3 99
2 20 1
1 3 99
2 20 3
1 3 99
2 20 1
1 3 99
2 20 3
1 3 99
2 20 1
1 3 99
2 20 3
1 3 99
2 20 1
1 3 99
2 20 3
1 3 99
2 20 1
1 3 99
2 20 3
1 3 99
2 20 1
1 3 99
2 20 3
1 3 99
2 20 1
1 3 99
2 20 3
1 3 99
2 20 1
1 3 99
2 20 3
1 3 99
2 20 1
1 3 99
2 20 3
1 3 99
2 20 1
1 3 99
2 20 3
1 3 99
2 20 1
1 3 99
2 20 3
1 3 99
2 20 1
1 3 99
2 20 3
1 3 62
2 20 1
2 19 3
1 3 98
2 19 1
1 3 1
2 19 3
1 3 1
2 19 1
2 21 3
1 3 99
2 21 1
1 3 99
2 21 3
1 3 99
2 21 1
1 3 99
2 21 3
1 3 99
2 21 1
1 3 99
2 21 3
1 3 99
2 21 1
1 3 99
2 21 3
1 3 99
2 21 1
1 3 99
2 21 3
1 3 99
2 21 1
1 3 99
2 21 3
1 3 99
2 21 1
1 3 99
2 21 3
1 3 99
2 21 1
1 3 99
2 21 3
1 3 99
2 21 1
1 3 99
2 21 3
1 3 99
2 21 1
1 3 99
2 21 3
1 3 99
2 21 1
1 3 99
2 21 3
1 3 99
2 21 1
1 3 99
2 21 3
1 3 99
2 21 1
1 3 99
2 21 3
1 3 99
2 21 1
1 3 99
2 21 3
1 3 99
2 21 1
1 3 99
2 21 3
1 3 99
2 21 1
1 3 99
2 21 3
1 3 32
2 21 1
2 20 3
1 3 98
2 20 1
1 3 1
2 20 3
1 3 1
2 20 1
2 21 3
1 3 99
2 21 1
1 3 99
2 21 3
1 3 99
2 21 1
1 3 99
2 21 3
1 3 99
2 21 1
1 3 99
2 21 3
1 3 99
2 21 1
1 3 99
2 21 3
1 3 99
2 21 1
1 3 99
2 21 3
1 3 99
2 21 1
1 3 99
2 21 3
1 3 99
2 21 1
1 3 99
2 21 3
1 3 99
2 21 1
1 3 99
2 21 3
1 3 99
2 21 1
1 3 99
2 21 3
1 3 99
2 21 1
1 3 99
2 21 3
1 3 20
2 21 1
2 23 3
1 3 99
2 23 1
1 3 99
2 23 3
1 3 99
2 23 1
1 3 99
2 23 3
1 3 99
2 23 1
1 3 99
2 23 3
1 3 99
2 23 1
1 3 99
2 23 3
1 3 99
2 23 1
1 3 99
2 23 3
1 3 99
2 23 1
1 3 99
2 23 3
1 3 12
2 23 1
2 22 3
1 3 98
2 22 1
1 3 1
2 22 3
1 3 1
2 22 1
2 23 3
1 3 99
2 23 1
1 3 99
2 23 3
1 3 99
2 23 1
1 3 99
2 23 3
1 3 99
2 23 1
1 3 99
2 23 3
1 3 99
2 23 1
1 3 99
2 23 3
1 3 99
2 23 1
1 3 99
2 23 3
1 3 99
2 23 1
1 3 99
2 23 3
1 3 99
2 23 1
1 3 99
2 23 3
1 3 99
2 23 1
1 3 99
2 23 3
1 3 99
2 23 1
1 3 99
2 23 3
1 3 99
2 23 1
1 3 99
2 23 3
1 3 99
2 23 1
1 3 99
2 23 3
1 3 99
2 23 1
1 3 99
2 23 3
1 3 99
2 23 1
1 3 99
2 23 3
1 3 26
2 23 1
2 25 3
1 3 99
2 25 1
1 3 99
2 25 3
1 3 99
2 25 1
1 3 99
2 25 3
1 3 99
2 25 1
1 3 99
2 25 3
1 3 99
2 25 1
1 3 99
2 25 3
1 3 99
2 25 1
1 3 99
2 25 3
1 3 99
2 25 1
1 3 99
2 25 3
1 3 12
2 25 1
2 24 3
1 3 98
2 24 1
1 3 1
2 24 3
1 3 1
2 24 1
2 26 3
1 3 99
2 26 1
1 3 99
2 26 3
1 3 99
2 26 1
1 3 99
2 26 3
1 3 99
2 26 1
1 3 99
2 26 3
1 3 99
2 26 1
1 3 99
2 26 3
1 3 8
2 26 1
2 25 3
1 3 98
2 25 1
1 3 1
2 25 3
1 3 1
2 25 1
2 27 3
1 3 99
2 27 1
1 3 99
2 27 3
1 3 99
2 27 1
1 3 99
2 27 3
1 3 99
2 27 1
1 3 99
2 27 3
1 3 99
2 27 1
1 3 99
2 27 3
1 3 99
2 27 1
1 3 99
2 27 3
1 3 99
2 27 1
1 3 99
2 27 3
1 3 99
2 27 1
1 3 99
2 27 3
1 3 99
2 27 1
1 3 99
2 27 3
1 3 99
2 27 1
1 3 99
2 27 3
1 3 99
2 27 1
1 3 99
2 27 3
1 3 99
2 27 1
1 3 99
2 27 3
1 3 99
2 27 1
1 3 99
2 27 3
1 3 99
2 27 1
1 3 99
2 27 3
1 3 99
2 27 1
1 3 99
2 27 3
1 3 99
2 27 1
1 3 99
2 27 3
1 3 30
2 27 1
2 26 3
1 3 98
2 26 1
1 3 1
2 26 3
1 3 1
2 26 1
2 27 3
1 3 99
2 27 1
1 3 99
2 27 3
1 3 99
2 27 1
1 3 99
2 27 3
1 3 99
2 27 1
1 3 99
2 27 3
1 3 99
2 27 1
1 3 99
2 27 3
1 3 99
2 27 1
1 3 99
2 27 3
1 3 99
2 27 1
1 3 99
2 27 3
1 3 99
2 27 1
1 3 99
2 27 3
1 3 99
2 27 1
1 3 99
2 27 3
1 3 99
2 27 1
1 3 99
2 27 3
1 3 99
2 27 1
1 3 99
2 27 3
1 3 99
2 27 1
1 3 99
2 27 3
1 3 99
2 27 1
1 3 99
2 27 3
1 3 24
2 27 1
2 29 3
1 3 99
2 29 1
1 3 99
2 29 3
1 3 99
2 29 1
1 3 99
2 29 3
1 3 99
2 29 1
1 3 99
2 29 3
1 3 6
2 29 1
2 28 3
1 3 98
2 28 1
1 3 1
2 28 3
1 3 1
2 28 1
2 30 3
1 3 99
2 30 1
1 3 99
2 30 3
1 3 99
2 30 1
1 3 99
2 30 3
1 3 99
2 30 1
1 3 99
2 30 3
1 3 99
2 30 1
1 3 99
2 30 3
1 3 99
2 30 1
1 3 99
2 30 3
1 3 99
2 30 1
1 3 99
2 30 3
1 3 99
2 30 1
1 3 99
2 30 3
1 3 99
2 30 1
1 3 99
2 30 3
1 3 99
2 30 1
1 3 99
2 30 3
1 3 99
2 30 1
1 3 99
2 30 3
1 3 99
2 30 1
1 3 99
2 30 3
1 3 99
2 30 1
1 3 99
2 30 3
1 3 99
2 30 1
1 3 99
2 30 3
1 3 99
2 30 1
1 3 99
2 30 3
1 3 99
2 30 1
1 3 99
2 30 3
1 3 30
2 30 1
2 29 3
1 3 98
2 29 1
1 3 1
2 29 3
1 3 1
2 29 1
2 30 3
1 3 99
2 30 1
1 3 99
2 30 3
1 3 99
2 30 1
1 3 99
2 30 3
1 3 99
2 30 1
1 3 99
2 30 3
1 3 99
2 30 1
1 3 99
2 30 3
1 3 99
2 30 1
1 3 99
2 30 3
1 3 99
2 30 1
1 3 99
2 30 3
1 3 99
2 30 1
1 3 99
2 30 3
1 3 99
2 30 1
1 3 99
2 30 3
1 3 99
2 30 1
1 3 99
2 30 3
1 3 99
2 30 1
1 3 99
2 30 3
1 3 99
2 30 1
1 3 99
2 30 3
1 3 99
2 30 1
1 3 99
2 30 3
1 3 99
2 30 1
1 3 99
2 30 3
1 3 99
2 30 1
1 3 99
2 30 3
1 3 99
2 30 1
1 3 99
2 30 3
1 3 30
2 30 1
2 32 3
1 3 99
2 32 1
1 3 99
2 32 3
1 3 99
2 32 1
1 3 99
2 32 3
1 3 99
2 32 1
1 3 99
2 32 3
1 3 99
2 32 1
1 3 99
2 32 3
1 3 99
2 32 1
1 3 99
2 32 3
1 3 99
2 32 1
1 3 99
2 32 3
1 3 99
2 32 1
1 3 99
2 32 3
1 3 99
2 32 1
1 3 99
2 32 3
1 3 99
2 32 1
1 3 99
2 32 3
1 3 99
2 32 1
1 3 99
2 32 3
1 3 99
2 32 1
1 3 99
2 32 3
1 3 99
2 32 1
1 3 99
2 32 3
1 3 99
2 32 1
1 3 99
2 32 3
1 3 99
2 32 1
1 3 99
2 32 3
1 3 99
2 32 1
1 3 99
2 32 3
1 3 99
2 32 1
1 3 99
2 32 3
1 3 99
2 32 1
1 3 99
2 32 3
1 3 34
2 32 1
2 31 3
1 3 98
2 31 1
1 3 1
2 31 3
1 3 1
2 31 1
2 32 3
1 3 99
2 32 1
1 3 99
2 32 3
1 3 99
2 32 1
1 3 99
2 32 3
1 3 99
2 32 1
1 3 99
2 32 3
1 3 99
2 32 1
1 3 99
2 32 3
1 3 99
2 32 1
1 3 99
2 32 3
1 3 99
2 32 1
1 3 99
2 32 3
1 3 99
2 32 1
1 3 99
2 32 3
1 3 99
2 32 1
1 3 99
2 32 3
1 3 99
2 32 1
1 3 99
2 32 3
1 3 99
2 32 1
1 3 99
2 32 3
1 3 99
2 32 1
1 3 99
2 32 3
1 3 99
2 32 1
1 3 99
2 32 3
1 3 99
2 32 1
1 3 99
2 32 3
1 3 99
2 32 1
1 3 99
2 32 3
1 3 99
2 32 1
1 3 99
2 32 3
1 3 99
2 32 1
1 3 99
2 32 3
1 3 99
2 32 1
1 3 99
2 32 3
1 3 34
2 32 1
2 33 3
1 3 99
2 33 1
1 3 99
2 33 3
1 3 99
2 33 1
1 3 99
2 33 3
1 3 99
2 33 1
1 3 99
2 33 3
1 3 99
2 33 1
1 3 99
2 33 3
1 3 99
2 33 1
1 3 99
2 33 3
1 3 99
2 33 1
1 3 99
2 33 3
1 3 99
2 33 1
1 3 99
2 33 3
1 3 99
2 33 1
1 3 99
2 33 3
1 3 99
2 33 1
1 3 99
2 33 3
1 3 99
2 33 1
1 3 99
2 33 3
1 3 99
2 33 1
1 3 99
2 33 3
1 3 99
2 33 1
1 3 99
2 33 3
1 3 99
2 33 1
1 3 99
2 33 3
1 3 99
2 33 1
1 3 99
2 33 3
1 3 99
2 33 1
1 3 99
2 33 3
1 3 99
2 33 1
1 3 99
2 33 3
1 3 99
2 33 1
1 3 99
2 33 3
1 3 99
2 33 1
1 3 99
2 33 3
1 3 99
2 33 1
1 3 99
2 33 3
1 3 38
2 33 1
2 35 3
1 3 99
2 35 1
1 3 99
2 35 3
1 3 99
2 35 1
1 3 99
2 35 3
1 3 99
2 35 1
1 3 99
2 35 3
1 3 99
2 35 1
1 3 99
2 35 3
1 3 99
2 35 1
1 3 99
2 35 3
1 3 99
2 35 1
1 3 99
2 35 3
1 3 99
2 35 1
1 3 99
2 35 3
1 3 99
2 35 1
1 3 99
2 35 3
1 3 99
2 35 1
1 3 99
2 35 3
1 3 99
2 35 1
1 3 99
2 35 3
1 3 99
2 35 1
1 3 99
2 35 3
1 3 99
2 35 1
1 3 99
2 35 3
1 3 99
2 35 1
1 3 99
2 35 3
1 3 99
2 35 1
1 3 99
2 35 3
1 3 99
2 35 1
1 3 99
2 35 3
1 3 99
2 35 1
1 3 99
2 35 3
1 3 99
2 35 1
1 3 99
2 35 3
1 3 99
2 35 1
1 3 99
2 35 3
1 3 99
2 35 1
1 3 99
2 35 3
1 3 99
2 35 1
1 3 99
2 35 3
1 3 40
2 35 1
2 34 3
1 3 98
2 34 1
1 3 1
2 34 3
1 3 1
2 34 1
2 36 3
1 3 99
2 36 1
1 3 99
2 36 3
1 3 99
2 36 1
1 3 99
2 36 3
1 3 99
2 36 1
1 3 99
2 36 3
1 3 99
2 36 1
1 3 99
2 36 3
1 3 99
2 36 1
1 3 99
2 36 3
1 3 99
2 36 1
1 3 99
2 36 3
1 3 99
2 36 1
1 3 99
2 36 3
1 3 99
2 36 1
1 3 99
2 36 3
1 3 99
2 36 1
1 3 99
2 36 3
1 3 99
2 36 1
1 3 99
2 36 3
1 3 99
2 36 1
1 3 99
2 36 3
1 3 99
2 36 1
1 3 99
2 36 3
1 3 99
2 36 1
1 3 99
2 36 3
1 3 99
2 36 1
1 3 99
2 36 3
1 3 99
2 36 1
1 3 99
2 36 3
1 3 99
2 36 1
1 3 99
2 36 3
1 3 99
2 36 1
1 3 99
2 36 3
1 3 34
2 36 1
2 35 3
1 3 98
2 35 1
1 3 1
2 35 3
1 3 1
2 35 1
2 36 3
1 3 99
2 36 1
1 3 99
2 36 3
1 3 99
2 36 1
1 3 99
2 36 3
1 3 99
2 36 1
1 3 99
2 36 3
1 3 6
2 36 1
2 37 3
1 3 99
2 37 1
1 3 99
2 37 3
1 3 99
2 37 1
1 3 99
2 37 3
1 3 99
2 37 1
1 3 99
2 37 3
1 3 99
2 37 1
1 3 99
2 37 3
1 3 99
2 37 1
1 3 99
2 37 3
1 3 99
2 37 1
1 3 99
2 37 3
1 3 99
2 37 1
1 3 99
2 37 3
1 3 99
2 37 1
1 3 99
2 37 3
1 3 99
2 37 1
1 3 99
2 37 3
1 3 99
2 37 1
1 3 99
2 37 3
1 3 99
2 37 1
1 3 99
2 37 3
1 3 99
2 37 1
1 3 99
2 37 3
1 3 99
2 37 1
1 3 99
2 37 3
1 3 99
2 37 1
1 3 99
2 37 3
1 3 99
2 37 1
1 3 99
2 37 3
1 3 99
2 37 1
1 3 99
2 37 3
1 3 99
2 37 1
1 3 99
2 37 3
1 3 99
2 37 1
1 3 99
2 37 3
1 3 99
2 37 1
1 3 99
2 37 3
1 3 38
2 37 1
2 39 3
1 3 99
2 39 1
1 3 99
2 39 3
1 3 99
2 39 1
1 3 99
2 39 3
1 3 99
2 39 1
1 3 99
2 39 3
1 3 99
2 39 1
1 3 99
2 39 3
1 3 99
2 39 1
1 3 99
2 39 3
1 3 99
2 39 1
1 3 99
2 39 3
1 3 99
2 39 1
1 3 99
2 39 3
1 3 99
2 39 1
1 3 99
2 39 3
1 3 99
2 39 1
1 3 99
2 39 3
1 3 18
2 39 1
2 38 3
1 3 98
2 38 1
1 3 1
2 38 3
1 3 1
2 38 1
2 39 3
1 3 99
2 39 1
1 3 99
2 39 3
1 3 99
2 39 1
1 3 99
2 39 3
1 3 99
2 39 1
1 3 99
2 39 3
1 3 99
2 39 1
1 3 99
2 39 3
1 3 99
2 39 1
1 3 99
2 39 3
1 3 99
2 39 1
1 3 99
2 39 3
1 3 99
2 39 1
1 3 99
2 39 3
1 3 99
2 39 1
1 3 99
2 39 3
1 3 99
2 39 1
1 3 99
2 39 3
1 3 99
2 39 1
1 3 99
2 39 3
1 3 20
2 39 1
2 40 3
1 3 99
2 40 1
1 3 99
2 40 3
1 3 99
2 40 1
1 3 99
2 40 3
1 3 99
2 40 1
1 3 99
2 40 3
1 3 99
2 40 1
1 3 99
2 40 3
1 3 99
2 40 1
1 3 99
2 40 3
1 3 99
2 40 1
1 3 99
2 40 3
1 3 99
2 40 1
1 3 99
2 40 3
1 3 99
2 40 1
1 3 99
2 40 3
1 3 99
2 40 1
1 3 99
2 40 3
1 3 99
2 40 1
1 3 99
2 40 3
1 3 99
2 40 1
1 3 99
2 40 3
1 3 99
2 40 1
1 3 99
2 40 3
1 3 99
2 40 1
1 3 99
2 40 3
1 3 99
2 40 1
1 3 99
2 40 3
1 3 99
2 40 1
1 3 99
2 40 3
1 3 99
2 40 1
1 3 99
2 40 3
1 3 99
2 40 1
1 3 99
2 40 3
1 3 99
2 40 1
1 3 99
2 40 3
1 3 36
2 40 1
2 42 3
1 3 99
2 42 1
1 3 99
2 42 3
1 3 99
2 42 1
1 3 99
2 42 3
1 3 99
2 42 1
1 3 99
2 42 3
1 3 99
2 42 1
1 3 99
2 42 3
1 3 99
2 42 1
1 3 99
2 42 3
1 3 99
2 42 1
1 3 99
2 42 3
1 3 99
2 42 1
1 3 99
2 42 3
1 3 99
2 42 1
1 3 99
2 42 3
1 3 99
2 42 1
1 3 99
2 42 3
1 3 99
2 42 1
1 3 99
2 42 3
1 3 99
2 42 1
1 3 99
2 42 3
1 3 99
2 42 1
1 3 99
2 42 3
1 3 99
2 42 1
1 3 99
2 42 3
1 3 99
2 42 1
1 3 99
2 42 3
1 3 99
2 42 1
1 3 99
2 42 3
1 3 99
2 42 1
1 3 99
2 42 3
1 3 99
2 42 1
1 3 99
2 42 3
1 3 99
2 42 1
1 3 99
2 42 3
1 3 99
2 42 1
1 3 99
2 42 3
1 3 99
2 42 1
1 3 99
2 42 3
1 3 99
2 42 1
1 3 99
2 42 3
1 3 99
2 42 1
1 3 99
2 42 3
1 3 99
2 42 1
1 3 99
2 42 3
1 3 99
2 42 1
1 3 99
2 42 3
1 3 48
2 42 1
2 41 3
1 3 98
2 41 1
1 3 1
2 41 3
1 3 1
2 41 1
2 42 3
1 3 99
2 42 1
1 3 99
2 42 3
1 3 99
2 42 1
1 3 99
2 42 3
1 3 99
2 42 1
1 3 99
2 42 3
1 3 99
2 42 1
1 3 99
2 42 3
1 3 99
2 42 1
1 3 99
2 42 3
1 3 10
2 42 1
2 44 3
1 3 99
2 44 1
1 3 99
2 44 3
1 3 99
2 44 1
1 3 99
2 44 3
1 3 99
2 44 1
1 3 99
2 44 3
1 3 6
2 44 1
2 43 3
1 3 98
2 43 1
1 3 1
2 43 3
1 3 1
2 43 1
2 45 3
1 3 99
2 45 1
1 3 99
2 45 3
1 3 99
2 45 1
1 3 99
2 45 3
1 3 99
2 45 1
1 3 99
2 45 3
1 3 99
2 45 1
1 3 99
2 45 3
1 3 99
2 45 1
1 3 99
2 45 3
1 3 99
2 45 1
1 3 99
2 45 3
1 3 99
2 45 1
1 3 99
2 45 3
1 3 99
2 45 1
1 3 99
2 45 3
1 3 99
2 45 1
1 3 99
2 45 3
1 3 99
2 45 1
1 3 99
2 45 3
1 3 99
2 45 1
1 3 99
2 45 3
1 3 99
2 45 1
1 3 99
2 45 3
1 3 99
2 45 1
1 3 99
2 45 3
1 3 99
2 45 1
1 3 99
2 45 3
1 3 99
2 45 1
1 3 99
2 45 3
1 3 99
2 45 1
1 3 99
2 45 3
1 3 99
2 45 1
1 3 99
2 45 3
1 3 99
2 45 1
1 3 99
2 45 3
1 3 99
2 45 1
1 3 99
2 45 3
1 3 99
2 45 1
1 3 99
2 45 3
1 3 99
2 45 1
1 3 99
2 45 3
1 3 99
2 45 1
1 3 99
2 45 3
1 3 44
2 45 1
2 44 3
1 3 98
2 44 1
1 3 1
2 44 3
1 3 1
2 44 1
2 45 3
1 3 99
2 45 1
1 3 99
2 45 3
1 3 99
2 45 1
1 3 99
2 45 3
1 3 99
2 45 1
1 3 99
2 45 3
1 3 99
2 45 1
1 3 99
2 45 3
1 3 99
2 45 1
1 3 99
2 45 3
1 3 99
2 45 1
1 3 99
2 45 3
1 3 99
2 45 1
1 3 99
2 45 3
1 3 14
2 45 1
2 47 3
1 3 99
2 47 1
1 3 99
2 47 3
1 3 99
2 47 1
1 3 99
2 47 3
1 3 99
2 47 1
1 3 99
2 47 3
1 3 6
2 47 1
2 46 3
1 3 98
2 46 1
1 3 1
2 46 3
1 3 1
2 46 1
2 47 3
1 3 99
2 47 1
1 3 99
2 47 3
1 3 99
2 47 1
1 3 99
2 47 3
1 3 99
2 47 1
1 3 99
2 47 3
1 3 99
2 47 1
1 3 99
2 47 3
1 3 99
2 47 1
1 3 99
2 47 3
1 3 99
2 47 1
1 3 99
2 47 3
1 3 12
2 47 1
2 49 3
1 3 99
2 49 1
1 3 99
2 49 3
1 3 99
2 49 1
1 3 99
2 49 3
1 3 99
2 49 1
1 3 99
2 49 3
1 3 99
2 49 1
1 3 99
2 49 3
1 3 99
2 49 1
1 3 99
2 49 3
1 3 99
2 49 1
1 3 99
2 49 3
1 3 99
2 49 1
1 3 99
2 49 3
1 3 99
2 49 1
1 3 99
2 49 3
1 3 99
2 49 1
1 3 99
2 49 3
1 3 99
2 49 1
1 3 99
2 49 3
1 3 99
2 49 1
1 3 99
2 49 3
1 3 99
2 49 1
1 3 99
2 49 3
1 3 99
2 49 1
1 3 99
2 49 3
1 3 99
2 49 1
1 3 99
2 49 3
1 3 99
2 49 1
1 3 99
2 49 3
1 3 99
2 49 1
1 3 99
2 49 3
1 3 99
2 49 1
1 3 99
2 49 3
1 3 99
2 49 1
1 3 99
2 49 3
1 3 99
2 49 1
1 3 99
2 49 3
1 3 99
2 49 1
1 3 99
2 49 3
1 3 99
2 49 1
1 3 99
2 49 3
1 3 99
2 49 1
1 3 99
2 49 3
1 3 44
2 49 1
2 48 3
1 3 98
2 48 1
1 3 1
2 48 3
1 3 1
2 48 1
2 49 3
1 3 99
2 49 1
1 3 99
2 49 3
1 3 99
2 49 1
1 3 99
2 49 3
1 3 99
2 49 1
1 3 99
2 49 3
1 3 99
2 49 1
1 3 99
2 49 3
1 3 99
2 49 1
1 3 99
2 49 3
1 3 10
2 49 1
2 51 3
1 3 99
2 51 1
1 3 99
2 51 3
1 3 99
2 51 1
1 3 99
2 51 3
1 3 99
2 51 1
1 3 99
2 51 3
1 3 99
2 51 1
1 3 99
2 51 3
1 3 99
2 51 1
1 3 99
2 51 3
1 3 99
2 51 1
1 3 99
2 51 3
1 3 99
2 51 1
1 3 99
2 51 3
1 3 99
2 51 1
1 3 99
2 51 3
1 3 99
2 51 1
1 3 99
2 51 3
1 3 99
2 51 1
1 3 99
2 51 3
1 3 99
2 51 1
1 3 99
2 51 3
1 3 22
2 51 1
2 50 3
1 3 98
2 50 1
1 3 1
2 50 3
1 3 1
2 50 1
2 51 3
1 3 99
2 51 1
1 3 99
2 51 3
1 3 99
2 51 1
1 3 99
2 51 3
1 3 99
2 51 1
1 3 99
2 51 3
1 3 99
2 51 1
1 3 99
2 51 3
1 3 99
2 51 1
1 3 99
2 51 3
1 3 99
2 51 1
1 3 99
2 51 3
1 3 99
2 51 1
1 3 99
2 51 3
1 3 99
2 51 1
1 3 99
2 51 3
1 3 99
2 51 1
1 3 99
2 51 3
1 3 18
2 51 1
2 52 3
1 3 99
2 52 1
1 3 99
2 52 3
1 3 99
2 52 1
1 3 99
2 52 3
1 3 99
2 52 1
1 3 99
2 52 3
1 3 99
2 52 1
1 3 99
2 52 3
1 3 8
2 52 1
2 54 3
1 3 99
2 54 1
1 3 99
2 54 3
1 3 99
2 54 1
1 3 99
2 54 3
1 3 99
2 54 1
1 3 99
2 54 3
1 3 99
2 54 1
1 3 99
2 54 3
1 3 99
2 54 1
1 3 99
2 54 3
1 3 99
2 54 1
1 3 99
2 54 3
1 3 99
2 54 1
1 3 99
2 54 3
1 3 99
2 54 1
1 3 99
2 54 3
1 3 99
2 54 1
1 3 99
2 54 3
1 3 99
2 54 1
1 3 99
2 54 3
1 3 99
2 54 1
1 3 99
2 54 3
1 3 99
2 54 1
1 3 99
2 54 3
1 3 99
2 54 1
1 3 99
2 54 3
1 3 99
2 54 1
1 3 99
2 54 3
1 3 99
2 54 1
1 3 99
2 54 3
1 3 99
2 54 1
1 3 99
2 54 3
1 3 99
2 54 1
1 3 99
2 54 3
1 3 99
2 54 1
1 3 99
2 54 3
1 3 99
2 54 1
1 3 99
2 54 3
1 3 99
2 54 1
1 3 99
2 54 3
1 3 99
2 54 1
1 3 99
2 54 3
1 3 99
2 54 1
1 3 99
2 54 3
1 3 44
2 54 1
2 53 3
1 3 98
2 53 1
1 3 1
2 53 3
1 3 1
2 53 1
2 55 3
1 3 99
2 55 1
1 3 99
2 55 3
1 3 99
2 55 1
1 3 99
2 55 3
1 3 99
2 55 1
1 3 99
2 55 3
1 3 99
2 55 1
1 3 99
2 55 3
1 3 99
2 55 1
1 3 99
2 55 3
1 3 99
2 55 1
1 3 99
2 55 3
1 3 99
2 55 1
1 3 99
2 55 3
1 3 99
2 55 1
1 3 99
2 55 3
1 3 99
2 55 1
1 3 99
2 55 3
1 3 99
2 55 1
1 3 99
2 55 3
1 3 99
2 55 1
1 3 99
2 55 3
1 3 99
2 55 1
1 3 99
2 55 3
1 3 99
2 55 1
1 3 99
2 55 3
1 3 99
2 55 1
1 3 99
2 55 3
1 3 99
2 55 1
1 3 99
2 55 3
1 3 99
2 55 1
1 3 99
2 55 3
1 3 99
2 55 1
1 3 99
2 55 3
1 3 99
2 55 1
1 3 99
2 55 3
1 3 99
2 55 1
1 3 99
2 55 3
1 3 99
2 55 1
1 3 99
2 55 3
1 3 40
2 55 1
2 54 3
1 3 98
2 54 1
1 3 1
2 54 3
1 3 1
2 54 1
2 55 3
1 3 99
2 55 1
1 3 99
2 55 3
1 3 99
2 55 1
1 3 99
2 55 3
1 3 99
2 55 1
1 3 99
2 55 3
1 3 99
2 55 1
1 3 99
2 55 3
1 3 99
2 55 1
1 3 99
2 55 3
1 3 99
2 55 1
1 3 99
2 55 3
1 3 99
2 55 1
1 3 99
2 55 3
1 3 99
2 55 1
1 3 99
2 55 3
1 3 99
2 55 1
1 3 99
2 55 3
1 3 99
2 55 1
1 3 99
2 55 3
1 3 99
2 55 1
1 3 99
2 55 3
1 3 99
2 55 1
1 3 99
2 55 3
1 3 99
2 55 1
1 3 99
2 55 3
1 3 99
2 55 1
1 3 99
2 55 3
1 3 99
2 55 1
1 3 99
2 55 3
1 3 30
2 55 1
2 57 3
1 3 99
2 57 1
1 3 99
2 57 3
1 3 99
2 57 1
1 3 99
2 57 3
1 3 99
2 57 1
1 3 99
2 57 3
1 3 99
2 57 1
1 3 99
2 57 3
1 3 99
2 57 1
1 3 99
2 57 3
1 3 99
2 57 1
1 3 99
2 57 3
1 3 12
2 57 1
2 56 3
1 3 98
2 56 1
1 3 1
2 56 3
1 3 1
2 56 1
2 58 3
1 3 99
2 58 1
1 3 99
2 58 3
1 3 99
2 58 1
1 3 99
2 58 3
1 3 99
2 58 1
1 3 99
2 58 3
1 3 99
2 58 1
1 3 99
2 58 3
1 3 99
2 58 1
1 3 99
2 58 3
1 3 99
2 58 1
1 3 99
2 58 3
1 3 99
2 58 1
1 3 99
2 58 3
1 3 99
2 58 1
1 3 99
2 58 3
1 3 99
2 58 1
1 3 99
2 58 3
1 3 99
2 58 1
1 3 99
2 58 3
1 3 99
2 58 1
1 3 99
2 58 3
1 3 99
2 58 1
1 3 99
2 58 3
1 3 99
2 58 1
1 3 99
2 58 3
1 3 99
2 58 1
1 3 99
2 58 3
1 3 99
2 58 1
1 3 99
2 58 3
1 3 99
2 58 1
1 3 99
2 58 3
1 3 99
2 58 1
1 3 99
2 58 3
1 3 99
2 58 1
1 3 99
2 58 3
1 3 99
2 58 1
1 3 99
2 58 3
1 3 99
2 58 1
1 3 99
2 58 3
1 3 40
2 58 1
2 57 3
1 3 98
2 57 1
1 3 1
2 57 3
1 3 1
2 57 1
2 60 3
1 3 99
2 60 1
1 3 99
2 60 3
1 3 2
2 60 1
2 59 3
1 3 98
2 59 1
1 3 1
2 59 3
1 3 1
2 59 1
2 60 3
1 3 99
2 60 1
1 3 99
2 60 3
1 3 99
2 60 1
1 3 99
2 60 3
1 3 99
2 60 1
1 3 99
2 60 3
1 3 99
2 60 1
1 3 99
2 60 3
1 3 99
2 60 1
1 3 99
2 60 3
1 3 99
2 60 1
1 3 99
2 60 3
1 3 99
2 60 1
1 3 99
2 60 3
1 3 99
2 60 1
1 3 99
2 60 3
1 3 99
2 60 1
1 3 99
2 60 3
1 3 99
2 60 1
1 3 99
2 60 3
1 3 99
2 60 1
1 3 99
2 60 3
1 3 99
2 60 1
1 3 99
2 60 3
1 3 99
2 60 1
1 3 99
2 60 3
1 3 99
2 60 1
1 3 99
2 60 3
1 3 99
2 60 1
1 3 99
2 60 3
1 3 99
2 60 1
1 3 99
2 60 3
1 3 99
2 60 1
1 3 99
2 60 3
1 3 99
2 60 1
1 3 99
2 60 3
1 3 36
2 60 1
2 61 3
1 3 99
2 61 1
1 3 99
2 61 3
1 3 99
2 61 1
1 3 99
2 61 3
1 3 99
2 61 1
1 3 99
2 61 3
1 3 99
2 61 1
1 3 99
2 61 3
1 3 99
2 61 1
1 3 99
2 61 3
1 3 99
2 61 1
1 3 99
2 61 3
1 3 99
2 61 1
1 3 99
2 61 3
1 3 99
2 61 1
1 3 99
2 61 3
1 3 99
2 61 1
1 3 99
2 61 3
1 3 99
2 61 1
1 3 99
2 61 3
1 3 20
2 61 1
2 63 3
1 3 99
2 63 1
1 3 99
2 63 3
1 3 99
2 63 1
1 3 99
2 63 3
1 3 99
2 63 1
1 3 99
2 63 3
1 3 99
2 63 1
1 3 99
2 63 3
1 3 99
2 63 1
1 3 99
2 63 3
1 3 99
2 63 1
1 3 99
2 63 3
1 3 99
2 63 1
1 3 99
2 63 3
1 3 99
2 63 1
1 3 99
2 63 3
1 3 99
2 63 1
1 3 99
2 63 3
1 3 99
2 63 1
1 3 99
2 63 3
1 3 99
2 63 1
1 3 99
2 63 3
1 3 99
2 63 1
1 3 99
2 63 3
1 3 99
2 63 1
1 3 99
2 63 3
1 3 99
2 63 1
1 3 99
2 63 3
1 3 99
2 63 1
1 3 99
2 63 3
1 3 99
2 63 1
1 3 99
2 63 3
1 3 32
2 63 1
2 62 3
1 3 98
2 62 1
1 3 1
2 62 3
1 3 1
2 62 1
2 63 3
1 3 99
2 63 1
1 3 99
2 63 3
1 3 2
2 63 1
2 64 3
1 3 99
2 64 1
1 3 99
2 64 3
1 3 99
2 64 1
1 3 99
2 64 3
1 3 99
2 64 1
1 3 99
2 64 3
1 3 99
2 64 1
1 3 99
2 64 3
1 3 99
2 64 1
1 3 99
2 64 3
1 3 10
2 64 1
2 65 3
1 3 99
2 65 1
1 3 99
2 65 3
1 3 99
2 65 1
1 3 99
2 65 3
1 3 99
2 65 1
1 3 99
2 65 3
1 3 99
2 65 1
1 3 99
2 65 3
1 3 99
2 65 1
1 3 99
2 65 3
1 3 99
2 65 1
1 3 99
2 65 3
1 3 99
2 65 1
1 3 99
2 65 3
1 3 99
2 65 1
1 3 99
2 65 3
1 3 99
2 65 1
1 3 99
2 65 3
1 3 18
2 65 1
2 66 3
1 3 99
2 66 1
1 3 99
2 66 3
1 3 99
2 66 1
1 3 99
2 66 3
1 3 99
2 66 1
1 3 99
2 66 3
1 3 99
2 66 1
1 3 99
2 66 3
1 3 99
2 66 1
1 3 99
2 66 3
1 3 99
2 66 1
1 3 99
2 66 3
1 3 99
2 66 1
1 3 99
2 66 3
1 3 99
2 66 1
1 3 99
2 66 3
1 3 99
2 66 1
1 3 99
2 66 3
1 3 99
2 66 1
1 3 99
2 66 3
1 3 99
2 66 1
1 3 99
2 66 3
1 3 99
2 66 1
1 3 99
2 66 3
1 3 99
2 66 1
1 3 99
2 66 3
1 3 99
2 66 1
1 3 99
2 66 3
1 3 99
2 66 1
1 3 99
2 66 3
1 3 30
2 66 1
2 68 3
1 3 0
2 68 1
2 67 3
1 3 98
2 67 1
1 3 1
2 67 3
1 3 1
2 67 1
2 69 3
1 3 0
2 69 1
2 68 3
1 3 98
2 68 1
1 3 1
2 68 3
1 3 1
2 68 1
2 69 3
1 3 99
2 69 1
1 3 99
2 69 3
1 3 99
2 69 1
1 3 99
2 69 3
1 3 99
2 69 1
1 3 99
2 69 3
1 3 99
2 69 1
1 3 99
2 69 3
1 3 99
2 69 1
1 3 99
2 69 3
1 3 99
2 69 1
1 3 99
2 69 3
1 3 99
2 69 1
1 3 99
2 69 3
1 3 99
2 69 1
1 3 99
2 69 3
1 3 99
2 69 1
1 3 99
2 69 3
1 3 99
2 69 1
1 3 99
2 69 3
1 3 99
2 69 1
1 3 99
2 69 3
1 3 99
2 69 1
1 3 99
2 69 3
1 3 99
2 69 1
1 3 99
2 69 3
1 3 99
2 69 1
1 3 99
2 69 3
1 3 99
2 69 1
1 3 99
2 69 3
1 3 30
2 69 1
2 71 3
1 3 0
2 71 1
2 70 3
1 3 98
2 70 1
1 3 1
2 70 3
1 3 1
2 70 1
2 71 3
1 3 99
2 71 1
1 3 99
2 71 3
1 3 2
2 71 1
2 72 3
1 3 99
2 72 1
1 3 99
2 72 3
1 3 99
2 72 1
1 3 99
2 72 3
1 3 99
2 72 1
1 3 99
2 72 3
1 3 99
2 72 1
1 3 99
2 72 3
1 3 99
2 72 1
1 3 99
2 72 3
1 3 99
2 72 1
1 3 99
2 72 3
1 3 99
2 72 1
1 3 99
2 72 3
1 3 14
2 72 1
2 73 3
1 3 99
2 73 1
1 3 99
2 73 3
1 3 99
2 73 1
1 3 99
2 73 3
1 3 99
2 73 1
1 3 99
2 73 3
1 3 99
2 73 1
1 3 99
2 73 3
1 3 99
2 73 1
1 3 99
2 73 3
1 3 99
2 73 1
1 3 99
2 73 3
1 3 12
2 73 1
2 74 3
1 3 99
2 74 1
1 3 99
2 74 3
1 3 99
2 74 1
1 3 99
2 74 3
1 3 99
2 74 1
1 3 99
2 74 3
1 3 99
2 74 1
1 3 99
2 74 3
1 3 99
2 74 1
1 3 99
2 74 3
1 3 10
2 74 1
2 75 3
1 3 99
2 75 1
1 3 99
2 75 3
1 3 99
2 75 1
1 3 99
2 75 3
1 3 99
2 75 1
1 3 99
2 75 3
1 3 99
2 75 1
1 3 99
2 75 3
1 3 99
2 75 1
1 3 99
2 75 3
1 3 99
2 75 1
1 3 99
2 75 3
1 3 99
2 75 1
1 3 99
2 75 3
1 3 99
2 75 1
1 3 99
2 75 3
1 3 99
2 75 1
1 3 99
2 75 3
1 3 99
2 75 1
1 3 99
2 75 3
1 3 99
2 75 1
1 3 99
2 75 3
1 3 99
2 75 1
1 3 99
2 75 3
1 3 24
2 75 1
2 77 3
1 3 99
2 77 1
1 3 99
2 77 3
1 3 99
2 77 1
1 3 99
2 77 3
1 3 99
2 77 1
1 3 99
2 77 3
1 3 99
2 77 1
1 3 99
2 77 3
1 3 99
2 77 1
1 3 99
2 77 3
1 3 99
2 77 1
1 3 99
2 77 3
1 3 99
2 77 1
1 3 99
2 77 3
1 3 99
2 77 1
1 3 99
2 77 3
1 3 99
2 77 1
1 3 99
2 77 3
1 3 99
2 77 1
1 3 99
2 77 3
1 3 20
2 77 1
2 76 3
1 3 98
2 76 1
1 3 1
2 76 3
1 3 1
2 76 1
2 78 3
1 3 99
2 78 1
1 3 99
2 78 3
1 3 99
2 78 1
1 3 99
2 78 3
1 3 99
2 78 1
1 3 99
2 78 3
1 3 99
2 78 1
1 3 99
2 78 3
1 3 99
2 78 1
1 3 99
2 78 3
1 3 99
2 78 1
1 3 99
2 78 3
1 3 99
2 78 1
1 3 99
2 78 3
1 3 99
2 78 1
1 3 99
2 78 3
1 3 16
2 78 1
2 77 3
1 3 98
2 77 1
1 3 1
2 77 3
1 3 1
2 77 1
2 78 3
1 3 99
2 78 1
1 3 99
2 78 3
1 3 99
2 78 1
1 3 99
2 78 3
1 3 99
2 78 1
1 3 99
2 78 3
1 3 99
2 78 1
1 3 99
2 78 3
1 3 8
2 78 1
2 79 3
1 3 99
2 79 1
1 3 99
2 79 3
1 3 99
2 79 1
1 3 99
2 79 3
1 3 99
2 79 1
1 3 99
2 79 3
1 3 99
2 79 1
1 3 99
2 79 3
1 3 99
2 79 1
1 3 99
2 79 3
1 3 99
2 79 1
1 3 99
2 79 3
1 3 99
2 79 1
1 3 99
2 79 3
1 3 14
2 79 1
2 81 3
1 3 0
2 81 1
2 80 3
1 3 98
2 80 1
1 3 1
2 80 3
1 3 1
2 80 1
2 81 3
1 3 99
2 81 1
1 3 99
2 81 3
1 3 99
2 81 1
1 3 99
2 81 3
1 3 99
2 81 1
1 3 99
2 81 3
1 3 99
2 81 1
1 3 99
2 81 3
1 3 99
2 81 1
1 3 99
2 81 3
1 3 99
2 81 1
1 3 99
2 81 3
1 3 99
2 81 1
1 3 99
2 81 3
1 3 99
2 81 1
1 3 99
2 81 3
1 3 99
2 81 1
1 3 99
2 81 3
1 3 18
2 81 1
2 82 3
1 3 99
2 82 1
1 3 99
2 82 3
1 3 99
2 82 1
1 3 99
2 82 3
1 3 4
2 82 1
2 83 3
1 3 99
2 83 1
1 3 99
2 83 3
1 3 99
2 83 1
1 3 99
2 83 3
1 3 99
2 83 1
1 3 99
2 83 3
1 3 99
2 83 1
1 3 99
2 83 3
1 3 99
2 83 1
1 3 99
2 83 3
1 3 99
2 83 1
1 3 99
2 83 3
1 3 99
2 83 1
1 3 99
2 83 3
1 3 14
2 83 1
2 85 3
1 3 0
2 85 1
2 84 3
1 3 98
2 84 1
1 3 1
2 84 3
1 3 1
2 84 1
2 86 3
1 3 0
2 86 1
2 85 3
1 3 98
2 85 1
1 3 1
2 85 3
1 3 1
2 85 1
2 86 3
1 3 99
2 86 1
1 3 99
2 86 3
1 3 99
2 86 1
1 3 99
2 86 3
1 3 99
2 86 1
1 3 99
2 86 3
1 3 99
2 86 1
1 3 99
2 86 3
1 3 99
2 86 1
1 3 99
2 86 3
1 3 99
2 86 1
1 3 99
2 86 3
1 3 12
2 86 1
2 88 3
1 3 99
2 88 1
1 3 99
2 88 3
1 3 99
2 88 1
1 3 99
2 88 3
1 3 99
2 88 1
1 3 99
2 88 3
1 3 99
2 88 1
1 3 99
2 88 3
1 3 99
2 88 1
1 3 99
2 88 3
1 3 10
2 88 1
2 87 3
1 3 98
2 87 1
1 3 1
2 87 3
1 3 1
2 87 1
2 89 3
1 3 99
2 89 1
1 3 99
2 89 3
1 3 99
2 89 1
1 3 99
2 89 3
1 3 99
2 89 1
1 3 99
2 89 3
1 3 6
2 89 1
2 88 3
1 3 98
2 88 1
1 3 1
2 88 3
1 3 1
2 88 1
2 91 3
1 3 99
2 91 1
1 3 99
2 91 3
1 3 2
2 91 1
2 90 3
1 3 98
2 90 1
1 3 1
2 90 3
1 3 1
2 90 1
2 92 3
1 3 99
2 92 1
1 3 99
2 92 3
1 3 99
2 92 1
1 3 99
2 92 3
1 3 4
2 92 1
2 91 3
1 3 98
2 91 1
1 3 1
2 91 3
1 3 1
2 91 1
2 93 3
1 3 99
2 93 1
1 3 99
2 93 3
1 3 2
2 93 1
2 92 3
1 3 98
2 92 1
1 3 1
2 92 3
1 3 1
2 92 1
2 93 3
1 3 99
2 93 1
1 3 99
2 93 3
1 3 2
2 93 1
2 95 3
1 3 99
2 95 1
1 3 99
2 95 3
1 3 2
2 95 1
2 94 3
1 3 98
2 94 1
1 3 1
2 94 3
1 3 1
2 94 1
2 96 3
1 3 0
2 96 1
2 95 3
1 3 98
2 95 1
1 3 1
2 95 3
1 3 1
2 95 1
2 97 3
1 3 0
2 97 1
2 96 3
1 3 98
2 96 1
1 3 1
2 96 3
1 3 1
2 96 1
2 98 3
1 3 0
2 98 1
2 97 3
1 3 98
2 97 1
1 3 1
2 97 3
1 3 1
2 97 1
1 3 2
2 0 3
1 3 99
2 0 1
1 3 1
2 0 3
1 3 98
1 0 1
2 0 3
1 0 99
2 0 3
1 0 1
2 0 2
1 0 99
