1144
1 10 12
2 0 7
1 3 5
2 1 14
1 11 13
2 2 6
1 16 16
2 3 1
1 14 8
2 4 3
1 5 18
2 5 12
1 5 9
2 6 12
1 6 9
2 7 11
2 8 14
1 7 13
2 9 10
1 3 13
2 10 14
1 15 5
2 11 2
1 1 4
2 12 16
1 7 13
2 13 10
1 1 5
2 14 16
1 3 9
2 15 14
1 15 10
2 16 2
1 14 3
2 17 3
1 4 8
2 18 13
2 0 6
1 7 15
2 0 11
2 1 1
1 2 16
2 1 16
2 2 2
1 3 4
2 2 15
2 3 10
1 11 4
2 3 7
2 4 12
1 13 5
2 4 5
1 1 12
2 5 16
1 1 7
2 5 1
2 6 13
1 14 3
2 6 4
2 7 1
1 2 1
2 7 16
2 8 4
1 5 2
2 8 13
2 9 8
1 9 18
2 9 9
2 10 6
1 7 5
2 10 11
2 11 15
1 16 4
2 11 2
2 12 3
1 4 10
2 12 14
2 13 7
1 8 5
2 13 10
2 14 7
1 8 4
2 14 10
1 2 18
2 15 1
1 2 1
2 15 16
2 16 2
1 3 10
2 16 15
2 17 7
1 8 8
2 17 10
2 18 1
1 2 12
2 18 16
2 0 9
1 11 14
2 0 8
1 2 8
2 1 16
1 2 11
2 1 1
2 2 4
1 6 13
2 2 13
2 3 8
1 10 7
2 3 9
2 4 12
1 14 18
2 4 5
2 5 9
1 11 6
2 5 8
2 6 13
1 15 4
2 6 4
2 7 12
1 14 18
2 7 5
2 8 9
1 11 7
2 8 8
2 9 4
1 6 15
2 9 13
2 10 10
1 12 4
2 10 7
2 11 14
1 16 2
2 11 3
2 12 11
1 13 9
2 12 6
2 13 13
1 15 16
2 13 4
2 14 3
1 5 1
2 14 14
2 15 6
1 8 14
2 15 11
2 16 9
1 11 8
2 16 8
2 17 9
1 11 10
2 17 8
2 18 11
1 13 17
2 18 6
2 0 11
1 14 8
2 0 6
2 1 2
1 5 18
2 1 15
2 2 6
1 9 11
2 2 11
2 3 3
1 6 15
2 3 14
2 4 12
1 15 3
2 4 5
2 5 12
1 15 2
2 5 5
2 6 10
1 13 7
2 6 7
2 7 6
1 9 17
2 7 11
2 8 8
1 11 8
2 8 9
2 9 3
1 6 14
2 9 14
2 10 11
1 14 17
2 10 6
2 11 7
1 10 14
2 11 10
2 12 5
1 8 1
2 12 12
2 13 6
1 9 4
2 13 11
2 14 9
1 12 14
2 14 8
1 16 18
2 15 13
1 16 1
2 15 4
2 16 10
1 13 5
2 16 7
2 17 13
1 16 12
2 17 4
2 18 10
1 13 12
2 18 7
1 4 11
2 0 16
1 4 8
2 0 1
2 1 4
1 8 17
2 1 13
2 2 2
1 6 15
2 2 15
2 3 12
1 16 4
2 3 5
1 13 18
2 4 9
1 13 1
2 4 8
2 5 9
1 13 15
2 5 8
2 6 11
1 15 16
2 6 6
2 7 2
1 6 4
2 7 15
2 8 8
1 12 5
2 8 9
1 4 18
2 9 16
1 4 1
2 9 1
2 10 6
1 10 10
2 10 11
2 11 6
1 10 8
2 11 11
2 12 10
1 14 18
2 12 7
2 13 11
1 15 13
2 13 6
2 14 8
1 12 16
2 14 9
2 15 10
1 14 3
2 15 7
2 16 1
1 5 12
2 16 16
2 17 10
1 14 12
2 17 7
2 18 6
1 10 1
2 18 11
2 0 11
1 16 12
2 0 6
2 1 6
1 11 6
2 1 11
2 2 3
1 8 3
2 2 14
2 3 9
1 14 16
2 3 8
1 11 18
2 4 6
1 11 1
2 4 11
2 5 6
1 11 9
2 5 11
2 6 11
1 16 1
2 6 6
2 7 1
1 6 12
2 7 16
2 8 1
1 6 18
2 8 16
2 9 8
1 13 2
2 9 9
2 10 5
1 10 7
2 10 12
2 11 6
1 11 11
2 11 11
2 12 7
1 12 16
2 12 10
2 13 10
1 15 7
2 13 7
2 14 1
1 6 13
2 14 16
2 15 10
1 15 3
2 15 7
2 16 9
1 14 14
2 16 8
2 17 1
1 6 1
2 17 16
2 18 7
1 12 13
2 18 10
2 0 9
1 15 6
2 0 8
2 1 1
1 7 15
2 1 16
2 2 5
1 11 6
2 2 12
2 3 7
1 13 15
2 3 10
1 6 11
2 4 16
1 6 8
2 4 1
2 5 5
1 11 13
2 5 12
2 6 2
1 8 13
2 6 15
2 7 3
1 9 15
2 7 14
2 8 7
1 13 1
2 8 10
2 9 7
1 13 5
2 9 10
2 10 6
1 12 18
2 10 11
2 11 4
1 10 11
2 11 13
2 12 7
1 13 16
2 12 10
2 13 5
1 11 13
2 13 12
2 14 10
1 16 15
2 14 7
2 15 9
1 15 1
2 15 8
2 16 10
1 16 5
2 16 7
2 17 8
1 14 6
2 17 9
2 18 9
1 15 12
2 18 8
1 7 7
2 0 16
1 7 12
2 0 1
2 1 8
1 15 6
2 1 9
2 2 4
1 11 18
2 2 13
2 3 2
1 9 3
2 3 15
2 4 3
1 10 8
2 4 14
2 5 4
1 11 17
2 5 13
2 6 6
1 13 4
2 6 11
2 7 8
1 15 3
2 7 9
2 8 1
1 8 17
2 8 16
2 9 6
1 13 15
2 9 11
2 10 7
1 14 18
2 10 10
2 11 1
1 8 11
2 11 16
2 12 8
1 15 12
2 12 9
2 13 1
1 8 2
2 13 16
2 14 2
1 9 3
2 14 15
2 15 1
1 8 16
2 15 16
2 16 5
1 12 16
2 16 12
2 17 2
1 9 10
2 17 15
2 18 2
1 9 17
2 18 15
2 0 7
1 15 17
2 0 10
2 1 7
1 15 16
2 1 10
2 2 8
1 16 14
2 2 9
2 3 7
1 15 8
2 3 10
2 4 2
1 10 14
2 4 15
2 5 6
1 14 4
2 5 11
2 6 1
1 9 16
2 6 16
2 7 2
1 10 9
2 7 15
2 8 3
1 11 6
2 8 14
2 9 5
1 13 5
2 9 12
2 10 6
1 14 5
2 10 11
1 8 15
2 11 16
1 8 4
2 11 1
2 12 7
1 15 9
2 12 10
2 13 6
1 14 7
2 13 11
2 14 6
1 14 13
2 14 11
2 16 5
1 13 1
2 16 12
2 17 7
1 15 15
2 17 10
2 18 8
1 16 11
2 18 9
2 0 2
1 11 1
2 0 15
2 1 6
1 15 4
2 1 11
2 2 4
1 13 11
2 2 13
2 3 2
1 11 13
2 3 15
2 4 3
1 12 13
2 4 14
2 5 7
1 16 1
2 5 10
2 6 4
1 13 4
2 6 13
2 7 1
1 10 5
2 7 16
2 8 5
1 14 16
2 8 12
2 9 1
1 10 6
2 9 16
2 10 3
1 12 5
2 10 14
2 11 1
1 10 8
2 11 16
2 12 4
1 13 5
2 12 13
1 9 17
2 13 16
1 9 2
2 13 1
2 14 4
1 13 8
2 14 13
2 15 2
1 11 15
2 15 15
1 12 18
2 16 3
1 12 1
2 16 14
2 17 1
1 10 13
2 17 16
2 18 2
1 11 11
2 18 15
2 0 1
1 11 6
2 0 16
2 1 5
1 15 16
2 1 12
1 15 18
2 2 5
1 15 1
2 2 12
2 3 6
1 16 7
2 3 11
2 4 2
1 12 9
2 4 15
2 5 1
1 11 18
2 5 16
1 14 18
2 6 4
1 14 1
2 6 13
2 7 3
1 13 16
2 7 14
2 8 4
1 14 11
2 8 13
2 9 3
1 13 1
2 9 14
2 10 4
1 14 11
2 10 13
1 10 16
2 11 16
1 10 3
2 11 1
2 12 1
1 11 18
2 12 16
2 13 2
1 12 16
2 13 15
2 14 6
1 16 2
2 14 11
2 15 4
1 14 16
2 15 13
2 16 3
1 13 18
2 16 14
2 17 3
1 13 18
2 17 14
2 18 2
1 12 7
2 18 15
2 0 1
1 12 1
2 0 16
2 1 3
1 14 11
2 1 14
2 2 5
1 16 17
2 2 12
2 3 1
1 12 4
2 3 16
2 4 1
1 12 16
2 4 16
2 5 4
1 15 10
2 5 13
2 6 5
1 16 14
2 6 12
2 7 2
1 13 16
2 7 15
2 8 1
1 12 1
2 8 16
2 9 5
1 16 13
2 9 12
2 10 1
1 12 6
2 10 16
2 11 1
1 12 7
2 11 16
1 14 18
2 12 3
1 14 1
2 12 14
2 13 3
1 14 13
2 13 14
2 14 4
1 15 6
2 14 13
2 15 1
1 12 5
2 15 16
2 16 5
1 16 6
2 16 12
2 17 5
1 16 14
2 17 12
2 18 5
1 16 14
2 18 12
2 0 3
1 15 5
2 0 14
2 1 1
1 13 14
2 1 16
1 12 6
2 2 16
1 12 13
2 2 1
1 12 15
2 3 16
1 12 4
2 3 1
2 4 1
1 13 18
2 4 16
2 5 4
1 16 4
2 5 13
2 6 1
1 13 15
2 6 16
2 7 4
1 16 10
2 7 13
2 8 1
1 13 14
2 8 16
2 9 3
1 15 12
2 9 14
2 10 3
1 15 13
2 10 14
2 11 1
1 13 11
2 11 16
2 12 4
1 16 12
2 12 13
2 13 4
1 16 8
2 13 13
2 14 2
1 14 8
2 14 15
2 15 2
1 14 15
2 15 15
2 16 1
1 13 16
2 16 16
2 17 3
1 15 2
2 17 14
2 18 2
1 14 2
2 18 15
2 0 3
1 16 4
2 0 14
2 1 3
1 16 10
2 1 14
2 2 3
1 16 16
2 2 14
2 3 1
1 14 7
2 3 16
2 4 1
1 14 15
2 4 16
1 13 7
2 5 16
1 13 12
2 5 1
1 13 8
2 6 16
1 13 11
2 6 1
1 13 8
2 7 16
1 13 11
2 7 1
2 8 2
1 15 10
2 8 15
2 10 3
1 16 9
2 10 14
2 11 2
1 15 4
2 11 15
2 12 2
1 15 1
2 12 15
2 13 3
1 16 9
2 13 14
2 14 2
1 15 15
2 14 15
2 15 1
1 14 10
2 15 16
1 13 18
2 16 16
1 13 1
2 16 1
2 17 3
1 16 10
2 17 14
2 18 3
1 16 17
2 18 14
2 0 1
1 15 7
2 0 16
1 14 15
2 1 16
1 14 4
2 1 1
2 2 1
1 15 1
2 2 16
2 3 2
1 16 2
2 3 15
1 14 12
2 4 16
1 14 7
2 4 1
2 5 1
1 15 5
2 5 16
2 6 1
1 15 10
2 6 16
1 14 9
2 7 16
1 14 10
2 7 1
2 8 1
1 15 15
2 8 16
2 9 2
1 16 6
2 9 15
2 10 2
1 16 18
2 10 15
2 11 2
1 16 18
2 11 15
1 14 15
2 12 16
1 14 4
2 12 1
1 14 15
2 13 16
1 14 4
2 13 1
2 14 2
1 16 7
2 14 15
2 15 1
1 15 2
2 15 16
2 16 2
1 16 1
2 16 15
2 17 2
1 16 2
2 17 15
2 18 1
1 15 15
2 18 16
2 0 1
1 16 1
2 0 16
1 15 2
2 1 16
1 15 17
2 1 1
2 2 1
1 16 6
2 2 16
1 15 4
2 3 16
1 15 15
2 3 1
2 5 1
1 16 10
2 5 16
2 6 1
1 16 1
2 6 16
1 15 13
2 7 16
1 15 6
2 7 1
2 8 1
1 16 14
2 8 16
1 15 12
2 9 16
1 15 7
2 9 1
2 10 1
1 16 3
2 10 16
1 15 18
2 11 16
1 15 1
2 11 1
1 16 18
2 12 1
1 16 1
2 12 16
2 13 1
1 16 16
2 13 16
2 14 1
1 16 14
2 14 16
2 15 1
1 16 2
2 15 16
2 16 1
1 16 10
2 16 16
2 17 1
1 16 3
2 17 16
2 18 1
1 16 2
2 18 16
1 16 5
2 1 16
1 16 18
2 1 1
1 16 18
2 1 16
1 16 18
2 1 1
1 16 18
2 1 16
1 16 18
2 1 1
1 16 18
2 1 16
1 16 18
2 1 1
1 16 18
2 1 16
1 16 8
2 1 1
2 2 16
1 16 18
2 2 1
1 16 18
2 2 16
1 16 18
2 2 1
1 16 18
2 2 16
1 16 18
2 2 1
1 16 18
2 2 16
1 16 18
2 2 1
1 16 18
2 2 16
1 16 18
2 2 1
1 16 18
2 2 16
1 16 10
2 2 1
2 3 16
1 16 18
2 3 1
1 16 18
2 3 16
1 16 18
2 3 1
1 16 18
2 3 16
1 16 4
2 3 1
2 5 16
1 16 18
2 5 1
1 16 18
2 5 16
1 16 18
2 5 1
1 16 18
2 5 16
1 16 18
2 5 1
1 16 18
2 5 16
1 16 18
2 5 1
1 16 18
2 5 16
1 16 18
2 5 1
1 16 18
2 5 16
1 16 18
2 5 1
1 16 18
2 5 16
1 16 12
2 5 1
2 4 16
1 16 17
2 4 1
1 16 1
2 4 16
1 16 1
2 4 1
2 6 16
1 16 18
2 6 1
1 16 18
2 6 16
1 16 2
2 6 1
2 5 16
1 16 17
2 5 1
1 16 1
2 5 16
1 16 1
2 5 1
2 8 16
1 16 18
2 8 1
1 16 18
2 8 16
1 16 2
2 8 1
2 7 16
1 16 17
2 7 1
1 16 1
2 7 16
1 16 1
2 7 1
2 9 16
1 16 18
2 9 1
1 16 18
2 9 16
1 16 2
2 9 1
2 8 16
1 16 17
2 8 1
1 16 1
2 8 16
1 16 1
2 8 1
2 10 16
1 16 18
2 10 1
1 16 18
2 10 16
1 16 2
2 10 1
2 9 16
1 16 17
2 9 1
1 16 1
2 9 16
1 16 1
2 9 1
2 11 16
1 16 18
2 11 1
1 16 18
2 11 16
1 16 18
2 11 1
1 16 18
2 11 16
1 16 18
2 11 1
1 16 18
2 11 16
1 16 6
2 11 1
2 10 16
1 16 17
2 10 1
1 16 1
2 10 16
1 16 1
2 10 1
2 12 16
1 16 18
2 12 1
1 16 18
2 12 16
1 16 18
2 12 1
1 16 18
2 12 16
1 16 18
2 12 1
1 16 18
2 12 16
1 16 6
2 12 1
2 11 16
1 16 17
2 11 1
1 16 1
2 11 16
1 16 1
2 11 1
2 13 16
1 16 18
2 13 1
1 16 18
2 13 16
1 16 2
2 13 1
2 12 16
1 16 17
2 12 1
1 16 1
2 12 16
1 16 1
2 12 1
2 14 16
1 16 18
2 14 1
1 16 18
2 14 16
1 16 2
2 14 1
2 13 16
1 16 17
2 13 1
1 16 1
2 13 16
1 16 1
2 13 1
2 14 16
1 16 18
2 14 1
1 16 18
2 14 16
1 16 18
2 14 1
1 16 18
2 14 16
1 16 4
2 14 1
