6187
1 2 38
2 0 3
1 3 21
2 1 2
1 4 62
2 2 1
1 1 16
2 3 4
1 3 2
2 4 2
1 4 23
2 5 1
1 4 19
2 6 1
1 4 52
2 7 1
1 2 86
2 8 3
1 2 3
2 9 3
1 2 21
2 10 3
2 77 1
1 1 30
2 11 4
1 1 36
2 12 4
1 3 20
2 13 2
1 3 31
2 14 2
1 3 40
2 15 2
1 4 78
2 16 1
1 1 35
2 17 4
2 18 3
1 4 22
2 19 1
1 4 94
2 20 1
1 2 33
2 21 3
1 4 43
2 22 1
2 85 1
1 1 34
2 23 4
1 1 28
2 24 4
1 2 69
2 25 3
1 2 95
2 26 3
1 4 19
2 27 1
1 1 1
2 28 4
1 4 14
2 29 1
1 3 63
2 30 2
1 2 10
2 31 3
1 1 54
2 32 4
1 3 22
2 33 2
1 4 2
2 34 1
1 2 54
2 35 3
1 3 87
2 36 2
2 46 1
1 1 87
2 37 4
1 1 62
2 38 4
1 4 15
2 39 1
1 3 20
2 40 2
1 4 66
2 41 1
1 3 56
2 42 2
1 4 16
2 43 1
1 3 84
2 44 2
1 3 32
2 45 2
1 3 17
2 46 2
1 3 85
2 47 2
1 4 39
2 48 1
1 2 6
2 49 3
1 4 12
2 50 1
1 2 59
2 51 3
1 2 19
2 52 3
1 2 88
2 53 3
1 3 75
2 54 2
1 2 74
2 55 3
1 1 14
2 56 4
1 2 26
2 57 3
1 3 95
2 58 2
1 4 82
2 59 1
1 2 86
2 60 3
1 4 86
2 61 1
1 4 91
2 62 1
1 2 80
2 63 3
1 3 89
2 64 2
1 2 82
2 65 3
1 3 18
2 66 2
1 2 22
2 67 3
1 4 20
2 68 1
1 1 84
2 69 4
1 1 52
2 70 4
1 3 94
2 71 2
1 3 11
2 72 2
1 4 54
2 73 1
1 2 33
2 74 3
1 1 64
2 75 4
1 1 8
2 76 4
1 4 8
2 77 1
1 4 59
2 78 1
2 95 1
1 1 80
2 79 4
1 1 78
2 80 4
1 3 22
2 81 2
1 4 95
2 82 1
1 4 84
2 83 1
1 1 73
2 84 4
1 1 89
2 85 4
1 3 53
2 86 2
1 4 60
2 87 1
1 2 34
2 88 3
1 3 78
2 89 2
1 3 64
2 90 2
1 3 58
2 91 2
1 2 83
2 92 3
1 2 37
2 93 3
2 94 2
1 2 25
2 95 3
2 0 1
1 2 56
2 0 4
2 1 2
1 3 31
2 1 3
2 2 3
1 4 19
2 2 2
2 3 3
1 4 35
2 3 2
2 4 1
1 2 68
2 4 4
2 5 1
1 2 92
2 5 4
2 6 1
1 2 48
2 6 4
2 7 1
1 2 87
2 7 4
2 8 2
1 3 74
2 8 3
2 9 1
1 2 25
2 9 4
2 10 2
1 3 79
2 10 3
1 1 19
2 11 4
1 1 77
2 11 1
1 1 88
2 12 4
1 1 8
2 12 1
2 13 2
1 3 46
2 13 3
2 14 2
1 3 65
2 14 3
2 15 1
1 2 44
2 15 4
1 1 43
2 16 4
1 1 53
2 16 1
1 1 56
2 17 4
1 1 40
2 17 1
2 18 1
1 2 78
2 18 4
2 19 3
1 4 54
2 19 2
2 20 2
1 3 61
2 20 3
2 21 2
1 3 67
2 21 3
2 22 2
1 3 5
2 22 3
1 1 78
2 23 4
1 1 18
2 23 1
1 1 83
2 24 4
1 1 13
2 24 1
1 1 46
2 25 4
1 1 50
2 25 1
2 26 3
1 4 84
2 26 2
2 27 3
1 4 95
2 27 2
2 28 3
1 4 14
2 28 2
2 29 1
1 2 45
2 29 4
2 30 1
1 2 95
2 30 4
2 31 2
1 3 30
2 31 3
2 32 1
1 2 57
2 32 4
2 33 3
1 4 46
2 33 2
1 1 84
2 34 4
1 1 12
2 34 1
2 35 2
1 3 56
2 35 3
2 36 2
1 3 46
2 36 3
2 37 1
1 2 7
2 37 4
2 38 3
1 4 20
2 38 2
2 39 2
1 3 56
2 39 3
2 40 1
1 2 83
2 40 4
1 1 64
2 41 4
1 1 32
2 41 1
1 1 75
2 42 4
1 1 21
2 42 1
2 43 2
1 3 25
2 43 3
2 44 3
1 4 53
2 44 2
2 45 3
1 4 15
2 45 2
2 46 1
1 2 27
2 46 4
2 47 2
1 3 94
2 47 3
2 48 1
1 2 26
2 48 4
2 49 2
1 3 95
2 49 3
2 50 2
1 3 78
2 50 3
2 51 1
1 2 45
2 51 4
2 52 3
1 4 73
2 52 2
2 53 3
1 4 86
2 53 2
2 54 3
1 4 93
2 54 2
2 55 1
1 2 12
2 55 4
2 56 3
1 4 82
2 56 2
2 57 1
1 2 90
2 57 4
1 1 66
2 58 4
1 1 30
2 58 1
2 59 1
1 2 27
2 59 4
2 60 2
1 3 76
2 60 3
2 61 3
1 4 78
2 61 2
1 1 95
2 62 4
1 1 1
2 62 1
2 63 1
1 2 91
2 63 4
1 1 67
2 64 4
1 1 29
2 64 1
2 65 2
1 3 94
2 65 3
2 66 3
1 4 11
2 66 2
1 1 68
2 67 4
1 1 28
2 67 1
2 68 1
1 2 12
2 68 4
2 69 2
1 3 24
2 69 3
2 70 2
1 3 62
2 70 3
2 71 1
1 2 59
2 71 4
2 72 3
1 4 18
2 72 2
2 73 2
1 3 32
2 73 3
2 74 1
1 2 76
2 74 4
2 75 1
1 2 87
2 75 4
2 76 3
1 4 75
2 76 2
2 77 1
1 2 1
2 77 4
2 78 2
1 3 94
2 78 3
2 79 3
1 4 34
2 79 2
2 80 2
1 3 73
2 80 3
2 81 3
1 4 79
2 81 2
2 82 3
1 4 63
2 82 2
2 83 2
1 3 9
2 83 3
2 84 1
1 2 6
2 84 4
2 85 3
1 4 64
2 85 2
2 86 3
1 4 75
2 86 2
2 87 2
1 3 46
2 87 3
2 88 1
1 2 70
2 88 4
2 89 2
1 3 80
2 89 3
2 90 3
1 4 16
2 90 2
2 91 3
1 4 2
2 91 2
2 92 2
1 3 15
2 92 3
2 93 3
1 4 39
2 93 2
2 94 2
1 3 41
2 94 3
2 95 2
1 3 25
2 95 3
1 2 75
2 0 4
1 2 21
2 0 1
2 1 1
1 3 34
2 1 4
1 2 60
2 2 4
1 2 36
2 2 1
2 3 2
1 4 90
2 3 3
2 4 1
1 3 1
2 4 4
2 5 1
1 3 66
2 5 4
1 2 93
2 6 4
1 2 3
2 6 1
1 2 22
2 7 4
1 2 74
2 7 1
2 8 2
1 4 36
2 8 3
1 2 21
2 9 4
1 2 75
2 9 1
1 2 23
2 10 4
1 2 73
2 10 1
1 2 70
2 11 4
1 2 26
2 11 1
2 12 1
1 3 61
2 12 4
1 2 71
2 13 4
1 2 25
2 13 1
2 14 2
1 4 70
2 14 3
2 15 2
1 4 86
2 15 3
2 16 1
1 3 8
2 16 4
2 17 1
1 3 68
2 17 4
2 18 1
1 3 56
2 18 4
1 2 26
2 19 4
1 2 70
2 19 1
2 20 1
1 3 32
2 20 4
2 21 2
1 4 23
2 21 3
1 2 91
2 22 4
1 2 5
2 22 1
2 24 2
1 4 44
2 24 3
2 25 2
1 4 95
2 25 3
2 26 2
1 4 95
2 26 3
2 27 1
1 3 83
2 27 4
2 28 2
1 4 72
2 28 3
2 29 2
1 4 34
2 29 3
1 2 67
2 30 4
1 2 29
2 30 1
2 31 1
1 3 80
2 31 4
2 32 1
1 3 13
2 32 4
2 33 1
1 3 14
2 33 4
2 34 2
1 4 54
2 34 3
2 35 2
1 4 69
2 35 3
2 36 1
1 3 37
2 36 4
2 37 2
1 4 20
2 37 3
2 38 1
1 3 9
2 38 4
2 40 2
1 4 77
2 40 3
1 2 67
2 41 4
1 2 29
2 41 1
2 42 2
1 4 20
2 42 3
2 43 2
1 4 6
2 43 3
2 44 1
1 3 9
2 44 4
2 45 1
1 3 12
2 45 4
2 46 2
1 4 22
2 46 3
2 47 2
1 4 81
2 47 3
1 2 95
2 48 4
1 2 1
2 48 1
1 2 64
2 49 4
1 2 32
2 49 1
2 50 1
1 3 2
2 50 4
1 2 86
2 51 4
1 2 10
2 51 1
2 52 1
1 3 4
2 52 4
1 2 86
2 53 4
1 2 10
2 53 1
2 54 2
1 4 89
2 54 3
2 55 1
1 3 52
2 55 4
2 56 1
1 3 23
2 56 4
2 57 1
1 3 88
2 57 4
2 58 2
1 4 80
2 58 3
2 59 1
1 3 39
2 59 4
2 60 2
1 4 48
2 60 3
2 61 1
1 3 89
2 61 4
2 62 2
1 4 30
2 62 3
2 63 2
1 4 84
2 63 3
2 64 2
1 4 66
2 64 3
2 65 2
1 4 61
2 65 3
2 66 2
1 4 27
2 66 3
2 67 2
1 4 45
2 67 3
2 68 2
1 4 13
2 68 3
2 69 2
1 4 26
2 69 3
2 70 1
1 3 73
2 70 4
2 71 2
1 4 38
2 71 3
2 72 2
1 4 25
2 72 3
2 73 1
1 3 13
2 73 4
2 74 1
1 3 17
2 74 4
2 75 1
1 3 78
2 75 4
2 76 1
1 3 73
2 76 4
2 77 2
1 4 84
2 77 3
2 78 2
1 4 91
2 78 3
2 79 1
1 3 87
2 79 4
2 80 2
1 4 62
2 80 3
2 81 1
1 3 33
2 81 4
1 2 93
2 82 4
1 2 3
2 82 1
2 83 1
1 3 20
2 83 4
2 84 1
1 3 2
2 84 4
2 85 2
1 4 43
2 85 3
2 86 2
1 4 92
2 86 3
2 87 2
1 4 92
2 87 3
2 88 1
1 3 69
2 88 4
2 89 1
1 3 85
2 89 4
2 90 1
1 3 32
2 90 4
2 91 2
1 4 15
2 91 3
2 92 2
1 4 1
2 92 3
2 93 2
1 4 78
2 93 3
2 94 1
1 3 62
2 94 4
2 95 2
1 4 68
2 95 3
2 0 1
1 4 39
2 0 4
2 1 1
1 4 28
2 1 4
1 3 5
2 2 4
1 3 91
2 2 1
1 3 13
2 3 4
1 3 83
2 3 1
1 3 39
2 4 4
1 3 57
2 4 1
2 5 1
1 4 87
2 5 4
2 6 1
1 4 74
2 6 4
1 3 60
2 7 4
1 3 36
2 7 1
2 8 1
1 4 30
2 8 4
2 9 1
1 4 27
2 9 4
2 10 1
1 4 1
2 10 4
1 3 79
2 11 4
1 3 17
2 11 1
1 3 89
2 12 4
1 3 7
2 12 1
1 3 45
2 13 4
1 3 51
2 13 1
1 3 86
2 14 4
1 3 10
2 14 1
2 15 1
1 4 14
2 15 4
2 16 1
1 4 62
2 16 4
1 3 51
2 17 4
1 3 45
2 17 1
1 3 33
2 18 4
1 3 63
2 18 1
1 3 72
2 19 4
1 3 24
2 19 1
1 3 27
2 20 4
1 3 69
2 20 1
1 3 36
2 21 4
1 3 60
2 21 1
2 22 1
1 4 14
2 22 4
2 23 1
1 4 71
2 23 4
2 24 1
1 4 47
2 24 4
2 25 1
1 4 53
2 25 4
2 26 1
1 4 44
2 26 4
2 27 1
1 4 22
2 27 4
1 3 83
2 28 4
1 3 13
2 28 1
1 3 62
2 29 4
1 3 34
2 29 1
2 30 1
1 4 93
2 30 4
1 3 83
2 31 4
1 3 13
2 31 1
1 3 52
2 32 4
1 3 44
2 32 1
1 3 55
2 33 4
1 3 41
2 33 1
1 3 74
2 34 4
1 3 22
2 34 1
2 35 1
1 4 4
2 35 4
2 36 1
1 4 22
2 36 4
2 37 1
1 4 64
2 37 4
1 4 95
2 38 1
1 4 1
2 38 4
2 39 1
1 4 66
2 39 4
2 40 1
1 4 27
2 40 4
2 41 1
1 4 28
2 41 4
1 3 69
2 42 4
1 3 27
2 42 1
2 43 1
1 4 92
2 43 4
2 45 1
1 4 29
2 45 4
1 3 50
2 46 4
1 3 46
2 46 1
2 48 1
1 4 79
2 48 4
1 3 86
2 49 4
1 3 10
2 49 1
2 50 1
1 4 41
2 50 4
2 51 1
1 4 37
2 51 4
2 52 1
1 4 55
2 52 4
2 53 1
1 4 77
2 53 4
2 54 1
1 4 89
2 54 4
1 3 59
2 55 4
1 3 37
2 55 1
2 56 1
1 4 50
2 56 4
2 57 1
1 4 66
2 57 4
2 58 1
1 4 82
2 58 4
1 3 60
2 59 4
1 3 36
2 59 1
2 60 1
1 4 17
2 60 4
2 61 1
1 4 73
2 61 4
2 62 1
1 4 23
2 62 4
1 3 92
2 63 4
1 3 4
2 63 1
2 64 1
1 4 68
2 64 4
2 65 1
1 4 36
2 65 4
2 66 1
1 4 72
2 66 4
2 67 1
1 4 74
2 67 4
2 68 1
1 4 55
2 68 4
2 69 1
1 4 46
2 69 4
2 70 1
1 4 24
2 70 4
2 71 1
1 4 26
2 71 4
2 72 1
1 4 61
2 72 4
2 73 1
1 4 16
2 73 4
2 74 1
1 4 92
2 74 4
2 75 1
1 4 64
2 75 4
2 76 1
1 4 88
2 76 4
2 78 1
1 4 40
2 78 4
2 79 1
1 4 78
2 79 4
2 80 1
1 4 36
2 80 4
2 81 1
1 4 65
2 81 4
2 82 1
1 4 59
2 82 4
2 83 1
1 4 59
2 83 4
2 84 1
1 4 8
2 84 4
2 85 1
1 4 41
2 85 4
2 86 1
1 4 16
2 86 4
2 87 1
1 4 21
2 87 4
2 88 1
1 4 3
2 88 4
2 89 1
1 4 23
2 89 4
2 90 1
1 4 21
2 90 4
2 91 1
1 4 77
2 91 4
2 92 1
1 4 69
2 92 4
2 93 1
1 4 60
2 93 4
2 94 1
1 4 69
2 94 4
2 95 1
1 4 21
2 95 4
1 4 25
2 3 4
1 4 95
2 3 1
1 4 95
2 3 4
1 4 95
2 3 1
1 4 95
2 3 4
1 4 95
2 3 1
1 4 95
2 3 4
1 4 95
2 3 1
1 4 95
2 3 4
1 4 95
2 3 1
1 4 95
2 3 4
1 4 95
2 3 1
1 4 95
2 3 4
1 4 95
2 3 1
1 4 95
2 3 4
1 4 95
2 3 1
1 4 95
2 3 4
1 4 95
2 3 1
1 4 95
2 3 4
1 4 95
2 3 1
1 4 95
2 3 4
1 4 95
2 3 1
1 4 95
2 3 4
1 4 95
2 3 1
1 4 95
2 3 4
1 4 95
2 3 1
1 4 95
2 3 4
1 4 95
2 3 1
1 4 95
2 3 4
1 4 95
2 3 1
1 4 95
2 3 4
1 4 95
2 3 1
1 4 95
2 3 4
1 4 95
2 3 1
1 4 95
2 3 4
1 4 95
2 3 1
1 4 95
2 3 4
1 4 95
2 3 1
1 4 95
2 3 4
1 4 95
2 3 1
1 4 95
2 3 4
1 4 95
2 3 1
1 4 95
2 3 4
1 4 95
2 3 1
1 4 95
2 3 4
1 4 95
2 3 1
1 4 95
2 3 4
1 4 95
2 3 1
1 4 95
2 3 4
1 4 95
2 3 1
1 4 95
2 3 4
1 4 95
2 3 1
1 4 95
2 3 4
1 4 95
2 3 1
1 4 95
2 3 4
1 4 95
2 3 1
1 4 95
2 3 4
1 4 95
2 3 1
1 4 95
2 3 4
1 4 95
2 3 1
1 4 95
2 3 4
1 4 95
2 3 1
1 4 95
2 3 4
1 4 95
2 3 1
1 4 95
2 3 4
1 4 95
2 3 1
1 4 95
2 3 4
1 4 95
2 3 1
1 4 95
2 3 4
1 4 95
2 3 1
1 4 95
2 3 4
1 4 95
2 3 1
1 4 95
2 3 4
1 4 95
2 3 1
1 4 95
2 3 4
1 4 95
2 3 1
1 4 95
2 3 4
1 4 76
2 3 1
2 2 4
1 4 94
2 2 1
1 4 1
2 2 4
1 4 1
2 2 1
2 3 4
1 4 95
2 3 1
1 4 95
2 3 4
1 4 95
2 3 1
1 4 95
2 3 4
1 4 95
2 3 1
1 4 95
2 3 4
1 4 95
2 3 1
1 4 95
2 3 4
1 4 95
2 3 1
1 4 95
2 3 4
1 4 95
2 3 1
1 4 95
2 3 4
1 4 95
2 3 1
1 4 95
2 3 4
1 4 95
2 3 1
1 4 95
2 3 4
1 4 95
2 3 1
1 4 95
2 3 4
1 4 95
2 3 1
1 4 95
2 3 4
1 4 95
2 3 1
1 4 95
2 3 4
1 4 95
2 3 1
1 4 95
2 3 4
1 4 95
2 3 1
1 4 95
2 3 4
1 4 95
2 3 1
1 4 95
2 3 4
1 4 95
2 3 1
1 4 95
2 3 4
1 4 95
2 3 1
1 4 95
2 3 4
1 4 95
2 3 1
1 4 95
2 3 4
1 4 95
2 3 1
1 4 95
2 3 4
1 4 95
2 3 1
1 4 95
2 3 4
1 4 95
2 3 1
1 4 95
2 3 4
1 4 95
2 3 1
1 4 95
2 3 4
1 4 95
2 3 1
1 4 95
2 3 4
1 4 95
2 3 1
1 4 95
2 3 4
1 4 95
2 3 1
1 4 95
2 3 4
1 4 95
2 3 1
1 4 95
2 3 4
1 4 95
2 3 1
1 4 95
2 3 4
1 4 95
2 3 1
1 4 95
2 3 4
1 4 95
2 3 1
1 4 95
2 3 4
1 4 95
2 3 1
1 4 95
2 3 4
1 4 95
2 3 1
1 4 95
2 3 4
1 4 95
2 3 1
1 4 95
2 3 4
1 4 95
2 3 1
1 4 95
2 3 4
1 4 95
2 3 1
1 4 95
2 3 4
1 4 95
2 3 1
1 4 95
2 3 4
1 4 95
2 3 1
1 4 95
2 3 4
1 4 95
2 3 1
1 4 95
2 3 4
1 4 95
2 3 1
1 4 95
2 3 4
1 4 95
2 3 1
1 4 95
2 3 4
1 4 95
2 3 1
1 4 95
2 3 4
1 4 95
2 3 1
1 4 95
2 3 4
1 4 95
2 3 1
1 4 95
2 3 4
1 4 95
2 3 1
1 4 95
2 3 4
1 4 84
2 3 1
2 4 4
1 4 95
2 4 1
1 4 95
2 4 4
1 4 95
2 4 1
1 4 95
2 4 4
1 4 95
2 4 1
1 4 95
2 4 4
1 4 95
2 4 1
1 4 95
2 4 4
1 4 95
2 4 1
1 4 95
2 4 4
1 4 95
2 4 1
1 4 95
2 4 4
1 4 95
2 4 1
1 4 95
2 4 4
1 4 95
2 4 1
1 4 95
2 4 4
1 4 95
2 4 1
1 4 95
2 4 4
1 4 95
2 4 1
1 4 95
2 4 4
1 4 95
2 4 1
1 4 95
2 4 4
1 4 95
2 4 1
1 4 95
2 4 4
1 4 95
2 4 1
1 4 95
2 4 4
1 4 95
2 4 1
1 4 95
2 4 4
1 4 95
2 4 1
1 4 95
2 4 4
1 4 95
2 4 1
1 4 95
2 4 4
1 4 95
2 4 1
1 4 95
2 4 4
1 4 95
2 4 1
1 4 95
2 4 4
1 4 95
2 4 1
1 4 95
2 4 4
1 4 95
2 4 1
1 4 95
2 4 4
1 4 95
2 4 1
1 4 95
2 4 4
1 4 95
2 4 1
1 4 95
2 4 4
1 4 95
2 4 1
1 4 95
2 4 4
1 4 95
2 4 1
1 4 95
2 4 4
1 4 95
2 4 1
1 4 95
2 4 4
1 4 95
2 4 1
1 4 95
2 4 4
1 4 52
2 4 1
2 6 4
1 4 95
2 6 1
1 4 95
2 6 4
1 4 95
2 6 1
1 4 95
2 6 4
1 4 95
2 6 1
1 4 95
2 6 4
1 4 95
2 6 1
1 4 95
2 6 4
1 4 95
2 6 1
1 4 95
2 6 4
1 4 95
2 6 1
1 4 95
2 6 4
1 4 95
2 6 1
1 4 95
2 6 4
1 4 95
2 6 1
1 4 95
2 6 4
1 4 95
2 6 1
1 4 95
2 6 4
1 4 95
2 6 1
1 4 95
2 6 4
1 4 95
2 6 1
1 4 95
2 6 4
1 4 95
2 6 1
1 4 95
2 6 4
1 4 95
2 6 1
1 4 95
2 6 4
1 4 95
2 6 1
1 4 95
2 6 4
1 4 95
2 6 1
1 4 95
2 6 4
1 4 95
2 6 1
1 4 95
2 6 4
1 4 95
2 6 1
1 4 95
2 6 4
1 4 95
2 6 1
1 4 95
2 6 4
1 4 95
2 6 1
1 4 95
2 6 4
1 4 38
2 6 1
2 5 4
1 4 94
2 5 1
1 4 1
2 5 4
1 4 1
2 5 1
2 7 4
1 4 95
2 7 1
1 4 95
2 7 4
1 4 95
2 7 1
1 4 95
2 7 4
1 4 95
2 7 1
1 4 95
2 7 4
1 4 95
2 7 1
1 4 95
2 7 4
1 4 95
2 7 1
1 4 95
2 7 4
1 4 95
2 7 1
1 4 95
2 7 4
1 4 95
2 7 1
1 4 95
2 7 4
1 4 95
2 7 1
1 4 95
2 7 4
1 4 95
2 7 1
1 4 95
2 7 4
1 4 95
2 7 1
1 4 95
2 7 4
1 4 95
2 7 1
1 4 95
2 7 4
1 4 95
2 7 1
1 4 95
2 7 4
1 4 95
2 7 1
1 4 95
2 7 4
1 4 95
2 7 1
1 4 95
2 7 4
1 4 95
2 7 1
1 4 95
2 7 4
1 4 95
2 7 1
1 4 95
2 7 4
1 4 95
2 7 1
1 4 95
2 7 4
1 4 95
2 7 1
1 4 95
2 7 4
1 4 95
2 7 1
1 4 95
2 7 4
1 4 95
2 7 1
1 4 95
2 7 4
1 4 95
2 7 1
1 4 95
2 7 4
1 4 95
2 7 1
1 4 95
2 7 4
1 4 95
2 7 1
1 4 95
2 7 4
1 4 46
2 7 1
2 6 4
1 4 94
2 6 1
1 4 1
2 6 4
1 4 1
2 6 1
2 8 4
1 4 95
2 8 1
1 4 95
2 8 4
1 4 95
2 8 1
1 4 95
2 8 4
1 4 95
2 8 1
1 4 95
2 8 4
1 4 95
2 8 1
1 4 95
2 8 4
1 4 95
2 8 1
1 4 95
2 8 4
1 4 95
2 8 1
1 4 95
2 8 4
1 4 95
2 8 1
1 4 95
2 8 4
1 4 95
2 8 1
1 4 95
2 8 4
1 4 95
2 8 1
1 4 95
2 8 4
1 4 95
2 8 1
1 4 95
2 8 4
1 4 95
2 8 1
1 4 95
2 8 4
1 4 95
2 8 1
1 4 95
2 8 4
1 4 95
2 8 1
1 4 95
2 8 4
1 4 95
2 8 1
1 4 95
2 8 4
1 4 95
2 8 1
1 4 95
2 8 4
1 4 95
2 8 1
1 4 95
2 8 4
1 4 95
2 8 1
1 4 95
2 8 4
1 4 34
2 8 1
2 7 4
1 4 94
2 7 1
1 4 1
2 7 4
1 4 1
2 7 1
2 9 4
1 4 95
2 9 1
1 4 95
2 9 4
1 4 95
2 9 1
1 4 95
2 9 4
1 4 95
2 9 1
1 4 95
2 9 4
1 4 95
2 9 1
1 4 95
2 9 4
1 4 95
2 9 1
1 4 95
2 9 4
1 4 95
2 9 1
1 4 95
2 9 4
1 4 95
2 9 1
1 4 95
2 9 4
1 4 95
2 9 1
1 4 95
2 9 4
1 4 95
2 9 1
1 4 95
2 9 4
1 4 95
2 9 1
1 4 95
2 9 4
1 4 95
2 9 1
1 4 95
2 9 4
1 4 95
2 9 1
1 4 95
2 9 4
1 4 95
2 9 1
1 4 95
2 9 4
1 4 95
2 9 1
1 4 95
2 9 4
1 4 95
2 9 1
1 4 95
2 9 4
1 4 95
2 9 1
1 4 95
2 9 4
1 4 95
2 9 1
1 4 95
2 9 4
1 4 95
2 9 1
1 4 95
2 9 4
1 4 95
2 9 1
1 4 95
2 9 4
1 4 95
2 9 1
1 4 95
2 9 4
1 4 95
2 9 1
1 4 95
2 9 4
1 4 95
2 9 1
1 4 95
2 9 4
1 4 95
2 9 1
1 4 95
2 9 4
1 4 95
2 9 1
1 4 95
2 9 4
1 4 95
2 9 1
1 4 95
2 9 4
1 4 95
2 9 1
1 4 95
2 9 4
1 4 95
2 9 1
1 4 95
2 9 4
1 4 95
2 9 1
1 4 95
2 9 4
1 4 56
2 9 1
2 8 4
1 4 94
2 8 1
1 4 1
2 8 4
1 4 1
2 8 1
2 9 4
1 4 95
2 9 1
1 4 95
2 9 4
1 4 95
2 9 1
1 4 95
2 9 4
1 4 95
2 9 1
1 4 95
2 9 4
1 4 95
2 9 1
1 4 95
2 9 4
1 4 95
2 9 1
1 4 95
2 9 4
1 4 95
2 9 1
1 4 95
2 9 4
1 4 95
2 9 1
1 4 95
2 9 4
1 4 95
2 9 1
1 4 95
2 9 4
1 4 95
2 9 1
1 4 95
2 9 4
1 4 95
2 9 1
1 4 95
2 9 4
1 4 95
2 9 1
1 4 95
2 9 4
1 4 95
2 9 1
1 4 95
2 9 4
1 4 95
2 9 1
1 4 95
2 9 4
1 4 95
2 9 1
1 4 95
2 9 4
1 4 95
2 9 1
1 4 95
2 9 4
1 4 95
2 9 1
1 4 95
2 9 4
1 4 95
2 9 1
1 4 95
2 9 4
1 4 95
2 9 1
1 4 95
2 9 4
1 4 95
2 9 1
1 4 95
2 9 4
1 4 95
2 9 1
1 4 95
2 9 4
1 4 95
2 9 1
1 4 95
2 9 4
1 4 95
2 9 1
1 4 95
2 9 4
1 4 95
2 9 1
1 4 95
2 9 4
1 4 95
2 9 1
1 4 95
2 9 4
1 4 95
2 9 1
1 4 95
2 9 4
1 4 95
2 9 1
1 4 95
2 9 4
1 4 95
2 9 1
1 4 95
2 9 4
1 4 95
2 9 1
1 4 95
2 9 4
1 4 95
2 9 1
1 4 95
2 9 4
1 4 95
2 9 1
1 4 95
2 9 4
1 4 60
2 9 1
2 11 4
1 4 95
2 11 1
1 4 95
2 11 4
1 4 95
2 11 1
1 4 95
2 11 4
1 4 95
2 11 1
1 4 95
2 11 4
1 4 95
2 11 1
1 4 95
2 11 4
1 4 95
2 11 1
1 4 95
2 11 4
1 4 95
2 11 1
1 4 95
2 11 4
1 4 95
2 11 1
1 4 95
2 11 4
1 4 95
2 11 1
1 4 95
2 11 4
1 4 95
2 11 1
1 4 95
2 11 4
1 4 95
2 11 1
1 4 95
2 11 4
1 4 95
2 11 1
1 4 95
2 11 4
1 4 22
2 11 1
2 10 4
1 4 94
2 10 1
1 4 1
2 10 4
1 4 1
2 10 1
2 11 4
1 4 95
2 11 1
1 4 95
2 11 4
1 4 95
2 11 1
1 4 95
2 11 4
1 4 4
2 11 1
2 13 4
1 4 95
2 13 1
1 4 95
2 13 4
1 4 95
2 13 1
1 4 95
2 13 4
1 4 95
2 13 1
1 4 95
2 13 4
1 4 95
2 13 1
1 4 95
2 13 4
1 4 95
2 13 1
1 4 95
2 13 4
1 4 95
2 13 1
1 4 95
2 13 4
1 4 95
2 13 1
1 4 95
2 13 4
1 4 95
2 13 1
1 4 95
2 13 4
1 4 95
2 13 1
1 4 95
2 13 4
1 4 95
2 13 1
1 4 95
2 13 4
1 4 95
2 13 1
1 4 95
2 13 4
1 4 95
2 13 1
1 4 95
2 13 4
1 4 95
2 13 1
1 4 95
2 13 4
1 4 95
2 13 1
1 4 95
2 13 4
1 4 95
2 13 1
1 4 95
2 13 4
1 4 95
2 13 1
1 4 95
2 13 4
1 4 95
2 13 1
1 4 95
2 13 4
1 4 95
2 13 1
1 4 95
2 13 4
1 4 95
2 13 1
1 4 95
2 13 4
1 4 95
2 13 1
1 4 95
2 13 4
1 4 95
2 13 1
1 4 95
2 13 4
1 4 95
2 13 1
1 4 95
2 13 4
1 4 44
2 13 1
2 12 4
1 4 94
2 12 1
1 4 1
2 12 4
1 4 1
2 12 1
2 13 4
1 4 95
2 13 1
1 4 95
2 13 4
1 4 95
2 13 1
1 4 95
2 13 4
1 4 95
2 13 1
1 4 95
2 13 4
1 4 95
2 13 1
1 4 95
2 13 4
1 4 95
2 13 1
1 4 95
2 13 4
1 4 95
2 13 1
1 4 95
2 13 4
1 4 95
2 13 1
1 4 95
2 13 4
1 4 95
2 13 1
1 4 95
2 13 4
1 4 95
2 13 1
1 4 95
2 13 4
1 4 95
2 13 1
1 4 95
2 13 4
1 4 95
2 13 1
1 4 95
2 13 4
1 4 95
2 13 1
1 4 95
2 13 4
1 4 95
2 13 1
1 4 95
2 13 4
1 4 95
2 13 1
1 4 95
2 13 4
1 4 95
2 13 1
1 4 95
2 13 4
1 4 95
2 13 1
1 4 95
2 13 4
1 4 95
2 13 1
1 4 95
2 13 4
1 4 95
2 13 1
1 4 95
2 13 4
1 4 95
2 13 1
1 4 95
2 13 4
1 4 95
2 13 1
1 4 95
2 13 4
1 4 95
2 13 1
1 4 95
2 13 4
1 4 95
2 13 1
1 4 95
2 13 4
1 4 95
2 13 1
1 4 95
2 13 4
1 4 95
2 13 1
1 4 95
2 13 4
1 4 95
2 13 1
1 4 95
2 13 4
1 4 95
2 13 1
1 4 95
2 13 4
1 4 95
2 13 1
1 4 95
2 13 4
1 4 95
2 13 1
1 4 95
2 13 4
1 4 95
2 13 1
1 4 95
2 13 4
1 4 95
2 13 1
1 4 95
2 13 4
1 4 95
2 13 1
1 4 95
2 13 4
1 4 95
2 13 1
1 4 95
2 13 4
1 4 95
2 13 1
1 4 95
2 13 4
1 4 95
2 13 1
1 4 95
2 13 4
1 4 95
2 13 1
1 4 95
2 13 4
1 4 95
2 13 1
1 4 95
2 13 4
1 4 95
2 13 1
1 4 95
2 13 4
1 4 95
2 13 1
1 4 95
2 13 4
1 4 95
2 13 1
1 4 95
2 13 4
1 4 78
2 13 1
2 15 4
1 4 95
2 15 1
1 4 95
2 15 4
1 4 95
2 15 1
1 4 95
2 15 4
1 4 95
2 15 1
1 4 95
2 15 4
1 4 95
2 15 1
1 4 95
2 15 4
1 4 95
2 15 1
1 4 95
2 15 4
1 4 95
2 15 1
1 4 95
2 15 4
1 4 95
2 15 1
1 4 95
2 15 4
1 4 95
2 15 1
1 4 95
2 15 4
1 4 95
2 15 1
1 4 95
2 15 4
1 4 95
2 15 1
1 4 95
2 15 4
1 4 95
2 15 1
1 4 95
2 15 4
1 4 95
2 15 1
1 4 95
2 15 4
1 4 95
2 15 1
1 4 95
2 15 4
1 4 95
2 15 1
1 4 95
2 15 4
1 4 95
2 15 1
1 4 95
2 15 4
1 4 95
2 15 1
1 4 95
2 15 4
1 4 95
2 15 1
1 4 95
2 15 4
1 4 95
2 15 1
1 4 95
2 15 4
1 4 95
2 15 1
1 4 95
2 15 4
1 4 95
2 15 1
1 4 95
2 15 4
1 4 95
2 15 1
1 4 95
2 15 4
1 4 95
2 15 1
1 4 95
2 15 4
1 4 95
2 15 1
1 4 95
2 15 4
1 4 95
2 15 1
1 4 95
2 15 4
1 4 95
2 15 1
1 4 95
2 15 4
1 4 95
2 15 1
1 4 95
2 15 4
1 4 95
2 15 1
1 4 95
2 15 4
1 4 95
2 15 1
1 4 95
2 15 4
1 4 95
2 15 1
1 4 95
2 15 4
1 4 58
2 15 1
2 14 4
1 4 94
2 14 1
1 4 1
2 14 4
1 4 1
2 14 1
2 15 4
1 4 95
2 15 1
1 4 95
2 15 4
1 4 95
2 15 1
1 4 95
2 15 4
1 4 95
2 15 1
1 4 95
2 15 4
1 4 6
2 15 1
2 16 4
1 4 95
2 16 1
1 4 95
2 16 4
1 4 95
2 16 1
1 4 95
2 16 4
1 4 95
2 16 1
1 4 95
2 16 4
1 4 95
2 16 1
1 4 95
2 16 4
1 4 95
2 16 1
1 4 95
2 16 4
1 4 95
2 16 1
1 4 95
2 16 4
1 4 95
2 16 1
1 4 95
2 16 4
1 4 95
2 16 1
1 4 95
2 16 4
1 4 95
2 16 1
1 4 95
2 16 4
1 4 95
2 16 1
1 4 95
2 16 4
1 4 95
2 16 1
1 4 95
2 16 4
1 4 95
2 16 1
1 4 95
2 16 4
1 4 95
2 16 1
1 4 95
2 16 4
1 4 26
2 16 1
2 17 4
1 4 95
2 17 1
1 4 95
2 17 4
1 4 95
2 17 1
1 4 95
2 17 4
1 4 95
2 17 1
1 4 95
2 17 4
1 4 95
2 17 1
1 4 95
2 17 4
1 4 95
2 17 1
1 4 95
2 17 4
1 4 95
2 17 1
1 4 95
2 17 4
1 4 95
2 17 1
1 4 95
2 17 4
1 4 95
2 17 1
1 4 95
2 17 4
1 4 95
2 17 1
1 4 95
2 17 4
1 4 95
2 17 1
1 4 95
2 17 4
1 4 95
2 17 1
1 4 95
2 17 4
1 4 95
2 17 1
1 4 95
2 17 4
1 4 95
2 17 1
1 4 95
2 17 4
1 4 95
2 17 1
1 4 95
2 17 4
1 4 95
2 17 1
1 4 95
2 17 4
1 4 95
2 17 1
1 4 95
2 17 4
1 4 95
2 17 1
1 4 95
2 17 4
1 4 95
2 17 1
1 4 95
2 17 4
1 4 95
2 17 1
1 4 95
2 17 4
1 4 95
2 17 1
1 4 95
2 17 4
1 4 95
2 17 1
1 4 95
2 17 4
1 4 95
2 17 1
1 4 95
2 17 4
1 4 95
2 17 1
1 4 95
2 17 4
1 4 46
2 17 1
2 18 4
1 4 95
2 18 1
1 4 95
2 18 4
1 4 95
2 18 1
1 4 95
2 18 4
1 4 95
2 18 1
1 4 95
2 18 4
1 4 95
2 18 1
1 4 95
2 18 4
1 4 95
2 18 1
1 4 95
2 18 4
1 4 95
2 18 1
1 4 95
2 18 4
1 4 95
2 18 1
1 4 95
2 18 4
1 4 95
2 18 1
1 4 95
2 18 4
1 4 95
2 18 1
1 4 95
2 18 4
1 4 95
2 18 1
1 4 95
2 18 4
1 4 95
2 18 1
1 4 95
2 18 4
1 4 95
2 18 1
1 4 95
2 18 4
1 4 95
2 18 1
1 4 95
2 18 4
1 4 95
2 18 1
1 4 95
2 18 4
1 4 28
2 18 1
2 19 4
1 4 95
2 19 1
1 4 95
2 19 4
1 4 95
2 19 1
1 4 95
2 19 4
1 4 95
2 19 1
1 4 95
2 19 4
1 4 6
2 19 1
2 20 4
1 4 95
2 20 1
1 4 95
2 20 4
1 4 95
2 20 1
1 4 95
2 20 4
1 4 95
2 20 1
1 4 95
2 20 4
1 4 95
2 20 1
1 4 95
2 20 4
1 4 8
2 20 1
2 22 4
1 4 95
2 22 1
1 4 95
2 22 4
1 4 95
2 22 1
1 4 95
2 22 4
1 4 95
2 22 1
1 4 95
2 22 4
1 4 95
2 22 1
1 4 95
2 22 4
1 4 95
2 22 1
1 4 95
2 22 4
1 4 95
2 22 1
1 4 95
2 22 4
1 4 95
2 22 1
1 4 95
2 22 4
1 4 95
2 22 1
1 4 95
2 22 4
1 4 95
2 22 1
1 4 95
2 22 4
1 4 95
2 22 1
1 4 95
2 22 4
1 4 95
2 22 1
1 4 95
2 22 4
1 4 95
2 22 1
1 4 95
2 22 4
1 4 95
2 22 1
1 4 95
2 22 4
1 4 95
2 22 1
1 4 95
2 22 4
1 4 95
2 22 1
1 4 95
2 22 4
1 4 95
2 22 1
1 4 95
2 22 4
1 4 95
2 22 1
1 4 95
2 22 4
1 4 95
2 22 1
1 4 95
2 22 4
1 4 95
2 22 1
1 4 95
2 22 4
1 4 95
2 22 1
1 4 95
2 22 4
1 4 95
2 22 1
1 4 95
2 22 4
1 4 95
2 22 1
1 4 95
2 22 4
1 4 95
2 22 1
1 4 95
2 22 4
1 4 95
2 22 1
1 4 95
2 22 4
1 4 95
2 22 1
1 4 95
2 22 4
1 4 50
2 22 1
2 21 4
1 4 94
2 21 1
1 4 1
2 21 4
1 4 1
2 21 1
2 22 4
1 4 95
2 22 1
1 4 95
2 22 4
1 4 95
2 22 1
1 4 95
2 22 4
1 4 95
2 22 1
1 4 95
2 22 4
1 4 95
2 22 1
1 4 95
2 22 4
1 4 95
2 22 1
1 4 95
2 22 4
1 4 95
2 22 1
1 4 95
2 22 4
1 4 95
2 22 1
1 4 95
2 22 4
1 4 95
2 22 1
1 4 95
2 22 4
1 4 95
2 22 1
1 4 95
2 22 4
1 4 95
2 22 1
1 4 95
2 22 4
1 4 95
2 22 1
1 4 95
2 22 4
1 4 95
2 22 1
1 4 95
2 22 4
1 4 95
2 22 1
1 4 95
2 22 4
1 4 95
2 22 1
1 4 95
2 22 4
1 4 95
2 22 1
1 4 95
2 22 4
1 4 95
2 22 1
1 4 95
2 22 4
1 4 95
2 22 1
1 4 95
2 22 4
1 4 95
2 22 1
1 4 95
2 22 4
1 4 95
2 22 1
1 4 95
2 22 4
1 4 95
2 22 1
1 4 95
2 22 4
1 4 95
2 22 1
1 4 95
2 22 4
1 4 95
2 22 1
1 4 95
2 22 4
1 4 95
2 22 1
1 4 95
2 22 4
1 4 95
2 22 1
1 4 95
2 22 4
1 4 95
2 22 1
1 4 95
2 22 4
1 4 95
2 22 1
1 4 95
2 22 4
1 4 95
2 22 1
1 4 95
2 22 4
1 4 95
2 22 1
1 4 95
2 22 4
1 4 56
2 22 1
2 24 4
1 4 95
2 24 1
1 4 95
2 24 4
1 4 95
2 24 1
1 4 95
2 24 4
1 4 95
2 24 1
1 4 95
2 24 4
1 4 95
2 24 1
1 4 95
2 24 4
1 4 8
2 24 1
2 23 4
1 4 94
2 23 1
1 4 1
2 23 4
1 4 1
2 23 1
2 25 4
1 4 95
2 25 1
1 4 95
2 25 4
1 4 95
2 25 1
1 4 95
2 25 4
1 4 95
2 25 1
1 4 95
2 25 4
1 4 95
2 25 1
1 4 95
2 25 4
1 4 95
2 25 1
1 4 95
2 25 4
1 4 95
2 25 1
1 4 95
2 25 4
1 4 95
2 25 1
1 4 95
2 25 4
1 4 95
2 25 1
1 4 95
2 25 4
1 4 95
2 25 1
1 4 95
2 25 4
1 4 95
2 25 1
1 4 95
2 25 4
1 4 95
2 25 1
1 4 95
2 25 4
1 4 95
2 25 1
1 4 95
2 25 4
1 4 95
2 25 1
1 4 95
2 25 4
1 4 95
2 25 1
1 4 95
2 25 4
1 4 95
2 25 1
1 4 95
2 25 4
1 4 95
2 25 1
1 4 95
2 25 4
1 4 95
2 25 1
1 4 95
2 25 4
1 4 95
2 25 1
1 4 95
2 25 4
1 4 95
2 25 1
1 4 95
2 25 4
1 4 95
2 25 1
1 4 95
2 25 4
1 4 95
2 25 1
1 4 95
2 25 4
1 4 42
2 25 1
2 24 4
1 4 94
2 24 1
1 4 1
2 24 4
1 4 1
2 24 1
2 25 4
1 4 95
2 25 1
1 4 95
2 25 4
1 4 95
2 25 1
1 4 95
2 25 4
1 4 95
2 25 1
1 4 95
2 25 4
1 4 95
2 25 1
1 4 95
2 25 4
1 4 95
2 25 1
1 4 95
2 25 4
1 4 95
2 25 1
1 4 95
2 25 4
1 4 95
2 25 1
1 4 95
2 25 4
1 4 95
2 25 1
1 4 95
2 25 4
1 4 95
2 25 1
1 4 95
2 25 4
1 4 95
2 25 1
1 4 95
2 25 4
1 4 95
2 25 1
1 4 95
2 25 4
1 4 95
2 25 1
1 4 95
2 25 4
1 4 95
2 25 1
1 4 95
2 25 4
1 4 95
2 25 1
1 4 95
2 25 4
1 4 95
2 25 1
1 4 95
2 25 4
1 4 95
2 25 1
1 4 95
2 25 4
1 4 95
2 25 1
1 4 95
2 25 4
1 4 95
2 25 1
1 4 95
2 25 4
1 4 95
2 25 1
1 4 95
2 25 4
1 4 95
2 25 1
1 4 95
2 25 4
1 4 95
2 25 1
1 4 95
2 25 4
1 4 95
2 25 1
1 4 95
2 25 4
1 4 95
2 25 1
1 4 95
2 25 4
1 4 95
2 25 1
1 4 95
2 25 4
1 4 95
2 25 1
1 4 95
2 25 4
1 4 95
2 25 1
1 4 95
2 25 4
1 4 95
2 25 1
1 4 95
2 25 4
1 4 95
2 25 1
1 4 95
2 25 4
1 4 56
2 25 1
2 26 4
1 4 95
2 26 1
1 4 95
2 26 4
1 4 95
2 26 1
1 4 95
2 26 4
1 4 95
2 26 1
1 4 95
2 26 4
1 4 95
2 26 1
1 4 95
2 26 4
1 4 95
2 26 1
1 4 95
2 26 4
1 4 95
2 26 1
1 4 95
2 26 4
1 4 95
2 26 1
1 4 95
2 26 4
1 4 95
2 26 1
1 4 95
2 26 4
1 4 95
2 26 1
1 4 95
2 26 4
1 4 95
2 26 1
1 4 95
2 26 4
1 4 95
2 26 1
1 4 95
2 26 4
1 4 95
2 26 1
1 4 95
2 26 4
1 4 95
2 26 1
1 4 95
2 26 4
1 4 95
2 26 1
1 4 95
2 26 4
1 4 95
2 26 1
1 4 95
2 26 4
1 4 95
2 26 1
1 4 95
2 26 4
1 4 95
2 26 1
1 4 95
2 26 4
1 4 95
2 26 1
1 4 95
2 26 4
1 4 95
2 26 1
1 4 95
2 26 4
1 4 38
2 26 1
2 27 4
1 4 95
2 27 1
1 4 95
2 27 4
1 4 95
2 27 1
1 4 95
2 27 4
1 4 95
2 27 1
1 4 95
2 27 4
1 4 95
2 27 1
1 4 95
2 27 4
1 4 95
2 27 1
1 4 95
2 27 4
1 4 95
2 27 1
1 4 95
2 27 4
1 4 95
2 27 1
1 4 95
2 27 4
1 4 95
2 27 1
1 4 95
2 27 4
1 4 95
2 27 1
1 4 95
2 27 4
1 4 95
2 27 1
1 4 95
2 27 4
1 4 95
2 27 1
1 4 95
2 27 4
1 4 95
2 27 1
1 4 95
2 27 4
1 4 95
2 27 1
1 4 95
2 27 4
1 4 95
2 27 1
1 4 95
2 27 4
1 4 95
2 27 1
1 4 95
2 27 4
1 4 95
2 27 1
1 4 95
2 27 4
1 4 95
2 27 1
1 4 95
2 27 4
1 4 95
2 27 1
1 4 95
2 27 4
1 4 95
2 27 1
1 4 95
2 27 4
1 4 95
2 27 1
1 4 95
2 27 4
1 4 95
2 27 1
1 4 95
2 27 4
1 4 95
2 27 1
1 4 95
2 27 4
1 4 95
2 27 1
1 4 95
2 27 4
1 4 95
2 27 1
1 4 95
2 27 4
1 4 95
2 27 1
1 4 95
2 27 4
1 4 95
2 27 1
1 4 95
2 27 4
1 4 95
2 27 1
1 4 95
2 27 4
1 4 95
2 27 1
1 4 95
2 27 4
1 4 95
2 27 1
1 4 95
2 27 4
1 4 95
2 27 1
1 4 95
2 27 4
1 4 95
2 27 1
1 4 95
2 27 4
1 4 95
2 27 1
1 4 95
2 27 4
1 4 95
2 27 1
1 4 95
2 27 4
1 4 95
2 27 1
1 4 95
2 27 4
1 4 68
2 27 1
2 28 4
1 4 95
2 28 1
1 4 95
2 28 4
1 4 2
2 28 1
2 30 4
1 4 95
2 30 1
1 4 95
2 30 4
1 4 95
2 30 1
1 4 95
2 30 4
1 4 95
2 30 1
1 4 95
2 30 4
1 4 95
2 30 1
1 4 95
2 30 4
1 4 95
2 30 1
1 4 95
2 30 4
1 4 95
2 30 1
1 4 95
2 30 4
1 4 95
2 30 1
1 4 95
2 30 4
1 4 95
2 30 1
1 4 95
2 30 4
1 4 95
2 30 1
1 4 95
2 30 4
1 4 95
2 30 1
1 4 95
2 30 4
1 4 95
2 30 1
1 4 95
2 30 4
1 4 95
2 30 1
1 4 95
2 30 4
1 4 95
2 30 1
1 4 95
2 30 4
1 4 95
2 30 1
1 4 95
2 30 4
1 4 95
2 30 1
1 4 95
2 30 4
1 4 95
2 30 1
1 4 95
2 30 4
1 4 95
2 30 1
1 4 95
2 30 4
1 4 95
2 30 1
1 4 95
2 30 4
1 4 95
2 30 1
1 4 95
2 30 4
1 4 95
2 30 1
1 4 95
2 30 4
1 4 95
2 30 1
1 4 95
2 30 4
1 4 95
2 30 1
1 4 95
2 30 4
1 4 95
2 30 1
1 4 95
2 30 4
1 4 95
2 30 1
1 4 95
2 30 4
1 4 95
2 30 1
1 4 95
2 30 4
1 4 95
2 30 1
1 4 95
2 30 4
1 4 52
2 30 1
2 29 4
1 4 94
2 29 1
1 4 1
2 29 4
1 4 1
2 29 1
2 31 4
1 4 95
2 31 1
1 4 95
2 31 4
1 4 95
2 31 1
1 4 95
2 31 4
1 4 95
2 31 1
1 4 95
2 31 4
1 4 95
2 31 1
1 4 95
2 31 4
1 4 95
2 31 1
1 4 95
2 31 4
1 4 95
2 31 1
1 4 95
2 31 4
1 4 95
2 31 1
1 4 95
2 31 4
1 4 95
2 31 1
1 4 95
2 31 4
1 4 95
2 31 1
1 4 95
2 31 4
1 4 95
2 31 1
1 4 95
2 31 4
1 4 95
2 31 1
1 4 95
2 31 4
1 4 95
2 31 1
1 4 95
2 31 4
1 4 95
2 31 1
1 4 95
2 31 4
1 4 95
2 31 1
1 4 95
2 31 4
1 4 95
2 31 1
1 4 95
2 31 4
1 4 95
2 31 1
1 4 95
2 31 4
1 4 95
2 31 1
1 4 95
2 31 4
1 4 95
2 31 1
1 4 95
2 31 4
1 4 95
2 31 1
1 4 95
2 31 4
1 4 95
2 31 1
1 4 95
2 31 4
1 4 95
2 31 1
1 4 95
2 31 4
1 4 95
2 31 1
1 4 95
2 31 4
1 4 95
2 31 1
1 4 95
2 31 4
1 4 95
2 31 1
1 4 95
2 31 4
1 4 95
2 31 1
1 4 95
2 31 4
1 4 95
2 31 1
1 4 95
2 31 4
1 4 95
2 31 1
1 4 95
2 31 4
1 4 54
2 31 1
2 30 4
1 4 94
2 30 1
1 4 1
2 30 4
1 4 1
2 30 1
2 31 4
1 4 95
2 31 1
1 4 95
2 31 4
1 4 95
2 31 1
1 4 95
2 31 4
1 4 95
2 31 1
1 4 95
2 31 4
1 4 95
2 31 1
1 4 95
2 31 4
1 4 95
2 31 1
1 4 95
2 31 4
1 4 95
2 31 1
1 4 95
2 31 4
1 4 95
2 31 1
1 4 95
2 31 4
1 4 95
2 31 1
1 4 95
2 31 4
1 4 95
2 31 1
1 4 95
2 31 4
1 4 18
2 31 1
2 33 4
1 4 95
2 33 1
1 4 95
2 33 4
1 4 95
2 33 1
1 4 95
2 33 4
1 4 95
2 33 1
1 4 95
2 33 4
1 4 95
2 33 1
1 4 95
2 33 4
1 4 95
2 33 1
1 4 95
2 33 4
1 4 10
2 33 1
2 32 4
1 4 94
2 32 1
1 4 1
2 32 4
1 4 1
2 32 1
2 33 4
1 4 95
2 33 1
1 4 95
2 33 4
1 4 95
2 33 1
1 4 95
2 33 4
1 4 95
2 33 1
1 4 95
2 33 4
1 4 95
2 33 1
1 4 95
2 33 4
1 4 95
2 33 1
1 4 95
2 33 4
1 4 95
2 33 1
1 4 95
2 33 4
1 4 95
2 33 1
1 4 95
2 33 4
1 4 95
2 33 1
1 4 95
2 33 4
1 4 95
2 33 1
1 4 95
2 33 4
1 4 95
2 33 1
1 4 95
2 33 4
1 4 95
2 33 1
1 4 95
2 33 4
1 4 95
2 33 1
1 4 95
2 33 4
1 4 95
2 33 1
1 4 95
2 33 4
1 4 95
2 33 1
1 4 95
2 33 4
1 4 28
2 33 1
2 35 4
1 4 95
2 35 1
1 4 95
2 35 4
1 4 95
2 35 1
1 4 95
2 35 4
1 4 95
2 35 1
1 4 95
2 35 4
1 4 95
2 35 1
1 4 95
2 35 4
1 4 95
2 35 1
1 4 95
2 35 4
1 4 95
2 35 1
1 4 95
2 35 4
1 4 95
2 35 1
1 4 95
2 35 4
1 4 95
2 35 1
1 4 95
2 35 4
1 4 95
2 35 1
1 4 95
2 35 4
1 4 95
2 35 1
1 4 95
2 35 4
1 4 95
2 35 1
1 4 95
2 35 4
1 4 95
2 35 1
1 4 95
2 35 4
1 4 24
2 35 1
2 34 4
1 4 94
2 34 1
1 4 1
2 34 4
1 4 1
2 34 1
2 35 4
1 4 95
2 35 1
1 4 95
2 35 4
1 4 95
2 35 1
1 4 95
2 35 4
1 4 95
2 35 1
1 4 95
2 35 4
1 4 6
2 35 1
2 37 4
1 4 95
2 37 1
1 4 95
2 37 4
1 4 95
2 37 1
1 4 95
2 37 4
1 4 95
2 37 1
1 4 95
2 37 4
1 4 95
2 37 1
1 4 95
2 37 4
1 4 95
2 37 1
1 4 95
2 37 4
1 4 95
2 37 1
1 4 95
2 37 4
1 4 95
2 37 1
1 4 95
2 37 4
1 4 95
2 37 1
1 4 95
2 37 4
1 4 95
2 37 1
1 4 95
2 37 4
1 4 95
2 37 1
1 4 95
2 37 4
1 4 95
2 37 1
1 4 95
2 37 4
1 4 95
2 37 1
1 4 95
2 37 4
1 4 95
2 37 1
1 4 95
2 37 4
1 4 95
2 37 1
1 4 95
2 37 4
1 4 95
2 37 1
1 4 95
2 37 4
1 4 95
2 37 1
1 4 95
2 37 4
1 4 32
2 37 1
2 36 4
1 4 94
2 36 1
1 4 1
2 36 4
1 4 1
2 36 1
2 37 4
1 4 95
2 37 1
1 4 95
2 37 4
1 4 95
2 37 1
1 4 95
2 37 4
1 4 95
2 37 1
1 4 95
2 37 4
1 4 6
2 37 1
2 38 4
1 4 95
2 38 1
1 4 95
2 38 4
1 4 95
2 38 1
1 4 95
2 38 4
1 4 95
2 38 1
1 4 95
2 38 4
1 4 95
2 38 1
1 4 95
2 38 4
1 4 95
2 38 1
1 4 95
2 38 4
1 4 95
2 38 1
1 4 95
2 38 4
1 4 95
2 38 1
1 4 95
2 38 4
1 4 95
2 38 1
1 4 95
2 38 4
1 4 95
2 38 1
1 4 95
2 38 4
1 4 95
2 38 1
1 4 95
2 38 4
1 4 95
2 38 1
1 4 95
2 38 4
1 4 95
2 38 1
1 4 95
2 38 4
1 4 95
2 38 1
1 4 95
2 38 4
1 4 95
2 38 1
1 4 95
2 38 4
1 4 95
2 38 1
1 4 95
2 38 4
1 4 95
2 38 1
1 4 95
2 38 4
1 4 95
2 38 1
1 4 95
2 38 4
1 4 95
2 38 1
1 4 95
2 38 4
1 4 95
2 38 1
1 4 95
2 38 4
1 4 95
2 38 1
1 4 95
2 38 4
1 4 95
2 38 1
1 4 95
2 38 4
1 4 95
2 38 1
1 4 95
2 38 4
1 4 95
2 38 1
1 4 95
2 38 4
1 4 95
2 38 1
1 4 95
2 38 4
1 4 95
2 38 1
1 4 95
2 38 4
1 4 95
2 38 1
1 4 95
2 38 4
1 4 52
2 38 1
2 39 4
1 4 95
2 39 1
1 4 95
2 39 4
1 4 95
2 39 1
1 4 95
2 39 4
1 4 95
2 39 1
1 4 95
2 39 4
1 4 95
2 39 1
1 4 95
2 39 4
1 4 95
2 39 1
1 4 95
2 39 4
1 4 95
2 39 1
1 4 95
2 39 4
1 4 95
2 39 1
1 4 95
2 39 4
1 4 95
2 39 1
1 4 95
2 39 4
1 4 95
2 39 1
1 4 95
2 39 4
1 4 95
2 39 1
1 4 95
2 39 4
1 4 95
2 39 1
1 4 95
2 39 4
1 4 95
2 39 1
1 4 95
2 39 4
1 4 95
2 39 1
1 4 95
2 39 4
1 4 95
2 39 1
1 4 95
2 39 4
1 4 95
2 39 1
1 4 95
2 39 4
1 4 95
2 39 1
1 4 95
2 39 4
1 4 95
2 39 1
1 4 95
2 39 4
1 4 95
2 39 1
1 4 95
2 39 4
1 4 95
2 39 1
1 4 95
2 39 4
1 4 38
2 39 1
2 41 4
1 4 95
2 41 1
1 4 95
2 41 4
1 4 95
2 41 1
1 4 95
2 41 4
1 4 95
2 41 1
1 4 95
2 41 4
1 4 95
2 41 1
1 4 95
2 41 4
1 4 95
2 41 1
1 4 95
2 41 4
1 4 95
2 41 1
1 4 95
2 41 4
1 4 95
2 41 1
1 4 95
2 41 4
1 4 14
2 41 1
2 40 4
1 4 94
2 40 1
1 4 1
2 40 4
1 4 1
2 40 1
2 41 4
1 4 95
2 41 1
1 4 95
2 41 4
1 4 95
2 41 1
1 4 95
2 41 4
1 4 95
2 41 1
1 4 95
2 41 4
1 4 95
2 41 1
1 4 95
2 41 4
1 4 95
2 41 1
1 4 95
2 41 4
1 4 95
2 41 1
1 4 95
2 41 4
1 4 95
2 41 1
1 4 95
2 41 4
1 4 95
2 41 1
1 4 95
2 41 4
1 4 95
2 41 1
1 4 95
2 41 4
1 4 95
2 41 1
1 4 95
2 41 4
1 4 95
2 41 1
1 4 95
2 41 4
1 4 95
2 41 1
1 4 95
2 41 4
1 4 95
2 41 1
1 4 95
2 41 4
1 4 95
2 41 1
1 4 95
2 41 4
1 4 95
2 41 1
1 4 95
2 41 4
1 4 95
2 41 1
1 4 95
2 41 4
1 4 95
2 41 1
1 4 95
2 41 4
1 4 95
2 41 1
1 4 95
2 41 4
1 4 95
2 41 1
1 4 95
2 41 4
1 4 95
2 41 1
1 4 95
2 41 4
1 4 40
2 41 1
2 42 4
1 4 95
2 42 1
1 4 95
2 42 4
1 4 95
2 42 1
1 4 95
2 42 4
1 4 95
2 42 1
1 4 95
2 42 4
1 4 95
2 42 1
1 4 95
2 42 4
1 4 8
2 42 1
2 43 4
1 4 95
2 43 1
1 4 95
2 43 4
1 4 95
2 43 1
1 4 95
2 43 4
1 4 95
2 43 1
1 4 95
2 43 4
1 4 95
2 43 1
1 4 95
2 43 4
1 4 95
2 43 1
1 4 95
2 43 4
1 4 95
2 43 1
1 4 95
2 43 4
1 4 95
2 43 1
1 4 95
2 43 4
1 4 95
2 43 1
1 4 95
2 43 4
1 4 16
2 43 1
2 45 4
1 4 95
2 45 1
1 4 95
2 45 4
1 4 95
2 45 1
1 4 95
2 45 4
1 4 95
2 45 1
1 4 95
2 45 4
1 4 95
2 45 1
1 4 95
2 45 4
1 4 95
2 45 1
1 4 95
2 45 4
1 4 95
2 45 1
1 4 95
2 45 4
1 4 95
2 45 1
1 4 95
2 45 4
1 4 95
2 45 1
1 4 95
2 45 4
1 4 95
2 45 1
1 4 95
2 45 4
1 4 95
2 45 1
1 4 95
2 45 4
1 4 95
2 45 1
1 4 95
2 45 4
1 4 95
2 45 1
1 4 95
2 45 4
1 4 95
2 45 1
1 4 95
2 45 4
1 4 26
2 45 1
2 44 4
1 4 94
2 44 1
1 4 1
2 44 4
1 4 1
2 44 1
2 46 4
1 4 95
2 46 1
1 4 95
2 46 4
1 4 95
2 46 1
1 4 95
2 46 4
1 4 95
2 46 1
1 4 95
2 46 4
1 4 95
2 46 1
1 4 95
2 46 4
1 4 95
2 46 1
1 4 95
2 46 4
1 4 95
2 46 1
1 4 95
2 46 4
1 4 95
2 46 1
1 4 95
2 46 4
1 4 95
2 46 1
1 4 95
2 46 4
1 4 95
2 46 1
1 4 95
2 46 4
1 4 95
2 46 1
1 4 95
2 46 4
1 4 95
2 46 1
1 4 95
2 46 4
1 4 95
2 46 1
1 4 95
2 46 4
1 4 95
2 46 1
1 4 95
2 46 4
1 4 26
2 46 1
2 45 4
1 4 94
2 45 1
1 4 1
2 45 4
1 4 1
2 45 1
2 47 4
1 4 95
2 47 1
1 4 95
2 47 4
1 4 95
2 47 1
1 4 95
2 47 4
1 4 95
2 47 1
1 4 95
2 47 4
1 4 95
2 47 1
1 4 95
2 47 4
1 4 95
2 47 1
1 4 95
2 47 4
1 4 10
2 47 1
2 46 4
1 4 94
2 46 1
1 4 1
2 46 4
1 4 1
2 46 1
2 47 4
1 4 95
2 47 1
1 4 95
2 47 4
1 4 95
2 47 1
1 4 95
2 47 4
1 4 95
2 47 1
1 4 95
2 47 4
1 4 95
2 47 1
1 4 95
2 47 4
1 4 95
2 47 1
1 4 95
2 47 4
1 4 95
2 47 1
1 4 95
2 47 4
1 4 95
2 47 1
1 4 95
2 47 4
1 4 95
2 47 1
1 4 95
2 47 4
1 4 95
2 47 1
1 4 95
2 47 4
1 4 95
2 47 1
1 4 95
2 47 4
1 4 20
2 47 1
2 48 4
1 4 95
2 48 1
1 4 95
2 48 4
1 4 95
2 48 1
1 4 95
2 48 4
1 4 95
2 48 1
1 4 95
2 48 4
1 4 95
2 48 1
1 4 95
2 48 4
1 4 95
2 48 1
1 4 95
2 48 4
1 4 95
2 48 1
1 4 95
2 48 4
1 4 95
2 48 1
1 4 95
2 48 4
1 4 95
2 48 1
1 4 95
2 48 4
1 4 95
2 48 1
1 4 95
2 48 4
1 4 95
2 48 1
1 4 95
2 48 4
1 4 20
2 48 1
2 49 4
1 4 95
2 49 1
1 4 95
2 49 4
1 4 95
2 49 1
1 4 95
2 49 4
1 4 95
2 49 1
1 4 95
2 49 4
1 4 95
2 49 1
1 4 95
2 49 4
1 4 95
2 49 1
1 4 95
2 49 4
1 4 95
2 49 1
1 4 95
2 49 4
1 4 95
2 49 1
1 4 95
2 49 4
1 4 95
2 49 1
1 4 95
2 49 4
1 4 95
2 49 1
1 4 95
2 49 4
1 4 95
2 49 1
1 4 95
2 49 4
1 4 95
2 49 1
1 4 95
2 49 4
1 4 22
2 49 1
2 50 4
1 4 95
2 50 1
1 4 95
2 50 4
1 4 95
2 50 1
1 4 95
2 50 4
1 4 95
2 50 1
1 4 95
2 50 4
1 4 95
2 50 1
1 4 95
2 50 4
1 4 95
2 50 1
1 4 95
2 50 4
1 4 95
2 50 1
1 4 95
2 50 4
1 4 95
2 50 1
1 4 95
2 50 4
1 4 95
2 50 1
1 4 95
2 50 4
1 4 95
2 50 1
1 4 95
2 50 4
1 4 95
2 50 1
1 4 95
2 50 4
1 4 95
2 50 1
1 4 95
2 50 4
1 4 95
2 50 1
1 4 95
2 50 4
1 4 95
2 50 1
1 4 95
2 50 4
1 4 95
2 50 1
1 4 95
2 50 4
1 4 95
2 50 1
1 4 95
2 50 4
1 4 95
2 50 1
1 4 95
2 50 4
1 4 95
2 50 1
1 4 95
2 50 4
1 4 95
2 50 1
1 4 95
2 50 4
1 4 95
2 50 1
1 4 95
2 50 4
1 4 38
2 50 1
2 51 4
1 4 95
2 51 1
1 4 95
2 51 4
1 4 95
2 51 1
1 4 95
2 51 4
1 4 95
2 51 1
1 4 95
2 51 4
1 4 95
2 51 1
1 4 95
2 51 4
1 4 95
2 51 1
1 4 95
2 51 4
1 4 95
2 51 1
1 4 95
2 51 4
1 4 95
2 51 1
1 4 95
2 51 4
1 4 95
2 51 1
1 4 95
2 51 4
1 4 95
2 51 1
1 4 95
2 51 4
1 4 95
2 51 1
1 4 95
2 51 4
1 4 95
2 51 1
1 4 95
2 51 4
1 4 95
2 51 1
1 4 95
2 51 4
1 4 95
2 51 1
1 4 95
2 51 4
1 4 95
2 51 1
1 4 95
2 51 4
1 4 95
2 51 1
1 4 95
2 51 4
1 4 95
2 51 1
1 4 95
2 51 4
1 4 95
2 51 1
1 4 95
2 51 4
1 4 95
2 51 1
1 4 95
2 51 4
1 4 95
2 51 1
1 4 95
2 51 4
1 4 95
2 51 1
1 4 95
2 51 4
1 4 95
2 51 1
1 4 95
2 51 4
1 4 42
2 51 1
2 52 4
1 4 95
2 52 1
1 4 95
2 52 4
1 4 95
2 52 1
1 4 95
2 52 4
1 4 95
2 52 1
1 4 95
2 52 4
1 4 95
2 52 1
1 4 95
2 52 4
1 4 95
2 52 1
1 4 95
2 52 4
1 4 95
2 52 1
1 4 95
2 52 4
1 4 12
2 52 1
2 53 4
1 4 95
2 53 1
1 4 95
2 53 4
1 4 95
2 53 1
1 4 95
2 53 4
1 4 95
2 53 1
1 4 95
2 53 4
1 4 95
2 53 1
1 4 95
2 53 4
1 4 95
2 53 1
1 4 95
2 53 4
1 4 95
2 53 1
1 4 95
2 53 4
1 4 95
2 53 1
1 4 95
2 53 4
1 4 95
2 53 1
1 4 95
2 53 4
1 4 95
2 53 1
1 4 95
2 53 4
1 4 95
2 53 1
1 4 95
2 53 4
1 4 20
2 53 1
2 55 4
1 4 95
2 55 1
1 4 95
2 55 4
1 4 95
2 55 1
1 4 95
2 55 4
1 4 95
2 55 1
1 4 95
2 55 4
1 4 95
2 55 1
1 4 95
2 55 4
1 4 95
2 55 1
1 4 95
2 55 4
1 4 95
2 55 1
1 4 95
2 55 4
1 4 95
2 55 1
1 4 95
2 55 4
1 4 95
2 55 1
1 4 95
2 55 4
1 4 95
2 55 1
1 4 95
2 55 4
1 4 95
2 55 1
1 4 95
2 55 4
1 4 95
2 55 1
1 4 95
2 55 4
1 4 95
2 55 1
1 4 95
2 55 4
1 4 95
2 55 1
1 4 95
2 55 4
1 4 95
2 55 1
1 4 95
2 55 4
1 4 95
2 55 1
1 4 95
2 55 4
1 4 95
2 55 1
1 4 95
2 55 4
1 4 95
2 55 1
1 4 95
2 55 4
1 4 95
2 55 1
1 4 95
2 55 4
1 4 95
2 55 1
1 4 95
2 55 4
1 4 38
2 55 1
2 54 4
1 4 94
2 54 1
1 4 1
2 54 4
1 4 1
2 54 1
2 55 4
1 4 95
2 55 1
1 4 95
2 55 4
1 4 95
2 55 1
1 4 95
2 55 4
1 4 95
2 55 1
1 4 95
2 55 4
1 4 95
2 55 1
1 4 95
2 55 4
1 4 95
2 55 1
1 4 95
2 55 4
1 4 95
2 55 1
1 4 95
2 55 4
1 4 95
2 55 1
1 4 95
2 55 4
1 4 95
2 55 1
1 4 95
2 55 4
1 4 95
2 55 1
1 4 95
2 55 4
1 4 95
2 55 1
1 4 95
2 55 4
1 4 20
2 55 1
2 56 4
1 4 95
2 56 1
1 4 95
2 56 4
1 4 95
2 56 1
1 4 95
2 56 4
1 4 95
2 56 1
1 4 95
2 56 4
1 4 95
2 56 1
1 4 95
2 56 4
1 4 95
2 56 1
1 4 95
2 56 4
1 4 95
2 56 1
1 4 95
2 56 4
1 4 95
2 56 1
1 4 95
2 56 4
1 4 95
2 56 1
1 4 95
2 56 4
1 4 16
2 56 1
2 57 4
1 4 95
2 57 1
1 4 95
2 57 4
1 4 95
2 57 1
1 4 95
2 57 4
1 4 95
2 57 1
1 4 95
2 57 4
1 4 95
2 57 1
1 4 95
2 57 4
1 4 95
2 57 1
1 4 95
2 57 4
1 4 95
2 57 1
1 4 95
2 57 4
1 4 95
2 57 1
1 4 95
2 57 4
1 4 95
2 57 1
1 4 95
2 57 4
1 4 95
2 57 1
1 4 95
2 57 4
1 4 95
2 57 1
1 4 95
2 57 4
1 4 95
2 57 1
1 4 95
2 57 4
1 4 95
2 57 1
1 4 95
2 57 4
1 4 24
2 57 1
2 58 4
1 4 95
2 58 1
1 4 95
2 58 4
1 4 95
2 58 1
1 4 95
2 58 4
1 4 95
2 58 1
1 4 95
2 58 4
1 4 95
2 58 1
1 4 95
2 58 4
1 4 95
2 58 1
1 4 95
2 58 4
1 4 95
2 58 1
1 4 95
2 58 4
1 4 95
2 58 1
1 4 95
2 58 4
1 4 95
2 58 1
1 4 95
2 58 4
1 4 95
2 58 1
1 4 95
2 58 4
1 4 95
2 58 1
1 4 95
2 58 4
1 4 95
2 58 1
1 4 95
2 58 4
1 4 95
2 58 1
1 4 95
2 58 4
1 4 95
2 58 1
1 4 95
2 58 4
1 4 95
2 58 1
1 4 95
2 58 4
1 4 95
2 58 1
1 4 95
2 58 4
1 4 30
2 58 1
2 60 4
1 4 95
2 60 1
1 4 95
2 60 4
1 4 95
2 60 1
1 4 95
2 60 4
1 4 95
2 60 1
1 4 95
2 60 4
1 4 95
2 60 1
1 4 95
2 60 4
1 4 95
2 60 1
1 4 95
2 60 4
1 4 95
2 60 1
1 4 95
2 60 4
1 4 95
2 60 1
1 4 95
2 60 4
1 4 14
2 60 1
2 59 4
1 4 94
2 59 1
1 4 1
2 59 4
1 4 1
2 59 1
2 60 4
1 4 95
2 60 1
1 4 95
2 60 4
1 4 95
2 60 1
1 4 95
2 60 4
1 4 95
2 60 1
1 4 95
2 60 4
1 4 95
2 60 1
1 4 95
2 60 4
1 4 95
2 60 1
1 4 95
2 60 4
1 4 95
2 60 1
1 4 95
2 60 4
1 4 95
2 60 1
1 4 95
2 60 4
1 4 95
2 60 1
1 4 95
2 60 4
1 4 16
2 60 1
2 62 4
1 4 95
2 62 1
1 4 95
2 62 4
1 4 95
2 62 1
1 4 95
2 62 4
1 4 95
2 62 1
1 4 95
2 62 4
1 4 95
2 62 1
1 4 95
2 62 4
1 4 95
2 62 1
1 4 95
2 62 4
1 4 95
2 62 1
1 4 95
2 62 4
1 4 95
2 62 1
1 4 95
2 62 4
1 4 95
2 62 1
1 4 95
2 62 4
1 4 95
2 62 1
1 4 95
2 62 4
1 4 95
2 62 1
1 4 95
2 62 4
1 4 95
2 62 1
1 4 95
2 62 4
1 4 95
2 62 1
1 4 95
2 62 4
1 4 95
2 62 1
1 4 95
2 62 4
1 4 95
2 62 1
1 4 95
2 62 4
1 4 95
2 62 1
1 4 95
2 62 4
1 4 30
2 62 1
2 61 4
1 4 94
2 61 1
1 4 1
2 61 4
1 4 1
2 61 1
2 62 4
1 4 95
2 62 1
1 4 95
2 62 4
1 4 95
2 62 1
1 4 95
2 62 4
1 4 95
2 62 1
1 4 95
2 62 4
1 4 95
2 62 1
1 4 95
2 62 4
1 4 95
2 62 1
1 4 95
2 62 4
1 4 95
2 62 1
1 4 95
2 62 4
1 4 95
2 62 1
1 4 95
2 62 4
1 4 95
2 62 1
1 4 95
2 62 4
1 4 95
2 62 1
1 4 95
2 62 4
1 4 95
2 62 1
1 4 95
2 62 4
1 4 95
2 62 1
1 4 95
2 62 4
1 4 95
2 62 1
1 4 95
2 62 4
1 4 95
2 62 1
1 4 95
2 62 4
1 4 95
2 62 1
1 4 95
2 62 4
1 4 28
2 62 1
2 64 4
1 4 95
2 64 1
1 4 95
2 64 4
1 4 95
2 64 1
1 4 95
2 64 4
1 4 95
2 64 1
1 4 95
2 64 4
1 4 95
2 64 1
1 4 95
2 64 4
1 4 95
2 64 1
1 4 95
2 64 4
1 4 10
2 64 1
2 63 4
1 4 94
2 63 1
1 4 1
2 63 4
1 4 1
2 63 1
2 64 4
1 4 95
2 64 1
1 4 95
2 64 4
1 4 95
2 64 1
1 4 95
2 64 4
1 4 95
2 64 1
1 4 95
2 64 4
1 4 95
2 64 1
1 4 95
2 64 4
1 4 95
2 64 1
1 4 95
2 64 4
1 4 95
2 64 1
1 4 95
2 64 4
1 4 95
2 64 1
1 4 95
2 64 4
1 4 95
2 64 1
1 4 95
2 64 4
1 4 95
2 64 1
1 4 95
2 64 4
1 4 95
2 64 1
1 4 95
2 64 4
1 4 20
2 64 1
2 66 4
1 4 95
2 66 1
1 4 95
2 66 4
1 4 95
2 66 1
1 4 95
2 66 4
1 4 95
2 66 1
1 4 95
2 66 4
1 4 95
2 66 1
1 4 95
2 66 4
1 4 95
2 66 1
1 4 95
2 66 4
1 4 95
2 66 1
1 4 95
2 66 4
1 4 95
2 66 1
1 4 95
2 66 4
1 4 95
2 66 1
1 4 95
2 66 4
1 4 95
2 66 1
1 4 95
2 66 4
1 4 95
2 66 1
1 4 95
2 66 4
1 4 95
2 66 1
1 4 95
2 66 4
1 4 22
2 66 1
2 65 4
1 4 94
2 65 1
1 4 1
2 65 4
1 4 1
2 65 1
2 66 4
1 4 95
2 66 1
1 4 95
2 66 4
1 4 95
2 66 1
1 4 95
2 66 4
1 4 95
2 66 1
1 4 95
2 66 4
1 4 95
2 66 1
1 4 95
2 66 4
1 4 95
2 66 1
1 4 95
2 66 4
1 4 10
2 66 1
2 68 4
1 4 95
2 68 1
1 4 95
2 68 4
1 4 95
2 68 1
1 4 95
2 68 4
1 4 95
2 68 1
1 4 95
2 68 4
1 4 95
2 68 1
1 4 95
2 68 4
1 4 95
2 68 1
1 4 95
2 68 4
1 4 95
2 68 1
1 4 95
2 68 4
1 4 95
2 68 1
1 4 95
2 68 4
1 4 95
2 68 1
1 4 95
2 68 4
1 4 95
2 68 1
1 4 95
2 68 4
1 4 95
2 68 1
1 4 95
2 68 4
1 4 20
2 68 1
2 67 4
1 4 94
2 67 1
1 4 1
2 67 4
1 4 1
2 67 1
2 69 4
1 4 95
2 69 1
1 4 95
2 69 4
1 4 95
2 69 1
1 4 95
2 69 4
1 4 95
2 69 1
1 4 95
2 69 4
1 4 95
2 69 1
1 4 95
2 69 4
1 4 95
2 69 1
1 4 95
2 69 4
1 4 95
2 69 1
1 4 95
2 69 4
1 4 95
2 69 1
1 4 95
2 69 4
1 4 95
2 69 1
1 4 95
2 69 4
1 4 95
2 69 1
1 4 95
2 69 4
1 4 95
2 69 1
1 4 95
2 69 4
1 4 20
2 69 1
2 68 4
1 4 94
2 68 1
1 4 1
2 68 4
1 4 1
2 68 1
2 70 4
1 4 95
2 70 1
1 4 95
2 70 4
1 4 95
2 70 1
1 4 95
2 70 4
1 4 95
2 70 1
1 4 95
2 70 4
1 4 95
2 70 1
1 4 95
2 70 4
1 4 95
2 70 1
1 4 95
2 70 4
1 4 95
2 70 1
1 4 95
2 70 4
1 4 95
2 70 1
1 4 95
2 70 4
1 4 95
2 70 1
1 4 95
2 70 4
1 4 16
2 70 1
2 69 4
1 4 94
2 69 1
1 4 1
2 69 4
1 4 1
2 69 1
2 71 4
1 4 95
2 71 1
1 4 95
2 71 4
1 4 95
2 71 1
1 4 95
2 71 4
1 4 95
2 71 1
1 4 95
2 71 4
1 4 95
2 71 1
1 4 95
2 71 4
1 4 95
2 71 1
1 4 95
2 71 4
1 4 95
2 71 1
1 4 95
2 71 4
1 4 95
2 71 1
1 4 95
2 71 4
1 4 95
2 71 1
1 4 95
2 71 4
1 4 95
2 71 1
1 4 95
2 71 4
1 4 95
2 71 1
1 4 95
2 71 4
1 4 20
2 71 1
2 70 4
1 4 94
2 70 1
1 4 1
2 70 4
1 4 1
2 70 1
2 71 4
1 4 95
2 71 1
1 4 95
2 71 4
1 4 95
2 71 1
1 4 95
2 71 4
1 4 95
2 71 1
1 4 95
2 71 4
1 4 95
2 71 1
1 4 95
2 71 4
1 4 95
2 71 1
1 4 95
2 71 4
1 4 95
2 71 1
1 4 95
2 71 4
1 4 95
2 71 1
1 4 95
2 71 4
1 4 95
2 71 1
1 4 95
2 71 4
1 4 95
2 71 1
1 4 95
2 71 4
1 4 95
2 71 1
1 4 95
2 71 4
1 4 20
2 71 1
2 73 4
1 4 95
2 73 1
1 4 95
2 73 4
1 4 95
2 73 1
1 4 95
2 73 4
1 4 95
2 73 1
1 4 95
2 73 4
1 4 95
2 73 1
1 4 95
2 73 4
1 4 95
2 73 1
1 4 95
2 73 4
1 4 95
2 73 1
1 4 95
2 73 4
1 4 12
2 73 1
2 72 4
1 4 94
2 72 1
1 4 1
2 72 4
1 4 1
2 72 1
2 74 4
1 4 95
2 74 1
1 4 95
2 74 4
1 4 95
2 74 1
1 4 95
2 74 4
1 4 95
2 74 1
1 4 95
2 74 4
1 4 95
2 74 1
1 4 95
2 74 4
1 4 95
2 74 1
1 4 95
2 74 4
1 4 95
2 74 1
1 4 95
2 74 4
1 4 95
2 74 1
1 4 95
2 74 4
1 4 95
2 74 1
1 4 95
2 74 4
1 4 95
2 74 1
1 4 95
2 74 4
1 4 95
2 74 1
1 4 95
2 74 4
1 4 20
2 74 1
2 73 4
1 4 94
2 73 1
1 4 1
2 73 4
1 4 1
2 73 1
2 75 4
1 4 95
2 75 1
1 4 95
2 75 4
1 4 95
2 75 1
1 4 95
2 75 4
1 4 95
2 75 1
1 4 95
2 75 4
1 4 95
2 75 1
1 4 95
2 75 4
1 4 95
2 75 1
1 4 95
2 75 4
1 4 95
2 75 1
1 4 95
2 75 4
1 4 95
2 75 1
1 4 95
2 75 4
1 4 95
2 75 1
1 4 95
2 75 4
1 4 95
2 75 1
1 4 95
2 75 4
1 4 18
2 75 1
2 74 4
1 4 94
2 74 1
1 4 1
2 74 4
1 4 1
2 74 1
2 75 4
1 4 95
2 75 1
1 4 95
2 75 4
1 4 95
2 75 1
1 4 95
2 75 4
1 4 95
2 75 1
1 4 95
2 75 4
1 4 95
2 75 1
1 4 95
2 75 4
1 4 95
2 75 1
1 4 95
2 75 4
1 4 95
2 75 1
1 4 95
2 75 4
1 4 95
2 75 1
1 4 95
2 75 4
1 4 95
2 75 1
1 4 95
2 75 4
1 4 95
2 75 1
1 4 95
2 75 4
1 4 95
2 75 1
1 4 95
2 75 4
1 4 20
2 75 1
2 77 4
1 4 95
2 77 1
1 4 95
2 77 4
1 4 95
2 77 1
1 4 95
2 77 4
1 4 95
2 77 1
1 4 95
2 77 4
1 4 95
2 77 1
1 4 95
2 77 4
1 4 95
2 77 1
1 4 95
2 77 4
1 4 95
2 77 1
1 4 95
2 77 4
1 4 12
2 77 1
2 76 4
1 4 94
2 76 1
1 4 1
2 76 4
1 4 1
2 76 1
2 80 4
1 4 95
2 80 1
1 4 95
2 80 4
1 4 95
2 80 1
1 4 95
2 80 4
1 4 95
2 80 1
1 4 95
2 80 4
1 4 95
2 80 1
1 4 95
2 80 4
1 4 95
2 80 1
1 4 95
2 80 4
1 4 95
2 80 1
1 4 95
2 80 4
1 4 95
2 80 1
1 4 95
2 80 4
1 4 14
2 80 1
2 79 4
1 4 94
2 79 1
1 4 1
2 79 4
1 4 1
2 79 1
2 80 4
1 4 95
2 80 1
1 4 95
2 80 4
1 4 95
2 80 1
1 4 95
2 80 4
1 4 95
2 80 1
1 4 95
2 80 4
1 4 95
2 80 1
1 4 95
2 80 4
1 4 95
2 80 1
1 4 95
2 80 4
1 4 95
2 80 1
1 4 95
2 80 4
1 4 95
2 80 1
1 4 95
2 80 4
1 4 14
2 80 1
2 82 4
1 4 95
2 82 1
1 4 95
2 82 4
1 4 95
2 82 1
1 4 95
2 82 4
1 4 4
2 82 1
2 81 4
1 4 94
2 81 1
1 4 1
2 81 4
1 4 1
2 81 1
2 83 4
1 4 0
2 83 1
2 82 4
1 4 94
2 82 1
1 4 1
2 82 4
1 4 1
2 82 1
2 84 4
1 4 95
2 84 1
1 4 95
2 84 4
1 4 95
2 84 1
1 4 95
2 84 4
1 4 95
2 84 1
1 4 95
2 84 4
1 4 95
2 84 1
1 4 95
2 84 4
1 4 95
2 84 1
1 4 95
2 84 4
1 4 10
2 84 1
2 83 4
1 4 94
2 83 1
1 4 1
2 83 4
1 4 1
2 83 1
2 84 4
1 4 95
2 84 1
1 4 95
2 84 4
1 4 95
2 84 1
1 4 95
2 84 4
1 4 95
2 84 1
1 4 95
2 84 4
1 4 95
2 84 1
1 4 95
2 84 4
1 4 8
2 84 1
2 85 4
1 4 95
2 85 1
1 4 95
2 85 4
1 4 95
2 85 1
1 4 95
2 85 4
1 4 95
2 85 1
1 4 95
2 85 4
1 4 95
2 85 1
1 4 95
2 85 4
1 4 95
2 85 1
1 4 95
2 85 4
1 4 10
2 85 1
2 87 4
1 4 0
2 87 1
2 86 4
1 4 94
2 86 1
1 4 1
2 86 4
1 4 1
2 86 1
2 88 4
1 4 95
2 88 1
1 4 95
2 88 4
1 4 2
2 88 1
2 87 4
1 4 94
2 87 1
1 4 1
2 87 4
1 4 1
2 87 1
2 89 4
1 4 95
2 89 1
1 4 95
2 89 4
1 4 95
2 89 1
1 4 95
2 89 4
1 4 95
2 89 1
1 4 95
2 89 4
1 4 6
2 89 1
2 88 4
1 4 94
2 88 1
1 4 1
2 88 4
1 4 1
2 88 1
2 89 4
1 4 95
2 89 1
1 4 95
2 89 4
1 4 2
2 89 1
2 91 4
1 4 95
2 91 1
1 4 95
2 91 4
1 4 2
2 91 1
2 90 4
1 4 94
2 90 1
1 4 1
2 90 4
1 4 1
2 90 1
2 92 4
1 4 0
2 92 1
2 91 4
1 4 94
2 91 1
1 4 1
2 91 4
1 4 1
2 91 1
2 93 4
1 4 0
2 93 1
2 92 4
1 4 94
2 92 1
1 4 1
2 92 4
1 4 1
2 92 1
2 94 4
1 4 0
2 94 1
2 93 4
1 4 94
2 93 1
1 4 1
2 93 4
1 4 1
2 93 1
