5819
1 0 17
1 2 65
2 1 2
1 3 40
2 2 1
1 2 47
2 3 2
1 3 71
2 4 1
1 3 58
2 5 1
2 44 1
1 1 57
2 6 3
1 2 86
2 7 2
2 32 1
1 1 71
2 8 3
2 82 1
1 1 22
2 9 3
1 3 19
2 10 1
2 50 1
1 1 56
2 11 3
1 2 80
2 12 2
2 39 1
1 1 69
2 13 3
1 2 31
2 14 2
1 1 16
2 15 3
1 1 65
2 16 3
1 3 31
2 17 1
1 2 86
2 18 2
1 3 35
2 19 1
1 1 28
2 20 3
1 1 47
2 21 3
2 73 1
1 1 44
2 22 3
1 3 27
2 23 1
1 1 76
2 24 3
2 26 1
1 1 94
2 25 3
1 2 13
2 26 2
1 3 42
2 27 1
2 41 1
1 1 82
2 28 3
1 2 55
2 29 2
1 1 54
2 30 3
1 1 57
2 31 3
1 2 10
2 32 2
1 2 37
2 33 2
1 1 88
2 34 3
1 2 86
2 35 2
1 1 60
2 36 3
2 72 1
1 1 60
2 37 3
1 1 39
2 38 3
1 3 66
2 39 1
1 1 94
2 40 3
1 3 24
2 41 1
2 64 1
1 1 73
2 42 3
2 56 1
1 1 82
2 43 3
1 1 34
2 44 3
1 2 79
2 45 2
1 2 64
2 46 2
1 3 70
2 47 1
1 3 69
2 48 1
1 1 68
2 49 3
1 2 91
2 50 2
1 3 63
2 51 1
1 3 12
2 52 1
2 71 1
1 1 77
2 53 3
1 3 43
2 54 1
1 1 28
2 55 3
1 2 16
2 56 2
1 2 86
2 57 2
1 1 15
2 58 3
1 1 46
2 59 3
1 2 53
2 60 2
2 66 1
1 1 90
2 61 3
1 1 82
2 62 3
1 3 31
2 63 1
1 1 44
2 64 3
1 2 82
2 65 2
1 3 68
2 66 1
1 1 79
2 67 3
1 1 7
2 68 3
1 1 71
2 69 3
1 3 20
2 70 1
1 3 24
2 71 1
1 3 59
2 73 1
1 1 55
2 74 3
1 2 30
2 75 2
1 2 64
2 76 2
1 3 89
2 77 1
1 1 8
2 78 3
1 3 29
2 79 1
1 1 61
2 80 3
1 3 91
2 81 1
1 2 29
2 82 2
1 2 52
2 83 2
1 3 11
2 84 1
1 3 48
2 85 1
2 86 3
1 3 93
2 87 1
1 2 50
2 88 2
1 3 76
2 89 1
1 1 19
2 90 3
1 2 86
2 91 2
1 1 25
2 92 3
1 3 50
2 93 1
1 2 59
2 94 2
1 1 80
2 0 3
1 1 15
2 0 1
2 1 2
1 3 23
2 1 2
2 2 2
1 3 66
2 2 2
2 3 1
1 2 2
2 3 3
2 4 2
1 3 48
2 4 2
1 1 70
2 5 3
1 1 25
2 5 1
2 6 2
1 3 46
2 6 2
2 7 1
1 2 86
2 7 3
1 1 61
2 8 3
1 1 34
2 8 1
2 9 2
1 3 85
2 9 2
1 1 63
2 10 3
1 1 32
2 10 1
1 1 68
2 11 3
1 1 27
2 11 1
1 1 75
2 12 3
1 1 20
2 12 1
2 13 1
1 2 51
2 13 3
2 14 2
1 3 4
2 14 2
2 15 1
1 2 2
2 15 3
2 16 2
1 3 34
2 16 2
1 2 94
2 17 1
1 2 1
2 17 3
2 18 2
1 3 81
2 18 2
2 19 1
1 2 73
2 19 3
2 20 2
1 3 41
2 20 2
2 21 1
1 2 5
2 21 3
1 1 46
2 22 3
1 1 49
2 22 1
2 23 1
1 2 32
2 23 3
2 24 1
1 2 67
2 24 3
2 25 1
1 2 26
2 25 3
2 26 2
1 3 76
2 26 2
1 1 30
2 27 3
1 1 65
2 27 1
2 28 2
1 3 22
2 28 2
2 29 2
1 3 63
2 29 2
2 30 1
1 2 14
2 30 3
2 31 1
1 2 27
2 31 3
1 1 44
2 32 3
1 1 51
2 32 1
2 33 1
1 2 41
2 33 3
2 34 2
1 3 15
2 34 2
2 35 2
1 3 38
2 35 2
2 36 1
1 2 56
2 36 3
2 37 2
1 3 67
2 37 2
2 38 2
1 3 45
2 38 2
2 39 1
1 2 14
2 39 3
1 1 44
2 40 3
1 1 51
2 40 1
2 41 2
1 3 20
2 41 2
2 42 2
1 3 18
2 42 2
2 43 1
1 2 58
2 43 3
2 44 1
1 2 91
2 44 3
2 45 1
1 2 54
2 45 3
2 46 2
1 3 35
2 46 2
1 1 63
2 47 3
1 1 32
2 47 1
1 1 79
2 48 3
1 1 16
2 48 1
1 1 78
2 49 3
1 1 17
2 49 1
2 50 1
1 2 47
2 50 3
2 51 2
1 3 51
2 51 2
2 52 2
1 3 3
2 52 2
2 53 2
1 3 57
2 53 2
2 54 2
1 3 43
2 54 2
2 55 2
1 3 72
2 55 2
2 56 1
1 2 46
2 56 3
2 57 1
1 2 52
2 57 3
2 58 1
1 2 31
2 58 3
2 59 2
1 3 68
2 59 2
2 60 2
1 3 54
2 60 2
2 61 2
1 3 72
2 61 2
2 62 1
1 2 34
2 62 3
2 63 1
1 2 30
2 63 3
2 64 1
1 2 88
2 64 3
2 65 2
1 3 1
2 65 2
2 66 2
1 3 35
2 66 2
2 67 2
1 3 66
2 67 2
2 68 1
1 2 33
2 68 3
2 69 2
1 3 89
2 69 2
2 70 1
1 2 84
2 70 3
2 71 1
1 2 85
2 71 3
2 72 2
1 3 33
2 72 2
2 73 1
1 2 69
2 73 3
2 74 2
1 3 93
2 74 2
2 75 1
1 2 55
2 75 3
2 76 1
1 2 12
2 76 3
2 77 1
1 2 85
2 77 3
2 78 1
1 2 79
2 78 3
2 79 2
1 3 19
2 79 2
2 80 1
1 2 34
2 80 3
2 81 1
1 2 22
2 81 3
2 82 2
1 3 7
2 82 2
2 83 1
1 2 59
2 83 3
2 84 2
1 3 10
2 84 2
2 85 2
1 3 1
2 85 2
2 86 2
1 3 40
2 86 2
2 87 2
1 3 79
2 87 2
2 88 2
1 3 91
2 88 2
2 89 1
1 2 49
2 89 3
2 90 1
1 2 89
2 90 3
2 91 2
1 3 87
2 91 2
2 92 1
1 2 15
2 92 3
2 93 2
1 3 68
2 93 2
2 94 2
1 3 74
2 94 2
1 2 87
2 0 3
1 2 8
2 0 1
2 1 1
1 3 20
2 1 3
1 2 53
2 2 3
1 2 42
2 2 1
1 2 58
2 3 3
1 2 37
2 3 1
2 4 1
1 3 17
2 4 3
1 2 17
2 5 3
1 2 78
2 5 1
1 2 42
2 6 3
1 2 53
2 6 1
1 2 23
2 7 3
1 2 72
2 7 1
2 8 1
1 3 17
2 8 3
1 2 52
2 9 3
1 2 43
2 9 1
1 2 61
2 10 3
1 2 34
2 10 1
2 11 1
1 3 3
2 11 3
2 12 1
1 3 50
2 12 3
2 13 1
1 3 55
2 13 3
2 14 1
1 3 58
2 14 3
1 2 24
2 15 3
1 2 71
2 15 1
1 2 44
2 16 3
1 2 51
2 16 1
2 17 1
1 3 48
2 17 3
2 18 1
1 3 92
2 18 3
2 19 1
1 3 33
2 19 3
2 20 1
1 3 10
2 20 3
2 21 1
1 3 67
2 21 3
1 2 52
2 22 3
1 2 43
2 22 1
1 2 50
2 23 3
1 2 45
2 23 1
2 24 1
1 3 30
2 24 3
2 25 1
1 3 57
2 25 3
2 26 1
1 3 72
2 26 3
2 27 1
1 3 91
2 27 3
1 2 72
2 28 3
1 2 23
2 28 1
2 29 1
1 3 34
2 29 3
2 30 1
1 3 20
2 30 3
1 2 92
2 31 3
1 2 3
2 31 1
2 32 1
1 3 19
2 32 3
2 33 1
1 3 46
2 33 3
2 34 1
1 3 75
2 34 3
2 35 1
1 3 45
2 35 3
2 36 1
1 3 38
2 36 3
2 37 1
1 3 43
2 37 3
2 38 1
1 3 88
2 38 3
1 2 49
2 39 3
1 2 46
2 39 1
1 2 63
2 40 3
1 2 32
2 40 1
1 2 93
2 41 3
1 2 2
2 41 1
2 42 1
1 3 49
2 42 3
2 43 1
1 3 25
2 43 3
1 2 57
2 44 3
1 2 38
2 44 1
2 45 1
1 3 72
2 45 3
2 46 1
1 3 3
2 46 3
2 47 1
1 3 60
2 47 3
1 2 68
2 48 3
1 2 27
2 48 1
2 49 1
1 3 11
2 49 3
1 2 64
2 50 3
1 2 31
2 50 1
1 2 55
2 51 3
1 2 40
2 51 1
1 2 58
2 52 3
1 2 37
2 52 1
1 2 77
2 53 3
1 2 18
2 53 1
2 54 1
1 3 75
2 54 3
2 55 1
1 3 94
2 55 3
2 56 1
1 3 66
2 56 3
2 57 1
1 3 39
2 57 3
2 58 1
1 3 37
2 58 3
2 59 1
1 3 49
2 59 3
2 60 1
1 3 56
2 60 3
2 61 1
1 3 63
2 61 3
1 2 76
2 62 3
1 2 19
2 62 1
1 2 86
2 63 3
1 2 9
2 63 1
2 64 1
1 3 37
2 64 3
1 2 79
2 65 3
1 2 16
2 65 1
2 66 1
1 3 27
2 66 3
2 67 1
1 3 27
2 67 3
1 2 90
2 68 3
1 2 5
2 68 1
2 69 1
1 3 27
2 69 3
2 70 1
1 3 66
2 70 3
2 71 1
1 3 90
2 71 3
2 72 1
1 3 7
2 72 3
2 73 1
1 3 57
2 73 3
2 74 1
1 3 40
2 74 3
2 75 1
1 3 15
2 75 3
2 76 1
1 3 16
2 76 3
2 77 1
1 3 24
2 77 3
2 78 1
1 3 60
2 78 3
2 79 1
1 3 14
2 79 3
2 81 1
1 3 59
2 81 3
2 82 1
1 3 64
2 82 3
2 83 1
1 3 15
2 83 3
2 84 1
1 3 39
2 84 3
2 85 1
1 3 3
2 85 3
2 86 1
1 3 21
2 86 3
2 87 1
1 3 80
2 87 3
2 88 1
1 3 47
2 88 3
2 89 1
1 3 39
2 89 3
2 90 1
1 3 75
2 90 3
2 91 1
1 3 29
2 91 3
2 92 1
1 3 29
2 92 3
1 2 94
2 93 3
1 2 1
2 93 1
2 94 1
1 3 73
2 94 3
1 3 37
2 1 3
1 3 94
2 1 1
1 3 94
2 1 3
1 3 94
2 1 1
1 3 94
2 1 3
1 3 94
2 1 1
1 3 94
2 1 3
1 3 94
2 1 1
1 3 94
2 1 3
1 3 94
2 1 1
1 3 94
2 1 3
1 3 94
2 1 1
1 3 94
2 1 3
1 3 94
2 1 1
1 3 94
2 1 3
1 3 94
2 1 1
1 3 94
2 1 3
1 3 94
2 1 1
1 3 94
2 1 3
1 3 94
2 1 1
1 3 94
2 1 3
1 3 94
2 1 1
1 3 94
2 1 3
1 3 94
2 1 1
1 3 94
2 1 3
1 3 94
2 1 1
1 3 94
2 1 3
1 3 94
2 1 1
1 3 94
2 1 3
1 3 94
2 1 1
1 3 94
2 1 3
1 3 94
2 1 1
1 3 94
2 1 3
1 3 94
2 1 1
1 3 94
2 1 3
1 3 94
2 1 1
1 3 94
2 1 3
1 3 94
2 1 1
1 3 94
2 1 3
1 3 94
2 1 1
1 3 94
2 1 3
1 3 94
2 1 1
1 3 94
2 1 3
1 3 94
2 1 1
1 3 94
2 1 3
1 3 94
2 1 1
1 3 94
2 1 3
1 3 94
2 1 1
1 3 94
2 1 3
1 3 94
2 1 1
1 3 94
2 1 3
1 3 94
2 1 1
1 3 94
2 1 3
1 3 94
2 1 1
1 3 94
2 1 3
1 3 94
2 1 1
1 3 94
2 1 3
1 3 94
2 1 1
1 3 94
2 1 3
1 3 94
2 1 1
1 3 94
2 1 3
1 3 94
2 1 1
1 3 94
2 1 3
1 3 94
2 1 1
1 3 94
2 1 3
1 3 94
2 1 1
1 3 94
2 1 3
1 3 94
2 1 1
1 3 94
2 1 3
1 3 94
2 1 1
1 3 94
2 1 3
1 3 94
2 1 1
1 3 94
2 1 3
1 3 94
2 1 1
1 3 94
2 1 3
1 3 94
2 1 1
1 3 94
2 1 3
1 3 94
2 1 1
1 3 94
2 1 3
1 3 94
2 1 1
1 3 94
2 1 3
1 3 94
2 1 1
1 3 94
2 1 3
1 3 94
2 1 1
1 3 94
2 1 3
1 3 94
2 1 1
1 3 94
2 1 3
1 3 86
2 1 1
2 3 3
1 3 94
2 3 1
1 3 94
2 3 3
1 3 94
2 3 1
1 3 94
2 3 3
1 3 94
2 3 1
1 3 94
2 3 3
1 3 94
2 3 1
1 3 94
2 3 3
1 3 94
2 3 1
1 3 94
2 3 3
1 3 94
2 3 1
1 3 94
2 3 3
1 3 94
2 3 1
1 3 94
2 3 3
1 3 94
2 3 1
1 3 94
2 3 3
1 3 94
2 3 1
1 3 94
2 3 3
1 3 94
2 3 1
1 3 94
2 3 3
1 3 94
2 3 1
1 3 94
2 3 3
1 3 94
2 3 1
1 3 94
2 3 3
1 3 94
2 3 1
1 3 94
2 3 3
1 3 94
2 3 1
1 3 94
2 3 3
1 3 94
2 3 1
1 3 94
2 3 3
1 3 94
2 3 1
1 3 94
2 3 3
1 3 94
2 3 1
1 3 94
2 3 3
1 3 94
2 3 1
1 3 94
2 3 3
1 3 94
2 3 1
1 3 94
2 3 3
1 3 94
2 3 1
1 3 94
2 3 3
1 3 94
2 3 1
1 3 94
2 3 3
1 3 94
2 3 1
1 3 94
2 3 3
1 3 94
2 3 1
1 3 94
2 3 3
1 3 94
2 3 1
1 3 94
2 3 3
1 3 94
2 3 1
1 3 94
2 3 3
1 3 50
2 3 1
2 2 3
1 3 93
2 2 1
1 3 1
2 2 3
1 3 1
2 2 1
2 4 3
1 3 0
2 4 1
2 3 3
1 3 93
2 3 1
1 3 1
2 3 3
1 3 1
2 3 1
2 5 3
1 3 94
2 5 1
1 3 94
2 5 3
1 3 94
2 5 1
1 3 94
2 5 3
1 3 94
2 5 1
1 3 94
2 5 3
1 3 94
2 5 1
1 3 94
2 5 3
1 3 94
2 5 1
1 3 94
2 5 3
1 3 94
2 5 1
1 3 94
2 5 3
1 3 94
2 5 1
1 3 94
2 5 3
1 3 94
2 5 1
1 3 94
2 5 3
1 3 94
2 5 1
1 3 94
2 5 3
1 3 94
2 5 1
1 3 94
2 5 3
1 3 94
2 5 1
1 3 94
2 5 3
1 3 94
2 5 1
1 3 94
2 5 3
1 3 94
2 5 1
1 3 94
2 5 3
1 3 94
2 5 1
1 3 94
2 5 3
1 3 94
2 5 1
1 3 94
2 5 3
1 3 94
2 5 1
1 3 94
2 5 3
1 3 94
2 5 1
1 3 94
2 5 3
1 3 94
2 5 1
1 3 94
2 5 3
1 3 94
2 5 1
1 3 94
2 5 3
1 3 94
2 5 1
1 3 94
2 5 3
1 3 94
2 5 1
1 3 94
2 5 3
1 3 94
2 5 1
1 3 94
2 5 3
1 3 94
2 5 1
1 3 94
2 5 3
1 3 94
2 5 1
1 3 94
2 5 3
1 3 94
2 5 1
1 3 94
2 5 3
1 3 94
2 5 1
1 3 94
2 5 3
1 3 94
2 5 1
1 3 94
2 5 3
1 3 94
2 5 1
1 3 94
2 5 3
1 3 94
2 5 1
1 3 94
2 5 3
1 3 94
2 5 1
1 3 94
2 5 3
1 3 94
2 5 1
1 3 94
2 5 3
1 3 94
2 5 1
1 3 94
2 5 3
1 3 64
2 5 1
2 4 3
1 3 93
2 4 1
1 3 1
2 4 3
1 3 1
2 4 1
2 6 3
1 3 94
2 6 1
1 3 94
2 6 3
1 3 94
2 6 1
1 3 94
2 6 3
1 3 94
2 6 1
1 3 94
2 6 3
1 3 94
2 6 1
1 3 94
2 6 3
1 3 94
2 6 1
1 3 94
2 6 3
1 3 10
2 6 1
2 5 3
1 3 93
2 5 1
1 3 1
2 5 3
1 3 1
2 5 1
2 6 3
1 3 94
2 6 1
1 3 94
2 6 3
1 3 94
2 6 1
1 3 94
2 6 3
1 3 94
2 6 1
1 3 94
2 6 3
1 3 94
2 6 1
1 3 94
2 6 3
1 3 94
2 6 1
1 3 94
2 6 3
1 3 94
2 6 1
1 3 94
2 6 3
1 3 94
2 6 1
1 3 94
2 6 3
1 3 94
2 6 1
1 3 94
2 6 3
1 3 94
2 6 1
1 3 94
2 6 3
1 3 94
2 6 1
1 3 94
2 6 3
1 3 94
2 6 1
1 3 94
2 6 3
1 3 94
2 6 1
1 3 94
2 6 3
1 3 94
2 6 1
1 3 94
2 6 3
1 3 94
2 6 1
1 3 94
2 6 3
1 3 94
2 6 1
1 3 94
2 6 3
1 3 94
2 6 1
1 3 94
2 6 3
1 3 94
2 6 1
1 3 94
2 6 3
1 3 94
2 6 1
1 3 94
2 6 3
1 3 94
2 6 1
1 3 94
2 6 3
1 3 94
2 6 1
1 3 94
2 6 3
1 3 40
2 6 1
2 7 3
1 3 94
2 7 1
1 3 94
2 7 3
1 3 94
2 7 1
1 3 94
2 7 3
1 3 94
2 7 1
1 3 94
2 7 3
1 3 94
2 7 1
1 3 94
2 7 3
1 3 94
2 7 1
1 3 94
2 7 3
1 3 94
2 7 1
1 3 94
2 7 3
1 3 94
2 7 1
1 3 94
2 7 3
1 3 94
2 7 1
1 3 94
2 7 3
1 3 94
2 7 1
1 3 94
2 7 3
1 3 94
2 7 1
1 3 94
2 7 3
1 3 94
2 7 1
1 3 94
2 7 3
1 3 94
2 7 1
1 3 94
2 7 3
1 3 24
2 7 1
2 9 3
1 3 94
2 9 1
1 3 94
2 9 3
1 3 94
2 9 1
1 3 94
2 9 3
1 3 94
2 9 1
1 3 94
2 9 3
1 3 94
2 9 1
1 3 94
2 9 3
1 3 94
2 9 1
1 3 94
2 9 3
1 3 94
2 9 1
1 3 94
2 9 3
1 3 94
2 9 1
1 3 94
2 9 3
1 3 94
2 9 1
1 3 94
2 9 3
1 3 94
2 9 1
1 3 94
2 9 3
1 3 94
2 9 1
1 3 94
2 9 3
1 3 94
2 9 1
1 3 94
2 9 3
1 3 94
2 9 1
1 3 94
2 9 3
1 3 94
2 9 1
1 3 94
2 9 3
1 3 94
2 9 1
1 3 94
2 9 3
1 3 94
2 9 1
1 3 94
2 9 3
1 3 94
2 9 1
1 3 94
2 9 3
1 3 94
2 9 1
1 3 94
2 9 3
1 3 94
2 9 1
1 3 94
2 9 3
1 3 94
2 9 1
1 3 94
2 9 3
1 3 94
2 9 1
1 3 94
2 9 3
1 3 94
2 9 1
1 3 94
2 9 3
1 3 94
2 9 1
1 3 94
2 9 3
1 3 94
2 9 1
1 3 94
2 9 3
1 3 94
2 9 1
1 3 94
2 9 3
1 3 94
2 9 1
1 3 94
2 9 3
1 3 94
2 9 1
1 3 94
2 9 3
1 3 94
2 9 1
1 3 94
2 9 3
1 3 94
2 9 1
1 3 94
2 9 3
1 3 94
2 9 1
1 3 94
2 9 3
1 3 94
2 9 1
1 3 94
2 9 3
1 3 94
2 9 1
1 3 94
2 9 3
1 3 94
2 9 1
1 3 94
2 9 3
1 3 94
2 9 1
1 3 94
2 9 3
1 3 94
2 9 1
1 3 94
2 9 3
1 3 94
2 9 1
1 3 94
2 9 3
1 3 94
2 9 1
1 3 94
2 9 3
1 3 94
2 9 1
1 3 94
2 9 3
1 3 94
2 9 1
1 3 94
2 9 3
1 3 76
2 9 1
2 8 3
1 3 93
2 8 1
1 3 1
2 8 3
1 3 1
2 8 1
2 9 3
1 3 94
2 9 1
1 3 94
2 9 3
1 3 94
2 9 1
1 3 94
2 9 3
1 3 94
2 9 1
1 3 94
2 9 3
1 3 94
2 9 1
1 3 94
2 9 3
1 3 94
2 9 1
1 3 94
2 9 3
1 3 94
2 9 1
1 3 94
2 9 3
1 3 94
2 9 1
1 3 94
2 9 3
1 3 94
2 9 1
1 3 94
2 9 3
1 3 94
2 9 1
1 3 94
2 9 3
1 3 94
2 9 1
1 3 94
2 9 3
1 3 94
2 9 1
1 3 94
2 9 3
1 3 94
2 9 1
1 3 94
2 9 3
1 3 94
2 9 1
1 3 94
2 9 3
1 3 94
2 9 1
1 3 94
2 9 3
1 3 94
2 9 1
1 3 94
2 9 3
1 3 94
2 9 1
1 3 94
2 9 3
1 3 94
2 9 1
1 3 94
2 9 3
1 3 94
2 9 1
1 3 94
2 9 3
1 3 94
2 9 1
1 3 94
2 9 3
1 3 94
2 9 1
1 3 94
2 9 3
1 3 94
2 9 1
1 3 94
2 9 3
1 3 94
2 9 1
1 3 94
2 9 3
1 3 94
2 9 1
1 3 94
2 9 3
1 3 94
2 9 1
1 3 94
2 9 3
1 3 94
2 9 1
1 3 94
2 9 3
1 3 94
2 9 1
1 3 94
2 9 3
1 3 94
2 9 1
1 3 94
2 9 3
1 3 94
2 9 1
1 3 94
2 9 3
1 3 94
2 9 1
1 3 94
2 9 3
1 3 94
2 9 1
1 3 94
2 9 3
1 3 94
2 9 1
1 3 94
2 9 3
1 3 94
2 9 1
1 3 94
2 9 3
1 3 94
2 9 1
1 3 94
2 9 3
1 3 94
2 9 1
1 3 94
2 9 3
1 3 94
2 9 1
1 3 94
2 9 3
1 3 94
2 9 1
1 3 94
2 9 3
1 3 94
2 9 1
1 3 94
2 9 3
1 3 94
2 9 1
1 3 94
2 9 3
1 3 94
2 9 1
1 3 94
2 9 3
1 3 94
2 9 1
1 3 94
2 9 3
1 3 94
2 9 1
1 3 94
2 9 3
1 3 82
2 9 1
2 11 3
1 3 94
2 11 1
1 3 94
2 11 3
1 3 94
2 11 1
1 3 94
2 11 3
1 3 94
2 11 1
1 3 94
2 11 3
1 3 94
2 11 1
1 3 94
2 11 3
1 3 94
2 11 1
1 3 94
2 11 3
1 3 94
2 11 1
1 3 94
2 11 3
1 3 94
2 11 1
1 3 94
2 11 3
1 3 94
2 11 1
1 3 94
2 11 3
1 3 94
2 11 1
1 3 94
2 11 3
1 3 94
2 11 1
1 3 94
2 11 3
1 3 94
2 11 1
1 3 94
2 11 3
1 3 94
2 11 1
1 3 94
2 11 3
1 3 94
2 11 1
1 3 94
2 11 3
1 3 94
2 11 1
1 3 94
2 11 3
1 3 94
2 11 1
1 3 94
2 11 3
1 3 94
2 11 1
1 3 94
2 11 3
1 3 94
2 11 1
1 3 94
2 11 3
1 3 94
2 11 1
1 3 94
2 11 3
1 3 94
2 11 1
1 3 94
2 11 3
1 3 94
2 11 1
1 3 94
2 11 3
1 3 94
2 11 1
1 3 94
2 11 3
1 3 94
2 11 1
1 3 94
2 11 3
1 3 94
2 11 1
1 3 94
2 11 3
1 3 94
2 11 1
1 3 94
2 11 3
1 3 94
2 11 1
1 3 94
2 11 3
1 3 94
2 11 1
1 3 94
2 11 3
1 3 94
2 11 1
1 3 94
2 11 3
1 3 94
2 11 1
1 3 94
2 11 3
1 3 94
2 11 1
1 3 94
2 11 3
1 3 94
2 11 1
1 3 94
2 11 3
1 3 94
2 11 1
1 3 94
2 11 3
1 3 94
2 11 1
1 3 94
2 11 3
1 3 94
2 11 1
1 3 94
2 11 3
1 3 94
2 11 1
1 3 94
2 11 3
1 3 94
2 11 1
1 3 94
2 11 3
1 3 70
2 11 1
2 10 3
1 3 93
2 10 1
1 3 1
2 10 3
1 3 1
2 10 1
2 11 3
1 3 94
2 11 1
1 3 94
2 11 3
1 3 94
2 11 1
1 3 94
2 11 3
1 3 94
2 11 1
1 3 94
2 11 3
1 3 94
2 11 1
1 3 94
2 11 3
1 3 94
2 11 1
1 3 94
2 11 3
1 3 94
2 11 1
1 3 94
2 11 3
1 3 94
2 11 1
1 3 94
2 11 3
1 3 94
2 11 1
1 3 94
2 11 3
1 3 94
2 11 1
1 3 94
2 11 3
1 3 94
2 11 1
1 3 94
2 11 3
1 3 94
2 11 1
1 3 94
2 11 3
1 3 94
2 11 1
1 3 94
2 11 3
1 3 94
2 11 1
1 3 94
2 11 3
1 3 94
2 11 1
1 3 94
2 11 3
1 3 94
2 11 1
1 3 94
2 11 3
1 3 94
2 11 1
1 3 94
2 11 3
1 3 94
2 11 1
1 3 94
2 11 3
1 3 94
2 11 1
1 3 94
2 11 3
1 3 94
2 11 1
1 3 94
2 11 3
1 3 94
2 11 1
1 3 94
2 11 3
1 3 94
2 11 1
1 3 94
2 11 3
1 3 94
2 11 1
1 3 94
2 11 3
1 3 94
2 11 1
1 3 94
2 11 3
1 3 94
2 11 1
1 3 94
2 11 3
1 3 94
2 11 1
1 3 94
2 11 3
1 3 94
2 11 1
1 3 94
2 11 3
1 3 94
2 11 1
1 3 94
2 11 3
1 3 94
2 11 1
1 3 94
2 11 3
1 3 94
2 11 1
1 3 94
2 11 3
1 3 94
2 11 1
1 3 94
2 11 3
1 3 94
2 11 1
1 3 94
2 11 3
1 3 94
2 11 1
1 3 94
2 11 3
1 3 94
2 11 1
1 3 94
2 11 3
1 3 94
2 11 1
1 3 94
2 11 3
1 3 94
2 11 1
1 3 94
2 11 3
1 3 94
2 11 1
1 3 94
2 11 3
1 3 72
2 11 1
2 13 3
1 3 94
2 13 1
1 3 94
2 13 3
1 3 94
2 13 1
1 3 94
2 13 3
1 3 94
2 13 1
1 3 94
2 13 3
1 3 6
2 13 1
2 12 3
1 3 93
2 12 1
1 3 1
2 12 3
1 3 1
2 12 1
2 14 3
1 3 94
2 14 1
1 3 94
2 14 3
1 3 94
2 14 1
1 3 94
2 14 3
1 3 94
2 14 1
1 3 94
2 14 3
1 3 94
2 14 1
1 3 94
2 14 3
1 3 94
2 14 1
1 3 94
2 14 3
1 3 94
2 14 1
1 3 94
2 14 3
1 3 94
2 14 1
1 3 94
2 14 3
1 3 94
2 14 1
1 3 94
2 14 3
1 3 94
2 14 1
1 3 94
2 14 3
1 3 94
2 14 1
1 3 94
2 14 3
1 3 94
2 14 1
1 3 94
2 14 3
1 3 94
2 14 1
1 3 94
2 14 3
1 3 94
2 14 1
1 3 94
2 14 3
1 3 94
2 14 1
1 3 94
2 14 3
1 3 94
2 14 1
1 3 94
2 14 3
1 3 30
2 14 1
2 13 3
1 3 93
2 13 1
1 3 1
2 13 3
1 3 1
2 13 1
2 15 3
1 3 94
2 15 1
1 3 94
2 15 3
1 3 94
2 15 1
1 3 94
2 15 3
1 3 94
2 15 1
1 3 94
2 15 3
1 3 94
2 15 1
1 3 94
2 15 3
1 3 94
2 15 1
1 3 94
2 15 3
1 3 94
2 15 1
1 3 94
2 15 3
1 3 94
2 15 1
1 3 94
2 15 3
1 3 94
2 15 1
1 3 94
2 15 3
1 3 94
2 15 1
1 3 94
2 15 3
1 3 94
2 15 1
1 3 94
2 15 3
1 3 94
2 15 1
1 3 94
2 15 3
1 3 94
2 15 1
1 3 94
2 15 3
1 3 94
2 15 1
1 3 94
2 15 3
1 3 94
2 15 1
1 3 94
2 15 3
1 3 94
2 15 1
1 3 94
2 15 3
1 3 94
2 15 1
1 3 94
2 15 3
1 3 94
2 15 1
1 3 94
2 15 3
1 3 94
2 15 1
1 3 94
2 15 3
1 3 94
2 15 1
1 3 94
2 15 3
1 3 94
2 15 1
1 3 94
2 15 3
1 3 94
2 15 1
1 3 94
2 15 3
1 3 94
2 15 1
1 3 94
2 15 3
1 3 94
2 15 1
1 3 94
2 15 3
1 3 94
2 15 1
1 3 94
2 15 3
1 3 94
2 15 1
1 3 94
2 15 3
1 3 94
2 15 1
1 3 94
2 15 3
1 3 94
2 15 1
1 3 94
2 15 3
1 3 94
2 15 1
1 3 94
2 15 3
1 3 94
2 15 1
1 3 94
2 15 3
1 3 94
2 15 1
1 3 94
2 15 3
1 3 60
2 15 1
2 14 3
1 3 93
2 14 1
1 3 1
2 14 3
1 3 1
2 14 1
2 16 3
1 3 94
2 16 1
1 3 94
2 16 3
1 3 94
2 16 1
1 3 94
2 16 3
1 3 94
2 16 1
1 3 94
2 16 3
1 3 94
2 16 1
1 3 94
2 16 3
1 3 94
2 16 1
1 3 94
2 16 3
1 3 94
2 16 1
1 3 94
2 16 3
1 3 94
2 16 1
1 3 94
2 16 3
1 3 14
2 16 1
2 15 3
1 3 93
2 15 1
1 3 1
2 15 3
1 3 1
2 15 1
2 16 3
1 3 94
2 16 1
1 3 94
2 16 3
1 3 94
2 16 1
1 3 94
2 16 3
1 3 94
2 16 1
1 3 94
2 16 3
1 3 94
2 16 1
1 3 94
2 16 3
1 3 94
2 16 1
1 3 94
2 16 3
1 3 94
2 16 1
1 3 94
2 16 3
1 3 94
2 16 1
1 3 94
2 16 3
1 3 94
2 16 1
1 3 94
2 16 3
1 3 94
2 16 1
1 3 94
2 16 3
1 3 94
2 16 1
1 3 94
2 16 3
1 3 94
2 16 1
1 3 94
2 16 3
1 3 94
2 16 1
1 3 94
2 16 3
1 3 94
2 16 1
1 3 94
2 16 3
1 3 94
2 16 1
1 3 94
2 16 3
1 3 94
2 16 1
1 3 94
2 16 3
1 3 94
2 16 1
1 3 94
2 16 3
1 3 94
2 16 1
1 3 94
2 16 3
1 3 94
2 16 1
1 3 94
2 16 3
1 3 94
2 16 1
1 3 94
2 16 3
1 3 94
2 16 1
1 3 94
2 16 3
1 3 94
2 16 1
1 3 94
2 16 3
1 3 94
2 16 1
1 3 94
2 16 3
1 3 94
2 16 1
1 3 94
2 16 3
1 3 94
2 16 1
1 3 94
2 16 3
1 3 94
2 16 1
1 3 94
2 16 3
1 3 94
2 16 1
1 3 94
2 16 3
1 3 94
2 16 1
1 3 94
2 16 3
1 3 94
2 16 1
1 3 94
2 16 3
1 3 94
2 16 1
1 3 94
2 16 3
1 3 94
2 16 1
1 3 94
2 16 3
1 3 94
2 16 1
1 3 94
2 16 3
1 3 94
2 16 1
1 3 94
2 16 3
1 3 94
2 16 1
1 3 94
2 16 3
1 3 94
2 16 1
1 3 94
2 16 3
1 3 94
2 16 1
1 3 94
2 16 3
1 3 94
2 16 1
1 3 94
2 16 3
1 3 72
2 16 1
2 17 3
1 3 94
2 17 1
1 3 94
2 17 3
1 3 94
2 17 1
1 3 94
2 17 3
1 3 94
2 17 1
1 3 94
2 17 3
1 3 94
2 17 1
1 3 94
2 17 3
1 3 94
2 17 1
1 3 94
2 17 3
1 3 94
2 17 1
1 3 94
2 17 3
1 3 94
2 17 1
1 3 94
2 17 3
1 3 94
2 17 1
1 3 94
2 17 3
1 3 94
2 17 1
1 3 94
2 17 3
1 3 94
2 17 1
1 3 94
2 17 3
1 3 94
2 17 1
1 3 94
2 17 3
1 3 94
2 17 1
1 3 94
2 17 3
1 3 94
2 17 1
1 3 94
2 17 3
1 3 94
2 17 1
1 3 94
2 17 3
1 3 94
2 17 1
1 3 94
2 17 3
1 3 94
2 17 1
1 3 94
2 17 3
1 3 94
2 17 1
1 3 94
2 17 3
1 3 94
2 17 1
1 3 94
2 17 3
1 3 94
2 17 1
1 3 94
2 17 3
1 3 94
2 17 1
1 3 94
2 17 3
1 3 94
2 17 1
1 3 94
2 17 3
1 3 94
2 17 1
1 3 94
2 17 3
1 3 44
2 17 1
2 19 3
1 3 94
2 19 1
1 3 94
2 19 3
1 3 94
2 19 1
1 3 94
2 19 3
1 3 94
2 19 1
1 3 94
2 19 3
1 3 94
2 19 1
1 3 94
2 19 3
1 3 94
2 19 1
1 3 94
2 19 3
1 3 94
2 19 1
1 3 94
2 19 3
1 3 94
2 19 1
1 3 94
2 19 3
1 3 94
2 19 1
1 3 94
2 19 3
1 3 94
2 19 1
1 3 94
2 19 3
1 3 94
2 19 1
1 3 94
2 19 3
1 3 94
2 19 1
1 3 94
2 19 3
1 3 94
2 19 1
1 3 94
2 19 3
1 3 94
2 19 1
1 3 94
2 19 3
1 3 94
2 19 1
1 3 94
2 19 3
1 3 94
2 19 1
1 3 94
2 19 3
1 3 94
2 19 1
1 3 94
2 19 3
1 3 94
2 19 1
1 3 94
2 19 3
1 3 94
2 19 1
1 3 94
2 19 3
1 3 94
2 19 1
1 3 94
2 19 3
1 3 94
2 19 1
1 3 94
2 19 3
1 3 94
2 19 1
1 3 94
2 19 3
1 3 94
2 19 1
1 3 94
2 19 3
1 3 94
2 19 1
1 3 94
2 19 3
1 3 94
2 19 1
1 3 94
2 19 3
1 3 94
2 19 1
1 3 94
2 19 3
1 3 94
2 19 1
1 3 94
2 19 3
1 3 94
2 19 1
1 3 94
2 19 3
1 3 94
2 19 1
1 3 94
2 19 3
1 3 94
2 19 1
1 3 94
2 19 3
1 3 94
2 19 1
1 3 94
2 19 3
1 3 94
2 19 1
1 3 94
2 19 3
1 3 94
2 19 1
1 3 94
2 19 3
1 3 94
2 19 1
1 3 94
2 19 3
1 3 94
2 19 1
1 3 94
2 19 3
1 3 94
2 19 1
1 3 94
2 19 3
1 3 94
2 19 1
1 3 94
2 19 3
1 3 72
2 19 1
2 18 3
1 3 93
2 18 1
1 3 1
2 18 3
1 3 1
2 18 1
2 19 3
1 3 94
2 19 1
1 3 94
2 19 3
1 3 94
2 19 1
1 3 94
2 19 3
1 3 94
2 19 1
1 3 94
2 19 3
1 3 94
2 19 1
1 3 94
2 19 3
1 3 94
2 19 1
1 3 94
2 19 3
1 3 94
2 19 1
1 3 94
2 19 3
1 3 12
2 19 1
2 20 3
1 3 94
2 20 1
1 3 94
2 20 3
1 3 94
2 20 1
1 3 94
2 20 3
1 3 94
2 20 1
1 3 94
2 20 3
1 3 94
2 20 1
1 3 94
2 20 3
1 3 94
2 20 1
1 3 94
2 20 3
1 3 94
2 20 1
1 3 94
2 20 3
1 3 94
2 20 1
1 3 94
2 20 3
1 3 94
2 20 1
1 3 94
2 20 3
1 3 94
2 20 1
1 3 94
2 20 3
1 3 94
2 20 1
1 3 94
2 20 3
1 3 94
2 20 1
1 3 94
2 20 3
1 3 94
2 20 1
1 3 94
2 20 3
1 3 94
2 20 1
1 3 94
2 20 3
1 3 94
2 20 1
1 3 94
2 20 3
1 3 94
2 20 1
1 3 94
2 20 3
1 3 94
2 20 1
1 3 94
2 20 3
1 3 94
2 20 1
1 3 94
2 20 3
1 3 94
2 20 1
1 3 94
2 20 3
1 3 36
2 20 1
2 22 3
1 3 94
2 22 1
1 3 94
2 22 3
1 3 94
2 22 1
1 3 94
2 22 3
1 3 94
2 22 1
1 3 94
2 22 3
1 3 94
2 22 1
1 3 94
2 22 3
1 3 94
2 22 1
1 3 94
2 22 3
1 3 94
2 22 1
1 3 94
2 22 3
1 3 94
2 22 1
1 3 94
2 22 3
1 3 94
2 22 1
1 3 94
2 22 3
1 3 94
2 22 1
1 3 94
2 22 3
1 3 94
2 22 1
1 3 94
2 22 3
1 3 94
2 22 1
1 3 94
2 22 3
1 3 94
2 22 1
1 3 94
2 22 3
1 3 94
2 22 1
1 3 94
2 22 3
1 3 94
2 22 1
1 3 94
2 22 3
1 3 94
2 22 1
1 3 94
2 22 3
1 3 94
2 22 1
1 3 94
2 22 3
1 3 94
2 22 1
1 3 94
2 22 3
1 3 94
2 22 1
1 3 94
2 22 3
1 3 94
2 22 1
1 3 94
2 22 3
1 3 94
2 22 1
1 3 94
2 22 3
1 3 40
2 22 1
2 21 3
1 3 93
2 21 1
1 3 1
2 21 3
1 3 1
2 21 1
2 23 3
1 3 94
2 23 1
1 3 94
2 23 3
1 3 94
2 23 1
1 3 94
2 23 3
1 3 94
2 23 1
1 3 94
2 23 3
1 3 94
2 23 1
1 3 94
2 23 3
1 3 94
2 23 1
1 3 94
2 23 3
1 3 94
2 23 1
1 3 94
2 23 3
1 3 12
2 23 1
2 22 3
1 3 93
2 22 1
1 3 1
2 22 3
1 3 1
2 22 1
2 24 3
1 3 94
2 24 1
1 3 94
2 24 3
1 3 94
2 24 1
1 3 94
2 24 3
1 3 94
2 24 1
1 3 94
2 24 3
1 3 94
2 24 1
1 3 94
2 24 3
1 3 94
2 24 1
1 3 94
2 24 3
1 3 94
2 24 1
1 3 94
2 24 3
1 3 94
2 24 1
1 3 94
2 24 3
1 3 94
2 24 1
1 3 94
2 24 3
1 3 94
2 24 1
1 3 94
2 24 3
1 3 94
2 24 1
1 3 94
2 24 3
1 3 20
2 24 1
2 23 3
1 3 93
2 23 1
1 3 1
2 23 3
1 3 1
2 23 1
2 24 3
1 3 94
2 24 1
1 3 94
2 24 3
1 3 94
2 24 1
1 3 94
2 24 3
1 3 94
2 24 1
1 3 94
2 24 3
1 3 94
2 24 1
1 3 94
2 24 3
1 3 94
2 24 1
1 3 94
2 24 3
1 3 94
2 24 1
1 3 94
2 24 3
1 3 12
2 24 1
2 26 3
1 3 94
2 26 1
1 3 94
2 26 3
1 3 94
2 26 1
1 3 94
2 26 3
1 3 94
2 26 1
1 3 94
2 26 3
1 3 94
2 26 1
1 3 94
2 26 3
1 3 94
2 26 1
1 3 94
2 26 3
1 3 94
2 26 1
1 3 94
2 26 3
1 3 94
2 26 1
1 3 94
2 26 3
1 3 94
2 26 1
1 3 94
2 26 3
1 3 94
2 26 1
1 3 94
2 26 3
1 3 94
2 26 1
1 3 94
2 26 3
1 3 94
2 26 1
1 3 94
2 26 3
1 3 94
2 26 1
1 3 94
2 26 3
1 3 94
2 26 1
1 3 94
2 26 3
1 3 94
2 26 1
1 3 94
2 26 3
1 3 28
2 26 1
2 25 3
1 3 93
2 25 1
1 3 1
2 25 3
1 3 1
2 25 1
2 26 3
1 3 94
2 26 1
1 3 94
2 26 3
1 3 94
2 26 1
1 3 94
2 26 3
1 3 94
2 26 1
1 3 94
2 26 3
1 3 94
2 26 1
1 3 94
2 26 3
1 3 94
2 26 1
1 3 94
2 26 3
1 3 94
2 26 1
1 3 94
2 26 3
1 3 94
2 26 1
1 3 94
2 26 3
1 3 94
2 26 1
1 3 94
2 26 3
1 3 94
2 26 1
1 3 94
2 26 3
1 3 18
2 26 1
2 27 3
1 3 94
2 27 1
1 3 94
2 27 3
1 3 94
2 27 1
1 3 94
2 27 3
1 3 94
2 27 1
1 3 94
2 27 3
1 3 94
2 27 1
1 3 94
2 27 3
1 3 94
2 27 1
1 3 94
2 27 3
1 3 94
2 27 1
1 3 94
2 27 3
1 3 94
2 27 1
1 3 94
2 27 3
1 3 94
2 27 1
1 3 94
2 27 3
1 3 94
2 27 1
1 3 94
2 27 3
1 3 94
2 27 1
1 3 94
2 27 3
1 3 94
2 27 1
1 3 94
2 27 3
1 3 94
2 27 1
1 3 94
2 27 3
1 3 94
2 27 1
1 3 94
2 27 3
1 3 94
2 27 1
1 3 94
2 27 3
1 3 94
2 27 1
1 3 94
2 27 3
1 3 94
2 27 1
1 3 94
2 27 3
1 3 94
2 27 1
1 3 94
2 27 3
1 3 94
2 27 1
1 3 94
2 27 3
1 3 94
2 27 1
1 3 94
2 27 3
1 3 94
2 27 1
1 3 94
2 27 3
1 3 94
2 27 1
1 3 94
2 27 3
1 3 94
2 27 1
1 3 94
2 27 3
1 3 44
2 27 1
2 28 3
1 3 94
2 28 1
1 3 94
2 28 3
1 3 94
2 28 1
1 3 94
2 28 3
1 3 94
2 28 1
1 3 94
2 28 3
1 3 94
2 28 1
1 3 94
2 28 3
1 3 94
2 28 1
1 3 94
2 28 3
1 3 94
2 28 1
1 3 94
2 28 3
1 3 94
2 28 1
1 3 94
2 28 3
1 3 94
2 28 1
1 3 94
2 28 3
1 3 94
2 28 1
1 3 94
2 28 3
1 3 94
2 28 1
1 3 94
2 28 3
1 3 94
2 28 1
1 3 94
2 28 3
1 3 94
2 28 1
1 3 94
2 28 3
1 3 94
2 28 1
1 3 94
2 28 3
1 3 94
2 28 1
1 3 94
2 28 3
1 3 94
2 28 1
1 3 94
2 28 3
1 3 94
2 28 1
1 3 94
2 28 3
1 3 94
2 28 1
1 3 94
2 28 3
1 3 94
2 28 1
1 3 94
2 28 3
1 3 94
2 28 1
1 3 94
2 28 3
1 3 94
2 28 1
1 3 94
2 28 3
1 3 94
2 28 1
1 3 94
2 28 3
1 3 94
2 28 1
1 3 94
2 28 3
1 3 94
2 28 1
1 3 94
2 28 3
1 3 94
2 28 1
1 3 94
2 28 3
1 3 94
2 28 1
1 3 94
2 28 3
1 3 94
2 28 1
1 3 94
2 28 3
1 3 94
2 28 1
1 3 94
2 28 3
1 3 54
2 28 1
2 30 3
1 3 94
2 30 1
1 3 94
2 30 3
1 3 94
2 30 1
1 3 94
2 30 3
1 3 94
2 30 1
1 3 94
2 30 3
1 3 94
2 30 1
1 3 94
2 30 3
1 3 94
2 30 1
1 3 94
2 30 3
1 3 94
2 30 1
1 3 94
2 30 3
1 3 94
2 30 1
1 3 94
2 30 3
1 3 94
2 30 1
1 3 94
2 30 3
1 3 94
2 30 1
1 3 94
2 30 3
1 3 94
2 30 1
1 3 94
2 30 3
1 3 94
2 30 1
1 3 94
2 30 3
1 3 94
2 30 1
1 3 94
2 30 3
1 3 94
2 30 1
1 3 94
2 30 3
1 3 94
2 30 1
1 3 94
2 30 3
1 3 94
2 30 1
1 3 94
2 30 3
1 3 94
2 30 1
1 3 94
2 30 3
1 3 94
2 30 1
1 3 94
2 30 3
1 3 94
2 30 1
1 3 94
2 30 3
1 3 94
2 30 1
1 3 94
2 30 3
1 3 94
2 30 1
1 3 94
2 30 3
1 3 94
2 30 1
1 3 94
2 30 3
1 3 94
2 30 1
1 3 94
2 30 3
1 3 94
2 30 1
1 3 94
2 30 3
1 3 94
2 30 1
1 3 94
2 30 3
1 3 94
2 30 1
1 3 94
2 30 3
1 3 94
2 30 1
1 3 94
2 30 3
1 3 94
2 30 1
1 3 94
2 30 3
1 3 94
2 30 1
1 3 94
2 30 3
1 3 56
2 30 1
2 29 3
1 3 93
2 29 1
1 3 1
2 29 3
1 3 1
2 29 1
2 30 3
1 3 94
2 30 1
1 3 94
2 30 3
1 3 94
2 30 1
1 3 94
2 30 3
1 3 94
2 30 1
1 3 94
2 30 3
1 3 94
2 30 1
1 3 94
2 30 3
1 3 94
2 30 1
1 3 94
2 30 3
1 3 10
2 30 1
2 31 3
1 3 94
2 31 1
1 3 94
2 31 3
1 3 94
2 31 1
1 3 94
2 31 3
1 3 94
2 31 1
1 3 94
2 31 3
1 3 94
2 31 1
1 3 94
2 31 3
1 3 94
2 31 1
1 3 94
2 31 3
1 3 94
2 31 1
1 3 94
2 31 3
1 3 94
2 31 1
1 3 94
2 31 3
1 3 94
2 31 1
1 3 94
2 31 3
1 3 94
2 31 1
1 3 94
2 31 3
1 3 94
2 31 1
1 3 94
2 31 3
1 3 94
2 31 1
1 3 94
2 31 3
1 3 94
2 31 1
1 3 94
2 31 3
1 3 94
2 31 1
1 3 94
2 31 3
1 3 94
2 31 1
1 3 94
2 31 3
1 3 94
2 31 1
1 3 94
2 31 3
1 3 94
2 31 1
1 3 94
2 31 3
1 3 94
2 31 1
1 3 94
2 31 3
1 3 94
2 31 1
1 3 94
2 31 3
1 3 94
2 31 1
1 3 94
2 31 3
1 3 94
2 31 1
1 3 94
2 31 3
1 3 40
2 31 1
2 32 3
1 3 94
2 32 1
1 3 94
2 32 3
1 3 94
2 32 1
1 3 94
2 32 3
1 3 94
2 32 1
1 3 94
2 32 3
1 3 94
2 32 1
1 3 94
2 32 3
1 3 8
2 32 1
2 33 3
1 3 94
2 33 1
1 3 94
2 33 3
1 3 94
2 33 1
1 3 94
2 33 3
1 3 94
2 33 1
1 3 94
2 33 3
1 3 94
2 33 1
1 3 94
2 33 3
1 3 94
2 33 1
1 3 94
2 33 3
1 3 94
2 33 1
1 3 94
2 33 3
1 3 94
2 33 1
1 3 94
2 33 3
1 3 94
2 33 1
1 3 94
2 33 3
1 3 94
2 33 1
1 3 94
2 33 3
1 3 94
2 33 1
1 3 94
2 33 3
1 3 94
2 33 1
1 3 94
2 33 3
1 3 94
2 33 1
1 3 94
2 33 3
1 3 94
2 33 1
1 3 94
2 33 3
1 3 94
2 33 1
1 3 94
2 33 3
1 3 94
2 33 1
1 3 94
2 33 3
1 3 94
2 33 1
1 3 94
2 33 3
1 3 94
2 33 1
1 3 94
2 33 3
1 3 94
2 33 1
1 3 94
2 33 3
1 3 94
2 33 1
1 3 94
2 33 3
1 3 94
2 33 1
1 3 94
2 33 3
1 3 94
2 33 1
1 3 94
2 33 3
1 3 94
2 33 1
1 3 94
2 33 3
1 3 94
2 33 1
1 3 94
2 33 3
1 3 94
2 33 1
1 3 94
2 33 3
1 3 94
2 33 1
1 3 94
2 33 3
1 3 50
2 33 1
2 35 3
1 3 94
2 35 1
1 3 94
2 35 3
1 3 94
2 35 1
1 3 94
2 35 3
1 3 94
2 35 1
1 3 94
2 35 3
1 3 94
2 35 1
1 3 94
2 35 3
1 3 94
2 35 1
1 3 94
2 35 3
1 3 94
2 35 1
1 3 94
2 35 3
1 3 94
2 35 1
1 3 94
2 35 3
1 3 94
2 35 1
1 3 94
2 35 3
1 3 94
2 35 1
1 3 94
2 35 3
1 3 94
2 35 1
1 3 94
2 35 3
1 3 94
2 35 1
1 3 94
2 35 3
1 3 94
2 35 1
1 3 94
2 35 3
1 3 94
2 35 1
1 3 94
2 35 3
1 3 94
2 35 1
1 3 94
2 35 3
1 3 94
2 35 1
1 3 94
2 35 3
1 3 94
2 35 1
1 3 94
2 35 3
1 3 94
2 35 1
1 3 94
2 35 3
1 3 94
2 35 1
1 3 94
2 35 3
1 3 94
2 35 1
1 3 94
2 35 3
1 3 94
2 35 1
1 3 94
2 35 3
1 3 94
2 35 1
1 3 94
2 35 3
1 3 94
2 35 1
1 3 94
2 35 3
1 3 94
2 35 1
1 3 94
2 35 3
1 3 94
2 35 1
1 3 94
2 35 3
1 3 94
2 35 1
1 3 94
2 35 3
1 3 94
2 35 1
1 3 94
2 35 3
1 3 52
2 35 1
2 34 3
1 3 93
2 34 1
1 3 1
2 34 3
1 3 1
2 34 1
2 35 3
1 3 94
2 35 1
1 3 94
2 35 3
1 3 94
2 35 1
1 3 94
2 35 3
1 3 94
2 35 1
1 3 94
2 35 3
1 3 94
2 35 1
1 3 94
2 35 3
1 3 94
2 35 1
1 3 94
2 35 3
1 3 94
2 35 1
1 3 94
2 35 3
1 3 94
2 35 1
1 3 94
2 35 3
1 3 94
2 35 1
1 3 94
2 35 3
1 3 94
2 35 1
1 3 94
2 35 3
1 3 18
2 35 1
2 36 3
1 3 94
2 36 1
1 3 94
2 36 3
1 3 94
2 36 1
1 3 94
2 36 3
1 3 94
2 36 1
1 3 94
2 36 3
1 3 94
2 36 1
1 3 94
2 36 3
1 3 94
2 36 1
1 3 94
2 36 3
1 3 94
2 36 1
1 3 94
2 36 3
1 3 94
2 36 1
1 3 94
2 36 3
1 3 94
2 36 1
1 3 94
2 36 3
1 3 94
2 36 1
1 3 94
2 36 3
1 3 94
2 36 1
1 3 94
2 36 3
1 3 94
2 36 1
1 3 94
2 36 3
1 3 94
2 36 1
1 3 94
2 36 3
1 3 94
2 36 1
1 3 94
2 36 3
1 3 94
2 36 1
1 3 94
2 36 3
1 3 94
2 36 1
1 3 94
2 36 3
1 3 94
2 36 1
1 3 94
2 36 3
1 3 94
2 36 1
1 3 94
2 36 3
1 3 34
2 36 1
2 38 3
1 3 94
2 38 1
1 3 94
2 38 3
1 3 94
2 38 1
1 3 94
2 38 3
1 3 94
2 38 1
1 3 94
2 38 3
1 3 6
2 38 1
2 37 3
1 3 93
2 37 1
1 3 1
2 37 3
1 3 1
2 37 1
2 39 3
1 3 94
2 39 1
1 3 94
2 39 3
1 3 94
2 39 1
1 3 94
2 39 3
1 3 94
2 39 1
1 3 94
2 39 3
1 3 94
2 39 1
1 3 94
2 39 3
1 3 94
2 39 1
1 3 94
2 39 3
1 3 94
2 39 1
1 3 94
2 39 3
1 3 94
2 39 1
1 3 94
2 39 3
1 3 94
2 39 1
1 3 94
2 39 3
1 3 94
2 39 1
1 3 94
2 39 3
1 3 94
2 39 1
1 3 94
2 39 3
1 3 94
2 39 1
1 3 94
2 39 3
1 3 94
2 39 1
1 3 94
2 39 3
1 3 24
2 39 1
2 38 3
1 3 93
2 38 1
1 3 1
2 38 3
1 3 1
2 38 1
2 39 3
1 3 94
2 39 1
1 3 94
2 39 3
1 3 94
2 39 1
1 3 94
2 39 3
1 3 94
2 39 1
1 3 94
2 39 3
1 3 94
2 39 1
1 3 94
2 39 3
1 3 94
2 39 1
1 3 94
2 39 3
1 3 94
2 39 1
1 3 94
2 39 3
1 3 94
2 39 1
1 3 94
2 39 3
1 3 94
2 39 1
1 3 94
2 39 3
1 3 94
2 39 1
1 3 94
2 39 3
1 3 94
2 39 1
1 3 94
2 39 3
1 3 94
2 39 1
1 3 94
2 39 3
1 3 94
2 39 1
1 3 94
2 39 3
1 3 94
2 39 1
1 3 94
2 39 3
1 3 94
2 39 1
1 3 94
2 39 3
1 3 94
2 39 1
1 3 94
2 39 3
1 3 94
2 39 1
1 3 94
2 39 3
1 3 94
2 39 1
1 3 94
2 39 3
1 3 94
2 39 1
1 3 94
2 39 3
1 3 94
2 39 1
1 3 94
2 39 3
1 3 94
2 39 1
1 3 94
2 39 3
1 3 94
2 39 1
1 3 94
2 39 3
1 3 94
2 39 1
1 3 94
2 39 3
1 3 94
2 39 1
1 3 94
2 39 3
1 3 94
2 39 1
1 3 94
2 39 3
1 3 48
2 39 1
2 40 3
1 3 94
2 40 1
1 3 94
2 40 3
1 3 94
2 40 1
1 3 94
2 40 3
1 3 94
2 40 1
1 3 94
2 40 3
1 3 94
2 40 1
1 3 94
2 40 3
1 3 8
2 40 1
2 42 3
1 3 94
2 42 1
1 3 94
2 42 3
1 3 94
2 42 1
1 3 94
2 42 3
1 3 94
2 42 1
1 3 94
2 42 3
1 3 94
2 42 1
1 3 94
2 42 3
1 3 94
2 42 1
1 3 94
2 42 3
1 3 94
2 42 1
1 3 94
2 42 3
1 3 94
2 42 1
1 3 94
2 42 3
1 3 94
2 42 1
1 3 94
2 42 3
1 3 94
2 42 1
1 3 94
2 42 3
1 3 94
2 42 1
1 3 94
2 42 3
1 3 94
2 42 1
1 3 94
2 42 3
1 3 94
2 42 1
1 3 94
2 42 3
1 3 94
2 42 1
1 3 94
2 42 3
1 3 94
2 42 1
1 3 94
2 42 3
1 3 94
2 42 1
1 3 94
2 42 3
1 3 94
2 42 1
1 3 94
2 42 3
1 3 94
2 42 1
1 3 94
2 42 3
1 3 94
2 42 1
1 3 94
2 42 3
1 3 36
2 42 1
2 41 3
1 3 93
2 41 1
1 3 1
2 41 3
1 3 1
2 41 1
2 42 3
1 3 94
2 42 1
1 3 94
2 42 3
1 3 94
2 42 1
1 3 94
2 42 3
1 3 94
2 42 1
1 3 94
2 42 3
1 3 94
2 42 1
1 3 94
2 42 3
1 3 94
2 42 1
1 3 94
2 42 3
1 3 94
2 42 1
1 3 94
2 42 3
1 3 94
2 42 1
1 3 94
2 42 3
1 3 94
2 42 1
1 3 94
2 42 3
1 3 94
2 42 1
1 3 94
2 42 3
1 3 94
2 42 1
1 3 94
2 42 3
1 3 94
2 42 1
1 3 94
2 42 3
1 3 94
2 42 1
1 3 94
2 42 3
1 3 94
2 42 1
1 3 94
2 42 3
1 3 94
2 42 1
1 3 94
2 42 3
1 3 94
2 42 1
1 3 94
2 42 3
1 3 94
2 42 1
1 3 94
2 42 3
1 3 94
2 42 1
1 3 94
2 42 3
1 3 94
2 42 1
1 3 94
2 42 3
1 3 94
2 42 1
1 3 94
2 42 3
1 3 38
2 42 1
2 44 3
1 3 94
2 44 1
1 3 94
2 44 3
1 3 94
2 44 1
1 3 94
2 44 3
1 3 94
2 44 1
1 3 94
2 44 3
1 3 94
2 44 1
1 3 94
2 44 3
1 3 8
2 44 1
2 43 3
1 3 93
2 43 1
1 3 1
2 43 3
1 3 1
2 43 1
2 45 3
1 3 94
2 45 1
1 3 94
2 45 3
1 3 94
2 45 1
1 3 94
2 45 3
1 3 94
2 45 1
1 3 94
2 45 3
1 3 94
2 45 1
1 3 94
2 45 3
1 3 94
2 45 1
1 3 94
2 45 3
1 3 94
2 45 1
1 3 94
2 45 3
1 3 94
2 45 1
1 3 94
2 45 3
1 3 94
2 45 1
1 3 94
2 45 3
1 3 94
2 45 1
1 3 94
2 45 3
1 3 94
2 45 1
1 3 94
2 45 3
1 3 94
2 45 1
1 3 94
2 45 3
1 3 94
2 45 1
1 3 94
2 45 3
1 3 94
2 45 1
1 3 94
2 45 3
1 3 94
2 45 1
1 3 94
2 45 3
1 3 94
2 45 1
1 3 94
2 45 3
1 3 94
2 45 1
1 3 94
2 45 3
1 3 94
2 45 1
1 3 94
2 45 3
1 3 94
2 45 1
1 3 94
2 45 3
1 3 94
2 45 1
1 3 94
2 45 3
1 3 94
2 45 1
1 3 94
2 45 3
1 3 94
2 45 1
1 3 94
2 45 3
1 3 94
2 45 1
1 3 94
2 45 3
1 3 44
2 45 1
2 44 3
1 3 93
2 44 1
1 3 1
2 44 3
1 3 1
2 44 1
2 45 3
1 3 94
2 45 1
1 3 94
2 45 3
1 3 94
2 45 1
1 3 94
2 45 3
1 3 94
2 45 1
1 3 94
2 45 3
1 3 94
2 45 1
1 3 94
2 45 3
1 3 94
2 45 1
1 3 94
2 45 3
1 3 94
2 45 1
1 3 94
2 45 3
1 3 12
2 45 1
2 46 3
1 3 94
2 46 1
1 3 94
2 46 3
1 3 94
2 46 1
1 3 94
2 46 3
1 3 94
2 46 1
1 3 94
2 46 3
1 3 94
2 46 1
1 3 94
2 46 3
1 3 8
2 46 1
2 48 3
1 3 94
2 48 1
1 3 94
2 48 3
1 3 94
2 48 1
1 3 94
2 48 3
1 3 94
2 48 1
1 3 94
2 48 3
1 3 94
2 48 1
1 3 94
2 48 3
1 3 94
2 48 1
1 3 94
2 48 3
1 3 94
2 48 1
1 3 94
2 48 3
1 3 94
2 48 1
1 3 94
2 48 3
1 3 94
2 48 1
1 3 94
2 48 3
1 3 94
2 48 1
1 3 94
2 48 3
1 3 94
2 48 1
1 3 94
2 48 3
1 3 94
2 48 1
1 3 94
2 48 3
1 3 94
2 48 1
1 3 94
2 48 3
1 3 94
2 48 1
1 3 94
2 48 3
1 3 94
2 48 1
1 3 94
2 48 3
1 3 94
2 48 1
1 3 94
2 48 3
1 3 94
2 48 1
1 3 94
2 48 3
1 3 94
2 48 1
1 3 94
2 48 3
1 3 94
2 48 1
1 3 94
2 48 3
1 3 94
2 48 1
1 3 94
2 48 3
1 3 94
2 48 1
1 3 94
2 48 3
1 3 94
2 48 1
1 3 94
2 48 3
1 3 94
2 48 1
1 3 94
2 48 3
1 3 44
2 48 1
2 47 3
1 3 93
2 47 1
1 3 1
2 47 3
1 3 1
2 47 1
2 49 3
1 3 94
2 49 1
1 3 94
2 49 3
1 3 94
2 49 1
1 3 94
2 49 3
1 3 94
2 49 1
1 3 94
2 49 3
1 3 94
2 49 1
1 3 94
2 49 3
1 3 94
2 49 1
1 3 94
2 49 3
1 3 94
2 49 1
1 3 94
2 49 3
1 3 94
2 49 1
1 3 94
2 49 3
1 3 94
2 49 1
1 3 94
2 49 3
1 3 94
2 49 1
1 3 94
2 49 3
1 3 94
2 49 1
1 3 94
2 49 3
1 3 94
2 49 1
1 3 94
2 49 3
1 3 94
2 49 1
1 3 94
2 49 3
1 3 94
2 49 1
1 3 94
2 49 3
1 3 94
2 49 1
1 3 94
2 49 3
1 3 94
2 49 1
1 3 94
2 49 3
1 3 94
2 49 1
1 3 94
2 49 3
1 3 94
2 49 1
1 3 94
2 49 3
1 3 94
2 49 1
1 3 94
2 49 3
1 3 94
2 49 1
1 3 94
2 49 3
1 3 94
2 49 1
1 3 94
2 49 3
1 3 94
2 49 1
1 3 94
2 49 3
1 3 94
2 49 1
1 3 94
2 49 3
1 3 44
2 49 1
2 48 3
1 3 93
2 48 1
1 3 1
2 48 3
1 3 1
2 48 1
2 49 3
1 3 94
2 49 1
1 3 94
2 49 3
1 3 94
2 49 1
1 3 94
2 49 3
1 3 94
2 49 1
1 3 94
2 49 3
1 3 6
2 49 1
2 50 3
1 3 94
2 50 1
1 3 94
2 50 3
1 3 94
2 50 1
1 3 94
2 50 3
1 3 94
2 50 1
1 3 94
2 50 3
1 3 94
2 50 1
1 3 94
2 50 3
1 3 94
2 50 1
1 3 94
2 50 3
1 3 10
2 50 1
2 52 3
1 3 94
2 52 1
1 3 94
2 52 3
1 3 94
2 52 1
1 3 94
2 52 3
1 3 94
2 52 1
1 3 94
2 52 3
1 3 94
2 52 1
1 3 94
2 52 3
1 3 94
2 52 1
1 3 94
2 52 3
1 3 94
2 52 1
1 3 94
2 52 3
1 3 12
2 52 1
2 51 3
1 3 93
2 51 1
1 3 1
2 51 3
1 3 1
2 51 1
2 52 3
1 3 94
2 52 1
1 3 94
2 52 3
1 3 94
2 52 1
1 3 94
2 52 3
1 3 94
2 52 1
1 3 94
2 52 3
1 3 94
2 52 1
1 3 94
2 52 3
1 3 94
2 52 1
1 3 94
2 52 3
1 3 94
2 52 1
1 3 94
2 52 3
1 3 94
2 52 1
1 3 94
2 52 3
1 3 94
2 52 1
1 3 94
2 52 3
1 3 16
2 52 1
2 53 3
1 3 94
2 53 1
1 3 94
2 53 3
1 3 94
2 53 1
1 3 94
2 53 3
1 3 94
2 53 1
1 3 94
2 53 3
1 3 94
2 53 1
1 3 94
2 53 3
1 3 94
2 53 1
1 3 94
2 53 3
1 3 94
2 53 1
1 3 94
2 53 3
1 3 94
2 53 1
1 3 94
2 53 3
1 3 94
2 53 1
1 3 94
2 53 3
1 3 94
2 53 1
1 3 94
2 53 3
1 3 94
2 53 1
1 3 94
2 53 3
1 3 94
2 53 1
1 3 94
2 53 3
1 3 94
2 53 1
1 3 94
2 53 3
1 3 94
2 53 1
1 3 94
2 53 3
1 3 94
2 53 1
1 3 94
2 53 3
1 3 94
2 53 1
1 3 94
2 53 3
1 3 30
2 53 1
2 55 3
1 3 0
2 55 1
2 54 3
1 3 93
2 54 1
1 3 1
2 54 3
1 3 1
2 54 1
2 55 3
1 3 94
2 55 1
1 3 94
2 55 3
1 3 94
2 55 1
1 3 94
2 55 3
1 3 94
2 55 1
1 3 94
2 55 3
1 3 94
2 55 1
1 3 94
2 55 3
1 3 94
2 55 1
1 3 94
2 55 3
1 3 94
2 55 1
1 3 94
2 55 3
1 3 94
2 55 1
1 3 94
2 55 3
1 3 94
2 55 1
1 3 94
2 55 3
1 3 94
2 55 1
1 3 94
2 55 3
1 3 94
2 55 1
1 3 94
2 55 3
1 3 94
2 55 1
1 3 94
2 55 3
1 3 94
2 55 1
1 3 94
2 55 3
1 3 94
2 55 1
1 3 94
2 55 3
1 3 94
2 55 1
1 3 94
2 55 3
1 3 94
2 55 1
1 3 94
2 55 3
1 3 30
2 55 1
2 56 3
1 3 94
2 56 1
1 3 94
2 56 3
1 3 94
2 56 1
1 3 94
2 56 3
1 3 94
2 56 1
1 3 94
2 56 3
1 3 94
2 56 1
1 3 94
2 56 3
1 3 94
2 56 1
1 3 94
2 56 3
1 3 94
2 56 1
1 3 94
2 56 3
1 3 94
2 56 1
1 3 94
2 56 3
1 3 94
2 56 1
1 3 94
2 56 3
1 3 94
2 56 1
1 3 94
2 56 3
1 3 94
2 56 1
1 3 94
2 56 3
1 3 94
2 56 1
1 3 94
2 56 3
1 3 94
2 56 1
1 3 94
2 56 3
1 3 94
2 56 1
1 3 94
2 56 3
1 3 94
2 56 1
1 3 94
2 56 3
1 3 28
2 56 1
2 58 3
1 3 94
2 58 1
1 3 94
2 58 3
1 3 94
2 58 1
1 3 94
2 58 3
1 3 94
2 58 1
1 3 94
2 58 3
1 3 94
2 58 1
1 3 94
2 58 3
1 3 94
2 58 1
1 3 94
2 58 3
1 3 94
2 58 1
1 3 94
2 58 3
1 3 94
2 58 1
1 3 94
2 58 3
1 3 94
2 58 1
1 3 94
2 58 3
1 3 94
2 58 1
1 3 94
2 58 3
1 3 94
2 58 1
1 3 94
2 58 3
1 3 94
2 58 1
1 3 94
2 58 3
1 3 94
2 58 1
1 3 94
2 58 3
1 3 94
2 58 1
1 3 94
2 58 3
1 3 94
2 58 1
1 3 94
2 58 3
1 3 94
2 58 1
1 3 94
2 58 3
1 3 30
2 58 1
2 57 3
1 3 93
2 57 1
1 3 1
2 57 3
1 3 1
2 57 1
2 59 3
1 3 94
2 59 1
1 3 94
2 59 3
1 3 94
2 59 1
1 3 94
2 59 3
1 3 94
2 59 1
1 3 94
2 59 3
1 3 94
2 59 1
1 3 94
2 59 3
1 3 94
2 59 1
1 3 94
2 59 3
1 3 94
2 59 1
1 3 94
2 59 3
1 3 94
2 59 1
1 3 94
2 59 3
1 3 94
2 59 1
1 3 94
2 59 3
1 3 94
2 59 1
1 3 94
2 59 3
1 3 94
2 59 1
1 3 94
2 59 3
1 3 94
2 59 1
1 3 94
2 59 3
1 3 94
2 59 1
1 3 94
2 59 3
1 3 94
2 59 1
1 3 94
2 59 3
1 3 94
2 59 1
1 3 94
2 59 3
1 3 28
2 59 1
2 58 3
1 3 93
2 58 1
1 3 1
2 58 3
1 3 1
2 58 1
2 59 3
1 3 94
2 59 1
1 3 94
2 59 3
1 3 94
2 59 1
1 3 94
2 59 3
1 3 94
2 59 1
1 3 94
2 59 3
1 3 94
2 59 1
1 3 94
2 59 3
1 3 94
2 59 1
1 3 94
2 59 3
1 3 10
2 59 1
2 60 3
1 3 94
2 60 1
1 3 94
2 60 3
1 3 94
2 60 1
1 3 94
2 60 3
1 3 4
2 60 1
2 61 3
1 3 94
2 61 1
1 3 94
2 61 3
1 3 94
2 61 1
1 3 94
2 61 3
1 3 94
2 61 1
1 3 94
2 61 3
1 3 94
2 61 1
1 3 94
2 61 3
1 3 94
2 61 1
1 3 94
2 61 3
1 3 94
2 61 1
1 3 94
2 61 3
1 3 94
2 61 1
1 3 94
2 61 3
1 3 94
2 61 1
1 3 94
2 61 3
1 3 94
2 61 1
1 3 94
2 61 3
1 3 94
2 61 1
1 3 94
2 61 3
1 3 94
2 61 1
1 3 94
2 61 3
1 3 22
2 61 1
2 63 3
1 3 94
2 63 1
1 3 94
2 63 3
1 3 94
2 63 1
1 3 94
2 63 3
1 3 94
2 63 1
1 3 94
2 63 3
1 3 6
2 63 1
2 62 3
1 3 93
2 62 1
1 3 1
2 62 3
1 3 1
2 62 1
2 64 3
1 3 94
2 64 1
1 3 94
2 64 3
1 3 94
2 64 1
1 3 94
2 64 3
1 3 94
2 64 1
1 3 94
2 64 3
1 3 94
2 64 1
1 3 94
2 64 3
1 3 8
2 64 1
2 63 3
1 3 93
2 63 1
1 3 1
2 63 3
1 3 1
2 63 1
2 65 3
1 3 94
2 65 1
1 3 94
2 65 3
1 3 94
2 65 1
1 3 94
2 65 3
1 3 94
2 65 1
1 3 94
2 65 3
1 3 94
2 65 1
1 3 94
2 65 3
1 3 94
2 65 1
1 3 94
2 65 3
1 3 94
2 65 1
1 3 94
2 65 3
1 3 94
2 65 1
1 3 94
2 65 3
1 3 94
2 65 1
1 3 94
2 65 3
1 3 94
2 65 1
1 3 94
2 65 3
1 3 94
2 65 1
1 3 94
2 65 3
1 3 94
2 65 1
1 3 94
2 65 3
1 3 22
2 65 1
2 64 3
1 3 93
2 64 1
1 3 1
2 64 3
1 3 1
2 64 1
2 66 3
1 3 94
2 66 1
1 3 94
2 66 3
1 3 94
2 66 1
1 3 94
2 66 3
1 3 94
2 66 1
1 3 94
2 66 3
1 3 94
2 66 1
1 3 94
2 66 3
1 3 94
2 66 1
1 3 94
2 66 3
1 3 94
2 66 1
1 3 94
2 66 3
1 3 94
2 66 1
1 3 94
2 66 3
1 3 94
2 66 1
1 3 94
2 66 3
1 3 94
2 66 1
1 3 94
2 66 3
1 3 94
2 66 1
1 3 94
2 66 3
1 3 94
2 66 1
1 3 94
2 66 3
1 3 94
2 66 1
1 3 94
2 66 3
1 3 24
2 66 1
2 65 3
1 3 93
2 65 1
1 3 1
2 65 3
1 3 1
2 65 1
2 66 3
1 3 94
2 66 1
1 3 94
2 66 3
1 3 94
2 66 1
1 3 94
2 66 3
1 3 94
2 66 1
1 3 94
2 66 3
1 3 94
2 66 1
1 3 94
2 66 3
1 3 94
2 66 1
1 3 94
2 66 3
1 3 94
2 66 1
1 3 94
2 66 3
1 3 94
2 66 1
1 3 94
2 66 3
1 3 94
2 66 1
1 3 94
2 66 3
1 3 94
2 66 1
1 3 94
2 66 3
1 3 94
2 66 1
1 3 94
2 66 3
1 3 94
2 66 1
1 3 94
2 66 3
1 3 94
2 66 1
1 3 94
2 66 3
1 3 24
2 66 1
2 68 3
1 3 94
2 68 1
1 3 94
2 68 3
1 3 94
2 68 1
1 3 94
2 68 3
1 3 94
2 68 1
1 3 94
2 68 3
1 3 94
2 68 1
1 3 94
2 68 3
1 3 94
2 68 1
1 3 94
2 68 3
1 3 94
2 68 1
1 3 94
2 68 3
1 3 94
2 68 1
1 3 94
2 68 3
1 3 94
2 68 1
1 3 94
2 68 3
1 3 16
2 68 1
2 67 3
1 3 93
2 67 1
1 3 1
2 67 3
1 3 1
2 67 1
2 69 3
1 3 94
2 69 1
1 3 94
2 69 3
1 3 94
2 69 1
1 3 94
2 69 3
1 3 94
2 69 1
1 3 94
2 69 3
1 3 94
2 69 1
1 3 94
2 69 3
1 3 94
2 69 1
1 3 94
2 69 3
1 3 10
2 69 1
2 68 3
1 3 93
2 68 1
1 3 1
2 68 3
1 3 1
2 68 1
2 70 3
1 3 94
2 70 1
1 3 94
2 70 3
1 3 94
2 70 1
1 3 94
2 70 3
1 3 94
2 70 1
1 3 94
2 70 3
1 3 94
2 70 1
1 3 94
2 70 3
1 3 94
2 70 1
1 3 94
2 70 3
1 3 94
2 70 1
1 3 94
2 70 3
1 3 94
2 70 1
1 3 94
2 70 3
1 3 94
2 70 1
1 3 94
2 70 3
1 3 16
2 70 1
2 69 3
1 3 93
2 69 1
1 3 1
2 69 3
1 3 1
2 69 1
2 70 3
1 3 94
2 70 1
1 3 94
2 70 3
1 3 94
2 70 1
1 3 94
2 70 3
1 3 94
2 70 1
1 3 94
2 70 3
1 3 6
2 70 1
2 72 3
1 3 94
2 72 1
1 3 94
2 72 3
1 3 94
2 72 1
1 3 94
2 72 3
1 3 4
2 72 1
2 71 3
1 3 93
2 71 1
1 3 1
2 71 3
1 3 1
2 71 1
2 72 3
1 3 94
2 72 1
1 3 94
2 72 3
1 3 94
2 72 1
1 3 94
2 72 3
1 3 94
2 72 1
1 3 94
2 72 3
1 3 6
2 72 1
2 74 3
1 3 94
2 74 1
1 3 94
2 74 3
1 3 94
2 74 1
1 3 94
2 74 3
1 3 94
2 74 1
1 3 94
2 74 3
1 3 94
2 74 1
1 3 94
2 74 3
1 3 94
2 74 1
1 3 94
2 74 3
1 3 10
2 74 1
2 73 3
1 3 93
2 73 1
1 3 1
2 73 3
1 3 1
2 73 1
2 74 3
1 3 94
2 74 1
1 3 94
2 74 3
1 3 94
2 74 1
1 3 94
2 74 3
1 3 94
2 74 1
1 3 94
2 74 3
1 3 94
2 74 1
1 3 94
2 74 3
1 3 94
2 74 1
1 3 94
2 74 3
1 3 94
2 74 1
1 3 94
2 74 3
1 3 94
2 74 1
1 3 94
2 74 3
1 3 94
2 74 1
1 3 94
2 74 3
1 3 16
2 74 1
2 76 3
1 3 94
2 76 1
1 3 94
2 76 3
1 3 2
2 76 1
2 75 3
1 3 93
2 75 1
1 3 1
2 75 3
1 3 1
2 75 1
2 77 3
1 3 94
2 77 1
1 3 94
2 77 3
1 3 94
2 77 1
1 3 94
2 77 3
1 3 94
2 77 1
1 3 94
2 77 3
1 3 94
2 77 1
1 3 94
2 77 3
1 3 94
2 77 1
1 3 94
2 77 3
1 3 94
2 77 1
1 3 94
2 77 3
1 3 94
2 77 1
1 3 94
2 77 3
1 3 14
2 77 1
2 76 3
1 3 93
2 76 1
1 3 1
2 76 3
1 3 1
2 76 1
2 79 3
1 3 94
2 79 1
1 3 94
2 79 3
1 3 94
2 79 1
1 3 94
2 79 3
1 3 94
2 79 1
1 3 94
2 79 3
1 3 94
2 79 1
1 3 94
2 79 3
1 3 94
2 79 1
1 3 94
2 79 3
1 3 94
2 79 1
1 3 94
2 79 3
1 3 94
2 79 1
1 3 94
2 79 3
1 3 14
2 79 1
2 78 3
1 3 93
2 78 1
1 3 1
2 78 3
1 3 1
2 78 1
2 80 3
1 3 94
2 80 1
1 3 94
2 80 3
1 3 94
2 80 1
1 3 94
2 80 3
1 3 94
2 80 1
1 3 94
2 80 3
1 3 6
2 80 1
2 79 3
1 3 93
2 79 1
1 3 1
2 79 3
1 3 1
2 79 1
2 81 3
1 3 94
2 81 1
1 3 94
2 81 3
1 3 94
2 81 1
1 3 94
2 81 3
1 3 94
2 81 1
1 3 94
2 81 3
1 3 94
2 81 1
1 3 94
2 81 3
1 3 94
2 81 1
1 3 94
2 81 3
1 3 10
2 81 1
2 83 3
1 3 94
2 83 1
1 3 94
2 83 3
1 3 94
2 83 1
1 3 94
2 83 3
1 3 94
2 83 1
1 3 94
2 83 3
1 3 94
2 83 1
1 3 94
2 83 3
1 3 94
2 83 1
1 3 94
2 83 3
1 3 10
2 83 1
2 82 3
1 3 93
2 82 1
1 3 1
2 82 3
1 3 1
2 82 1
2 83 3
1 3 94
2 83 1
1 3 94
2 83 3
1 3 94
2 83 1
1 3 94
2 83 3
1 3 4
2 83 1
2 86 3
1 3 94
2 86 1
1 3 94
2 86 3
1 3 94
2 86 1
1 3 94
2 86 3
1 3 4
2 86 1
2 85 3
1 3 93
2 85 1
1 3 1
2 85 3
1 3 1
2 85 1
2 87 3
1 3 94
2 87 1
1 3 94
2 87 3
1 3 2
2 87 1
2 86 3
1 3 93
2 86 1
1 3 1
2 86 3
1 3 1
2 86 1
2 89 3
1 3 0
2 89 1
2 88 3
1 3 93
2 88 1
1 3 1
2 88 3
1 3 1
2 88 1
2 90 3
1 3 0
2 90 1
2 89 3
1 3 93
2 89 1
1 3 1
2 89 3
1 3 1
2 89 1
2 91 3
1 3 0
2 91 1
2 90 3
1 3 93
2 90 1
1 3 1
2 90 3
1 3 1
2 90 1
2 92 3
1 3 0
2 92 1
2 91 3
1 3 93
2 91 1
1 3 1
2 91 3
1 3 1
2 91 1
2 92 3
1 3 94
2 92 1
1 3 94
2 92 3
1 3 2
2 92 1
1 3 2
2 0 3
1 3 94
2 0 1
1 3 1
2 0 3
1 3 93
1 0 1
2 0 3
1 0 94
2 0 3
1 0 1
2 0 2
1 0 94
