5960
1 1 1
2 0 4
1 2 35
2 1 3
1 4 6
2 2 1
1 2 10
2 3 3
2 9 1
1 1 93
2 4 4
1 1 19
2 5 4
1 4 14
2 6 1
1 4 35
2 7 1
1 4 88
2 8 1
1 3 76
2 9 2
1 1 78
2 10 4
1 3 89
2 11 2
1 4 68
2 12 1
1 3 24
2 13 2
1 2 80
2 14 3
1 2 38
2 15 3
1 4 3
2 16 1
1 1 44
2 17 4
1 1 83
2 18 4
2 24 1
1 1 93
2 19 4
1 2 10
2 20 3
2 49 1
1 1 70
2 21 4
1 4 72
2 22 1
1 3 7
2 23 2
1 2 48
2 24 3
1 1 57
2 25 4
1 3 27
2 26 2
1 4 85
2 27 1
2 85 1
1 1 41
2 28 4
1 1 95
2 29 4
1 2 24
2 30 3
1 2 97
2 31 3
1 2 3
2 32 3
1 4 51
2 33 1
1 4 73
2 34 1
1 2 49
2 35 3
1 1 48
2 36 4
1 1 1
2 37 4
1 2 61
2 38 3
2 96 1
1 1 41
2 39 4
1 3 87
2 40 2
2 48 1
1 1 91
2 41 4
1 2 9
2 42 3
1 2 25
2 43 3
1 1 37
2 44 4
1 2 81
2 45 3
2 51 1
1 1 93
2 46 4
1 2 92
2 47 3
1 2 86
2 48 3
1 3 52
2 49 2
1 1 96
2 50 4
2 52 1
1 1 97
2 51 4
1 4 69
2 52 1
1 4 6
2 53 1
1 4 42
2 54 1
1 4 51
2 55 1
1 2 86
2 56 3
1 3 69
2 57 2
1 2 30
2 58 3
1 3 78
2 59 2
1 1 9
2 60 4
1 3 53
2 61 2
1 2 37
2 62 3
1 3 2
2 63 2
1 3 37
2 64 2
1 3 60
2 65 2
2 71 1
1 1 93
2 66 4
1 4 52
2 67 1
1 4 97
2 68 1
1 1 84
2 69 4
1 3 93
2 70 2
1 3 87
2 71 2
1 3 52
2 72 2
1 1 80
2 73 4
1 4 70
2 74 1
1 4 52
2 75 1
1 3 33
2 76 2
1 3 35
2 77 2
1 1 96
2 78 4
1 3 95
2 79 2
2 80 3
1 4 94
2 81 1
1 4 11
2 82 1
1 3 19
2 83 2
1 2 31
2 84 3
1 3 69
2 85 2
1 2 87
2 86 3
1 1 55
2 87 4
1 4 63
2 88 1
1 3 9
2 89 2
1 3 21
2 90 2
1 3 77
2 91 2
1 3 68
2 92 2
1 4 71
2 93 1
1 2 91
2 94 3
1 3 75
2 95 2
1 3 68
2 96 2
1 2 91
2 97 3
2 0 1
1 2 49
2 0 4
2 1 3
1 4 14
2 1 2
1 1 28
2 2 4
1 1 70
2 2 1
2 3 1
1 2 85
2 3 4
2 4 2
1 3 7
2 4 3
2 5 3
1 4 10
2 5 2
2 6 2
1 3 60
2 6 3
2 7 3
1 4 82
2 7 2
2 8 1
1 2 97
2 8 4
2 9 3
1 4 44
2 9 2
2 10 2
1 3 30
2 10 3
1 1 91
2 11 4
1 1 7
2 11 1
2 12 3
1 4 71
2 12 2
2 13 2
1 3 18
2 13 3
1 1 59
2 14 4
1 1 39
2 14 1
1 1 17
2 15 4
1 1 81
2 15 1
2 16 1
1 2 88
2 16 4
2 17 2
1 3 36
2 17 3
1 1 65
2 18 4
1 1 33
2 18 1
2 19 2
1 3 16
2 19 3
2 20 1
1 2 17
2 20 4
2 21 1
1 2 15
2 21 4
1 1 63
2 22 4
1 1 35
2 22 1
1 1 26
2 23 4
1 1 72
2 23 1
2 24 2
1 3 90
2 24 3
2 25 3
1 4 34
2 25 2
1 1 43
2 26 4
1 1 55
2 26 1
1 1 75
2 27 4
1 1 23
2 27 1
2 28 1
1 2 68
2 28 4
1 1 44
2 29 4
1 1 54
2 29 1
2 30 3
1 4 16
2 30 2
2 31 1
1 2 87
2 31 4
2 32 2
1 3 8
2 32 3
2 33 2
1 3 70
2 33 3
2 34 2
1 3 89
2 34 3
1 1 87
2 35 4
1 1 11
2 35 1
2 36 2
1 3 88
2 36 3
2 37 2
1 3 13
2 37 3
2 38 1
1 2 97
2 38 4
2 39 2
1 3 28
2 39 3
1 1 57
2 40 4
1 1 41
2 40 1
2 41 1
1 2 90
2 41 4
1 1 73
2 42 4
1 1 25
2 42 1
2 43 3
1 4 27
2 43 2
2 44 3
1 4 69
2 44 2
1 1 83
2 45 4
1 1 15
2 45 1
2 46 3
1 4 39
2 46 2
2 47 1
1 2 46
2 47 4
1 1 56
2 48 4
1 1 42
2 48 1
2 49 1
1 2 42
2 49 4
2 50 1
1 2 15
2 50 4
2 51 1
1 2 38
2 51 4
2 52 1
1 2 43
2 52 4
1 4 97
2 53 3
1 4 1
2 53 2
2 54 2
1 3 16
2 54 3
2 55 3
1 4 55
2 55 2
2 56 3
1 4 38
2 56 2
2 57 1
1 2 10
2 57 4
2 58 2
1 3 9
2 58 3
2 59 1
1 2 90
2 59 4
2 60 2
1 3 45
2 60 3
2 61 2
1 3 55
2 61 3
2 62 1
1 2 31
2 62 4
2 63 3
1 4 30
2 63 2
2 64 2
1 3 89
2 64 3
1 1 95
2 65 4
1 1 3
2 65 1
2 66 2
1 3 47
2 66 3
2 67 2
1 3 92
2 67 3
1 1 83
2 68 4
1 1 15
2 68 1
2 69 2
1 3 67
2 69 3
2 70 2
1 3 62
2 70 3
2 71 2
1 3 85
2 71 3
1 1 96
2 72 4
1 1 2
2 72 1
2 73 3
1 4 84
2 73 2
2 74 1
1 2 11
2 74 4
2 75 2
1 3 60
2 75 3
2 76 1
1 2 20
2 76 4
2 77 3
1 4 51
2 77 2
2 78 3
1 4 38
2 78 2
2 79 2
1 3 49
2 79 3
2 80 1
1 2 6
2 80 4
2 81 2
1 3 53
2 81 3
2 82 3
1 4 37
2 82 2
2 83 3
1 4 27
2 83 2
2 84 2
1 3 89
2 84 3
2 85 1
1 2 97
2 85 4
2 86 3
1 4 29
2 86 2
2 87 2
1 3 40
2 87 3
2 88 1
1 2 73
2 88 4
2 89 3
1 4 88
2 89 2
2 90 1
1 2 78
2 90 4
2 91 2
1 3 20
2 91 3
2 92 3
1 4 96
2 92 2
2 93 3
1 4 33
2 93 2
2 94 3
1 4 56
2 94 2
2 95 2
1 3 41
2 95 3
2 96 1
1 2 14
2 96 4
2 97 1
1 2 19
2 97 4
1 2 2
2 0 4
1 2 96
2 0 1
2 1 2
1 4 51
2 1 3
2 2 1
1 3 6
2 2 4
1 2 19
2 3 4
1 2 79
2 3 1
2 4 2
1 4 93
2 4 3
2 5 1
1 3 25
2 5 4
2 6 2
1 4 69
2 6 3
2 7 1
1 3 21
2 7 4
2 8 2
1 4 30
2 8 3
2 9 1
1 3 41
2 9 4
1 2 86
2 10 4
1 2 12
2 10 1
2 11 2
1 4 96
2 11 3
2 12 1
1 3 7
2 12 4
2 13 2
1 4 55
2 13 3
2 14 2
1 4 50
2 14 3
2 15 2
1 4 46
2 15 3
2 16 2
1 4 4
2 16 3
2 17 1
1 3 38
2 17 4
1 2 53
2 18 4
1 2 45
2 18 1
2 19 1
1 3 26
2 19 4
2 20 1
1 3 27
2 20 4
2 21 2
1 4 45
2 21 3
1 2 60
2 22 4
1 2 38
2 22 1
2 23 2
1 4 22
2 23 3
2 24 2
1 4 21
2 24 3
1 2 91
2 25 4
1 2 7
2 25 1
2 26 2
1 4 91
2 26 3
1 2 45
2 27 4
1 2 53
2 27 1
2 28 2
1 4 49
2 28 3
2 29 2
1 4 42
2 29 3
2 30 1
1 3 64
2 30 4
2 31 1
1 3 35
2 31 4
2 32 1
1 3 88
2 32 4
1 2 74
2 33 4
1 2 24
2 33 1
2 34 2
1 4 91
2 34 3
1 2 41
2 35 4
1 2 57
2 35 1
2 36 1
1 3 92
2 36 4
2 37 2
1 4 88
2 37 3
2 38 1
1 3 68
2 38 4
1 2 64
2 39 4
1 2 34
2 39 1
1 2 79
2 40 4
1 2 19
2 40 1
2 41 1
1 3 76
2 41 4
2 42 2
1 4 11
2 42 3
1 2 96
2 43 4
1 2 2
2 43 1
1 2 54
2 44 4
1 2 44
2 44 1
2 45 2
1 4 55
2 45 3
2 46 2
1 4 12
2 46 3
2 47 1
1 3 24
2 47 4
1 2 74
2 48 4
1 2 24
2 48 1
2 49 2
1 4 34
2 49 3
2 50 1
1 3 46
2 50 4
2 51 2
1 4 83
2 51 3
2 52 1
1 3 8
2 52 4
2 53 2
1 4 91
2 53 3
2 54 1
1 3 28
2 54 4
2 55 2
1 4 54
2 55 3
2 56 1
1 3 72
2 56 4
2 57 1
1 3 75
2 57 4
2 58 2
1 4 27
2 58 3
2 59 2
1 4 53
2 59 3
2 60 1
1 3 90
2 60 4
2 61 1
1 3 85
2 61 4
1 2 76
2 62 4
1 2 22
2 62 1
1 2 89
2 63 4
1 2 9
2 63 1
2 64 2
1 4 79
2 64 3
1 2 81
2 65 4
1 2 17
2 65 1
2 66 2
1 4 85
2 66 3
2 67 2
1 4 39
2 67 3
2 68 1
1 3 59
2 68 4
1 2 76
2 69 4
1 2 22
2 69 1
2 70 2
1 4 50
2 70 3
2 71 1
1 3 17
2 71 4
2 72 2
1 4 74
2 72 3
2 73 1
1 3 45
2 73 4
2 74 2
1 4 4
2 74 3
2 75 2
1 4 49
2 75 3
2 76 2
1 4 29
2 76 3
2 77 1
1 3 62
2 77 4
2 78 1
1 3 89
2 78 4
2 79 2
1 4 18
2 79 3
2 80 2
1 4 17
2 80 3
2 81 2
1 4 88
2 81 3
2 82 2
1 4 14
2 82 3
2 83 2
1 4 72
2 83 3
2 84 1
1 3 25
2 84 4
2 85 1
1 3 19
2 85 4
2 86 1
1 3 48
2 86 4
2 87 1
1 3 35
2 87 4
2 88 2
1 4 91
2 88 3
2 89 1
1 3 16
2 89 4
2 90 2
1 4 90
2 90 3
2 91 1
1 3 64
2 91 4
2 92 1
1 3 44
2 92 4
2 93 1
1 3 4
2 93 4
2 94 1
1 3 42
2 94 4
2 95 2
1 4 19
2 95 3
2 96 2
1 4 69
2 96 3
2 97 1
1 3 71
2 97 4
1 3 1
2 0 4
1 3 97
2 0 1
1 3 83
2 1 4
1 3 15
2 1 1
2 2 1
1 4 72
2 2 4
1 3 94
2 3 4
1 3 4
2 3 1
1 3 90
2 4 4
1 3 8
2 4 1
1 3 6
2 5 4
1 3 92
2 5 1
2 6 1
1 4 46
2 6 4
1 3 85
2 7 4
1 3 13
2 7 1
1 3 14
2 8 4
1 3 84
2 8 1
1 3 66
2 9 4
1 3 32
2 9 1
1 3 79
2 10 4
1 3 19
2 10 1
2 11 1
1 4 53
2 11 4
1 3 29
2 12 4
1 3 69
2 12 1
1 3 61
2 13 4
1 3 37
2 13 1
2 14 1
1 4 73
2 14 4
2 15 1
1 4 68
2 15 4
1 3 36
2 16 4
1 3 62
2 16 1
1 3 48
2 17 4
1 3 50
2 17 1
1 3 84
2 18 4
1 3 14
2 18 1
2 19 1
1 4 10
2 19 4
1 3 22
2 20 4
1 3 76
2 20 1
2 21 1
1 4 7
2 21 4
2 22 1
1 4 69
2 22 4
1 3 40
2 23 4
1 3 58
2 23 1
2 24 1
1 4 21
2 24 4
1 3 45
2 25 4
1 3 53
2 25 1
1 3 88
2 26 4
1 3 10
2 26 1
1 3 89
2 27 4
1 3 9
2 27 1
2 28 1
1 4 23
2 28 4
1 3 81
2 29 4
1 3 17
2 29 1
1 3 68
2 30 4
1 3 30
2 30 1
1 3 41
2 31 4
1 3 57
2 31 1
1 3 93
2 32 4
1 3 5
2 32 1
2 33 1
1 4 82
2 33 4
2 34 1
1 4 53
2 34 4
1 3 56
2 35 4
1 3 42
2 35 1
1 3 92
2 36 4
1 3 6
2 36 1
1 3 83
2 37 4
1 3 15
2 37 1
2 38 1
1 4 77
2 38 4
2 39 1
1 4 74
2 39 4
2 40 1
1 4 31
2 40 4
2 41 1
1 4 71
2 41 4
1 3 61
2 42 4
1 3 37
2 42 1
2 43 1
1 4 4
2 43 4
1 3 71
2 44 4
1 3 27
2 44 1
1 3 70
2 45 4
1 3 28
2 45 1
2 46 1
1 4 59
2 46 4
1 3 54
2 47 4
1 3 44
2 47 1
2 48 1
1 4 22
2 48 4
2 49 1
1 4 89
2 49 4
2 50 1
1 4 14
2 50 4
2 51 1
1 4 67
2 51 4
2 52 1
1 4 43
2 52 4
2 53 1
1 4 21
2 53 4
1 3 91
2 54 4
1 3 7
2 54 1
1 3 71
2 55 4
1 3 27
2 55 1
2 56 1
1 4 11
2 56 4
2 57 1
1 4 94
2 57 4
2 58 1
1 4 70
2 58 4
2 59 1
1 4 94
2 59 4
2 60 1
1 4 78
2 60 4
1 3 82
2 61 4
1 3 16
2 61 1
2 62 1
1 4 50
2 62 4
2 63 1
1 4 51
2 63 4
1 3 83
2 64 4
1 3 15
2 64 1
2 65 1
1 4 44
2 65 4
2 66 1
1 4 23
2 66 4
2 67 1
1 4 38
2 67 4
2 68 1
1 4 60
2 68 4
1 3 77
2 69 4
1 3 21
2 69 1
2 70 1
1 4 86
2 70 4
2 71 1
1 4 27
2 71 4
2 72 1
1 4 52
2 72 4
2 73 1
1 4 31
2 73 4
2 74 1
1 4 85
2 74 4
2 75 1
1 4 83
2 75 4
1 3 81
2 76 4
1 3 17
2 76 1
2 77 1
1 4 49
2 77 4
2 78 1
1 4 18
2 78 4
1 3 85
2 79 4
1 3 13
2 79 1
2 80 1
1 4 78
2 80 4
2 81 1
1 4 93
2 81 4
2 82 1
1 4 50
2 82 4
2 83 1
1 4 56
2 83 4
2 84 1
1 4 65
2 84 4
2 85 1
1 4 89
2 85 4
2 86 1
1 4 15
2 86 4
2 87 1
1 4 12
2 87 4
1 3 89
2 88 4
1 3 9
2 88 1
2 89 1
1 4 21
2 89 4
2 90 1
1 4 17
2 90 4
1 3 94
2 91 4
1 3 4
2 91 1
2 92 1
1 4 61
2 92 4
2 93 1
1 4 27
2 93 4
2 94 1
1 4 30
2 94 4
2 95 1
1 4 7
2 95 4
2 96 1
1 4 18
2 96 4
2 97 1
1 4 11
2 97 4
1 4 85
2 1 4
1 4 97
2 1 1
1 4 97
2 1 4
1 4 97
2 1 1
1 4 97
2 1 4
1 4 97
2 1 1
1 4 97
2 1 4
1 4 97
2 1 1
1 4 97
2 1 4
1 4 97
2 1 1
1 4 97
2 1 4
1 4 97
2 1 1
1 4 97
2 1 4
1 4 97
2 1 1
1 4 97
2 1 4
1 4 97
2 1 1
1 4 97
2 1 4
1 4 97
2 1 1
1 4 97
2 1 4
1 4 97
2 1 1
1 4 97
2 1 4
1 4 97
2 1 1
1 4 97
2 1 4
1 4 97
2 1 1
1 4 97
2 1 4
1 4 24
2 1 1
2 2 4
1 4 97
2 2 1
1 4 97
2 2 4
1 4 97
2 2 1
1 4 97
2 2 4
1 4 97
2 2 1
1 4 97
2 2 4
1 4 97
2 2 1
1 4 97
2 2 4
1 4 97
2 2 1
1 4 97
2 2 4
1 4 97
2 2 1
1 4 97
2 2 4
1 4 97
2 2 1
1 4 97
2 2 4
1 4 97
2 2 1
1 4 97
2 2 4
1 4 97
2 2 1
1 4 97
2 2 4
1 4 97
2 2 1
1 4 97
2 2 4
1 4 20
2 2 1
2 3 4
1 4 97
2 3 1
1 4 97
2 3 4
1 4 2
2 3 1
2 4 4
1 4 97
2 4 1
1 4 97
2 4 4
1 4 97
2 4 1
1 4 97
2 4 4
1 4 97
2 4 1
1 4 97
2 4 4
1 4 97
2 4 1
1 4 97
2 4 4
1 4 97
2 4 1
1 4 97
2 4 4
1 4 97
2 4 1
1 4 97
2 4 4
1 4 97
2 4 1
1 4 97
2 4 4
1 4 97
2 4 1
1 4 97
2 4 4
1 4 97
2 4 1
1 4 97
2 4 4
1 4 97
2 4 1
1 4 97
2 4 4
1 4 97
2 4 1
1 4 97
2 4 4
1 4 97
2 4 1
1 4 97
2 4 4
1 4 97
2 4 1
1 4 97
2 4 4
1 4 26
2 4 1
2 5 4
1 4 97
2 5 1
1 4 97
2 5 4
1 4 97
2 5 1
1 4 97
2 5 4
1 4 97
2 5 1
1 4 97
2 5 4
1 4 97
2 5 1
1 4 97
2 5 4
1 4 97
2 5 1
1 4 97
2 5 4
1 4 97
2 5 1
1 4 97
2 5 4
1 4 97
2 5 1
1 4 97
2 5 4
1 4 97
2 5 1
1 4 97
2 5 4
1 4 97
2 5 1
1 4 97
2 5 4
1 4 97
2 5 1
1 4 97
2 5 4
1 4 97
2 5 1
1 4 97
2 5 4
1 4 97
2 5 1
1 4 97
2 5 4
1 4 97
2 5 1
1 4 97
2 5 4
1 4 26
2 5 1
2 6 4
1 4 97
2 6 1
1 4 97
2 6 4
1 4 97
2 6 1
1 4 97
2 6 4
1 4 97
2 6 1
1 4 97
2 6 4
1 4 97
2 6 1
1 4 97
2 6 4
1 4 97
2 6 1
1 4 97
2 6 4
1 4 97
2 6 1
1 4 97
2 6 4
1 4 97
2 6 1
1 4 97
2 6 4
1 4 97
2 6 1
1 4 97
2 6 4
1 4 97
2 6 1
1 4 97
2 6 4
1 4 97
2 6 1
1 4 97
2 6 4
1 4 97
2 6 1
1 4 97
2 6 4
1 4 97
2 6 1
1 4 97
2 6 4
1 4 97
2 6 1
1 4 97
2 6 4
1 4 97
2 6 1
1 4 97
2 6 4
1 4 97
2 6 1
1 4 97
2 6 4
1 4 97
2 6 1
1 4 97
2 6 4
1 4 97
2 6 1
1 4 97
2 6 4
1 4 97
2 6 1
1 4 97
2 6 4
1 4 97
2 6 1
1 4 97
2 6 4
1 4 97
2 6 1
1 4 97
2 6 4
1 4 97
2 6 1
1 4 97
2 6 4
1 4 42
2 6 1
2 8 4
1 4 97
2 8 1
1 4 97
2 8 4
1 4 97
2 8 1
1 4 97
2 8 4
1 4 97
2 8 1
1 4 97
2 8 4
1 4 97
2 8 1
1 4 97
2 8 4
1 4 97
2 8 1
1 4 97
2 8 4
1 4 97
2 8 1
1 4 97
2 8 4
1 4 97
2 8 1
1 4 97
2 8 4
1 4 97
2 8 1
1 4 97
2 8 4
1 4 97
2 8 1
1 4 97
2 8 4
1 4 97
2 8 1
1 4 97
2 8 4
1 4 97
2 8 1
1 4 97
2 8 4
1 4 97
2 8 1
1 4 97
2 8 4
1 4 97
2 8 1
1 4 97
2 8 4
1 4 97
2 8 1
1 4 97
2 8 4
1 4 97
2 8 1
1 4 97
2 8 4
1 4 97
2 8 1
1 4 97
2 8 4
1 4 97
2 8 1
1 4 97
2 8 4
1 4 97
2 8 1
1 4 97
2 8 4
1 4 36
2 8 1
2 7 4
1 4 96
2 7 1
1 4 1
2 7 4
1 4 1
2 7 1
2 8 4
1 4 97
2 8 1
1 4 97
2 8 4
1 4 97
2 8 1
1 4 97
2 8 4
1 4 97
2 8 1
1 4 97
2 8 4
1 4 97
2 8 1
1 4 97
2 8 4
1 4 97
2 8 1
1 4 97
2 8 4
1 4 97
2 8 1
1 4 97
2 8 4
1 4 97
2 8 1
1 4 97
2 8 4
1 4 97
2 8 1
1 4 97
2 8 4
1 4 97
2 8 1
1 4 97
2 8 4
1 4 97
2 8 1
1 4 97
2 8 4
1 4 97
2 8 1
1 4 97
2 8 4
1 4 97
2 8 1
1 4 97
2 8 4
1 4 97
2 8 1
1 4 97
2 8 4
1 4 97
2 8 1
1 4 97
2 8 4
1 4 97
2 8 1
1 4 97
2 8 4
1 4 97
2 8 1
1 4 97
2 8 4
1 4 97
2 8 1
1 4 97
2 8 4
1 4 97
2 8 1
1 4 97
2 8 4
1 4 97
2 8 1
1 4 97
2 8 4
1 4 97
2 8 1
1 4 97
2 8 4
1 4 97
2 8 1
1 4 97
2 8 4
1 4 97
2 8 1
1 4 97
2 8 4
1 4 97
2 8 1
1 4 97
2 8 4
1 4 97
2 8 1
1 4 97
2 8 4
1 4 48
2 8 1
2 9 4
1 4 97
2 9 1
1 4 97
2 9 4
1 4 2
2 9 1
2 11 4
1 4 97
2 11 1
1 4 97
2 11 4
1 4 97
2 11 1
1 4 97
2 11 4
1 4 97
2 11 1
1 4 97
2 11 4
1 4 97
2 11 1
1 4 97
2 11 4
1 4 97
2 11 1
1 4 97
2 11 4
1 4 10
2 11 1
2 10 4
1 4 96
2 10 1
1 4 1
2 10 4
1 4 1
2 10 1
2 12 4
1 4 97
2 12 1
1 4 97
2 12 4
1 4 97
2 12 1
1 4 97
2 12 4
1 4 97
2 12 1
1 4 97
2 12 4
1 4 97
2 12 1
1 4 97
2 12 4
1 4 97
2 12 1
1 4 97
2 12 4
1 4 97
2 12 1
1 4 97
2 12 4
1 4 97
2 12 1
1 4 97
2 12 4
1 4 97
2 12 1
1 4 97
2 12 4
1 4 97
2 12 1
1 4 97
2 12 4
1 4 97
2 12 1
1 4 97
2 12 4
1 4 97
2 12 1
1 4 97
2 12 4
1 4 97
2 12 1
1 4 97
2 12 4
1 4 97
2 12 1
1 4 97
2 12 4
1 4 97
2 12 1
1 4 97
2 12 4
1 4 97
2 12 1
1 4 97
2 12 4
1 4 97
2 12 1
1 4 97
2 12 4
1 4 97
2 12 1
1 4 97
2 12 4
1 4 97
2 12 1
1 4 97
2 12 4
1 4 97
2 12 1
1 4 97
2 12 4
1 4 97
2 12 1
1 4 97
2 12 4
1 4 97
2 12 1
1 4 97
2 12 4
1 4 97
2 12 1
1 4 97
2 12 4
1 4 44
2 12 1
2 11 4
1 4 96
2 11 1
1 4 1
2 11 4
1 4 1
2 11 1
2 13 4
1 4 97
2 13 1
1 4 97
2 13 4
1 4 97
2 13 1
1 4 97
2 13 4
1 4 97
2 13 1
1 4 97
2 13 4
1 4 97
2 13 1
1 4 97
2 13 4
1 4 97
2 13 1
1 4 97
2 13 4
1 4 97
2 13 1
1 4 97
2 13 4
1 4 97
2 13 1
1 4 97
2 13 4
1 4 97
2 13 1
1 4 97
2 13 4
1 4 97
2 13 1
1 4 97
2 13 4
1 4 97
2 13 1
1 4 97
2 13 4
1 4 97
2 13 1
1 4 97
2 13 4
1 4 97
2 13 1
1 4 97
2 13 4
1 4 97
2 13 1
1 4 97
2 13 4
1 4 97
2 13 1
1 4 97
2 13 4
1 4 97
2 13 1
1 4 97
2 13 4
1 4 97
2 13 1
1 4 97
2 13 4
1 4 97
2 13 1
1 4 97
2 13 4
1 4 97
2 13 1
1 4 97
2 13 4
1 4 97
2 13 1
1 4 97
2 13 4
1 4 97
2 13 1
1 4 97
2 13 4
1 4 97
2 13 1
1 4 97
2 13 4
1 4 97
2 13 1
1 4 97
2 13 4
1 4 97
2 13 1
1 4 97
2 13 4
1 4 97
2 13 1
1 4 97
2 13 4
1 4 97
2 13 1
1 4 97
2 13 4
1 4 97
2 13 1
1 4 97
2 13 4
1 4 97
2 13 1
1 4 97
2 13 4
1 4 97
2 13 1
1 4 97
2 13 4
1 4 97
2 13 1
1 4 97
2 13 4
1 4 97
2 13 1
1 4 97
2 13 4
1 4 97
2 13 1
1 4 97
2 13 4
1 4 97
2 13 1
1 4 97
2 13 4
1 4 97
2 13 1
1 4 97
2 13 4
1 4 97
2 13 1
1 4 97
2 13 4
1 4 97
2 13 1
1 4 97
2 13 4
1 4 97
2 13 1
1 4 97
2 13 4
1 4 97
2 13 1
1 4 97
2 13 4
1 4 97
2 13 1
1 4 97
2 13 4
1 4 97
2 13 1
1 4 97
2 13 4
1 4 97
2 13 1
1 4 97
2 13 4
1 4 80
2 13 1
2 12 4
1 4 96
2 12 1
1 4 1
2 12 4
1 4 1
2 12 1
2 15 4
1 4 97
2 15 1
1 4 97
2 15 4
1 4 97
2 15 1
1 4 97
2 15 4
1 4 97
2 15 1
1 4 97
2 15 4
1 4 97
2 15 1
1 4 97
2 15 4
1 4 97
2 15 1
1 4 97
2 15 4
1 4 97
2 15 1
1 4 97
2 15 4
1 4 97
2 15 1
1 4 97
2 15 4
1 4 97
2 15 1
1 4 97
2 15 4
1 4 97
2 15 1
1 4 97
2 15 4
1 4 97
2 15 1
1 4 97
2 15 4
1 4 97
2 15 1
1 4 97
2 15 4
1 4 97
2 15 1
1 4 97
2 15 4
1 4 97
2 15 1
1 4 97
2 15 4
1 4 97
2 15 1
1 4 97
2 15 4
1 4 97
2 15 1
1 4 97
2 15 4
1 4 97
2 15 1
1 4 97
2 15 4
1 4 97
2 15 1
1 4 97
2 15 4
1 4 97
2 15 1
1 4 97
2 15 4
1 4 36
2 15 1
2 14 4
1 4 96
2 14 1
1 4 1
2 14 4
1 4 1
2 14 1
2 16 4
1 4 97
2 16 1
1 4 97
2 16 4
1 4 2
2 16 1
2 15 4
1 4 96
2 15 1
1 4 1
2 15 4
1 4 1
2 15 1
2 17 4
1 4 97
2 17 1
1 4 97
2 17 4
1 4 97
2 17 1
1 4 97
2 17 4
1 4 97
2 17 1
1 4 97
2 17 4
1 4 97
2 17 1
1 4 97
2 17 4
1 4 97
2 17 1
1 4 97
2 17 4
1 4 97
2 17 1
1 4 97
2 17 4
1 4 97
2 17 1
1 4 97
2 17 4
1 4 97
2 17 1
1 4 97
2 17 4
1 4 97
2 17 1
1 4 97
2 17 4
1 4 97
2 17 1
1 4 97
2 17 4
1 4 97
2 17 1
1 4 97
2 17 4
1 4 97
2 17 1
1 4 97
2 17 4
1 4 97
2 17 1
1 4 97
2 17 4
1 4 97
2 17 1
1 4 97
2 17 4
1 4 97
2 17 1
1 4 97
2 17 4
1 4 97
2 17 1
1 4 97
2 17 4
1 4 97
2 17 1
1 4 97
2 17 4
1 4 97
2 17 1
1 4 97
2 17 4
1 4 36
2 17 1
2 16 4
1 4 96
2 16 1
1 4 1
2 16 4
1 4 1
2 16 1
2 17 4
1 4 97
2 17 1
1 4 97
2 17 4
1 4 97
2 17 1
1 4 97
2 17 4
1 4 97
2 17 1
1 4 97
2 17 4
1 4 97
2 17 1
1 4 97
2 17 4
1 4 97
2 17 1
1 4 97
2 17 4
1 4 97
2 17 1
1 4 97
2 17 4
1 4 97
2 17 1
1 4 97
2 17 4
1 4 97
2 17 1
1 4 97
2 17 4
1 4 97
2 17 1
1 4 97
2 17 4
1 4 97
2 17 1
1 4 97
2 17 4
1 4 97
2 17 1
1 4 97
2 17 4
1 4 97
2 17 1
1 4 97
2 17 4
1 4 97
2 17 1
1 4 97
2 17 4
1 4 97
2 17 1
1 4 97
2 17 4
1 4 97
2 17 1
1 4 97
2 17 4
1 4 97
2 17 1
1 4 97
2 17 4
1 4 97
2 17 1
1 4 97
2 17 4
1 4 97
2 17 1
1 4 97
2 17 4
1 4 97
2 17 1
1 4 97
2 17 4
1 4 97
2 17 1
1 4 97
2 17 4
1 4 97
2 17 1
1 4 97
2 17 4
1 4 97
2 17 1
1 4 97
2 17 4
1 4 44
2 17 1
2 19 4
1 4 97
2 19 1
1 4 97
2 19 4
1 4 97
2 19 1
1 4 97
2 19 4
1 4 97
2 19 1
1 4 97
2 19 4
1 4 97
2 19 1
1 4 97
2 19 4
1 4 97
2 19 1
1 4 97
2 19 4
1 4 97
2 19 1
1 4 97
2 19 4
1 4 97
2 19 1
1 4 97
2 19 4
1 4 97
2 19 1
1 4 97
2 19 4
1 4 97
2 19 1
1 4 97
2 19 4
1 4 97
2 19 1
1 4 97
2 19 4
1 4 97
2 19 1
1 4 97
2 19 4
1 4 97
2 19 1
1 4 97
2 19 4
1 4 24
2 19 1
2 18 4
1 4 96
2 18 1
1 4 1
2 18 4
1 4 1
2 18 1
2 19 4
1 4 97
2 19 1
1 4 97
2 19 4
1 4 97
2 19 1
1 4 97
2 19 4
1 4 97
2 19 1
1 4 97
2 19 4
1 4 97
2 19 1
1 4 97
2 19 4
1 4 97
2 19 1
1 4 97
2 19 4
1 4 97
2 19 1
1 4 97
2 19 4
1 4 97
2 19 1
1 4 97
2 19 4
1 4 97
2 19 1
1 4 97
2 19 4
1 4 97
2 19 1
1 4 97
2 19 4
1 4 97
2 19 1
1 4 97
2 19 4
1 4 97
2 19 1
1 4 97
2 19 4
1 4 97
2 19 1
1 4 97
2 19 4
1 4 97
2 19 1
1 4 97
2 19 4
1 4 97
2 19 1
1 4 97
2 19 4
1 4 97
2 19 1
1 4 97
2 19 4
1 4 97
2 19 1
1 4 97
2 19 4
1 4 97
2 19 1
1 4 97
2 19 4
1 4 97
2 19 1
1 4 97
2 19 4
1 4 97
2 19 1
1 4 97
2 19 4
1 4 97
2 19 1
1 4 97
2 19 4
1 4 97
2 19 1
1 4 97
2 19 4
1 4 97
2 19 1
1 4 97
2 19 4
1 4 97
2 19 1
1 4 97
2 19 4
1 4 97
2 19 1
1 4 97
2 19 4
1 4 97
2 19 1
1 4 97
2 19 4
1 4 97
2 19 1
1 4 97
2 19 4
1 4 97
2 19 1
1 4 97
2 19 4
1 4 54
2 19 1
2 20 4
1 4 97
2 20 1
1 4 97
2 20 4
1 4 97
2 20 1
1 4 97
2 20 4
1 4 4
2 20 1
2 22 4
1 4 97
2 22 1
1 4 97
2 22 4
1 4 97
2 22 1
1 4 97
2 22 4
1 4 97
2 22 1
1 4 97
2 22 4
1 4 97
2 22 1
1 4 97
2 22 4
1 4 97
2 22 1
1 4 97
2 22 4
1 4 97
2 22 1
1 4 97
2 22 4
1 4 97
2 22 1
1 4 97
2 22 4
1 4 97
2 22 1
1 4 97
2 22 4
1 4 97
2 22 1
1 4 97
2 22 4
1 4 97
2 22 1
1 4 97
2 22 4
1 4 97
2 22 1
1 4 97
2 22 4
1 4 22
2 22 1
2 21 4
1 4 96
2 21 1
1 4 1
2 21 4
1 4 1
2 21 1
2 23 4
1 4 97
2 23 1
1 4 97
2 23 4
1 4 97
2 23 1
1 4 97
2 23 4
1 4 97
2 23 1
1 4 97
2 23 4
1 4 97
2 23 1
1 4 97
2 23 4
1 4 97
2 23 1
1 4 97
2 23 4
1 4 97
2 23 1
1 4 97
2 23 4
1 4 97
2 23 1
1 4 97
2 23 4
1 4 97
2 23 1
1 4 97
2 23 4
1 4 97
2 23 1
1 4 97
2 23 4
1 4 97
2 23 1
1 4 97
2 23 4
1 4 97
2 23 1
1 4 97
2 23 4
1 4 97
2 23 1
1 4 97
2 23 4
1 4 97
2 23 1
1 4 97
2 23 4
1 4 97
2 23 1
1 4 97
2 23 4
1 4 97
2 23 1
1 4 97
2 23 4
1 4 97
2 23 1
1 4 97
2 23 4
1 4 97
2 23 1
1 4 97
2 23 4
1 4 97
2 23 1
1 4 97
2 23 4
1 4 97
2 23 1
1 4 97
2 23 4
1 4 97
2 23 1
1 4 97
2 23 4
1 4 97
2 23 1
1 4 97
2 23 4
1 4 97
2 23 1
1 4 97
2 23 4
1 4 97
2 23 1
1 4 97
2 23 4
1 4 97
2 23 1
1 4 97
2 23 4
1 4 97
2 23 1
1 4 97
2 23 4
1 4 97
2 23 1
1 4 97
2 23 4
1 4 97
2 23 1
1 4 97
2 23 4
1 4 97
2 23 1
1 4 97
2 23 4
1 4 97
2 23 1
1 4 97
2 23 4
1 4 97
2 23 1
1 4 97
2 23 4
1 4 60
2 23 1
2 22 4
1 4 96
2 22 1
1 4 1
2 22 4
1 4 1
2 22 1
2 23 4
1 4 97
2 23 1
1 4 97
2 23 4
1 4 97
2 23 1
1 4 97
2 23 4
1 4 97
2 23 1
1 4 97
2 23 4
1 4 97
2 23 1
1 4 97
2 23 4
1 4 97
2 23 1
1 4 97
2 23 4
1 4 97
2 23 1
1 4 97
2 23 4
1 4 97
2 23 1
1 4 97
2 23 4
1 4 97
2 23 1
1 4 97
2 23 4
1 4 97
2 23 1
1 4 97
2 23 4
1 4 97
2 23 1
1 4 97
2 23 4
1 4 97
2 23 1
1 4 97
2 23 4
1 4 97
2 23 1
1 4 97
2 23 4
1 4 97
2 23 1
1 4 97
2 23 4
1 4 26
2 23 1
2 24 4
1 4 97
2 24 1
1 4 97
2 24 4
1 4 97
2 24 1
1 4 97
2 24 4
1 4 97
2 24 1
1 4 97
2 24 4
1 4 97
2 24 1
1 4 97
2 24 4
1 4 97
2 24 1
1 4 97
2 24 4
1 4 97
2 24 1
1 4 97
2 24 4
1 4 97
2 24 1
1 4 97
2 24 4
1 4 97
2 24 1
1 4 97
2 24 4
1 4 97
2 24 1
1 4 97
2 24 4
1 4 97
2 24 1
1 4 97
2 24 4
1 4 97
2 24 1
1 4 97
2 24 4
1 4 97
2 24 1
1 4 97
2 24 4
1 4 97
2 24 1
1 4 97
2 24 4
1 4 97
2 24 1
1 4 97
2 24 4
1 4 97
2 24 1
1 4 97
2 24 4
1 4 97
2 24 1
1 4 97
2 24 4
1 4 97
2 24 1
1 4 97
2 24 4
1 4 97
2 24 1
1 4 97
2 24 4
1 4 97
2 24 1
1 4 97
2 24 4
1 4 97
2 24 1
1 4 97
2 24 4
1 4 97
2 24 1
1 4 97
2 24 4
1 4 97
2 24 1
1 4 97
2 24 4
1 4 97
2 24 1
1 4 97
2 24 4
1 4 97
2 24 1
1 4 97
2 24 4
1 4 97
2 24 1
1 4 97
2 24 4
1 4 97
2 24 1
1 4 97
2 24 4
1 4 97
2 24 1
1 4 97
2 24 4
1 4 97
2 24 1
1 4 97
2 24 4
1 4 97
2 24 1
1 4 97
2 24 4
1 4 97
2 24 1
1 4 97
2 24 4
1 4 97
2 24 1
1 4 97
2 24 4
1 4 97
2 24 1
1 4 97
2 24 4
1 4 64
2 24 1
2 25 4
1 4 97
2 25 1
1 4 97
2 25 4
1 4 97
2 25 1
1 4 97
2 25 4
1 4 97
2 25 1
1 4 97
2 25 4
1 4 97
2 25 1
1 4 97
2 25 4
1 4 97
2 25 1
1 4 97
2 25 4
1 4 97
2 25 1
1 4 97
2 25 4
1 4 97
2 25 1
1 4 97
2 25 4
1 4 97
2 25 1
1 4 97
2 25 4
1 4 97
2 25 1
1 4 97
2 25 4
1 4 97
2 25 1
1 4 97
2 25 4
1 4 97
2 25 1
1 4 97
2 25 4
1 4 97
2 25 1
1 4 97
2 25 4
1 4 97
2 25 1
1 4 97
2 25 4
1 4 97
2 25 1
1 4 97
2 25 4
1 4 97
2 25 1
1 4 97
2 25 4
1 4 97
2 25 1
1 4 97
2 25 4
1 4 97
2 25 1
1 4 97
2 25 4
1 4 97
2 25 1
1 4 97
2 25 4
1 4 97
2 25 1
1 4 97
2 25 4
1 4 38
2 25 1
2 26 4
1 4 97
2 26 1
1 4 97
2 26 4
1 4 97
2 26 1
1 4 97
2 26 4
1 4 97
2 26 1
1 4 97
2 26 4
1 4 97
2 26 1
1 4 97
2 26 4
1 4 97
2 26 1
1 4 97
2 26 4
1 4 97
2 26 1
1 4 97
2 26 4
1 4 97
2 26 1
1 4 97
2 26 4
1 4 97
2 26 1
1 4 97
2 26 4
1 4 97
2 26 1
1 4 97
2 26 4
1 4 97
2 26 1
1 4 97
2 26 4
1 4 97
2 26 1
1 4 97
2 26 4
1 4 97
2 26 1
1 4 97
2 26 4
1 4 97
2 26 1
1 4 97
2 26 4
1 4 97
2 26 1
1 4 97
2 26 4
1 4 97
2 26 1
1 4 97
2 26 4
1 4 97
2 26 1
1 4 97
2 26 4
1 4 97
2 26 1
1 4 97
2 26 4
1 4 97
2 26 1
1 4 97
2 26 4
1 4 97
2 26 1
1 4 97
2 26 4
1 4 97
2 26 1
1 4 97
2 26 4
1 4 97
2 26 1
1 4 97
2 26 4
1 4 97
2 26 1
1 4 97
2 26 4
1 4 97
2 26 1
1 4 97
2 26 4
1 4 97
2 26 1
1 4 97
2 26 4
1 4 97
2 26 1
1 4 97
2 26 4
1 4 97
2 26 1
1 4 97
2 26 4
1 4 97
2 26 1
1 4 97
2 26 4
1 4 97
2 26 1
1 4 97
2 26 4
1 4 97
2 26 1
1 4 97
2 26 4
1 4 97
2 26 1
1 4 97
2 26 4
1 4 97
2 26 1
1 4 97
2 26 4
1 4 97
2 26 1
1 4 97
2 26 4
1 4 97
2 26 1
1 4 97
2 26 4
1 4 97
2 26 1
1 4 97
2 26 4
1 4 68
2 26 1
2 28 4
1 4 97
2 28 1
1 4 97
2 28 4
1 4 97
2 28 1
1 4 97
2 28 4
1 4 97
2 28 1
1 4 97
2 28 4
1 4 97
2 28 1
1 4 97
2 28 4
1 4 97
2 28 1
1 4 97
2 28 4
1 4 97
2 28 1
1 4 97
2 28 4
1 4 97
2 28 1
1 4 97
2 28 4
1 4 97
2 28 1
1 4 97
2 28 4
1 4 97
2 28 1
1 4 97
2 28 4
1 4 97
2 28 1
1 4 97
2 28 4
1 4 97
2 28 1
1 4 97
2 28 4
1 4 97
2 28 1
1 4 97
2 28 4
1 4 97
2 28 1
1 4 97
2 28 4
1 4 97
2 28 1
1 4 97
2 28 4
1 4 97
2 28 1
1 4 97
2 28 4
1 4 97
2 28 1
1 4 97
2 28 4
1 4 97
2 28 1
1 4 97
2 28 4
1 4 97
2 28 1
1 4 97
2 28 4
1 4 97
2 28 1
1 4 97
2 28 4
1 4 97
2 28 1
1 4 97
2 28 4
1 4 97
2 28 1
1 4 97
2 28 4
1 4 97
2 28 1
1 4 97
2 28 4
1 4 97
2 28 1
1 4 97
2 28 4
1 4 46
2 28 1
2 27 4
1 4 96
2 27 1
1 4 1
2 27 4
1 4 1
2 27 1
2 28 4
1 4 97
2 28 1
1 4 97
2 28 4
1 4 97
2 28 1
1 4 97
2 28 4
1 4 97
2 28 1
1 4 97
2 28 4
1 4 97
2 28 1
1 4 97
2 28 4
1 4 97
2 28 1
1 4 97
2 28 4
1 4 97
2 28 1
1 4 97
2 28 4
1 4 97
2 28 1
1 4 97
2 28 4
1 4 14
2 28 1
2 30 4
1 4 97
2 30 1
1 4 97
2 30 4
1 4 97
2 30 1
1 4 97
2 30 4
1 4 97
2 30 1
1 4 97
2 30 4
1 4 97
2 30 1
1 4 97
2 30 4
1 4 97
2 30 1
1 4 97
2 30 4
1 4 97
2 30 1
1 4 97
2 30 4
1 4 97
2 30 1
1 4 97
2 30 4
1 4 14
2 30 1
2 29 4
1 4 96
2 29 1
1 4 1
2 29 4
1 4 1
2 29 1
2 30 4
1 4 97
2 30 1
1 4 97
2 30 4
1 4 97
2 30 1
1 4 97
2 30 4
1 4 97
2 30 1
1 4 97
2 30 4
1 4 97
2 30 1
1 4 97
2 30 4
1 4 97
2 30 1
1 4 97
2 30 4
1 4 97
2 30 1
1 4 97
2 30 4
1 4 97
2 30 1
1 4 97
2 30 4
1 4 97
2 30 1
1 4 97
2 30 4
1 4 97
2 30 1
1 4 97
2 30 4
1 4 97
2 30 1
1 4 97
2 30 4
1 4 97
2 30 1
1 4 97
2 30 4
1 4 97
2 30 1
1 4 97
2 30 4
1 4 97
2 30 1
1 4 97
2 30 4
1 4 97
2 30 1
1 4 97
2 30 4
1 4 97
2 30 1
1 4 97
2 30 4
1 4 97
2 30 1
1 4 97
2 30 4
1 4 97
2 30 1
1 4 97
2 30 4
1 4 97
2 30 1
1 4 97
2 30 4
1 4 97
2 30 1
1 4 97
2 30 4
1 4 97
2 30 1
1 4 97
2 30 4
1 4 40
2 30 1
2 31 4
1 4 97
2 31 1
1 4 97
2 31 4
1 4 97
2 31 1
1 4 97
2 31 4
1 4 97
2 31 1
1 4 97
2 31 4
1 4 97
2 31 1
1 4 97
2 31 4
1 4 97
2 31 1
1 4 97
2 31 4
1 4 97
2 31 1
1 4 97
2 31 4
1 4 97
2 31 1
1 4 97
2 31 4
1 4 97
2 31 1
1 4 97
2 31 4
1 4 97
2 31 1
1 4 97
2 31 4
1 4 97
2 31 1
1 4 97
2 31 4
1 4 97
2 31 1
1 4 97
2 31 4
1 4 97
2 31 1
1 4 97
2 31 4
1 4 97
2 31 1
1 4 97
2 31 4
1 4 97
2 31 1
1 4 97
2 31 4
1 4 97
2 31 1
1 4 97
2 31 4
1 4 97
2 31 1
1 4 97
2 31 4
1 4 97
2 31 1
1 4 97
2 31 4
1 4 97
2 31 1
1 4 97
2 31 4
1 4 36
2 31 1
2 33 4
1 4 97
2 33 1
1 4 97
2 33 4
1 4 97
2 33 1
1 4 97
2 33 4
1 4 97
2 33 1
1 4 97
2 33 4
1 4 97
2 33 1
1 4 97
2 33 4
1 4 97
2 33 1
1 4 97
2 33 4
1 4 10
2 33 1
2 32 4
1 4 96
2 32 1
1 4 1
2 32 4
1 4 1
2 32 1
2 35 4
1 4 97
2 35 1
1 4 97
2 35 4
1 4 97
2 35 1
1 4 97
2 35 4
1 4 97
2 35 1
1 4 97
2 35 4
1 4 97
2 35 1
1 4 97
2 35 4
1 4 97
2 35 1
1 4 97
2 35 4
1 4 97
2 35 1
1 4 97
2 35 4
1 4 97
2 35 1
1 4 97
2 35 4
1 4 97
2 35 1
1 4 97
2 35 4
1 4 97
2 35 1
1 4 97
2 35 4
1 4 97
2 35 1
1 4 97
2 35 4
1 4 97
2 35 1
1 4 97
2 35 4
1 4 97
2 35 1
1 4 97
2 35 4
1 4 97
2 35 1
1 4 97
2 35 4
1 4 97
2 35 1
1 4 97
2 35 4
1 4 97
2 35 1
1 4 97
2 35 4
1 4 97
2 35 1
1 4 97
2 35 4
1 4 97
2 35 1
1 4 97
2 35 4
1 4 97
2 35 1
1 4 97
2 35 4
1 4 97
2 35 1
1 4 97
2 35 4
1 4 97
2 35 1
1 4 97
2 35 4
1 4 97
2 35 1
1 4 97
2 35 4
1 4 97
2 35 1
1 4 97
2 35 4
1 4 97
2 35 1
1 4 97
2 35 4
1 4 97
2 35 1
1 4 97
2 35 4
1 4 97
2 35 1
1 4 97
2 35 4
1 4 97
2 35 1
1 4 97
2 35 4
1 4 97
2 35 1
1 4 97
2 35 4
1 4 54
2 35 1
2 34 4
1 4 96
2 34 1
1 4 1
2 34 4
1 4 1
2 34 1
2 36 4
1 4 97
2 36 1
1 4 97
2 36 4
1 4 97
2 36 1
1 4 97
2 36 4
1 4 97
2 36 1
1 4 97
2 36 4
1 4 97
2 36 1
1 4 97
2 36 4
1 4 97
2 36 1
1 4 97
2 36 4
1 4 97
2 36 1
1 4 97
2 36 4
1 4 97
2 36 1
1 4 97
2 36 4
1 4 97
2 36 1
1 4 97
2 36 4
1 4 97
2 36 1
1 4 97
2 36 4
1 4 97
2 36 1
1 4 97
2 36 4
1 4 97
2 36 1
1 4 97
2 36 4
1 4 97
2 36 1
1 4 97
2 36 4
1 4 97
2 36 1
1 4 97
2 36 4
1 4 97
2 36 1
1 4 97
2 36 4
1 4 97
2 36 1
1 4 97
2 36 4
1 4 97
2 36 1
1 4 97
2 36 4
1 4 97
2 36 1
1 4 97
2 36 4
1 4 97
2 36 1
1 4 97
2 36 4
1 4 36
2 36 1
2 37 4
1 4 97
2 37 1
1 4 97
2 37 4
1 4 97
2 37 1
1 4 97
2 37 4
1 4 97
2 37 1
1 4 97
2 37 4
1 4 97
2 37 1
1 4 97
2 37 4
1 4 8
2 37 1
2 39 4
1 4 97
2 39 1
1 4 97
2 39 4
1 4 97
2 39 1
1 4 97
2 39 4
1 4 97
2 39 1
1 4 97
2 39 4
1 4 97
2 39 1
1 4 97
2 39 4
1 4 97
2 39 1
1 4 97
2 39 4
1 4 97
2 39 1
1 4 97
2 39 4
1 4 97
2 39 1
1 4 97
2 39 4
1 4 97
2 39 1
1 4 97
2 39 4
1 4 97
2 39 1
1 4 97
2 39 4
1 4 18
2 39 1
2 38 4
1 4 96
2 38 1
1 4 1
2 38 4
1 4 1
2 38 1
2 39 4
1 4 97
2 39 1
1 4 97
2 39 4
1 4 97
2 39 1
1 4 97
2 39 4
1 4 97
2 39 1
1 4 97
2 39 4
1 4 97
2 39 1
1 4 97
2 39 4
1 4 97
2 39 1
1 4 97
2 39 4
1 4 97
2 39 1
1 4 97
2 39 4
1 4 97
2 39 1
1 4 97
2 39 4
1 4 97
2 39 1
1 4 97
2 39 4
1 4 97
2 39 1
1 4 97
2 39 4
1 4 97
2 39 1
1 4 97
2 39 4
1 4 97
2 39 1
1 4 97
2 39 4
1 4 97
2 39 1
1 4 97
2 39 4
1 4 97
2 39 1
1 4 97
2 39 4
1 4 97
2 39 1
1 4 97
2 39 4
1 4 97
2 39 1
1 4 97
2 39 4
1 4 97
2 39 1
1 4 97
2 39 4
1 4 97
2 39 1
1 4 97
2 39 4
1 4 97
2 39 1
1 4 97
2 39 4
1 4 36
2 39 1
2 40 4
1 4 97
2 40 1
1 4 97
2 40 4
1 4 97
2 40 1
1 4 97
2 40 4
1 4 97
2 40 1
1 4 97
2 40 4
1 4 97
2 40 1
1 4 97
2 40 4
1 4 97
2 40 1
1 4 97
2 40 4
1 4 97
2 40 1
1 4 97
2 40 4
1 4 97
2 40 1
1 4 97
2 40 4
1 4 97
2 40 1
1 4 97
2 40 4
1 4 97
2 40 1
1 4 97
2 40 4
1 4 97
2 40 1
1 4 97
2 40 4
1 4 97
2 40 1
1 4 97
2 40 4
1 4 97
2 40 1
1 4 97
2 40 4
1 4 97
2 40 1
1 4 97
2 40 4
1 4 97
2 40 1
1 4 97
2 40 4
1 4 97
2 40 1
1 4 97
2 40 4
1 4 97
2 40 1
1 4 97
2 40 4
1 4 97
2 40 1
1 4 97
2 40 4
1 4 97
2 40 1
1 4 97
2 40 4
1 4 97
2 40 1
1 4 97
2 40 4
1 4 97
2 40 1
1 4 97
2 40 4
1 4 97
2 40 1
1 4 97
2 40 4
1 4 97
2 40 1
1 4 97
2 40 4
1 4 97
2 40 1
1 4 97
2 40 4
1 4 97
2 40 1
1 4 97
2 40 4
1 4 97
2 40 1
1 4 97
2 40 4
1 4 97
2 40 1
1 4 97
2 40 4
1 4 97
2 40 1
1 4 97
2 40 4
1 4 54
2 40 1
2 41 4
1 4 97
2 41 1
1 4 97
2 41 4
1 4 97
2 41 1
1 4 97
2 41 4
1 4 97
2 41 1
1 4 97
2 41 4
1 4 97
2 41 1
1 4 97
2 41 4
1 4 97
2 41 1
1 4 97
2 41 4
1 4 97
2 41 1
1 4 97
2 41 4
1 4 97
2 41 1
1 4 97
2 41 4
1 4 97
2 41 1
1 4 97
2 41 4
1 4 97
2 41 1
1 4 97
2 41 4
1 4 97
2 41 1
1 4 97
2 41 4
1 4 97
2 41 1
1 4 97
2 41 4
1 4 97
2 41 1
1 4 97
2 41 4
1 4 97
2 41 1
1 4 97
2 41 4
1 4 97
2 41 1
1 4 97
2 41 4
1 4 97
2 41 1
1 4 97
2 41 4
1 4 97
2 41 1
1 4 97
2 41 4
1 4 97
2 41 1
1 4 97
2 41 4
1 4 97
2 41 1
1 4 97
2 41 4
1 4 97
2 41 1
1 4 97
2 41 4
1 4 97
2 41 1
1 4 97
2 41 4
1 4 97
2 41 1
1 4 97
2 41 4
1 4 97
2 41 1
1 4 97
2 41 4
1 4 97
2 41 1
1 4 97
2 41 4
1 4 97
2 41 1
1 4 97
2 41 4
1 4 48
2 41 1
2 43 4
1 4 97
2 43 1
1 4 97
2 43 4
1 4 97
2 43 1
1 4 97
2 43 4
1 4 97
2 43 1
1 4 97
2 43 4
1 4 97
2 43 1
1 4 97
2 43 4
1 4 8
2 43 1
2 42 4
1 4 96
2 42 1
1 4 1
2 42 4
1 4 1
2 42 1
2 44 4
1 4 97
2 44 1
1 4 97
2 44 4
1 4 97
2 44 1
1 4 97
2 44 4
1 4 97
2 44 1
1 4 97
2 44 4
1 4 6
2 44 1
2 43 4
1 4 96
2 43 1
1 4 1
2 43 4
1 4 1
2 43 1
2 44 4
1 4 97
2 44 1
1 4 97
2 44 4
1 4 97
2 44 1
1 4 97
2 44 4
1 4 97
2 44 1
1 4 97
2 44 4
1 4 97
2 44 1
1 4 97
2 44 4
1 4 97
2 44 1
1 4 97
2 44 4
1 4 97
2 44 1
1 4 97
2 44 4
1 4 97
2 44 1
1 4 97
2 44 4
1 4 97
2 44 1
1 4 97
2 44 4
1 4 97
2 44 1
1 4 97
2 44 4
1 4 97
2 44 1
1 4 97
2 44 4
1 4 97
2 44 1
1 4 97
2 44 4
1 4 97
2 44 1
1 4 97
2 44 4
1 4 97
2 44 1
1 4 97
2 44 4
1 4 97
2 44 1
1 4 97
2 44 4
1 4 97
2 44 1
1 4 97
2 44 4
1 4 97
2 44 1
1 4 97
2 44 4
1 4 97
2 44 1
1 4 97
2 44 4
1 4 97
2 44 1
1 4 97
2 44 4
1 4 97
2 44 1
1 4 97
2 44 4
1 4 97
2 44 1
1 4 97
2 44 4
1 4 97
2 44 1
1 4 97
2 44 4
1 4 97
2 44 1
1 4 97
2 44 4
1 4 97
2 44 1
1 4 97
2 44 4
1 4 97
2 44 1
1 4 97
2 44 4
1 4 97
2 44 1
1 4 97
2 44 4
1 4 50
2 44 1
2 46 4
1 4 97
2 46 1
1 4 97
2 46 4
1 4 97
2 46 1
1 4 97
2 46 4
1 4 97
2 46 1
1 4 97
2 46 4
1 4 97
2 46 1
1 4 97
2 46 4
1 4 97
2 46 1
1 4 97
2 46 4
1 4 97
2 46 1
1 4 97
2 46 4
1 4 97
2 46 1
1 4 97
2 46 4
1 4 97
2 46 1
1 4 97
2 46 4
1 4 97
2 46 1
1 4 97
2 46 4
1 4 97
2 46 1
1 4 97
2 46 4
1 4 97
2 46 1
1 4 97
2 46 4
1 4 97
2 46 1
1 4 97
2 46 4
1 4 97
2 46 1
1 4 97
2 46 4
1 4 97
2 46 1
1 4 97
2 46 4
1 4 97
2 46 1
1 4 97
2 46 4
1 4 97
2 46 1
1 4 97
2 46 4
1 4 97
2 46 1
1 4 97
2 46 4
1 4 97
2 46 1
1 4 97
2 46 4
1 4 97
2 46 1
1 4 97
2 46 4
1 4 97
2 46 1
1 4 97
2 46 4
1 4 97
2 46 1
1 4 97
2 46 4
1 4 97
2 46 1
1 4 97
2 46 4
1 4 97
2 46 1
1 4 97
2 46 4
1 4 97
2 46 1
1 4 97
2 46 4
1 4 97
2 46 1
1 4 97
2 46 4
1 4 50
2 46 1
2 45 4
1 4 96
2 45 1
1 4 1
2 45 4
1 4 1
2 45 1
2 47 4
1 4 97
2 47 1
1 4 97
2 47 4
1 4 97
2 47 1
1 4 97
2 47 4
1 4 97
2 47 1
1 4 97
2 47 4
1 4 97
2 47 1
1 4 97
2 47 4
1 4 97
2 47 1
1 4 97
2 47 4
1 4 97
2 47 1
1 4 97
2 47 4
1 4 97
2 47 1
1 4 97
2 47 4
1 4 97
2 47 1
1 4 97
2 47 4
1 4 97
2 47 1
1 4 97
2 47 4
1 4 97
2 47 1
1 4 97
2 47 4
1 4 97
2 47 1
1 4 97
2 47 4
1 4 97
2 47 1
1 4 97
2 47 4
1 4 97
2 47 1
1 4 97
2 47 4
1 4 97
2 47 1
1 4 97
2 47 4
1 4 97
2 47 1
1 4 97
2 47 4
1 4 97
2 47 1
1 4 97
2 47 4
1 4 97
2 47 1
1 4 97
2 47 4
1 4 97
2 47 1
1 4 97
2 47 4
1 4 36
2 47 1
2 46 4
1 4 96
2 46 1
1 4 1
2 46 4
1 4 1
2 46 1
2 47 4
1 4 97
2 47 1
1 4 97
2 47 4
1 4 97
2 47 1
1 4 97
2 47 4
1 4 97
2 47 1
1 4 97
2 47 4
1 4 97
2 47 1
1 4 97
2 47 4
1 4 97
2 47 1
1 4 97
2 47 4
1 4 97
2 47 1
1 4 97
2 47 4
1 4 97
2 47 1
1 4 97
2 47 4
1 4 97
2 47 1
1 4 97
2 47 4
1 4 97
2 47 1
1 4 97
2 47 4
1 4 97
2 47 1
1 4 97
2 47 4
1 4 20
2 47 1
2 48 4
1 4 97
2 48 1
1 4 97
2 48 4
1 4 97
2 48 1
1 4 97
2 48 4
1 4 97
2 48 1
1 4 97
2 48 4
1 4 97
2 48 1
1 4 97
2 48 4
1 4 97
2 48 1
1 4 97
2 48 4
1 4 97
2 48 1
1 4 97
2 48 4
1 4 97
2 48 1
1 4 97
2 48 4
1 4 97
2 48 1
1 4 97
2 48 4
1 4 97
2 48 1
1 4 97
2 48 4
1 4 97
2 48 1
1 4 97
2 48 4
1 4 97
2 48 1
1 4 97
2 48 4
1 4 97
2 48 1
1 4 97
2 48 4
1 4 97
2 48 1
1 4 97
2 48 4
1 4 97
2 48 1
1 4 97
2 48 4
1 4 97
2 48 1
1 4 97
2 48 4
1 4 97
2 48 1
1 4 97
2 48 4
1 4 97
2 48 1
1 4 97
2 48 4
1 4 97
2 48 1
1 4 97
2 48 4
1 4 97
2 48 1
1 4 97
2 48 4
1 4 97
2 48 1
1 4 97
2 48 4
1 4 97
2 48 1
1 4 97
2 48 4
1 4 42
2 48 1
2 49 4
1 4 97
2 49 1
1 4 97
2 49 4
1 4 97
2 49 1
1 4 97
2 49 4
1 4 97
2 49 1
1 4 97
2 49 4
1 4 97
2 49 1
1 4 97
2 49 4
1 4 97
2 49 1
1 4 97
2 49 4
1 4 97
2 49 1
1 4 97
2 49 4
1 4 97
2 49 1
1 4 97
2 49 4
1 4 97
2 49 1
1 4 97
2 49 4
1 4 97
2 49 1
1 4 97
2 49 4
1 4 97
2 49 1
1 4 97
2 49 4
1 4 97
2 49 1
1 4 97
2 49 4
1 4 97
2 49 1
1 4 97
2 49 4
1 4 97
2 49 1
1 4 97
2 49 4
1 4 97
2 49 1
1 4 97
2 49 4
1 4 97
2 49 1
1 4 97
2 49 4
1 4 97
2 49 1
1 4 97
2 49 4
1 4 97
2 49 1
1 4 97
2 49 4
1 4 97
2 49 1
1 4 97
2 49 4
1 4 97
2 49 1
1 4 97
2 49 4
1 4 38
2 49 1
2 51 4
1 4 97
2 51 1
1 4 97
2 51 4
1 4 97
2 51 1
1 4 97
2 51 4
1 4 97
2 51 1
1 4 97
2 51 4
1 4 97
2 51 1
1 4 97
2 51 4
1 4 97
2 51 1
1 4 97
2 51 4
1 4 97
2 51 1
1 4 97
2 51 4
1 4 97
2 51 1
1 4 97
2 51 4
1 4 97
2 51 1
1 4 97
2 51 4
1 4 97
2 51 1
1 4 97
2 51 4
1 4 97
2 51 1
1 4 97
2 51 4
1 4 97
2 51 1
1 4 97
2 51 4
1 4 97
2 51 1
1 4 97
2 51 4
1 4 97
2 51 1
1 4 97
2 51 4
1 4 97
2 51 1
1 4 97
2 51 4
1 4 97
2 51 1
1 4 97
2 51 4
1 4 97
2 51 1
1 4 97
2 51 4
1 4 97
2 51 1
1 4 97
2 51 4
1 4 97
2 51 1
1 4 97
2 51 4
1 4 97
2 51 1
1 4 97
2 51 4
1 4 97
2 51 1
1 4 97
2 51 4
1 4 40
2 51 1
2 50 4
1 4 96
2 50 1
1 4 1
2 50 4
1 4 1
2 50 1
2 51 4
1 4 97
2 51 1
1 4 97
2 51 4
1 4 97
2 51 1
1 4 97
2 51 4
1 4 4
2 51 1
2 52 4
1 4 97
2 52 1
1 4 97
2 52 4
1 4 97
2 52 1
1 4 97
2 52 4
1 4 97
2 52 1
1 4 97
2 52 4
1 4 97
2 52 1
1 4 97
2 52 4
1 4 97
2 52 1
1 4 97
2 52 4
1 4 97
2 52 1
1 4 97
2 52 4
1 4 97
2 52 1
1 4 97
2 52 4
1 4 97
2 52 1
1 4 97
2 52 4
1 4 97
2 52 1
1 4 97
2 52 4
1 4 97
2 52 1
1 4 97
2 52 4
1 4 97
2 52 1
1 4 97
2 52 4
1 4 97
2 52 1
1 4 97
2 52 4
1 4 97
2 52 1
1 4 97
2 52 4
1 4 97
2 52 1
1 4 97
2 52 4
1 4 97
2 52 1
1 4 97
2 52 4
1 4 97
2 52 1
1 4 97
2 52 4
1 4 97
2 52 1
1 4 97
2 52 4
1 4 34
2 52 1
2 53 4
1 4 97
2 53 1
1 4 97
2 53 4
1 4 97
2 53 1
1 4 97
2 53 4
1 4 97
2 53 1
1 4 97
2 53 4
1 4 97
2 53 1
1 4 97
2 53 4
1 4 97
2 53 1
1 4 97
2 53 4
1 4 97
2 53 1
1 4 97
2 53 4
1 4 97
2 53 1
1 4 97
2 53 4
1 4 97
2 53 1
1 4 97
2 53 4
1 4 97
2 53 1
1 4 97
2 53 4
1 4 97
2 53 1
1 4 97
2 53 4
1 4 97
2 53 1
1 4 97
2 53 4
1 4 97
2 53 1
1 4 97
2 53 4
1 4 97
2 53 1
1 4 97
2 53 4
1 4 97
2 53 1
1 4 97
2 53 4
1 4 97
2 53 1
1 4 97
2 53 4
1 4 97
2 53 1
1 4 97
2 53 4
1 4 32
2 53 1
2 54 4
1 4 97
2 54 1
1 4 97
2 54 4
1 4 97
2 54 1
1 4 97
2 54 4
1 4 97
2 54 1
1 4 97
2 54 4
1 4 97
2 54 1
1 4 97
2 54 4
1 4 97
2 54 1
1 4 97
2 54 4
1 4 97
2 54 1
1 4 97
2 54 4
1 4 97
2 54 1
1 4 97
2 54 4
1 4 97
2 54 1
1 4 97
2 54 4
1 4 97
2 54 1
1 4 97
2 54 4
1 4 97
2 54 1
1 4 97
2 54 4
1 4 97
2 54 1
1 4 97
2 54 4
1 4 97
2 54 1
1 4 97
2 54 4
1 4 97
2 54 1
1 4 97
2 54 4
1 4 97
2 54 1
1 4 97
2 54 4
1 4 28
2 54 1
2 56 4
1 4 97
2 56 1
1 4 97
2 56 4
1 4 97
2 56 1
1 4 97
2 56 4
1 4 97
2 56 1
1 4 97
2 56 4
1 4 97
2 56 1
1 4 97
2 56 4
1 4 97
2 56 1
1 4 97
2 56 4
1 4 97
2 56 1
1 4 97
2 56 4
1 4 97
2 56 1
1 4 97
2 56 4
1 4 97
2 56 1
1 4 97
2 56 4
1 4 97
2 56 1
1 4 97
2 56 4
1 4 97
2 56 1
1 4 97
2 56 4
1 4 97
2 56 1
1 4 97
2 56 4
1 4 97
2 56 1
1 4 97
2 56 4
1 4 97
2 56 1
1 4 97
2 56 4
1 4 97
2 56 1
1 4 97
2 56 4
1 4 97
2 56 1
1 4 97
2 56 4
1 4 97
2 56 1
1 4 97
2 56 4
1 4 32
2 56 1
2 55 4
1 4 96
2 55 1
1 4 1
2 55 4
1 4 1
2 55 1
2 56 4
1 4 97
2 56 1
1 4 97
2 56 4
1 4 97
2 56 1
1 4 97
2 56 4
1 4 97
2 56 1
1 4 97
2 56 4
1 4 97
2 56 1
1 4 97
2 56 4
1 4 97
2 56 1
1 4 97
2 56 4
1 4 97
2 56 1
1 4 97
2 56 4
1 4 97
2 56 1
1 4 97
2 56 4
1 4 97
2 56 1
1 4 97
2 56 4
1 4 97
2 56 1
1 4 97
2 56 4
1 4 97
2 56 1
1 4 97
2 56 4
1 4 97
2 56 1
1 4 97
2 56 4
1 4 97
2 56 1
1 4 97
2 56 4
1 4 97
2 56 1
1 4 97
2 56 4
1 4 97
2 56 1
1 4 97
2 56 4
1 4 97
2 56 1
1 4 97
2 56 4
1 4 30
2 56 1
2 58 4
1 4 97
2 58 1
1 4 97
2 58 4
1 4 97
2 58 1
1 4 97
2 58 4
1 4 97
2 58 1
1 4 97
2 58 4
1 4 6
2 58 1
2 57 4
1 4 96
2 57 1
1 4 1
2 57 4
1 4 1
2 57 1
2 59 4
1 4 97
2 59 1
1 4 97
2 59 4
1 4 97
2 59 1
1 4 97
2 59 4
1 4 97
2 59 1
1 4 97
2 59 4
1 4 97
2 59 1
1 4 97
2 59 4
1 4 97
2 59 1
1 4 97
2 59 4
1 4 97
2 59 1
1 4 97
2 59 4
1 4 12
2 59 1
2 58 4
1 4 96
2 58 1
1 4 1
2 58 4
1 4 1
2 58 1
2 59 4
1 4 97
2 59 1
1 4 97
2 59 4
1 4 97
2 59 1
1 4 97
2 59 4
1 4 97
2 59 1
1 4 97
2 59 4
1 4 6
2 59 1
2 61 4
1 4 97
2 61 1
1 4 97
2 61 4
1 4 97
2 61 1
1 4 97
2 61 4
1 4 97
2 61 1
1 4 97
2 61 4
1 4 97
2 61 1
1 4 97
2 61 4
1 4 97
2 61 1
1 4 97
2 61 4
1 4 10
2 61 1
2 60 4
1 4 96
2 60 1
1 4 1
2 60 4
1 4 1
2 60 1
2 62 4
1 4 97
2 62 1
1 4 97
2 62 4
1 4 2
2 62 1
2 63 4
1 4 97
2 63 1
1 4 97
2 63 4
1 4 2
2 63 1
2 65 4
1 4 97
2 65 1
1 4 97
2 65 4
1 4 97
2 65 1
1 4 97
2 65 4
1 4 97
2 65 1
1 4 97
2 65 4
1 4 97
2 65 1
1 4 97
2 65 4
1 4 97
2 65 1
1 4 97
2 65 4
1 4 97
2 65 1
1 4 97
2 65 4
1 4 97
2 65 1
1 4 97
2 65 4
1 4 97
2 65 1
1 4 97
2 65 4
1 4 97
2 65 1
1 4 97
2 65 4
1 4 97
2 65 1
1 4 97
2 65 4
1 4 97
2 65 1
1 4 97
2 65 4
1 4 97
2 65 1
1 4 97
2 65 4
1 4 97
2 65 1
1 4 97
2 65 4
1 4 97
2 65 1
1 4 97
2 65 4
1 4 97
2 65 1
1 4 97
2 65 4
1 4 97
2 65 1
1 4 97
2 65 4
1 4 32
2 65 1
2 64 4
1 4 96
2 64 1
1 4 1
2 64 4
1 4 1
2 64 1
2 65 4
1 4 97
2 65 1
1 4 97
2 65 4
1 4 97
2 65 1
1 4 97
2 65 4
1 4 97
2 65 1
1 4 97
2 65 4
1 4 97
2 65 1
1 4 97
2 65 4
1 4 97
2 65 1
1 4 97
2 65 4
1 4 97
2 65 1
1 4 97
2 65 4
1 4 97
2 65 1
1 4 97
2 65 4
1 4 97
2 65 1
1 4 97
2 65 4
1 4 97
2 65 1
1 4 97
2 65 4
1 4 97
2 65 1
1 4 97
2 65 4
1 4 97
2 65 1
1 4 97
2 65 4
1 4 97
2 65 1
1 4 97
2 65 4
1 4 24
2 65 1
2 66 4
1 4 97
2 66 1
1 4 97
2 66 4
1 4 97
2 66 1
1 4 97
2 66 4
1 4 97
2 66 1
1 4 97
2 66 4
1 4 97
2 66 1
1 4 97
2 66 4
1 4 97
2 66 1
1 4 97
2 66 4
1 4 97
2 66 1
1 4 97
2 66 4
1 4 97
2 66 1
1 4 97
2 66 4
1 4 97
2 66 1
1 4 97
2 66 4
1 4 16
2 66 1
2 67 4
1 4 97
2 67 1
1 4 97
2 67 4
1 4 97
2 67 1
1 4 97
2 67 4
1 4 97
2 67 1
1 4 97
2 67 4
1 4 97
2 67 1
1 4 97
2 67 4
1 4 97
2 67 1
1 4 97
2 67 4
1 4 97
2 67 1
1 4 97
2 67 4
1 4 97
2 67 1
1 4 97
2 67 4
1 4 97
2 67 1
1 4 97
2 67 4
1 4 97
2 67 1
1 4 97
2 67 4
1 4 97
2 67 1
1 4 97
2 67 4
1 4 20
2 67 1
2 69 4
1 4 97
2 69 1
1 4 97
2 69 4
1 4 97
2 69 1
1 4 97
2 69 4
1 4 97
2 69 1
1 4 97
2 69 4
1 4 97
2 69 1
1 4 97
2 69 4
1 4 97
2 69 1
1 4 97
2 69 4
1 4 97
2 69 1
1 4 97
2 69 4
1 4 97
2 69 1
1 4 97
2 69 4
1 4 14
2 69 1
2 68 4
1 4 96
2 68 1
1 4 1
2 68 4
1 4 1
2 68 1
2 69 4
1 4 97
2 69 1
1 4 97
2 69 4
1 4 97
2 69 1
1 4 97
2 69 4
1 4 97
2 69 1
1 4 97
2 69 4
1 4 97
2 69 1
1 4 97
2 69 4
1 4 8
2 69 1
2 70 4
1 4 97
2 70 1
1 4 97
2 70 4
1 4 97
2 70 1
1 4 97
2 70 4
1 4 97
2 70 1
1 4 97
2 70 4
1 4 97
2 70 1
1 4 97
2 70 4
1 4 97
2 70 1
1 4 97
2 70 4
1 4 97
2 70 1
1 4 97
2 70 4
1 4 97
2 70 1
1 4 97
2 70 4
1 4 97
2 70 1
1 4 97
2 70 4
1 4 97
2 70 1
1 4 97
2 70 4
1 4 97
2 70 1
1 4 97
2 70 4
1 4 97
2 70 1
1 4 97
2 70 4
1 4 97
2 70 1
1 4 97
2 70 4
1 4 97
2 70 1
1 4 97
2 70 4
1 4 26
2 70 1
2 72 4
1 4 97
2 72 1
1 4 97
2 72 4
1 4 97
2 72 1
1 4 97
2 72 4
1 4 97
2 72 1
1 4 97
2 72 4
1 4 97
2 72 1
1 4 97
2 72 4
1 4 97
2 72 1
1 4 97
2 72 4
1 4 97
2 72 1
1 4 97
2 72 4
1 4 97
2 72 1
1 4 97
2 72 4
1 4 14
2 72 1
2 71 4
1 4 96
2 71 1
1 4 1
2 71 4
1 4 1
2 71 1
2 73 4
1 4 97
2 73 1
1 4 97
2 73 4
1 4 97
2 73 1
1 4 97
2 73 4
1 4 97
2 73 1
1 4 97
2 73 4
1 4 97
2 73 1
1 4 97
2 73 4
1 4 97
2 73 1
1 4 97
2 73 4
1 4 97
2 73 1
1 4 97
2 73 4
1 4 97
2 73 1
1 4 97
2 73 4
1 4 97
2 73 1
1 4 97
2 73 4
1 4 97
2 73 1
1 4 97
2 73 4
1 4 97
2 73 1
1 4 97
2 73 4
1 4 97
2 73 1
1 4 97
2 73 4
1 4 22
2 73 1
2 72 4
1 4 96
2 72 1
1 4 1
2 72 4
1 4 1
2 72 1
2 74 4
1 4 97
2 74 1
1 4 97
2 74 4
1 4 97
2 74 1
1 4 97
2 74 4
1 4 97
2 74 1
1 4 97
2 74 4
1 4 97
2 74 1
1 4 97
2 74 4
1 4 97
2 74 1
1 4 97
2 74 4
1 4 97
2 74 1
1 4 97
2 74 4
1 4 97
2 74 1
1 4 97
2 74 4
1 4 14
2 74 1
2 73 4
1 4 96
2 73 1
1 4 1
2 73 4
1 4 1
2 73 1
2 75 4
1 4 97
2 75 1
1 4 97
2 75 4
1 4 97
2 75 1
1 4 97
2 75 4
1 4 97
2 75 1
1 4 97
2 75 4
1 4 6
2 75 1
2 74 4
1 4 96
2 74 1
1 4 1
2 74 4
1 4 1
2 74 1
2 76 4
1 4 97
2 76 1
1 4 97
2 76 4
1 4 97
2 76 1
1 4 97
2 76 4
1 4 97
2 76 1
1 4 97
2 76 4
1 4 97
2 76 1
1 4 97
2 76 4
1 4 97
2 76 1
1 4 97
2 76 4
1 4 97
2 76 1
1 4 97
2 76 4
1 4 97
2 76 1
1 4 97
2 76 4
1 4 14
2 76 1
2 75 4
1 4 96
2 75 1
1 4 1
2 75 4
1 4 1
2 75 1
2 77 4
1 4 97
2 77 1
1 4 97
2 77 4
1 4 97
2 77 1
1 4 97
2 77 4
1 4 4
2 77 1
2 76 4
1 4 96
2 76 1
1 4 1
2 76 4
1 4 1
2 76 1
2 78 4
1 4 97
2 78 1
1 4 97
2 78 4
1 4 97
2 78 1
1 4 97
2 78 4
1 4 4
2 78 1
2 77 4
1 4 96
2 77 1
1 4 1
2 77 4
1 4 1
2 77 1
2 78 4
1 4 97
2 78 1
1 4 97
2 78 4
1 4 97
2 78 1
1 4 97
2 78 4
1 4 4
2 78 1
2 80 4
1 4 97
2 80 1
1 4 97
2 80 4
1 4 97
2 80 1
1 4 97
2 80 4
1 4 4
2 80 1
2 79 4
1 4 96
2 79 1
1 4 1
2 79 4
1 4 1
2 79 1
2 81 4
1 4 97
2 81 1
1 4 97
2 81 4
1 4 97
2 81 1
1 4 97
2 81 4
1 4 97
2 81 1
1 4 97
2 81 4
1 4 6
2 81 1
2 80 4
1 4 96
2 80 1
1 4 1
2 80 4
1 4 1
2 80 1
2 82 4
1 4 0
2 82 1
2 81 4
1 4 96
2 81 1
1 4 1
2 81 4
1 4 1
2 81 1
2 83 4
1 4 0
2 83 1
2 82 4
1 4 96
2 82 1
1 4 1
2 82 4
1 4 1
2 82 1
2 83 4
1 4 97
2 83 1
1 4 97
2 83 4
1 4 97
2 83 1
1 4 97
2 83 4
1 4 97
2 83 1
1 4 97
2 83 4
1 4 97
2 83 1
1 4 97
2 83 4
1 4 97
2 83 1
1 4 97
2 83 4
1 4 10
2 83 1
2 85 4
1 4 0
2 85 1
2 84 4
1 4 96
2 84 1
1 4 1
2 84 4
1 4 1
2 84 1
2 85 4
1 4 97
2 85 1
1 4 97
2 85 4
1 4 2
2 85 1
2 86 4
1 4 97
2 86 1
1 4 97
2 86 4
1 4 97
2 86 1
1 4 97
2 86 4
1 4 97
2 86 1
1 4 97
2 86 4
1 4 97
2 86 1
1 4 97
2 86 4
1 4 8
2 86 1
2 87 4
1 4 97
2 87 1
1 4 97
2 87 4
1 4 2
2 87 1
2 88 4
1 4 97
2 88 1
1 4 97
2 88 4
1 4 97
2 88 1
1 4 97
2 88 4
1 4 97
2 88 1
1 4 97
2 88 4
1 4 97
2 88 1
1 4 97
2 88 4
1 4 8
2 88 1
2 90 4
1 4 97
2 90 1
1 4 97
2 90 4
1 4 97
2 90 1
1 4 97
2 90 4
1 4 97
2 90 1
1 4 97
2 90 4
1 4 6
2 90 1
2 89 4
1 4 96
2 89 1
1 4 1
2 89 4
1 4 1
2 89 1
2 90 4
1 4 97
2 90 1
1 4 97
2 90 4
1 4 2
2 90 1
2 91 4
1 4 97
2 91 1
1 4 97
2 91 4
1 4 2
2 91 1
2 92 4
1 4 97
2 92 1
1 4 97
2 92 4
1 4 2
2 92 1
2 94 4
1 4 97
2 94 1
1 4 97
2 94 4
1 4 2
2 94 1
2 93 4
1 4 96
2 93 1
1 4 1
2 93 4
1 4 1
2 93 1
2 95 4
1 4 97
2 95 1
1 4 97
2 95 4
1 4 2
2 95 1
1 4 2
2 0 4
1 4 97
2 0 1
1 4 1
2 0 4
1 4 96
1 0 1
2 0 4
1 0 97
2 0 4
1 0 1
2 0 4
1 0 97
2 0 3
1 0 1
2 1 1
1 0 2
2 1 4
1 0 1
2 1 1
1 0 1
2 1 4
1 0 1
2 1 1
1 0 1
2 1 4
1 0 1
2 1 1
1 0 1
2 1 4
1 0 1
2 1 1
1 0 1
2 1 4
1 0 1
2 1 1
1 0 1
2 1 4
1 0 1
2 1 1
1 0 1
2 1 4
1 0 1
2 1 1
1 0 1
2 1 4
1 0 1
2 1 1
1 0 1
2 1 4
1 0 1
2 1 1
1 0 1
2 1 4
1 0 1
2 1 1
1 0 1
2 1 4
1 0 1
2 1 1
1 0 1
2 1 4
1 0 1
2 1 1
1 0 1
2 1 4
1 0 1
2 1 1
1 0 1
2 1 4
1 0 1
2 1 1
1 0 1
2 1 4
1 0 1
2 1 1
1 0 1
2 1 4
1 0 1
2 1 1
1 0 1
2 1 4
1 0 1
2 1 1
1 0 1
2 1 4
1 0 1
2 1 1
1 0 1
2 1 4
1 0 1
2 1 1
1 0 1
2 1 4
1 0 1
2 1 1
1 0 1
2 1 4
1 0 1
2 1 1
1 0 1
2 1 4
1 0 1
2 1 1
1 0 1
2 1 4
1 0 1
2 1 1
1 0 1
2 1 4
1 0 1
2 1 1
1 0 1
2 1 4
1 0 1
2 1 1
1 0 1
2 1 4
1 0 1
2 1 1
1 0 1
2 1 4
1 0 1
2 1 1
1 0 1
2 1 4
1 0 1
2 1 1
1 0 1
2 1 4
1 0 1
2 1 1
1 0 1
2 1 4
1 0 1
2 1 1
1 0 1
2 1 4
1 0 1
2 1 1
1 0 1
2 1 4
1 0 1
2 1 1
1 0 1
2 1 4
1 0 1
2 1 1
1 0 1
2 1 4
1 0 1
2 1 1
1 0 1
2 1 4
1 0 1
2 1 1
1 0 1
2 1 4
1 0 1
2 1 1
1 0 1
2 1 4
1 0 1
2 1 1
1 0 1
2 1 4
1 0 1
2 1 1
1 0 1
2 1 4
1 0 1
2 1 1
1 0 1
2 1 4
1 0 1
2 1 1
1 0 1
2 1 4
1 0 1
2 1 1
1 0 1
2 1 4
1 0 1
2 1 1
1 0 1
2 1 4
1 0 1
2 1 1
1 0 1
2 1 4
1 0 1
2 1 1
1 0 1
2 1 4
1 0 1
2 1 1
1 0 1
2 1 4
1 0 1
2 1 1
1 0 1
2 1 4
1 0 1
2 1 1
1 0 1
2 1 4
1 0 1
2 1 1
1 0 1
2 1 4
