5387
1 0 92
1 2 7
2 1 1
1 2 3
2 2 1
2 27 1
1 1 73
2 3 2
1 1 63
2 4 2
1 2 53
2 5 1
1 1 95
2 6 2
1 1 47
2 7 2
2 52 1
1 1 53
2 8 2
1 2 1
2 9 1
1 1 62
2 10 2
1 1 88
2 11 2
1 2 11
2 12 1
1 1 52
2 13 2
1 1 42
2 14 2
1 2 71
2 15 1
1 1 18
2 16 2
2 32 1
1 1 82
2 17 2
1 1 14
2 18 2
1 1 23
2 19 2
1 1 43
2 20 2
1 1 81
2 21 2
1 1 13
2 22 2
2 95 1
1 1 25
2 23 2
1 2 95
2 24 1
1 2 69
2 25 1
1 1 6
2 26 2
1 1 17
2 27 2
1 1 76
2 28 2
1 1 23
2 29 2
2 59 1
1 1 68
2 30 2
1 1 4
2 31 2
1 1 24
2 32 2
1 2 41
2 33 1
1 2 95
2 34 1
1 2 91
2 35 1
1 2 79
2 36 1
1 2 96
2 37 1
1 2 32
2 38 1
1 2 58
2 39 1
1 2 66
2 40 1
2 76 1
1 1 62
2 41 2
1 1 60
2 42 2
2 96 1
1 1 44
2 43 2
2 79 1
1 1 62
2 44 2
1 2 58
2 45 1
1 1 71
2 46 2
1 2 45
2 47 1
1 2 14
2 48 1
2 52 1
1 1 94
2 49 2
1 2 87
2 50 1
1 1 24
2 51 2
1 1 9
2 52 2
1 1 46
2 53 2
1 1 20
2 54 2
1 2 48
2 55 1
2 62 1
1 1 91
2 56 2
1 2 44
2 57 1
1 1 84
2 58 2
1 1 58
2 59 2
1 2 95
2 60 1
2 70 1
1 1 88
2 61 2
1 2 8
2 62 1
1 2 2
2 63 1
1 2 95
2 64 1
1 1 39
2 65 2
2 96 1
1 1 67
2 66 2
1 2 43
2 67 1
1 1 38
2 68 2
1 2 34
2 69 1
1 2 95
2 70 1
1 2 78
2 71 1
1 2 71
2 72 1
1 2 20
2 73 1
2 86 1
1 1 85
2 74 2
1 1 40
2 75 2
1 1 94
2 76 2
1 2 18
2 77 1
1 1 30
2 78 2
1 1 2
2 79 2
1 2 51
2 80 1
1 2 82
2 81 1
1 2 86
2 82 1
1 2 16
2 83 1
1 2 39
2 84 1
1 1 31
2 85 2
1 2 78
2 86 1
1 1 11
2 87 2
1 1 93
2 88 2
1 1 26
2 89 2
1 1 65
2 90 2
1 2 90
2 91 1
1 1 74
2 92 2
1 1 61
2 93 2
1 1 39
2 94 2
1 2 35
2 95 1
1 2 56
2 96 1
2 0 1
1 2 47
2 0 2
1 1 18
2 1 2
1 1 79
2 1 1
2 2 1
1 2 84
2 2 2
1 1 87
2 3 2
1 1 10
2 3 1
2 4 1
1 2 47
2 4 2
1 1 31
2 5 2
1 1 66
2 5 1
2 6 1
1 2 72
2 6 2
2 7 1
1 2 54
2 7 2
2 8 1
1 2 50
2 8 2
1 1 47
2 9 2
1 1 50
2 9 1
2 10 1
1 2 14
2 10 2
1 1 76
2 11 2
1 1 21
2 11 1
1 1 64
2 12 2
1 1 33
2 12 1
2 13 1
1 2 20
2 13 2
1 1 24
2 14 2
1 1 73
2 14 1
2 15 1
1 2 93
2 15 2
2 16 1
1 2 73
2 16 2
2 17 1
1 2 47
2 17 2
2 18 1
1 2 26
2 18 2
1 1 87
2 19 2
1 1 10
2 19 1
1 1 55
2 20 2
1 1 42
2 20 1
2 21 1
1 2 66
2 21 2
1 1 29
2 22 2
1 1 68
2 22 1
1 1 47
2 23 2
1 1 50
2 23 1
2 24 1
1 2 3
2 24 2
2 25 1
1 2 32
2 25 2
1 1 93
2 26 2
1 1 4
2 26 1
1 1 71
2 27 2
1 1 26
2 27 1
2 28 1
1 2 24
2 28 2
1 1 70
2 29 2
1 1 27
2 29 1
1 1 37
2 30 2
1 1 60
2 30 1
1 1 74
2 31 2
1 1 23
2 31 1
2 32 1
1 2 66
2 32 2
2 33 1
1 2 44
2 33 2
2 34 1
1 2 21
2 34 2
1 1 51
2 35 2
1 1 46
2 35 1
2 36 1
1 2 49
2 36 2
1 1 70
2 37 2
1 1 27
2 37 1
1 1 92
2 38 2
1 1 5
2 38 1
1 1 80
2 39 2
1 1 17
2 39 1
1 1 50
2 40 2
1 1 47
2 40 1
2 42 1
1 2 70
2 42 2
2 43 1
1 2 74
2 43 2
1 1 83
2 44 2
1 1 14
2 44 1
1 1 81
2 45 2
1 1 16
2 45 1
1 1 61
2 46 2
1 1 36
2 46 1
2 47 1
1 2 19
2 47 2
2 48 1
1 2 86
2 48 2
1 1 56
2 49 2
1 1 41
2 49 1
2 50 1
1 2 89
2 50 2
1 1 73
2 51 2
1 1 24
2 51 1
2 52 1
1 2 14
2 52 2
2 53 1
1 2 58
2 53 2
2 54 1
1 2 68
2 54 2
1 1 81
2 55 2
1 1 16
2 55 1
1 1 68
2 56 2
1 1 29
2 56 1
1 1 95
2 57 2
1 1 2
2 57 1
2 58 1
1 2 61
2 58 2
1 1 63
2 59 2
1 1 34
2 59 1
1 1 86
2 60 2
1 1 11
2 60 1
2 61 1
1 2 92
2 61 2
1 1 72
2 62 2
1 1 25
2 62 1
2 63 1
1 2 80
2 63 2
2 64 1
1 2 6
2 64 2
1 1 67
2 65 2
1 1 30
2 65 1
2 66 1
1 2 90
2 66 2
2 67 1
1 2 7
2 67 2
2 68 1
1 2 41
2 68 2
2 69 1
1 2 38
2 69 2
2 70 1
1 2 24
2 70 2
2 71 1
1 2 13
2 71 2
2 72 1
1 2 10
2 72 2
1 1 74
2 73 2
1 1 23
2 73 1
2 74 1
1 2 36
2 74 2
2 75 1
1 2 86
2 75 2
2 76 1
1 2 91
2 76 2
2 77 1
1 2 15
2 77 2
2 78 1
1 2 77
2 78 2
2 79 1
1 2 58
2 79 2
2 80 1
1 2 19
2 80 2
2 81 1
1 2 52
2 81 2
2 82 1
1 2 92
2 82 2
2 84 1
1 2 60
2 84 2
2 85 1
1 2 16
2 85 2
2 86 1
1 2 38
2 86 2
2 87 1
1 2 52
2 87 2
1 1 90
2 88 2
1 1 7
2 88 1
2 89 1
1 2 88
2 89 2
2 90 1
1 2 93
2 90 2
2 91 1
1 2 67
2 91 2
2 92 1
1 2 36
2 92 2
2 93 1
1 2 71
2 93 2
2 94 1
1 2 48
2 94 2
2 95 1
1 2 34
2 95 2
2 96 1
1 2 28
2 96 2
1 2 30
2 1 2
1 2 96
2 1 1
1 2 96
2 1 2
1 2 96
2 1 1
1 2 96
2 1 2
1 2 96
2 1 1
1 2 96
2 1 2
1 2 96
2 1 1
1 2 96
2 1 2
1 2 96
2 1 1
1 2 96
2 1 2
1 2 96
2 1 1
1 2 96
2 1 2
1 2 96
2 1 1
1 2 96
2 1 2
1 2 96
2 1 1
1 2 96
2 1 2
1 2 96
2 1 1
1 2 96
2 1 2
1 2 96
2 1 1
1 2 96
2 1 2
1 2 96
2 1 1
1 2 96
2 1 2
1 2 96
2 1 1
1 2 96
2 1 2
1 2 96
2 1 1
1 2 96
2 1 2
1 2 96
2 1 1
1 2 96
2 1 2
1 2 96
2 1 1
1 2 96
2 1 2
1 2 96
2 1 1
1 2 96
2 1 2
1 2 96
2 1 1
1 2 96
2 1 2
1 2 96
2 1 1
1 2 96
2 1 2
1 2 96
2 1 1
1 2 96
2 1 2
1 2 96
2 1 1
1 2 96
2 1 2
1 2 96
2 1 1
1 2 96
2 1 2
1 2 96
2 1 1
1 2 96
2 1 2
1 2 96
2 1 1
1 2 96
2 1 2
1 2 96
2 1 1
1 2 96
2 1 2
1 2 96
2 1 1
1 2 96
2 1 2
1 2 96
2 1 1
1 2 96
2 1 2
1 2 96
2 1 1
1 2 96
2 1 2
1 2 96
2 1 1
1 2 96
2 1 2
1 2 96
2 1 1
1 2 96
2 1 2
1 2 58
2 1 1
2 3 2
1 2 96
2 3 1
1 2 96
2 3 2
1 2 96
2 3 1
1 2 96
2 3 2
1 2 96
2 3 1
1 2 96
2 3 2
1 2 96
2 3 1
1 2 96
2 3 2
1 2 96
2 3 1
1 2 96
2 3 2
1 2 96
2 3 1
1 2 96
2 3 2
1 2 96
2 3 1
1 2 96
2 3 2
1 2 96
2 3 1
1 2 96
2 3 2
1 2 96
2 3 1
1 2 96
2 3 2
1 2 96
2 3 1
1 2 96
2 3 2
1 2 96
2 3 1
1 2 96
2 3 2
1 2 96
2 3 1
1 2 96
2 3 2
1 2 96
2 3 1
1 2 96
2 3 2
1 2 96
2 3 1
1 2 96
2 3 2
1 2 96
2 3 1
1 2 96
2 3 2
1 2 96
2 3 1
1 2 96
2 3 2
1 2 96
2 3 1
1 2 96
2 3 2
1 2 96
2 3 1
1 2 96
2 3 2
1 2 96
2 3 1
1 2 96
2 3 2
1 2 96
2 3 1
1 2 96
2 3 2
1 2 96
2 3 1
1 2 96
2 3 2
1 2 96
2 3 1
1 2 96
2 3 2
1 2 96
2 3 1
1 2 96
2 3 2
1 2 96
2 3 1
1 2 96
2 3 2
1 2 48
2 3 1
2 2 2
1 2 95
2 2 1
1 2 1
2 2 2
1 2 1
2 2 1
2 4 2
1 2 96
2 4 1
1 2 96
2 4 2
1 2 96
2 4 1
1 2 96
2 4 2
1 2 4
2 4 1
2 3 2
1 2 95
2 3 1
1 2 1
2 3 2
1 2 1
2 3 1
2 5 2
1 2 96
2 5 1
1 2 96
2 5 2
1 2 96
2 5 1
1 2 96
2 5 2
1 2 96
2 5 1
1 2 96
2 5 2
1 2 96
2 5 1
1 2 96
2 5 2
1 2 96
2 5 1
1 2 96
2 5 2
1 2 96
2 5 1
1 2 96
2 5 2
1 2 96
2 5 1
1 2 96
2 5 2
1 2 96
2 5 1
1 2 96
2 5 2
1 2 96
2 5 1
1 2 96
2 5 2
1 2 96
2 5 1
1 2 96
2 5 2
1 2 96
2 5 1
1 2 96
2 5 2
1 2 96
2 5 1
1 2 96
2 5 2
1 2 96
2 5 1
1 2 96
2 5 2
1 2 96
2 5 1
1 2 96
2 5 2
1 2 96
2 5 1
1 2 96
2 5 2
1 2 96
2 5 1
1 2 96
2 5 2
1 2 96
2 5 1
1 2 96
2 5 2
1 2 96
2 5 1
1 2 96
2 5 2
1 2 96
2 5 1
1 2 96
2 5 2
1 2 96
2 5 1
1 2 96
2 5 2
1 2 96
2 5 1
1 2 96
2 5 2
1 2 96
2 5 1
1 2 96
2 5 2
1 2 96
2 5 1
1 2 96
2 5 2
1 2 96
2 5 1
1 2 96
2 5 2
1 2 96
2 5 1
1 2 96
2 5 2
1 2 96
2 5 1
1 2 96
2 5 2
1 2 96
2 5 1
1 2 96
2 5 2
1 2 96
2 5 1
1 2 96
2 5 2
1 2 96
2 5 1
1 2 96
2 5 2
1 2 96
2 5 1
1 2 96
2 5 2
1 2 96
2 5 1
1 2 96
2 5 2
1 2 96
2 5 1
1 2 96
2 5 2
1 2 96
2 5 1
1 2 96
2 5 2
1 2 96
2 5 1
1 2 96
2 5 2
1 2 96
2 5 1
1 2 96
2 5 2
1 2 96
2 5 1
1 2 96
2 5 2
1 2 96
2 5 1
1 2 96
2 5 2
1 2 96
2 5 1
1 2 96
2 5 2
1 2 96
2 5 1
1 2 96
2 5 2
1 2 78
2 5 1
2 4 2
1 2 95
2 4 1
1 2 1
2 4 2
1 2 1
2 4 1
2 5 2
1 2 96
2 5 1
1 2 96
2 5 2
1 2 96
2 5 1
1 2 96
2 5 2
1 2 96
2 5 1
1 2 96
2 5 2
1 2 96
2 5 1
1 2 96
2 5 2
1 2 96
2 5 1
1 2 96
2 5 2
1 2 96
2 5 1
1 2 96
2 5 2
1 2 96
2 5 1
1 2 96
2 5 2
1 2 14
2 5 1
2 7 2
1 2 96
2 7 1
1 2 96
2 7 2
1 2 96
2 7 1
1 2 96
2 7 2
1 2 96
2 7 1
1 2 96
2 7 2
1 2 96
2 7 1
1 2 96
2 7 2
1 2 96
2 7 1
1 2 96
2 7 2
1 2 96
2 7 1
1 2 96
2 7 2
1 2 96
2 7 1
1 2 96
2 7 2
1 2 14
2 7 1
2 6 2
1 2 95
2 6 1
1 2 1
2 6 2
1 2 1
2 6 1
2 7 2
1 2 96
2 7 1
1 2 96
2 7 2
1 2 96
2 7 1
1 2 96
2 7 2
1 2 96
2 7 1
1 2 96
2 7 2
1 2 96
2 7 1
1 2 96
2 7 2
1 2 96
2 7 1
1 2 96
2 7 2
1 2 96
2 7 1
1 2 96
2 7 2
1 2 96
2 7 1
1 2 96
2 7 2
1 2 96
2 7 1
1 2 96
2 7 2
1 2 96
2 7 1
1 2 96
2 7 2
1 2 96
2 7 1
1 2 96
2 7 2
1 2 96
2 7 1
1 2 96
2 7 2
1 2 96
2 7 1
1 2 96
2 7 2
1 2 96
2 7 1
1 2 96
2 7 2
1 2 26
2 7 1
2 8 2
1 2 96
2 8 1
1 2 96
2 8 2
1 2 96
2 8 1
1 2 96
2 8 2
1 2 96
2 8 1
1 2 96
2 8 2
1 2 96
2 8 1
1 2 96
2 8 2
1 2 96
2 8 1
1 2 96
2 8 2
1 2 96
2 8 1
1 2 96
2 8 2
1 2 96
2 8 1
1 2 96
2 8 2
1 2 96
2 8 1
1 2 96
2 8 2
1 2 96
2 8 1
1 2 96
2 8 2
1 2 96
2 8 1
1 2 96
2 8 2
1 2 96
2 8 1
1 2 96
2 8 2
1 2 96
2 8 1
1 2 96
2 8 2
1 2 96
2 8 1
1 2 96
2 8 2
1 2 96
2 8 1
1 2 96
2 8 2
1 2 96
2 8 1
1 2 96
2 8 2
1 2 96
2 8 1
1 2 96
2 8 2
1 2 96
2 8 1
1 2 96
2 8 2
1 2 96
2 8 1
1 2 96
2 8 2
1 2 96
2 8 1
1 2 96
2 8 2
1 2 96
2 8 1
1 2 96
2 8 2
1 2 96
2 8 1
1 2 96
2 8 2
1 2 96
2 8 1
1 2 96
2 8 2
1 2 96
2 8 1
1 2 96
2 8 2
1 2 96
2 8 1
1 2 96
2 8 2
1 2 96
2 8 1
1 2 96
2 8 2
1 2 96
2 8 1
1 2 96
2 8 2
1 2 96
2 8 1
1 2 96
2 8 2
1 2 96
2 8 1
1 2 96
2 8 2
1 2 56
2 8 1
2 10 2
1 2 96
2 10 1
1 2 96
2 10 2
1 2 96
2 10 1
1 2 96
2 10 2
1 2 96
2 10 1
1 2 96
2 10 2
1 2 96
2 10 1
1 2 96
2 10 2
1 2 96
2 10 1
1 2 96
2 10 2
1 2 96
2 10 1
1 2 96
2 10 2
1 2 96
2 10 1
1 2 96
2 10 2
1 2 96
2 10 1
1 2 96
2 10 2
1 2 96
2 10 1
1 2 96
2 10 2
1 2 96
2 10 1
1 2 96
2 10 2
1 2 96
2 10 1
1 2 96
2 10 2
1 2 22
2 10 1
2 9 2
1 2 95
2 9 1
1 2 1
2 9 2
1 2 1
2 9 1
2 10 2
1 2 96
2 10 1
1 2 96
2 10 2
1 2 96
2 10 1
1 2 96
2 10 2
1 2 96
2 10 1
1 2 96
2 10 2
1 2 96
2 10 1
1 2 96
2 10 2
1 2 96
2 10 1
1 2 96
2 10 2
1 2 96
2 10 1
1 2 96
2 10 2
1 2 96
2 10 1
1 2 96
2 10 2
1 2 96
2 10 1
1 2 96
2 10 2
1 2 96
2 10 1
1 2 96
2 10 2
1 2 96
2 10 1
1 2 96
2 10 2
1 2 96
2 10 1
1 2 96
2 10 2
1 2 96
2 10 1
1 2 96
2 10 2
1 2 24
2 10 1
2 11 2
1 2 96
2 11 1
1 2 96
2 11 2
1 2 96
2 11 1
1 2 96
2 11 2
1 2 4
2 11 1
2 13 2
1 2 96
2 13 1
1 2 96
2 13 2
1 2 96
2 13 1
1 2 96
2 13 2
1 2 96
2 13 1
1 2 96
2 13 2
1 2 96
2 13 1
1 2 96
2 13 2
1 2 96
2 13 1
1 2 96
2 13 2
1 2 96
2 13 1
1 2 96
2 13 2
1 2 96
2 13 1
1 2 96
2 13 2
1 2 96
2 13 1
1 2 96
2 13 2
1 2 96
2 13 1
1 2 96
2 13 2
1 2 96
2 13 1
1 2 96
2 13 2
1 2 96
2 13 1
1 2 96
2 13 2
1 2 96
2 13 1
1 2 96
2 13 2
1 2 96
2 13 1
1 2 96
2 13 2
1 2 96
2 13 1
1 2 96
2 13 2
1 2 96
2 13 1
1 2 96
2 13 2
1 2 96
2 13 1
1 2 96
2 13 2
1 2 96
2 13 1
1 2 96
2 13 2
1 2 96
2 13 1
1 2 96
2 13 2
1 2 96
2 13 1
1 2 96
2 13 2
1 2 96
2 13 1
1 2 96
2 13 2
1 2 96
2 13 1
1 2 96
2 13 2
1 2 96
2 13 1
1 2 96
2 13 2
1 2 96
2 13 1
1 2 96
2 13 2
1 2 96
2 13 1
1 2 96
2 13 2
1 2 48
2 13 1
2 12 2
1 2 95
2 12 1
1 2 1
2 12 2
1 2 1
2 12 1
2 14 2
1 2 96
2 14 1
1 2 96
2 14 2
1 2 96
2 14 1
1 2 96
2 14 2
1 2 96
2 14 1
1 2 96
2 14 2
1 2 96
2 14 1
1 2 96
2 14 2
1 2 96
2 14 1
1 2 96
2 14 2
1 2 96
2 14 1
1 2 96
2 14 2
1 2 96
2 14 1
1 2 96
2 14 2
1 2 96
2 14 1
1 2 96
2 14 2
1 2 96
2 14 1
1 2 96
2 14 2
1 2 96
2 14 1
1 2 96
2 14 2
1 2 96
2 14 1
1 2 96
2 14 2
1 2 22
2 14 1
2 13 2
1 2 95
2 13 1
1 2 1
2 13 2
1 2 1
2 13 1
2 14 2
1 2 96
2 14 1
1 2 96
2 14 2
1 2 96
2 14 1
1 2 96
2 14 2
1 2 96
2 14 1
1 2 96
2 14 2
1 2 96
2 14 1
1 2 96
2 14 2
1 2 96
2 14 1
1 2 96
2 14 2
1 2 96
2 14 1
1 2 96
2 14 2
1 2 96
2 14 1
1 2 96
2 14 2
1 2 96
2 14 1
1 2 96
2 14 2
1 2 96
2 14 1
1 2 96
2 14 2
1 2 96
2 14 1
1 2 96
2 14 2
1 2 96
2 14 1
1 2 96
2 14 2
1 2 96
2 14 1
1 2 96
2 14 2
1 2 24
2 14 1
2 16 2
1 2 96
2 16 1
1 2 96
2 16 2
1 2 96
2 16 1
1 2 96
2 16 2
1 2 96
2 16 1
1 2 96
2 16 2
1 2 96
2 16 1
1 2 96
2 16 2
1 2 96
2 16 1
1 2 96
2 16 2
1 2 96
2 16 1
1 2 96
2 16 2
1 2 96
2 16 1
1 2 96
2 16 2
1 2 96
2 16 1
1 2 96
2 16 2
1 2 96
2 16 1
1 2 96
2 16 2
1 2 96
2 16 1
1 2 96
2 16 2
1 2 96
2 16 1
1 2 96
2 16 2
1 2 96
2 16 1
1 2 96
2 16 2
1 2 96
2 16 1
1 2 96
2 16 2
1 2 96
2 16 1
1 2 96
2 16 2
1 2 96
2 16 1
1 2 96
2 16 2
1 2 96
2 16 1
1 2 96
2 16 2
1 2 96
2 16 1
1 2 96
2 16 2
1 2 96
2 16 1
1 2 96
2 16 2
1 2 96
2 16 1
1 2 96
2 16 2
1 2 96
2 16 1
1 2 96
2 16 2
1 2 96
2 16 1
1 2 96
2 16 2
1 2 96
2 16 1
1 2 96
2 16 2
1 2 96
2 16 1
1 2 96
2 16 2
1 2 46
2 16 1
2 15 2
1 2 95
2 15 1
1 2 1
2 15 2
1 2 1
2 15 1
2 16 2
1 2 96
2 16 1
1 2 96
2 16 2
1 2 96
2 16 1
1 2 96
2 16 2
1 2 96
2 16 1
1 2 96
2 16 2
1 2 96
2 16 1
1 2 96
2 16 2
1 2 96
2 16 1
1 2 96
2 16 2
1 2 96
2 16 1
1 2 96
2 16 2
1 2 96
2 16 1
1 2 96
2 16 2
1 2 96
2 16 1
1 2 96
2 16 2
1 2 96
2 16 1
1 2 96
2 16 2
1 2 96
2 16 1
1 2 96
2 16 2
1 2 96
2 16 1
1 2 96
2 16 2
1 2 96
2 16 1
1 2 96
2 16 2
1 2 96
2 16 1
1 2 96
2 16 2
1 2 96
2 16 1
1 2 96
2 16 2
1 2 96
2 16 1
1 2 96
2 16 2
1 2 96
2 16 1
1 2 96
2 16 2
1 2 96
2 16 1
1 2 96
2 16 2
1 2 96
2 16 1
1 2 96
2 16 2
1 2 96
2 16 1
1 2 96
2 16 2
1 2 96
2 16 1
1 2 96
2 16 2
1 2 96
2 16 1
1 2 96
2 16 2
1 2 96
2 16 1
1 2 96
2 16 2
1 2 96
2 16 1
1 2 96
2 16 2
1 2 96
2 16 1
1 2 96
2 16 2
1 2 96
2 16 1
1 2 96
2 16 2
1 2 96
2 16 1
1 2 96
2 16 2
1 2 96
2 16 1
1 2 96
2 16 2
1 2 96
2 16 1
1 2 96
2 16 2
1 2 96
2 16 1
1 2 96
2 16 2
1 2 96
2 16 1
1 2 96
2 16 2
1 2 96
2 16 1
1 2 96
2 16 2
1 2 96
2 16 1
1 2 96
2 16 2
1 2 96
2 16 1
1 2 96
2 16 2
1 2 96
2 16 1
1 2 96
2 16 2
1 2 96
2 16 1
1 2 96
2 16 2
1 2 96
2 16 1
1 2 96
2 16 2
1 2 96
2 16 1
1 2 96
2 16 2
1 2 96
2 16 1
1 2 96
2 16 2
1 2 96
2 16 1
1 2 96
2 16 2
1 2 96
2 16 1
1 2 96
2 16 2
1 2 80
2 16 1
2 17 2
1 2 96
2 17 1
1 2 96
2 17 2
1 2 96
2 17 1
1 2 96
2 17 2
1 2 96
2 17 1
1 2 96
2 17 2
1 2 96
2 17 1
1 2 96
2 17 2
1 2 96
2 17 1
1 2 96
2 17 2
1 2 96
2 17 1
1 2 96
2 17 2
1 2 96
2 17 1
1 2 96
2 17 2
1 2 96
2 17 1
1 2 96
2 17 2
1 2 96
2 17 1
1 2 96
2 17 2
1 2 96
2 17 1
1 2 96
2 17 2
1 2 96
2 17 1
1 2 96
2 17 2
1 2 96
2 17 1
1 2 96
2 17 2
1 2 96
2 17 1
1 2 96
2 17 2
1 2 96
2 17 1
1 2 96
2 17 2
1 2 96
2 17 1
1 2 96
2 17 2
1 2 96
2 17 1
1 2 96
2 17 2
1 2 96
2 17 1
1 2 96
2 17 2
1 2 96
2 17 1
1 2 96
2 17 2
1 2 96
2 17 1
1 2 96
2 17 2
1 2 96
2 17 1
1 2 96
2 17 2
1 2 96
2 17 1
1 2 96
2 17 2
1 2 42
2 17 1
2 18 2
1 2 96
2 18 1
1 2 96
2 18 2
1 2 96
2 18 1
1 2 96
2 18 2
1 2 96
2 18 1
1 2 96
2 18 2
1 2 96
2 18 1
1 2 96
2 18 2
1 2 96
2 18 1
1 2 96
2 18 2
1 2 96
2 18 1
1 2 96
2 18 2
1 2 96
2 18 1
1 2 96
2 18 2
1 2 96
2 18 1
1 2 96
2 18 2
1 2 96
2 18 1
1 2 96
2 18 2
1 2 18
2 18 1
2 20 2
1 2 96
2 20 1
1 2 96
2 20 2
1 2 96
2 20 1
1 2 96
2 20 2
1 2 96
2 20 1
1 2 96
2 20 2
1 2 96
2 20 1
1 2 96
2 20 2
1 2 96
2 20 1
1 2 96
2 20 2
1 2 96
2 20 1
1 2 96
2 20 2
1 2 96
2 20 1
1 2 96
2 20 2
1 2 96
2 20 1
1 2 96
2 20 2
1 2 96
2 20 1
1 2 96
2 20 2
1 2 96
2 20 1
1 2 96
2 20 2
1 2 96
2 20 1
1 2 96
2 20 2
1 2 96
2 20 1
1 2 96
2 20 2
1 2 96
2 20 1
1 2 96
2 20 2
1 2 96
2 20 1
1 2 96
2 20 2
1 2 96
2 20 1
1 2 96
2 20 2
1 2 96
2 20 1
1 2 96
2 20 2
1 2 96
2 20 1
1 2 96
2 20 2
1 2 96
2 20 1
1 2 96
2 20 2
1 2 96
2 20 1
1 2 96
2 20 2
1 2 96
2 20 1
1 2 96
2 20 2
1 2 96
2 20 1
1 2 96
2 20 2
1 2 96
2 20 1
1 2 96
2 20 2
1 2 96
2 20 1
1 2 96
2 20 2
1 2 96
2 20 1
1 2 96
2 20 2
1 2 48
2 20 1
2 19 2
1 2 95
2 19 1
1 2 1
2 19 2
1 2 1
2 19 1
2 20 2
1 2 96
2 20 1
1 2 96
2 20 2
1 2 96
2 20 1
1 2 96
2 20 2
1 2 96
2 20 1
1 2 96
2 20 2
1 2 96
2 20 1
1 2 96
2 20 2
1 2 96
2 20 1
1 2 96
2 20 2
1 2 96
2 20 1
1 2 96
2 20 2
1 2 96
2 20 1
1 2 96
2 20 2
1 2 96
2 20 1
1 2 96
2 20 2
1 2 96
2 20 1
1 2 96
2 20 2
1 2 96
2 20 1
1 2 96
2 20 2
1 2 96
2 20 1
1 2 96
2 20 2
1 2 96
2 20 1
1 2 96
2 20 2
1 2 96
2 20 1
1 2 96
2 20 2
1 2 96
2 20 1
1 2 96
2 20 2
1 2 96
2 20 1
1 2 96
2 20 2
1 2 96
2 20 1
1 2 96
2 20 2
1 2 96
2 20 1
1 2 96
2 20 2
1 2 34
2 20 1
2 21 2
1 2 96
2 21 1
1 2 96
2 21 2
1 2 96
2 21 1
1 2 96
2 21 2
1 2 96
2 21 1
1 2 96
2 21 2
1 2 96
2 21 1
1 2 96
2 21 2
1 2 96
2 21 1
1 2 96
2 21 2
1 2 96
2 21 1
1 2 96
2 21 2
1 2 96
2 21 1
1 2 96
2 21 2
1 2 96
2 21 1
1 2 96
2 21 2
1 2 96
2 21 1
1 2 96
2 21 2
1 2 96
2 21 1
1 2 96
2 21 2
1 2 96
2 21 1
1 2 96
2 21 2
1 2 96
2 21 1
1 2 96
2 21 2
1 2 96
2 21 1
1 2 96
2 21 2
1 2 96
2 21 1
1 2 96
2 21 2
1 2 96
2 21 1
1 2 96
2 21 2
1 2 96
2 21 1
1 2 96
2 21 2
1 2 96
2 21 1
1 2 96
2 21 2
1 2 96
2 21 1
1 2 96
2 21 2
1 2 36
2 21 1
2 22 2
1 2 96
2 22 1
1 2 96
2 22 2
1 2 96
2 22 1
1 2 96
2 22 2
1 2 96
2 22 1
1 2 96
2 22 2
1 2 96
2 22 1
1 2 96
2 22 2
1 2 96
2 22 1
1 2 96
2 22 2
1 2 96
2 22 1
1 2 96
2 22 2
1 2 96
2 22 1
1 2 96
2 22 2
1 2 14
2 22 1
2 24 2
1 2 96
2 24 1
1 2 96
2 24 2
1 2 96
2 24 1
1 2 96
2 24 2
1 2 96
2 24 1
1 2 96
2 24 2
1 2 96
2 24 1
1 2 96
2 24 2
1 2 96
2 24 1
1 2 96
2 24 2
1 2 96
2 24 1
1 2 96
2 24 2
1 2 96
2 24 1
1 2 96
2 24 2
1 2 96
2 24 1
1 2 96
2 24 2
1 2 96
2 24 1
1 2 96
2 24 2
1 2 96
2 24 1
1 2 96
2 24 2
1 2 96
2 24 1
1 2 96
2 24 2
1 2 96
2 24 1
1 2 96
2 24 2
1 2 96
2 24 1
1 2 96
2 24 2
1 2 96
2 24 1
1 2 96
2 24 2
1 2 96
2 24 1
1 2 96
2 24 2
1 2 96
2 24 1
1 2 96
2 24 2
1 2 96
2 24 1
1 2 96
2 24 2
1 2 96
2 24 1
1 2 96
2 24 2
1 2 96
2 24 1
1 2 96
2 24 2
1 2 96
2 24 1
1 2 96
2 24 2
1 2 40
2 24 1
2 23 2
1 2 95
2 23 1
1 2 1
2 23 2
1 2 1
2 23 1
2 24 2
1 2 96
2 24 1
1 2 96
2 24 2
1 2 96
2 24 1
1 2 96
2 24 2
1 2 96
2 24 1
1 2 96
2 24 2
1 2 96
2 24 1
1 2 96
2 24 2
1 2 8
2 24 1
2 25 2
1 2 96
2 25 1
1 2 96
2 25 2
1 2 96
2 25 1
1 2 96
2 25 2
1 2 96
2 25 1
1 2 96
2 25 2
1 2 96
2 25 1
1 2 96
2 25 2
1 2 96
2 25 1
1 2 96
2 25 2
1 2 96
2 25 1
1 2 96
2 25 2
1 2 96
2 25 1
1 2 96
2 25 2
1 2 96
2 25 1
1 2 96
2 25 2
1 2 96
2 25 1
1 2 96
2 25 2
1 2 96
2 25 1
1 2 96
2 25 2
1 2 96
2 25 1
1 2 96
2 25 2
1 2 96
2 25 1
1 2 96
2 25 2
1 2 96
2 25 1
1 2 96
2 25 2
1 2 96
2 25 1
1 2 96
2 25 2
1 2 96
2 25 1
1 2 96
2 25 2
1 2 96
2 25 1
1 2 96
2 25 2
1 2 96
2 25 1
1 2 96
2 25 2
1 2 96
2 25 1
1 2 96
2 25 2
1 2 96
2 25 1
1 2 96
2 25 2
1 2 96
2 25 1
1 2 96
2 25 2
1 2 96
2 25 1
1 2 96
2 25 2
1 2 96
2 25 1
1 2 96
2 25 2
1 2 96
2 25 1
1 2 96
2 25 2
1 2 96
2 25 1
1 2 96
2 25 2
1 2 48
2 25 1
2 27 2
1 2 96
2 27 1
1 2 96
2 27 2
1 2 96
2 27 1
1 2 96
2 27 2
1 2 96
2 27 1
1 2 96
2 27 2
1 2 6
2 27 1
2 26 2
1 2 95
2 26 1
1 2 1
2 26 2
1 2 1
2 26 1
2 28 2
1 2 96
2 28 1
1 2 96
2 28 2
1 2 96
2 28 1
1 2 96
2 28 2
1 2 96
2 28 1
1 2 96
2 28 2
1 2 96
2 28 1
1 2 96
2 28 2
1 2 96
2 28 1
1 2 96
2 28 2
1 2 96
2 28 1
1 2 96
2 28 2
1 2 96
2 28 1
1 2 96
2 28 2
1 2 96
2 28 1
1 2 96
2 28 2
1 2 96
2 28 1
1 2 96
2 28 2
1 2 96
2 28 1
1 2 96
2 28 2
1 2 96
2 28 1
1 2 96
2 28 2
1 2 96
2 28 1
1 2 96
2 28 2
1 2 96
2 28 1
1 2 96
2 28 2
1 2 96
2 28 1
1 2 96
2 28 2
1 2 96
2 28 1
1 2 96
2 28 2
1 2 96
2 28 1
1 2 96
2 28 2
1 2 96
2 28 1
1 2 96
2 28 2
1 2 96
2 28 1
1 2 96
2 28 2
1 2 96
2 28 1
1 2 96
2 28 2
1 2 96
2 28 1
1 2 96
2 28 2
1 2 96
2 28 1
1 2 96
2 28 2
1 2 96
2 28 1
1 2 96
2 28 2
1 2 96
2 28 1
1 2 96
2 28 2
1 2 96
2 28 1
1 2 96
2 28 2
1 2 96
2 28 1
1 2 96
2 28 2
1 2 96
2 28 1
1 2 96
2 28 2
1 2 96
2 28 1
1 2 96
2 28 2
1 2 96
2 28 1
1 2 96
2 28 2
1 2 96
2 28 1
1 2 96
2 28 2
1 2 96
2 28 1
1 2 96
2 28 2
1 2 96
2 28 1
1 2 96
2 28 2
1 2 62
2 28 1
2 27 2
1 2 95
2 27 1
1 2 1
2 27 2
1 2 1
2 27 1
2 29 2
1 2 0
2 29 1
2 28 2
1 2 95
2 28 1
1 2 1
2 28 2
1 2 1
2 28 1
2 29 2
1 2 96
2 29 1
1 2 96
2 29 2
1 2 96
2 29 1
1 2 96
2 29 2
1 2 96
2 29 1
1 2 96
2 29 2
1 2 96
2 29 1
1 2 96
2 29 2
1 2 96
2 29 1
1 2 96
2 29 2
1 2 96
2 29 1
1 2 96
2 29 2
1 2 96
2 29 1
1 2 96
2 29 2
1 2 96
2 29 1
1 2 96
2 29 2
1 2 96
2 29 1
1 2 96
2 29 2
1 2 96
2 29 1
1 2 96
2 29 2
1 2 96
2 29 1
1 2 96
2 29 2
1 2 96
2 29 1
1 2 96
2 29 2
1 2 96
2 29 1
1 2 96
2 29 2
1 2 96
2 29 1
1 2 96
2 29 2
1 2 96
2 29 1
1 2 96
2 29 2
1 2 96
2 29 1
1 2 96
2 29 2
1 2 96
2 29 1
1 2 96
2 29 2
1 2 34
2 29 1
2 31 2
1 2 96
2 31 1
1 2 96
2 31 2
1 2 96
2 31 1
1 2 96
2 31 2
1 2 96
2 31 1
1 2 96
2 31 2
1 2 96
2 31 1
1 2 96
2 31 2
1 2 96
2 31 1
1 2 96
2 31 2
1 2 96
2 31 1
1 2 96
2 31 2
1 2 96
2 31 1
1 2 96
2 31 2
1 2 96
2 31 1
1 2 96
2 31 2
1 2 96
2 31 1
1 2 96
2 31 2
1 2 96
2 31 1
1 2 96
2 31 2
1 2 96
2 31 1
1 2 96
2 31 2
1 2 96
2 31 1
1 2 96
2 31 2
1 2 96
2 31 1
1 2 96
2 31 2
1 2 96
2 31 1
1 2 96
2 31 2
1 2 96
2 31 1
1 2 96
2 31 2
1 2 96
2 31 1
1 2 96
2 31 2
1 2 96
2 31 1
1 2 96
2 31 2
1 2 96
2 31 1
1 2 96
2 31 2
1 2 96
2 31 1
1 2 96
2 31 2
1 2 96
2 31 1
1 2 96
2 31 2
1 2 96
2 31 1
1 2 96
2 31 2
1 2 96
2 31 1
1 2 96
2 31 2
1 2 44
2 31 1
2 30 2
1 2 95
2 30 1
1 2 1
2 30 2
1 2 1
2 30 1
2 32 2
1 2 96
2 32 1
1 2 96
2 32 2
1 2 96
2 32 1
1 2 96
2 32 2
1 2 96
2 32 1
1 2 96
2 32 2
1 2 96
2 32 1
1 2 96
2 32 2
1 2 96
2 32 1
1 2 96
2 32 2
1 2 96
2 32 1
1 2 96
2 32 2
1 2 96
2 32 1
1 2 96
2 32 2
1 2 96
2 32 1
1 2 96
2 32 2
1 2 96
2 32 1
1 2 96
2 32 2
1 2 96
2 32 1
1 2 96
2 32 2
1 2 96
2 32 1
1 2 96
2 32 2
1 2 96
2 32 1
1 2 96
2 32 2
1 2 96
2 32 1
1 2 96
2 32 2
1 2 96
2 32 1
1 2 96
2 32 2
1 2 96
2 32 1
1 2 96
2 32 2
1 2 96
2 32 1
1 2 96
2 32 2
1 2 96
2 32 1
1 2 96
2 32 2
1 2 96
2 32 1
1 2 96
2 32 2
1 2 96
2 32 1
1 2 96
2 32 2
1 2 96
2 32 1
1 2 96
2 32 2
1 2 96
2 32 1
1 2 96
2 32 2
1 2 96
2 32 1
1 2 96
2 32 2
1 2 96
2 32 1
1 2 96
2 32 2
1 2 96
2 32 1
1 2 96
2 32 2
1 2 96
2 32 1
1 2 96
2 32 2
1 2 50
2 32 1
2 31 2
1 2 95
2 31 1
1 2 1
2 31 2
1 2 1
2 31 1
2 33 2
1 2 0
2 33 1
2 32 2
1 2 95
2 32 1
1 2 1
2 32 2
1 2 1
2 32 1
2 34 2
1 2 96
2 34 1
1 2 96
2 34 2
1 2 96
2 34 1
1 2 96
2 34 2
1 2 4
2 34 1
2 33 2
1 2 95
2 33 1
1 2 1
2 33 2
1 2 1
2 33 1
2 35 2
1 2 96
2 35 1
1 2 96
2 35 2
1 2 96
2 35 1
1 2 96
2 35 2
1 2 96
2 35 1
1 2 96
2 35 2
1 2 96
2 35 1
1 2 96
2 35 2
1 2 96
2 35 1
1 2 96
2 35 2
1 2 96
2 35 1
1 2 96
2 35 2
1 2 96
2 35 1
1 2 96
2 35 2
1 2 96
2 35 1
1 2 96
2 35 2
1 2 96
2 35 1
1 2 96
2 35 2
1 2 96
2 35 1
1 2 96
2 35 2
1 2 96
2 35 1
1 2 96
2 35 2
1 2 96
2 35 1
1 2 96
2 35 2
1 2 96
2 35 1
1 2 96
2 35 2
1 2 96
2 35 1
1 2 96
2 35 2
1 2 96
2 35 1
1 2 96
2 35 2
1 2 96
2 35 1
1 2 96
2 35 2
1 2 96
2 35 1
1 2 96
2 35 2
1 2 96
2 35 1
1 2 96
2 35 2
1 2 36
2 35 1
2 34 2
1 2 95
2 34 1
1 2 1
2 34 2
1 2 1
2 34 1
2 35 2
1 2 96
2 35 1
1 2 96
2 35 2
1 2 96
2 35 1
1 2 96
2 35 2
1 2 96
2 35 1
1 2 96
2 35 2
1 2 96
2 35 1
1 2 96
2 35 2
1 2 96
2 35 1
1 2 96
2 35 2
1 2 96
2 35 1
1 2 96
2 35 2
1 2 96
2 35 1
1 2 96
2 35 2
1 2 96
2 35 1
1 2 96
2 35 2
1 2 96
2 35 1
1 2 96
2 35 2
1 2 96
2 35 1
1 2 96
2 35 2
1 2 96
2 35 1
1 2 96
2 35 2
1 2 96
2 35 1
1 2 96
2 35 2
1 2 96
2 35 1
1 2 96
2 35 2
1 2 96
2 35 1
1 2 96
2 35 2
1 2 96
2 35 1
1 2 96
2 35 2
1 2 96
2 35 1
1 2 96
2 35 2
1 2 96
2 35 1
1 2 96
2 35 2
1 2 96
2 35 1
1 2 96
2 35 2
1 2 96
2 35 1
1 2 96
2 35 2
1 2 96
2 35 1
1 2 96
2 35 2
1 2 96
2 35 1
1 2 96
2 35 2
1 2 96
2 35 1
1 2 96
2 35 2
1 2 96
2 35 1
1 2 96
2 35 2
1 2 96
2 35 1
1 2 96
2 35 2
1 2 96
2 35 1
1 2 96
2 35 2
1 2 96
2 35 1
1 2 96
2 35 2
1 2 96
2 35 1
1 2 96
2 35 2
1 2 54
2 35 1
2 37 2
1 2 96
2 37 1
1 2 96
2 37 2
1 2 96
2 37 1
1 2 96
2 37 2
1 2 96
2 37 1
1 2 96
2 37 2
1 2 96
2 37 1
1 2 96
2 37 2
1 2 96
2 37 1
1 2 96
2 37 2
1 2 96
2 37 1
1 2 96
2 37 2
1 2 96
2 37 1
1 2 96
2 37 2
1 2 96
2 37 1
1 2 96
2 37 2
1 2 96
2 37 1
1 2 96
2 37 2
1 2 96
2 37 1
1 2 96
2 37 2
1 2 96
2 37 1
1 2 96
2 37 2
1 2 96
2 37 1
1 2 96
2 37 2
1 2 96
2 37 1
1 2 96
2 37 2
1 2 96
2 37 1
1 2 96
2 37 2
1 2 28
2 37 1
2 36 2
1 2 95
2 36 1
1 2 1
2 36 2
1 2 1
2 36 1
2 38 2
1 2 96
2 38 1
1 2 96
2 38 2
1 2 96
2 38 1
1 2 96
2 38 2
1 2 96
2 38 1
1 2 96
2 38 2
1 2 96
2 38 1
1 2 96
2 38 2
1 2 96
2 38 1
1 2 96
2 38 2
1 2 96
2 38 1
1 2 96
2 38 2
1 2 96
2 38 1
1 2 96
2 38 2
1 2 96
2 38 1
1 2 96
2 38 2
1 2 96
2 38 1
1 2 96
2 38 2
1 2 96
2 38 1
1 2 96
2 38 2
1 2 96
2 38 1
1 2 96
2 38 2
1 2 96
2 38 1
1 2 96
2 38 2
1 2 96
2 38 1
1 2 96
2 38 2
1 2 96
2 38 1
1 2 96
2 38 2
1 2 96
2 38 1
1 2 96
2 38 2
1 2 96
2 38 1
1 2 96
2 38 2
1 2 96
2 38 1
1 2 96
2 38 2
1 2 96
2 38 1
1 2 96
2 38 2
1 2 96
2 38 1
1 2 96
2 38 2
1 2 96
2 38 1
1 2 96
2 38 2
1 2 96
2 38 1
1 2 96
2 38 2
1 2 96
2 38 1
1 2 96
2 38 2
1 2 96
2 38 1
1 2 96
2 38 2
1 2 96
2 38 1
1 2 96
2 38 2
1 2 96
2 38 1
1 2 96
2 38 2
1 2 96
2 38 1
1 2 96
2 38 2
1 2 96
2 38 1
1 2 96
2 38 2
1 2 96
2 38 1
1 2 96
2 38 2
1 2 96
2 38 1
1 2 96
2 38 2
1 2 58
2 38 1
2 37 2
1 2 95
2 37 1
1 2 1
2 37 2
1 2 1
2 37 1
2 38 2
1 2 96
2 38 1
1 2 96
2 38 2
1 2 96
2 38 1
1 2 96
2 38 2
1 2 96
2 38 1
1 2 96
2 38 2
1 2 96
2 38 1
1 2 96
2 38 2
1 2 8
2 38 1
2 39 2
1 2 96
2 39 1
1 2 96
2 39 2
1 2 96
2 39 1
1 2 96
2 39 2
1 2 96
2 39 1
1 2 96
2 39 2
1 2 96
2 39 1
1 2 96
2 39 2
1 2 96
2 39 1
1 2 96
2 39 2
1 2 10
2 39 1
2 41 2
1 2 96
2 41 1
1 2 96
2 41 2
1 2 96
2 41 1
1 2 96
2 41 2
1 2 96
2 41 1
1 2 96
2 41 2
1 2 96
2 41 1
1 2 96
2 41 2
1 2 96
2 41 1
1 2 96
2 41 2
1 2 96
2 41 1
1 2 96
2 41 2
1 2 96
2 41 1
1 2 96
2 41 2
1 2 96
2 41 1
1 2 96
2 41 2
1 2 96
2 41 1
1 2 96
2 41 2
1 2 96
2 41 1
1 2 96
2 41 2
1 2 96
2 41 1
1 2 96
2 41 2
1 2 96
2 41 1
1 2 96
2 41 2
1 2 96
2 41 1
1 2 96
2 41 2
1 2 96
2 41 1
1 2 96
2 41 2
1 2 96
2 41 1
1 2 96
2 41 2
1 2 96
2 41 1
1 2 96
2 41 2
1 2 96
2 41 1
1 2 96
2 41 2
1 2 96
2 41 1
1 2 96
2 41 2
1 2 96
2 41 1
1 2 96
2 41 2
1 2 96
2 41 1
1 2 96
2 41 2
1 2 96
2 41 1
1 2 96
2 41 2
1 2 96
2 41 1
1 2 96
2 41 2
1 2 96
2 41 1
1 2 96
2 41 2
1 2 96
2 41 1
1 2 96
2 41 2
1 2 96
2 41 1
1 2 96
2 41 2
1 2 50
2 41 1
2 40 2
1 2 95
2 40 1
1 2 1
2 40 2
1 2 1
2 40 1
2 42 2
1 2 96
2 42 1
1 2 96
2 42 2
1 2 96
2 42 1
1 2 96
2 42 2
1 2 96
2 42 1
1 2 96
2 42 2
1 2 96
2 42 1
1 2 96
2 42 2
1 2 96
2 42 1
1 2 96
2 42 2
1 2 96
2 42 1
1 2 96
2 42 2
1 2 96
2 42 1
1 2 96
2 42 2
1 2 96
2 42 1
1 2 96
2 42 2
1 2 96
2 42 1
1 2 96
2 42 2
1 2 96
2 42 1
1 2 96
2 42 2
1 2 96
2 42 1
1 2 96
2 42 2
1 2 96
2 42 1
1 2 96
2 42 2
1 2 96
2 42 1
1 2 96
2 42 2
1 2 96
2 42 1
1 2 96
2 42 2
1 2 96
2 42 1
1 2 96
2 42 2
1 2 96
2 42 1
1 2 96
2 42 2
1 2 96
2 42 1
1 2 96
2 42 2
1 2 96
2 42 1
1 2 96
2 42 2
1 2 96
2 42 1
1 2 96
2 42 2
1 2 96
2 42 1
1 2 96
2 42 2
1 2 96
2 42 1
1 2 96
2 42 2
1 2 96
2 42 1
1 2 96
2 42 2
1 2 44
2 42 1
2 41 2
1 2 95
2 41 1
1 2 1
2 41 2
1 2 1
2 41 1
2 42 2
1 2 96
2 42 1
1 2 96
2 42 2
1 2 96
2 42 1
1 2 96
2 42 2
1 2 96
2 42 1
1 2 96
2 42 2
1 2 96
2 42 1
1 2 96
2 42 2
1 2 96
2 42 1
1 2 96
2 42 2
1 2 96
2 42 1
1 2 96
2 42 2
1 2 96
2 42 1
1 2 96
2 42 2
1 2 96
2 42 1
1 2 96
2 42 2
1 2 96
2 42 1
1 2 96
2 42 2
1 2 96
2 42 1
1 2 96
2 42 2
1 2 96
2 42 1
1 2 96
2 42 2
1 2 96
2 42 1
1 2 96
2 42 2
1 2 96
2 42 1
1 2 96
2 42 2
1 2 96
2 42 1
1 2 96
2 42 2
1 2 96
2 42 1
1 2 96
2 42 2
1 2 96
2 42 1
1 2 96
2 42 2
1 2 96
2 42 1
1 2 96
2 42 2
1 2 96
2 42 1
1 2 96
2 42 2
1 2 96
2 42 1
1 2 96
2 42 2
1 2 96
2 42 1
1 2 96
2 42 2
1 2 96
2 42 1
1 2 96
2 42 2
1 2 96
2 42 1
1 2 96
2 42 2
1 2 44
2 42 1
2 43 2
1 2 96
2 43 1
1 2 96
2 43 2
1 2 96
2 43 1
1 2 96
2 43 2
1 2 96
2 43 1
1 2 96
2 43 2
1 2 96
2 43 1
1 2 96
2 43 2
1 2 96
2 43 1
1 2 96
2 43 2
1 2 96
2 43 1
1 2 96
2 43 2
1 2 96
2 43 1
1 2 96
2 43 2
1 2 96
2 43 1
1 2 96
2 43 2
1 2 96
2 43 1
1 2 96
2 43 2
1 2 96
2 43 1
1 2 96
2 43 2
1 2 96
2 43 1
1 2 96
2 43 2
1 2 96
2 43 1
1 2 96
2 43 2
1 2 96
2 43 1
1 2 96
2 43 2
1 2 96
2 43 1
1 2 96
2 43 2
1 2 96
2 43 1
1 2 96
2 43 2
1 2 96
2 43 1
1 2 96
2 43 2
1 2 96
2 43 1
1 2 96
2 43 2
1 2 96
2 43 1
1 2 96
2 43 2
1 2 36
2 43 1
2 44 2
1 2 96
2 44 1
1 2 96
2 44 2
1 2 96
2 44 1
1 2 96
2 44 2
1 2 96
2 44 1
1 2 96
2 44 2
1 2 96
2 44 1
1 2 96
2 44 2
1 2 96
2 44 1
1 2 96
2 44 2
1 2 96
2 44 1
1 2 96
2 44 2
1 2 96
2 44 1
1 2 96
2 44 2
1 2 14
2 44 1
2 45 2
1 2 96
2 45 1
1 2 96
2 45 2
1 2 96
2 45 1
1 2 96
2 45 2
1 2 96
2 45 1
1 2 96
2 45 2
1 2 96
2 45 1
1 2 96
2 45 2
1 2 96
2 45 1
1 2 96
2 45 2
1 2 96
2 45 1
1 2 96
2 45 2
1 2 96
2 45 1
1 2 96
2 45 2
1 2 96
2 45 1
1 2 96
2 45 2
1 2 96
2 45 1
1 2 96
2 45 2
1 2 96
2 45 1
1 2 96
2 45 2
1 2 96
2 45 1
1 2 96
2 45 2
1 2 96
2 45 1
1 2 96
2 45 2
1 2 96
2 45 1
1 2 96
2 45 2
1 2 96
2 45 1
1 2 96
2 45 2
1 2 28
2 45 1
2 47 2
1 2 96
2 47 1
1 2 96
2 47 2
1 2 96
2 47 1
1 2 96
2 47 2
1 2 96
2 47 1
1 2 96
2 47 2
1 2 96
2 47 1
1 2 96
2 47 2
1 2 96
2 47 1
1 2 96
2 47 2
1 2 96
2 47 1
1 2 96
2 47 2
1 2 96
2 47 1
1 2 96
2 47 2
1 2 96
2 47 1
1 2 96
2 47 2
1 2 96
2 47 1
1 2 96
2 47 2
1 2 96
2 47 1
1 2 96
2 47 2
1 2 96
2 47 1
1 2 96
2 47 2
1 2 96
2 47 1
1 2 96
2 47 2
1 2 96
2 47 1
1 2 96
2 47 2
1 2 96
2 47 1
1 2 96
2 47 2
1 2 96
2 47 1
1 2 96
2 47 2
1 2 30
2 47 1
2 46 2
1 2 95
2 46 1
1 2 1
2 46 2
1 2 1
2 46 1
2 48 2
1 2 96
2 48 1
1 2 96
2 48 2
1 2 96
2 48 1
1 2 96
2 48 2
1 2 96
2 48 1
1 2 96
2 48 2
1 2 96
2 48 1
1 2 96
2 48 2
1 2 96
2 48 1
1 2 96
2 48 2
1 2 96
2 48 1
1 2 96
2 48 2
1 2 96
2 48 1
1 2 96
2 48 2
1 2 96
2 48 1
1 2 96
2 48 2
1 2 96
2 48 1
1 2 96
2 48 2
1 2 96
2 48 1
1 2 96
2 48 2
1 2 96
2 48 1
1 2 96
2 48 2
1 2 96
2 48 1
1 2 96
2 48 2
1 2 96
2 48 1
1 2 96
2 48 2
1 2 96
2 48 1
1 2 96
2 48 2
1 2 96
2 48 1
1 2 96
2 48 2
1 2 96
2 48 1
1 2 96
2 48 2
1 2 96
2 48 1
1 2 96
2 48 2
1 2 34
2 48 1
2 47 2
1 2 95
2 47 1
1 2 1
2 47 2
1 2 1
2 47 1
2 49 2
1 2 96
2 49 1
1 2 96
2 49 2
1 2 96
2 49 1
1 2 96
2 49 2
1 2 96
2 49 1
1 2 96
2 49 2
1 2 96
2 49 1
1 2 96
2 49 2
1 2 96
2 49 1
1 2 96
2 49 2
1 2 96
2 49 1
1 2 96
2 49 2
1 2 96
2 49 1
1 2 96
2 49 2
1 2 96
2 49 1
1 2 96
2 49 2
1 2 96
2 49 1
1 2 96
2 49 2
1 2 96
2 49 1
1 2 96
2 49 2
1 2 96
2 49 1
1 2 96
2 49 2
1 2 96
2 49 1
1 2 96
2 49 2
1 2 96
2 49 1
1 2 96
2 49 2
1 2 96
2 49 1
1 2 96
2 49 2
1 2 96
2 49 1
1 2 96
2 49 2
1 2 96
2 49 1
1 2 96
2 49 2
1 2 96
2 49 1
1 2 96
2 49 2
1 2 96
2 49 1
1 2 96
2 49 2
1 2 96
2 49 1
1 2 96
2 49 2
1 2 96
2 49 1
1 2 96
2 49 2
1 2 96
2 49 1
1 2 96
2 49 2
1 2 96
2 49 1
1 2 96
2 49 2
1 2 96
2 49 1
1 2 96
2 49 2
1 2 46
2 49 1
2 48 2
1 2 95
2 48 1
1 2 1
2 48 2
1 2 1
2 48 1
2 50 2
1 2 96
2 50 1
1 2 96
2 50 2
1 2 96
2 50 1
1 2 96
2 50 2
1 2 96
2 50 1
1 2 96
2 50 2
1 2 96
2 50 1
1 2 96
2 50 2
1 2 96
2 50 1
1 2 96
2 50 2
1 2 96
2 50 1
1 2 96
2 50 2
1 2 96
2 50 1
1 2 96
2 50 2
1 2 96
2 50 1
1 2 96
2 50 2
1 2 96
2 50 1
1 2 96
2 50 2
1 2 96
2 50 1
1 2 96
2 50 2
1 2 96
2 50 1
1 2 96
2 50 2
1 2 96
2 50 1
1 2 96
2 50 2
1 2 96
2 50 1
1 2 96
2 50 2
1 2 96
2 50 1
1 2 96
2 50 2
1 2 96
2 50 1
1 2 96
2 50 2
1 2 96
2 50 1
1 2 96
2 50 2
1 2 96
2 50 1
1 2 96
2 50 2
1 2 96
2 50 1
1 2 96
2 50 2
1 2 96
2 50 1
1 2 96
2 50 2
1 2 96
2 50 1
1 2 96
2 50 2
1 2 40
2 50 1
2 49 2
1 2 95
2 49 1
1 2 1
2 49 2
1 2 1
2 49 1
2 50 2
1 2 96
2 50 1
1 2 96
2 50 2
1 2 96
2 50 1
1 2 96
2 50 2
1 2 96
2 50 1
1 2 96
2 50 2
1 2 96
2 50 1
1 2 96
2 50 2
1 2 96
2 50 1
1 2 96
2 50 2
1 2 96
2 50 1
1 2 96
2 50 2
1 2 96
2 50 1
1 2 96
2 50 2
1 2 96
2 50 1
1 2 96
2 50 2
1 2 96
2 50 1
1 2 96
2 50 2
1 2 96
2 50 1
1 2 96
2 50 2
1 2 96
2 50 1
1 2 96
2 50 2
1 2 96
2 50 1
1 2 96
2 50 2
1 2 96
2 50 1
1 2 96
2 50 2
1 2 96
2 50 1
1 2 96
2 50 2
1 2 28
2 50 1
2 52 2
1 2 96
2 52 1
1 2 96
2 52 2
1 2 96
2 52 1
1 2 96
2 52 2
1 2 96
2 52 1
1 2 96
2 52 2
1 2 96
2 52 1
1 2 96
2 52 2
1 2 96
2 52 1
1 2 96
2 52 2
1 2 96
2 52 1
1 2 96
2 52 2
1 2 96
2 52 1
1 2 96
2 52 2
1 2 96
2 52 1
1 2 96
2 52 2
1 2 96
2 52 1
1 2 96
2 52 2
1 2 96
2 52 1
1 2 96
2 52 2
1 2 96
2 52 1
1 2 96
2 52 2
1 2 96
2 52 1
1 2 96
2 52 2
1 2 96
2 52 1
1 2 96
2 52 2
1 2 96
2 52 1
1 2 96
2 52 2
1 2 96
2 52 1
1 2 96
2 52 2
1 2 96
2 52 1
1 2 96
2 52 2
1 2 96
2 52 1
1 2 96
2 52 2
1 2 96
2 52 1
1 2 96
2 52 2
1 2 96
2 52 1
1 2 96
2 52 2
1 2 96
2 52 1
1 2 96
2 52 2
1 2 96
2 52 1
1 2 96
2 52 2
1 2 42
2 52 1
2 51 2
1 2 95
2 51 1
1 2 1
2 51 2
1 2 1
2 51 1
2 52 2
1 2 96
2 52 1
1 2 96
2 52 2
1 2 96
2 52 1
1 2 96
2 52 2
1 2 96
2 52 1
1 2 96
2 52 2
1 2 96
2 52 1
1 2 96
2 52 2
1 2 96
2 52 1
1 2 96
2 52 2
1 2 96
2 52 1
1 2 96
2 52 2
1 2 96
2 52 1
1 2 96
2 52 2
1 2 96
2 52 1
1 2 96
2 52 2
1 2 96
2 52 1
1 2 96
2 52 2
1 2 96
2 52 1
1 2 96
2 52 2
1 2 96
2 52 1
1 2 96
2 52 2
1 2 96
2 52 1
1 2 96
2 52 2
1 2 96
2 52 1
1 2 96
2 52 2
1 2 96
2 52 1
1 2 96
2 52 2
1 2 96
2 52 1
1 2 96
2 52 2
1 2 96
2 52 1
1 2 96
2 52 2
1 2 96
2 52 1
1 2 96
2 52 2
1 2 34
2 52 1
2 53 2
1 2 96
2 53 1
1 2 96
2 53 2
1 2 96
2 53 1
1 2 96
2 53 2
1 2 96
2 53 1
1 2 96
2 53 2
1 2 96
2 53 1
1 2 96
2 53 2
1 2 96
2 53 1
1 2 96
2 53 2
1 2 96
2 53 1
1 2 96
2 53 2
1 2 96
2 53 1
1 2 96
2 53 2
1 2 14
2 53 1
2 55 2
1 2 96
2 55 1
1 2 96
2 55 2
1 2 96
2 55 1
1 2 96
2 55 2
1 2 96
2 55 1
1 2 96
2 55 2
1 2 96
2 55 1
1 2 96
2 55 2
1 2 96
2 55 1
1 2 96
2 55 2
1 2 96
2 55 1
1 2 96
2 55 2
1 2 96
2 55 1
1 2 96
2 55 2
1 2 96
2 55 1
1 2 96
2 55 2
1 2 96
2 55 1
1 2 96
2 55 2
1 2 96
2 55 1
1 2 96
2 55 2
1 2 96
2 55 1
1 2 96
2 55 2
1 2 96
2 55 1
1 2 96
2 55 2
1 2 96
2 55 1
1 2 96
2 55 2
1 2 96
2 55 1
1 2 96
2 55 2
1 2 96
2 55 1
1 2 96
2 55 2
1 2 96
2 55 1
1 2 96
2 55 2
1 2 96
2 55 1
1 2 96
2 55 2
1 2 96
2 55 1
1 2 96
2 55 2
1 2 96
2 55 1
1 2 96
2 55 2
1 2 38
2 55 1
2 54 2
1 2 95
2 54 1
1 2 1
2 54 2
1 2 1
2 54 1
2 55 2
1 2 96
2 55 1
1 2 96
2 55 2
1 2 96
2 55 1
1 2 96
2 55 2
1 2 96
2 55 1
1 2 96
2 55 2
1 2 96
2 55 1
1 2 96
2 55 2
1 2 96
2 55 1
1 2 96
2 55 2
1 2 96
2 55 1
1 2 96
2 55 2
1 2 96
2 55 1
1 2 96
2 55 2
1 2 96
2 55 1
1 2 96
2 55 2
1 2 96
2 55 1
1 2 96
2 55 2
1 2 96
2 55 1
1 2 96
2 55 2
1 2 96
2 55 1
1 2 96
2 55 2
1 2 96
2 55 1
1 2 96
2 55 2
1 2 96
2 55 1
1 2 96
2 55 2
1 2 26
2 55 1
2 57 2
1 2 96
2 57 1
1 2 96
2 57 2
1 2 96
2 57 1
1 2 96
2 57 2
1 2 96
2 57 1
1 2 96
2 57 2
1 2 96
2 57 1
1 2 96
2 57 2
1 2 96
2 57 1
1 2 96
2 57 2
1 2 96
2 57 1
1 2 96
2 57 2
1 2 12
2 57 1
2 56 2
1 2 95
2 56 1
1 2 1
2 56 2
1 2 1
2 56 1
2 57 2
1 2 96
2 57 1
1 2 96
2 57 2
1 2 96
2 57 1
1 2 96
2 57 2
1 2 4
2 57 1
2 59 2
1 2 0
2 59 1
2 58 2
1 2 95
2 58 1
1 2 1
2 58 2
1 2 1
2 58 1
2 60 2
1 2 96
2 60 1
1 2 96
2 60 2
1 2 96
2 60 1
1 2 96
2 60 2
1 2 96
2 60 1
1 2 96
2 60 2
1 2 6
2 60 1
2 59 2
1 2 95
2 59 1
1 2 1
2 59 2
1 2 1
2 59 1
2 60 2
1 2 96
2 60 1
1 2 96
2 60 2
1 2 96
2 60 1
1 2 96
2 60 2
1 2 96
2 60 1
1 2 96
2 60 2
1 2 96
2 60 1
1 2 96
2 60 2
1 2 96
2 60 1
1 2 96
2 60 2
1 2 96
2 60 1
1 2 96
2 60 2
1 2 96
2 60 1
1 2 96
2 60 2
1 2 96
2 60 1
1 2 96
2 60 2
1 2 16
2 60 1
2 61 2
1 2 96
2 61 1
1 2 96
2 61 2
1 2 96
2 61 1
1 2 96
2 61 2
1 2 96
2 61 1
1 2 96
2 61 2
1 2 96
2 61 1
1 2 96
2 61 2
1 2 96
2 61 1
1 2 96
2 61 2
1 2 96
2 61 1
1 2 96
2 61 2
1 2 96
2 61 1
1 2 96
2 61 2
1 2 96
2 61 1
1 2 96
2 61 2
1 2 16
2 61 1
2 63 2
1 2 96
2 63 1
1 2 96
2 63 2
1 2 96
2 63 1
1 2 96
2 63 2
1 2 96
2 63 1
1 2 96
2 63 2
1 2 96
2 63 1
1 2 96
2 63 2
1 2 8
2 63 1
2 62 2
1 2 95
2 62 1
1 2 1
2 62 2
1 2 1
2 62 1
2 64 2
1 2 96
2 64 1
1 2 96
2 64 2
1 2 96
2 64 1
1 2 96
2 64 2
1 2 96
2 64 1
1 2 96
2 64 2
1 2 96
2 64 1
1 2 96
2 64 2
1 2 96
2 64 1
1 2 96
2 64 2
1 2 96
2 64 1
1 2 96
2 64 2
1 2 96
2 64 1
1 2 96
2 64 2
1 2 96
2 64 1
1 2 96
2 64 2
1 2 16
2 64 1
2 63 2
1 2 95
2 63 1
1 2 1
2 63 2
1 2 1
2 63 1
2 65 2
1 2 96
2 65 1
1 2 96
2 65 2
1 2 2
2 65 1
2 64 2
1 2 95
2 64 1
1 2 1
2 64 2
1 2 1
2 64 1
2 65 2
1 2 96
2 65 1
1 2 96
2 65 2
1 2 96
2 65 1
1 2 96
2 65 2
1 2 96
2 65 1
1 2 96
2 65 2
1 2 96
2 65 1
1 2 96
2 65 2
1 2 96
2 65 1
1 2 96
2 65 2
1 2 96
2 65 1
1 2 96
2 65 2
1 2 96
2 65 1
1 2 96
2 65 2
1 2 96
2 65 1
1 2 96
2 65 2
1 2 96
2 65 1
1 2 96
2 65 2
1 2 96
2 65 1
1 2 96
2 65 2
1 2 96
2 65 1
1 2 96
2 65 2
1 2 96
2 65 1
1 2 96
2 65 2
1 2 96
2 65 1
1 2 96
2 65 2
1 2 26
2 65 1
2 66 2
1 2 96
2 66 1
1 2 96
2 66 2
1 2 96
2 66 1
1 2 96
2 66 2
1 2 96
2 66 1
1 2 96
2 66 2
1 2 96
2 66 1
1 2 96
2 66 2
1 2 96
2 66 1
1 2 96
2 66 2
1 2 96
2 66 1
1 2 96
2 66 2
1 2 96
2 66 1
1 2 96
2 66 2
1 2 96
2 66 1
1 2 96
2 66 2
1 2 96
2 66 1
1 2 96
2 66 2
1 2 96
2 66 1
1 2 96
2 66 2
1 2 20
2 66 1
2 67 2
1 2 96
2 67 1
1 2 96
2 67 2
1 2 96
2 67 1
1 2 96
2 67 2
1 2 96
2 67 1
1 2 96
2 67 2
1 2 96
2 67 1
1 2 96
2 67 2
1 2 96
2 67 1
1 2 96
2 67 2
1 2 96
2 67 1
1 2 96
2 67 2
1 2 96
2 67 1
1 2 96
2 67 2
1 2 96
2 67 1
1 2 96
2 67 2
1 2 96
2 67 1
1 2 96
2 67 2
1 2 96
2 67 1
1 2 96
2 67 2
1 2 20
2 67 1
2 68 2
1 2 96
2 68 1
1 2 96
2 68 2
1 2 96
2 68 1
1 2 96
2 68 2
1 2 96
2 68 1
1 2 96
2 68 2
1 2 6
2 68 1
2 70 2
1 2 96
2 70 1
1 2 96
2 70 2
1 2 96
2 70 1
1 2 96
2 70 2
1 2 96
2 70 1
1 2 96
2 70 2
1 2 96
2 70 1
1 2 96
2 70 2
1 2 96
2 70 1
1 2 96
2 70 2
1 2 96
2 70 1
1 2 96
2 70 2
1 2 96
2 70 1
1 2 96
2 70 2
1 2 96
2 70 1
1 2 96
2 70 2
1 2 96
2 70 1
1 2 96
2 70 2
1 2 96
2 70 1
1 2 96
2 70 2
1 2 96
2 70 1
1 2 96
2 70 2
1 2 22
2 70 1
2 69 2
1 2 95
2 69 1
1 2 1
2 69 2
1 2 1
2 69 1
2 71 2
1 2 0
2 71 1
2 70 2
1 2 95
2 70 1
1 2 1
2 70 2
1 2 1
2 70 1
2 72 2
1 2 96
2 72 1
1 2 96
2 72 2
1 2 96
2 72 1
1 2 96
2 72 2
1 2 96
2 72 1
1 2 96
2 72 2
1 2 96
2 72 1
1 2 96
2 72 2
1 2 8
2 72 1
2 71 2
1 2 95
2 71 1
1 2 1
2 71 2
1 2 1
2 71 1
2 73 2
1 2 96
2 73 1
1 2 96
2 73 2
1 2 96
2 73 1
1 2 96
2 73 2
1 2 96
2 73 1
1 2 96
2 73 2
1 2 96
2 73 1
1 2 96
2 73 2
1 2 96
2 73 1
1 2 96
2 73 2
1 2 10
2 73 1
2 72 2
1 2 95
2 72 1
1 2 1
2 72 2
1 2 1
2 72 1
2 74 2
1 2 96
2 74 1
1 2 96
2 74 2
1 2 96
2 74 1
1 2 96
2 74 2
1 2 96
2 74 1
1 2 96
2 74 2
1 2 6
2 74 1
2 73 2
1 2 95
2 73 1
1 2 1
2 73 2
1 2 1
2 73 1
2 75 2
1 2 96
2 75 1
1 2 96
2 75 2
1 2 96
2 75 1
1 2 96
2 75 2
1 2 4
2 75 1
2 74 2
1 2 95
2 74 1
1 2 1
2 74 2
1 2 1
2 74 1
2 75 2
1 2 96
2 75 1
1 2 96
2 75 2
1 2 96
2 75 1
1 2 96
2 75 2
1 2 96
2 75 1
1 2 96
2 75 2
1 2 96
2 75 1
1 2 96
2 75 2
1 2 96
2 75 1
1 2 96
2 75 2
1 2 96
2 75 1
1 2 96
2 75 2
1 2 96
2 75 1
1 2 96
2 75 2
1 2 14
2 75 1
2 77 2
1 2 96
2 77 1
1 2 96
2 77 2
1 2 96
2 77 1
1 2 96
2 77 2
1 2 96
2 77 1
1 2 96
2 77 2
1 2 6
2 77 1
2 76 2
1 2 95
2 76 1
1 2 1
2 76 2
1 2 1
2 76 1
2 78 2
1 2 96
2 78 1
1 2 96
2 78 2
1 2 96
2 78 1
1 2 96
2 78 2
1 2 96
2 78 1
1 2 96
2 78 2
1 2 96
2 78 1
1 2 96
2 78 2
1 2 96
2 78 1
1 2 96
2 78 2
1 2 10
2 78 1
2 77 2
1 2 95
2 77 1
1 2 1
2 77 2
1 2 1
2 77 1
2 79 2
1 2 96
2 79 1
1 2 96
2 79 2
1 2 96
2 79 1
1 2 96
2 79 2
1 2 96
2 79 1
1 2 96
2 79 2
1 2 96
2 79 1
1 2 96
2 79 2
1 2 96
2 79 1
1 2 96
2 79 2
1 2 10
2 79 1
2 78 2
1 2 95
2 78 1
1 2 1
2 78 2
1 2 1
2 78 1
2 79 2
1 2 96
2 79 1
1 2 96
2 79 2
1 2 2
2 79 1
2 81 2
1 2 96
2 81 1
1 2 96
2 81 2
1 2 96
2 81 1
1 2 96
2 81 2
1 2 4
2 81 1
2 80 2
1 2 95
2 80 1
1 2 1
2 80 2
1 2 1
2 80 1
2 82 2
1 2 96
2 82 1
1 2 96
2 82 2
1 2 96
2 82 1
1 2 96
2 82 2
1 2 96
2 82 1
1 2 96
2 82 2
1 2 96
2 82 1
1 2 96
2 82 2
1 2 8
2 82 1
2 81 2
1 2 95
2 81 1
1 2 1
2 81 2
1 2 1
2 81 1
2 83 2
1 2 96
2 83 1
1 2 96
2 83 2
1 2 96
2 83 1
1 2 96
2 83 2
1 2 96
2 83 1
1 2 96
2 83 2
1 2 96
2 83 1
1 2 96
2 83 2
1 2 8
2 83 1
2 82 2
1 2 95
2 82 1
1 2 1
2 82 2
1 2 1
2 82 1
2 84 2
1 2 96
2 84 1
1 2 96
2 84 2
1 2 96
2 84 1
1 2 96
2 84 2
1 2 96
2 84 1
1 2 96
2 84 2
1 2 6
2 84 1
2 83 2
1 2 95
2 83 1
1 2 1
2 83 2
1 2 1
2 83 1
2 85 2
1 2 96
2 85 1
1 2 96
2 85 2
1 2 96
2 85 1
1 2 96
2 85 2
1 2 96
2 85 1
1 2 96
2 85 2
1 2 96
2 85 1
1 2 96
2 85 2
1 2 96
2 85 1
1 2 96
2 85 2
1 2 10
2 85 1
2 84 2
1 2 95
2 84 1
1 2 1
2 84 2
1 2 1
2 84 1
2 86 2
1 2 96
2 86 1
1 2 96
2 86 2
1 2 96
2 86 1
1 2 96
2 86 2
1 2 96
2 86 1
1 2 96
2 86 2
1 2 96
2 86 1
1 2 96
2 86 2
1 2 96
2 86 1
1 2 96
2 86 2
1 2 10
2 86 1
2 85 2
1 2 95
2 85 1
1 2 1
2 85 2
1 2 1
2 85 1
2 86 2
1 2 96
2 86 1
1 2 96
2 86 2
1 2 96
2 86 1
1 2 96
2 86 2
1 2 96
2 86 1
1 2 96
2 86 2
1 2 96
2 86 1
1 2 96
2 86 2
1 2 8
2 86 1
2 87 2
1 2 96
2 87 1
1 2 96
2 87 2
1 2 2
2 87 1
2 88 2
1 2 96
2 88 1
1 2 96
2 88 2
1 2 96
2 88 1
1 2 96
2 88 2
1 2 4
2 88 1
2 89 2
1 2 96
2 89 1
1 2 96
2 89 2
1 2 96
2 89 1
1 2 96
2 89 2
1 2 4
2 89 1
2 92 2
1 2 96
2 92 1
1 2 96
2 92 2
1 2 2
2 92 1
2 91 2
1 2 95
2 91 1
1 2 1
2 91 2
1 2 1
2 91 1
2 93 2
1 2 0
2 93 1
2 92 2
1 2 95
2 92 1
1 2 1
2 92 2
1 2 1
2 92 1
2 94 2
1 2 96
2 94 1
1 2 96
2 94 2
1 2 2
2 94 1
2 93 2
1 2 95
2 93 1
1 2 1
2 93 2
1 2 1
2 93 1
