6150
1 4 19
2 0 1
1 2 78
2 1 3
1 4 60
2 2 1
1 4 23
2 3 1
2 39 1
1 1 63
2 4 4
2 89 1
1 1 14
2 5 4
1 4 49
2 6 1
1 3 13
2 7 2
2 22 1
1 1 84
2 8 4
1 4 8
2 9 1
1 2 53
2 10 3
2 90 1
1 1 19
2 11 4
2 34 1
1 1 76
2 12 4
1 2 96
2 13 3
1 1 11
2 14 4
2 33 1
1 1 80
2 15 4
1 2 57
2 16 3
2 20 1
1 1 95
2 17 4
1 1 41
2 18 4
1 1 38
2 19 4
1 4 85
2 20 1
1 3 38
2 21 2
1 4 70
2 22 1
1 3 8
2 23 2
1 4 72
2 24 1
1 4 16
2 25 1
1 2 52
2 26 3
2 52 1
1 1 73
2 27 4
2 89 1
1 1 37
2 28 4
1 4 87
2 29 1
2 86 1
1 1 42
2 30 4
1 4 52
2 31 1
2 42 1
1 1 88
2 32 4
1 2 53
2 33 3
1 2 35
2 34 3
1 3 47
2 35 2
1 4 5
2 36 1
1 3 13
2 37 2
1 3 78
2 38 2
1 4 43
2 39 1
1 4 19
2 40 1
1 1 51
2 41 4
1 1 9
2 42 4
1 1 62
2 43 4
1 3 30
2 44 2
1 3 42
2 45 2
1 1 1
2 46 4
1 3 51
2 47 2
2 49 1
1 1 97
2 48 4
2 83 1
1 1 64
2 49 4
1 1 68
2 50 4
1 1 75
2 51 4
1 2 15
2 52 3
1 2 59
2 53 3
1 3 88
2 54 2
1 2 2
2 55 3
1 4 59
2 56 1
2 64 1
1 1 91
2 57 4
1 1 31
2 58 4
1 1 31
2 59 4
1 4 75
2 60 1
1 3 9
2 61 2
2 85 1
1 1 75
2 62 4
2 92 1
1 1 69
2 63 4
1 1 48
2 64 4
1 1 54
2 65 4
1 2 95
2 66 3
1 4 24
2 67 1
1 2 42
2 68 3
1 4 79
2 69 1
1 2 36
2 70 3
1 4 20
2 71 1
1 2 74
2 72 3
1 3 22
2 73 2
1 4 11
2 74 1
1 1 56
2 75 4
1 1 43
2 76 4
1 1 32
2 77 4
1 1 3
2 78 4
1 4 37
2 79 1
1 3 70
2 80 2
1 4 42
2 81 1
1 2 45
2 82 3
1 2 89
2 83 3
1 1 61
2 84 4
1 4 57
2 85 1
1 3 90
2 86 2
1 2 69
2 87 3
1 3 21
2 88 2
1 4 93
2 89 1
1 4 14
2 90 1
1 1 42
2 91 4
2 92 1
1 4 35
2 93 1
1 3 60
2 94 2
1 1 24
2 95 4
1 2 64
2 96 3
1 2 19
2 97 3
2 0 3
1 4 55
2 0 2
2 1 1
1 2 48
2 1 4
2 2 1
1 2 66
2 2 4
2 3 3
1 4 91
2 3 2
2 4 3
1 4 2
2 4 2
1 1 84
2 5 4
1 1 14
2 5 1
2 6 2
1 3 87
2 6 3
2 7 3
1 4 53
2 7 2
2 8 1
1 2 52
2 8 4
2 9 3
1 4 80
2 9 2
2 10 1
1 2 18
2 10 4
2 11 1
1 2 60
2 11 4
2 12 1
1 2 65
2 12 4
2 13 3
1 4 55
2 13 2
2 14 1
1 2 78
2 14 4
2 15 1
1 2 59
2 15 4
2 16 3
1 4 39
2 16 2
2 17 1
1 2 8
2 17 4
2 18 3
1 4 91
2 18 2
2 19 2
1 3 29
2 19 3
2 20 3
1 4 7
2 20 2
1 1 53
2 21 4
1 1 45
2 21 1
2 22 3
1 4 29
2 22 2
2 23 2
1 3 24
2 23 3
2 24 3
1 4 63
2 24 2
1 1 80
2 25 4
1 1 18
2 25 1
2 26 2
1 3 21
2 26 3
2 27 2
1 3 68
2 27 3
2 28 1
1 2 61
2 28 4
1 1 68
2 29 4
1 1 30
2 29 1
2 30 3
1 4 91
2 30 2
2 31 3
1 4 89
2 31 2
2 32 2
1 3 87
2 32 3
2 33 2
1 3 38
2 33 3
2 34 2
1 3 10
2 34 3
2 35 1
1 2 65
2 35 4
2 36 1
1 2 95
2 36 4
2 37 1
1 2 42
2 37 4
2 38 3
1 4 23
2 38 2
1 1 68
2 39 4
1 1 30
2 39 1
2 40 1
1 2 40
2 40 4
2 41 2
1 3 38
2 41 3
2 42 3
1 4 33
2 42 2
2 43 1
1 2 76
2 43 4
2 44 3
1 4 49
2 44 2
1 1 46
2 45 4
1 1 52
2 45 1
2 46 1
1 2 10
2 46 4
2 47 1
1 2 70
2 47 4
2 48 2
1 3 5
2 48 3
2 49 3
1 4 31
2 49 2
2 50 1
1 2 92
2 50 4
2 51 3
1 4 20
2 51 2
2 52 3
1 4 27
2 52 2
2 53 2
1 3 48
2 53 3
2 54 3
1 4 39
2 54 2
2 55 3
1 4 55
2 55 2
2 56 2
1 3 59
2 56 3
2 57 3
1 4 3
2 57 2
2 58 2
1 3 38
2 58 3
1 1 80
2 59 4
1 1 18
2 59 1
2 60 3
1 4 72
2 60 2
2 61 1
1 2 72
2 61 4
2 62 1
1 2 7
2 62 4
2 63 1
1 2 49
2 63 4
2 64 3
1 4 65
2 64 2
2 65 3
1 4 19
2 65 2
2 66 3
1 4 29
2 66 2
1 1 77
2 67 4
1 1 21
2 67 1
2 68 1
1 2 5
2 68 4
1 1 73
2 69 4
1 1 25
2 69 1
2 70 2
1 3 28
2 70 3
2 71 1
1 2 27
2 71 4
2 72 1
1 2 73
2 72 4
2 73 1
1 2 30
2 73 4
1 1 81
2 74 4
1 1 17
2 74 1
2 75 3
1 4 53
2 75 2
2 76 2
1 3 23
2 76 3
2 77 1
1 2 43
2 77 4
2 78 3
1 4 25
2 78 2
2 79 3
1 4 10
2 79 2
2 80 2
1 3 83
2 80 3
2 81 1
1 2 67
2 81 4
2 82 1
1 2 58
2 82 4
1 1 87
2 83 4
1 1 11
2 83 1
2 84 1
1 2 17
2 84 4
2 85 2
1 3 24
2 85 3
2 86 3
1 4 72
2 86 2
2 87 1
1 2 40
2 87 4
2 88 3
1 4 15
2 88 2
2 89 3
1 4 13
2 89 2
2 90 2
1 3 40
2 90 3
2 91 1
1 2 42
2 91 4
2 92 3
1 4 1
2 92 2
2 93 1
1 2 64
2 93 4
2 94 3
1 4 53
2 94 2
2 95 3
1 4 74
2 95 2
2 96 3
1 4 1
2 96 2
2 97 2
1 3 40
2 97 3
1 2 75
2 0 4
1 2 23
2 0 1
2 1 2
1 4 34
2 1 3
2 2 2
1 4 91
2 2 3
1 2 45
2 3 4
1 2 53
2 3 1
2 4 2
1 4 96
2 4 3
2 5 2
1 4 73
2 5 3
1 2 87
2 6 4
1 2 11
2 6 1
1 2 22
2 7 4
1 2 76
2 7 1
1 2 49
2 8 4
1 2 49
2 8 1
2 9 1
1 3 81
2 9 4
1 2 52
2 10 4
1 2 46
2 10 1
1 2 77
2 11 4
1 2 21
2 11 1
2 12 2
1 4 25
2 12 3
1 2 23
2 13 4
1 2 75
2 13 1
2 14 2
1 4 78
2 14 3
2 15 1
1 3 16
2 15 4
2 16 2
1 4 34
2 16 3
1 2 74
2 17 4
1 2 24
2 17 1
2 18 2
1 4 74
2 18 3
2 19 2
1 4 70
2 19 3
2 20 2
1 4 13
2 20 3
2 21 1
1 3 80
2 21 4
2 22 2
1 4 52
2 22 3
2 23 2
1 4 5
2 23 3
2 24 2
1 4 84
2 24 3
2 25 1
1 3 38
2 25 4
1 2 96
2 26 4
1 2 2
2 26 1
2 27 2
1 4 54
2 27 3
2 28 1
1 3 45
2 28 4
1 2 65
2 29 4
1 2 33
2 29 1
2 30 1
1 3 11
2 30 4
2 31 2
1 4 46
2 31 3
1 2 66
2 32 4
1 2 32
2 32 1
1 2 36
2 33 4
1 2 62
2 33 1
1 2 87
2 34 4
1 2 11
2 34 1
2 35 2
1 4 6
2 35 3
2 36 1
1 3 3
2 36 4
1 2 78
2 37 4
1 2 20
2 37 1
2 38 2
1 4 25
2 38 3
2 39 2
1 4 42
2 39 3
2 40 1
1 3 39
2 40 4
1 2 97
2 41 4
1 2 1
2 41 1
2 42 1
1 3 67
2 42 4
2 43 1
1 3 11
2 43 4
1 2 92
2 44 4
1 2 6
2 44 1
2 45 2
1 4 20
2 45 3
2 46 1
1 3 85
2 46 4
1 2 82
2 47 4
1 2 16
2 47 1
2 48 1
1 3 33
2 48 4
2 49 1
1 3 94
2 49 4
1 2 59
2 50 4
1 2 39
2 50 1
2 51 2
1 4 69
2 51 3
2 52 1
1 3 34
2 52 4
2 53 2
1 4 42
2 53 3
2 54 2
1 4 91
2 54 3
2 55 1
1 3 94
2 55 4
2 56 1
1 3 96
2 56 4
2 57 1
1 3 57
2 57 4
2 58 2
1 4 64
2 58 3
1 2 83
2 59 4
1 2 15
2 59 1
2 60 1
1 3 87
2 60 4
2 61 1
1 3 22
2 61 4
2 62 2
1 4 26
2 62 3
2 63 2
1 4 45
2 63 3
2 64 2
1 4 84
2 64 3
2 65 1
1 3 94
2 65 4
2 66 2
1 4 79
2 66 3
2 67 2
1 4 3
2 67 3
2 68 1
1 3 7
2 68 4
2 69 1
1 3 80
2 69 4
2 70 2
1 4 50
2 70 3
2 71 1
1 3 3
2 71 4
2 72 2
1 4 65
2 72 3
1 2 83
2 73 4
1 2 15
2 73 1
2 74 1
1 3 15
2 74 4
2 75 2
1 4 43
2 75 3
1 2 82
2 76 4
1 2 16
2 76 1
2 77 2
1 4 13
2 77 3
2 78 1
1 3 44
2 78 4
2 79 1
1 3 96
2 79 4
2 80 2
1 4 6
2 80 3
2 81 2
1 4 94
2 81 3
2 82 1
1 3 46
2 82 4
1 2 91
2 83 4
1 2 7
2 83 1
2 84 1
1 3 43
2 84 4
2 85 1
1 3 34
2 85 4
2 86 1
1 3 62
2 86 4
2 87 1
1 3 32
2 87 4
2 88 1
1 3 83
2 88 4
2 89 2
1 4 27
2 89 3
2 90 2
1 4 76
2 90 3
2 91 2
1 4 66
2 91 3
2 92 1
1 3 95
2 92 4
2 93 1
1 3 79
2 93 4
2 94 2
1 4 35
2 94 3
2 95 2
1 4 12
2 95 3
2 96 1
1 3 34
2 96 4
2 97 1
1 3 85
2 97 4
1 3 18
2 0 4
1 3 80
2 0 1
1 3 18
2 1 4
1 3 80
2 1 1
2 2 1
1 4 79
2 2 4
1 3 61
2 3 4
1 3 37
2 3 1
1 3 6
2 4 4
1 3 92
2 4 1
1 3 39
2 5 4
1 3 59
2 5 1
2 6 1
1 4 36
2 6 4
1 3 62
2 7 4
1 3 36
2 7 1
2 8 1
1 4 79
2 8 4
2 9 1
1 4 25
2 9 4
2 10 1
1 4 51
2 10 4
2 11 1
1 4 63
2 11 4
1 3 46
2 12 4
1 3 52
2 12 1
1 3 57
2 13 4
1 3 41
2 13 1
1 3 89
2 14 4
1 3 9
2 14 1
1 3 57
2 15 4
1 3 41
2 15 1
1 3 32
2 16 4
1 3 66
2 16 1
1 3 44
2 17 4
1 3 54
2 17 1
1 3 82
2 18 4
1 3 16
2 18 1
1 3 83
2 19 4
1 3 15
2 19 1
1 3 48
2 20 4
1 3 50
2 20 1
2 21 1
1 4 18
2 21 4
1 3 72
2 22 4
1 3 26
2 22 1
2 23 1
1 4 46
2 23 4
1 3 79
2 24 4
1 3 19
2 24 1
2 25 1
1 4 27
2 25 4
2 26 1
1 4 97
2 26 4
1 3 73
2 27 4
1 3 25
2 27 1
2 28 1
1 4 36
2 28 4
2 29 1
1 4 12
2 29 4
2 30 1
1 4 18
2 30 4
2 31 1
1 4 73
2 31 4
2 32 1
1 4 87
2 32 4
2 33 1
1 4 52
2 33 4
2 34 1
1 4 34
2 34 4
2 35 1
1 4 44
2 35 4
2 36 1
1 4 42
2 36 4
2 37 1
1 4 97
2 37 4
2 38 1
1 4 26
2 38 4
2 39 1
1 4 10
2 39 4
1 3 65
2 40 4
1 3 33
2 40 1
2 41 1
1 4 91
2 41 4
2 42 1
1 4 12
2 42 4
2 43 1
1 4 75
2 43 4
2 44 1
1 4 89
2 44 4
2 45 1
1 4 36
2 45 4
2 46 1
1 4 72
2 46 4
1 3 58
2 47 4
1 3 40
2 47 1
1 3 78
2 48 4
1 3 20
2 48 1
1 3 54
2 49 4
1 3 44
2 49 1
2 50 1
1 4 43
2 50 4
2 51 1
1 4 19
2 51 4
2 52 1
1 4 61
2 52 4
1 3 69
2 53 4
1 3 29
2 53 1
2 54 1
1 4 43
2 54 4
2 55 1
1 4 56
2 55 4
2 56 1
1 4 68
2 56 4
2 57 1
1 4 12
2 57 4
2 58 1
1 4 46
2 58 4
2 59 1
1 4 18
2 59 4
1 3 62
2 60 4
1 3 36
2 60 1
2 61 1
1 4 22
2 61 4
2 62 1
1 4 77
2 62 4
2 63 1
1 4 32
2 63 4
1 3 75
2 64 4
1 3 23
2 64 1
2 65 1
1 4 84
2 65 4
2 66 1
1 4 29
2 66 4
1 3 93
2 67 4
1 3 5
2 67 1
2 68 1
1 4 6
2 68 4
2 69 1
1 4 56
2 69 4
2 70 1
1 4 70
2 70 4
2 71 1
1 4 90
2 71 4
2 72 1
1 4 81
2 72 4
2 73 1
1 4 90
2 73 4
2 74 1
1 4 71
2 74 4
2 76 1
1 4 82
2 76 4
1 3 94
2 77 4
1 3 4
2 77 1
1 3 87
2 78 4
1 3 11
2 78 1
2 79 1
1 4 70
2 79 4
2 80 1
1 4 64
2 80 4
2 81 1
1 4 87
2 81 4
2 82 1
1 4 71
2 82 4
2 83 1
1 4 94
2 83 4
2 84 1
1 4 28
2 84 4
1 3 94
2 85 4
1 3 4
2 85 1
2 86 1
1 4 34
2 86 4
2 87 1
1 4 37
2 87 4
2 88 1
1 4 5
2 88 4
2 89 1
1 4 79
2 89 4
2 90 1
1 4 27
2 90 4
2 91 1
1 4 74
2 91 4
2 92 1
1 4 95
2 92 4
2 93 1
1 4 89
2 93 4
1 3 96
2 94 4
1 3 2
2 94 1
2 95 1
1 4 84
2 95 4
2 96 1
1 4 65
2 96 4
2 97 1
1 4 62
2 97 4
2 2 4
1 4 97
2 2 1
1 4 97
2 2 4
1 4 97
2 2 1
1 4 97
2 2 4
1 4 97
2 2 1
1 4 97
2 2 4
1 4 97
2 2 1
1 4 97
2 2 4
1 4 8
2 2 1
2 1 4
1 4 96
2 1 1
1 4 1
2 1 4
1 4 1
2 1 1
2 3 4
1 4 97
2 3 1
1 4 97
2 3 4
1 4 97
2 3 1
1 4 97
2 3 4
1 4 97
2 3 1
1 4 97
2 3 4
1 4 97
2 3 1
1 4 97
2 3 4
1 4 97
2 3 1
1 4 97
2 3 4
1 4 97
2 3 1
1 4 97
2 3 4
1 4 97
2 3 1
1 4 97
2 3 4
1 4 97
2 3 1
1 4 97
2 3 4
1 4 97
2 3 1
1 4 97
2 3 4
1 4 97
2 3 1
1 4 97
2 3 4
1 4 20
2 3 1
2 2 4
1 4 96
2 2 1
1 4 1
2 2 4
1 4 1
2 2 1
2 4 4
1 4 97
2 4 1
1 4 97
2 4 4
1 4 97
2 4 1
1 4 97
2 4 4
1 4 97
2 4 1
1 4 97
2 4 4
1 4 97
2 4 1
1 4 97
2 4 4
1 4 97
2 4 1
1 4 97
2 4 4
1 4 97
2 4 1
1 4 97
2 4 4
1 4 97
2 4 1
1 4 97
2 4 4
1 4 97
2 4 1
1 4 97
2 4 4
1 4 97
2 4 1
1 4 97
2 4 4
1 4 97
2 4 1
1 4 97
2 4 4
1 4 97
2 4 1
1 4 97
2 4 4
1 4 97
2 4 1
1 4 97
2 4 4
1 4 97
2 4 1
1 4 97
2 4 4
1 4 97
2 4 1
1 4 97
2 4 4
1 4 97
2 4 1
1 4 97
2 4 4
1 4 97
2 4 1
1 4 97
2 4 4
1 4 97
2 4 1
1 4 97
2 4 4
1 4 97
2 4 1
1 4 97
2 4 4
1 4 97
2 4 1
1 4 97
2 4 4
1 4 97
2 4 1
1 4 97
2 4 4
1 4 97
2 4 1
1 4 97
2 4 4
1 4 97
2 4 1
1 4 97
2 4 4
1 4 44
2 4 1
2 3 4
1 4 96
2 3 1
1 4 1
2 3 4
1 4 1
2 3 1
2 5 4
1 4 97
2 5 1
1 4 97
2 5 4
1 4 97
2 5 1
1 4 97
2 5 4
1 4 97
2 5 1
1 4 97
2 5 4
1 4 97
2 5 1
1 4 97
2 5 4
1 4 97
2 5 1
1 4 97
2 5 4
1 4 97
2 5 1
1 4 97
2 5 4
1 4 97
2 5 1
1 4 97
2 5 4
1 4 97
2 5 1
1 4 97
2 5 4
1 4 97
2 5 1
1 4 97
2 5 4
1 4 97
2 5 1
1 4 97
2 5 4
1 4 97
2 5 1
1 4 97
2 5 4
1 4 97
2 5 1
1 4 97
2 5 4
1 4 97
2 5 1
1 4 97
2 5 4
1 4 97
2 5 1
1 4 97
2 5 4
1 4 97
2 5 1
1 4 97
2 5 4
1 4 97
2 5 1
1 4 97
2 5 4
1 4 97
2 5 1
1 4 97
2 5 4
1 4 97
2 5 1
1 4 97
2 5 4
1 4 97
2 5 1
1 4 97
2 5 4
1 4 38
2 5 1
2 4 4
1 4 96
2 4 1
1 4 1
2 4 4
1 4 1
2 4 1
2 6 4
1 4 97
2 6 1
1 4 97
2 6 4
1 4 97
2 6 1
1 4 97
2 6 4
1 4 97
2 6 1
1 4 97
2 6 4
1 4 97
2 6 1
1 4 97
2 6 4
1 4 97
2 6 1
1 4 97
2 6 4
1 4 97
2 6 1
1 4 97
2 6 4
1 4 97
2 6 1
1 4 97
2 6 4
1 4 97
2 6 1
1 4 97
2 6 4
1 4 97
2 6 1
1 4 97
2 6 4
1 4 97
2 6 1
1 4 97
2 6 4
1 4 97
2 6 1
1 4 97
2 6 4
1 4 97
2 6 1
1 4 97
2 6 4
1 4 97
2 6 1
1 4 97
2 6 4
1 4 97
2 6 1
1 4 97
2 6 4
1 4 97
2 6 1
1 4 97
2 6 4
1 4 97
2 6 1
1 4 97
2 6 4
1 4 97
2 6 1
1 4 97
2 6 4
1 4 97
2 6 1
1 4 97
2 6 4
1 4 97
2 6 1
1 4 97
2 6 4
1 4 97
2 6 1
1 4 97
2 6 4
1 4 97
2 6 1
1 4 97
2 6 4
1 4 97
2 6 1
1 4 97
2 6 4
1 4 97
2 6 1
1 4 97
2 6 4
1 4 97
2 6 1
1 4 97
2 6 4
1 4 97
2 6 1
1 4 97
2 6 4
1 4 97
2 6 1
1 4 97
2 6 4
1 4 97
2 6 1
1 4 97
2 6 4
1 4 54
2 6 1
2 5 4
1 4 96
2 5 1
1 4 1
2 5 4
1 4 1
2 5 1
2 6 4
1 4 97
2 6 1
1 4 97
2 6 4
1 4 97
2 6 1
1 4 97
2 6 4
1 4 97
2 6 1
1 4 97
2 6 4
1 4 97
2 6 1
1 4 97
2 6 4
1 4 97
2 6 1
1 4 97
2 6 4
1 4 97
2 6 1
1 4 97
2 6 4
1 4 97
2 6 1
1 4 97
2 6 4
1 4 97
2 6 1
1 4 97
2 6 4
1 4 97
2 6 1
1 4 97
2 6 4
1 4 97
2 6 1
1 4 97
2 6 4
1 4 97
2 6 1
1 4 97
2 6 4
1 4 97
2 6 1
1 4 97
2 6 4
1 4 97
2 6 1
1 4 97
2 6 4
1 4 97
2 6 1
1 4 97
2 6 4
1 4 97
2 6 1
1 4 97
2 6 4
1 4 97
2 6 1
1 4 97
2 6 4
1 4 97
2 6 1
1 4 97
2 6 4
1 4 97
2 6 1
1 4 97
2 6 4
1 4 97
2 6 1
1 4 97
2 6 4
1 4 97
2 6 1
1 4 97
2 6 4
1 4 97
2 6 1
1 4 97
2 6 4
1 4 97
2 6 1
1 4 97
2 6 4
1 4 97
2 6 1
1 4 97
2 6 4
1 4 97
2 6 1
1 4 97
2 6 4
1 4 48
2 6 1
2 8 4
1 4 97
2 8 1
1 4 97
2 8 4
1 4 97
2 8 1
1 4 97
2 8 4
1 4 97
2 8 1
1 4 97
2 8 4
1 4 97
2 8 1
1 4 97
2 8 4
1 4 97
2 8 1
1 4 97
2 8 4
1 4 97
2 8 1
1 4 97
2 8 4
1 4 97
2 8 1
1 4 97
2 8 4
1 4 97
2 8 1
1 4 97
2 8 4
1 4 97
2 8 1
1 4 97
2 8 4
1 4 97
2 8 1
1 4 97
2 8 4
1 4 97
2 8 1
1 4 97
2 8 4
1 4 97
2 8 1
1 4 97
2 8 4
1 4 97
2 8 1
1 4 97
2 8 4
1 4 97
2 8 1
1 4 97
2 8 4
1 4 28
2 8 1
2 7 4
1 4 96
2 7 1
1 4 1
2 7 4
1 4 1
2 7 1
2 9 4
1 4 97
2 9 1
1 4 97
2 9 4
1 4 97
2 9 1
1 4 97
2 9 4
1 4 97
2 9 1
1 4 97
2 9 4
1 4 97
2 9 1
1 4 97
2 9 4
1 4 97
2 9 1
1 4 97
2 9 4
1 4 97
2 9 1
1 4 97
2 9 4
1 4 97
2 9 1
1 4 97
2 9 4
1 4 97
2 9 1
1 4 97
2 9 4
1 4 97
2 9 1
1 4 97
2 9 4
1 4 97
2 9 1
1 4 97
2 9 4
1 4 97
2 9 1
1 4 97
2 9 4
1 4 97
2 9 1
1 4 97
2 9 4
1 4 97
2 9 1
1 4 97
2 9 4
1 4 97
2 9 1
1 4 97
2 9 4
1 4 97
2 9 1
1 4 97
2 9 4
1 4 97
2 9 1
1 4 97
2 9 4
1 4 97
2 9 1
1 4 97
2 9 4
1 4 97
2 9 1
1 4 97
2 9 4
1 4 97
2 9 1
1 4 97
2 9 4
1 4 97
2 9 1
1 4 97
2 9 4
1 4 97
2 9 1
1 4 97
2 9 4
1 4 97
2 9 1
1 4 97
2 9 4
1 4 97
2 9 1
1 4 97
2 9 4
1 4 97
2 9 1
1 4 97
2 9 4
1 4 97
2 9 1
1 4 97
2 9 4
1 4 97
2 9 1
1 4 97
2 9 4
1 4 97
2 9 1
1 4 97
2 9 4
1 4 97
2 9 1
1 4 97
2 9 4
1 4 97
2 9 1
1 4 97
2 9 4
1 4 97
2 9 1
1 4 97
2 9 4
1 4 60
2 9 1
2 8 4
1 4 96
2 8 1
1 4 1
2 8 4
1 4 1
2 8 1
2 10 4
1 4 97
2 10 1
1 4 97
2 10 4
1 4 97
2 10 1
1 4 97
2 10 4
1 4 97
2 10 1
1 4 97
2 10 4
1 4 97
2 10 1
1 4 97
2 10 4
1 4 97
2 10 1
1 4 97
2 10 4
1 4 97
2 10 1
1 4 97
2 10 4
1 4 97
2 10 1
1 4 97
2 10 4
1 4 97
2 10 1
1 4 97
2 10 4
1 4 97
2 10 1
1 4 97
2 10 4
1 4 97
2 10 1
1 4 97
2 10 4
1 4 97
2 10 1
1 4 97
2 10 4
1 4 97
2 10 1
1 4 97
2 10 4
1 4 97
2 10 1
1 4 97
2 10 4
1 4 97
2 10 1
1 4 97
2 10 4
1 4 97
2 10 1
1 4 97
2 10 4
1 4 97
2 10 1
1 4 97
2 10 4
1 4 97
2 10 1
1 4 97
2 10 4
1 4 97
2 10 1
1 4 97
2 10 4
1 4 36
2 10 1
2 9 4
1 4 96
2 9 1
1 4 1
2 9 4
1 4 1
2 9 1
2 11 4
1 4 97
2 11 1
1 4 97
2 11 4
1 4 97
2 11 1
1 4 97
2 11 4
1 4 97
2 11 1
1 4 97
2 11 4
1 4 97
2 11 1
1 4 97
2 11 4
1 4 97
2 11 1
1 4 97
2 11 4
1 4 97
2 11 1
1 4 97
2 11 4
1 4 97
2 11 1
1 4 97
2 11 4
1 4 97
2 11 1
1 4 97
2 11 4
1 4 97
2 11 1
1 4 97
2 11 4
1 4 97
2 11 1
1 4 97
2 11 4
1 4 97
2 11 1
1 4 97
2 11 4
1 4 97
2 11 1
1 4 97
2 11 4
1 4 24
2 11 1
2 10 4
1 4 96
2 10 1
1 4 1
2 10 4
1 4 1
2 10 1
2 12 4
1 4 97
2 12 1
1 4 97
2 12 4
1 4 97
2 12 1
1 4 97
2 12 4
1 4 97
2 12 1
1 4 97
2 12 4
1 4 97
2 12 1
1 4 97
2 12 4
1 4 97
2 12 1
1 4 97
2 12 4
1 4 97
2 12 1
1 4 97
2 12 4
1 4 97
2 12 1
1 4 97
2 12 4
1 4 97
2 12 1
1 4 97
2 12 4
1 4 97
2 12 1
1 4 97
2 12 4
1 4 97
2 12 1
1 4 97
2 12 4
1 4 97
2 12 1
1 4 97
2 12 4
1 4 97
2 12 1
1 4 97
2 12 4
1 4 97
2 12 1
1 4 97
2 12 4
1 4 97
2 12 1
1 4 97
2 12 4
1 4 97
2 12 1
1 4 97
2 12 4
1 4 30
2 12 1
2 11 4
1 4 96
2 11 1
1 4 1
2 11 4
1 4 1
2 11 1
2 13 4
1 4 97
2 13 1
1 4 97
2 13 4
1 4 97
2 13 1
1 4 97
2 13 4
1 4 97
2 13 1
1 4 97
2 13 4
1 4 97
2 13 1
1 4 97
2 13 4
1 4 8
2 13 1
2 12 4
1 4 96
2 12 1
1 4 1
2 12 4
1 4 1
2 12 1
2 13 4
1 4 97
2 13 1
1 4 97
2 13 4
1 4 97
2 13 1
1 4 97
2 13 4
1 4 97
2 13 1
1 4 97
2 13 4
1 4 97
2 13 1
1 4 97
2 13 4
1 4 97
2 13 1
1 4 97
2 13 4
1 4 97
2 13 1
1 4 97
2 13 4
1 4 12
2 13 1
2 14 4
1 4 97
2 14 1
1 4 97
2 14 4
1 4 97
2 14 1
1 4 97
2 14 4
1 4 97
2 14 1
1 4 97
2 14 4
1 4 97
2 14 1
1 4 97
2 14 4
1 4 97
2 14 1
1 4 97
2 14 4
1 4 97
2 14 1
1 4 97
2 14 4
1 4 97
2 14 1
1 4 97
2 14 4
1 4 97
2 14 1
1 4 97
2 14 4
1 4 97
2 14 1
1 4 97
2 14 4
1 4 97
2 14 1
1 4 97
2 14 4
1 4 97
2 14 1
1 4 97
2 14 4
1 4 22
2 14 1
2 16 4
1 4 97
2 16 1
1 4 97
2 16 4
1 4 97
2 16 1
1 4 97
2 16 4
1 4 97
2 16 1
1 4 97
2 16 4
1 4 97
2 16 1
1 4 97
2 16 4
1 4 97
2 16 1
1 4 97
2 16 4
1 4 97
2 16 1
1 4 97
2 16 4
1 4 97
2 16 1
1 4 97
2 16 4
1 4 97
2 16 1
1 4 97
2 16 4
1 4 16
2 16 1
2 15 4
1 4 96
2 15 1
1 4 1
2 15 4
1 4 1
2 15 1
2 16 4
1 4 97
2 16 1
1 4 97
2 16 4
1 4 97
2 16 1
1 4 97
2 16 4
1 4 97
2 16 1
1 4 97
2 16 4
1 4 97
2 16 1
1 4 97
2 16 4
1 4 97
2 16 1
1 4 97
2 16 4
1 4 97
2 16 1
1 4 97
2 16 4
1 4 97
2 16 1
1 4 97
2 16 4
1 4 97
2 16 1
1 4 97
2 16 4
1 4 97
2 16 1
1 4 97
2 16 4
1 4 97
2 16 1
1 4 97
2 16 4
1 4 97
2 16 1
1 4 97
2 16 4
1 4 97
2 16 1
1 4 97
2 16 4
1 4 97
2 16 1
1 4 97
2 16 4
1 4 97
2 16 1
1 4 97
2 16 4
1 4 97
2 16 1
1 4 97
2 16 4
1 4 97
2 16 1
1 4 97
2 16 4
1 4 97
2 16 1
1 4 97
2 16 4
1 4 97
2 16 1
1 4 97
2 16 4
1 4 97
2 16 1
1 4 97
2 16 4
1 4 97
2 16 1
1 4 97
2 16 4
1 4 97
2 16 1
1 4 97
2 16 4
1 4 97
2 16 1
1 4 97
2 16 4
1 4 97
2 16 1
1 4 97
2 16 4
1 4 97
2 16 1
1 4 97
2 16 4
1 4 97
2 16 1
1 4 97
2 16 4
1 4 97
2 16 1
1 4 97
2 16 4
1 4 97
2 16 1
1 4 97
2 16 4
1 4 97
2 16 1
1 4 97
2 16 4
1 4 97
2 16 1
1 4 97
2 16 4
1 4 97
2 16 1
1 4 97
2 16 4
1 4 97
2 16 1
1 4 97
2 16 4
1 4 97
2 16 1
1 4 97
2 16 4
1 4 97
2 16 1
1 4 97
2 16 4
1 4 97
2 16 1
1 4 97
2 16 4
1 4 97
2 16 1
1 4 97
2 16 4
1 4 97
2 16 1
1 4 97
2 16 4
1 4 97
2 16 1
1 4 97
2 16 4
1 4 74
2 16 1
2 18 4
1 4 97
2 18 1
1 4 97
2 18 4
1 4 97
2 18 1
1 4 97
2 18 4
1 4 97
2 18 1
1 4 97
2 18 4
1 4 6
2 18 1
2 17 4
1 4 96
2 17 1
1 4 1
2 17 4
1 4 1
2 17 1
2 19 4
1 4 97
2 19 1
1 4 97
2 19 4
1 4 97
2 19 1
1 4 97
2 19 4
1 4 97
2 19 1
1 4 97
2 19 4
1 4 97
2 19 1
1 4 97
2 19 4
1 4 97
2 19 1
1 4 97
2 19 4
1 4 97
2 19 1
1 4 97
2 19 4
1 4 97
2 19 1
1 4 97
2 19 4
1 4 97
2 19 1
1 4 97
2 19 4
1 4 97
2 19 1
1 4 97
2 19 4
1 4 97
2 19 1
1 4 97
2 19 4
1 4 97
2 19 1
1 4 97
2 19 4
1 4 97
2 19 1
1 4 97
2 19 4
1 4 97
2 19 1
1 4 97
2 19 4
1 4 97
2 19 1
1 4 97
2 19 4
1 4 97
2 19 1
1 4 97
2 19 4
1 4 97
2 19 1
1 4 97
2 19 4
1 4 97
2 19 1
1 4 97
2 19 4
1 4 97
2 19 1
1 4 97
2 19 4
1 4 97
2 19 1
1 4 97
2 19 4
1 4 97
2 19 1
1 4 97
2 19 4
1 4 97
2 19 1
1 4 97
2 19 4
1 4 97
2 19 1
1 4 97
2 19 4
1 4 97
2 19 1
1 4 97
2 19 4
1 4 97
2 19 1
1 4 97
2 19 4
1 4 97
2 19 1
1 4 97
2 19 4
1 4 97
2 19 1
1 4 97
2 19 4
1 4 97
2 19 1
1 4 97
2 19 4
1 4 97
2 19 1
1 4 97
2 19 4
1 4 97
2 19 1
1 4 97
2 19 4
1 4 97
2 19 1
1 4 97
2 19 4
1 4 97
2 19 1
1 4 97
2 19 4
1 4 97
2 19 1
1 4 97
2 19 4
1 4 64
2 19 1
2 18 4
1 4 96
2 18 1
1 4 1
2 18 4
1 4 1
2 18 1
2 20 4
1 4 97
2 20 1
1 4 97
2 20 4
1 4 97
2 20 1
1 4 97
2 20 4
1 4 97
2 20 1
1 4 97
2 20 4
1 4 97
2 20 1
1 4 97
2 20 4
1 4 97
2 20 1
1 4 97
2 20 4
1 4 10
2 20 1
2 19 4
1 4 96
2 19 1
1 4 1
2 19 4
1 4 1
2 19 1
2 20 4
1 4 97
2 20 1
1 4 97
2 20 4
1 4 97
2 20 1
1 4 97
2 20 4
1 4 97
2 20 1
1 4 97
2 20 4
1 4 97
2 20 1
1 4 97
2 20 4
1 4 97
2 20 1
1 4 97
2 20 4
1 4 97
2 20 1
1 4 97
2 20 4
1 4 97
2 20 1
1 4 97
2 20 4
1 4 97
2 20 1
1 4 97
2 20 4
1 4 97
2 20 1
1 4 97
2 20 4
1 4 97
2 20 1
1 4 97
2 20 4
1 4 97
2 20 1
1 4 97
2 20 4
1 4 97
2 20 1
1 4 97
2 20 4
1 4 97
2 20 1
1 4 97
2 20 4
1 4 97
2 20 1
1 4 97
2 20 4
1 4 97
2 20 1
1 4 97
2 20 4
1 4 97
2 20 1
1 4 97
2 20 4
1 4 97
2 20 1
1 4 97
2 20 4
1 4 97
2 20 1
1 4 97
2 20 4
1 4 97
2 20 1
1 4 97
2 20 4
1 4 97
2 20 1
1 4 97
2 20 4
1 4 97
2 20 1
1 4 97
2 20 4
1 4 97
2 20 1
1 4 97
2 20 4
1 4 44
2 20 1
2 22 4
1 4 97
2 22 1
1 4 97
2 22 4
1 4 97
2 22 1
1 4 97
2 22 4
1 4 97
2 22 1
1 4 97
2 22 4
1 4 97
2 22 1
1 4 97
2 22 4
1 4 97
2 22 1
1 4 97
2 22 4
1 4 10
2 22 1
2 21 4
1 4 96
2 21 1
1 4 1
2 21 4
1 4 1
2 21 1
2 22 4
1 4 97
2 22 1
1 4 97
2 22 4
1 4 97
2 22 1
1 4 97
2 22 4
1 4 97
2 22 1
1 4 97
2 22 4
1 4 97
2 22 1
1 4 97
2 22 4
1 4 8
2 22 1
2 23 4
1 4 97
2 23 1
1 4 97
2 23 4
1 4 97
2 23 1
1 4 97
2 23 4
1 4 97
2 23 1
1 4 97
2 23 4
1 4 97
2 23 1
1 4 97
2 23 4
1 4 97
2 23 1
1 4 97
2 23 4
1 4 97
2 23 1
1 4 97
2 23 4
1 4 97
2 23 1
1 4 97
2 23 4
1 4 97
2 23 1
1 4 97
2 23 4
1 4 97
2 23 1
1 4 97
2 23 4
1 4 97
2 23 1
1 4 97
2 23 4
1 4 97
2 23 1
1 4 97
2 23 4
1 4 97
2 23 1
1 4 97
2 23 4
1 4 97
2 23 1
1 4 97
2 23 4
1 4 97
2 23 1
1 4 97
2 23 4
1 4 97
2 23 1
1 4 97
2 23 4
1 4 30
2 23 1
2 24 4
1 4 97
2 24 1
1 4 97
2 24 4
1 4 97
2 24 1
1 4 97
2 24 4
1 4 97
2 24 1
1 4 97
2 24 4
1 4 97
2 24 1
1 4 97
2 24 4
1 4 97
2 24 1
1 4 97
2 24 4
1 4 97
2 24 1
1 4 97
2 24 4
1 4 97
2 24 1
1 4 97
2 24 4
1 4 97
2 24 1
1 4 97
2 24 4
1 4 97
2 24 1
1 4 97
2 24 4
1 4 97
2 24 1
1 4 97
2 24 4
1 4 97
2 24 1
1 4 97
2 24 4
1 4 97
2 24 1
1 4 97
2 24 4
1 4 97
2 24 1
1 4 97
2 24 4
1 4 97
2 24 1
1 4 97
2 24 4
1 4 97
2 24 1
1 4 97
2 24 4
1 4 97
2 24 1
1 4 97
2 24 4
1 4 97
2 24 1
1 4 97
2 24 4
1 4 97
2 24 1
1 4 97
2 24 4
1 4 97
2 24 1
1 4 97
2 24 4
1 4 97
2 24 1
1 4 97
2 24 4
1 4 97
2 24 1
1 4 97
2 24 4
1 4 97
2 24 1
1 4 97
2 24 4
1 4 97
2 24 1
1 4 97
2 24 4
1 4 97
2 24 1
1 4 97
2 24 4
1 4 97
2 24 1
1 4 97
2 24 4
1 4 97
2 24 1
1 4 97
2 24 4
1 4 52
2 24 1
2 26 4
1 4 97
2 26 1
1 4 97
2 26 4
1 4 97
2 26 1
1 4 97
2 26 4
1 4 97
2 26 1
1 4 97
2 26 4
1 4 97
2 26 1
1 4 97
2 26 4
1 4 97
2 26 1
1 4 97
2 26 4
1 4 10
2 26 1
2 25 4
1 4 96
2 25 1
1 4 1
2 25 4
1 4 1
2 25 1
2 27 4
1 4 97
2 27 1
1 4 97
2 27 4
1 4 97
2 27 1
1 4 97
2 27 4
1 4 97
2 27 1
1 4 97
2 27 4
1 4 97
2 27 1
1 4 97
2 27 4
1 4 97
2 27 1
1 4 97
2 27 4
1 4 97
2 27 1
1 4 97
2 27 4
1 4 97
2 27 1
1 4 97
2 27 4
1 4 97
2 27 1
1 4 97
2 27 4
1 4 97
2 27 1
1 4 97
2 27 4
1 4 97
2 27 1
1 4 97
2 27 4
1 4 97
2 27 1
1 4 97
2 27 4
1 4 97
2 27 1
1 4 97
2 27 4
1 4 97
2 27 1
1 4 97
2 27 4
1 4 97
2 27 1
1 4 97
2 27 4
1 4 97
2 27 1
1 4 97
2 27 4
1 4 97
2 27 1
1 4 97
2 27 4
1 4 97
2 27 1
1 4 97
2 27 4
1 4 97
2 27 1
1 4 97
2 27 4
1 4 97
2 27 1
1 4 97
2 27 4
1 4 97
2 27 1
1 4 97
2 27 4
1 4 97
2 27 1
1 4 97
2 27 4
1 4 97
2 27 1
1 4 97
2 27 4
1 4 97
2 27 1
1 4 97
2 27 4
1 4 97
2 27 1
1 4 97
2 27 4
1 4 97
2 27 1
1 4 97
2 27 4
1 4 97
2 27 1
1 4 97
2 27 4
1 4 97
2 27 1
1 4 97
2 27 4
1 4 54
2 27 1
2 26 4
1 4 96
2 26 1
1 4 1
2 26 4
1 4 1
2 26 1
2 28 4
1 4 97
2 28 1
1 4 97
2 28 4
1 4 97
2 28 1
1 4 97
2 28 4
1 4 97
2 28 1
1 4 97
2 28 4
1 4 97
2 28 1
1 4 97
2 28 4
1 4 97
2 28 1
1 4 97
2 28 4
1 4 97
2 28 1
1 4 97
2 28 4
1 4 97
2 28 1
1 4 97
2 28 4
1 4 97
2 28 1
1 4 97
2 28 4
1 4 97
2 28 1
1 4 97
2 28 4
1 4 97
2 28 1
1 4 97
2 28 4
1 4 97
2 28 1
1 4 97
2 28 4
1 4 97
2 28 1
1 4 97
2 28 4
1 4 97
2 28 1
1 4 97
2 28 4
1 4 26
2 28 1
2 27 4
1 4 96
2 27 1
1 4 1
2 27 4
1 4 1
2 27 1
2 28 4
1 4 97
2 28 1
1 4 97
2 28 4
1 4 97
2 28 1
1 4 97
2 28 4
1 4 97
2 28 1
1 4 97
2 28 4
1 4 97
2 28 1
1 4 97
2 28 4
1 4 97
2 28 1
1 4 97
2 28 4
1 4 97
2 28 1
1 4 97
2 28 4
1 4 97
2 28 1
1 4 97
2 28 4
1 4 97
2 28 1
1 4 97
2 28 4
1 4 97
2 28 1
1 4 97
2 28 4
1 4 97
2 28 1
1 4 97
2 28 4
1 4 97
2 28 1
1 4 97
2 28 4
1 4 97
2 28 1
1 4 97
2 28 4
1 4 97
2 28 1
1 4 97
2 28 4
1 4 26
2 28 1
2 29 4
1 4 97
2 29 1
1 4 97
2 29 4
1 4 97
2 29 1
1 4 97
2 29 4
1 4 97
2 29 1
1 4 97
2 29 4
1 4 97
2 29 1
1 4 97
2 29 4
1 4 97
2 29 1
1 4 97
2 29 4
1 4 97
2 29 1
1 4 97
2 29 4
1 4 97
2 29 1
1 4 97
2 29 4
1 4 97
2 29 1
1 4 97
2 29 4
1 4 97
2 29 1
1 4 97
2 29 4
1 4 97
2 29 1
1 4 97
2 29 4
1 4 97
2 29 1
1 4 97
2 29 4
1 4 97
2 29 1
1 4 97
2 29 4
1 4 97
2 29 1
1 4 97
2 29 4
1 4 26
2 29 1
2 31 4
1 4 97
2 31 1
1 4 97
2 31 4
1 4 97
2 31 1
1 4 97
2 31 4
1 4 97
2 31 1
1 4 97
2 31 4
1 4 97
2 31 1
1 4 97
2 31 4
1 4 97
2 31 1
1 4 97
2 31 4
1 4 97
2 31 1
1 4 97
2 31 4
1 4 97
2 31 1
1 4 97
2 31 4
1 4 97
2 31 1
1 4 97
2 31 4
1 4 97
2 31 1
1 4 97
2 31 4
1 4 97
2 31 1
1 4 97
2 31 4
1 4 97
2 31 1
1 4 97
2 31 4
1 4 97
2 31 1
1 4 97
2 31 4
1 4 97
2 31 1
1 4 97
2 31 4
1 4 97
2 31 1
1 4 97
2 31 4
1 4 97
2 31 1
1 4 97
2 31 4
1 4 97
2 31 1
1 4 97
2 31 4
1 4 97
2 31 1
1 4 97
2 31 4
1 4 34
2 31 1
2 30 4
1 4 96
2 30 1
1 4 1
2 30 4
1 4 1
2 30 1
2 31 4
1 4 97
2 31 1
1 4 97
2 31 4
1 4 97
2 31 1
1 4 97
2 31 4
1 4 97
2 31 1
1 4 97
2 31 4
1 4 97
2 31 1
1 4 97
2 31 4
1 4 97
2 31 1
1 4 97
2 31 4
1 4 97
2 31 1
1 4 97
2 31 4
1 4 97
2 31 1
1 4 97
2 31 4
1 4 97
2 31 1
1 4 97
2 31 4
1 4 97
2 31 1
1 4 97
2 31 4
1 4 97
2 31 1
1 4 97
2 31 4
1 4 97
2 31 1
1 4 97
2 31 4
1 4 22
2 31 1
2 33 4
1 4 97
2 33 1
1 4 97
2 33 4
1 4 97
2 33 1
1 4 97
2 33 4
1 4 97
2 33 1
1 4 97
2 33 4
1 4 97
2 33 1
1 4 97
2 33 4
1 4 97
2 33 1
1 4 97
2 33 4
1 4 97
2 33 1
1 4 97
2 33 4
1 4 97
2 33 1
1 4 97
2 33 4
1 4 97
2 33 1
1 4 97
2 33 4
1 4 97
2 33 1
1 4 97
2 33 4
1 4 97
2 33 1
1 4 97
2 33 4
1 4 20
2 33 1
2 32 4
1 4 96
2 32 1
1 4 1
2 32 4
1 4 1
2 32 1
2 34 4
1 4 97
2 34 1
1 4 97
2 34 4
1 4 97
2 34 1
1 4 97
2 34 4
1 4 97
2 34 1
1 4 97
2 34 4
1 4 97
2 34 1
1 4 97
2 34 4
1 4 97
2 34 1
1 4 97
2 34 4
1 4 97
2 34 1
1 4 97
2 34 4
1 4 97
2 34 1
1 4 97
2 34 4
1 4 97
2 34 1
1 4 97
2 34 4
1 4 97
2 34 1
1 4 97
2 34 4
1 4 97
2 34 1
1 4 97
2 34 4
1 4 97
2 34 1
1 4 97
2 34 4
1 4 97
2 34 1
1 4 97
2 34 4
1 4 97
2 34 1
1 4 97
2 34 4
1 4 97
2 34 1
1 4 97
2 34 4
1 4 97
2 34 1
1 4 97
2 34 4
1 4 97
2 34 1
1 4 97
2 34 4
1 4 97
2 34 1
1 4 97
2 34 4
1 4 97
2 34 1
1 4 97
2 34 4
1 4 97
2 34 1
1 4 97
2 34 4
1 4 38
2 34 1
2 33 4
1 4 96
2 33 1
1 4 1
2 33 4
1 4 1
2 33 1
2 35 4
1 4 97
2 35 1
1 4 97
2 35 4
1 4 97
2 35 1
1 4 97
2 35 4
1 4 97
2 35 1
1 4 97
2 35 4
1 4 97
2 35 1
1 4 97
2 35 4
1 4 97
2 35 1
1 4 97
2 35 4
1 4 97
2 35 1
1 4 97
2 35 4
1 4 97
2 35 1
1 4 97
2 35 4
1 4 97
2 35 1
1 4 97
2 35 4
1 4 97
2 35 1
1 4 97
2 35 4
1 4 97
2 35 1
1 4 97
2 35 4
1 4 97
2 35 1
1 4 97
2 35 4
1 4 97
2 35 1
1 4 97
2 35 4
1 4 97
2 35 1
1 4 97
2 35 4
1 4 97
2 35 1
1 4 97
2 35 4
1 4 97
2 35 1
1 4 97
2 35 4
1 4 97
2 35 1
1 4 97
2 35 4
1 4 97
2 35 1
1 4 97
2 35 4
1 4 97
2 35 1
1 4 97
2 35 4
1 4 97
2 35 1
1 4 97
2 35 4
1 4 97
2 35 1
1 4 97
2 35 4
1 4 97
2 35 1
1 4 97
2 35 4
1 4 42
2 35 1
2 34 4
1 4 96
2 34 1
1 4 1
2 34 4
1 4 1
2 34 1
2 36 4
1 4 97
2 36 1
1 4 97
2 36 4
1 4 97
2 36 1
1 4 97
2 36 4
1 4 97
2 36 1
1 4 97
2 36 4
1 4 97
2 36 1
1 4 97
2 36 4
1 4 97
2 36 1
1 4 97
2 36 4
1 4 97
2 36 1
1 4 97
2 36 4
1 4 97
2 36 1
1 4 97
2 36 4
1 4 97
2 36 1
1 4 97
2 36 4
1 4 97
2 36 1
1 4 97
2 36 4
1 4 97
2 36 1
1 4 97
2 36 4
1 4 97
2 36 1
1 4 97
2 36 4
1 4 97
2 36 1
1 4 97
2 36 4
1 4 97
2 36 1
1 4 97
2 36 4
1 4 97
2 36 1
1 4 97
2 36 4
1 4 97
2 36 1
1 4 97
2 36 4
1 4 97
2 36 1
1 4 97
2 36 4
1 4 97
2 36 1
1 4 97
2 36 4
1 4 97
2 36 1
1 4 97
2 36 4
1 4 97
2 36 1
1 4 97
2 36 4
1 4 97
2 36 1
1 4 97
2 36 4
1 4 97
2 36 1
1 4 97
2 36 4
1 4 97
2 36 1
1 4 97
2 36 4
1 4 97
2 36 1
1 4 97
2 36 4
1 4 97
2 36 1
1 4 97
2 36 4
1 4 48
2 36 1
2 35 4
1 4 96
2 35 1
1 4 1
2 35 4
1 4 1
2 35 1
2 37 4
1 4 97
2 37 1
1 4 97
2 37 4
1 4 97
2 37 1
1 4 97
2 37 4
1 4 97
2 37 1
1 4 97
2 37 4
1 4 97
2 37 1
1 4 97
2 37 4
1 4 97
2 37 1
1 4 97
2 37 4
1 4 97
2 37 1
1 4 97
2 37 4
1 4 97
2 37 1
1 4 97
2 37 4
1 4 97
2 37 1
1 4 97
2 37 4
1 4 97
2 37 1
1 4 97
2 37 4
1 4 97
2 37 1
1 4 97
2 37 4
1 4 97
2 37 1
1 4 97
2 37 4
1 4 97
2 37 1
1 4 97
2 37 4
1 4 97
2 37 1
1 4 97
2 37 4
1 4 97
2 37 1
1 4 97
2 37 4
1 4 97
2 37 1
1 4 97
2 37 4
1 4 30
2 37 1
2 36 4
1 4 96
2 36 1
1 4 1
2 36 4
1 4 1
2 36 1
2 38 4
1 4 97
2 38 1
1 4 97
2 38 4
1 4 97
2 38 1
1 4 97
2 38 4
1 4 97
2 38 1
1 4 97
2 38 4
1 4 97
2 38 1
1 4 97
2 38 4
1 4 97
2 38 1
1 4 97
2 38 4
1 4 97
2 38 1
1 4 97
2 38 4
1 4 97
2 38 1
1 4 97
2 38 4
1 4 97
2 38 1
1 4 97
2 38 4
1 4 97
2 38 1
1 4 97
2 38 4
1 4 97
2 38 1
1 4 97
2 38 4
1 4 97
2 38 1
1 4 97
2 38 4
1 4 97
2 38 1
1 4 97
2 38 4
1 4 97
2 38 1
1 4 97
2 38 4
1 4 26
2 38 1
2 37 4
1 4 96
2 37 1
1 4 1
2 37 4
1 4 1
2 37 1
2 39 4
1 4 97
2 39 1
1 4 97
2 39 4
1 4 97
2 39 1
1 4 97
2 39 4
1 4 4
2 39 1
2 38 4
1 4 96
2 38 1
1 4 1
2 38 4
1 4 1
2 38 1
2 39 4
1 4 97
2 39 1
1 4 97
2 39 4
1 4 97
2 39 1
1 4 97
2 39 4
1 4 97
2 39 1
1 4 97
2 39 4
1 4 97
2 39 1
1 4 97
2 39 4
1 4 97
2 39 1
1 4 97
2 39 4
1 4 97
2 39 1
1 4 97
2 39 4
1 4 97
2 39 1
1 4 97
2 39 4
1 4 97
2 39 1
1 4 97
2 39 4
1 4 97
2 39 1
1 4 97
2 39 4
1 4 97
2 39 1
1 4 97
2 39 4
1 4 97
2 39 1
1 4 97
2 39 4
1 4 97
2 39 1
1 4 97
2 39 4
1 4 97
2 39 1
1 4 97
2 39 4
1 4 97
2 39 1
1 4 97
2 39 4
1 4 28
2 39 1
2 40 4
1 4 97
2 40 1
1 4 97
2 40 4
1 4 97
2 40 1
1 4 97
2 40 4
1 4 97
2 40 1
1 4 97
2 40 4
1 4 97
2 40 1
1 4 97
2 40 4
1 4 97
2 40 1
1 4 97
2 40 4
1 4 97
2 40 1
1 4 97
2 40 4
1 4 97
2 40 1
1 4 97
2 40 4
1 4 97
2 40 1
1 4 97
2 40 4
1 4 97
2 40 1
1 4 97
2 40 4
1 4 97
2 40 1
1 4 97
2 40 4
1 4 97
2 40 1
1 4 97
2 40 4
1 4 97
2 40 1
1 4 97
2 40 4
1 4 97
2 40 1
1 4 97
2 40 4
1 4 97
2 40 1
1 4 97
2 40 4
1 4 97
2 40 1
1 4 97
2 40 4
1 4 97
2 40 1
1 4 97
2 40 4
1 4 97
2 40 1
1 4 97
2 40 4
1 4 97
2 40 1
1 4 97
2 40 4
1 4 97
2 40 1
1 4 97
2 40 4
1 4 38
2 40 1
2 42 4
1 4 97
2 42 1
1 4 97
2 42 4
1 4 97
2 42 1
1 4 97
2 42 4
1 4 4
2 42 1
2 41 4
1 4 96
2 41 1
1 4 1
2 41 4
1 4 1
2 41 1
2 42 4
1 4 97
2 42 1
1 4 97
2 42 4
1 4 97
2 42 1
1 4 97
2 42 4
1 4 97
2 42 1
1 4 97
2 42 4
1 4 97
2 42 1
1 4 97
2 42 4
1 4 97
2 42 1
1 4 97
2 42 4
1 4 97
2 42 1
1 4 97
2 42 4
1 4 97
2 42 1
1 4 97
2 42 4
1 4 97
2 42 1
1 4 97
2 42 4
1 4 97
2 42 1
1 4 97
2 42 4
1 4 97
2 42 1
1 4 97
2 42 4
1 4 97
2 42 1
1 4 97
2 42 4
1 4 97
2 42 1
1 4 97
2 42 4
1 4 97
2 42 1
1 4 97
2 42 4
1 4 26
2 42 1
2 44 4
1 4 97
2 44 1
1 4 97
2 44 4
1 4 97
2 44 1
1 4 97
2 44 4
1 4 97
2 44 1
1 4 97
2 44 4
1 4 97
2 44 1
1 4 97
2 44 4
1 4 97
2 44 1
1 4 97
2 44 4
1 4 97
2 44 1
1 4 97
2 44 4
1 4 97
2 44 1
1 4 97
2 44 4
1 4 97
2 44 1
1 4 97
2 44 4
1 4 97
2 44 1
1 4 97
2 44 4
1 4 97
2 44 1
1 4 97
2 44 4
1 4 97
2 44 1
1 4 97
2 44 4
1 4 97
2 44 1
1 4 97
2 44 4
1 4 97
2 44 1
1 4 97
2 44 4
1 4 97
2 44 1
1 4 97
2 44 4
1 4 97
2 44 1
1 4 97
2 44 4
1 4 30
2 44 1
2 43 4
1 4 96
2 43 1
1 4 1
2 43 4
1 4 1
2 43 1
2 45 4
1 4 97
2 45 1
1 4 97
2 45 4
1 4 97
2 45 1
1 4 97
2 45 4
1 4 97
2 45 1
1 4 97
2 45 4
1 4 97
2 45 1
1 4 97
2 45 4
1 4 97
2 45 1
1 4 97
2 45 4
1 4 97
2 45 1
1 4 97
2 45 4
1 4 97
2 45 1
1 4 97
2 45 4
1 4 97
2 45 1
1 4 97
2 45 4
1 4 97
2 45 1
1 4 97
2 45 4
1 4 97
2 45 1
1 4 97
2 45 4
1 4 97
2 45 1
1 4 97
2 45 4
1 4 97
2 45 1
1 4 97
2 45 4
1 4 97
2 45 1
1 4 97
2 45 4
1 4 97
2 45 1
1 4 97
2 45 4
1 4 97
2 45 1
1 4 97
2 45 4
1 4 97
2 45 1
1 4 97
2 45 4
1 4 97
2 45 1
1 4 97
2 45 4
1 4 97
2 45 1
1 4 97
2 45 4
1 4 97
2 45 1
1 4 97
2 45 4
1 4 97
2 45 1
1 4 97
2 45 4
1 4 97
2 45 1
1 4 97
2 45 4
1 4 97
2 45 1
1 4 97
2 45 4
1 4 97
2 45 1
1 4 97
2 45 4
1 4 97
2 45 1
1 4 97
2 45 4
1 4 97
2 45 1
1 4 97
2 45 4
1 4 50
2 45 1
2 44 4
1 4 96
2 44 1
1 4 1
2 44 4
1 4 1
2 44 1
2 45 4
1 4 97
2 45 1
1 4 97
2 45 4
1 4 97
2 45 1
1 4 97
2 45 4
1 4 97
2 45 1
1 4 97
2 45 4
1 4 97
2 45 1
1 4 97
2 45 4
1 4 97
2 45 1
1 4 97
2 45 4
1 4 97
2 45 1
1 4 97
2 45 4
1 4 97
2 45 1
1 4 97
2 45 4
1 4 14
2 45 1
2 47 4
1 4 97
2 47 1
1 4 97
2 47 4
1 4 97
2 47 1
1 4 97
2 47 4
1 4 97
2 47 1
1 4 97
2 47 4
1 4 97
2 47 1
1 4 97
2 47 4
1 4 97
2 47 1
1 4 97
2 47 4
1 4 97
2 47 1
1 4 97
2 47 4
1 4 97
2 47 1
1 4 97
2 47 4
1 4 97
2 47 1
1 4 97
2 47 4
1 4 16
2 47 1
2 46 4
1 4 96
2 46 1
1 4 1
2 46 4
1 4 1
2 46 1
2 47 4
1 4 97
2 47 1
1 4 97
2 47 4
1 4 97
2 47 1
1 4 97
2 47 4
1 4 97
2 47 1
1 4 97
2 47 4
1 4 97
2 47 1
1 4 97
2 47 4
1 4 97
2 47 1
1 4 97
2 47 4
1 4 97
2 47 1
1 4 97
2 47 4
1 4 97
2 47 1
1 4 97
2 47 4
1 4 97
2 47 1
1 4 97
2 47 4
1 4 97
2 47 1
1 4 97
2 47 4
1 4 97
2 47 1
1 4 97
2 47 4
1 4 97
2 47 1
1 4 97
2 47 4
1 4 97
2 47 1
1 4 97
2 47 4
1 4 97
2 47 1
1 4 97
2 47 4
1 4 97
2 47 1
1 4 97
2 47 4
1 4 97
2 47 1
1 4 97
2 47 4
1 4 97
2 47 1
1 4 97
2 47 4
1 4 97
2 47 1
1 4 97
2 47 4
1 4 97
2 47 1
1 4 97
2 47 4
1 4 97
2 47 1
1 4 97
2 47 4
1 4 97
2 47 1
1 4 97
2 47 4
1 4 40
2 47 1
2 49 4
1 4 97
2 49 1
1 4 97
2 49 4
1 4 97
2 49 1
1 4 97
2 49 4
1 4 97
2 49 1
1 4 97
2 49 4
1 4 97
2 49 1
1 4 97
2 49 4
1 4 97
2 49 1
1 4 97
2 49 4
1 4 97
2 49 1
1 4 97
2 49 4
1 4 97
2 49 1
1 4 97
2 49 4
1 4 97
2 49 1
1 4 97
2 49 4
1 4 97
2 49 1
1 4 97
2 49 4
1 4 97
2 49 1
1 4 97
2 49 4
1 4 97
2 49 1
1 4 97
2 49 4
1 4 97
2 49 1
1 4 97
2 49 4
1 4 97
2 49 1
1 4 97
2 49 4
1 4 97
2 49 1
1 4 97
2 49 4
1 4 97
2 49 1
1 4 97
2 49 4
1 4 97
2 49 1
1 4 97
2 49 4
1 4 32
2 49 1
2 48 4
1 4 96
2 48 1
1 4 1
2 48 4
1 4 1
2 48 1
2 49 4
1 4 97
2 49 1
1 4 97
2 49 4
1 4 97
2 49 1
1 4 97
2 49 4
1 4 97
2 49 1
1 4 97
2 49 4
1 4 97
2 49 1
1 4 97
2 49 4
1 4 97
2 49 1
1 4 97
2 49 4
1 4 97
2 49 1
1 4 97
2 49 4
1 4 97
2 49 1
1 4 97
2 49 4
1 4 97
2 49 1
1 4 97
2 49 4
1 4 97
2 49 1
1 4 97
2 49 4
1 4 97
2 49 1
1 4 97
2 49 4
1 4 97
2 49 1
1 4 97
2 49 4
1 4 97
2 49 1
1 4 97
2 49 4
1 4 97
2 49 1
1 4 97
2 49 4
1 4 97
2 49 1
1 4 97
2 49 4
1 4 97
2 49 1
1 4 97
2 49 4
1 4 97
2 49 1
1 4 97
2 49 4
1 4 97
2 49 1
1 4 97
2 49 4
1 4 97
2 49 1
1 4 97
2 49 4
1 4 97
2 49 1
1 4 97
2 49 4
1 4 97
2 49 1
1 4 97
2 49 4
1 4 97
2 49 1
1 4 97
2 49 4
1 4 97
2 49 1
1 4 97
2 49 4
1 4 97
2 49 1
1 4 97
2 49 4
1 4 46
2 49 1
2 51 4
1 4 97
2 51 1
1 4 97
2 51 4
1 4 97
2 51 1
1 4 97
2 51 4
1 4 97
2 51 1
1 4 97
2 51 4
1 4 97
2 51 1
1 4 97
2 51 4
1 4 97
2 51 1
1 4 97
2 51 4
1 4 97
2 51 1
1 4 97
2 51 4
1 4 97
2 51 1
1 4 97
2 51 4
1 4 97
2 51 1
1 4 97
2 51 4
1 4 97
2 51 1
1 4 97
2 51 4
1 4 97
2 51 1
1 4 97
2 51 4
1 4 97
2 51 1
1 4 97
2 51 4
1 4 97
2 51 1
1 4 97
2 51 4
1 4 97
2 51 1
1 4 97
2 51 4
1 4 97
2 51 1
1 4 97
2 51 4
1 4 28
2 51 1
2 50 4
1 4 96
2 50 1
1 4 1
2 50 4
1 4 1
2 50 1
2 52 4
1 4 97
2 52 1
1 4 97
2 52 4
1 4 97
2 52 1
1 4 97
2 52 4
1 4 97
2 52 1
1 4 97
2 52 4
1 4 97
2 52 1
1 4 97
2 52 4
1 4 97
2 52 1
1 4 97
2 52 4
1 4 97
2 52 1
1 4 97
2 52 4
1 4 97
2 52 1
1 4 97
2 52 4
1 4 97
2 52 1
1 4 97
2 52 4
1 4 97
2 52 1
1 4 97
2 52 4
1 4 97
2 52 1
1 4 97
2 52 4
1 4 97
2 52 1
1 4 97
2 52 4
1 4 97
2 52 1
1 4 97
2 52 4
1 4 97
2 52 1
1 4 97
2 52 4
1 4 97
2 52 1
1 4 97
2 52 4
1 4 97
2 52 1
1 4 97
2 52 4
1 4 30
2 52 1
2 51 4
1 4 96
2 51 1
1 4 1
2 51 4
1 4 1
2 51 1
2 53 4
1 4 97
2 53 1
1 4 97
2 53 4
1 4 97
2 53 1
1 4 97
2 53 4
1 4 97
2 53 1
1 4 97
2 53 4
1 4 97
2 53 1
1 4 97
2 53 4
1 4 97
2 53 1
1 4 97
2 53 4
1 4 97
2 53 1
1 4 97
2 53 4
1 4 97
2 53 1
1 4 97
2 53 4
1 4 97
2 53 1
1 4 97
2 53 4
1 4 97
2 53 1
1 4 97
2 53 4
1 4 97
2 53 1
1 4 97
2 53 4
1 4 97
2 53 1
1 4 97
2 53 4
1 4 97
2 53 1
1 4 97
2 53 4
1 4 97
2 53 1
1 4 97
2 53 4
1 4 97
2 53 1
1 4 97
2 53 4
1 4 97
2 53 1
1 4 97
2 53 4
1 4 97
2 53 1
1 4 97
2 53 4
1 4 97
2 53 1
1 4 97
2 53 4
1 4 97
2 53 1
1 4 97
2 53 4
1 4 97
2 53 1
1 4 97
2 53 4
1 4 97
2 53 1
1 4 97
2 53 4
1 4 97
2 53 1
1 4 97
2 53 4
1 4 97
2 53 1
1 4 97
2 53 4
1 4 44
2 53 1
2 52 4
1 4 96
2 52 1
1 4 1
2 52 4
1 4 1
2 52 1
2 54 4
1 4 97
2 54 1
1 4 97
2 54 4
1 4 97
2 54 1
1 4 97
2 54 4
1 4 97
2 54 1
1 4 97
2 54 4
1 4 97
2 54 1
1 4 97
2 54 4
1 4 97
2 54 1
1 4 97
2 54 4
1 4 97
2 54 1
1 4 97
2 54 4
1 4 97
2 54 1
1 4 97
2 54 4
1 4 97
2 54 1
1 4 97
2 54 4
1 4 16
2 54 1
2 53 4
1 4 96
2 53 1
1 4 1
2 53 4
1 4 1
2 53 1
2 55 4
1 4 97
2 55 1
1 4 97
2 55 4
1 4 2
2 55 1
2 54 4
1 4 96
2 54 1
1 4 1
2 54 4
1 4 1
2 54 1
2 56 4
1 4 97
2 56 1
1 4 97
2 56 4
1 4 97
2 56 1
1 4 97
2 56 4
1 4 97
2 56 1
1 4 97
2 56 4
1 4 6
2 56 1
2 55 4
1 4 96
2 55 1
1 4 1
2 55 4
1 4 1
2 55 1
2 56 4
1 4 97
2 56 1
1 4 97
2 56 4
1 4 97
2 56 1
1 4 97
2 56 4
1 4 97
2 56 1
1 4 97
2 56 4
1 4 97
2 56 1
1 4 97
2 56 4
1 4 97
2 56 1
1 4 97
2 56 4
1 4 97
2 56 1
1 4 97
2 56 4
1 4 97
2 56 1
1 4 97
2 56 4
1 4 97
2 56 1
1 4 97
2 56 4
1 4 97
2 56 1
1 4 97
2 56 4
1 4 97
2 56 1
1 4 97
2 56 4
1 4 97
2 56 1
1 4 97
2 56 4
1 4 22
2 56 1
2 58 4
1 4 97
2 58 1
1 4 97
2 58 4
1 4 97
2 58 1
1 4 97
2 58 4
1 4 97
2 58 1
1 4 97
2 58 4
1 4 97
2 58 1
1 4 97
2 58 4
1 4 97
2 58 1
1 4 97
2 58 4
1 4 97
2 58 1
1 4 97
2 58 4
1 4 97
2 58 1
1 4 97
2 58 4
1 4 97
2 58 1
1 4 97
2 58 4
1 4 97
2 58 1
1 4 97
2 58 4
1 4 97
2 58 1
1 4 97
2 58 4
1 4 97
2 58 1
1 4 97
2 58 4
1 4 97
2 58 1
1 4 97
2 58 4
1 4 24
2 58 1
2 57 4
1 4 96
2 57 1
1 4 1
2 57 4
1 4 1
2 57 1
2 58 4
1 4 97
2 58 1
1 4 97
2 58 4
1 4 97
2 58 1
1 4 97
2 58 4
1 4 4
2 58 1
2 60 4
1 4 97
2 60 1
1 4 97
2 60 4
1 4 97
2 60 1
1 4 97
2 60 4
1 4 97
2 60 1
1 4 97
2 60 4
1 4 97
2 60 1
1 4 97
2 60 4
1 4 97
2 60 1
1 4 97
2 60 4
1 4 97
2 60 1
1 4 97
2 60 4
1 4 97
2 60 1
1 4 97
2 60 4
1 4 97
2 60 1
1 4 97
2 60 4
1 4 97
2 60 1
1 4 97
2 60 4
1 4 97
2 60 1
1 4 97
2 60 4
1 4 97
2 60 1
1 4 97
2 60 4
1 4 97
2 60 1
1 4 97
2 60 4
1 4 24
2 60 1
2 59 4
1 4 96
2 59 1
1 4 1
2 59 4
1 4 1
2 59 1
2 61 4
1 4 97
2 61 1
1 4 97
2 61 4
1 4 97
2 61 1
1 4 97
2 61 4
1 4 97
2 61 1
1 4 97
2 61 4
1 4 97
2 61 1
1 4 97
2 61 4
1 4 97
2 61 1
1 4 97
2 61 4
1 4 97
2 61 1
1 4 97
2 61 4
1 4 97
2 61 1
1 4 97
2 61 4
1 4 97
2 61 1
1 4 97
2 61 4
1 4 97
2 61 1
1 4 97
2 61 4
1 4 97
2 61 1
1 4 97
2 61 4
1 4 97
2 61 1
1 4 97
2 61 4
1 4 97
2 61 1
1 4 97
2 61 4
1 4 97
2 61 1
1 4 97
2 61 4
1 4 97
2 61 1
1 4 97
2 61 4
1 4 97
2 61 1
1 4 97
2 61 4
1 4 97
2 61 1
1 4 97
2 61 4
1 4 32
2 61 1
2 60 4
1 4 96
2 60 1
1 4 1
2 60 4
1 4 1
2 60 1
2 61 4
1 4 97
2 61 1
1 4 97
2 61 4
1 4 97
2 61 1
1 4 97
2 61 4
1 4 97
2 61 1
1 4 97
2 61 4
1 4 97
2 61 1
1 4 97
2 61 4
1 4 97
2 61 1
1 4 97
2 61 4
1 4 97
2 61 1
1 4 97
2 61 4
1 4 97
2 61 1
1 4 97
2 61 4
1 4 97
2 61 1
1 4 97
2 61 4
1 4 16
2 61 1
2 62 4
1 4 97
2 62 1
1 4 97
2 62 4
1 4 97
2 62 1
1 4 97
2 62 4
1 4 97
2 62 1
1 4 97
2 62 4
1 4 97
2 62 1
1 4 97
2 62 4
1 4 97
2 62 1
1 4 97
2 62 4
1 4 97
2 62 1
1 4 97
2 62 4
1 4 97
2 62 1
1 4 97
2 62 4
1 4 97
2 62 1
1 4 97
2 62 4
1 4 97
2 62 1
1 4 97
2 62 4
1 4 97
2 62 1
1 4 97
2 62 4
1 4 20
2 62 1
2 63 4
1 4 97
2 63 1
1 4 97
2 63 4
1 4 97
2 63 1
1 4 97
2 63 4
1 4 97
2 63 1
1 4 97
2 63 4
1 4 97
2 63 1
1 4 97
2 63 4
1 4 97
2 63 1
1 4 97
2 63 4
1 4 97
2 63 1
1 4 97
2 63 4
1 4 97
2 63 1
1 4 97
2 63 4
1 4 97
2 63 1
1 4 97
2 63 4
1 4 97
2 63 1
1 4 97
2 63 4
1 4 97
2 63 1
1 4 97
2 63 4
1 4 97
2 63 1
1 4 97
2 63 4
1 4 97
2 63 1
1 4 97
2 63 4
1 4 97
2 63 1
1 4 97
2 63 4
1 4 97
2 63 1
1 4 97
2 63 4
1 4 97
2 63 1
1 4 97
2 63 4
1 4 30
2 63 1
2 65 4
1 4 97
2 65 1
1 4 97
2 65 4
1 4 97
2 65 1
1 4 97
2 65 4
1 4 97
2 65 1
1 4 97
2 65 4
1 4 97
2 65 1
1 4 97
2 65 4
1 4 8
2 65 1
2 64 4
1 4 96
2 64 1
1 4 1
2 64 4
1 4 1
2 64 1
2 66 4
1 4 97
2 66 1
1 4 97
2 66 4
1 4 97
2 66 1
1 4 97
2 66 4
1 4 97
2 66 1
1 4 97
2 66 4
1 4 97
2 66 1
1 4 97
2 66 4
1 4 97
2 66 1
1 4 97
2 66 4
1 4 97
2 66 1
1 4 97
2 66 4
1 4 97
2 66 1
1 4 97
2 66 4
1 4 97
2 66 1
1 4 97
2 66 4
1 4 97
2 66 1
1 4 97
2 66 4
1 4 97
2 66 1
1 4 97
2 66 4
1 4 97
2 66 1
1 4 97
2 66 4
1 4 97
2 66 1
1 4 97
2 66 4
1 4 97
2 66 1
1 4 97
2 66 4
1 4 26
2 66 1
2 65 4
1 4 96
2 65 1
1 4 1
2 65 4
1 4 1
2 65 1
2 67 4
1 4 97
2 67 1
1 4 97
2 67 4
1 4 2
2 67 1
2 66 4
1 4 96
2 66 1
1 4 1
2 66 4
1 4 1
2 66 1
2 67 4
1 4 97
2 67 1
1 4 97
2 67 4
1 4 97
2 67 1
1 4 97
2 67 4
1 4 97
2 67 1
1 4 97
2 67 4
1 4 97
2 67 1
1 4 97
2 67 4
1 4 97
2 67 1
1 4 97
2 67 4
1 4 97
2 67 1
1 4 97
2 67 4
1 4 97
2 67 1
1 4 97
2 67 4
1 4 97
2 67 1
1 4 97
2 67 4
1 4 97
2 67 1
1 4 97
2 67 4
1 4 97
2 67 1
1 4 97
2 67 4
1 4 97
2 67 1
1 4 97
2 67 4
1 4 97
2 67 1
1 4 97
2 67 4
1 4 97
2 67 1
1 4 97
2 67 4
1 4 97
2 67 1
1 4 97
2 67 4
1 4 28
2 67 1
2 69 4
1 4 97
2 69 1
1 4 97
2 69 4
1 4 97
2 69 1
1 4 97
2 69 4
1 4 97
2 69 1
1 4 97
2 69 4
1 4 97
2 69 1
1 4 97
2 69 4
1 4 8
2 69 1
2 68 4
1 4 96
2 68 1
1 4 1
2 68 4
1 4 1
2 68 1
2 69 4
1 4 97
2 69 1
1 4 97
2 69 4
1 4 97
2 69 1
1 4 97
2 69 4
1 4 97
2 69 1
1 4 97
2 69 4
1 4 97
2 69 1
1 4 97
2 69 4
1 4 97
2 69 1
1 4 97
2 69 4
1 4 97
2 69 1
1 4 97
2 69 4
1 4 97
2 69 1
1 4 97
2 69 4
1 4 97
2 69 1
1 4 97
2 69 4
1 4 16
2 69 1
2 70 4
1 4 97
2 70 1
1 4 97
2 70 4
1 4 97
2 70 1
1 4 97
2 70 4
1 4 97
2 70 1
1 4 97
2 70 4
1 4 97
2 70 1
1 4 97
2 70 4
1 4 8
2 70 1
2 72 4
1 4 97
2 72 1
1 4 97
2 72 4
1 4 97
2 72 1
1 4 97
2 72 4
1 4 97
2 72 1
1 4 97
2 72 4
1 4 97
2 72 1
1 4 97
2 72 4
1 4 8
2 72 1
2 71 4
1 4 96
2 71 1
1 4 1
2 71 4
1 4 1
2 71 1
2 73 4
1 4 97
2 73 1
1 4 97
2 73 4
1 4 97
2 73 1
1 4 97
2 73 4
1 4 97
2 73 1
1 4 97
2 73 4
1 4 97
2 73 1
1 4 97
2 73 4
1 4 97
2 73 1
1 4 97
2 73 4
1 4 97
2 73 1
1 4 97
2 73 4
1 4 12
2 73 1
2 72 4
1 4 96
2 72 1
1 4 1
2 72 4
1 4 1
2 72 1
2 73 4
1 4 97
2 73 1
1 4 97
2 73 4
1 4 2
2 73 1
2 75 4
1 4 97
2 75 1
1 4 97
2 75 4
1 4 97
2 75 1
1 4 97
2 75 4
1 4 97
2 75 1
1 4 97
2 75 4
1 4 97
2 75 1
1 4 97
2 75 4
1 4 97
2 75 1
1 4 97
2 75 4
1 4 97
2 75 1
1 4 97
2 75 4
1 4 97
2 75 1
1 4 97
2 75 4
1 4 97
2 75 1
1 4 97
2 75 4
1 4 97
2 75 1
1 4 97
2 75 4
1 4 97
2 75 1
1 4 97
2 75 4
1 4 97
2 75 1
1 4 97
2 75 4
1 4 22
2 75 1
2 74 4
1 4 96
2 74 1
1 4 1
2 74 4
1 4 1
2 74 1
2 76 4
1 4 97
2 76 1
1 4 97
2 76 4
1 4 97
2 76 1
1 4 97
2 76 4
1 4 97
2 76 1
1 4 97
2 76 4
1 4 97
2 76 1
1 4 97
2 76 4
1 4 97
2 76 1
1 4 97
2 76 4
1 4 10
2 76 1
2 75 4
1 4 96
2 75 1
1 4 1
2 75 4
1 4 1
2 75 1
2 76 4
1 4 97
2 76 1
1 4 97
2 76 4
1 4 97
2 76 1
1 4 97
2 76 4
1 4 97
2 76 1
1 4 97
2 76 4
1 4 6
2 76 1
2 77 4
1 4 97
2 77 1
1 4 97
2 77 4
1 4 97
2 77 1
1 4 97
2 77 4
1 4 97
2 77 1
1 4 97
2 77 4
1 4 97
2 77 1
1 4 97
2 77 4
1 4 97
2 77 1
1 4 97
2 77 4
1 4 97
2 77 1
1 4 97
2 77 4
1 4 97
2 77 1
1 4 97
2 77 4
1 4 97
2 77 1
1 4 97
2 77 4
1 4 97
2 77 1
1 4 97
2 77 4
1 4 97
2 77 1
1 4 97
2 77 4
1 4 20
2 77 1
2 78 4
1 4 97
2 78 1
1 4 97
2 78 4
1 4 97
2 78 1
1 4 97
2 78 4
1 4 97
2 78 1
1 4 97
2 78 4
1 4 97
2 78 1
1 4 97
2 78 4
1 4 97
2 78 1
1 4 97
2 78 4
1 4 97
2 78 1
1 4 97
2 78 4
1 4 97
2 78 1
1 4 97
2 78 4
1 4 14
2 78 1
2 80 4
1 4 97
2 80 1
1 4 97
2 80 4
1 4 97
2 80 1
1 4 97
2 80 4
1 4 97
2 80 1
1 4 97
2 80 4
1 4 6
2 80 1
2 79 4
1 4 96
2 79 1
1 4 1
2 79 4
1 4 1
2 79 1
2 80 4
1 4 97
2 80 1
1 4 97
2 80 4
1 4 97
2 80 1
1 4 97
2 80 4
1 4 4
2 80 1
2 82 4
1 4 97
2 82 1
1 4 97
2 82 4
1 4 97
2 82 1
1 4 97
2 82 4
1 4 97
2 82 1
1 4 97
2 82 4
1 4 97
2 82 1
1 4 97
2 82 4
1 4 8
2 82 1
2 81 4
1 4 96
2 81 1
1 4 1
2 81 4
1 4 1
2 81 1
2 82 4
1 4 97
2 82 1
1 4 97
2 82 4
1 4 97
2 82 1
1 4 97
2 82 4
1 4 97
2 82 1
1 4 97
2 82 4
1 4 97
2 82 1
1 4 97
2 82 4
1 4 97
2 82 1
1 4 97
2 82 4
1 4 97
2 82 1
1 4 97
2 82 4
1 4 12
2 82 1
2 83 4
1 4 97
2 83 1
1 4 97
2 83 4
1 4 97
2 83 1
1 4 97
2 83 4
1 4 97
2 83 1
1 4 97
2 83 4
1 4 97
2 83 1
1 4 97
2 83 4
1 4 8
2 83 1
2 85 4
1 4 97
2 85 1
1 4 97
2 85 4
1 4 2
2 85 1
2 84 4
1 4 96
2 84 1
1 4 1
2 84 4
1 4 1
2 84 1
2 85 4
1 4 97
2 85 1
1 4 97
2 85 4
1 4 97
2 85 1
1 4 97
2 85 4
1 4 97
2 85 1
1 4 97
2 85 4
1 4 6
2 85 1
2 87 4
1 4 97
2 87 1
1 4 97
2 87 4
1 4 97
2 87 1
1 4 97
2 87 4
1 4 97
2 87 1
1 4 97
2 87 4
1 4 97
2 87 1
1 4 97
2 87 4
1 4 97
2 87 1
1 4 97
2 87 4
1 4 10
2 87 1
2 86 4
1 4 96
2 86 1
1 4 1
2 86 4
1 4 1
2 86 1
2 87 4
1 4 97
2 87 1
1 4 97
2 87 4
1 4 97
2 87 1
1 4 97
2 87 4
1 4 97
2 87 1
1 4 97
2 87 4
1 4 97
2 87 1
1 4 97
2 87 4
1 4 97
2 87 1
1 4 97
2 87 4
1 4 10
2 87 1
2 89 4
1 4 97
2 89 1
1 4 97
2 89 4
1 4 97
2 89 1
1 4 97
2 89 4
1 4 97
2 89 1
1 4 97
2 89 4
1 4 97
2 89 1
1 4 97
2 89 4
1 4 8
2 89 1
2 88 4
1 4 96
2 88 1
1 4 1
2 88 4
1 4 1
2 88 1
2 89 4
1 4 97
2 89 1
1 4 97
2 89 4
1 4 97
2 89 1
1 4 97
2 89 4
1 4 97
2 89 1
1 4 97
2 89 4
1 4 6
2 89 1
2 91 4
1 4 97
2 91 1
1 4 97
2 91 4
1 4 2
2 91 1
2 90 4
1 4 96
2 90 1
1 4 1
2 90 4
1 4 1
2 90 1
2 92 4
1 4 97
2 92 1
1 4 97
2 92 4
1 4 2
2 92 1
2 91 4
1 4 96
2 91 1
1 4 1
2 91 4
1 4 1
2 91 1
2 93 4
1 4 0
2 93 1
2 92 4
1 4 96
2 92 1
1 4 1
2 92 4
1 4 1
2 92 1
2 94 4
1 4 97
2 94 1
1 4 97
2 94 4
1 4 2
2 94 1
2 95 4
1 4 97
2 95 1
1 4 97
2 95 4
1 4 2
2 95 1
1 4 2
2 0 4
1 4 97
2 0 1
1 4 1
2 0 4
1 4 96
1 0 1
2 0 4
1 0 97
2 0 4
1 0 1
2 0 4
1 0 97
2 0 3
1 0 1
2 1 1
1 0 2
2 1 4
1 0 1
2 1 1
1 0 1
2 1 4
1 0 1
2 1 1
1 0 1
2 1 4
1 0 1
2 1 1
1 0 1
2 1 4
1 0 1
2 1 1
1 0 1
2 1 4
1 0 1
2 1 1
1 0 1
2 1 4
1 0 1
2 1 1
1 0 1
2 1 4
1 0 1
2 1 1
1 0 1
2 1 4
1 0 1
2 1 1
1 0 1
2 1 4
1 0 1
2 1 1
1 0 1
2 1 4
1 0 1
2 1 1
1 0 1
2 1 4
1 0 1
2 1 1
1 0 1
2 1 4
1 0 1
2 1 1
1 0 1
2 1 4
1 0 1
2 1 1
1 0 1
2 1 4
1 0 1
2 1 1
1 0 1
2 1 4
1 0 1
2 1 1
1 0 1
2 1 4
1 0 1
2 1 1
1 0 1
2 1 4
1 0 1
2 1 1
1 0 1
2 1 4
1 0 1
2 1 1
1 0 1
2 1 4
1 0 1
2 1 1
1 0 1
2 1 4
1 0 1
2 1 1
1 0 1
2 1 4
1 0 1
2 1 1
1 0 1
2 1 4
1 0 1
2 1 1
1 0 1
2 1 4
1 0 1
2 1 1
1 0 1
2 1 4
1 0 1
2 1 1
1 0 1
2 1 4
1 0 1
2 1 1
1 0 1
2 1 4
1 0 1
2 1 1
1 0 1
2 1 4
1 0 1
2 1 1
1 0 1
2 1 4
1 0 1
2 1 1
1 0 1
2 1 4
1 0 1
2 1 1
1 0 1
2 1 4
1 0 1
2 1 1
1 0 1
2 1 4
1 0 1
2 1 1
1 0 1
2 1 4
1 0 1
2 1 1
1 0 1
2 1 4
1 0 1
2 1 1
1 0 1
2 1 4
1 0 1
2 1 1
1 0 1
2 1 4
1 0 1
2 1 1
1 0 1
2 1 4
1 0 1
2 1 1
1 0 1
2 1 4
1 0 1
2 1 1
1 0 1
2 1 4
1 0 1
2 1 1
1 0 1
2 1 4
1 0 1
2 1 1
1 0 1
2 1 4
1 0 1
2 1 1
1 0 1
2 1 4
1 0 1
2 1 1
1 0 1
2 1 4
1 0 1
2 1 1
1 0 1
2 1 4
1 0 1
2 1 1
1 0 1
2 1 4
1 0 1
2 1 1
1 0 1
2 1 4
1 0 1
2 1 1
1 0 1
2 1 4
1 0 1
2 1 1
1 0 1
2 1 4
1 0 1
2 1 1
1 0 1
2 1 4
1 0 1
2 1 1
1 0 1
2 1 4
