6065
1 1 33
2 0 4
1 2 26
2 1 3
1 1 8
2 2 4
1 3 37
2 3 2
1 4 69
2 4 1
1 1 23
2 5 4
2 38 1
1 1 65
2 6 4
1 2 13
2 7 3
1 2 65
2 8 3
2 78 1
1 1 28
2 9 4
1 4 25
2 10 1
1 2 7
2 11 3
1 1 26
2 12 4
1 4 90
2 13 1
1 2 92
2 14 3
1 1 25
2 15 4
2 46 1
1 1 67
2 16 4
1 4 83
2 17 1
1 4 33
2 18 1
1 1 73
2 19 4
1 3 77
2 20 2
1 2 24
2 21 3
2 70 1
1 1 49
2 22 4
1 2 58
2 23 3
1 3 50
2 24 2
1 4 20
2 25 1
1 2 25
2 26 3
2 56 1
1 1 68
2 27 4
2 58 1
1 1 67
2 28 4
1 4 72
2 29 1
2 86 1
1 1 41
2 30 4
1 4 95
2 31 1
2 32 4
1 3 18
2 33 2
1 2 32
2 34 3
2 63 1
1 1 69
2 35 4
2 62 1
1 1 71
2 36 4
1 3 55
2 37 2
1 1 81
2 38 4
1 4 73
2 39 1
1 4 86
2 40 1
1 1 62
2 41 4
2 46 1
1 1 93
2 42 4
1 1 70
2 43 4
1 1 86
2 44 4
1 2 1
2 45 3
1 4 71
2 46 1
1 1 55
2 47 4
1 2 64
2 48 3
1 4 21
2 49 1
1 4 42
2 50 1
1 4 71
2 51 1
1 4 20
2 52 1
1 2 87
2 53 3
2 69 1
1 1 82
2 54 4
1 4 20
2 55 1
1 4 60
2 56 1
1 3 72
2 57 2
1 2 52
2 58 3
2 91 1
1 1 65
2 59 4
1 1 29
2 60 4
1 3 9
2 61 2
1 1 63
2 62 4
1 4 12
2 63 1
1 4 25
2 64 1
1 1 76
2 65 4
1 3 92
2 66 2
2 72 1
1 1 92
2 67 4
1 1 7
2 68 4
1 4 21
2 69 1
1 3 34
2 70 2
1 2 85
2 71 3
1 4 28
2 72 1
1 3 92
2 73 2
1 2 69
2 74 3
1 2 52
2 75 3
1 1 45
2 76 4
1 1 37
2 77 4
1 3 82
2 78 2
1 4 66
2 79 1
1 2 46
2 80 3
1 4 39
2 81 1
1 1 52
2 82 4
1 2 37
2 83 3
1 2 64
2 84 3
1 4 65
2 85 1
1 1 72
2 86 4
1 2 25
2 87 3
1 4 87
2 88 1
1 4 55
2 89 1
1 2 14
2 90 3
1 4 61
2 91 1
1 4 56
2 92 1
1 2 36
2 93 3
1 3 73
2 94 2
1 3 95
2 95 2
1 3 86
2 96 2
2 0 1
1 2 30
2 0 4
2 1 3
1 4 35
2 1 2
1 1 78
2 2 4
1 1 19
2 2 1
2 3 2
1 3 95
2 3 3
2 4 1
1 2 9
2 4 4
2 5 1
1 2 12
2 5 4
2 6 1
1 2 90
2 6 4
2 7 3
1 4 59
2 7 2
1 1 70
2 8 4
1 1 27
2 8 1
1 1 32
2 9 4
1 1 65
2 9 1
1 1 15
2 10 4
1 1 82
2 10 1
2 11 1
1 2 59
2 11 4
2 12 2
1 3 11
2 12 3
2 13 3
1 4 56
2 13 2
2 14 2
1 3 28
2 14 3
2 15 3
1 4 4
2 15 2
1 1 45
2 16 4
1 1 52
2 16 1
2 17 3
1 4 70
2 17 2
2 18 1
1 2 93
2 18 4
2 19 1
1 2 73
2 19 4
2 20 3
1 4 5
2 20 2
2 21 2
1 3 6
2 21 3
2 22 2
1 3 57
2 22 3
1 1 28
2 23 4
1 1 69
2 23 1
2 24 3
1 4 41
2 24 2
2 25 3
1 4 83
2 25 2
2 26 1
1 2 54
2 26 4
1 1 68
2 27 4
1 1 29
2 27 1
1 4 96
2 28 3
1 4 1
2 28 2
2 29 3
1 4 4
2 29 2
2 30 3
1 4 86
2 30 2
2 31 1
1 2 63
2 31 4
2 32 1
1 2 79
2 32 4
2 33 3
1 4 47
2 33 2
1 1 35
2 34 4
1 1 62
2 34 1
2 35 2
1 3 6
2 35 3
2 36 3
1 4 68
2 36 2
2 37 1
1 2 64
2 37 4
2 38 1
1 2 71
2 38 4
2 39 1
1 2 51
2 39 4
2 40 3
1 4 89
2 40 2
2 41 3
1 4 45
2 41 2
2 42 3
1 4 10
2 42 2
2 43 2
1 3 54
2 43 3
1 1 48
2 44 4
1 1 49
2 44 1
1 1 64
2 45 4
1 1 33
2 45 1
2 46 3
1 4 5
2 46 2
2 47 2
1 3 20
2 47 3
2 48 2
1 3 41
2 48 3
1 1 62
2 49 4
1 1 35
2 49 1
1 1 84
2 50 4
1 1 13
2 50 1
2 51 3
1 4 25
2 51 2
2 52 1
1 2 73
2 52 4
2 53 2
1 3 56
2 53 3
2 54 1
1 2 47
2 54 4
1 1 64
2 55 4
1 1 33
2 55 1
2 56 2
1 3 36
2 56 3
2 57 2
1 3 13
2 57 3
2 58 3
1 4 59
2 58 2
2 59 1
1 2 78
2 59 4
2 60 3
1 4 51
2 60 2
2 61 3
1 4 76
2 61 2
2 62 1
1 2 36
2 62 4
1 1 76
2 63 4
1 1 21
2 63 1
2 64 3
1 4 23
2 64 2
2 65 2
1 3 93
2 65 3
2 66 1
1 2 12
2 66 4
2 67 1
1 2 25
2 67 4
2 68 1
1 2 73
2 68 4
2 69 1
1 2 82
2 69 4
2 70 2
1 3 36
2 70 3
2 71 3
1 4 5
2 71 2
2 72 2
1 3 75
2 72 3
2 73 2
1 3 20
2 73 3
2 74 2
1 3 47
2 74 3
2 75 3
1 4 27
2 75 2
2 76 2
1 3 85
2 76 3
1 2 96
2 77 1
1 2 1
2 77 4
2 78 2
1 3 23
2 78 3
2 79 3
1 4 68
2 79 2
2 80 3
1 4 83
2 80 2
2 81 3
1 4 48
2 81 2
2 82 3
1 4 26
2 82 2
2 83 3
1 4 51
2 83 2
2 84 2
1 3 45
2 84 3
2 85 1
1 2 75
2 85 4
2 86 1
1 2 37
2 86 4
2 87 3
1 4 65
2 87 2
2 88 1
1 2 19
2 88 4
2 89 2
1 3 93
2 89 3
2 90 3
1 4 33
2 90 2
2 91 3
1 4 39
2 91 2
2 92 3
1 4 68
2 92 2
2 93 3
1 4 29
2 93 2
2 94 1
1 2 3
2 94 4
2 95 2
1 3 55
2 95 3
2 96 3
1 4 48
2 96 2
1 2 89
2 0 4
1 2 8
2 0 1
1 2 32
2 1 4
1 2 65
2 1 1
2 2 2
1 4 91
2 2 3
1 2 74
2 3 4
1 2 23
2 3 1
1 2 16
2 4 4
1 2 81
2 4 1
2 5 2
1 4 94
2 5 3
2 6 1
1 3 76
2 6 4
2 7 1
1 3 64
2 7 4
1 2 30
2 8 4
1 2 67
2 8 1
2 9 2
1 4 53
2 9 3
2 10 2
1 4 50
2 10 3
1 2 14
2 11 4
1 2 83
2 11 1
2 12 1
1 3 84
2 12 4
1 2 68
2 13 4
1 2 29
2 13 1
2 14 2
1 4 12
2 14 3
2 15 1
1 3 67
2 15 4
1 2 23
2 16 4
1 2 74
2 16 1
2 17 1
1 3 57
2 17 4
2 18 2
1 4 53
2 18 3
2 19 2
1 4 56
2 19 3
2 20 2
1 4 86
2 20 3
2 21 1
1 3 37
2 21 4
1 2 25
2 22 4
1 2 72
2 22 1
2 23 2
1 4 13
2 23 3
2 24 2
1 4 5
2 24 3
2 25 2
1 4 95
2 25 3
2 26 1
1 3 42
2 26 4
2 27 2
1 4 9
2 27 3
2 28 2
1 4 42
2 28 3
2 29 2
1 4 26
2 29 3
2 30 1
1 3 21
2 30 4
2 31 1
1 3 16
2 31 4
2 32 1
1 3 66
2 32 4
2 33 1
1 3 65
2 33 4
1 2 55
2 34 4
1 2 42
2 34 1
2 35 1
1 3 26
2 35 4
2 36 1
1 3 54
2 36 4
2 37 1
1 3 65
2 37 4
2 38 2
1 4 8
2 38 3
1 2 60
2 39 4
1 2 37
2 39 1
1 2 42
2 40 4
1 2 55
2 40 1
2 41 2
1 4 4
2 41 3
2 42 1
1 3 40
2 42 4
1 2 64
2 43 4
1 2 33
2 43 1
1 2 79
2 44 4
1 2 18
2 44 1
1 2 69
2 45 4
1 2 28
2 45 1
2 46 2
1 4 2
2 46 3
2 47 2
1 4 26
2 47 3
2 48 1
1 3 94
2 48 4
2 49 1
1 3 70
2 49 4
1 2 85
2 50 4
1 2 12
2 50 1
2 51 1
1 3 55
2 51 4
2 52 2
1 4 50
2 52 3
2 53 1
1 3 52
2 53 4
1 2 70
2 54 4
1 2 27
2 54 1
1 2 69
2 55 4
1 2 28
2 55 1
2 56 1
1 3 32
2 56 4
1 2 90
2 57 4
1 2 7
2 57 1
2 58 1
1 3 66
2 58 4
1 2 75
2 59 4
1 2 22
2 59 1
2 60 2
1 4 85
2 60 3
1 2 74
2 61 4
1 2 23
2 61 1
1 2 89
2 62 4
1 2 8
2 62 1
2 63 1
1 3 31
2 63 4
2 64 2
1 4 76
2 64 3
2 65 2
1 4 83
2 65 3
2 66 1
1 3 38
2 66 4
1 2 81
2 67 4
1 2 16
2 67 1
1 2 70
2 68 4
1 2 27
2 68 1
2 69 2
1 4 6
2 69 3
2 70 2
1 4 21
2 70 3
2 71 1
1 3 7
2 71 4
1 2 80
2 72 4
1 2 17
2 72 1
2 73 2
1 4 5
2 73 3
2 74 2
1 4 3
2 74 3
2 75 1
1 3 14
2 75 4
2 76 2
1 4 43
2 76 3
2 77 2
1 4 20
2 77 3
2 78 1
1 3 85
2 78 4
2 79 1
1 3 85
2 79 4
1 2 96
2 80 4
1 2 1
2 80 1
2 81 2
1 4 96
2 81 3
1 2 96
2 82 4
1 2 1
2 82 1
2 83 2
1 4 39
2 83 3
2 84 2
1 4 81
2 84 3
2 85 1
1 3 67
2 85 4
2 86 1
1 3 37
2 86 4
2 87 1
1 3 82
2 87 4
2 88 2
1 4 10
2 88 3
2 89 2
1 4 50
2 89 3
2 90 2
1 4 5
2 90 3
2 91 1
1 3 25
2 91 4
2 92 1
1 3 34
2 92 4
2 93 2
1 4 68
2 93 3
2 94 1
1 3 44
2 94 4
2 95 2
1 4 95
2 95 3
2 96 1
1 3 83
2 96 4
2 0 1
1 4 72
2 0 4
1 3 36
2 1 4
1 3 61
2 1 1
1 3 52
2 2 4
1 3 45
2 2 1
2 3 1
1 4 72
2 3 4
1 3 76
2 4 4
1 3 21
2 4 1
1 3 35
2 5 4
1 3 62
2 5 1
2 6 1
1 4 1
2 6 4
2 7 1
1 4 38
2 7 4
2 8 1
1 4 81
2 8 4
2 9 1
1 4 81
2 9 4
2 10 1
1 4 18
2 10 4
2 11 1
1 4 45
2 11 4
1 3 37
2 12 4
1 3 60
2 12 1
1 3 89
2 13 4
1 3 8
2 13 1
2 14 1
1 4 86
2 14 4
1 3 18
2 15 4
1 3 79
2 15 1
1 3 93
2 16 4
1 3 4
2 16 1
2 17 1
1 4 63
2 17 4
1 3 37
2 18 4
1 3 60
2 18 1
2 19 1
1 4 72
2 19 4
1 3 31
2 20 4
1 3 66
2 20 1
1 3 92
2 21 4
1 3 5
2 21 1
2 22 1
1 4 88
2 22 4
1 3 49
2 23 4
1 3 48
2 23 1
1 3 95
2 24 4
1 3 2
2 24 1
1 3 74
2 25 4
1 3 23
2 25 1
2 26 1
1 4 12
2 26 4
1 3 41
2 27 4
1 3 56
2 27 1
2 28 1
1 4 75
2 28 4
1 3 59
2 29 4
1 3 38
2 29 1
2 30 1
1 4 86
2 30 4
2 31 1
1 4 6
2 31 4
1 3 95
2 32 4
1 3 2
2 32 1
2 33 1
1 4 45
2 33 4
2 34 1
1 4 96
2 34 4
2 35 1
1 4 69
2 35 4
1 3 77
2 36 4
1 3 20
2 36 1
2 37 1
1 4 12
2 37 4
1 3 42
2 38 4
1 3 55
2 38 1
2 39 1
1 4 22
2 39 4
2 40 1
1 4 63
2 40 4
1 3 91
2 41 4
1 3 6
2 41 1
1 3 48
2 42 4
1 3 49
2 42 1
2 43 1
1 4 29
2 43 4
2 44 1
1 4 21
2 44 4
1 3 53
2 45 4
1 3 44
2 45 1
2 46 1
1 4 87
2 46 4
2 47 1
1 4 75
2 47 4
1 3 88
2 48 4
1 3 9
2 48 1
1 3 87
2 49 4
1 3 10
2 49 1
2 50 1
1 4 34
2 50 4
1 3 86
2 51 4
1 3 11
2 51 1
2 52 1
1 4 96
2 52 4
1 3 92
2 53 4
1 3 5
2 53 1
2 54 1
1 4 31
2 54 4
2 55 1
1 4 72
2 55 4
1 3 90
2 56 4
1 3 7
2 56 1
2 57 1
1 4 91
2 57 4
1 3 79
2 58 4
1 3 18
2 58 1
2 59 1
1 4 82
2 59 4
1 3 81
2 60 4
1 3 16
2 60 1
2 61 1
1 4 71
2 61 4
2 62 1
1 4 90
2 62 4
2 63 1
1 4 13
2 63 4
2 64 1
1 4 26
2 64 4
2 65 1
1 4 1
2 65 4
1 3 95
2 66 4
1 3 2
2 66 1
2 67 1
1 4 26
2 67 4
2 68 1
1 4 76
2 68 4
2 69 1
1 4 1
2 69 4
2 70 1
1 4 16
2 70 4
2 71 1
1 4 38
2 71 4
2 72 1
1 4 69
2 72 4
2 73 1
1 4 44
2 73 4
1 3 92
2 74 4
1 3 5
2 74 1
2 75 1
1 4 44
2 75 4
1 3 95
2 76 4
1 3 2
2 76 1
2 77 1
1 4 86
2 77 4
2 78 1
1 4 78
2 78 4
2 79 1
1 4 58
2 79 4
2 80 1
1 4 10
2 80 4
2 82 1
1 4 22
2 82 4
2 83 1
1 4 79
2 83 4
2 84 1
1 4 29
2 84 4
1 3 93
2 85 4
1 3 4
2 85 1
2 86 1
1 4 54
2 86 4
2 87 1
1 4 81
2 87 4
2 88 1
1 4 39
2 88 4
2 89 1
1 4 82
2 89 4
2 90 1
1 4 4
2 90 4
2 91 1
1 4 79
2 91 4
2 92 1
1 4 29
2 92 4
2 93 1
1 4 3
2 93 4
2 94 1
1 4 18
2 94 4
2 95 1
1 4 47
2 95 4
2 96 1
1 4 17
2 96 4
1 4 57
2 2 4
1 4 96
2 2 1
1 4 96
2 2 4
1 4 96
2 2 1
1 4 96
2 2 4
1 4 96
2 2 1
1 4 96
2 2 4
1 4 96
2 2 1
1 4 96
2 2 4
1 4 96
2 2 1
1 4 96
2 2 4
1 4 96
2 2 1
1 4 96
2 2 4
1 4 96
2 2 1
1 4 96
2 2 4
1 4 96
2 2 1
1 4 96
2 2 4
1 4 16
2 2 1
2 1 4
1 4 95
2 1 1
1 4 1
2 1 4
1 4 1
2 1 1
2 2 4
1 4 96
2 2 1
1 4 96
2 2 4
1 4 96
2 2 1
1 4 96
2 2 4
1 4 96
2 2 1
1 4 96
2 2 4
1 4 96
2 2 1
1 4 96
2 2 4
1 4 96
2 2 1
1 4 96
2 2 4
1 4 96
2 2 1
1 4 96
2 2 4
1 4 96
2 2 1
1 4 96
2 2 4
1 4 96
2 2 1
1 4 96
2 2 4
1 4 96
2 2 1
1 4 96
2 2 4
1 4 96
2 2 1
1 4 96
2 2 4
1 4 96
2 2 1
1 4 96
2 2 4
1 4 96
2 2 1
1 4 96
2 2 4
1 4 96
2 2 1
1 4 96
2 2 4
1 4 96
2 2 1
1 4 96
2 2 4
1 4 96
2 2 1
1 4 96
2 2 4
1 4 96
2 2 1
1 4 96
2 2 4
1 4 96
2 2 1
1 4 96
2 2 4
1 4 96
2 2 1
1 4 96
2 2 4
1 4 96
2 2 1
1 4 96
2 2 4
1 4 96
2 2 1
1 4 96
2 2 4
1 4 96
2 2 1
1 4 96
2 2 4
1 4 96
2 2 1
1 4 96
2 2 4
1 4 44
2 2 1
2 4 4
1 4 96
2 4 1
1 4 96
2 4 4
1 4 96
2 4 1
1 4 96
2 4 4
1 4 96
2 4 1
1 4 96
2 4 4
1 4 96
2 4 1
1 4 96
2 4 4
1 4 8
2 4 1
2 3 4
1 4 95
2 3 1
1 4 1
2 3 4
1 4 1
2 3 1
2 4 4
1 4 96
2 4 1
1 4 96
2 4 4
1 4 96
2 4 1
1 4 96
2 4 4
1 4 96
2 4 1
1 4 96
2 4 4
1 4 96
2 4 1
1 4 96
2 4 4
1 4 96
2 4 1
1 4 96
2 4 4
1 4 96
2 4 1
1 4 96
2 4 4
1 4 96
2 4 1
1 4 96
2 4 4
1 4 96
2 4 1
1 4 96
2 4 4
1 4 96
2 4 1
1 4 96
2 4 4
1 4 96
2 4 1
1 4 96
2 4 4
1 4 96
2 4 1
1 4 96
2 4 4
1 4 96
2 4 1
1 4 96
2 4 4
1 4 96
2 4 1
1 4 96
2 4 4
1 4 96
2 4 1
1 4 96
2 4 4
1 4 96
2 4 1
1 4 96
2 4 4
1 4 96
2 4 1
1 4 96
2 4 4
1 4 96
2 4 1
1 4 96
2 4 4
1 4 96
2 4 1
1 4 96
2 4 4
1 4 96
2 4 1
1 4 96
2 4 4
1 4 96
2 4 1
1 4 96
2 4 4
1 4 96
2 4 1
1 4 96
2 4 4
1 4 96
2 4 1
1 4 96
2 4 4
1 4 96
2 4 1
1 4 96
2 4 4
1 4 96
2 4 1
1 4 96
2 4 4
1 4 96
2 4 1
1 4 96
2 4 4
1 4 96
2 4 1
1 4 96
2 4 4
1 4 96
2 4 1
1 4 96
2 4 4
1 4 96
2 4 1
1 4 96
2 4 4
1 4 96
2 4 1
1 4 96
2 4 4
1 4 96
2 4 1
1 4 96
2 4 4
1 4 96
2 4 1
1 4 96
2 4 4
1 4 96
2 4 1
1 4 96
2 4 4
1 4 96
2 4 1
1 4 96
2 4 4
1 4 96
2 4 1
1 4 96
2 4 4
1 4 96
2 4 1
1 4 96
2 4 4
1 4 96
2 4 1
1 4 96
2 4 4
1 4 96
2 4 1
1 4 96
2 4 4
1 4 96
2 4 1
1 4 96
2 4 4
1 4 96
2 4 1
1 4 96
2 4 4
1 4 96
2 4 1
1 4 96
2 4 4
1 4 96
2 4 1
1 4 96
2 4 4
1 4 96
2 4 1
1 4 96
2 4 4
1 4 84
2 4 1
2 5 4
1 4 96
2 5 1
1 4 96
2 5 4
1 4 96
2 5 1
1 4 96
2 5 4
1 4 96
2 5 1
1 4 96
2 5 4
1 4 96
2 5 1
1 4 96
2 5 4
1 4 96
2 5 1
1 4 96
2 5 4
1 4 96
2 5 1
1 4 96
2 5 4
1 4 96
2 5 1
1 4 96
2 5 4
1 4 96
2 5 1
1 4 96
2 5 4
1 4 96
2 5 1
1 4 96
2 5 4
1 4 96
2 5 1
1 4 96
2 5 4
1 4 96
2 5 1
1 4 96
2 5 4
1 4 96
2 5 1
1 4 96
2 5 4
1 4 96
2 5 1
1 4 96
2 5 4
1 4 96
2 5 1
1 4 96
2 5 4
1 4 96
2 5 1
1 4 96
2 5 4
1 4 96
2 5 1
1 4 96
2 5 4
1 4 96
2 5 1
1 4 96
2 5 4
1 4 96
2 5 1
1 4 96
2 5 4
1 4 96
2 5 1
1 4 96
2 5 4
1 4 96
2 5 1
1 4 96
2 5 4
1 4 96
2 5 1
1 4 96
2 5 4
1 4 96
2 5 1
1 4 96
2 5 4
1 4 96
2 5 1
1 4 96
2 5 4
1 4 96
2 5 1
1 4 96
2 5 4
1 4 96
2 5 1
1 4 96
2 5 4
1 4 96
2 5 1
1 4 96
2 5 4
1 4 96
2 5 1
1 4 96
2 5 4
1 4 96
2 5 1
1 4 96
2 5 4
1 4 96
2 5 1
1 4 96
2 5 4
1 4 96
2 5 1
1 4 96
2 5 4
1 4 96
2 5 1
1 4 96
2 5 4
1 4 96
2 5 1
1 4 96
2 5 4
1 4 96
2 5 1
1 4 96
2 5 4
1 4 96
2 5 1
1 4 96
2 5 4
1 4 68
2 5 1
2 7 4
1 4 96
2 7 1
1 4 96
2 7 4
1 4 96
2 7 1
1 4 96
2 7 4
1 4 96
2 7 1
1 4 96
2 7 4
1 4 96
2 7 1
1 4 96
2 7 4
1 4 96
2 7 1
1 4 96
2 7 4
1 4 96
2 7 1
1 4 96
2 7 4
1 4 96
2 7 1
1 4 96
2 7 4
1 4 96
2 7 1
1 4 96
2 7 4
1 4 96
2 7 1
1 4 96
2 7 4
1 4 96
2 7 1
1 4 96
2 7 4
1 4 96
2 7 1
1 4 96
2 7 4
1 4 96
2 7 1
1 4 96
2 7 4
1 4 96
2 7 1
1 4 96
2 7 4
1 4 96
2 7 1
1 4 96
2 7 4
1 4 96
2 7 1
1 4 96
2 7 4
1 4 96
2 7 1
1 4 96
2 7 4
1 4 96
2 7 1
1 4 96
2 7 4
1 4 96
2 7 1
1 4 96
2 7 4
1 4 96
2 7 1
1 4 96
2 7 4
1 4 96
2 7 1
1 4 96
2 7 4
1 4 96
2 7 1
1 4 96
2 7 4
1 4 96
2 7 1
1 4 96
2 7 4
1 4 96
2 7 1
1 4 96
2 7 4
1 4 96
2 7 1
1 4 96
2 7 4
1 4 96
2 7 1
1 4 96
2 7 4
1 4 96
2 7 1
1 4 96
2 7 4
1 4 96
2 7 1
1 4 96
2 7 4
1 4 96
2 7 1
1 4 96
2 7 4
1 4 96
2 7 1
1 4 96
2 7 4
1 4 96
2 7 1
1 4 96
2 7 4
1 4 96
2 7 1
1 4 96
2 7 4
1 4 96
2 7 1
1 4 96
2 7 4
1 4 96
2 7 1
1 4 96
2 7 4
1 4 66
2 7 1
2 6 4
1 4 95
2 6 1
1 4 1
2 6 4
1 4 1
2 6 1
2 7 4
1 4 96
2 7 1
1 4 96
2 7 4
1 4 96
2 7 1
1 4 96
2 7 4
1 4 96
2 7 1
1 4 96
2 7 4
1 4 6
2 7 1
2 8 4
1 4 96
2 8 1
1 4 96
2 8 4
1 4 96
2 8 1
1 4 96
2 8 4
1 4 96
2 8 1
1 4 96
2 8 4
1 4 96
2 8 1
1 4 96
2 8 4
1 4 96
2 8 1
1 4 96
2 8 4
1 4 96
2 8 1
1 4 96
2 8 4
1 4 96
2 8 1
1 4 96
2 8 4
1 4 96
2 8 1
1 4 96
2 8 4
1 4 96
2 8 1
1 4 96
2 8 4
1 4 96
2 8 1
1 4 96
2 8 4
1 4 96
2 8 1
1 4 96
2 8 4
1 4 96
2 8 1
1 4 96
2 8 4
1 4 96
2 8 1
1 4 96
2 8 4
1 4 96
2 8 1
1 4 96
2 8 4
1 4 96
2 8 1
1 4 96
2 8 4
1 4 96
2 8 1
1 4 96
2 8 4
1 4 96
2 8 1
1 4 96
2 8 4
1 4 96
2 8 1
1 4 96
2 8 4
1 4 96
2 8 1
1 4 96
2 8 4
1 4 96
2 8 1
1 4 96
2 8 4
1 4 96
2 8 1
1 4 96
2 8 4
1 4 96
2 8 1
1 4 96
2 8 4
1 4 96
2 8 1
1 4 96
2 8 4
1 4 96
2 8 1
1 4 96
2 8 4
1 4 96
2 8 1
1 4 96
2 8 4
1 4 96
2 8 1
1 4 96
2 8 4
1 4 96
2 8 1
1 4 96
2 8 4
1 4 96
2 8 1
1 4 96
2 8 4
1 4 96
2 8 1
1 4 96
2 8 4
1 4 96
2 8 1
1 4 96
2 8 4
1 4 60
2 8 1
2 10 4
1 4 96
2 10 1
1 4 96
2 10 4
1 4 96
2 10 1
1 4 96
2 10 4
1 4 96
2 10 1
1 4 96
2 10 4
1 4 96
2 10 1
1 4 96
2 10 4
1 4 96
2 10 1
1 4 96
2 10 4
1 4 96
2 10 1
1 4 96
2 10 4
1 4 96
2 10 1
1 4 96
2 10 4
1 4 96
2 10 1
1 4 96
2 10 4
1 4 96
2 10 1
1 4 96
2 10 4
1 4 18
2 10 1
2 9 4
1 4 95
2 9 1
1 4 1
2 9 4
1 4 1
2 9 1
2 11 4
1 4 96
2 11 1
1 4 96
2 11 4
1 4 96
2 11 1
1 4 96
2 11 4
1 4 96
2 11 1
1 4 96
2 11 4
1 4 96
2 11 1
1 4 96
2 11 4
1 4 96
2 11 1
1 4 96
2 11 4
1 4 96
2 11 1
1 4 96
2 11 4
1 4 96
2 11 1
1 4 96
2 11 4
1 4 96
2 11 1
1 4 96
2 11 4
1 4 96
2 11 1
1 4 96
2 11 4
1 4 96
2 11 1
1 4 96
2 11 4
1 4 96
2 11 1
1 4 96
2 11 4
1 4 96
2 11 1
1 4 96
2 11 4
1 4 96
2 11 1
1 4 96
2 11 4
1 4 96
2 11 1
1 4 96
2 11 4
1 4 96
2 11 1
1 4 96
2 11 4
1 4 96
2 11 1
1 4 96
2 11 4
1 4 96
2 11 1
1 4 96
2 11 4
1 4 96
2 11 1
1 4 96
2 11 4
1 4 96
2 11 1
1 4 96
2 11 4
1 4 96
2 11 1
1 4 96
2 11 4
1 4 96
2 11 1
1 4 96
2 11 4
1 4 42
2 11 1
2 10 4
1 4 95
2 10 1
1 4 1
2 10 4
1 4 1
2 10 1
2 12 4
1 4 96
2 12 1
1 4 96
2 12 4
1 4 96
2 12 1
1 4 96
2 12 4
1 4 96
2 12 1
1 4 96
2 12 4
1 4 96
2 12 1
1 4 96
2 12 4
1 4 96
2 12 1
1 4 96
2 12 4
1 4 96
2 12 1
1 4 96
2 12 4
1 4 96
2 12 1
1 4 96
2 12 4
1 4 96
2 12 1
1 4 96
2 12 4
1 4 96
2 12 1
1 4 96
2 12 4
1 4 96
2 12 1
1 4 96
2 12 4
1 4 96
2 12 1
1 4 96
2 12 4
1 4 96
2 12 1
1 4 96
2 12 4
1 4 96
2 12 1
1 4 96
2 12 4
1 4 96
2 12 1
1 4 96
2 12 4
1 4 96
2 12 1
1 4 96
2 12 4
1 4 96
2 12 1
1 4 96
2 12 4
1 4 96
2 12 1
1 4 96
2 12 4
1 4 96
2 12 1
1 4 96
2 12 4
1 4 96
2 12 1
1 4 96
2 12 4
1 4 96
2 12 1
1 4 96
2 12 4
1 4 96
2 12 1
1 4 96
2 12 4
1 4 96
2 12 1
1 4 96
2 12 4
1 4 96
2 12 1
1 4 96
2 12 4
1 4 96
2 12 1
1 4 96
2 12 4
1 4 96
2 12 1
1 4 96
2 12 4
1 4 96
2 12 1
1 4 96
2 12 4
1 4 96
2 12 1
1 4 96
2 12 4
1 4 96
2 12 1
1 4 96
2 12 4
1 4 96
2 12 1
1 4 96
2 12 4
1 4 96
2 12 1
1 4 96
2 12 4
1 4 96
2 12 1
1 4 96
2 12 4
1 4 96
2 12 1
1 4 96
2 12 4
1 4 96
2 12 1
1 4 96
2 12 4
1 4 96
2 12 1
1 4 96
2 12 4
1 4 96
2 12 1
1 4 96
2 12 4
1 4 70
2 12 1
2 11 4
1 4 95
2 11 1
1 4 1
2 11 4
1 4 1
2 11 1
2 12 4
1 4 96
2 12 1
1 4 96
2 12 4
1 4 96
2 12 1
1 4 96
2 12 4
1 4 96
2 12 1
1 4 96
2 12 4
1 4 96
2 12 1
1 4 96
2 12 4
1 4 96
2 12 1
1 4 96
2 12 4
1 4 96
2 12 1
1 4 96
2 12 4
1 4 12
2 12 1
2 13 4
1 4 96
2 13 1
1 4 96
2 13 4
1 4 96
2 13 1
1 4 96
2 13 4
1 4 96
2 13 1
1 4 96
2 13 4
1 4 96
2 13 1
1 4 96
2 13 4
1 4 96
2 13 1
1 4 96
2 13 4
1 4 96
2 13 1
1 4 96
2 13 4
1 4 96
2 13 1
1 4 96
2 13 4
1 4 96
2 13 1
1 4 96
2 13 4
1 4 96
2 13 1
1 4 96
2 13 4
1 4 96
2 13 1
1 4 96
2 13 4
1 4 96
2 13 1
1 4 96
2 13 4
1 4 96
2 13 1
1 4 96
2 13 4
1 4 96
2 13 1
1 4 96
2 13 4
1 4 96
2 13 1
1 4 96
2 13 4
1 4 96
2 13 1
1 4 96
2 13 4
1 4 96
2 13 1
1 4 96
2 13 4
1 4 96
2 13 1
1 4 96
2 13 4
1 4 96
2 13 1
1 4 96
2 13 4
1 4 96
2 13 1
1 4 96
2 13 4
1 4 96
2 13 1
1 4 96
2 13 4
1 4 96
2 13 1
1 4 96
2 13 4
1 4 96
2 13 1
1 4 96
2 13 4
1 4 96
2 13 1
1 4 96
2 13 4
1 4 96
2 13 1
1 4 96
2 13 4
1 4 96
2 13 1
1 4 96
2 13 4
1 4 96
2 13 1
1 4 96
2 13 4
1 4 96
2 13 1
1 4 96
2 13 4
1 4 96
2 13 1
1 4 96
2 13 4
1 4 96
2 13 1
1 4 96
2 13 4
1 4 96
2 13 1
1 4 96
2 13 4
1 4 96
2 13 1
1 4 96
2 13 4
1 4 96
2 13 1
1 4 96
2 13 4
1 4 96
2 13 1
1 4 96
2 13 4
1 4 96
2 13 1
1 4 96
2 13 4
1 4 96
2 13 1
1 4 96
2 13 4
1 4 96
2 13 1
1 4 96
2 13 4
1 4 96
2 13 1
1 4 96
2 13 4
1 4 74
2 13 1
2 15 4
1 4 96
2 15 1
1 4 96
2 15 4
1 4 96
2 15 1
1 4 96
2 15 4
1 4 96
2 15 1
1 4 96
2 15 4
1 4 96
2 15 1
1 4 96
2 15 4
1 4 96
2 15 1
1 4 96
2 15 4
1 4 96
2 15 1
1 4 96
2 15 4
1 4 96
2 15 1
1 4 96
2 15 4
1 4 96
2 15 1
1 4 96
2 15 4
1 4 96
2 15 1
1 4 96
2 15 4
1 4 96
2 15 1
1 4 96
2 15 4
1 4 96
2 15 1
1 4 96
2 15 4
1 4 96
2 15 1
1 4 96
2 15 4
1 4 96
2 15 1
1 4 96
2 15 4
1 4 96
2 15 1
1 4 96
2 15 4
1 4 96
2 15 1
1 4 96
2 15 4
1 4 96
2 15 1
1 4 96
2 15 4
1 4 96
2 15 1
1 4 96
2 15 4
1 4 96
2 15 1
1 4 96
2 15 4
1 4 96
2 15 1
1 4 96
2 15 4
1 4 96
2 15 1
1 4 96
2 15 4
1 4 96
2 15 1
1 4 96
2 15 4
1 4 96
2 15 1
1 4 96
2 15 4
1 4 96
2 15 1
1 4 96
2 15 4
1 4 96
2 15 1
1 4 96
2 15 4
1 4 96
2 15 1
1 4 96
2 15 4
1 4 96
2 15 1
1 4 96
2 15 4
1 4 96
2 15 1
1 4 96
2 15 4
1 4 96
2 15 1
1 4 96
2 15 4
1 4 96
2 15 1
1 4 96
2 15 4
1 4 96
2 15 1
1 4 96
2 15 4
1 4 96
2 15 1
1 4 96
2 15 4
1 4 96
2 15 1
1 4 96
2 15 4
1 4 96
2 15 1
1 4 96
2 15 4
1 4 96
2 15 1
1 4 96
2 15 4
1 4 96
2 15 1
1 4 96
2 15 4
1 4 96
2 15 1
1 4 96
2 15 4
1 4 96
2 15 1
1 4 96
2 15 4
1 4 96
2 15 1
1 4 96
2 15 4
1 4 96
2 15 1
1 4 96
2 15 4
1 4 96
2 15 1
1 4 96
2 15 4
1 4 80
2 15 1
2 14 4
1 4 95
2 14 1
1 4 1
2 14 4
1 4 1
2 14 1
2 15 4
1 4 96
2 15 1
1 4 96
2 15 4
1 4 96
2 15 1
1 4 96
2 15 4
1 4 96
2 15 1
1 4 96
2 15 4
1 4 6
2 15 1
2 16 4
1 4 96
2 16 1
1 4 96
2 16 4
1 4 96
2 16 1
1 4 96
2 16 4
1 4 96
2 16 1
1 4 96
2 16 4
1 4 96
2 16 1
1 4 96
2 16 4
1 4 96
2 16 1
1 4 96
2 16 4
1 4 96
2 16 1
1 4 96
2 16 4
1 4 96
2 16 1
1 4 96
2 16 4
1 4 96
2 16 1
1 4 96
2 16 4
1 4 96
2 16 1
1 4 96
2 16 4
1 4 96
2 16 1
1 4 96
2 16 4
1 4 96
2 16 1
1 4 96
2 16 4
1 4 96
2 16 1
1 4 96
2 16 4
1 4 96
2 16 1
1 4 96
2 16 4
1 4 96
2 16 1
1 4 96
2 16 4
1 4 96
2 16 1
1 4 96
2 16 4
1 4 96
2 16 1
1 4 96
2 16 4
1 4 96
2 16 1
1 4 96
2 16 4
1 4 96
2 16 1
1 4 96
2 16 4
1 4 96
2 16 1
1 4 96
2 16 4
1 4 96
2 16 1
1 4 96
2 16 4
1 4 96
2 16 1
1 4 96
2 16 4
1 4 96
2 16 1
1 4 96
2 16 4
1 4 96
2 16 1
1 4 96
2 16 4
1 4 96
2 16 1
1 4 96
2 16 4
1 4 96
2 16 1
1 4 96
2 16 4
1 4 96
2 16 1
1 4 96
2 16 4
1 4 96
2 16 1
1 4 96
2 16 4
1 4 96
2 16 1
1 4 96
2 16 4
1 4 56
2 16 1
2 18 4
1 4 96
2 18 1
1 4 96
2 18 4
1 4 96
2 18 1
1 4 96
2 18 4
1 4 96
2 18 1
1 4 96
2 18 4
1 4 96
2 18 1
1 4 96
2 18 4
1 4 96
2 18 1
1 4 96
2 18 4
1 4 96
2 18 1
1 4 96
2 18 4
1 4 96
2 18 1
1 4 96
2 18 4
1 4 96
2 18 1
1 4 96
2 18 4
1 4 96
2 18 1
1 4 96
2 18 4
1 4 96
2 18 1
1 4 96
2 18 4
1 4 96
2 18 1
1 4 96
2 18 4
1 4 96
2 18 1
1 4 96
2 18 4
1 4 96
2 18 1
1 4 96
2 18 4
1 4 96
2 18 1
1 4 96
2 18 4
1 4 96
2 18 1
1 4 96
2 18 4
1 4 96
2 18 1
1 4 96
2 18 4
1 4 96
2 18 1
1 4 96
2 18 4
1 4 96
2 18 1
1 4 96
2 18 4
1 4 96
2 18 1
1 4 96
2 18 4
1 4 96
2 18 1
1 4 96
2 18 4
1 4 96
2 18 1
1 4 96
2 18 4
1 4 96
2 18 1
1 4 96
2 18 4
1 4 96
2 18 1
1 4 96
2 18 4
1 4 96
2 18 1
1 4 96
2 18 4
1 4 96
2 18 1
1 4 96
2 18 4
1 4 96
2 18 1
1 4 96
2 18 4
1 4 96
2 18 1
1 4 96
2 18 4
1 4 96
2 18 1
1 4 96
2 18 4
1 4 96
2 18 1
1 4 96
2 18 4
1 4 58
2 18 1
2 17 4
1 4 95
2 17 1
1 4 1
2 17 4
1 4 1
2 17 1
2 19 4
1 4 96
2 19 1
1 4 96
2 19 4
1 4 96
2 19 1
1 4 96
2 19 4
1 4 96
2 19 1
1 4 96
2 19 4
1 4 96
2 19 1
1 4 96
2 19 4
1 4 96
2 19 1
1 4 96
2 19 4
1 4 96
2 19 1
1 4 96
2 19 4
1 4 96
2 19 1
1 4 96
2 19 4
1 4 96
2 19 1
1 4 96
2 19 4
1 4 96
2 19 1
1 4 96
2 19 4
1 4 96
2 19 1
1 4 96
2 19 4
1 4 96
2 19 1
1 4 96
2 19 4
1 4 22
2 19 1
2 18 4
1 4 95
2 18 1
1 4 1
2 18 4
1 4 1
2 18 1
2 20 4
1 4 96
2 20 1
1 4 96
2 20 4
1 4 96
2 20 1
1 4 96
2 20 4
1 4 96
2 20 1
1 4 96
2 20 4
1 4 96
2 20 1
1 4 96
2 20 4
1 4 96
2 20 1
1 4 96
2 20 4
1 4 96
2 20 1
1 4 96
2 20 4
1 4 96
2 20 1
1 4 96
2 20 4
1 4 96
2 20 1
1 4 96
2 20 4
1 4 96
2 20 1
1 4 96
2 20 4
1 4 96
2 20 1
1 4 96
2 20 4
1 4 96
2 20 1
1 4 96
2 20 4
1 4 96
2 20 1
1 4 96
2 20 4
1 4 96
2 20 1
1 4 96
2 20 4
1 4 96
2 20 1
1 4 96
2 20 4
1 4 96
2 20 1
1 4 96
2 20 4
1 4 96
2 20 1
1 4 96
2 20 4
1 4 96
2 20 1
1 4 96
2 20 4
1 4 96
2 20 1
1 4 96
2 20 4
1 4 96
2 20 1
1 4 96
2 20 4
1 4 96
2 20 1
1 4 96
2 20 4
1 4 96
2 20 1
1 4 96
2 20 4
1 4 96
2 20 1
1 4 96
2 20 4
1 4 96
2 20 1
1 4 96
2 20 4
1 4 96
2 20 1
1 4 96
2 20 4
1 4 96
2 20 1
1 4 96
2 20 4
1 4 50
2 20 1
2 19 4
1 4 95
2 19 1
1 4 1
2 19 4
1 4 1
2 19 1
2 20 4
1 4 96
2 20 1
1 4 96
2 20 4
1 4 96
2 20 1
1 4 96
2 20 4
1 4 96
2 20 1
1 4 96
2 20 4
1 4 96
2 20 1
1 4 96
2 20 4
1 4 96
2 20 1
1 4 96
2 20 4
1 4 96
2 20 1
1 4 96
2 20 4
1 4 96
2 20 1
1 4 96
2 20 4
1 4 96
2 20 1
1 4 96
2 20 4
1 4 96
2 20 1
1 4 96
2 20 4
1 4 96
2 20 1
1 4 96
2 20 4
1 4 96
2 20 1
1 4 96
2 20 4
1 4 96
2 20 1
1 4 96
2 20 4
1 4 96
2 20 1
1 4 96
2 20 4
1 4 96
2 20 1
1 4 96
2 20 4
1 4 96
2 20 1
1 4 96
2 20 4
1 4 96
2 20 1
1 4 96
2 20 4
1 4 32
2 20 1
2 21 4
1 4 96
2 21 1
1 4 96
2 21 4
1 4 96
2 21 1
1 4 96
2 21 4
1 4 96
2 21 1
1 4 96
2 21 4
1 4 96
2 21 1
1 4 96
2 21 4
1 4 96
2 21 1
1 4 96
2 21 4
1 4 96
2 21 1
1 4 96
2 21 4
1 4 12
2 21 1
2 22 4
1 4 96
2 22 1
1 4 96
2 22 4
1 4 96
2 22 1
1 4 96
2 22 4
1 4 96
2 22 1
1 4 96
2 22 4
1 4 96
2 22 1
1 4 96
2 22 4
1 4 96
2 22 1
1 4 96
2 22 4
1 4 96
2 22 1
1 4 96
2 22 4
1 4 96
2 22 1
1 4 96
2 22 4
1 4 96
2 22 1
1 4 96
2 22 4
1 4 16
2 22 1
2 24 4
1 4 96
2 24 1
1 4 96
2 24 4
1 4 96
2 24 1
1 4 96
2 24 4
1 4 96
2 24 1
1 4 96
2 24 4
1 4 96
2 24 1
1 4 96
2 24 4
1 4 96
2 24 1
1 4 96
2 24 4
1 4 96
2 24 1
1 4 96
2 24 4
1 4 96
2 24 1
1 4 96
2 24 4
1 4 96
2 24 1
1 4 96
2 24 4
1 4 16
2 24 1
2 23 4
1 4 95
2 23 1
1 4 1
2 23 4
1 4 1
2 23 1
2 24 4
1 4 96
2 24 1
1 4 96
2 24 4
1 4 96
2 24 1
1 4 96
2 24 4
1 4 96
2 24 1
1 4 96
2 24 4
1 4 96
2 24 1
1 4 96
2 24 4
1 4 96
2 24 1
1 4 96
2 24 4
1 4 96
2 24 1
1 4 96
2 24 4
1 4 96
2 24 1
1 4 96
2 24 4
1 4 96
2 24 1
1 4 96
2 24 4
1 4 96
2 24 1
1 4 96
2 24 4
1 4 96
2 24 1
1 4 96
2 24 4
1 4 96
2 24 1
1 4 96
2 24 4
1 4 96
2 24 1
1 4 96
2 24 4
1 4 96
2 24 1
1 4 96
2 24 4
1 4 96
2 24 1
1 4 96
2 24 4
1 4 28
2 24 1
2 26 4
1 4 96
2 26 1
1 4 96
2 26 4
1 4 96
2 26 1
1 4 96
2 26 4
1 4 4
2 26 1
2 25 4
1 4 95
2 25 1
1 4 1
2 25 4
1 4 1
2 25 1
2 26 4
1 4 96
2 26 1
1 4 96
2 26 4
1 4 96
2 26 1
1 4 96
2 26 4
1 4 96
2 26 1
1 4 96
2 26 4
1 4 96
2 26 1
1 4 96
2 26 4
1 4 96
2 26 1
1 4 96
2 26 4
1 4 96
2 26 1
1 4 96
2 26 4
1 4 96
2 26 1
1 4 96
2 26 4
1 4 96
2 26 1
1 4 96
2 26 4
1 4 96
2 26 1
1 4 96
2 26 4
1 4 18
2 26 1
2 27 4
1 4 96
2 27 1
1 4 96
2 27 4
1 4 96
2 27 1
1 4 96
2 27 4
1 4 96
2 27 1
1 4 96
2 27 4
1 4 96
2 27 1
1 4 96
2 27 4
1 4 96
2 27 1
1 4 96
2 27 4
1 4 96
2 27 1
1 4 96
2 27 4
1 4 96
2 27 1
1 4 96
2 27 4
1 4 96
2 27 1
1 4 96
2 27 4
1 4 96
2 27 1
1 4 96
2 27 4
1 4 96
2 27 1
1 4 96
2 27 4
1 4 96
2 27 1
1 4 96
2 27 4
1 4 96
2 27 1
1 4 96
2 27 4
1 4 96
2 27 1
1 4 96
2 27 4
1 4 96
2 27 1
1 4 96
2 27 4
1 4 96
2 27 1
1 4 96
2 27 4
1 4 96
2 27 1
1 4 96
2 27 4
1 4 96
2 27 1
1 4 96
2 27 4
1 4 96
2 27 1
1 4 96
2 27 4
1 4 96
2 27 1
1 4 96
2 27 4
1 4 96
2 27 1
1 4 96
2 27 4
1 4 96
2 27 1
1 4 96
2 27 4
1 4 96
2 27 1
1 4 96
2 27 4
1 4 96
2 27 1
1 4 96
2 27 4
1 4 96
2 27 1
1 4 96
2 27 4
1 4 96
2 27 1
1 4 96
2 27 4
1 4 96
2 27 1
1 4 96
2 27 4
1 4 96
2 27 1
1 4 96
2 27 4
1 4 54
2 27 1
2 28 4
1 4 96
2 28 1
1 4 96
2 28 4
1 4 96
2 28 1
1 4 96
2 28 4
1 4 96
2 28 1
1 4 96
2 28 4
1 4 96
2 28 1
1 4 96
2 28 4
1 4 96
2 28 1
1 4 96
2 28 4
1 4 96
2 28 1
1 4 96
2 28 4
1 4 96
2 28 1
1 4 96
2 28 4
1 4 96
2 28 1
1 4 96
2 28 4
1 4 96
2 28 1
1 4 96
2 28 4
1 4 96
2 28 1
1 4 96
2 28 4
1 4 96
2 28 1
1 4 96
2 28 4
1 4 96
2 28 1
1 4 96
2 28 4
1 4 96
2 28 1
1 4 96
2 28 4
1 4 26
2 28 1
2 30 4
1 4 96
2 30 1
1 4 96
2 30 4
1 4 96
2 30 1
1 4 96
2 30 4
1 4 4
2 30 1
2 29 4
1 4 95
2 29 1
1 4 1
2 29 4
1 4 1
2 29 1
2 31 4
1 4 96
2 31 1
1 4 96
2 31 4
1 4 96
2 31 1
1 4 96
2 31 4
1 4 96
2 31 1
1 4 96
2 31 4
1 4 96
2 31 1
1 4 96
2 31 4
1 4 96
2 31 1
1 4 96
2 31 4
1 4 96
2 31 1
1 4 96
2 31 4
1 4 96
2 31 1
1 4 96
2 31 4
1 4 96
2 31 1
1 4 96
2 31 4
1 4 96
2 31 1
1 4 96
2 31 4
1 4 96
2 31 1
1 4 96
2 31 4
1 4 96
2 31 1
1 4 96
2 31 4
1 4 96
2 31 1
1 4 96
2 31 4
1 4 96
2 31 1
1 4 96
2 31 4
1 4 96
2 31 1
1 4 96
2 31 4
1 4 96
2 31 1
1 4 96
2 31 4
1 4 96
2 31 1
1 4 96
2 31 4
1 4 96
2 31 1
1 4 96
2 31 4
1 4 96
2 31 1
1 4 96
2 31 4
1 4 36
2 31 1
2 30 4
1 4 95
2 30 1
1 4 1
2 30 4
1 4 1
2 30 1
2 32 4
1 4 96
2 32 1
1 4 96
2 32 4
1 4 96
2 32 1
1 4 96
2 32 4
1 4 96
2 32 1
1 4 96
2 32 4
1 4 96
2 32 1
1 4 96
2 32 4
1 4 96
2 32 1
1 4 96
2 32 4
1 4 96
2 32 1
1 4 96
2 32 4
1 4 96
2 32 1
1 4 96
2 32 4
1 4 96
2 32 1
1 4 96
2 32 4
1 4 96
2 32 1
1 4 96
2 32 4
1 4 96
2 32 1
1 4 96
2 32 4
1 4 96
2 32 1
1 4 96
2 32 4
1 4 96
2 32 1
1 4 96
2 32 4
1 4 96
2 32 1
1 4 96
2 32 4
1 4 96
2 32 1
1 4 96
2 32 4
1 4 96
2 32 1
1 4 96
2 32 4
1 4 96
2 32 1
1 4 96
2 32 4
1 4 96
2 32 1
1 4 96
2 32 4
1 4 96
2 32 1
1 4 96
2 32 4
1 4 96
2 32 1
1 4 96
2 32 4
1 4 96
2 32 1
1 4 96
2 32 4
1 4 96
2 32 1
1 4 96
2 32 4
1 4 42
2 32 1
2 31 4
1 4 95
2 31 1
1 4 1
2 31 4
1 4 1
2 31 1
2 33 4
1 4 96
2 33 1
1 4 96
2 33 4
1 4 96
2 33 1
1 4 96
2 33 4
1 4 96
2 33 1
1 4 96
2 33 4
1 4 96
2 33 1
1 4 96
2 33 4
1 4 96
2 33 1
1 4 96
2 33 4
1 4 96
2 33 1
1 4 96
2 33 4
1 4 12
2 33 1
2 32 4
1 4 95
2 32 1
1 4 1
2 32 4
1 4 1
2 32 1
2 33 4
1 4 96
2 33 1
1 4 96
2 33 4
1 4 96
2 33 1
1 4 96
2 33 4
1 4 96
2 33 1
1 4 96
2 33 4
1 4 96
2 33 1
1 4 96
2 33 4
1 4 96
2 33 1
1 4 96
2 33 4
1 4 96
2 33 1
1 4 96
2 33 4
1 4 96
2 33 1
1 4 96
2 33 4
1 4 96
2 33 1
1 4 96
2 33 4
1 4 96
2 33 1
1 4 96
2 33 4
1 4 96
2 33 1
1 4 96
2 33 4
1 4 96
2 33 1
1 4 96
2 33 4
1 4 96
2 33 1
1 4 96
2 33 4
1 4 96
2 33 1
1 4 96
2 33 4
1 4 96
2 33 1
1 4 96
2 33 4
1 4 96
2 33 1
1 4 96
2 33 4
1 4 96
2 33 1
1 4 96
2 33 4
1 4 96
2 33 1
1 4 96
2 33 4
1 4 96
2 33 1
1 4 96
2 33 4
1 4 96
2 33 1
1 4 96
2 33 4
1 4 96
2 33 1
1 4 96
2 33 4
1 4 96
2 33 1
1 4 96
2 33 4
1 4 96
2 33 1
1 4 96
2 33 4
1 4 44
2 33 1
2 34 4
1 4 96
2 34 1
1 4 96
2 34 4
1 4 96
2 34 1
1 4 96
2 34 4
1 4 96
2 34 1
1 4 96
2 34 4
1 4 96
2 34 1
1 4 96
2 34 4
1 4 96
2 34 1
1 4 96
2 34 4
1 4 96
2 34 1
1 4 96
2 34 4
1 4 96
2 34 1
1 4 96
2 34 4
1 4 96
2 34 1
1 4 96
2 34 4
1 4 96
2 34 1
1 4 96
2 34 4
1 4 96
2 34 1
1 4 96
2 34 4
1 4 96
2 34 1
1 4 96
2 34 4
1 4 96
2 34 1
1 4 96
2 34 4
1 4 96
2 34 1
1 4 96
2 34 4
1 4 96
2 34 1
1 4 96
2 34 4
1 4 96
2 34 1
1 4 96
2 34 4
1 4 96
2 34 1
1 4 96
2 34 4
1 4 96
2 34 1
1 4 96
2 34 4
1 4 96
2 34 1
1 4 96
2 34 4
1 4 96
2 34 1
1 4 96
2 34 4
1 4 96
2 34 1
1 4 96
2 34 4
1 4 96
2 34 1
1 4 96
2 34 4
1 4 96
2 34 1
1 4 96
2 34 4
1 4 96
2 34 1
1 4 96
2 34 4
1 4 46
2 34 1
2 36 4
1 4 96
2 36 1
1 4 96
2 36 4
1 4 96
2 36 1
1 4 96
2 36 4
1 4 96
2 36 1
1 4 96
2 36 4
1 4 96
2 36 1
1 4 96
2 36 4
1 4 96
2 36 1
1 4 96
2 36 4
1 4 96
2 36 1
1 4 96
2 36 4
1 4 96
2 36 1
1 4 96
2 36 4
1 4 96
2 36 1
1 4 96
2 36 4
1 4 96
2 36 1
1 4 96
2 36 4
1 4 96
2 36 1
1 4 96
2 36 4
1 4 96
2 36 1
1 4 96
2 36 4
1 4 96
2 36 1
1 4 96
2 36 4
1 4 96
2 36 1
1 4 96
2 36 4
1 4 96
2 36 1
1 4 96
2 36 4
1 4 96
2 36 1
1 4 96
2 36 4
1 4 96
2 36 1
1 4 96
2 36 4
1 4 96
2 36 1
1 4 96
2 36 4
1 4 96
2 36 1
1 4 96
2 36 4
1 4 36
2 36 1
2 35 4
1 4 95
2 35 1
1 4 1
2 35 4
1 4 1
2 35 1
2 36 4
1 4 96
2 36 1
1 4 96
2 36 4
1 4 96
2 36 1
1 4 96
2 36 4
1 4 96
2 36 1
1 4 96
2 36 4
1 4 96
2 36 1
1 4 96
2 36 4
1 4 96
2 36 1
1 4 96
2 36 4
1 4 10
2 36 1
2 38 4
1 4 96
2 38 1
1 4 96
2 38 4
1 4 96
2 38 1
1 4 96
2 38 4
1 4 96
2 38 1
1 4 96
2 38 4
1 4 96
2 38 1
1 4 96
2 38 4
1 4 96
2 38 1
1 4 96
2 38 4
1 4 96
2 38 1
1 4 96
2 38 4
1 4 96
2 38 1
1 4 96
2 38 4
1 4 96
2 38 1
1 4 96
2 38 4
1 4 96
2 38 1
1 4 96
2 38 4
1 4 96
2 38 1
1 4 96
2 38 4
1 4 96
2 38 1
1 4 96
2 38 4
1 4 96
2 38 1
1 4 96
2 38 4
1 4 96
2 38 1
1 4 96
2 38 4
1 4 96
2 38 1
1 4 96
2 38 4
1 4 28
2 38 1
2 37 4
1 4 95
2 37 1
1 4 1
2 37 4
1 4 1
2 37 1
2 38 4
1 4 96
2 38 1
1 4 96
2 38 4
1 4 96
2 38 1
1 4 96
2 38 4
1 4 96
2 38 1
1 4 96
2 38 4
1 4 96
2 38 1
1 4 96
2 38 4
1 4 96
2 38 1
1 4 96
2 38 4
1 4 96
2 38 1
1 4 96
2 38 4
1 4 96
2 38 1
1 4 96
2 38 4
1 4 96
2 38 1
1 4 96
2 38 4
1 4 96
2 38 1
1 4 96
2 38 4
1 4 96
2 38 1
1 4 96
2 38 4
1 4 96
2 38 1
1 4 96
2 38 4
1 4 96
2 38 1
1 4 96
2 38 4
1 4 96
2 38 1
1 4 96
2 38 4
1 4 96
2 38 1
1 4 96
2 38 4
1 4 96
2 38 1
1 4 96
2 38 4
1 4 96
2 38 1
1 4 96
2 38 4
1 4 96
2 38 1
1 4 96
2 38 4
1 4 96
2 38 1
1 4 96
2 38 4
1 4 96
2 38 1
1 4 96
2 38 4
1 4 96
2 38 1
1 4 96
2 38 4
1 4 96
2 38 1
1 4 96
2 38 4
1 4 96
2 38 1
1 4 96
2 38 4
1 4 44
2 38 1
2 40 4
1 4 96
2 40 1
1 4 96
2 40 4
1 4 96
2 40 1
1 4 96
2 40 4
1 4 96
2 40 1
1 4 96
2 40 4
1 4 96
2 40 1
1 4 96
2 40 4
1 4 96
2 40 1
1 4 96
2 40 4
1 4 10
2 40 1
2 39 4
1 4 95
2 39 1
1 4 1
2 39 4
1 4 1
2 39 1
2 41 4
1 4 96
2 41 1
1 4 96
2 41 4
1 4 96
2 41 1
1 4 96
2 41 4
1 4 96
2 41 1
1 4 96
2 41 4
1 4 96
2 41 1
1 4 96
2 41 4
1 4 96
2 41 1
1 4 96
2 41 4
1 4 96
2 41 1
1 4 96
2 41 4
1 4 96
2 41 1
1 4 96
2 41 4
1 4 96
2 41 1
1 4 96
2 41 4
1 4 96
2 41 1
1 4 96
2 41 4
1 4 96
2 41 1
1 4 96
2 41 4
1 4 96
2 41 1
1 4 96
2 41 4
1 4 96
2 41 1
1 4 96
2 41 4
1 4 96
2 41 1
1 4 96
2 41 4
1 4 96
2 41 1
1 4 96
2 41 4
1 4 96
2 41 1
1 4 96
2 41 4
1 4 96
2 41 1
1 4 96
2 41 4
1 4 96
2 41 1
1 4 96
2 41 4
1 4 96
2 41 1
1 4 96
2 41 4
1 4 36
2 41 1
2 40 4
1 4 95
2 40 1
1 4 1
2 40 4
1 4 1
2 40 1
2 42 4
1 4 96
2 42 1
1 4 96
2 42 4
1 4 96
2 42 1
1 4 96
2 42 4
1 4 96
2 42 1
1 4 96
2 42 4
1 4 96
2 42 1
1 4 96
2 42 4
1 4 96
2 42 1
1 4 96
2 42 4
1 4 96
2 42 1
1 4 96
2 42 4
1 4 96
2 42 1
1 4 96
2 42 4
1 4 96
2 42 1
1 4 96
2 42 4
1 4 96
2 42 1
1 4 96
2 42 4
1 4 96
2 42 1
1 4 96
2 42 4
1 4 96
2 42 1
1 4 96
2 42 4
1 4 96
2 42 1
1 4 96
2 42 4
1 4 96
2 42 1
1 4 96
2 42 4
1 4 96
2 42 1
1 4 96
2 42 4
1 4 96
2 42 1
1 4 96
2 42 4
1 4 96
2 42 1
1 4 96
2 42 4
1 4 96
2 42 1
1 4 96
2 42 4
1 4 96
2 42 1
1 4 96
2 42 4
1 4 96
2 42 1
1 4 96
2 42 4
1 4 96
2 42 1
1 4 96
2 42 4
1 4 96
2 42 1
1 4 96
2 42 4
1 4 96
2 42 1
1 4 96
2 42 4
1 4 96
2 42 1
1 4 96
2 42 4
1 4 46
2 42 1
2 41 4
1 4 95
2 41 1
1 4 1
2 41 4
1 4 1
2 41 1
2 42 4
1 4 96
2 42 1
1 4 96
2 42 4
1 4 96
2 42 1
1 4 96
2 42 4
1 4 96
2 42 1
1 4 96
2 42 4
1 4 6
2 42 1
2 44 4
1 4 96
2 44 1
1 4 96
2 44 4
1 4 96
2 44 1
1 4 96
2 44 4
1 4 96
2 44 1
1 4 96
2 44 4
1 4 96
2 44 1
1 4 96
2 44 4
1 4 96
2 44 1
1 4 96
2 44 4
1 4 96
2 44 1
1 4 96
2 44 4
1 4 96
2 44 1
1 4 96
2 44 4
1 4 96
2 44 1
1 4 96
2 44 4
1 4 16
2 44 1
2 43 4
1 4 95
2 43 1
1 4 1
2 43 4
1 4 1
2 43 1
2 44 4
1 4 96
2 44 1
1 4 96
2 44 4
1 4 96
2 44 1
1 4 96
2 44 4
1 4 96
2 44 1
1 4 96
2 44 4
1 4 96
2 44 1
1 4 96
2 44 4
1 4 96
2 44 1
1 4 96
2 44 4
1 4 96
2 44 1
1 4 96
2 44 4
1 4 96
2 44 1
1 4 96
2 44 4
1 4 14
2 44 1
2 45 4
1 4 96
2 45 1
1 4 96
2 45 4
1 4 96
2 45 1
1 4 96
2 45 4
1 4 96
2 45 1
1 4 96
2 45 4
1 4 96
2 45 1
1 4 96
2 45 4
1 4 96
2 45 1
1 4 96
2 45 4
1 4 96
2 45 1
1 4 96
2 45 4
1 4 96
2 45 1
1 4 96
2 45 4
1 4 96
2 45 1
1 4 96
2 45 4
1 4 96
2 45 1
1 4 96
2 45 4
1 4 96
2 45 1
1 4 96
2 45 4
1 4 96
2 45 1
1 4 96
2 45 4
1 4 96
2 45 1
1 4 96
2 45 4
1 4 96
2 45 1
1 4 96
2 45 4
1 4 26
2 45 1
2 47 4
1 4 96
2 47 1
1 4 96
2 47 4
1 4 96
2 47 1
1 4 96
2 47 4
1 4 96
2 47 1
1 4 96
2 47 4
1 4 96
2 47 1
1 4 96
2 47 4
1 4 96
2 47 1
1 4 96
2 47 4
1 4 96
2 47 1
1 4 96
2 47 4
1 4 96
2 47 1
1 4 96
2 47 4
1 4 96
2 47 1
1 4 96
2 47 4
1 4 96
2 47 1
1 4 96
2 47 4
1 4 96
2 47 1
1 4 96
2 47 4
1 4 96
2 47 1
1 4 96
2 47 4
1 4 96
2 47 1
1 4 96
2 47 4
1 4 96
2 47 1
1 4 96
2 47 4
1 4 96
2 47 1
1 4 96
2 47 4
1 4 96
2 47 1
1 4 96
2 47 4
1 4 96
2 47 1
1 4 96
2 47 4
1 4 96
2 47 1
1 4 96
2 47 4
1 4 96
2 47 1
1 4 96
2 47 4
1 4 96
2 47 1
1 4 96
2 47 4
1 4 96
2 47 1
1 4 96
2 47 4
1 4 96
2 47 1
1 4 96
2 47 4
1 4 96
2 47 1
1 4 96
2 47 4
1 4 44
2 47 1
2 46 4
1 4 95
2 46 1
1 4 1
2 46 4
1 4 1
2 46 1
2 47 4
1 4 96
2 47 1
1 4 96
2 47 4
1 4 96
2 47 1
1 4 96
2 47 4
1 4 96
2 47 1
1 4 96
2 47 4
1 4 96
2 47 1
1 4 96
2 47 4
1 4 96
2 47 1
1 4 96
2 47 4
1 4 96
2 47 1
1 4 96
2 47 4
1 4 96
2 47 1
1 4 96
2 47 4
1 4 96
2 47 1
1 4 96
2 47 4
1 4 96
2 47 1
1 4 96
2 47 4
1 4 18
2 47 1
2 48 4
1 4 96
2 48 1
1 4 96
2 48 4
1 4 96
2 48 1
1 4 96
2 48 4
1 4 96
2 48 1
1 4 96
2 48 4
1 4 96
2 48 1
1 4 96
2 48 4
1 4 96
2 48 1
1 4 96
2 48 4
1 4 96
2 48 1
1 4 96
2 48 4
1 4 96
2 48 1
1 4 96
2 48 4
1 4 96
2 48 1
1 4 96
2 48 4
1 4 96
2 48 1
1 4 96
2 48 4
1 4 96
2 48 1
1 4 96
2 48 4
1 4 96
2 48 1
1 4 96
2 48 4
1 4 96
2 48 1
1 4 96
2 48 4
1 4 96
2 48 1
1 4 96
2 48 4
1 4 96
2 48 1
1 4 96
2 48 4
1 4 96
2 48 1
1 4 96
2 48 4
1 4 96
2 48 1
1 4 96
2 48 4
1 4 96
2 48 1
1 4 96
2 48 4
1 4 96
2 48 1
1 4 96
2 48 4
1 4 96
2 48 1
1 4 96
2 48 4
1 4 96
2 48 1
1 4 96
2 48 4
1 4 96
2 48 1
1 4 96
2 48 4
1 4 96
2 48 1
1 4 96
2 48 4
1 4 44
2 48 1
2 49 4
1 4 96
2 49 1
1 4 96
2 49 4
1 4 96
2 49 1
1 4 96
2 49 4
1 4 96
2 49 1
1 4 96
2 49 4
1 4 96
2 49 1
1 4 96
2 49 4
1 4 96
2 49 1
1 4 96
2 49 4
1 4 96
2 49 1
1 4 96
2 49 4
1 4 96
2 49 1
1 4 96
2 49 4
1 4 96
2 49 1
1 4 96
2 49 4
1 4 96
2 49 1
1 4 96
2 49 4
1 4 96
2 49 1
1 4 96
2 49 4
1 4 96
2 49 1
1 4 96
2 49 4
1 4 22
2 49 1
2 50 4
1 4 96
2 50 1
1 4 96
2 50 4
1 4 96
2 50 1
1 4 96
2 50 4
1 4 96
2 50 1
1 4 96
2 50 4
1 4 96
2 50 1
1 4 96
2 50 4
1 4 96
2 50 1
1 4 96
2 50 4
1 4 96
2 50 1
1 4 96
2 50 4
1 4 96
2 50 1
1 4 96
2 50 4
1 4 96
2 50 1
1 4 96
2 50 4
1 4 96
2 50 1
1 4 96
2 50 4
1 4 96
2 50 1
1 4 96
2 50 4
1 4 96
2 50 1
1 4 96
2 50 4
1 4 96
2 50 1
1 4 96
2 50 4
1 4 96
2 50 1
1 4 96
2 50 4
1 4 96
2 50 1
1 4 96
2 50 4
1 4 96
2 50 1
1 4 96
2 50 4
1 4 96
2 50 1
1 4 96
2 50 4
1 4 96
2 50 1
1 4 96
2 50 4
1 4 96
2 50 1
1 4 96
2 50 4
1 4 96
2 50 1
1 4 96
2 50 4
1 4 96
2 50 1
1 4 96
2 50 4
1 4 96
2 50 1
1 4 96
2 50 4
1 4 96
2 50 1
1 4 96
2 50 4
1 4 96
2 50 1
1 4 96
2 50 4
1 4 46
2 50 1
2 52 4
1 4 96
2 52 1
1 4 96
2 52 4
1 4 96
2 52 1
1 4 96
2 52 4
1 4 96
2 52 1
1 4 96
2 52 4
1 4 96
2 52 1
1 4 96
2 52 4
1 4 96
2 52 1
1 4 96
2 52 4
1 4 96
2 52 1
1 4 96
2 52 4
1 4 96
2 52 1
1 4 96
2 52 4
1 4 96
2 52 1
1 4 96
2 52 4
1 4 96
2 52 1
1 4 96
2 52 4
1 4 96
2 52 1
1 4 96
2 52 4
1 4 96
2 52 1
1 4 96
2 52 4
1 4 96
2 52 1
1 4 96
2 52 4
1 4 96
2 52 1
1 4 96
2 52 4
1 4 96
2 52 1
1 4 96
2 52 4
1 4 96
2 52 1
1 4 96
2 52 4
1 4 96
2 52 1
1 4 96
2 52 4
1 4 96
2 52 1
1 4 96
2 52 4
1 4 96
2 52 1
1 4 96
2 52 4
1 4 36
2 52 1
2 51 4
1 4 95
2 51 1
1 4 1
2 51 4
1 4 1
2 51 1
2 53 4
1 4 96
2 53 1
1 4 96
2 53 4
1 4 96
2 53 1
1 4 96
2 53 4
1 4 4
2 53 1
2 52 4
1 4 95
2 52 1
1 4 1
2 52 4
1 4 1
2 52 1
2 53 4
1 4 96
2 53 1
1 4 96
2 53 4
1 4 96
2 53 1
1 4 96
2 53 4
1 4 96
2 53 1
1 4 96
2 53 4
1 4 96
2 53 1
1 4 96
2 53 4
1 4 96
2 53 1
1 4 96
2 53 4
1 4 96
2 53 1
1 4 96
2 53 4
1 4 96
2 53 1
1 4 96
2 53 4
1 4 96
2 53 1
1 4 96
2 53 4
1 4 16
2 53 1
2 55 4
1 4 0
2 55 1
2 54 4
1 4 95
2 54 1
1 4 1
2 54 4
1 4 1
2 54 1
2 55 4
1 4 96
2 55 1
1 4 96
2 55 4
1 4 96
2 55 1
1 4 96
2 55 4
1 4 96
2 55 1
1 4 96
2 55 4
1 4 96
2 55 1
1 4 96
2 55 4
1 4 96
2 55 1
1 4 96
2 55 4
1 4 10
2 55 1
2 56 4
1 4 96
2 56 1
1 4 96
2 56 4
1 4 96
2 56 1
1 4 96
2 56 4
1 4 96
2 56 1
1 4 96
2 56 4
1 4 96
2 56 1
1 4 96
2 56 4
1 4 96
2 56 1
1 4 96
2 56 4
1 4 96
2 56 1
1 4 96
2 56 4
1 4 96
2 56 1
1 4 96
2 56 4
1 4 96
2 56 1
1 4 96
2 56 4
1 4 96
2 56 1
1 4 96
2 56 4
1 4 96
2 56 1
1 4 96
2 56 4
1 4 96
2 56 1
1 4 96
2 56 4
1 4 96
2 56 1
1 4 96
2 56 4
1 4 96
2 56 1
1 4 96
2 56 4
1 4 96
2 56 1
1 4 96
2 56 4
1 4 96
2 56 1
1 4 96
2 56 4
1 4 96
2 56 1
1 4 96
2 56 4
1 4 96
2 56 1
1 4 96
2 56 4
1 4 96
2 56 1
1 4 96
2 56 4
1 4 36
2 56 1
2 58 4
1 4 96
2 58 1
1 4 96
2 58 4
1 4 96
2 58 1
1 4 96
2 58 4
1 4 96
2 58 1
1 4 96
2 58 4
1 4 96
2 58 1
1 4 96
2 58 4
1 4 96
2 58 1
1 4 96
2 58 4
1 4 96
2 58 1
1 4 96
2 58 4
1 4 96
2 58 1
1 4 96
2 58 4
1 4 96
2 58 1
1 4 96
2 58 4
1 4 96
2 58 1
1 4 96
2 58 4
1 4 96
2 58 1
1 4 96
2 58 4
1 4 96
2 58 1
1 4 96
2 58 4
1 4 96
2 58 1
1 4 96
2 58 4
1 4 96
2 58 1
1 4 96
2 58 4
1 4 96
2 58 1
1 4 96
2 58 4
1 4 96
2 58 1
1 4 96
2 58 4
1 4 96
2 58 1
1 4 96
2 58 4
1 4 96
2 58 1
1 4 96
2 58 4
1 4 96
2 58 1
1 4 96
2 58 4
1 4 36
2 58 1
2 57 4
1 4 95
2 57 1
1 4 1
2 57 4
1 4 1
2 57 1
2 58 4
1 4 96
2 58 1
1 4 96
2 58 4
1 4 96
2 58 1
1 4 96
2 58 4
1 4 96
2 58 1
1 4 96
2 58 4
1 4 96
2 58 1
1 4 96
2 58 4
1 4 96
2 58 1
1 4 96
2 58 4
1 4 96
2 58 1
1 4 96
2 58 4
1 4 96
2 58 1
1 4 96
2 58 4
1 4 96
2 58 1
1 4 96
2 58 4
1 4 96
2 58 1
1 4 96
2 58 4
1 4 96
2 58 1
1 4 96
2 58 4
1 4 20
2 58 1
2 59 4
1 4 96
2 59 1
1 4 96
2 59 4
1 4 96
2 59 1
1 4 96
2 59 4
1 4 96
2 59 1
1 4 96
2 59 4
1 4 96
2 59 1
1 4 96
2 59 4
1 4 96
2 59 1
1 4 96
2 59 4
1 4 96
2 59 1
1 4 96
2 59 4
1 4 96
2 59 1
1 4 96
2 59 4
1 4 96
2 59 1
1 4 96
2 59 4
1 4 96
2 59 1
1 4 96
2 59 4
1 4 96
2 59 1
1 4 96
2 59 4
1 4 96
2 59 1
1 4 96
2 59 4
1 4 96
2 59 1
1 4 96
2 59 4
1 4 96
2 59 1
1 4 96
2 59 4
1 4 96
2 59 1
1 4 96
2 59 4
1 4 96
2 59 1
1 4 96
2 59 4
1 4 96
2 59 1
1 4 96
2 59 4
1 4 96
2 59 1
1 4 96
2 59 4
1 4 96
2 59 1
1 4 96
2 59 4
1 4 36
2 59 1
2 60 4
1 4 96
2 60 1
1 4 96
2 60 4
1 4 96
2 60 1
1 4 96
2 60 4
1 4 96
2 60 1
1 4 96
2 60 4
1 4 96
2 60 1
1 4 96
2 60 4
1 4 96
2 60 1
1 4 96
2 60 4
1 4 10
2 60 1
2 62 4
1 4 96
2 62 1
1 4 96
2 62 4
1 4 96
2 62 1
1 4 96
2 62 4
1 4 96
2 62 1
1 4 96
2 62 4
1 4 96
2 62 1
1 4 96
2 62 4
1 4 96
2 62 1
1 4 96
2 62 4
1 4 96
2 62 1
1 4 96
2 62 4
1 4 96
2 62 1
1 4 96
2 62 4
1 4 14
2 62 1
2 64 4
1 4 96
2 64 1
1 4 96
2 64 4
1 4 96
2 64 1
1 4 96
2 64 4
1 4 96
2 64 1
1 4 96
2 64 4
1 4 96
2 64 1
1 4 96
2 64 4
1 4 96
2 64 1
1 4 96
2 64 4
1 4 96
2 64 1
1 4 96
2 64 4
1 4 96
2 64 1
1 4 96
2 64 4
1 4 96
2 64 1
1 4 96
2 64 4
1 4 16
2 64 1
2 63 4
1 4 95
2 63 1
1 4 1
2 63 4
1 4 1
2 63 1
2 65 4
1 4 96
2 65 1
1 4 96
2 65 4
1 4 96
2 65 1
1 4 96
2 65 4
1 4 96
2 65 1
1 4 96
2 65 4
1 4 96
2 65 1
1 4 96
2 65 4
1 4 96
2 65 1
1 4 96
2 65 4
1 4 96
2 65 1
1 4 96
2 65 4
1 4 96
2 65 1
1 4 96
2 65 4
1 4 96
2 65 1
1 4 96
2 65 4
1 4 96
2 65 1
1 4 96
2 65 4
1 4 96
2 65 1
1 4 96
2 65 4
1 4 96
2 65 1
1 4 96
2 65 4
1 4 96
2 65 1
1 4 96
2 65 4
1 4 24
2 65 1
2 64 4
1 4 95
2 64 1
1 4 1
2 64 4
1 4 1
2 64 1
2 66 4
1 4 96
2 66 1
1 4 96
2 66 4
1 4 96
2 66 1
1 4 96
2 66 4
1 4 96
2 66 1
1 4 96
2 66 4
1 4 96
2 66 1
1 4 96
2 66 4
1 4 8
2 66 1
2 65 4
1 4 95
2 65 1
1 4 1
2 65 4
1 4 1
2 65 1
2 66 4
1 4 96
2 66 1
1 4 96
2 66 4
1 4 96
2 66 1
1 4 96
2 66 4
1 4 96
2 66 1
1 4 96
2 66 4
1 4 96
2 66 1
1 4 96
2 66 4
1 4 96
2 66 1
1 4 96
2 66 4
1 4 10
2 66 1
2 68 4
1 4 96
2 68 1
1 4 96
2 68 4
1 4 96
2 68 1
1 4 96
2 68 4
1 4 96
2 68 1
1 4 96
2 68 4
1 4 96
2 68 1
1 4 96
2 68 4
1 4 96
2 68 1
1 4 96
2 68 4
1 4 10
2 68 1
2 67 4
1 4 95
2 67 1
1 4 1
2 67 4
1 4 1
2 67 1
2 68 4
1 4 96
2 68 1
1 4 96
2 68 4
1 4 96
2 68 1
1 4 96
2 68 4
1 4 96
2 68 1
1 4 96
2 68 4
1 4 96
2 68 1
1 4 96
2 68 4
1 4 96
2 68 1
1 4 96
2 68 4
1 4 10
2 68 1
2 70 4
1 4 96
2 70 1
1 4 96
2 70 4
1 4 96
2 70 1
1 4 96
2 70 4
1 4 96
2 70 1
1 4 96
2 70 4
1 4 96
2 70 1
1 4 96
2 70 4
1 4 96
2 70 1
1 4 96
2 70 4
1 4 96
2 70 1
1 4 96
2 70 4
1 4 96
2 70 1
1 4 96
2 70 4
1 4 96
2 70 1
1 4 96
2 70 4
1 4 16
2 70 1
2 69 4
1 4 95
2 69 1
1 4 1
2 69 4
1 4 1
2 69 1
2 71 4
1 4 96
2 71 1
1 4 96
2 71 4
1 4 96
2 71 1
1 4 96
2 71 4
1 4 96
2 71 1
1 4 96
2 71 4
1 4 96
2 71 1
1 4 96
2 71 4
1 4 96
2 71 1
1 4 96
2 71 4
1 4 96
2 71 1
1 4 96
2 71 4
1 4 96
2 71 1
1 4 96
2 71 4
1 4 14
2 71 1
2 70 4
1 4 95
2 70 1
1 4 1
2 70 4
1 4 1
2 70 1
2 72 4
1 4 0
2 72 1
2 71 4
1 4 95
2 71 1
1 4 1
2 71 4
1 4 1
2 71 1
2 73 4
1 4 96
2 73 1
1 4 96
2 73 4
1 4 96
2 73 1
1 4 96
2 73 4
1 4 96
2 73 1
1 4 96
2 73 4
1 4 96
2 73 1
1 4 96
2 73 4
1 4 96
2 73 1
1 4 96
2 73 4
1 4 10
2 73 1
2 72 4
1 4 95
2 72 1
1 4 1
2 72 4
1 4 1
2 72 1
2 73 4
1 4 96
2 73 1
1 4 96
2 73 4
1 4 96
2 73 1
1 4 96
2 73 4
1 4 96
2 73 1
1 4 96
2 73 4
1 4 96
2 73 1
1 4 96
2 73 4
1 4 96
2 73 1
1 4 96
2 73 4
1 4 96
2 73 1
1 4 96
2 73 4
1 4 96
2 73 1
1 4 96
2 73 4
1 4 96
2 73 1
1 4 96
2 73 4
1 4 96
2 73 1
1 4 96
2 73 4
1 4 96
2 73 1
1 4 96
2 73 4
1 4 96
2 73 1
1 4 96
2 73 4
1 4 22
2 73 1
2 74 4
1 4 96
2 74 1
1 4 96
2 74 4
1 4 96
2 74 1
1 4 96
2 74 4
1 4 96
2 74 1
1 4 96
2 74 4
1 4 96
2 74 1
1 4 96
2 74 4
1 4 96
2 74 1
1 4 96
2 74 4
1 4 10
2 74 1
2 76 4
1 4 96
2 76 1
1 4 96
2 76 4
1 4 96
2 76 1
1 4 96
2 76 4
1 4 96
2 76 1
1 4 96
2 76 4
1 4 96
2 76 1
1 4 96
2 76 4
1 4 96
2 76 1
1 4 96
2 76 4
1 4 96
2 76 1
1 4 96
2 76 4
1 4 12
2 76 1
2 75 4
1 4 95
2 75 1
1 4 1
2 75 4
1 4 1
2 75 1
2 76 4
1 4 96
2 76 1
1 4 96
2 76 4
1 4 96
2 76 1
1 4 96
2 76 4
1 4 96
2 76 1
1 4 96
2 76 4
1 4 96
2 76 1
1 4 96
2 76 4
1 4 96
2 76 1
1 4 96
2 76 4
1 4 96
2 76 1
1 4 96
2 76 4
1 4 96
2 76 1
1 4 96
2 76 4
1 4 96
2 76 1
1 4 96
2 76 4
1 4 96
2 76 1
1 4 96
2 76 4
1 4 18
2 76 1
2 78 4
1 4 96
2 78 1
1 4 96
2 78 4
1 4 96
2 78 1
1 4 96
2 78 4
1 4 4
2 78 1
2 77 4
1 4 95
2 77 1
1 4 1
2 77 4
1 4 1
2 77 1
2 78 4
1 4 96
2 78 1
1 4 96
2 78 4
1 4 96
2 78 1
1 4 96
2 78 4
1 4 96
2 78 1
1 4 96
2 78 4
1 4 96
2 78 1
1 4 96
2 78 4
1 4 96
2 78 1
1 4 96
2 78 4
1 4 96
2 78 1
1 4 96
2 78 4
1 4 12
2 78 1
2 80 4
1 4 96
2 80 1
1 4 96
2 80 4
1 4 96
2 80 1
1 4 96
2 80 4
1 4 96
2 80 1
1 4 96
2 80 4
1 4 96
2 80 1
1 4 96
2 80 4
1 4 96
2 80 1
1 4 96
2 80 4
1 4 96
2 80 1
1 4 96
2 80 4
1 4 12
2 80 1
2 79 4
1 4 95
2 79 1
1 4 1
2 79 4
1 4 1
2 79 1
2 81 4
1 4 96
2 81 1
1 4 96
2 81 4
1 4 96
2 81 1
1 4 96
2 81 4
1 4 96
2 81 1
1 4 96
2 81 4
1 4 96
2 81 1
1 4 96
2 81 4
1 4 8
2 81 1
2 80 4
1 4 95
2 80 1
1 4 1
2 80 4
1 4 1
2 80 1
2 82 4
1 4 96
2 82 1
1 4 96
2 82 4
1 4 96
2 82 1
1 4 96
2 82 4
1 4 96
2 82 1
1 4 96
2 82 4
1 4 96
2 82 1
1 4 96
2 82 4
1 4 96
2 82 1
1 4 96
2 82 4
1 4 96
2 82 1
1 4 96
2 82 4
1 4 12
2 82 1
2 81 4
1 4 95
2 81 1
1 4 1
2 81 4
1 4 1
2 81 1
2 82 4
1 4 96
2 82 1
1 4 96
2 82 4
1 4 96
2 82 1
1 4 96
2 82 4
1 4 4
2 82 1
2 83 4
1 4 96
2 83 1
1 4 96
2 83 4
1 4 2
2 83 1
2 84 4
1 4 96
2 84 1
1 4 96
2 84 4
1 4 96
2 84 1
1 4 96
2 84 4
1 4 96
2 84 1
1 4 96
2 84 4
1 4 96
2 84 1
1 4 96
2 84 4
1 4 8
2 84 1
2 85 4
1 4 96
2 85 1
1 4 96
2 85 4
1 4 2
2 85 1
2 86 4
1 4 96
2 86 1
1 4 96
2 86 4
1 4 96
2 86 1
1 4 96
2 86 4
1 4 4
2 86 1
2 88 4
1 4 0
2 88 1
2 87 4
1 4 95
2 87 1
1 4 1
2 87 4
1 4 1
2 87 1
2 88 4
1 4 96
2 88 1
1 4 96
2 88 4
1 4 96
2 88 1
1 4 96
2 88 4
1 4 96
2 88 1
1 4 96
2 88 4
1 4 6
2 88 1
2 89 4
1 4 96
2 89 1
1 4 96
2 89 4
1 4 96
2 89 1
1 4 96
2 89 4
1 4 4
2 89 1
2 91 4
1 4 96
2 91 1
1 4 96
2 91 4
1 4 96
2 91 1
1 4 96
2 91 4
1 4 4
2 91 1
2 90 4
1 4 95
2 90 1
1 4 1
2 90 4
1 4 1
2 90 1
2 92 4
1 4 96
2 92 1
1 4 96
2 92 4
1 4 96
2 92 1
1 4 96
2 92 4
1 4 4
2 92 1
2 91 4
1 4 95
2 91 1
1 4 1
2 91 4
1 4 1
2 91 1
2 93 4
1 4 96
2 93 1
1 4 96
2 93 4
1 4 2
2 93 1
2 92 4
1 4 95
2 92 1
1 4 1
2 92 4
1 4 1
2 92 1
2 93 4
1 4 96
2 93 1
1 4 96
2 93 4
1 4 2
2 93 1
