0
1
0
1836
28
1399
198
0
2235
1
0
0
0
1558
1
8
6287
1
0
0
4
0
0
0
0
0
0
0
13
1
1
61
1
1
1
1
0
1
0
1
1
1
0
12
1
0
76
0
0
0
1
1
0
0
0
3
1
0
235
1
0
3
0
0
0
0
1
0
0
0
1
1
0
11
0
18
0
5
1739
0
2157
9
1745
1
1
19
1
0
0
0
1
0
53
131
0
1
1
0
0
1
1
0
0
5
1
0
0
0
3763
0
0
0
0
0
0
9298
1
9298
1
1
1
0
0
30
1
0
0
0
0
644
0
1
21
4748
943
0
1
181
1
59
805
1
0
21
0
776
0
0
0
0
1
0
0
0
0
168
1
1
1
180
0
1
1
162
4089
0
174
1
290
0
0
0
0
1
0
0
1
0
0
1
2627
4292
0
0
1
1
1
0
1
0
1
1
1
0
1
2641
1
0
22
1
1
1
446
1
8
0
1
37
0
1
0
0
0
0
1
0
0
112
0
0
1
7
0
0
0
0
1
0
0
1
1809
0
1
45
914
0
45
1
0
2671
1819
429
1
0
0
0
231
0
1
1
0
5
1
1
4443
1
0
0
0
64
0
0
1
7
0
0
0
1
1
0
1
0
1
0
1
1
40
1
4
40
0
0
0
24
2212
0
0
0
1
127
40
1
1
9
1
0
1
1
1
0
1
1
0
0
0
1
1
162
1
0
7
1
3794
1
1
1
26
1
1
1
0
1
16
0
1
755
0
0
1092
0
0
0
5578
1
0
11103
103
0
0
0
0
1440
0
0
1
3
0
1
0
1
1
0
1
1118
1593
1
0
0
0
257
4621
0
0
0
4624
1
154
1
1
0
0
1
0
0
0
0
1
2
1
0
0
5
0
0
1
0
1
11316
3
927
0
804
1
16
1
0
0
5725
0
5742
4
0
0
4696
0
1
111
1
0
0
1
19
0
0
1
0
1
0
1
5811
0
1
1
0
0
0
1
5839
62
1
1
4761
1
1
0
1
11
0
0
0
4794
0
0
0
1
4
0
1
1018
0
22
1
1
0
0
11727
1
435
87
1
0
0
1
0
0
0
1
0
0
0
1
0
1
0
0
0
0
1689
1
0
0
0
1
1
40
0
1
0
4852
2
0
1
0
0
1
0
0
1
0
1
0
83
0
1
1
0
1
0
1
10
0
1
4114
3
1
451
0
1
12081
0
0
2443
12085
1
0
0
0
2
1
1
0
0
1
5
0
0
0
24
2
491
8
3091
1
0
90
1
1
0
1
0
0
0
26
1
0
1
0
0
1
1
0
12266
0
0
0
0
1
1
0
1
845
1
492
1
0
1
6
1
0
0
519
0
1060
601
0
1
1
32
6
105
12478
0
0
0
1
1
1
870
0
0
0
1
300
234
1
1
0
0
633
117
0
0
0
1678
2532
0
0
0
0
0
0
0
0
2
0
1
1
0
0
0
4322
0
1
0
0
1
0
2157
0
0
4
0
1
0
0
0
0
1
0
180
549
0
0
0
1
0
0
0
1
0
23
0
2
0
120
377
0
1
5293
2
1
1
0
1
0
1
0
0
6
0
0
6
1
61
0
114
0
1
0
1
0
2
1
1
1
1
1
0
0
0
2
1
0
1
1
0
1
0
2634
0
0
1
29
0
0
1
0
1065
1
1
18
1
307
1
1
1
87
0
0
0
0
1
383
0
0
1
2681
0
1
2681
0
0
13390
1
0
0
2666
0
0
54
0
1
1
0
0
30
0
1
0
1
1
0
0
0
0
16
277
0
1
1
19
0
0
0
0
1
1
0
1
0
13
0
1
1
1
0
0
80
1
1
1152
1
5512
0
0
0
1
0
44
4632
1
1
11
1
1
1
0
1
5542
1
1
0
53
1
1
0
0
1
1799
0
1
1
213
0
0
1
0
0
0
0
0
0
4
1
1
0
31
1
1
1176
0
1
0
0
0
1
0
0
11
0
0
0
923
0
131
1
1
0
1
1419
21
1
1
70
1
1
0
1
1
0
0
1374
14017
1
1
5714
1
426
15
0
0
0
0
0
0
0
1
14086
24
6
0
1
0
0
0
0
0
156
4
0
1
0
704
1
0
7116
1
0
0
0
0
1
0
1
1
0
14220
0
3
0
1
1
1
3
6
1
1
0
1
0
2
1
0
1
0
0
14367
0
1230
1146
1
1
1
3631
0
0
487
1
1
0
0
0
1
0
1
1212
0
1
7269
0
0
0
4
1
0
1
0
1
0
3658
14496
1
1
1
1
3
1
23
12
1
1
15
0
14628
0
0
1
1
1
0
1
0
1
1
0
493
1
0
1
7
9
0
0
11
1
1
1
0
0
0
1
1
0
0
1
0
1
1
0
1
0
1
0
298
0
2520
512
3748
1
1
0
1
1
0
0
0
0
26
0
0
8
1
1
26
0
1
1001
0
1
1
3771
1
520
0
0
0
0
0
1
1
1
1
0
1
103
1030
1
0
0
1
145
1
0
0
49
0
19
1
0
0
0
1
1
0
1
0
0
15093
0
1
0
1
0
2168
1033
0
1
7585
112
1
0
1
0
1015
363
1
0
0
1
1
23
0
0
0
0
15168
1
0
0
1
0
31
1
1
0
3830
3830
1
0
0
1
0
0
1
1
1
1
1
1
0
0
0
1
0
6224
1
1556
0
1
1
0
0
1
0
1
16
0
1
1
1
1
0
1
762
0
1
1
0
6282
3098
0
1
7735
0
0
1
1
442
129
1
0
1
0
1
10
6
1
2
1
50
0
0
0
0
1
0
0
0
0
0
1
1
0
0
1
1
0
261
1
0
7825
1042
0
15628
1
0
0
615
0
1
0
1
1
2007
0
0
102
1
1
1
1
0
1
1
1
2
1
0
1
24
1
1
1
0
1039
1
0
0
1
243
6
1
18
1
651
0
0
0
0
0
0
0
0
1
666
1
0
1
0
0
1
0
2
72
1132
1
0
0
6490
1
0
0
1
358
0
0
10
1
786
1569
0
0
0
1
1
16039
1
0
1
1077
51
0
1
1
0
0
32
1582
0
1
4061
2745
0
924
1
2
0
0
1
0
0
1
0
1
1
1
172
20
0
1
105
1
0
3
0
0
0
631
1
0
0
1
0
1
1
1
8203
0
1
1
16366
1
0
0
1
1
0
1
1
0
1
0
1
420
1
1
1
0
1
0
1
5587
33
1
1
14
0
0
189
1
1
1
0
0
0
0
1368
1398
1
464
1
3
3269
0
1
1
1
1
8276
1
1
1
565
0
0
0
9
1
8276
1
1
0
1
1
0
1
1
16541
0
118
0
0
0
1
0
1
0
1
612
0
1
0
0
0
0
1
1
1
21
0
26
0
26
1
1
0
0
235
6
16806
0
0
112
1
1
1
0
1
0
0
1
1
7
0
4
0
1
0
1
1
1
1
1
0
0
1
1
1
0
13
0
0
1
1
0
0
0
1
0
1
0
0
1
283
0
0
3
1
1
0
31
0
0
0
0
0
1
0
11
1
1
1
1
0
852
130
0
1
42
80
1
8583
0
0
0
1
1
0
1
0
1
0
1
1
0
1
1
0
1
1
1
559
0
1
1
1201
1
0
0
1
0
0
3
1
0
0
1
1
1
1
23
0
491
0
0
1
10
0
0
17
1
0
1
1
4
0
0
1
0
1
1
0
1
0
1
30
0
3
48
1
0
0
1
1
166
1
2949
1
1
0
3
1190
1
1688
1
1
1159
0
5
1459
1
0
0
1
0
0
0
4384
0
0
0
0
1
1
8
0
2964
1
1
7
0
0
0
2
1
0
1
1
0
3
1
0
0
1
7057
7057
1
1
1
1
0
17437
0
1
0
1472
0
152
1698
4
0
0
1
1
0
0
0
1
5952
1
0
3492
0
0
1
116
1
5958
8776
1
1
0
17498
0
1
1
1
0
1
0
1
1
1
17513
5969
1
1
0
0
0
1
10
1
0
0
1
5
0
0
0
1
1
1
0
651
1
1
1
1
2
1769
0
0
0
1
0
0
1
6
0
1
0
1
0
1
1
76
0
0
1
1
0
0
1
1
1
0
1
1
0
1
1
1
16
0
135
0
1
0
1
0
0
1
0
1
0
1
0
3
51
3032
6051
1
0
0
0
0
1009
0
0
17731
0
0
0
17756
748
0
0
1
0
2548
17770
0
0
2
1
0
0
1
68
34
0
0
193
51
0
1
3
0
1
1
0
0
1
1
0
3
0
0
1
1
0
87
1
1
1
0
1
0
0
17886
1
0
305
14
1
1
292
0
1
1
1
0
1
166
142
1
0
4529
0
1
1
0
1
17
0
0
110
0
336
0
26
1
1
0
0
1
0
1
1
0
17992
0
1811
16
1
27
1
353
1
0
1
1
7
0
1
1
1814
17
160
1
1
9062
3
233
0
0
1
1
1
0
1
1
1
1
1
706
2596
16
0
0
1
0
128
1
0
3604
0
1
1
1
892
0
67
0
2
0
6
0
3070
41
1
1
0
0
1
1
86
1
0
1
1
1
102
1
0
1
1
1
0
1
1
0
0
9
0
0
1
0
1
0
0
0
1
1
1
0
1
1
1
0
0
0
0
0
0
0
0
310
0
2
1
1
105
1
1
65
0
24
4628
18279
3118
0
1
1
1
916
0
0
304
138
18293
626
0
0
1
1
1
2
1
0
1
18325
0
1
1
1
526
1478
4
1
1029
3
0
1
1
6
0
1
1
0
1
4645
739
1
1
1
0
0
1
1
1
1
1
0
69
0
1
1
0
0
0
0
1
0
0
0
0
1
1
4
12
1
1
1
1
0
0
1
1
3680
0
1
1
0
1
1
46
0
1
0
56
0
1
1
106
32
1
1
0
1
1
1
9266
0
1
1
1794
0
1
1
288
133
1
1
1
1
1
27
0
2
1
0
1
148
1
0
1550
0
0
0
1
0
1
1
1
1
0
0
460
1
8
0
0
129
0
1
1
2689
157
1
1
16
54
0
0
1
1
18653
0
0
909
1
1
21
1
1864
0
266
1
0
0
1
1
1
1274
1
0
1
1
7583
0
0
1
1
0
1
7589
1
1
1
1063
1
157
1337
0
1
0
299
1
1
1
1
46
3731
1
3219
6
1
1
1
0
0
76
0
9440
0
3720
4757
1
1
1584
0
762
294
0
0
0
0
63
937
0
125
0
0
92
1
1
32
1871
1346
0
1625
800
0
1
1
0
1
1
1
0
1
10
17
0
0
1
0
0
1
0
0
1
1
0
1
58
1
0
3
1
1
25
1585
1
1
1
1
2
22
667
0
7
127
1
1
1
0
1
0
0
0
1
0
0
1
1
0
1588
0
1
5
0
0
0
12
55
0
1
8
1
0
2736
0
0
0
1306
0
1
19
1
2471
9
1
1
1
0
1
10
0
0
38
1
13
0
1
17
1
1
0
744
0
1
1
0
1
1
17
1
0
1
1
1
0
0
1
1
0
7
1
0
1
0
0
1
1
0
1
8
1
3
0
1
0
6553
0
0
0
1
0
0
19
1
3815
0
0
1
1
0
1
232
781
1
1
1
1
474
1
1
1
0
1
1
14
0
21
0
1
1
6585
1
403
10
0
0
1
0
2775
0
0
12
0
0
1
6607
3283
0
53
1
0
1
0
0
0
1
360
0
1
1
0
0
0
0
19462
1
1
1
1
0
0
1
0
0
1
1
0
1
582
476
1
0
1
0
1
0
1
1
0
1
1
1
1
0
1
1
1
19519
978
0
1
1
1
0
1
17
0
2522
1
0
1
1
0
1
1
0
0
0
117
0
0
87
27
1
0
13
1
0
3347
1
1
1
3348
0
334
0
557
0
0
1
97
23
0
0
0
0
34
1653
1
9848
0
1
1
0
1916
0
1
1
72
5
2
1
1
0
1
0
0
1
1
1
0
0
1
1
0
0
0
0
1
0
0
987
0
1
0
1
3904
1
1
1
834
0
19693
0
0
0
1
1
0
3932
0
0
0
0
0
4
0
0
0
9891
7989
9891
1
4968
1
0
1
0
0
1
1
0
2843
1
0
0
14
1
0
1
8001
1
1
0
8001
1
0
2
18
1
0
1
39
1
0
0
10
0
1
1
0
1
0
0
1
1
1
1
1
0
0
1
1
1
0
0
0
0
9936
22
0
68
0
0
0
1
1
1
0
656
0
695
1
0
1
1
0
0
2
0
0
9956
0
9960
0
41
1
18
1
1
1
0
0
0
1
0
1
0
26
1
1
0
1
0
79
1
419
0
0
1
3946
3
120
0
3359
1
0
0
0
41
0
1
0
1
1
3
1
1
0
1
0
35
0
1
1
4
9991
1
0
0
0
0
0
3
0
0
2
0
0
0
0
1
68
1
1
1
0
0
0
51
1
5018
0
0
68
0
1421
0
1
1
0
0
0
0
0
5022
2
0
0
1125
59
1
0
0
0
1
2571
0
0
16
2
0
1
1
0
1
0
1
1
0
10017
0
0
1
1
10024
1
1
1
0
0
0
0
1
0
1
1
0
1
0
1
1
3
1
5
186
10029
1
1
1724
1672
0
1
1
0
0
0
687
185
0
20003
1
1
0
1
1
1
819
0
786
1
1
1
0
1
1
1724
1
0
1
1
1
0
0
1
1
1954
0
1
4
1426
0
1
1
1
0
1
0
1
0
282
0
1
0
0
3
0
0
4004
1
0
0
0
1
0
0
0
1
0
1
0
1
600
0
1
46
1
1959
1
1
0
1
0
1
0
1
0
1
1997
10065
0
1
74
2
1
1
0
39
0
8146
0
1
2000
0
1
1
20096
1
2
0
10073
0
68
1
3394
81
0
10078
16
476
0
25
2
8
401
0
1
1
289
1
1
0
148
0
317
0
0
0
1
837
1
2582
0
9
0
1
0
4026
2
1
1
1
0
131
20136
1
0
1
5066
0
0
1
0
9
0
0
1
1
1
0
1
0
2
0
1
1
0
0
0
10107
1
0
1
5075
1
1
0
793
0
1
0
1
1
1
283
1
1
239
1
1
708
3
2023
0
1
1
0
0
30
1
0
0
1
1
1
699
1
0
1
4
20196
1
70
1
0
2
0
1
1697
0
20201
6877
1
1
1
1
10130
1
0
1372
1
0
0
0
0
21
0
0
0
1
0
1140
0
0
0
1
3
1
9
1
1
568
2030
3
0
1414
0
0
1
20246
10151
1
1
1
1
0
1
0
0
1
0
0
20263
1
1
1
1
1
1
1
1
0
697
1393
1
0
20274
1
0
1
0
1
26
1
36
1
6900
0
1
1
2
0
0
0
0
1
0
0
1
1
1
0
1
1
0
63
20
0
1
1
1
5
10176
1
0
0
0
1
0
0
0
0
5
20322
0
1
0
1
1984
1
1
1
1
1
1
1
0
1
1
20332
1
0
0
1
0
0
1
0
1
1
0
1
1
1
1
714
0
1
10209
1985
0
1
1
0
0
1
0
3473
6
0
0
0
0
0
20365
1
1
1
1
1
0
189
1
266
0
1
492
1
0
0
0
1
1
20376
26
0
16
1
0
0
1
0
1
0
0
1
0
1
0
1
275
0
0
0
1
6937
0
143
1
0
0
196
0
175
0
0
4075
0
1
796
1
0
1
713
20412
1
0
0
0
0
405
20428
1
2
6
0
1
1
0
1993
1
0
1
3
1
339
0
1
0
1
1
0
0
1
1
1
1
0
1
1150
0
1
1
1
1
442
1
0
20467
1
1
1
5
1
19
1
1
1
20471
1
32
1
71
20
0
1
0
1
3
1
1
1
357
0
1
0
1
0
0
0
1
1
0
0
0
1
0
0
1
1
109
0
1
0
20500
0
3
1
0
1
0
1
2
2044
1
0
0
1
1
0
1
1
5
158
1
0
10290
1
0
1
1
1
1
0
1
1
0
1
1
0
1
0
0
1
1
1
0
45
1
0
1
0
1
1
387
0
0
1
0
420
1
1
1
1
0
591
1
1705
1
0
0
1
0
17
1
38
0
5174
1
63
1
1
0
0
1
1
1
0
0
5
1
0
0
1
1
0
1
1
0
1
1
0
0
0
0
1
5
1
1
0
1
1
1
10324
1
245
0
1
0
1
20604
0
1
11
1
0
1
1
543
0
1
1
1
1
0
1
0
1
1
1
175
0
0
1
0
0
0
1
0
1
1
0
1
1
0
20630
8395
0
53
1
825
0
1
1
1677
0
0
0
1
1712
0
1
1
124
0
1
0
1
1
0
1
0
1
132
1
1
0
1730
138
1
0
0
1
10361
0
1
0
1
1
0
1
1
0
170
0
1018
286
1
0
0
1
0
1
0
1
1
1
1
3484
1
0
0
0
0
26
38
1
0
1
1
1
1
0
1
0
20712
878
41
0
1
0
1
1
177
0
1
0
0
1
0
1
1
4
1
0
1
0
1
0
1
1
1
0
1
1
142
2
1
0
0
1
1
1
3
15
1
1
1
0
0
1
1489
4124
1
1
1
1
0
0
1
0
2673
0
3499
1
0
1
1
1
0
276
1
1
21
0
0
156
845
2
0
1174
1
0
0
1
5237
1
0
1
1
1
0
76
0
0
4163
0
7079
0
0
1
0
0
1
1
0
5
0
11
1
1
0
0
1
0
20833
4165
1
1
0
0
0
10456
21
1
8470
1417
1
1174
1
0
8473
1
0
1
1
1
1
1
0
1
104
0
8473
2
1
279
0
1
1
0
20863
0
0
4173
0
0
77
1
0
1
8483
0
1
0
0
0
0
1
0
0
1
1
1
0
1
0
1
1
1
1
0
1
1
1
1
1
0
0
0
0
1
0
1
1
1
1
0
0
1
1
1808
1
2
1
0
3030
1
0
1
4183
0
0
1
1
0
1
0
0
23
1
1
0
4
1
69
1
1
0
0
1
1
223
0
0
0
903
0
1
213
1
0
1
1
1
0
1
0
32
10
1
1
3525
0
4
0
0
20956
1
1812
159
0
0
0
1
20961
2
0
5270
5
1
0
2
0
2696
0
1
1
1
0
1
8530
2696
586
1
30
367
0
0
11
10532
1
5283
714
3038
1
0
1
1
0
1
1
1
0
0
30
1
0
0
8536
0
0
9
1
1
1
1
1
495
1
1
107
0
228
1
1
10545
0
907
1
1055
0
21014
1
0
2101
1
0
0
3
1
1
0
1
0
1
12
163
0
1
0
3051
1
88
1
1
1
21046
1
0
0
1
4
1
0
1
1
0
0
0
1
1
1
1
0
0
1
10
1782
1
0
0
1
0
199
29
1
0
1
0
0
1
1
1
1
1
0
1
0
0
1
0
1
0
1
0
0
1
0
1
0
4180
0
0
7
0
0
0
1
476
0
3600
8
1
1
1
35
0
0
1
1763
7181
29
4184
1772
2
1
1192
1
0
0
1
0
1
0
1783
1
1
65
143
3
21126
0
1
0
1
142
1
1
1
1
1
1
2
1
1
0
1
1
4196
1
37
1
1
0
0
3
1
1
1
0
1
0
1
0
0
0
0
0
1
1
1
3
1
0
1
1
0
2
1
0
5
1
0
1
0
1
2720
3067
1
0
105
9
15
0
0
21181
0
1
0
0
0
1
405
0
1
1
2
0
1
0
0
0
793
0
514
1
1
5
3
1
163
1
1
29
2
0
1
0
0
1
0
3576
1
1
1
0
1
1
3
58
0
1
0
4209
0
0
1
0
1
1
122
1
1
21234
0
1
5
0
0
3076
61
0
1
1
1
0
1729
0
1
1
1
0
0
1
1
1
691
1
7238
1
1
1
0
1
0
1
0
5353
1
0
1
0
1
0
21272
1
406
1
1
1
0
693
1
0
1
0
0
354
3637
338
0
1
1
1
0
0
1
1
0
1
0
1
1
1
1
0
0
1
0
1
0
0
0
0
0
0
0
3642
1
1
1
0
1
1
1
1794
0
1
1
0
4267
1
1
7266
1
10
1530
6
904
1
1
0
1
1
0
0
0
1
1
0
1
0
10694
0
0
1
0
1
1
1
21343
1
0
0
0
1
30
0
0
1
21353
0
1
1
0
1
0
1
0
138
1
8700
0
1
1
357
1
1
12
5378
1
1449
2
1
1
14
0
1
0
1
1
15
1
0
32
1
0
1
1
1
1
615
5
1
0
0
0
0
1
0
1
109
51
0
1
502
28
1
0
1
0
1
190
0
3
0
1
95
0
0
15
0
0
1
0
1
1
0
0
1
0
1
0
1074
1
375
0
0
1
0
1
0
0
0
1
10766
0
21468
0
1
1
1
1
1
74
1
1
1
10767
2756
5
0
0
1467
34
1
1
1
0
0
365
1
652
0
60
8
0
1
0
1
1
1
0
0
0
1
0
1
1
2100
1
741
1
0
1
1
0
1
0
0
1
1
1
1
1
1
1
0
1
0
5
1
0
1
1
0
1
23
1
0
0
1
1
0
1
0
1
56
1
0
2
1
0
0
0
4
21532
5
0
1
1
1
1
242
0
2
0
1
0
1
860
0
0
0
34
10805
1
1
1
1
1
1
1
0
2
742
2
0
0
0
1
0
1
0
0
1
0
2111
1
1
0
7
21582
1
1
1
1
1
1
3
0
0
506
1
0
1
3136
1
0
190
9
0
1
21587
2
0
1
1479
1
1
1
0
1
5
1
0
1
1
1
0
0
1
1
1
0
0
1
1
3652
1
0
1
525
1
0
1
261
438
1
1
0
1
4
1
4
0
1
1
0
1
1
1
0
1
1
74
0
1
1
1
8821
3657
0
1
0
1
260
0
21642
1
0
0
1
28
0
0
1
1
0
1
0
1
0
1
1
5
1
0
4307
0
641
0
1
0
0
46
1
10
71
0
2
0
0
0
0
0
0
4311
1
11
11
5434
1
3
0
1
0
1
0
0
0
10868
0
0
7
1
1
0
1
0
1
0
1
0
1
10
1
0
1
0
0
0
0
0
1
1
1
0
0
0
0
0
66
0
0
1
1
1
1
1
1
3722
1
0
0
1
1
1
12
1
0
8862
0
1
1
1
1
1068
0
0
1
0
21757
3675
0
1
21757
1
1
0
0
1
1
1
21770
1
1
0
0
1
0
1
0
1
0
12
1
221
1
6
1
0
1
2
1
1
1
4
0
58
0
41
1
1
1
1
1
1
1
1071
0
21808
10930
0
1
0
0
0
1
1
0
1
1
0
61
0
1
1
1
0
0
21815
1
1
1
1
0
1
1
1
146
1
0
0
1
1
1
1
266
1
1
0
0
1
1
0
1
0
1
421
0
1
2792
168
0
1
0
35
0
1
0
1
444
1
1
11
1
442
1
1
1
0
1834
1
10951
0
1
0
0
1
1
0
2146
106
9
0
1
1
0
1
20
1
1
0
928
0
0
1
1
0
1
1
1
169
1
1
1
1
73
311
1
0
0
33
1
39
1564
30
1
1
0
1
1
1
196
1
9
1853
35
2
1
1
373
1
1
753
0
0
1
21929
1
1
1
14
27
1
14
1
1
0
0
0
3
24
1
1
0
4398
0
876
446
59
0
536
3769
1
33
0
8
69
1
129
1
0
1
0
0
122
1
0
1
0
1
59
1
222
373
1
1
0
0
0
4
4404
379
1
1
1
0
3
2
121
1
1
0
21979
0
0
5511
1
7529
1
1
1
1
0
0
62
1
12
0
0
1
1
69
7534
2
7
1
1
0
0
854
1
0
22000
0
1
1
1
0
1
96
0
1
22005
0
371
1
0
7540
1
730
0
1
3
1
404
0
0
2
1
371
0
1
1
1
0
0
1
1
1
2819
1
0
1
1104
1
134
1849
1
1
0
1
0
1
1
1
18
0
1
22064
1
0
2
0
0
0
878
0
36
1
11
0
1
1
1
0
7562
0
1
1
23
1873
0
0
3
11070
11070
0
9008
1
0
194
0
0
0
1
0
0
1
0
2
0
1
1
0
0
53
1
1
22126
0
1
1
4410
0
1
142
1
4410
2826
1
8
0
1
213
0
0
1
22139
1
439
1
0
1
0
0
1
11093
1
83
0
0
1
10
0
770
1
130
42
1
11105
0
1
78
1
934
1
0
8
1
2830
0
1
3220
46
0
1
22211
1
1
0
0
0
1
0
0
0
0
1
1
0
1
1
17
0
1
0
0
1
0
0
1
1
3
0
9065
0
1
0
0
1
1
0
0
0
0
2
7
1
1
1
1
40
0
0
10
1
0
1
1
1
1
0
1
26
0
1
2
1
4434
0
1
1
0
0
367
0
3776
1
6
1
24
0
1
0
68
1
0
0
1
0
0
2
215
1
1
1
0
1
0
0
2
1
0
0
0
1
0
1
0
0
0
0
1
368
0
1
1
0
1
3
1
238
22305
0
1
1
0
0
0
1
0
1
11185
0
1
0
3786
1
0
1
1
1
0
1
1
1
0
1
1
1
0
1
11
0
8
1
1
1
178
1
1
39
0
4480
0
1
52
0
0
1
6
1
0
0
1
6
4
0
0
1
1
0
124
0
1107
1
0
4460
1
22395
1
0
1
0
1
0
1
0
0
1
11216
1
1
0
174
7682
135
0
4
1
3853
0
0
1
0
64
526
1
0
1
2242
1
0
2
1
0
1
1
0
7693
0
1
0
2201
0
0
0
1
9137
0
0
0
1
0
0
1
0
1
1
33
282
0
0
0
0
0
0
0
0
0
4496
0
1
0
0
1
1
1
1
1
1
0
985
2
3865
0
0
0
0
1
1
0
0
1
102
0
1
1
1
1
4
1
0
118
0
1
0
0
1
0
0
1
891
0
0
1
67
0
1
0
1
0
0
0
0
1
11264
1
0
0
1
1
27
1
0
2249
0
1
0
1
546
1
958
0
0
0
1
0
1
0
1
1
1
0
1
3819
1
0
1
22530
1100
1
1
2865
1
20
0
0
1
1
1
1
1
0
1
0
1
1544
5632
0
0
357
1
3
1
71
11287
4521
10
0
0
311
0
1
0
238
22548
1
0
1
1
1
7726
5635
0
1
58
0
0
1
1
1
1
11293
0
0
1
1
1
0
0
1
61
0
1
8
1
0
0
1
11304
1
1
0
1534
97
5642
1
1
1
2
97
1
0
1
1
1
0
1
1
1
0
0
0
0
1
0
0
0
1
0
0
1
22617
255
538
1
0
2
0
1
405
3833
9231
0
1
1
1
548
84
1
0
0
1
0
37
0
1
0
0
9
0
0
25
1
478
1
0
0
0
1
1
1
1
1
1
1
0
0
1
1907
1
0
0
1
180
1
0
1
169
1
1
22648
6
1
0
1
0
0
0
1
34
1
22651
7763
1
0
1
479
0
3841
1
0
2
1
1
0
0
0
0
7768
0
1
1
2264
669
0
1
0
0
1
0
1
5
1
1
1
1
1
7
1
1
1
1
4556
45
1
0
0
0
1
0
1
0
1
1
13
1
1
1
0
2228
7773
0
9268
577
0
0
1
24
1
0
3895
1
22693
1
0
0
0
0
0
1
1
0
0
0
1
22706
0
103
0
0
1
1
1
24
1
4569
1
2232
1
0
1
1
1
15
1
42
1
0
1
1
1
1
1
2286
0
9288
328
1
1
0
1
1
1
0
162
71
1
0
1
14
2
1
11373
9
1
0
0
0
1562
7791
0
0
377
1
0
1
1
1
0
0
0
0
1
1
0
1
1
11378
318
1
3905
5679
1
0
11378
0
1
236
1
786
1
391
1632
0
1
1
1
2
11
1
0
0
1
0
1
1
1
1
847
0
8
1313
22774
0
1
6
0
0
2
22778
7
0
1
0
0
0
0
1
0
22783
3862
1
1
0
26
1
1
1
0
1
8
0
1
7809
9
1
0
1
1
1
0
82
1
0
1
0
0
0
0
11410
1
1
32
0
0
1
0
1
0
1
4559
2
1
1
1
1
9324
1
1
1
1
3
1
3923
3
2
1
2
0
0
1
12
3870
1
0
1
1
0
33
0
92
1
2903
2296
85
1
1
1
0
0
0
0
46
4566
1
1
1
1
56
1
0
1
1
176
1
0
1
0
0
1
1
1
1
1
148
1
4
0
0
1323
0
0
0
1
374
0
0
4
4602
9344
0
1
1
1
0
1
0
0
1
48
1
1
211
0
2
0
0
1
0
140
0
0
1
0
0
3
0
0
1
911
0
242
6
1
1
1
1
1
1
0
1
0
1
2
0
1
1
0
1
0
11469
11
1
0
1
1
64
1
1
101
0
1001
1
1644
1
1
12
1
0
0
0
2
1
2915
1
150
1001
0
1
1
1
1
0
0
0
0
11471
0
1
3
1
7
1
1
0
0
1
0
1
257
0
0
14
1
1
0
0
0
3897
0
3329
81
109
521
7880
0
1
0
0
52
2
1
537
1
0
4616
0
0
1
0
1
0
22960
1
319
0
0
1
0
1
4619
15
0
1940
591
5736
1
1
1
0
1
1
0
436
0
0
0
0
1
1
171
56
0
1
973
0
1
1
4621
1
1
219
14
0
5738
1
29
1
83
1
387
0
28
1
0
0
0
1
1
1
0
11502
1
3
0
1
0
1
1
0
1
372
0
4
1
1
167
1
1
1
1
0
1
36
1
1
1
0
1
3
0
0
9396
3913
99
1
1
1
1
1
1
1
1565
486
0
0
1
0
0
1
1
1
23
0
7
1
12
1
7918
0
23055
1
1
0
977
0
0
0
2268
0
269
1
0
0
153
1
0
1
11546
1
1
23079
1
1
1
0
1
1579
1
0
0
0
0
1
0
1
961
175
1
0
0
0
0
1
23095
23095
0
0
23095
0
0
1
1
106
0
2940
0
7932
1
0
0
1
1
0
1
0
0
9
1
0
392
1
12
23113
1
1
0
11563
1
1
1516
1
0
0
5
1
43
1010
14
1
0
1
1
0
497
1
1
322
0
1
1001
1
312
595
255
1
0
0
1
1
16
1
1
1
1
1
23134
9435
1
0
49
195
1
1
0
1
1
0
1
1
1
1
23144
0
1
0
0
1
1
1
1
0
1
9442
1
0
447
1
3
1
1
1
1156
0
1
0
1
1
0
1
1
1
0
5790
1
2310
0
40
1
1
260
0
0
1
0
1
774
0
0
0
1
0
1
0
7958
1
1
7
1
1
4627
5
13
1
140
0
1
1
0
0
0
1
1
42
38
1
1
10
0
0
93
1
554
0
1
23195
1
0
0
0
1
9457
1
1
1
6
1
0
0
0
0
0
4
185
1
1
1
1
1
1
1
4
1
1
1
1
0
1
1
23218
1
4632
0
1
0
0
1
1
3992
1
0
23227
1
1
95
1
1
0
1
0
1
4
1
1
0
1
0
0
1
1
1
1
1143
0
0
0
0
4634
1956
1
2
1
0
1
308
1
0
0
1
0
1
1
1
0
0
1
41
1
1
100
263
0
0
0
1
1
9493
4
3999
0
0
0
1
3
1
0
0
0
1
0
777
1
1
8
1
4000
320
1
1
0
1
23282
1532
7994
1
0
1661
0
0
1
23288
0
23289
13
5819
1
15
0
0
1
0
0
1
0
0
0
1
1
1
3
0
1
0
1
0
0
1
9515
72
23300
1
1
70
2335
1
1
1
0
1
0
1
0
3
0
1
3383
1
0
0
1
86
0
9
23306
0
0
0
0
158
1
23312
1
777
0
1
1
3386
0
1
0
1
2
1
0
9531
11658
1875
1
0
0
1
0
418
1
0
0
0
31
393
1
1
1
0
114
1965
1
1
27
1
0
4659
1
1
1
0
1
3
1
125
1
1
0
0
0
1
0
2029
601
0
10
1
1
0
0
817
1
0
1
0
3394
0
1
0
0
0
3
23356
1
4
1
30
2
0
3
1
347
0
16
1
457
0
0
15
1
0
1
462
1165
0
494
0
8038
9548
1
1968
1
0
1
1
150
1
1
0
398
1
0
1
6
1
0
1
0
1
0
0
1
2
0
1
1
153
0
0
1
1
2336
0
9552
1
0
0
0
0
0
0
2341
23407
1
1
1
1
0
0
23410
0
10
1149
0
0
0
0
1
137
1
1
1
0
1
0
1
1
0
9
0
1
1
1356
0
1
0
1
0
0
1
0
1
0
0
4022
197
0
44
8047
109
1
1
1
0
1
0
1
1
1
9
1
1
1
8053
0
0
0
1
10
0
1
3409
0
1
1878
82
1
93
1
0
0
9
1
1
1
0
0
1
1
1
1
1616
1
1
1
0
23
1
1
1
0
0
1
136
0
0
0
0
1
1
1
1
1
0
4720
0
1
1
1
0
5876
4
0
5
255
1
1
23493
25
1
23
2
1
1
0
0
0
1
0
1
1
1
0
11756
0
3
182
1
2
137
1
0
0
1
1
1
1
1
0
0
1
1
23504
7
0
1
1681
1
4
1
1
932
1
19
1
21
1
1
0
4
1
1
0
0
0
0
1
1359
1
1
5
1
0
0
0
0
1
1
1
1
1
1
1
1
2
0
0
0
1
1
0
0
0
1
1
0
0
1
1
1
232
5880
0
166
0
1
0
0
8
1
5880
0
1
1
0
4695
1
0
0
1
1
1
252
1
1985
1
1
0
1
0
1
4007
5
0
1
0
1
0
0
1
8087
1
950
1
3
1
1
1
1
0
1
4047
0
11784
0
0
107
0
1
1
0
0
1
0
16
0
1
1
0
0
1
1
1
3005
1
0
1
34
23566
383
1
9616
1
0
0
1
129
85
89
0
1
0
0
0
0
0
2
4699
1
922
1
0
1
0
1
0
1
0
0
155
0
1
0
1
0
6
0
0
346
1
1
2
1
1
0
1
4016
0
8
1
1
4051
1
1
1
9626
692
1
80
1
0
0
17
22
1
11
0
1
1
1
17
0
9631
1
0
1
1
0
0
1
0
1
1
0
0
0
0
1
1
0
23631
0
1
1
1
401
1
0
1
1
27
0
1
1
0
462
1
184
568
0
1
0
392
1
1
1133
1
202
1
0
1
0
1
63
1
0
1
1
1
1
0
191
4061
23650
0
1
4
0
1
0
0
1
0
6
1
174
1
9
11
0
1
0
126
1
1
8
0
1
0
1
1
1
0
2005
3
0
825
1
0
1
24
6
0
27
1
0
1
0
0
0
0
3437
1
2015
5
1
328
0
1
0
23684
0
1
1
0
1
16
1
9662
0
1
0
0
163
1
0
0
1
1
1
0
0
0
0
1
0
0
0
1
18
1
1
0
0
1
0
1
1
1
6
0
0
11
1
0
927
0
1
1
1
23702
0
43
4766
4
1
0
4723
11853
1
54
0
0
0
1
2363
1
0
1
236
0
1
1
1
0
23722
0
2331
1
1
23727
22
0
0
0
1
610
8159
1
36
246
11870
1
1
16
33
0
3
1
1
0
0
5932
0
23742
1
1
0
1
1
36
9689
11877
0
1
1
390
4
1
1
3
2
1164
1
1
1
0
0
4777
1029
11879
0
1
1
1
1
0
1
1
1
1
0
85
1
0
0
1
0
0
23768
3449
4086
1
0
1
715
1
1
390
1
1
0
1
792
1
13
1
0
222
23776
2
1
12
1
0
1
0
0
0
0
32
1
3
1
0
0
2
0
1
2008
1
0
11894
0
1
1
1
1
0
317
11899
0
61
1
390
2008
0
1
0
826
1
0
1
1
1
1564
29
0
715
1
0
1
1
4751
0
0
0
0
1
11
10
1
0
0
1
1
0
2
1041
0
1
1
0
1
0
706
0
1
1
1
1
8
0
412
23825
0
0
0
1
12
1
0
0
1
0
0
0
487
0
0
1
35
5954
0
5
1
1
22
160
1
4753
1
41
1
45
467
1
0
1
1
0
1
0
1
9733
1
1
1
0
1
1
0
0
1
1
1
0
0
1
0
1
0
1
1
1
0
0
0
43
1
1
2
11932
1
0
1
1
0
1
135
1
0
0
1
0
0
0
18
0
364
0
0
1
1
0
0
436
44
0
1
5
0
0
829
0
1
0
1
1
0
129
9750
89
0
0
1
1
0
0
1
1
1
0
1
23886
1642
0
24
2
1
0
1
1
1
217
0
0
1
1
1
1
1
4803
89
8
0
1
0
1
1
0
395
1
395
1
0
0
1
153
304
0
0
0
1
1
0
0
0
1
0
1
1
36
0
1147
1
0
1
3
1
1
9
0
1
1
1
1
1
1
1
495
1
1
1
27
11972
1
0
258
1
0
1
1
8
4
0
6
1
0
1
1
1
8
1
0
1
0
1
1
0
1017
0
6
0
0
1
0
1
23950
0
47
340
23955
4
1
0
3469
963
1
1
1
0
1017
23961
0
6
0
1
9777
1
2
1
1
5999
22
6
1
234
1
1
1
23966
1
0
88
0
1
0
0
0
1
12
6
0
1
0
4
7
1
1
23976
0
81
54
1
0
0
5
1
939
1
0
0
0
1
12
1
1
1017
1
0
1
0
1
1
1
1
0
348
1
713
1
1
0
0
1
0
60
1
1
8243
1
0
1
0
93
0
0
12020
1
1
1
0
422
1
0
25
1
24020
1
0
1
24023
1
1
6014
1
1
1
1
1
1
1
1
0
1
0
0
1
1
2
1
1
24025
6
164
1
0
1
387
1
0
0
0
88
1
0
1
1
0
1
0
1
0
272
1203
0
3
0
1
1
1
0
1
1
1
1
0
75
0
0
1
6
88
2398
0
1
0
115
1
0
0
0
1
0
4
1
82
0
0
1
0
2407
0
1
161
1
1
1
2
1
1
1
0
2
47
12
1
1
1
1
0
0
1
1
1
1
77
0
1
1
0
0
0
1
1
0
1
1
24084
0
27
0
1
1
6025
1
1
1
4
1
1
4
1
1
1
1
1
0
1
1633
0
1
0
0
0
1182
1
0
161
0
24098
6
1
0
1
0
0
0
24119
594
1
1
404
1592
1
1592
9854
193
0
1
1
1
1
1
0
1
0
1
24133
0
0
0
413
1
1
0
0
1
1
1
0
286
0
1
1
0
273
0
1
1
1
0
0
0
1
2065
0
0
0
1
2419
1394
1
1
40
1
1
1
0
12094
1
1
175
0
1
1
1643
1
1
0
1
3088
1
0
2
1
1
1
1
1
0
341
67
40
8311
28
1
24217
0
4131
1
1
1
0
0
0
1
1
0
1
1
1
48
0
190
0
1
1
427
11
1
0
1
0
24236
1
1
4136
9883
1
12125
0
1
841
1
1
8321
1
0
0
789
19
1
0
3
1
1
1
1
0
0
0
155
1
6069
55
1
1
24266
1
1
1
404
1
1
1
1
0
1
24274
0
9894
0
98
1
1
1
1
0
9896
7
0
12144
11
1
162
0
1
1
0
0
1
98
1
1
1
1
4
0
195
3515
1
0
1
24288
1
0
24289
0
1
1
1
0
4179
8
222
210
1
0
0
146
1
1
229
1732
1
1
1
1
12160
1
4181
1
1
0
1
1
1
1
129
0
1
1
1
954
1
1
1
1
1
0
0
48
1
1
4
1
0
0
0
1
0
0
0
825
0
0
1
0
0
379
110
0
4184
467
1
0
1
1
9
72
2
0
1
1
1
956
0
1
1
0
7
1
1
1
0
1
336
0
163
0
1
0
1
44
1
1
1
0
1
0
1
12177
64
0
0
1
1
60
0
1
0
0
9919
1
0
0
1
12
1
3
1737
35
2056
170
0
0
0
24357
4886
0
0
1
1
1
1
3
838
0
1
0
1
1
1
1
1
1
0
1
6096
1
0
6
8361
1
1
1
1
19
1
0
1
0
24368
1
0
8362
0
1
1
1
1
1
1
0
1
2
1
1
1
0
1
0
0
1
1
0
1
2
1
127
1
1
12199
1
1
80
24390
1
0
1
0
16
0
0
1
81
1
1949
0
16
1
1
1
1
1
1
1
0
1
1
1
1
1
0
4858
0
1
0
1
1
223
1
24414
0
0
0
0
0
4859
0
0
0
0
0
9
1
1
725
1
4
1
1
0
0
413
24425
0
0
1069
45
0
1
9958
1
7
1
1
48
1
1
1
24439
1
1
0
0
24
1
0
1
1
839
1
1
1
0
0
1
116
1
1
0
24447
1063
1
1
0
1
1
0
1
1
1
2
1
0
0
1
1
9
0
9965
0
0
1
19
0
198
3
1
98
1
1
0
0
1
0
1
0
1
1
1
1
1064
1
0
145
518
0
2
1
0
2062
342
1
1
0
1
563
1
0
1
1
0
1
0
0
1
0
0
1
0
0
0
1
1
1
1
0
1
0
1
0
12266
188
0
0
0
1
7
1
0
1
1
1
1
1
187
1
1
1
0
0
1
1
1
1
1
0
1
1
0
1
0
303
24526
0
639
0
1
1
0
1
12
1
1
1
2137
1
0
0
0
1
0
0
0
1
0
1
46
1
0
4218
1
3552
1
1
0
0
24540
1
1
0
172
11
0
1
1
0
1
0
1
0
0
0
0
0
8414
4
0
1
1
1
1
144
1
0
0
0
1
0
0
12284
0
1
0
1
159
2
1
1
0
0
0
4182
3
1
0
1
1
0
0
1
2404
1
0
0
1
589
111
1
1
0
9
1
1
0
51
0
0
1
0
4934
1
393
1
1
0
0
135
1
1
43
0
3
1
238
1070
1
1
0
98
0
3
1
1
0
24605
842
1
0
1
2
0
2410
0
4
814
1
1
1
1
1
1
0
0
4
4941
0
1
0
0
107
0
0
1
1
1
3
343
0
1
0
0
0
3560
0
1
1
0
1
483
0
0
0
0
1
1
1
1
0
0
0
961
1
1
1
1690
0
15
9
1
1
2
0
1
0
1
1
0
0
1
1
1
0
0
7
0
238
8446
0
1
0
0
24663
0
19
31
1
1
0
0
1
1
1
1
6
2
1
13
0
1
0
0
77
24686
1
7
4915
1
0
0
0
0
1
24688
2
10047
1
1
1
1
1
0
488
1
90
1
0
6
1
100
3
1
1
0
1698
1
1
0
0
1
1
1
1
1
1
0
1
8
1
1
1
510
0
1
1
8460
1
1
403
94
31
822
3
12374
0
0
1
1
2
0
0
245
3
1
0
1
1
0
1
0
1
0
1
1
1
1
0
1
1
2
65
0
24732
1082
1
1
0
1
0
1
189
1
1
1
0
0
0
0
3
0
1
1
1
1
0
1
0
1
1
1
1
0
1
1
0
1
0
22
0
0
1
6
1231
1
1
12405
1
13
1
0
0
1
0
0
0
1
1
0
53
0
10070
1
90
1
1
0
1718
1
1
0
1
1
34
0
0
13
1
507
1
1
1
1
972
0
1
1
1
0
0
0
1
1
2473
0
81
0
43
0
1
0
0
23
490
1
116
1
3
12415
1
1
1
1
11
0
0
9
0
1
0
0
10084
1
1
1
1
1
12
1
1
6221
0
1
12
8496
1
0
1
1
1
0
1
1
0
16
510
12
1
1
0
1
344
1
0
1
1
0
1
21
1
18
8497
5
1
0
1
1
0
1
0
0
2
0
0
0
0
0
1704
0
94
1
1
1
1
0
6222
0
1
1
1
1
0
2
8
0
1
1
0
1
1
0
0
0
3187
0
0
1
4985
21
0
1
0
0
1
1
0
0
1
1
1
10098
1
1
0
1
473
23
106
0
1
1
0
1
0
0
1
1
2
3
1
1
1
1
1
1
0
8504
1
1
1
1
1
0
1
6
6
4
1
0
1
1
8
1
0
4
0
1
178
30
1
1
0
1
0
12440
1
194
1
0
1
0
0
1
1
0
0
1
0
1
190
0
42
0
0
1
3594
0
1
0
32
3
12440
1
0
1
1
0
1
1
0
0
1
1
1
0
12440
36
0
0
0
1
0
8
1
1
1
0
0
1
1
4
0
1
1
3
24847
28
1
0
1
1
0
1
0
2
1
1
3190
1
1223
1
1
1
1
0
0
24847
1
0
53
0
1
1
0
0
1
0
1
1
0
1
1
0
2100
56
0
4946
0
1
0
1
13
1
1427
1
573
0
0
1
187
1
1
0
4986
1
1
10100
0
1
1
78
165
0
0
1
8507
1
3
1
58
1
1
1
1
1
1
0
1
0
0
1
1
1
0
0
170
27
3
4276
1
24848
1
6
1
1
0
1
1
1
1
14
1
813
0
0
1
1
3
0
1
1
0
0
8
1
1
0
1
1
1
1
1
0
1
1
1
13
1
1
0
0
1
1
1
37
0
1
0
404
1
0
1
1
1
24848
1
0
1
646
1
0
0
0
746
1
1
25
1
1
1
121
1
1
1
0
1
1
1
1
1
1
416
0
1
1
1
0
1
8
1
0
1
39
6
1
0
128
1
4946
44
0
1
1223
4
1
1
1
0
1
0
1
226
1
0
1
88
1
1
0
389
1
0
1
0
1
1
1
0
1
112
0
1777
0
1
966
1
0
0
1
1
0
0
1
24848
1
1
3
140
1
18
24848
0
0
1
1
1
1
82
1
1
10100
0
813
1
10
0
1
8507
0
1
1
1
0
0
416
0
12441
1
1
0
1
1
0
0
1
1
0
1
1
1
1
1
0
17
1
0
0
1
1
1
10100
0
11
1
1
1
12441
1
1
2166
1
0
0
14
0
1
0
1
16
1
855
1
4276
1
0
0
0
1
1
0
1
104
4
1
1
0
1
0
1
1
1
1
1
1
1
3594
69
1
1
24848
1
0
1
1
0
47
1
0
1
0
13
0
1
1
1
1
1
315
1
1
1
1
0
1
242
0
1
1
1
1
1
24848
1
0
0
1
1
1
0
1
0
1
1
0
1
1
8507
1
1
1
6228
1
0
1
24848
128
4946
1
12441
117
1
2166
1
1
1184
1
0
0
1
1
1
1
1
1
1
1
1
1
1
1
24848
1
4
1
1
1
1
1
1
1
0
0
1
0
0
24848
0
1
2
1
1
1
1
1
1
1
0
0
0
1
1
0
1
4276
398
37
1
34
0
2166
1
1
1
1
15
1
0
0
1
180
1
29
1
0
6228
0
1
1
1
1
0
0
268
1
1
10100
1
8
0
0
1
187
389
1
1
823
1
3
0
0
0
1
1
1
0
0
343
0
0
35
6228
1
1
1
1
87
2
0
1
1
288
0
966
0
1
0
0
1
1
1
1
1
0
1
0
1
10
1
1
0
36
163
12441
18
1
1
1
1
1
1
1
0
1
0
1
1
1
0
0
4232
5
1
1
0
1
0
1
1
1
0
1
1
0
1
24848
24848
0
315
0
1
0
1
1
0
973
1
4986
13
0
19
1
1
0
1
0
1
0
10100
0
1
1
1
1
1
1
0
5
0
1
1
0
106
1
1079
0
0
20
55
416
15
1
0
1
0
1
1
1
19
1
1
1
0
1
1
0
6
0
1
4986
8507
0
1
1
56
1
0
1
1
0
0
0
2469
1
340
1
0
12441
1
0
0
4
0
178
0
1
1
0
71
1
6228
24848
1
1
4
0
1
1
1
0
0
1723
1
1
606
1
1
1
0
24848
0
4
0
24848
0
0
1
5
0
1
0
1
1
1
215
1
1
32
343
275
1
1
1
1
1
18
0
0
0
1
0
1
3
0
8507
0
1
1
53
1
1
1
0
1079
0
1
15
1
1
0
32
0
856
1
1
0
0
1
537
1
4
0
2481
0
128
473
0
0
30
1
1
1
12441
5
0
1
5
0
1
1
0
0
1
1
1
2
0
1
0
1
1
1
1
1
4986
1
486
713
1
0
1
36
0
1
1
12441
1
1
1
1
0
0
1
1
121
1
1
0
0
0
0
1
1
0
1
1
966
5
0
1
1
0
1
1
1
1
0
1
1
1
1
1
2
12441
2
295
0
171
0
1
1
1
0
2
0
1
2
2
30
1
13
0
0
2
0
1
1
1
0
1
1
473
2481
0
0
259
1
17
531
1
4276
6228
0
33
1
1
1
1
1
202
24848
727
385
1
4986
4986
1
10100
1234
1
24848
1
1
1
0
1
1
1
1
1
1
281
1
1
1
1
0
3
3
212
523
1
1
13
1
1
1
4986
0
0
1
0
42
12441
0
1
1
1
0
0
0
0
1
0
1
1
1
0
7
1
0
1
0
1
1
6
4232
1
973
1
1
1
1
1
1
1
0
1
1
1
3594
14
1
0
1
0
1
1
1
1
0
60
0
1
1
2481
18
212
1
2
0
1
0
1
0
1
0
1
1
2102
1
0
1
0
5
1
0
1
1
1
0
1
0
0
1
1
1723
0
1
24848
0
288
1037
0
0
1
1
81
264
0
0
0
1
2
1
1
6
1
0
1
1
1
0
1
0
1
2
1
1
0
1
198
12441
1
0
1
1
1
1
340
1
1
1
48
0
0
1
1
31
0
1
1
0
1
0
1
1
0
1
1
1
0
0
0
0
4986
1
46
0
1
1
1
1
1723
18
0
1
4276
24848
24848
1
0
8507
3190
343
26
0
39
37
1
5
1
0
1
6
342
824
1
1
0
6
1
0
0
0
1656
0
1
1
0
349
1
0
6228
2481
0
926
1
1
0
1
1184
34
1
1
1
1
1
1
1
2110
0
0
1
0
2
1
421
1
21
3
1
1
0
1
0
0
843
7
0
1
2
1
24848
1
1
1
5
10100
24848
1
1
0
1
15
1
0
1
1
1234
4
213
8
24848
2
0
1
1
1
1
1
24848
1
1
0
1
0
0
0
0
1
0
1
0
1
1
1
1
0
1
4232
1
0
1
1
0
1
25
0
0
486
1
3
1
1
1
12441
12
1
0
1
22
1
380
1
8
10100
1
1
1
1
1
1
1
0
0
1
0
315
1
1
1
1
1
0
0
24848
24848
1
0
0
1
0
508
24848
1
1
1
0
1
24848
855
1
188
0
1
8
0
1
1
1
1
1
3190
2
1
1
24848
1
0
24848
38
1
1
1
0
0
1
4
0
0
0
0
1
1
2
1
1
1
1
4232
0
34
1
1
89
1
0
1
1
1
0
0
0
1
1
1
852
1
1
0
1
0
1
4276
1
0
34
385
0
43
1
103
1
0
0
1
12
0
3594
0
0
1
0
7
0
1
1
95
1
1
1
1
727
15
1
1
1
0
1
416
0
0
1
0
1
1
0
1
1
0
0
0
1
1
1
1
12441
0
147
17
1
1
0
0
0
2166
1
3
0
1
1
1
1
1
0
1
1
1
0
0
1
0
1
0
0
1
14
0
1
0
177
1
0
0
0
0
171
1
0
1
1
1
7
343
1
1
1
1
1
0
2
6
1
1
1
1
2100
1
12441
2
1
1
0
1
1
1
0
0
1
337
408
1427
1
0
1
1
19
0
1
1
1
1
1
0
39
21
1
3
0
1
1
1777
0
8507
1
0
1
1
1
0
0
1
0
0
1
0
1
1
4986
1
1
4
24848
8507
1
1
1
0
1
0
1
1
1
1
1
0
0
1
0
4
9
1
1
51
24848
4232
1
10100
0
1
13
1
346
1
1
0
0
8507
1
6
8
0
42
1
1
1
0
1
0
0
1
1
606
0
0
1
1
0
1
867
8
0
24848
1
1
0
1
0
1
6228
1
1
7
0
1
1
11
1
18
0
7
0
1
0
0
1
1
1
10
1
0
1
0
0
1
1
0
1
1
1
1
0
1
1
1
1
1
1
2
0
1
0
0
0
1
1
0
0
1
1
1
0
1
77
9
727
40
0
1
0
3190
1
1
0
0
177
1
1
1
1
1
2
1
58
0
7
1
0
1
1
0
3190
1
0
0
1
0
473
1
4946
0
1
1
1
523
1
1
1
1
1
1
1
1
1
0
1
1
0
1
0
1
0
487
0
4946
0
1
1
1
1
1
0
1
44
1
0
0
0
1
1
1
1
1
1
195
1
141
0
1
1
1
11
1
1
1
2481
0
1
1
0
0
1
0
0
1
0
1
295
1
0
1
1
25
24848
0
1
0
1
0
0
1
0
0
2
24848
0
1
55
0
3
1
501
4
1
1
1
1
1
92
0
1
0
1
0
85
380
3190
0
1
1
0
1
488
3
0
0
1
0
12
24848
1
1
734
1
0
12
0
1223
1
1
1
1
4
1
6
431
1
1
0
0
1
1
1
1
0
3594
0
0
1
24848
97
867
89
0
1
7
0
1
1
1
4986
1
1
24848
0
1
94
7
1
27
1
1
1723
0
0
1
1
1
10100
1
180
10100
0
1
1
511
4276
93
1
1
1
1
1777
1
12441
24848
1
1
0
3594
1
21
1
1
37
0
282
0
18
0
0
174
1
0
0
1
0
1
1
0
1
1
0
1
1
0
1
1
90
0
1
1
1
398
473
1
1
0
1
1
1
1
1
1
0
0
1184
12441
1
1
0
1
1
1
1
1
1
4276
1
823
7
1
1
1
1
3
73
0
0
1
4
12441
1
1
0
0
13
1
1
1
1
0
1
44
0
1
0
1
1
1
259
1
1
1
4
1
2
6
0
1
0
55
1
0
1
1037
0
1
1
1
1
1
1
1
0
50
1
0
18
0
1
1
1
1
1
1
1
4986
1
37
4986
1
0
1
1
1
0
0
1
1
1
0
1
1
1
2
2469
1
1
1
0
1
6228
1
0
0
1
10
0
0
1
1
0
240
1
4276
0
215
0
110
1
1
0
1
0
1
8
0
1
0
1
1
1705
3594
1
27
1
1
0
0
10
1
8507
2440
0
1
10
1
0
0
0
1
1
1
12
55
1
1
0
1
1
1
1
1
9
1
44
0
31
0
1
1
0
1
606
1
64
1
0
2
1
1
1
8507
606
1
59
0
1
1
1
867
0
1
0
0
1
360
0
275
1
1
1
1
0
6
1
1
1
0
0
1
1
12441
1
9
5
0
0
1
1
63
0
1
1
1
1656
7
1
5
1
1
1
0
0
1
1
1
0
1
1
0
1
1
0
2440
0
0
1
1
1
0
0
0
1
0
0
75
1
1
170
168
1
0
0
1
0
1
1
1
1
5
1
1
0
1
103
0
5
746
0
1
0
1
259
24848
1
1
1
24848
0
0
0
0
87
0
213
1
0
1
1
0
1
8
9
1
13
1
0
1
0
0
0
90
43
1
3
0
0
1
1
1
0
1
1
1
1
1
0
2
360
427
0
45
1
1
4
1000
24848
0
1
1
0
0
1
1
0
0
0
1
1
6
29
1
2
1
746
1427
0
117
0
1
0
180
1
1
24
1
0
1
0
1
1
1
0
1
41
0
4946
5
1
1
12441
5
1
10100
1
2166
0
0
12441
1
1
1
1
1
0
24848
1
1
1
0
1
0
1
1
1
1
0
1
0
1
4
15
4986
0
107
1
0
0
1
1
0
2469
1
1
115
10100
0
1
1
1
1
1723
1
1
1
1
1056
0
1
5
1
1
1
27
0
1
1
24848
0
0
1
1681
1
13
0
1
989
0
1
989
225
1
1
0
1
1
1
0
0
1
0
1
1
89
7
360
1
0
1
64
12441
1048
1
1
7
0
1
1
1
0
0
1
11
0
1
0
12441
2110
1
0
0
1
1
0
12441
573
1
4
380
1
0
0
1
2
1
1
240
0
0
1
1
1209
1
1
1
1
0
1
0
0
315
1705
0
1
1
2481
1
2166
1
1
0
0
1
0
0
1
1
1
17
1
14
0
1
1
24848
1
1
0
12
18
4
1
130
0
247
4946
633
1
1
0
1
1
1
4
1
0
81
1
6228
59
1
0
0
180
0
1
28
36
79
1
0
1
0
1
1
1
15
0
0
0
1
1
1
1
1
1
0
1
10100
0
1
10100
0
0
1
1
21
0
19
1
1
1
10
0
84
852
9
0
1
1
1
0
1656
0
1
1
0
0
1
1
1
1
1
0
1037
1
1
5
1
1
0
0
10100
1
45
1
24848
0
0
1
0
0
0
1
4946
1
1
1
0
0
1
1
1
0
6228
1
10100
4
0
1
0
1
1
1
1
1
1
0
1
1
0
501
1
1656
1
0
346
1
48
1
0
0
0
72
0
0
1
0
1
0
0
1
1
162
1
5
296
1
1
0
1
1
340
1
1
12441
46
1
1
1
0
0
1
1
4232
0
1
1
0
0
0
0
0
1
0
1
1
1
9
1
0
1
1
1
0
3
0
1
0
0
0
1
4946
0
0
0
1
1
1
8507
1
0
0
148
2
0
1
157
0
12441
1
1
0
1
1
1
0
1
0
1
59
0
1
12441
1
2
10100
1
1
24848
0
1
1
1
0
1
1
1
1
0
2102
0
1
1
6228
3
1
0
1
1
1
1
1
2469
1
1
8507
0
11
1
1
1
8
1
1
1
1
0
0
0
1
165
1
1
1
0
1
1
1
1
1
79
0
1
3190
92
50
1
0
1
56
0
0
1
823
19
1
1
4986
0
1
1
0
8
441
80
1
8507
9
1
1
1
1
10100
1
7
1
0
10
1
1
1
360
0
1
13
1
0
6228
1
47
1
1
1
0
1
2
4232
1
0
1
0
210
19
0
1
1
1
1
1
28
0
1
21
0
0
0
0
1
3
1
176
1
1
1
0
1
29
1
926
0
1
1
1
124
1
1
730
1
1
0
1
84
0
1
734
966
0
5
0
1
1
1
0
1
24848
24848
7
0
1
0
4946
1
0
2
0
3
0
9
0
1
0
0
1
22
1
1
16
1
1
1
10
1777
0
1
1
0
0
12441
1
1
1
1
1
0
421
4232
92
0
0
99
1
1
0
1
1
1
1000
0
1
1
0
0
0
42
0
1
24848
1
1
0
1
1
1
1
1
1
1
1
1
1
1
1
9
1
0
59
1
0
1
1
0
0
6228
473
1
1
0
1
0
1
0
0
1
1
42
0
1
0
1
1
1
1
0
0
0
151
4946
1681
1
1
1
1
7
1
0
0
1
10100
1
1
1
0
1
1
0
1
1
0
1
0
0
1
1
1
184
438
1
2440
0
1
22
0
0
0
0
0
356
1
1
1
35
1
7
0
1
1
0
0
1
1
58
1
0
0
1
1
1
0
193
211
1
1
1
1
1
1
1
1
1
1
1
1
1
1
1
8507
1
1
0
1
0
1
5
0
10
2469
0
1
1
35
63
0
0
1
0
0
1
0
1
2
1
1
1
1
1
47
44
0
0
1
1
1
531
1
1
1
3
1
2166
1
1
1
9
0
0
0
1
0
813
268
1
1
0
1
0
1
0
1
0
101
0
420
1
0
1
0
24848
1
1
867
3
1
1
0
81
0
1
1
1
1
1
6
4946
92
1
0
727
1
2
63
0
0
1
9
2
1
1
1
0
1
7
1
1
0
0
0
178
1
1
105
1
1
1
1
857
1
2
1
0
0
24848
5
1
0
0
501
1
0
1
1
531
1
1
0
25
4
12441
1
1
0
206
1
0
1
0
8507
0
212
0
0
0
1
1
1
0
69
1
1
0
1
1
9
0
0
1
0
0
1
989
1
1
0
1
1
45
1
1
1
1
1
1
1
1
1
1
1
1
1
1
0
24848
1
0
0
1
23
1
0
240
1
0
1
61
0
1
1
1
0
1
315
2440
1
14
0
1
0
24848
2
0
1
194
823
1
9
2
0
12441
24848
1
0
1
0
1
2110
0
0
1
0
17
0
1
1
0
1
4986
1
13
1
0
0
0
1
1
1
0
0
1
1
8507
746
0
0
1
508
0
1
0
1
0
7
441
24848
1
0
855
18
1
0
0
60
56
1
1
0
1
1
1
26
15
1
2
0
1
1
0
1
67
1
0
0
8507
1
0
3
1
1
1
48
1
1
823
3
1681
1
567
1
0
1
10100
0
1
597
8507
0
22
1
4232
2481
2481
1
1
2
1
1
24848
1
1
1
0
1
1
1
1
0
1
1
22
10
1
0
6228
20
1
0
0
1
1
0
1
1
0
0
3
1
1
1
1
1
0
0
1
1
1
190
1
0
0
0
1
81
1
1
1
64
0
1
1
1
1
3
12441
0
1
0
2469
3
0
6228
0
1
24848
3
0
1
3594
3
1427
1
1
1
1
1
3
245
1
1
1
1
0
1
0
20
87
344
0
1
0
63
1
24848
19
0
8507
0
1
0
1
8507
1
58
0
0
1
1
1681
1
3
0
24848
10
385
1
1
119
1
10100
0
1
1
10100
126
1
6
113
0
1
0
1
1
12441
4986
0
1
1
1184
2
1
0
0
1
5
1
0
1
1
0
1
1
0
0
360
1
0
1
1
1
1
0
1
1
1
1
0
0
1
0
1
1
1
2
1
1
1
0
1
1
1
356
746
1
1
1
17
3
1
12441
1
0
0
0
1
0
1
0
1
0
1
1
8507
1
0
1
1
1
1
0
2110
25
1978
0
13
1
1
24848
1
0
0
0
164
0
2
2
0
1
1
19
24848
1
3190
4
1
1
10100
0
1
0
356
109
1
1
0
0
1
1
1777
4
0
1
10100
2
0
0
0
0
1
59
163
1
1
1
1
1
1
1
1
3190
8507
1
1
3
1
418
1
0
1
33
0
10100
14
1
0
1
4
1
275
1
1
2
121
1
0
1
0
1
0
6228
0
4
1
1
0
1
2
1
1
1
0
0
1
0
4232
8
1
107
0
1
1
0
1
5
1
0
1
1
1
45
0
12441
1
44
1
81
0
2481
1
420
1
1
1
0
0
1
10100
1
0
1
0
35
1
0
1
1
1
1
0
1
6
0
0
16
1
1
10100
1
1
22
0
12441
1
1
1
0
1978
0
1
0
1
1
1
1
0
1
2481
0
4
0
0
1
1
1
0
10100
89
24848
1
0
1
5
1
1
2
1
281
0
60
170
8
5
66
1
0
83
1
1
0
29
1
1
0
0
1
1
12441
1
1
1
730
1
1
1
1
1
0
9
1
1
0
1
1
0
0
55
1048
0
501
1
1
220
1
87
1
1
1
3
1
0
1
1
0
0
2
1
0
1978
1
1
0
0
1
0
1
4276
1
1
2102
0
15
69
73
1
0
1
0
0
1
1
0
0
1
1
0
12441
0
1
1
0
1
1
398
14
24848
1
1
0
1
1
1
10100
0
198
2166
1
0
2
18
1
0
1
1
1
4276
1
31
2
6228
6228
1
1
0
1
0
0
1
0
1
4276
0
1
1
1
1
9
351
1
1
1
0
0
0
1
146
1
0
91
1
0
1
1
6228
3594
0
0
1
1
0
0
1
12441
1
1
1
1
0
1
0
1
0
1
20
0
1
4
0
398
1
0
1
1
1
1
1
1
1
0
1
0
0
1
8507
1
0
1
24848
1
1
12
0
0
1
824
0
1
63
1
240
1
10100
0
1
0
1
1
1
0
0
0
1
1
1
0
340
0
1
3
1
1
746
0
1
8507
1
0
1
1
0
0
1
1
3
4
4
1
8507
8507
1
24848
1
0
1
1
24848
0
1
1
1
0
4276
0
1
0
0
1
1
1
1
0
1
0
0
1
2
1
573
1
12441
0
33
1
1
1
0
53
1
1
1
1
212
0
0
0
0
113
0
3594
1
0
1
1
1
1
0
0
1
0
1
0
1
12441
1
0
1
1
1
2
1
1
1
10100
1
1
0
10100
1
0
1
1
1
3
1
200
1
1
0
0
1
1037
1
1
3190
1
1
1
0
0
18
0
0
7
1
12441
24848
1
0
0
1
8507
47
177
0
12
1
1
1
1
105
0
102
1
1
1
501
1
15
1
0
1
1
10100
19
1
523
6228
0
24848
537
1
0
1
91
202
0
1
5
0
1
2100
1
1
1
1
0
53
1
0
0
1
2102
228
1
1
3
1
4986
441
1
24848
1
10100
0
1
0
0
0
1
823
1
1
1
0
1
487
1
1
25
0
0
1
1
1
0
1
1
2
8507
1
1
24848
1
1
1
12
1
1
0
1
0
15
1
1
0
0
2469
1
43
0
1
8507
1
1
1
1
0
1
1
0
1
1
1
1
222
0
0
1
0
0
1
1
1
1
1
1
1
3
1
437
1
1
0
1
0
1
0
29
1
1
1
18
1
1
1
8
0
1
1
13
1
491
0
8
1
1
1
0
1
1
1223
1
346
12441
0
1
0
0
0
1
0
1
1
1
0
1
0
258
1
1
1
10100
0
6
0
1
0
1
1
1
1
1
1
1
230
3190
30
1
1
1
1
1
1
1
16
40
