0
1
1
4
166
0
1
18
0
0
2064
11
0
0
0
1
0
0
7097
1
7097
1
0
0
1
1
0
0
1
1
325
0
1
1
0
9
1
0
0
0
686
1
0
1
0
1
1
1
14
0
641
345
8747
1
0
1
1
1
88
3
78
1
4
0
0
0
1
0
1
1
1
667
4351
5
0
0
22
0
1
0
1
0
8861
0
1
1
0
0
1046
1
1
0
1
0
1
0
12
0
137
304
1
1
0
1
1
234
1
2723
1
1
0
0
1
154
0
0
0
1
18
64
20
1
1
1188
53
0
42
5
1
0
0
0
0
2
0
2352
1
1
1
0
0
1
1130
1130
1
98
1
0
0
1
0
1
0
0
2312
30
1
1
0
1
0
6
20
0
0
0
32
0
364
1
245
1
2
0
1
1
0
0
1
542
0
0
0
21
1
0
50
0
21
253
29
1
832
218
1
0
0
1
1
0
0
0
96
0
1
0
0
142
2
1
1
1
1
2775
0
1
1
1
0
0
1
0
0
0
6
1
1
0
0
0
4
1
0
0
12
0
1
1
1
1
725
1
1
0
489
654
1
1
1
0
7
6
0
2
0
1
1
1
1
0
0
0
10
0
0
5413
2743
1
270
2
1
3309
0
1
0
1
1
0
0
4
1
421
1
702
0
1
1
1
0
1
1
2179
1
0
0
162
0
271
1
1
1
0
0
0
1
163
0
1
0
0
814
1
0
3
1
0
11
0
0
1
0
1
1
1
0
0
0
14
0
5682
1
0
28
1
1
93
1
0
0
26
1
713
1
0
3
113
1
175
1
544
4
1
13
0
0
1
1
0
5761
14
23
0
1
436
0
0
208
0
0
832
0
1
0
93
1
2
0
0
1
0
0
5769
0
0
0
1
0
10
0
19
1
1
1
0
1
1
27
70
0
0
1
605
5698
0
1
918
0
0
0
1
0
0
47
0
1
11606
1834
0
0
4
49
0
0
0
0
0
0
0
1
153
1
0
1
0
1
0
1
1437
1
39
0
1
0
0
0
0
0
1
3
0
0
0
0
1
1
0
1
0
861
3069
0
25
27
1
0
1
0
1
11908
0
0
0
0
1527
872
0
0
1
1
143
1
0
67
1
1
0
2
0
2
1
0
1
1
0
1
0
1
0
1
1
75
1
1
0
0
7
0
0
1
584
2
0
1
1
0
0
1
80
0
51
1
390
0
0
0
1
1
715
6
0
0
0
26
0
1
0
0
0
1
0
3727
0
1
0
12310
0
1
14
0
1
43
73
0
0
0
1
0
0
39
1
1
0
187
1
1
0
1
0
0
1
1
0
0
0
0
0
1
0
6348
49
0
744
1
1
0
3790
0
1
0
0
0
1
0
1
2
0
0
0
0
0
1
422
1
0
0
45
1
0
0
1
0
748
1
1
1
0
1
0
6
0
0
1
0
1
3156
4
0
1
1
1
1
279
0
0
1
17
6452
3168
1
954
0
0
9
0
53
0
95
0
16
246
1
2
1
0
0
4
1558
1
0
4
57
3
0
0
1
0
0
1
1
1
967
1
1
1
484
0
0
0
0
0
6369
8
1
0
0
99
1
21
299
0
102
12
109
0
1
0
1
0
3
0
0
14
0
1
0
1
1
3232
1
583
1
17
0
0
0
1
611
15
1
0
0
225
0
1
1
779
0
1
1
3267
0
1
0
0
1
0
0
0
0
1670
3279
0
0
3281
0
0
1
1
969
0
0
1
0
1
1
0
0
6688
874
1
0
1
0
6704
13205
0
0
55
1
0
1
103
4
0
1
0
1
0
1
42
1
1
1
1
0
1
0
1
6578
1
0
1
0
0
0
1
13362
1
1
1
0
0
0
133
0
0
23
1
3344
0
1
0
31
0
0
0
129
1
3346
1768
1
1085
0
1
0
1
310
0
0
0
1
1
0
0
0
1
1739
137
1
1
1
0
1
0
0
122
0
1
0
1
0
228
76
1
0
8
0
10
15
0
1
6891
1
1
0
1049
304
1
0
0
0
1
1
0
0
0
1
1
6
0
1
0
397
517
56
1
410
651
7
0
0
1
0
0
0
1
811
414
0
7006
117
0
1
77
1
0
1069
1
265
13866
0
3
0
0
1
1
1
1
0
1
357
1
0
300
1
0
0
1
0
0
0
659
3
1
3
1
0
0
1
0
1
0
46
7125
0
0
1
0
0
1
23
0
1059
31
2
250
0
1
255
1
1
1
1
0
0
1
1
1
1829
0
75
2
0
0
0
5
0
1
829
0
1
1
24
1
0
0
0
1
18
1
0
14306
1
1
1
0
1
1
1
13
0
0
1
0
460
1
1
1
1
69
1
0
1166
1
1
0
1
1
259
0
0
3488
1
1
0
1
1
1
0
0
1
1
47
0
1
0
0
1
5
1
0
72
0
1
5
1
559
1
3
0
0
0
1
1
44
1
0
0
1
1
1
1
1
0
34
0
1
0
0
1
1833
0
7394
1079
0
1
1
1
0
14650
3
1
0
0
0
0
1
1
9
0
0
1
7449
0
0
4
0
0
1
1
0
1
1
1
0
487
2320
0
0
1
492
7
0
1
35
43
590
3585
1
1
1
0
909
0
59
1
1
1
1
0
2
1
0
1
1
1
144
7347
1
1
1
0
0
0
0
0
0
0
1
32
1
0
0
0
556
0
1
0
0
0
0
0
15032
1
2375
0
0
0
1
0
1
1
1
2379
1
0
0
0
1
0
1
0
1
1
0
1
0
0
1
0
0
1
0
0
0
1
1
0
1
17
0
0
1
0
1
1
1
0
1
0
0
0
452
0
1
1
51
1
0
0
15251
1
1
0
15300
1
0
0
1
1
0
3800
1
1
0
1
1
0
1
0
0
1
1
1
1
0
1
1
0
15390
1
0
0
0
0
7819
1
1
1568
0
1
1
0
0
1
1
1
1
1
1
1
0
3965
2456
0
1
0
21
1
0
1
1
0
0
1
3
1
3
8
3
1
0
0
2
1
7703
1
1
0
0
2
0
0
0
0
1
0
1
1
0
0
0
0
59
1
0
1
0
0
0
1
0
7792
1
0
0
600
1
1
1
7
0
1
0
1
1
0
0
1
1
4045
0
1
0
0
0
26
1
0
1
2066
0
1
0
1
0
184
1
1
7878
4
23
1
0
0
4
608
1
0
0
0
1
8087
720
0
1
0
0
1
1
1
13
1
1
16144
2
11
17
0
1
1
1
0
218
0
104
1
1
1
0
16275
6
0
0
1
99
0
13
1
0
0
8074
176
476
10
0
48
0
1
0
0
0
1
0
0
0
0
0
8
1
0
6
35
0
636
1
0
1
0
0
87
0
19
1
0
1
133
0
0
13
1
138
1
1
1
1
0
1
0
1
1
0
50
2137
0
0
0
1
4
1
1
273
0
13
0
2589
0
1
1
1
1
1
3320
1
1
0
1
0
8329
0
1
0
3993
1
0
0
35
1
9
1
1
0
2557
1
875
1
1
1
1
1
1
0
1
0
0
0
1
5
8346
0
1
3993
0
253
0
0
1
0
0
1
0
1
0
232
3
1
1
2
2
5084
1
0
42
0
0
0
1
0
0
29
14
0
0
1
16725
0
3
1
1
1
16725
0
0
1
1
0
1
1
0
1
0
1
1
0
54
1
0
0
1
1
0
4267
0
0
1
0
0
1
1
1
1
8275
0
1
16775
107
1
0
16780
0
0
1
16831
0
0
1699
891
1
0
1
1
1
0
0
1
1
16846
1
1
1069
0
1
55
49
0
4200
1
0
1
1
1
1
0
1
13
0
1
1
1
1
7
1
0
1
1
1
0
1
1
0
1
0
1
1
341
0
17038
2133
7
6
1
0
1
40
0
1
0
8591
38
0
0
1
7
4111
1
1
4352
1
0
1
2173
0
6
0
1
0
1
1
1
1
2173
59
0
1
1
1
1
7
2180
1
1
0
0
5252
0
0
2
2
1
1
0
0
17
1
0
1
17195
1
37
1
1
19
4278
1
1
1
0
0
2
1
0
0
1285
0
1
4
0
0
0
4
0
9
0
263
1
6
3
1078
1
1
1
1
1
1
0
0
0
1
1
1
1
0
1
1
1
40
1
1
0
0
144
1
1
72
0
2
0
1
1
0
0
0
1
0
0
0
1
3
1
2157
0
0
0
0
1
1
0
0
1
4
0
1
198
4410
0
0
0
1
0
96
1
149
1
1
0
0
1
3
1
137
1
1
0
2202
2688
0
0
0
0
2
1
0
1
17432
0
8766
0
0
0
268
1
1
1
0
1
1
1
0
1
0
8610
1
1
1
1
115
0
8783
0
0
3
1
0
0
1715
1
39
0
1
1
1
0
53
17486
1
1
0
1
0
0
17506
0
0
4450
94
1
0
0
1
0
1
0
1
1
36
413
1
6
1
0
0
1
1
1
9
1
0
0
1
0
0
0
2066
0
3519
518
1
0
1
81
317
112
0
0
0
3
48
1
371
1
0
308
1
0
1
1
0
6
73
1331
1
0
1
1
1
0
0
0
45
0
1
1
0
0
0
5
1
0
1
1
1
1
0
1
0
6
1
1
0
1362
10
14
1
12
14
1
0
1
0
1
119
9
0
334
2760
1
1
1
0
1
8895
0
1
42
1
1
0
0
5
0
17745
1743
1
1
1
1
1
1
17746
0
1
0
522
1
1
1
1
0
1
2
1
0
1
800
0
1
1
1
9
142
0
0
17819
18
0
2
1
0
0
0
1
2
0
1
1
11
3
12
1
1
0
2744
1
1
0
2104
690
0
1
1
2
1
1
1
0
2223
1
0
42
21
0
1
0
0
0
1
1
0
0
15
1
0
0
23
443
6
363
32
5468
10
0
1
3600
3
0
1
0
0
0
0
1
1
1
1
1
1
18
1
1
1
0
178
46
1
50
0
1
1
1
0
18009
0
1
1
0
0
0
0
1
145
3
4480
1
8
1
1
0
1
0
1
334
10
0
1
1
0
492
1
0
1
18104
0
39
1
1
1
0
0
15
2
1
6
11
3
1
60
1
965
0
0
1
3
1
265
1351
542
97
1
0
0
1
3
1
1
18125
1
0
8
70
1
1
0
0
64
0
1
2
0
3
1
0
1
542
1
1
0
0
0
2
0
1
1
0
0
1
1
1
32
1
2824
723
1
0
1
265
1
1
1
13
733
96
0
0
4
5
4
0
16
1
0
0
1
0
1
1
0
0
1
0
1396
0
4
0
682
0
2796
0
1
8
4
0
3670
1416
0
0
1
1
0
1
1
0
1
1
1
1
0
0
1
2801
0
0
30
1
37
0
0
0
34
1
66
180
4418
0
0
1
0
0
1
1
0
19
1811
1058
566
1
0
0
36
1
18
1
2
459
1
1
25
1
0
2
1
0
1
11
5634
1
1
0
0
9244
1
1
0
0
743
9092
0
1
1
1
0
0
18420
11
281
2159
9260
1
0
0
1
1
1
1
0
1
93
147
18457
1
1
0
0
1
48
1
0
0
0
1
0
63
568
0
212
2255
0
0
1
0
1
1
9295
0
0
1
0
18530
0
0
0
1
0
1
1
0
15
1
1
1
0
0
1
1
1
0
0
0
2345
0
0
0
375
11
868
1
1
2
0
9208
0
0
0
1
2
1
9347
1
1
1
16
1
0
19
369
0
0
0
0
0
0
1
1
2
1
0
1
1
1
0
0
0
1
1
1
1
4636
1
9254
0
0
1
1
1
0
1
0
13
1
0
25
486
3
1
0
1
1
1
1
1
1
0
1
1
2
151
1
721
2
1
706
1
18789
5753
2431
1
1
0
1
0
1
18802
0
0
0
1
0
0
1
0
0
0
1
1
0
18807
24
0
1
2329
0
1
1
0
1
9310
1
0
9317
9317
2219
0
11
0
0
1
1
1
0
7
0
1
366
1113
18883
2369
0
0
1
1
1
0
0
1
0
1
0
1
1
5786
0
0
1
0
3
5792
1
0
734
5
1
0
1
1
0
0
1
1160
466
0
1
1
1189
0
22
0
1
0
28
0
1
0
7
0
0
1
0
0
1164
0
1
0
0
0
5809
0
0
0
1
1
2
1
1
1
1
4
0
1
0
4713
0
33
0
1
1
9538
1161
1
64
729
1
0
3
0
268
0
1
0
1197
15
1
1
2469
0
1
1
1
0
0
0
1
1
0
0
6
1
9571
1
0
1
1
1
1
0
0
2
0
0
1
4644
38
0
1
1
1
0
0
42
0
1
1
353
0
1
1
1
0
1
4
9627
1
0
1
6
0
1
0
1
0
0
0
1
1
1
1
0
0
0
1
31
0
2
1
4677
0
1890
1
0
1
0
1
1
0
1
1
56
0
47
0
1
23
0
1
1
1
948
1
0
1
645
1
1
0
0
61
744
3850
1
1
172
1
1
0
16
1
1
1
0
9581
0
1
11
1
251
68
0
739
153
0
31
0
1
1
0
599
0
1178
0
0
1
599
5
0
169
48
1
1
293
1
0
0
1
1
0
0
0
0
1
6
620
9702
0
0
9703
0
8
11
0
1
1
0
1
10
2973
1
0
0
0
0
1
1
1
0
0
0
1
1
235
3
24
0
1
2
3
19448
9646
0
0
1
35
1
0
1
1
19459
0
2
1
4729
0
0
0
126
1
10
1
1
141
0
0
9
0
4825
0
0
9679
19512
0
0
1
2
74
5
1
1
0
1
39
0
0
21
1
1
9690
9766
1
1
1
9769
482
1546
1
0
1
1
1
0
1
1
0
0
1
1
3907
1
0
0
1
1
0
0
1
0
0
9711
301
1
0
0
1
2526
1191
0
1
0
0
28
1
0
1
0
0
1
153
1
67
1
1
14
9723
0
0
13
1
1
0
0
1
0
1
0
0
158
1
5
892
0
63
9
1
0
1
0
1
1
1
0
0
1
0
0
1
0
9794
0
0
21
5994
4779
0
480
1
1
1
0
1
94
0
141
1
92
1
19674
86
1
168
1
142
0
0
7
1
1
0
0
0
1
0
1
1
1
9834
0
0
1
0
1
0
1
9772
3
1
0
0
1
114
1
1
0
1
0
7
1
0
1
0
7
0
340
1
1
253
1
140
0
1
1
1
2468
0
275
1
6052
1245
1
1
1
0
1
3
1
0
1
0
0
0
0
1
0
1
1
1
1
0
18
0
1
0
1
3
159
1
19816
1
0
0
1
46
0
24
0
33
0
0
288
0
0
19844
586
0
3075
4897
1
1229
1
1
1
0
2
4
0
1
1
0
793
0
0
0
917
2483
1
1
1
0
3082
1
0
1
2569
0
19901
1
0
1
1
0
1
138
1
1
1
1954
0
1
4
1
0
0
1
53
1
1
0
1
1
1
0
1
1
0
0
4
0
0
0
35
1
2
1
0
1
0
1
0
2490
1
1
0
1238
1
1
0
1
0
0
1
1
0
5038
1
5
1
1
1
1
19956
1
0
3
59
0
1
0
1
318
0
1
16
0
0
0
1
0
0
0
0
1
1
1
52
0
1
1
17
1
0
1
1
1
8
0
0
4942
63
0
0
40
9
0
2
0
1
6
1971
1
22
0
0
0
41
1
335
1
1
9996
1
5
87
1
1
0
0
0
1
0
1
0
1
8
5
1
0
4951
1
678
1
1
607
1
1
0
1
154
2597
1
0
0
1
1
0
1
0
1
0
1
0
1
0
1
0
1
1
0
1
0
2
0
2066
0
1
0
22
0
3096
1244
0
1
47
1
0
0
659
1
1
0
0
747
0
1
0
1
0
0
0
0
10051
0
0
0
0
1
309
0
0
1
0
0
0
1514
0
1
1
1
203
0
1
0
1
1
2
0
164
0
6
0
121
1
2
393
1
1
1
1
0
1
1
6170
0
0
10
1
1
0
1
70
1
592
114
0
94
0
20214
1
4
23
20214
0
4
0
0
105
20214
0
1
0
3
20215
1
1
1
1
15
595
28
0
1
3
0
0
3
0
680
1
0
3138
1
1
1
1
54
3
1
1
1
1
0
1
1
20238
16
1
1
0
1271
0
0
1
1
1
4
1
6185
0
1
114
1
1
0
1
3
0
1
0
29
271
0
81
0
1
1
1
233
3142
2073
0
338
1
1
1
4923
0
0
4992
0
1
1
1
1
2527
0
0
1
1
0
11
662
20255
1
1
1
1
1
1
1
0
0
1
0
1
0
20261
1
20263
4
78
0
12
10052
1
0
124
1
1
1
14
0
0
0
3
0
0
0
1
1
0
0
1
1
0
1
0
0
1
0
0
13
0
0
1
1251
1
0
0
1
7
1
1
582
1
1
1
0
1
1
1
937
0
0
1
425
1
2
0
1
1
2081
18
0
1
1245
0
1
20317
3
6207
1
0
32
10130
1
1
602
1
29
1
0
1
1
1
1
5
0
1
1
0
1
0
1
1
256
1
0
1
2
5127
1
1
0
1
0
0
0
2477
227
1550
10088
15
0
10
0
4
7
1
1
0
1
6
0
0
41
1
1
0
1
0
0
0
1
0
0
0
1
0
0
1
2518
1
0
0
126
0
0
0
0
1
0
1
1
103
1
785
1
0
20405
1
0
0
1
0
0
0
4
0
0
1
0
1347
1
1
1
2
0
1
1
0
0
0
0
0
1
290
1
1
1
0
0
1
1
0
1
1
0
1
1
1
1
0
1
0
1
1
1
2493
5155
328
20444
1
1536
51
1
10
4
1
0
0
0
5
0
199
0
0
0
0
25
0
0
1
1
1
1
1
1
1
1
3
0
0
1
1
1
20486
2092
52
0
1
1
1
3153
8
1
1
0
1
0
1
1
0
1
1
40
0
4
0
0
1
27
0
1
0
4089
0
1
0
1
1
1
0
44
1
1
24
0
1
6
0
0
0
0
0
1322
0
1
0
16
0
1
1
1
1
1
1
1
1
1
603
1
10252
0
0
115
1
616
770
1
4
0
1
1
0
0
1
1
1
1
6278
1
0
484
2551
0
0
1
0
40
4
0
1
601
1
1
0
0
1
1
1
0
1
381
1
0
1
222
150
1
1
1
1
1
0
1
1
0
1
1
1
1
0
1
1
1
3
0
5
1
0
0
1
163
1
0
1
503
1
1
11
1
6303
0
1
1
2
1
0
1
1
0
5025
1
9
18
0
0
0
0
0
1
1
1
0
1
1
1
1
1
5105
159
1
0
5217
1
0
0
1
0
1
951
0
20686
1
0
1
6316
0
0
1255
1
1
5226
1
2
1
7
1
1
1
0
5226
1
1
20706
539
0
101
300
1
6321
6
6322
1
12
0
0
1
20728
0
0
1
1
0
1
1
1
5126
1
20740
0
10285
0
0
6
1
1
0
0
1
0
1
0
0
1
1021
0
1
1
1
0
0
0
7
1
1
0
0
1
0
0
0
1
0
671
0
0
10368
0
24
0
143
1
10371
1
0
0
0
1
1
3
200
1
1
0
25
1
1
822
1
0
35
10375
0
1
1023
0
15
1
387
39
10382
0
1
2683
0
1
0
0
0
0
0
1
0
1
1
0
0
1
6360
10398
0
1
1
0
7
1
0
1109
1
18
1
9
1
0
1
1
1
1
1
1
1
1
1
1
1
0
0
0
257
3
1
0
0
1
1
0
1
0
0
1
1
2619
1234
6
1
5
0
68
1
1264
0
0
1
0
1
0
1
118
1
1
1
0
1
5
1
1
0
1
0
4
0
1
3
0
1
1
9
1
0
1
5
1
1
1
0
0
1
0
0
1
1
43
13
1
1
1
1
10447
0
0
0
0
14
0
1
0
0
0
1
1
1
0
1
5
0
1
0
189
2
0
1
0
1
2
345
0
1
1
0
1
5068
2694
332
5170
109
1
15
7
2
1
0
0
5075
55
1570
1
139
505
0
118
0
1
1
1
1
1
0
1
1
0
1
203
270
505
1
0
1
1
20953
0
1
6
1
0
0
1
1
31
1
0
1
0
1
641
5185
1
1
0
0
8
0
0
0
0
1
0
703
0
2
1
0
0
1
1
2561
0
0
1
1
1
200
1
92
0
1
0
0
1
1
174
383
0
2
0
1390
1
107
1
0
176
1
0
391
0
1
1
5
1
41
2
0
0
64
0
1
1
1
0
0
21002
1
22
299
0
1
0
1312
1
1
0
0
0
1
0
0
1
1
5202
1
1
0
4
1
1
0
52
0
0
1
10419
1
24
0
69
0
0
2647
1
1
9
1
1
0
396
1
1
0
0
1
1
0
1
1
0
2574
1
1
1
28
2501
0
2721
1
0
0
1
0
143
1
1
1
632
1
0
0
21079
0
6
1
0
0
0
24
0
0
0
0
0
2725
1
2725
1
21091
0
1
0
1
2658
0
1
410
110
64
3
0
0
52
0
1
1
1
1
21110
2
1
2
1
5340
0
1
255
1
1042
1
1
1
0
0
0
1
1
19
8
1
2076
1
1
5
17
1
0
0
0
0
0
1
58
1
4221
0
30
0
1
1
1
1
0
1326
1
1
0
1
55
1
1
0
1
1
1
4
1
0
0
4
1
1
0
0
0
1
1
1
1
378
0
1
1
0
3264
1
1
1
4232
1
1
1
1
1
0
0
1
0
1
21263
3281
1
1
1
0
0
1
3
633
0
1
2086
2
1
1
0
1
1640
1
1
1
0
0
1
0
21286
1
1
0
1
0
0
10554
1
1270
10558
1
2648
1
0
124
0
52
1
23
1303
0
1
1
412
1
524
1
1
54
1
0
0
1
0
1
1
0
41
2681
1
0
10581
0
0
1
50
0
1
0
1
21344
3
17
1
0
0
1
1
1
1
1
2
0
1
0
10600
0
1
1
1
835
1
0
133
1
0
0
169
1
1
1
3281
2
0
1
1
1
172
0
0
21397
1
0
0
1
1
0
343
0
21415
318
1
0
1
1
1
1
0
2
0
1
0
1
1
5
1
0
10636
4268
13
1
0
1
0
1
0
2105
1
0
21451
1
1
7
1
32
4
3289
0
12
1
1
0
1
0
496
1
0
110
1
1
1
1
0
1
1
0
0
1
64
1
0
1
0
0
0
0
0
1
0
1
0
0
7
0
1
6
1
61
0
1
5220
17
0
10753
1
0
4281
1
1
83
517
0
265
531
1
1
1
0
20
1
1
1
1
0
1
1
10676
0
1
1
1153
1
0
0
0
1351
1
1
0
1
1
0
183
1
1
318
0
154
0
371
1
0
0
0
2569
1
24
1
216
10790
6581
10790
0
153
0
1
1
1
0
1
0
1
37
0
1
13
0
1
15
1
1
644
1
1
1
0
255
1
0
1
0
10
3
2
4296
1
1
1
4297
1
0
0
1
1
0
0
36
325
397
14
19
1
1
1
1
1
10
10707
0
1
1
0
418
5244
23
1
1
1
0
1
1
1
1
0
153
0
1
1
1
1
0
0
0
1
1
0
1
0
1
23
91
0
10
687
2789
725
1
0
992
0
2
0
19
1
0
0
5374
21648
0
0
0
1
1
1
1
0
1
54
1
21658
1
1
32
0
1
6
1
1
1
1
207
1
244
10843
1
1
1
48
102
1
0
10846
0
10726
57
1
0
0
1
0
1
23
0
0
0
14
0
0
1
0
0
1
5490
0
15
0
4
0
1355
327
1
16
1
0
0
0
1
1
4329
0
1
1
0
2
1
1
2
327
110
1650
513
1
1
0
1
1
10869
1
1
10747
1
0
16
10751
0
98
5399
0
0
1
0
1
420
1294
1
0
0
10891
1654
1
1
10773
0
4
1
0
1
46
1
0
0
0
0
29
2
10775
1
1
1
0
114
0
1
0
0
729
2
1
0
1
1
1
6650
475
2589
0
1296
156
0
1
2
1
0
10904
1446
6655
0
1
29
0
1
1
1
3361
335
0
815
0
1
0
107
30
0
1
10805
1
1
1
1
248
1
4353
0
1
2
169
1
5415
0
0
0
0
19
21838
1
4
1329
0
678
0
2
0
0
0
0
1
527
0
1
1
1663
0
1
1
1
0
0
0
1
3
27
25
1
0
1
1
1
10830
1
1
1
0
93
55
8
259
1
0
1
0
0
21885
143
0
586
0
1
4
1
6687
0
6687
1
0
1
2
0
1
5
30
21899
3
0
1
2
0
1
0
1
13
0
1
1
1
0
0
0
1
1
5
4
1
0
198
1
1
1
55
75
4
1
0
0
0
0
21930
10
0
1170
1
21930
1
0
1
14
0
1
2
1
10965
1
1
1
21947
326
0
0
544
1
0
13
1
2726
1
1
0
0
1
0
1
196
1
1
51
1
0
1
1
0
0
694
1
0
1
0
90
0
0
108
1
21
10902
1
1
0
39
1
10
1
1
1
0
0
1
6727
1
0
92
5451
1310
0
136
1
0
1
11
1
1
1
1
0
0
0
1
1
4
1
1
0
0
0
45
1695
1
0
0
143
26
1
1
0
1
1
10931
1
326
1
0
548
1
0
1
6
1
0
214
1
73
0
1
1
817
1
1
1
1
0
218
0
1
1117
0
0
1
209
0
1
0
1
1
1
412
4
1
0
0
36
200
43
10
1
3
1
1
0
0
1
0
76
2648
2
549
0
1
0
0
0
1
1
1
1
1
0
662
0
0
7
870
5583
588
1
0
1
0
1689
4407
3
1
1
1
0
2173
0
1
0
5380
1
1
0
1
1
1
0
1
19
24
0
22122
0
1
0
1
13
1
0
1
18
93
0
224
1
1
0
1721
50
1
1
0
0
1
663
0
0
1
1
0
1
0
1
1
0
132
14
1
0
1722
0
11093
1
1
0
1
0
0
0
53
0
0
0
1
1
1
3391
31
16
0
0
1
0
1
1
1
5
0
1
6775
0
0
1
22189
0
0
0
0
0
1
823
9
0
0
1
0
1
1
1
0
1
1
3408
1
36
0
0
1
1
0
0
1
56
0
22212
1
1
0
0
0
0
855
1
1
0
5
0
9
0
1
1
0
0
0
0
16
146
0
3
1
6
22230
1
1
1
0
2186
0
28
699
0
3
40
128
1
0
0
0
1
0
1
1
67
204
416
43
1
2
1
0
367
9
1
0
0
0
0
1
1
1
2
1
7
215
0
0
1
2
8
0
1
1
0
1
1
0
0
1
43
1667
0
1
1
39
1
60
1
0
1
5635
0
332
0
0
1
1
1
1
1
0
8
0
1
1
73
10
1710
1
526
0
1478
0
1
1
0
1
1
0
0
0
1
0
5534
1
1
0
1
0
0
2802
1
4453
1
1
0
1
0
0
1
1
22340
1
1
1
0
0
22345
1
1
61
1
136
0
0
1
11197
404
0
1
0
1
1
84
1
0
548
1
11
1
2810
657
28
1
90
0
0
1
0
0
1
0
0
0
1
1
1
1
5547
3
1
46
20
10
1
1
0
0
93
1
0
0
0
1
0
12
0
1
16
43
1
0
1
17
1
1026
2203
1
5
0
8
1
0
11106
7
168
22410
95
1
0
0
1
0
1
41
1371
7
1
0
1
540
1
1
1
0
0
0
0
0
27
83
830
1
0
0
1
5445
11241
1
1
196
36
1
1339
1
1
1
0
78
1
1
88
1
2303
0
1
0
0
1
1
1
11133
0
442
1
147
3
0
1
22486
1
0
1
1
1
1
5574
1
1
2
1
0
1
1
9
1
1
660
0
1
1
1
22507
1
8
1
3
1
22517
107
168
0
383
1
1
1733
11
1
22529
1
0
0
0
0
0
1
94
160
1
1
74
1
1
1
0
0
1
1
833
129
1
1
1
1
5586
49
870
1
2313
13
7
53
420
1
1
1
870
1342
0
1
1
11192
0
857
1
54
1
0
1
0
1
696
0
1
1
1
0
1732
1
5599
11325
1
0
1
0
20
1
24
1
1
0
0
0
0
1
0
0
1
0
85
0
1
4497
1102
0
1
1
1
1
1
0
1
3472
1
1
1
1
362
0
0
705
0
0
5607
0
0
1
0
1
3473
0
0
1
96
1
1
0
1
1
0
1
1
0
1
2815
6
0
0
0
1
1
1
3492
4
5619
0
3
1
0
1
1
2
84
11239
0
22674
1
0
24
665
1
1
1
1
1
0
1
0
0
0
1
0
0
1
0
1
603
11245
0
0
1
4513
1
0
1
0
0
1
59
1
1
1
1
1
6
0
0
1
1
1
1
1
326
0
0
1
0
377
1
1355
1
18
26
1
0
1
51
0
20
1
1
1
1
1
0
1
1
1
11
0
0
3
5749
0
1
1
3
1
1
2
22732
0
1
1
1
0
1
0
1
668
1
389
0
1
1
1
1
3
0
1
1
0
2
1
33
8
1
2
0
0
904
6961
0
1
3
134
0
4
1
4524
1
1
1
1
1
1
5
342
1
0
0
1
11292
0
1
0
2
0
2
1
0
0
14
1
1
0
0
0
0
11294
22789
1
0
1
0
1
1
1
1
1
1
0
90
2882
847
1
0
0
0
1
1
1
168
6
32
1
151
0
0
28
0
1
66
1
1
1
0
2886
0
1
1
0
846
1
1
1
1
1
97
0
1
1
0
1
1
1
1
1
1524
1045
1
1
22829
1
1
1
1
1
1
0
0
5669
0
0
1
0
0
17
1
2
0
1
35
1
1
1
1
1
0
1
1
0
1
1
0
1
1
0
870
1
0
27
0
1
1
1
1
0
232
1
1731
0
11
1
0
1
0
1
0
1
1
1
1
1
0
1
1
1
1
749
5790
1
0
1
1
1
16
2
1
0
0
1
321
2
1
3
67
1365
2
0
1
0
1
1
1
1
1
605
0
1
0
0
1
22892
10
1
0
0
1
1
0
1
0
1
1
1
100
1
11348
0
1
5
10
23
392
0
0
152
1
2896
1
0
4
1
0
1
1
1
11355
1
1
72
1
888
1
1
0
330
182
0
11361
3521
0
0
0
0
1
0
1
0
0
1
66
0
1
2
1
1
6
1
1
1
1
15
1
0
1
5
1
0
11515
0
1
1
335
1
98
0
1
1
1
1
1
1
2
1
1
1
118
0
0
1
1
8
1
0
0
1
1
5
1
22978
0
5701
1
1
1
1
1
4
0
1
29
15
1
89
1
1
2
1
1739
1
1
7
1053
1
0
1
1
6
5570
1
1
0
0
9
1
1
7
0
1
857
27
452
1
177
0
0
4
1
3531
0
1
1
303
69
0
1
11546
1
0
1
6
0
1
1
1
1
0
1
1
1
427
1
1
0
0
1
2870
1
0
2
0
1
1
1
1
695
3556
0
1
2
0
0
0
0
1
0
21
6
1
1
1
1
7042
0
1
0
1
18
0
1
712
0
1
1
1
0
1
1
1163
0
0
4
1
0
0
19
1
21
1
0
1
4
8
1
0
1
0
296
1
1
1
0
11440
0
1
23100
1
1
34
1
0
1
1
1
165
3
1
1
23104
124
1
0
0
0
0
0
7055
1
1
1
0
1
1
23112
0
0
1
1
0
1
0
0
0
1
1
23126
1
11
11456
384
0
3546
0
0
450
1
0
222
1
1
116
1
18
134
0
343
1
0
0
11611
0
1
1
1
2
2
192
0
1
0
5864
0
355
1
343
1
11623
1
0
0
1
1
1
0
1
7
1
1
0
0
1
0
12
0
1
7075
0
1
0
1231
5608
1
1
0
1
0
0
4
0
1
1
1
1
2756
1
1
23193
1
1
5
1
0
1
0
1
1
1
0
0
1
22
0
1
104
341
1
11503
0
5
1
1
1
1
1
0
1
1
1
1
451
0
0
1
5
0
0
1
0
1
0
0
1
1
0
23244
2768
1
1
1
4
0
0
0
1
0
1
1
1
1
16
1
1
0
0
1
1451
0
0
1782
22
3580
1
115
0
0
1506
0
22
5641
1
0
0
78
1
1
1
1434
2
1
19
39
0
1
23287
0
0
0
1
1
0
1
0
1
0
1
1
52
1
395
58
1
1
1
0
1
0
1
80
1
0
0
2771
4
11551
4
0
1
1
1
0
53
0
1
20
12
548
1
0
1
1
1
1
23313
23313
0
0
1
1
396
1
1
1
1
1
1
0
7
1
1
1
1
1
1
1453
2
13
0
1
99
1
0
5802
0
0
4
1
1
7113
19
42
1
1
11718
452
1
1
1
1
0
0
0
0
1381
0
14
2294
3592
0
31
27
11572
1
1
1
1
1
3593
3
0
1
9
0
0
1
1
1
293
23357
5658
8
1
0
14
1
46
1
1
1
0
0
0
0
0
0
259
0
1
1
23373
1
2913
304
1
11741
0
11587
1
1
114
1
45
5926
1
1
575
1
1
7
0
1
1
1
0
0
1
1
0
1
13
1
0
1
1
5818
14
1
1
108
48
1
0
1
1
4653
436
152
1
1
2299
0
1
39
0
778
2961
0
1
0
1
1
1
1
0
0
1
0
0
0
1
1
1
1
1
0
2886
1
1
0
15
1394
1
4656
0
1
1
0
1
2302
1
1
46
0
791
1
0
1
293
1
11
0
1476
1
11622
83
0
1
0
3
6
2
5687
28
1
1
1
0
0
1
0
772
0
78
889
0
1
1
1
0
1
0
0
0
0
1
0
0
1
1
1
1
1
543
1
1
0
0
32
0
0
1
6
0
1
5941
1
0
1
0
1
11770
1
0
0
54
1
0
1
1
1
1
1
751
1
1
0
1
0
1
1
111
0
11
1147
0
0
0
1
1
0
1
0
1
1405
0
0
1
0
0
1
1
0
1
1
1
1
1
0
0
0
1
1
1
1
165
0
0
0
0
0
1
0
0
1
2
1
2
2969
1
0
1
6
1
2
1793
1
1408
0
0
1
23
44
1
1
1
1
5709
1
11
4
0
1
1
1
1
1
0
0
1
1
2894
1
12
1
0
1
1
1
38
593
1
1
1
0
84
0
1
2
1
1
137
2
457
0
1
0
169
0
4679
1
0
312
754
1
1
0
1
0
0
2897
1482
138
1
0
0
3042
3618
0
0
0
1
47
1
1
1
1
1
0
1
1
0
8
0
0
1
1
0
2407
345
81
0
1
0
0
1
1
1
1
0
4687
1
1
1
0
16
4
1
1
0
1
0
11829
1
1
1
1
11698
0
1
0
5
0
5860
31
0
1
0
0
1488
1
1
1
129
11701
1
23600
1525
1
0
0
0
348
1
8
31
1
1
93
0
22
4
1
1
185
1
1
1
0
1
2
1
6
756
0
1
0
1
1
1
2943
2816
1
1
0
0
0
1
1
1
3
2
1
498
5989
0
1
1
1
1
1
0
1
0
0
1803
1
0
7
443
0
1
1
7185
7185
0
0
1
1
1
1
693
1
0
0
1
1
0
39
1
1
1
0
2
1
23649
1
0
53
1
1
29
1
0
1
1
0
1
292
0
4
194
1
0
0
0
1
47
1
0
1
0
1
0
1
58
0
3
0
0
0
1
1
0
0
1
1
0
1
1
1
1
0
1
185
1
1
0
11
59
50
0
1
1
3636
6008
0
0
172
1
1
1
0
1
1
1
0
1
23698
1
0
1
1
0
52
0
0
1
1
0
1
0
1
11758
1
87
63
1
1
3
0
0
18
0
1
1
0
1
686
1
0
0
12
1
0
0
1
0
0
0
1
0
2922
1
49
1
1
0
1480
23737
747
0
0
7
95
3
0
23742
0
1
1
45
1
106
1
3071
1
1
1
28
1
0
1
0
1
0
0
0
0
1273
0
1
405
1
16
1
1
1
1
1
0
0
4
1
1
0
1
0
284
0
1
1
1
1
229
2
1
0
1
4
86
1
9
0
5
1
1
1
1
0
1
0
4
1
1
1
29
1
1
0
1
1
24
1
0
0
0
1
1
1
1424
1
116
1
1
1
11801
1
23796
0
0
1
0
163
0
1
5913
1
0
6042
0
1
1
1
0
1
1
1
0
0
1
23809
2433
5915
1
0
0
0
1
1
0
0
0
1
0
0
83
1
1
0
1
1
1
12
5917
15
1
1
0
1
0
1
0
0
1
1
0
1
0
0
1
3657
1
7
0
1
1
1
112
0
0
0
1
29
4737
0
0
23833
1
0
1
1
0
1
15
1
0
1
1
1
0
0
8
16
0
1
2338
14
7
0
0
1
0
3
1
1
0
1
23
1
1
1
1
0
0
11
95
1
23851
1
1
1
0
5930
1
1
0
1
0
2437
11983
1
1
69
0
0
1
0
1
0
2
284
1
0
1
1
0
1
0
0
1
1
0
0
1
0
376
0
1
7268
2
1507
8
0
1
1
1
0
1
1
1
11831
0
0
1
1
1
0
0
5789
1
1
1
1
0
161
0
0
0
125
1
18
3
1
5
0
0
1
23891
0
0
1
1
1
1
0
1
1
0
1
1
5
0
0
1
0
1831
0
0
23900
1
5
1
1
173
1
0
1
23904
1
343
1
140
18
1
1
0
1
0
0
1
0
0
1
1
27
1
23913
1
0
0
0
1
1546
1
0
0
0
1
1
0
159
4758
0
0
0
0
0
1
48
0
6
5
0
1
1
0
1
0
1
1
1
5
0
0
6
0
294
29
0
4769
0
1
0
1
0
3671
1
1
1
0
2451
3671
0
11871
0
1189
1
1
0
13
1
1
1
753
1
1
1520
0
0
1
1
900
1
0
3675
1
1
1
30
1
1433
12039
0
1547
0
0
11891
7301
0
1
1513
0
0
0
0
0
1
1
117
2
1
2
1
751
1834
1
0
11904
6094
1
62
1
1
4778
0
0
1
0
1
1
1
1
0
0
0
1
2
7
0
18
1
1
1
1
1
1
0
0
1
53
1
1
1
24031
1
1
0
3106
24031
719
1
1
2864
379
1
4783
1
0
0
1
919
0
1
15
28
1526
1
0
1
1
1
3
379
1
919
1
0
1
1
1
1
1
2458
0
1
0
0
0
1
0
45
0
0
1497
0
0
119
12086
0
1
1
1
363
1
1
0
1
3
65
1
0
0
462
1
73
1
412
5856
1
1
1
23
0
0
1
372
8
1
0
0
196
1
3
29
0
0
24128
1
1
1
1
6000
11968
24132
2
1
51
78
1
1
1
0
1
1
0
1
1523
6
1
1
1
5
0
0
1
1
7341
1
226
0
1
1
1
0
0
1
0
1812
75
1
252
1
119
1
49
1
0
21
1
1
1
0
0
1
12121
32
1
97
1
1
0
0
11986
53
1
0
0
0
1
1
1
0
0
12128
1
1
0
1
1
77
1
1
1
1
3703
0
3
0
1
6013
1
362
1
1
1
1
6013
1
0
951
0
0
98
55
0
2473
1
0
0
1
8
1
0
1
1
1869
8
24190
1
0
0
0
1435
1
467
31
1
1
1
1
1
12000
0
0
1
31
1
1
1
0
2887
0
0
0
0
1
0
0
269
0
0
0
1
3
1
1818
9
0
1
97
1
4
0
1
0
0
1
1
86
1
9
4823
5878
12156
1
1
0
36
0
1
1
0
1
1
52
1
1
3125
1
1
1
0
1
0
1
24228
1
1
1
0
0
3
0
430
1
1
1
0
0
1
1
0
1
6152
1
1
206
2
1
1
1
0
4833
1
4
15
1
0
0
1
1
2989
0
1
1
0
0
0
1
1
49
0
0
3712
97
0
1
1
1
1
1
439
1
0
1
1
0
12023
1
371
398
1
11
1
1
0
0
1
21
0
1
0
3030
124
0
1
0
1
1
1
1
140
7379
33
1
1
6039
1
1
1
1
1
1
0
1
0
0
0
1
1
1
30
1
1
1
1
1
0
1128
0
102
1
1
1
1542
1
0
1
3031
0
24289
0
1
1
1
698
1
1
728
0
27
1
1
0
1
1
1
0
1
1
1
0
1
0
0
50
1
0
585
383
1
1
13
1192
1
0
0
1536
1
0
1
0
1
15
0
1
83
238
0
1
0
0
1
1
204
1
4
1
6173
7401
0
1
0
1
0
3
1
1
1
1
1
1
803
28
0
1
1
1
1
1
1
1
0
24331
803
0
0
1
7
1
1
1
1
0
1
0
1
1
1
12222
1
1459
1
1
0
1
1
462
1
1
0
1
0
1
0
1
1
0
1
84
1
0
904
0
3
1
1
1
1
1
0
6
0
6050
1
0
0
0
18
0
1
726
1
1
4
1130
1
1
1
182
1
153
0
3070
113
1
1
1
1
83
0
24357
1
1
209
0
1
1
1
11
1
1
6056
6
0
1
1540
1
24365
201
1
0
81
1
1
1
1
0
0
100
1
1
2
83
1
1
1
109
93
1
1
596
1
378
1
12
1
0
0
14
0
1
0
17
1
12253
1
1
1
1
1
0
1
0
24402
1
25
1
1
0
1
0
1
1
1
0
1
1
64
12261
24424
0
0
1
18
0
4
1
1
0
1
6071
0
0
1
1
1
1
1
20
1
1
130
1
1885
18
12279
1
0
1
1
1
1
801
24
1
0
0
29
0
0
1
1
24472
1
1
24472
1
0
1
1
3
33
1
1
14
1
1
0
12146
7
1
1
1
1
465
19
1
0
1
0
0
1
1
1
1
1
1
2504
1
1
1
2
1
0
0
1
0
0
1
0
1
7454
618
1
0
0
20
0
0
2
0
0
24511
6
1551
24511
115
0
1
1
1
1
5
1
10
576
0
0
1
1
1
6096
1
1
1
3
1
0
0
0
2
1
1
1
2
0
0
1
102
1
1
1
1
2
1
0
1
1
800
0
0
1
0
0
1
1
1
1
1
1
1
1
1
469
0
1
2931
3053
0
456
1
735
0
4
1
7482
1
0
1894
1
24560
24560
475
1
1
1
30
0
1
1
0
1
7483
1
2931
114
1
0
7484
6222
0
1
0
1
1871
300
1
1
6
10
58
913
1
0
0
822
0
3
1
1
0
0
1
1
12350
1
0
0
596
0
1
1
1
0
1
1
1
0
0
0
0
1
4911
12356
1132
24617
1
58
0
1
34
1
1
946
182
0
0
1
1
1
1
1132
0
1
1
0
1
1226
2938
1
1
106
0
1
1
1
2
1
4919
0
0
1
0
37
0
600
1
0
0
74
1
1
0
1
1
0
1
1
1
1
0
1
1
1
0
0
1
1
11
0
1
1
3064
159
1
0
1
1
1
1
0
4925
1
1
1872
3174
1
1
14
1
0
1
0
10
600
1
766
1
1
0
1
0
1
1
0
0
1
1
0
1
0
0
0
947
1
1
0
1
54
0
0
1
1
74
1
472
12237
10
1
7
5
0
2
0
1
0
295
1
12238
159
3117
1
0
190
1
1
245
248
12390
1
0
1
24693
1
117
8
1
1
1
742
0
1
1
0
0
1
0
1
1
0
1
1
1
1
1
1
4
1576
0
12393
1
0
1
24698
7
828
0
1
918
0
15
1
12393
0
1
1
0
12247
445
0
1860
24700
0
0
1
0
0
1
15
766
24700
0
1
1
1
1
0
0
12
1
1
1
1
1
6135
1
1
0
0
3
1
109
0
0
0
194
1
741
0
1
1
0
1
0
0
2
0
1
2530
1
0
12
24
1
155
1
1891
0
1
0
628
1
12398
1
1
1
1
7
1891
0
1
1
236
6137
38
0
10
93
0
1
0
0
1
0
1
24710
1
1
1
1
9
1
308
0
1
1
0
939
1
1
1
2
12253
1
1
37
0
1
1
1
1
69
2
0
1
63
1
24
52
1
0
12
0
3
953
0
1
102
1
1
1
1
2
1
1
0
1
1
0
1
0
1
1
41
0
1
1
3
1
1
0
1
1
1
46
16
1
1
1
0
1
26
0
1
1
0
0
0
0
5
6145
0
1
0
295
3
1
1
1
104
3
0
1
12414
1
1
290
0
1
14
1
1
1
17
1
0
24749
1
1
0
18
1
443
3
1
1
1138
1
929
2
0
1
0
24759
1
1
1
7
44
1
0
482
830
1
0
1
1
19
1
1
1
1
943
0
1
0
1
739
10
3764
3
1
10
12422
1
1
0
3
1
5
125
0
0
32
1
1
1
0
1
120
1
711
0
0
9
0
16
1
0
1
1
0
830
1
1
7542
326
1
1
1
1
82
1
0
1
1
22
0
1
0
1
1
0
1
1
0
1
3
0
12429
1
0
186
46
0
24809
0
594
1
20
1
0
24814
295
0
22
0
3
3052
0
1
57
1
1
1
103
1
125
114
24825
1
1
13
98
1
1
60
376
1
1
0
1
1
32
1
0
1
217
1
1
1
0
1
2
1
126
24830
1
1
1
1
1
1
1
1
234
0
1
9
1867
0
3052
0
2
0
0
1
1
0
12442
41
0
40
1
0
24834
1
1
1
0
6162
1
1
1
0
0
1
1
6281
1
2541
1
366
1
1
1
0
1
0
1
1
8
1
2
1
471
1
0
1
917
6045
0
0
1
0
1
1151
4
5
12336
1
12456
2543
0
1
7557
0
1
1
0
1
1
1
0
923
743
0
815
231
5
1
1
1
0
1
46
0
1
1
0
1
24863
0
1
1
0
1
12344
1
1
5
393
3056
1
0
1
0
8
194
301
1
1
1
0
378
1
1
1
1
1
1
0
1
1
3
2
2
1
1
306
1
1
41
1
0
0
1
0
1
0
139
1
1339
1
1
1
1
1
0
1
105
1
3
477
2544
1
19
0
1
2
0
6055
7
1
1
0
1
2453
195
1
1900
12
0
0
1
116
0
1
1
12363
1
1
921
1
1
2981
1
1
0
3779
3
1
420
1
0
1
372
1
67
1
0
12369
58
0
1
1
108
260
0
0
1
1
6308
12485
1
1
1
242
0
1
383
2
1
0
0
0
1
358
0
1
1
1
328
1
1
1
1
1
1
328
1
759
14
1
2
1
0
0
1
2
25
1
1
1
2
1
1
0
1
90
1
1
2
1
374
2
126
1
0
1
47
1
1
3068
1
1
1
1
1
10
1
109
3
1
1
1
0
0
1
0
1
0
1
0
1
0
1
1
288
1
37
0
6191
6
0
0
1
31
0
0
41
1
1
0
0
0
1
1
1
76
1
0
127
921
0
19
1
1
2547
24934
1
0
4971
1
1
0
1
40
116
1
0
0
1
1
0
0
0
1
83
1
1
1
1
1
1
12385
4972
1
0
1
1
10
1
1
0
1
0
1
24940
1
1
0
15
1
45
0
921
1
14
0
1
0
0
367
1
93
0
0
0
3782
0
0
1
376
747
58
1
8
478
0
3
1
328
86
2
1
0
0
1
1
1
1
0
0
0
1
1
1
474
1
0
1
1
1
1
1539
4
1
1
67
1
0
0
1
1
0
1
3782
1
37
190
1
0
24945
0
47
7576
1
1
1
0
0
1
1
0
1
0
1
1
1
24945
7576
0
1
11
0
1
0
1
0
1
1
1
0
6
1
799
3
1
2
836
1
1
1
1
1
1
1
14
1
2
3782
12506
1
1
0
2
0
1
24
1
1
1
1
12506
1
0
1
1
7
0
1
1
5
1
1
1
1
1
1
201
1
1
1
1
7
1
1
0
1
1
92
1
1
1223
1
12506
1
1905
1
0
9
1
49
1
1
1
3782
46
1
0
0
1
1
1
1
1
7576
0
0
54
1
0
0
1
0
1
2
8
0
3782
1
0
1
1
8
0
1
1
24945
1
1
1
1
0
21
0
1
1
0
1
1
1
13
1
187
0
1
1
24945
1
0
20
1
1
6199
1
1
1
3
24945
0
0
1
0
1
4973
1
1
1
1
1
15
1
1
2
1550
0
1
0
2989
26
477
370
474
1
1
24945
4
0
1
1
0
620
1
0
1
1
8
0
1
1
1
1
0
0
1
1
70
0
0
12388
1
51
1895
19
1
1
1
1895
1
1
1
1
12388
1
0
0
0
7
1
28
1
355
1
1901
1
26
0
1
1
1
163
36
1
1
0
1
1
597
12388
3142
1
1
0
6073
1
0
1
4973
1
1
1
1
1
1
1
1
1
0
1
0
1
1
0
41
0
1
71
12506
1
6
1
1
1
1
0
0
0
1
1
1155
7576
355
3
7576
0
1
1
1
1
1260
24945
1
0
1
200
1
0
1
1
1
196
0
1
1
0
1
747
1
212
1
1
6073
1
185
12388
71
1
26
34
0
1
1
1
1
0
0
6
0
1
0
1
0
7
1
1
1
1
224
1
1
1
1
12506
1
955
0
1
59
296
1
0
1
0
0
1
1
1
1
58
99
4973
3107
0
960
0
0
0
0
1
1
3107
1
0
83
0
1895
1
0
0
1
1
0
1
1
0
6314
1
63
0
1
1
1
0
1
1
1
0
1
0
0
1
1
66
1495
7
0
1
1
0
1
1
0
7
0
2
1
1
0
1
0
0
0
99
128
37
0
1
0
1
0
1
1
1
12506
1
1
0
0
1
0
261
1
1
1
6
0
3107
1
1
1
1
0
101
0
49
1
9
12388
1
63
5
12506
0
1
1
2
0
26
955
330
0
1905
1
1
0
1
12388
1
1
0
7576
0
1
6314
0
0
1
1
1
3107
478
2
7576
1
1
1
16
12506
2
1
461
261
0
1
1
1
6
1
1
0
0
1
0
1
34
0
737
1
6
3
0
1
19
1
5
0
1
1
1
0
1
1
1
375
1
1
1
1
85
1
1
1
1
0
0
24945
1
1
0
140
1
1223
1643
1
0
28
35
186
24945
7576
1
2
1
1
16
1
1
1
0
46
5
1
1
1
1
1
3
21
1
935
1
0
1
1
1
1
174
108
1
0
6314
0
1
0
1
1
1
11
3
1
21
1
1
1
1575
0
1
1
1
3107
1
1
1495
1
1
1
133
0
0
16
1
0
1
2
1
618
1
0
1
0
3142
1
0
24945
0
2
24945
7
0
24945
61
1
1
4
1260
1
0
1
1
1
12506
0
935
12388
1
1
1
0
1
0
1
1
0
6073
1
1
0
1
24945
59
301
0
0
1
1
1
24945
9
1
1
6073
3
1
3217
1
24945
1
1
1
1
0
0
1
1
0
384
1
1
1600
1
1
0
6199
660
1
0
1
1
1
6199
0
1
1
1
1
1
6314
0
5
1
1
0
1
29
61
4
3107
1
1
3
1
1
1
12506
2
1
12506
1
1
185
66
114
0
0
1
1
3
0
1
0
1
24945
1
0
14
746
1
0
1
1
1
0
2548
1
1
925
1
1
0
1
8
1
1
1
3142
1
1
0
1
1
0
1
1
30
0
0
474
5
12388
1
1
96
1
1
1
24945
1
0
1
367
1
6199
0
0
1
0
1
1
1
1
0
1
3782
1
1875
1
1
0
1
9
1
1
63
1
1
0
0
1
1
1
120
1
1
1
1
1
1
12388
1
4
1
1
13
1
1
1
0
21
1
39
0
1
1
291
2
12388
1
0
0
12388
3782
12388
0
0
0
0
1
0
0
0
12506
9
1
24945
0
1
1
12388
0
0
0
0
1
0
0
35
1
0
0
2
0
1
3
1
0
0
116
1
1
0
1
3107
0
0
1915
1
1
200
24945
0
0
1
1
1
131
1
1
1
1
3107
1
3142
0
1
1
0
1
1
0
2
0
376
12506
1
0
0
0
1
1
82
1
1
12506
1
1
1575
15
1
746
95
1
935
0
1
1
1
1
11
0
2
0
1
24945
1
1
8
0
1
227
291
0
12388
1
1
0
1
1
0
1
1
1
0
0
1
946
2548
1
1
0
384
0
6
1
115
1
1
0
1
1
1
1
3
1
372
68
0
1
0
0
1
1
0
24945
0
360
1
1
0
0
1
1
0
47
1
1
1
1
0
0
1
1
1481
27
21
1
1
1
132
1
0
1
24945
57
1
9
0
1
5
0
0
1
1
1
1
1
1
716
1
0
1901
1
9
187
1
0
1481
0
1
1
1
1905
0
66
26
12506
9
1
5
1
1
1
12388
1
1
1
2
1
1
1
1
1
581
1
1
1
10
0
0
243
1
1895
3
1
1
2
5
1341
1
1
1
1
3
1
0
1155
1
1
1
0
0
1
1
18
24945
0
1
1
41
0
4
0
0
1
0
0
1
0
0
1
1550
0
0
1
0
6073
1
1
0
1
1
7576
1
1
0
6314
1
1
3
0
1
0
0
2
3
0
0
388
0
2
2
7
125
1
3
1
618
1
1
0
1
0
3
1
1
1
1
1
0
1
1
1
0
2
13
1
3810
1
1
251
0
1
1
24945
1
1
1
0
799
86
1
1
1
1
1
1
60
3
0
2
1
1
1
1
1
0
1
0
32
0
12388
1
1
1
6073
1
0
0
1
1
12
1
46
1
603
0
1
1
0
1
1
0
0
1
6314
1
1901
3
1
1
6314
1
0
0
1
1
1
0
1
3073
10
3
200
7
1
1
376
24945
0
11
1
0
1
0
1
0
23
0
1
1
1
1
1
1
0
1
1
1
1
0
1
7576
1
1481
0
6
355
1
1
1
1
1
1
13
0
1
1
0
0
1
1
1
0
1
1
4
1
4
0
5
1
12506
1
3
1
309
1
0
1
1
1
0
1
78
1
1
1
1
1
0
1
2
1
600
1
1
0
1
1
0
1
58
1
91
2460
1
24945
1
1
1
6073
1
1
1
1
0
0
0
0
0
3782
0
2
0
1
1
1
1
0
603
24945
12506
72
1
6
1
1
151
184
0
1
2
0
27
1
0
30
1
0
0
1
1
1
1
1
1
12388
384
32
1
0
1
1
3782
112
0
11
1
1
1
1
1
7
1
24945
1
0
1
1
0
10
0
57
24945
1155
1
1
1
3
1
3107
1
1
94
0
37
0
1
1
0
0
1
1
0
44
1
380
0
3
1
1
1
139
921
1
1
1
2
1
0
12388
251
588
89
43
0
1
0
1
0
142
1
31
0
0
0
5
1
0
1142
1
1
820
1
1
3
0
925
1
1
1
0
2460
1
24945
1
6073
0
1
0
0
1
1
935
0
0
1
12506
1
18
24945
11
24945
1
1
110
1
1
921
1
1
1
1
1
1
1
1
1
3142
1
1
158
1
3107
618
7576
0
1
11
1
0
1
0
0
1
24945
2
0
1
1
925
0
8
1
1
1
1
0
0
950
1
1
5
4
3
1
6
169
190
13
1
0
1575
1
1
0
0
0
0
55
0
1
1
1901
1
1
1
935
1
0
0
0
79
0
1
1
0
1
2460
36
1
0
0
1
251
1
24945
776
0
1
1
1
1
1
0
0
1
0
1
0
0
1
1
1
8
1
6073
12506
1
12506
0
1
1
1
8
1
1
0
1
1
1
0
1
1
0
0
955
1
0
1
1
660
0
1
0
1
0
0
1
1
4
0
3
5
86
2
53
24945
1
0
11
0
1
1
3
0
0
1
1
222
95
0
1
1
1
271
11
1
1
1
1915
1
1
1
91
1
7576
20
0
1
1
0
1
1
1
0
1
1
0
1
1
1
0
0
1
1
1
1905
0
0
1
1
7
24945
19
1
1
1
12388
1
238
1242
1
1
1
30
0
1575
1
0
0
62
1
1
6073
2548
17
1
1
4
1
15
1
1
1
1
370
186
1
1
0
1
6
1
1
1
1875
359
1
0
83
1
0
133
47
0
1
2
0
0
1
1
1
1
3142
1
0
1
4
1
1
0
1
0
1
24945
1
7576
6314
1
1
1
1
0
1
2
0
0
0
1
1
1
3142
2
1
1
0
2
0
3
16
5
1
158
1
933
1
1
1
1
1
1
1
1
1
1
28
1
1
1
485
0
0
0
760
1
1
955
0
7576
1
1
0
1
0
1
1
1
0
52
0
590
0
1
0
1
1
20
1
1
1
414
1
3
1575
1
0
0
1
1
1
108
485
1
0
0
0
49
1
0
0
86
38
1
1
1
6
1
1
1
1
1
1
1
7
1
0
1
1
1
1
0
24945
1
0
1
1
1
955
1575
1
3
0
0
24945
1905
1
1
1
1
1
1
1
24945
1
4973
193
110
0
2
1
1
1
0
1
208
1
1
1
24945
355
0
1
0
1
0
1
1
1
0
7576
1
24945
1875
375
1
0
21
1
9
1
3
0
620
1
3810
1
1
1
1
0
0
1
1
1
10
0
0
1
1
1
1
0
545
0
420
1
180
4973
1
26
1
660
1
1
33
1
1
1
3782
1
836
1
15
2989
0
28
2
1
71
1
1
1
0
1
1
0
1
1
1
3073
1
1
12506
0
1
0
1
1
0
0
660
0
1
1
2989
590
0
24945
1
3
1
1
0
1
53
0
1
1
1
1
1
479
0
12388
362
1
0
1
47
0
85
1
0
921
1
0
1
0
70
2548
32
4973
1
0
1
1
1
1
1
0
260
0
1
0
0
1
0
155
0
12506
0
0
1
1
30
1
1
12388
0
3782
1
3
1
196
15
8
0
1
453
0
239
12388
0
1
0
1
13
164
462
0
1
1
1
1
4
74
2
0
9
1
22
1
1
0
1
3217
1
0
1
17
1
1
3
0
1
12388
1
0
0
0
0
303
0
0
1
1
6073
1
54
1
1
0
0
0
1
1
1
1
0
24945
1
67
0
1
403
3810
1
1
1
1
228
1
0
105
71
191
0
0
88
1
204
0
0
0
1
17
1
1
0
0
1
1
921
0
1
1
0
1
0
0
1
1
12388
12506
1
4
1
0
0
23
1
1
0
1
0
1
0
0
0
1
0
0
1
60
0
1
1
119
1
0
0
1
1
1
1
420
1
925
1
1
1
1
0
0
2
603
183
12506
1
1
1
0
1
22
0
13
1
0
590
1
1
0
38
0
170
0
6314
1
0
1
0
1
1
1
1
1
1
1
1
3
0
110
8
1
12506
1
3107
1
1
1875
1
0
1
581
1
1
3
1
1600
1
1
1
1
0
13
1
1
152
1
2
1
0
25
106
1
474
494
1
13
0
142
296
0
16
0
1
1
109
0
6073
12388
1
1
3073
0
1
0
0
0
12506
1
0
0
1
1
1
0
52
1
0
1
448
1901
78
16
1
0
0
1
1
1
1
1
0
1
2989
524
474
24945
0
1
1
1
1
1
3
1
1
1
24945
145
0
462
61
754
1
1495
1
15
1
5
0
1
1
1
212
1
0
1
2
0
0
3810
103
1
1
1
0
1
1
12506
2
10
12506
1
2548
56
821
10
0
1
6
1
0
0
0
1575
1
24945
1
0
1
1
2
1
0
123
1
0
125
8
214
1
1
24945
12388
0
0
0
7576
1
1
19
1
1
1
0
2
0
1
12
1
0
1
1
0
1
1
6
52
1
1
12506
19
0
0
12388
0
6
1
63
1
1
1
11
1
4
1
1
1
0
1
0
1
1
0
1
1
3142
0
1
3217
1
1
14
0
2989
1
1
2
3217
1
1643
1
0
1
1
1
3810
1
1
0
13
18
0
191
1
18
1
3
1
0
183
0
6073
1
1
1
1
2
1
2
1
0
1
5
0
8
1
0
1
12388
1
0
1
1
0
1
1
1
1
1
1
1
24945
4
1
836
5
1
1
7576
24
817
1
1
1
1
1
8
1
1
1
0
1
137
0
1
0
4
74
1
24
49
1
2460
1
0
1
1
6314
1
1
1
24945
1
190
5
1
19
1
1
33
1
0
1
1
1
4
1
1
477
1
0
0
0
1
1915
1
0
977
0
1
747
12388
1
13
0
747
0
384
0
1
1
1
1
1
0
0
1
1
0
0
414
1
1
1
0
1
0
6073
0
1
0
110
1
12388
63
1
3782
0
0
1
1
2
0
1
75
1
1
2
104
360
0
1
1495
1
1
5
0
0
1
1
1
821
1
0
1
1
1
1
3073
1
1
1
0
1
1
1
1
23
24945
0
1
1
1
1
3
1
7
1
1
1
1
0
0
1
3
1
325
1
5
1
1
1
0
1
1
9
56
260
2
53
1
545
63
0
1
1
6
1
164
1
0
0
1
2
545
0
24945
1
130
0
1
1
1
1
0
1
1
1
1
1
1
1
1
20
24945
1
1
95
24945
10
1
12388
1
66
1
24945
12506
1
0
0
0
0
1
1
946
296
2
1
1
0
1
1
1
143
0
0
471
0
7576
2
8
590
1
0
3217
1
1
1
1
1
0
1
1
1
0
0
12388
0
1
1
0
1
1
0
368
3
581
6
18
1
0
1
1643
1
41
24945
6199
1
3
1
1
7
2460
1
0
5
11
597
55
0
28
1
1600
1
1
1481
35
54
0
1
1
0
1
747
1
1
1
1
1
0
0
0
1
86
5
31
1
1
0
0
0
254
1
1
1
0
1
6073
12506
4973
95
1
1
1142
1
1
0
0
1
7576
0
1
1
1
1
12506
1915
1
0
1
1
0
2
0
0
1
737
0
0
18
0
6199
1575
61
17
183
1
1
24945
1
0
0
0
1
1
1
4
3
1
1
1
11
1
1
0
660
27
0
1
3
1
479
0
1
1
1
0
1600
0
1
1
0
1
1
121
1
1
12
5
105
1
1
0
1
23
0
0
0
0
0
13
1
4
1
12388
1
1
1
2
5
4
1
0
1
1
109
1
204
1
12
133
0
1
1
12388
1
1
1
1
1
1
1
0
41
1
8
0
1
0
1
1
1
1142
1
0
24945
303
1
1
0
0
219
58
6073
0
1
12506
3
1
1
11
0
1
1
1
0
1
1
1
1
1895
1
215
1
1
0
7
1
1
1
0
78
359
3217
1
24945
6073
220
1
116
1
1
1
2
1
0
15
0
1
12388
1
1
1
239
1
1
1
0
0
90
603
1
4973
1
0
18
0
6199
1
0
1
1
0
25
1
18
3
1
1
1
1915
1575
1
1575
1
0
1
1
58
1905
0
0
12
1643
1
1
1
0
1
1
0
16
12388
412
1
1
0
634
0
0
0
1
0
1
1
3
1
8
275
29
1
24945
1
1
0
1
0
1
0
0
7
1
1
0
1
1
0
3073
1875
1
1
0
0
8
1
1
1
0
0
1
0
1
1
1
1
1
1
1
3782
0
1242
1
414
1
1
1
51
0
0
1
2
0
1
1
1
0
1
1
2
478
0
0
0
0
1
1
1
6
1
1
1
1
1
0
0
0
0
0
1
0
0
1
24
1
61
1
3782
1
1
1
1
109
0
1
3
1495
0
1
1
0
1
1
147
0
0
1
1
6
1
0
0
1
0
0
0
1
1
12388
0
1
1
0
140
1
124
7576
0
1
1
1
1
5
1
1
91
1
977
1
1
4
1
2
12506
1
95
0
0
7
1
0
1
1
1
1
1
1
1
6
1
1
0
0
1481
1
1
1
1
0
53
1
34
0
1
55
53
0
1
6199
1
1
0
4
1
0
1
0
1
0
13
1
1
1
4
1
2
0
1
1600
53
0
7576
933
1
12388
1
1
2
1
1
1
1
1
1
1
0
1
0
6314
836
24945
1
1895
1
1
0
1
1
2
1
1
1
1
1
1
0
2460
51
1
1
1
1
1
1
1
7
1
3810
0
1
3810
1
1
5
1
1
1
1
1
1
6314
1
3217
0
1
1
603
1
0
1
3142
776
1
36
1
1260
0
0
1
1
1142
1
24945
1
0
0
0
1
1
1
1
24945
11
1
0
1
1
4
0
1
1
65
1
14
0
3073
1
3
1
2
209
0
1
0
1
0
1
3217
24945
1
0
1
1
1
3073
1
1
0
1
1
0
933
1
946
1
1
1
0
1
1
1
1
1
0
1
3
0
1
1
0
1
1
224
0
1
3217
7576
12506
1
1
1
0
1
12506
1
1481
1
1
0
33
1
3810
1
3810
1895
6073
0
0
1
1
1
1
1
1
0
9
12
0
8
1
3217
1
1
1
2548
42
1
1
1
0
1
1
1
4
0
1
1
1
18
1
0
1
1
1
0
53
380
0
0
1
1
1
1
0
1
1
1
1
24945
6
1
1600
1
0
325
1
0
1142
1
1
1
1
1
1
1
1
1
1
1
1
1
0
4
0
0
1
1
1
1
1
1
16
1
24945
0
2
1
1
0
1
0
1
116
1
925
1
524
0
1
10
0
4
1
1
1
1895
12388
7576
1
1
1
0
0
11
1
1
42
1
1
80
3
0
1
0
0
1
4
1
0
1
0
1
1
7576
2
1
1
0
34
0
1
24945
24
1
1341
0
1
1
1
0
0
1
288
45
1
6073
4
0
1
0
1
1
0
1
318
3
0
0
0
1
0
4
955
1
1
1
12388
